DEBUG 2021-10-27 00:04:17,371 - ####################################################################################################
DEBUG 2021-10-27 00:04:17,377 - DOMAIN PYTHON ERROR
INFO 2021-10-27 00:04:17,377 - {
    "DOMAIN": "jubolai.com", 
    "PYTHON ERROR": "[SSL: CERTIFICATE_VERIFY_FAILED] certificate verify failed (_ssl.c:618)", 
    "DOMAIN_CURL": 88
}
DEBUG 2021-10-27 00:04:27,931 - ####################################################################################################
DEBUG 2021-10-27 00:04:27,937 - DOMAIN PYTHON ERROR
INFO 2021-10-27 00:04:27,938 - {
    "DOMAIN": "yishengbet.com", 
    "PYTHON ERROR": "[SSL: CERTIFICATE_VERIFY_FAILED] certificate verify failed (_ssl.c:618)", 
    "DOMAIN_CURL": 82
}
DEBUG 2021-10-27 01:04:15,025 - ####################################################################################################
DEBUG 2021-10-27 01:04:15,029 - DOMAIN PYTHON ERROR
INFO 2021-10-27 01:04:15,030 - {
    "DOMAIN": "jubolai.com", 
    "PYTHON ERROR": "[SSL: CERTIFICATE_VERIFY_FAILED] certificate verify failed (_ssl.c:618)", 
    "DOMAIN_CURL": 88
}
DEBUG 2021-10-27 01:04:22,749 - ####################################################################################################
DEBUG 2021-10-27 01:04:22,754 - DOMAIN PYTHON ERROR
INFO 2021-10-27 01:04:22,754 - {
    "DOMAIN": "yishengbet.com", 
    "PYTHON ERROR": "[SSL: CERTIFICATE_VERIFY_FAILED] certificate verify failed (_ssl.c:618)", 
    "DOMAIN_CURL": 82
}
DEBUG 2021-10-27 02:04:13,580 - ####################################################################################################
DEBUG 2021-10-27 02:04:13,585 - DOMAIN PYTHON ERROR
INFO 2021-10-27 02:04:13,585 - {
    "DOMAIN": "jubolai.com", 
    "PYTHON ERROR": "[SSL: CERTIFICATE_VERIFY_FAILED] certificate verify failed (_ssl.c:618)", 
    "DOMAIN_CURL": 87
}
DEBUG 2021-10-27 02:04:25,989 - ####################################################################################################
DEBUG 2021-10-27 02:04:25,994 - DOMAIN PYTHON ERROR
INFO 2021-10-27 02:04:25,995 - {
    "DOMAIN": "yishengbet.com", 
    "PYTHON ERROR": "[SSL: CERTIFICATE_VERIFY_FAILED] certificate verify failed (_ssl.c:618)", 
    "DOMAIN_CURL": 82
}
DEBUG 2021-10-27 03:04:12,748 - ####################################################################################################
DEBUG 2021-10-27 03:04:12,754 - DOMAIN PYTHON ERROR
INFO 2021-10-27 03:04:12,754 - {
    "DOMAIN": "jubolai.com", 
    "PYTHON ERROR": "[SSL: CERTIFICATE_VERIFY_FAILED] certificate verify failed (_ssl.c:618)", 
    "DOMAIN_CURL": 87
}
DEBUG 2021-10-27 03:04:25,709 - ####################################################################################################
DEBUG 2021-10-27 03:04:25,714 - DOMAIN PYTHON ERROR
INFO 2021-10-27 03:04:25,715 - {
    "DOMAIN": "yishengbet.com", 
    "PYTHON ERROR": "[SSL: CERTIFICATE_VERIFY_FAILED] certificate verify failed (_ssl.c:618)", 
    "DOMAIN_CURL": 81
}
DEBUG 2021-10-27 04:04:13,771 - ####################################################################################################
DEBUG 2021-10-27 04:04:13,776 - DOMAIN PYTHON ERROR
INFO 2021-10-27 04:04:13,777 - {
    "DOMAIN": "jubolai.com", 
    "PYTHON ERROR": "[SSL: CERTIFICATE_VERIFY_FAILED] certificate verify failed (_ssl.c:618)", 
    "DOMAIN_CURL": 87
}
DEBUG 2021-10-27 04:04:24,237 - ####################################################################################################
DEBUG 2021-10-27 04:04:24,243 - DOMAIN PYTHON ERROR
INFO 2021-10-27 04:04:24,243 - {
    "DOMAIN": "yishengbet.com", 
    "PYTHON ERROR": "[SSL: CERTIFICATE_VERIFY_FAILED] certificate verify failed (_ssl.c:618)", 
    "DOMAIN_CURL": 81
}
DEBUG 2021-10-27 05:04:13,844 - ####################################################################################################
DEBUG 2021-10-27 05:04:13,851 - DOMAIN PYTHON ERROR
INFO 2021-10-27 05:04:13,851 - {
    "DOMAIN": "jubolai.com", 
    "PYTHON ERROR": "[SSL: CERTIFICATE_VERIFY_FAILED] certificate verify failed (_ssl.c:618)", 
    "DOMAIN_CURL": 87
}
DEBUG 2021-10-27 05:04:24,455 - ####################################################################################################
DEBUG 2021-10-27 05:04:24,461 - DOMAIN PYTHON ERROR
INFO 2021-10-27 05:04:24,461 - {
    "DOMAIN": "yishengbet.com", 
    "PYTHON ERROR": "[SSL: CERTIFICATE_VERIFY_FAILED] certificate verify failed (_ssl.c:618)", 
    "DOMAIN_CURL": 81
}
DEBUG 2021-10-27 05:37:07,196 - ####################################################################################################
DEBUG 2021-10-27 05:37:07,202 - DOMAIN PYTHON ERROR
INFO 2021-10-27 05:37:07,202 - {
    "DOMAIN": "delivip1.com", 
    "PYTHON ERROR": "[SSL: CERTIFICATE_VERIFY_FAILED] certificate verify failed (_ssl.c:618)", 
    "DOMAIN_CURL": 80
}
DEBUG 2021-10-27 05:37:07,662 - ####################################################################################################
DEBUG 2021-10-27 05:37:07,668 - DOMAIN PYTHON ERROR
INFO 2021-10-27 05:37:07,668 - {
    "DOMAIN": "138eu.net", 
    "PYTHON ERROR": "[SSL: CERTIFICATE_VERIFY_FAILED] certificate verify failed (_ssl.c:618)", 
    "DOMAIN_CURL": 81
}
DEBUG 2021-10-27 05:37:07,842 - ####################################################################################################
DEBUG 2021-10-27 05:37:07,848 - DOMAIN PYTHON ERROR
INFO 2021-10-27 05:37:07,849 - {
    "DOMAIN": "eu7.com", 
    "PYTHON ERROR": "[SSL: CERTIFICATE_VERIFY_FAILED] certificate verify failed (_ssl.c:618)", 
    "DOMAIN_CURL": 82
}
DEBUG 2021-10-27 06:37:24,378 - ####################################################################################################
DEBUG 2021-10-27 06:37:24,384 - DOMAIN PYTHON ERROR
INFO 2021-10-27 06:37:24,384 - {
    "DOMAIN": "delivip1.com", 
    "PYTHON ERROR": "[SSL: CERTIFICATE_VERIFY_FAILED] certificate verify failed (_ssl.c:618)", 
    "DOMAIN_CURL": 80
}
