DEBUG 2021-07-05 00:02:42,134 - ####################################################################################################
DEBUG 2021-07-05 00:02:42,140 - DOMAIN INFO
INFO 2021-07-05 00:02:42,140 - {
    "DOMAIN": "wpc89.com", 
    "EXPIRATION": "2021-07-14 08:28:41", 
    "DAYS": "9 days, 8:25:59"
}
DEBUG 2021-07-05 00:02:42,348 - ####################################################################################################
DEBUG 2021-07-05 00:02:42,354 - DOMAIN INFO
INFO 2021-07-05 00:02:42,354 - {
    "DOMAIN": "www.wpc89.com", 
    "EXPIRATION": "2021-07-14 08:28:41", 
    "DAYS": "9 days, 8:25:59"
}
DEBUG 2021-07-05 00:24:28,723 - ####################################################################################################
DEBUG 2021-07-05 00:24:28,729 - DOMAIN INFO
INFO 2021-07-05 00:24:28,730 - {
    "DOMAIN": "www.wukongchat.com", 
    "EXPIRATION": "2021-07-18 17:04:26", 
    "DAYS": "13 days, 16:39:58"
}
DEBUG 2021-07-05 00:32:19,572 - ####################################################################################################
DEBUG 2021-07-05 00:32:19,579 - DOMAIN INFO
INFO 2021-07-05 00:32:19,580 - {
    "DOMAIN": "tochat333.com", 
    "EXPIRATION": "2021-07-19 16:18:13", 
    "DAYS": "14 days, 15:45:54"
}
DEBUG 2021-07-05 00:32:22,324 - ####################################################################################################
DEBUG 2021-07-05 00:32:22,331 - DOMAIN INFO
INFO 2021-07-05 00:32:22,331 - {
    "DOMAIN": "jbl.live", 
    "EXPIRATION": "2021-07-19 20:00:00", 
    "DAYS": "14 days, 19:27:38"
}
DEBUG 2021-07-05 00:32:23,542 - ####################################################################################################
DEBUG 2021-07-05 00:32:23,548 - DOMAIN INFO
INFO 2021-07-05 00:32:23,549 - {
    "DOMAIN": "www.jbl.live", 
    "EXPIRATION": "2021-07-19 20:00:00", 
    "DAYS": "14 days, 19:27:37"
}
DEBUG 2021-07-05 01:02:42,301 - ####################################################################################################
DEBUG 2021-07-05 01:02:42,306 - DOMAIN INFO
INFO 2021-07-05 01:02:42,307 - {
    "DOMAIN": "wpc89.com", 
    "EXPIRATION": "2021-07-14 08:28:41", 
    "DAYS": "9 days, 7:25:59"
}
DEBUG 2021-07-05 01:02:43,991 - ####################################################################################################
DEBUG 2021-07-05 01:02:43,996 - DOMAIN INFO
INFO 2021-07-05 01:02:43,997 - {
    "DOMAIN": "www.wpc89.com", 
    "EXPIRATION": "2021-07-14 08:28:41", 
    "DAYS": "9 days, 7:25:58"
}
DEBUG 2021-07-05 01:24:27,956 - ####################################################################################################
DEBUG 2021-07-05 01:24:27,962 - DOMAIN INFO
INFO 2021-07-05 01:24:27,963 - {
    "DOMAIN": "www.wukongchat.com", 
    "EXPIRATION": "2021-07-18 17:04:26", 
    "DAYS": "13 days, 15:39:59"
}
DEBUG 2021-07-05 01:32:16,024 - ####################################################################################################
DEBUG 2021-07-05 01:32:16,031 - DOMAIN INFO
INFO 2021-07-05 01:32:16,032 - {
    "DOMAIN": "tochat333.com", 
    "EXPIRATION": "2021-07-19 16:18:13", 
    "DAYS": "14 days, 14:45:57"
}
DEBUG 2021-07-05 01:32:18,620 - ####################################################################################################
DEBUG 2021-07-05 01:32:18,627 - DOMAIN INFO
INFO 2021-07-05 01:32:18,628 - {
    "DOMAIN": "jbl.live", 
    "EXPIRATION": "2021-07-19 20:00:00", 
    "DAYS": "14 days, 18:27:42"
}
DEBUG 2021-07-05 01:32:19,856 - ####################################################################################################
DEBUG 2021-07-05 01:32:19,862 - DOMAIN INFO
INFO 2021-07-05 01:32:19,863 - {
    "DOMAIN": "www.jbl.live", 
    "EXPIRATION": "2021-07-19 20:00:00", 
    "DAYS": "14 days, 18:27:41"
}
DEBUG 2021-07-05 02:02:40,602 - ####################################################################################################
DEBUG 2021-07-05 02:02:40,608 - DOMAIN INFO
INFO 2021-07-05 02:02:40,609 - {
    "DOMAIN": "wpc89.com", 
    "EXPIRATION": "2021-07-14 08:28:41", 
    "DAYS": "9 days, 6:26:01"
}
DEBUG 2021-07-05 02:02:40,823 - ####################################################################################################
DEBUG 2021-07-05 02:02:40,828 - DOMAIN INFO
INFO 2021-07-05 02:02:40,828 - {
    "DOMAIN": "www.wpc89.com", 
    "EXPIRATION": "2021-07-14 08:28:41", 
    "DAYS": "9 days, 6:26:01"
}
DEBUG 2021-07-05 02:24:26,315 - ####################################################################################################
DEBUG 2021-07-05 02:24:26,321 - DOMAIN INFO
INFO 2021-07-05 02:24:26,322 - {
    "DOMAIN": "www.wukongchat.com", 
    "EXPIRATION": "2021-07-18 17:04:26", 
    "DAYS": "13 days, 14:40:00"
}
DEBUG 2021-07-05 02:32:18,669 - ####################################################################################################
DEBUG 2021-07-05 02:32:18,676 - DOMAIN INFO
INFO 2021-07-05 02:32:18,676 - {
    "DOMAIN": "tochat333.com", 
    "EXPIRATION": "2021-07-19 16:18:13", 
    "DAYS": "14 days, 13:45:55"
}
DEBUG 2021-07-05 02:32:21,535 - ####################################################################################################
DEBUG 2021-07-05 02:32:21,542 - DOMAIN INFO
INFO 2021-07-05 02:32:21,542 - {
    "DOMAIN": "jbl.live", 
    "EXPIRATION": "2021-07-19 20:00:00", 
    "DAYS": "14 days, 17:27:39"
}
DEBUG 2021-07-05 02:32:22,797 - ####################################################################################################
DEBUG 2021-07-05 02:32:22,803 - DOMAIN INFO
INFO 2021-07-05 02:32:22,803 - {
    "DOMAIN": "www.jbl.live", 
    "EXPIRATION": "2021-07-19 20:00:00", 
    "DAYS": "14 days, 17:27:38"
}
DEBUG 2021-07-05 03:02:39,431 - ####################################################################################################
DEBUG 2021-07-05 03:02:39,437 - DOMAIN INFO
INFO 2021-07-05 03:02:39,438 - {
    "DOMAIN": "wpc89.com", 
    "EXPIRATION": "2021-07-14 08:28:41", 
    "DAYS": "9 days, 5:26:02"
}
DEBUG 2021-07-05 03:02:42,683 - ####################################################################################################
DEBUG 2021-07-05 03:02:42,689 - DOMAIN INFO
INFO 2021-07-05 03:02:42,689 - {
    "DOMAIN": "www.wpc89.com", 
    "EXPIRATION": "2021-07-14 08:28:41", 
    "DAYS": "9 days, 5:25:59"
}
DEBUG 2021-07-05 03:24:26,653 - ####################################################################################################
DEBUG 2021-07-05 03:24:26,658 - DOMAIN INFO
INFO 2021-07-05 03:24:26,658 - {
    "DOMAIN": "www.wukongchat.com", 
    "EXPIRATION": "2021-07-18 17:04:26", 
    "DAYS": "13 days, 13:40:00"
}
DEBUG 2021-07-05 03:32:18,161 - ####################################################################################################
DEBUG 2021-07-05 03:32:18,167 - DOMAIN INFO
INFO 2021-07-05 03:32:18,168 - {
    "DOMAIN": "tochat333.com", 
    "EXPIRATION": "2021-07-19 16:18:13", 
    "DAYS": "14 days, 12:45:55"
}
DEBUG 2021-07-05 03:32:21,255 - ####################################################################################################
DEBUG 2021-07-05 03:32:21,262 - DOMAIN INFO
INFO 2021-07-05 03:32:21,262 - {
    "DOMAIN": "jbl.live", 
    "EXPIRATION": "2021-07-19 20:00:00", 
    "DAYS": "14 days, 16:27:39"
}
DEBUG 2021-07-05 03:32:22,627 - ####################################################################################################
DEBUG 2021-07-05 03:32:22,634 - DOMAIN INFO
INFO 2021-07-05 03:32:22,634 - {
    "DOMAIN": "www.jbl.live", 
    "EXPIRATION": "2021-07-19 20:00:00", 
    "DAYS": "14 days, 16:27:38"
}
DEBUG 2021-07-05 04:02:41,900 - ####################################################################################################
DEBUG 2021-07-05 04:02:41,906 - DOMAIN INFO
INFO 2021-07-05 04:02:41,906 - {
    "DOMAIN": "wpc89.com", 
    "EXPIRATION": "2021-07-14 08:28:41", 
    "DAYS": "9 days, 4:26:00"
}
DEBUG 2021-07-05 04:02:43,900 - ####################################################################################################
DEBUG 2021-07-05 04:02:43,905 - DOMAIN INFO
INFO 2021-07-05 04:02:43,906 - {
    "DOMAIN": "www.wpc89.com", 
    "EXPIRATION": "2021-07-14 08:28:41", 
    "DAYS": "9 days, 4:25:58"
}
DEBUG 2021-07-05 04:24:27,873 - ####################################################################################################
DEBUG 2021-07-05 04:24:27,879 - DOMAIN INFO
INFO 2021-07-05 04:24:27,879 - {
    "DOMAIN": "www.wukongchat.com", 
    "EXPIRATION": "2021-07-18 17:04:26", 
    "DAYS": "13 days, 12:39:59"
}
DEBUG 2021-07-05 04:32:15,220 - ####################################################################################################
DEBUG 2021-07-05 04:32:15,226 - DOMAIN INFO
INFO 2021-07-05 04:32:15,227 - {
    "DOMAIN": "tochat333.com", 
    "EXPIRATION": "2021-07-19 16:18:13", 
    "DAYS": "14 days, 11:45:58"
}
DEBUG 2021-07-05 04:32:17,943 - ####################################################################################################
DEBUG 2021-07-05 04:32:17,950 - DOMAIN INFO
INFO 2021-07-05 04:32:17,950 - {
    "DOMAIN": "jbl.live", 
    "EXPIRATION": "2021-07-19 20:00:00", 
    "DAYS": "14 days, 15:27:43"
}
DEBUG 2021-07-05 04:32:19,671 - ####################################################################################################
DEBUG 2021-07-05 04:32:19,677 - DOMAIN INFO
INFO 2021-07-05 04:32:19,678 - {
    "DOMAIN": "www.jbl.live", 
    "EXPIRATION": "2021-07-19 20:00:00", 
    "DAYS": "14 days, 15:27:41"
}
DEBUG 2021-07-05 05:02:42,124 - ####################################################################################################
DEBUG 2021-07-05 05:02:42,130 - DOMAIN INFO
INFO 2021-07-05 05:02:42,130 - {
    "DOMAIN": "wpc89.com", 
    "EXPIRATION": "2021-07-14 08:28:41", 
    "DAYS": "9 days, 3:25:59"
}
DEBUG 2021-07-05 05:02:42,800 - ####################################################################################################
DEBUG 2021-07-05 05:02:42,806 - DOMAIN INFO
INFO 2021-07-05 05:02:42,806 - {
    "DOMAIN": "www.wpc89.com", 
    "EXPIRATION": "2021-07-14 08:28:41", 
    "DAYS": "9 days, 3:25:59"
}
DEBUG 2021-07-05 05:10:25,934 - ####################################################################################################
DEBUG 2021-07-05 05:10:25,940 - DOMAIN INFO
INFO 2021-07-05 05:10:25,940 - {
    "DOMAIN": "kwets.com", 
    "EXPIRATION": "2022-06-30 07:59:59", 
    "DAYS": "360 days, 2:49:34"
}
DEBUG 2021-07-05 05:10:26,015 - ####################################################################################################
DEBUG 2021-07-05 05:10:26,021 - DOMAIN INFO
INFO 2021-07-05 05:10:26,021 - {
    "DOMAIN": "16880000.com", 
    "EXPIRATION": "2021-09-27 15:10:57", 
    "DAYS": "84 days, 10:00:31"
}
DEBUG 2021-07-05 05:10:27,099 - ####################################################################################################
DEBUG 2021-07-05 05:10:27,105 - DOMAIN INFO
INFO 2021-07-05 05:10:27,105 - {
    "DOMAIN": "08866.me", 
    "EXPIRATION": "2021-09-26 23:39:02", 
    "DAYS": "83 days, 18:28:35"
}
DEBUG 2021-07-05 05:10:29,900 - ####################################################################################################
DEBUG 2021-07-05 05:10:29,906 - DOMAIN INFO
INFO 2021-07-05 05:10:29,907 - {
    "DOMAIN": "jin162.com", 
    "EXPIRATION": "2021-09-26 23:30:13", 
    "DAYS": "83 days, 18:19:44"
}
DEBUG 2021-07-05 05:10:31,203 - ####################################################################################################
DEBUG 2021-07-05 05:10:31,209 - DOMAIN INFO
INFO 2021-07-05 05:10:31,210 - {
    "DOMAIN": "eu288.com", 
    "EXPIRATION": "2021-09-27 03:39:34", 
    "DAYS": "83 days, 22:29:03"
}
DEBUG 2021-07-05 05:10:32,060 - ####################################################################################################
DEBUG 2021-07-05 05:10:32,065 - DOMAIN INFO
INFO 2021-07-05 05:10:32,066 - {
    "DOMAIN": "xbet02.com", 
    "EXPIRATION": "2021-09-25 23:52:17", 
    "DAYS": "82 days, 18:41:45"
}
DEBUG 2021-07-05 05:10:43,334 - ####################################################################################################
DEBUG 2021-07-05 05:10:43,340 - DOMAIN INFO
INFO 2021-07-05 05:10:43,341 - {
    "DOMAIN": "cf380.com", 
    "EXPIRATION": "2021-09-13 23:49:14", 
    "DAYS": "70 days, 18:38:31"
}
DEBUG 2021-07-05 05:10:43,385 - ####################################################################################################
DEBUG 2021-07-05 05:10:43,385 - ####################################################################################################
DEBUG 2021-07-05 05:10:43,390 - DOMAIN INFO
INFO 2021-07-05 05:10:43,390 - {
    "DOMAIN": "cf383.com", 
    "EXPIRATION": "2021-09-14 02:29:46", 
    "DAYS": "70 days, 21:19:03"
}
DEBUG 2021-07-05 05:10:43,391 - DOMAIN INFO
INFO 2021-07-05 05:10:43,391 - {
    "DOMAIN": "cf382.com", 
    "EXPIRATION": "2021-09-13 23:49:24", 
    "DAYS": "70 days, 18:38:41"
}
DEBUG 2021-07-05 05:10:43,699 - ####################################################################################################
DEBUG 2021-07-05 05:10:43,706 - DOMAIN INFO
INFO 2021-07-05 05:10:43,706 - {
    "DOMAIN": "ying88888.com", 
    "EXPIRATION": "2021-09-27 10:43:24", 
    "DAYS": "84 days, 5:32:41"
}
DEBUG 2021-07-05 05:11:01,609 - ####################################################################################################
DEBUG 2021-07-05 05:11:01,615 - DOMAIN ERROR
INFO 2021-07-05 05:11:01,615 - {
    "DOMAIN": "eu2018.net", 
    "DOMAIN_CURL": 0, 
    "ERROR": "[Errno 110] Connection timed out"
}
DEBUG 2021-07-05 05:24:25,491 - ####################################################################################################
DEBUG 2021-07-05 05:24:25,498 - DOMAIN INFO
INFO 2021-07-05 05:24:25,498 - {
    "DOMAIN": "www.wukongchat.com", 
    "EXPIRATION": "2021-07-18 17:04:26", 
    "DAYS": "13 days, 11:40:01"
}
DEBUG 2021-07-05 05:32:18,800 - ####################################################################################################
DEBUG 2021-07-05 05:32:18,805 - DOMAIN INFO
INFO 2021-07-05 05:32:18,806 - {
    "DOMAIN": "tochat333.com", 
    "EXPIRATION": "2021-07-19 16:18:13", 
    "DAYS": "14 days, 10:45:55"
}
DEBUG 2021-07-05 05:32:21,500 - ####################################################################################################
DEBUG 2021-07-05 05:32:21,507 - DOMAIN INFO
INFO 2021-07-05 05:32:21,507 - {
    "DOMAIN": "jbl.live", 
    "EXPIRATION": "2021-07-19 20:00:00", 
    "DAYS": "14 days, 14:27:39"
}
DEBUG 2021-07-05 05:32:21,999 - ####################################################################################################
DEBUG 2021-07-05 05:32:22,006 - DOMAIN INFO
INFO 2021-07-05 05:32:22,006 - {
    "DOMAIN": "www.jbl.live", 
    "EXPIRATION": "2021-07-19 20:00:00", 
    "DAYS": "14 days, 14:27:39"
}
DEBUG 2021-07-05 06:02:40,217 - ####################################################################################################
DEBUG 2021-07-05 06:02:40,223 - DOMAIN INFO
INFO 2021-07-05 06:02:40,223 - {
    "DOMAIN": "wpc89.com", 
    "EXPIRATION": "2021-07-14 08:28:41", 
    "DAYS": "9 days, 2:26:01"
}
DEBUG 2021-07-05 06:02:41,316 - ####################################################################################################
DEBUG 2021-07-05 06:02:41,322 - DOMAIN INFO
INFO 2021-07-05 06:02:41,323 - {
    "DOMAIN": "www.wpc89.com", 
    "EXPIRATION": "2021-07-14 08:28:41", 
    "DAYS": "9 days, 2:26:00"
}
DEBUG 2021-07-05 06:10:36,252 - ####################################################################################################
DEBUG 2021-07-05 06:10:36,259 - DOMAIN INFO
INFO 2021-07-05 06:10:36,259 - {
    "DOMAIN": "ying88888.com", 
    "EXPIRATION": "2021-09-27 10:43:24", 
    "DAYS": "84 days, 4:32:48"
}
DEBUG 2021-07-05 06:10:38,218 - ####################################################################################################
DEBUG 2021-07-05 06:10:38,224 - DOMAIN INFO
INFO 2021-07-05 06:10:38,224 - {
    "DOMAIN": "eu2018.net", 
    "EXPIRATION": "2021-09-29 06:49:08", 
    "DAYS": "86 days, 0:38:30"
}
DEBUG 2021-07-05 06:10:39,023 - ####################################################################################################
DEBUG 2021-07-05 06:10:39,029 - DOMAIN INFO
INFO 2021-07-05 06:10:39,029 - {
    "DOMAIN": "kbl6666.com", 
    "EXPIRATION": "2021-09-28 05:47:36", 
    "DAYS": "84 days, 23:36:57"
}
DEBUG 2021-07-05 06:10:40,745 - ####################################################################################################
DEBUG 2021-07-05 06:10:40,751 - DOMAIN INFO
INFO 2021-07-05 06:10:40,752 - {
    "DOMAIN": "jin127.com", 
    "EXPIRATION": "2021-09-26 00:10:01", 
    "DAYS": "82 days, 17:59:21"
}
DEBUG 2021-07-05 06:10:42,197 - ####################################################################################################
DEBUG 2021-07-05 06:10:42,204 - DOMAIN INFO
INFO 2021-07-05 06:10:42,204 - {
    "DOMAIN": "j29.me", 
    "EXPIRATION": "2021-09-27 11:02:55", 
    "DAYS": "84 days, 4:52:13"
}
DEBUG 2021-07-05 06:10:42,865 - ####################################################################################################
DEBUG 2021-07-05 06:10:42,871 - DOMAIN INFO
INFO 2021-07-05 06:10:42,871 - {
    "DOMAIN": "xbet518.com", 
    "EXPIRATION": "2021-09-26 23:53:07", 
    "DAYS": "83 days, 17:42:25"
}
DEBUG 2021-07-05 06:10:43,315 - ####################################################################################################
DEBUG 2021-07-05 06:10:43,321 - DOMAIN INFO
INFO 2021-07-05 06:10:43,321 - {
    "DOMAIN": "55868000.com", 
    "EXPIRATION": "2021-09-27 23:17:31", 
    "DAYS": "84 days, 17:06:48"
}
DEBUG 2021-07-05 06:10:44,934 - ####################################################################################################
DEBUG 2021-07-05 06:10:44,940 - DOMAIN INFO
INFO 2021-07-05 06:10:44,940 - {
    "DOMAIN": "jsh521.com", 
    "EXPIRATION": "2021-09-27 14:32:43", 
    "DAYS": "84 days, 8:21:59"
}
DEBUG 2021-07-05 06:10:46,324 - ####################################################################################################
DEBUG 2021-07-05 06:10:46,329 - DOMAIN INFO
INFO 2021-07-05 06:10:46,330 - {
    "DOMAIN": "www.jsh521.com", 
    "EXPIRATION": "2021-09-27 14:32:43", 
    "DAYS": "84 days, 8:21:57"
}
DEBUG 2021-07-05 06:10:46,798 - ####################################################################################################
DEBUG 2021-07-05 06:10:46,803 - DOMAIN INFO
INFO 2021-07-05 06:10:46,804 - {
    "DOMAIN": "eu5888.com", 
    "EXPIRATION": "2021-09-27 23:28:36", 
    "DAYS": "84 days, 17:17:50"
}
DEBUG 2021-07-05 06:10:47,539 - ####################################################################################################
DEBUG 2021-07-05 06:10:47,545 - DOMAIN INFO
INFO 2021-07-05 06:10:47,545 - {
    "DOMAIN": "www.eu590.com", 
    "EXPIRATION": "2021-09-27 23:04:45", 
    "DAYS": "84 days, 16:53:58"
}
DEBUG 2021-07-05 06:10:48,618 - ####################################################################################################
DEBUG 2021-07-05 06:10:48,623 - DOMAIN INFO
INFO 2021-07-05 06:10:48,624 - {
    "DOMAIN": "wpc11.com", 
    "EXPIRATION": "2021-09-14 02:30:40", 
    "DAYS": "70 days, 20:19:52"
}
DEBUG 2021-07-05 06:10:49,091 - ####################################################################################################
DEBUG 2021-07-05 06:10:49,097 - DOMAIN INFO
INFO 2021-07-05 06:10:49,098 - {
    "DOMAIN": "cf394.com", 
    "EXPIRATION": "2021-09-13 23:48:59", 
    "DAYS": "70 days, 17:38:10"
}
DEBUG 2021-07-05 06:24:28,388 - ####################################################################################################
DEBUG 2021-07-05 06:24:28,394 - DOMAIN INFO
INFO 2021-07-05 06:24:28,394 - {
    "DOMAIN": "www.wukongchat.com", 
    "EXPIRATION": "2021-07-18 17:04:26", 
    "DAYS": "13 days, 10:39:58"
}
DEBUG 2021-07-05 06:32:17,752 - ####################################################################################################
DEBUG 2021-07-05 06:32:17,758 - DOMAIN INFO
INFO 2021-07-05 06:32:17,759 - {
    "DOMAIN": "tochat333.com", 
    "EXPIRATION": "2021-07-19 16:18:13", 
    "DAYS": "14 days, 9:45:56"
}
DEBUG 2021-07-05 06:32:20,237 - ####################################################################################################
DEBUG 2021-07-05 06:32:20,245 - DOMAIN INFO
INFO 2021-07-05 06:32:20,245 - {
    "DOMAIN": "jbl.live", 
    "EXPIRATION": "2021-07-19 20:00:00", 
    "DAYS": "14 days, 13:27:40"
}
DEBUG 2021-07-05 06:32:20,666 - ####################################################################################################
DEBUG 2021-07-05 06:32:20,672 - DOMAIN INFO
INFO 2021-07-05 06:32:20,673 - {
    "DOMAIN": "www.jbl.live", 
    "EXPIRATION": "2021-07-19 20:00:00", 
    "DAYS": "14 days, 13:27:40"
}
DEBUG 2021-07-05 07:02:43,878 - ####################################################################################################
DEBUG 2021-07-05 07:02:43,884 - DOMAIN INFO
INFO 2021-07-05 07:02:43,884 - {
    "DOMAIN": "wpc89.com", 
    "EXPIRATION": "2021-07-14 08:28:41", 
    "DAYS": "9 days, 1:25:58"
}
DEBUG 2021-07-05 07:02:44,204 - ####################################################################################################
DEBUG 2021-07-05 07:02:44,210 - DOMAIN INFO
INFO 2021-07-05 07:02:44,210 - {
    "DOMAIN": "www.wpc89.com", 
    "EXPIRATION": "2021-07-14 08:28:41", 
    "DAYS": "9 days, 1:25:57"
}
DEBUG 2021-07-05 07:24:28,103 - ####################################################################################################
DEBUG 2021-07-05 07:24:28,109 - DOMAIN INFO
INFO 2021-07-05 07:24:28,109 - {
    "DOMAIN": "www.wukongchat.com", 
    "EXPIRATION": "2021-07-18 17:04:26", 
    "DAYS": "13 days, 9:39:58"
}
DEBUG 2021-07-05 07:32:16,641 - ####################################################################################################
DEBUG 2021-07-05 07:32:16,647 - DOMAIN INFO
INFO 2021-07-05 07:32:16,647 - {
    "DOMAIN": "tochat333.com", 
    "EXPIRATION": "2021-07-19 16:18:13", 
    "DAYS": "14 days, 8:45:57"
}
DEBUG 2021-07-05 07:32:20,034 - ####################################################################################################
DEBUG 2021-07-05 07:32:20,039 - DOMAIN INFO
INFO 2021-07-05 07:32:20,040 - {
    "DOMAIN": "jbl.live", 
    "EXPIRATION": "2021-07-19 20:00:00", 
    "DAYS": "14 days, 12:27:40"
}
DEBUG 2021-07-05 07:32:22,116 - ####################################################################################################
DEBUG 2021-07-05 07:32:22,122 - DOMAIN INFO
INFO 2021-07-05 07:32:22,123 - {
    "DOMAIN": "www.jbl.live", 
    "EXPIRATION": "2021-07-19 20:00:00", 
    "DAYS": "14 days, 12:27:38"
}
DEBUG 2021-07-05 08:02:46,318 - ####################################################################################################
DEBUG 2021-07-05 08:02:46,318 - ####################################################################################################
DEBUG 2021-07-05 08:02:46,323 - DOMAIN INFO
INFO 2021-07-05 08:02:46,324 - {
    "DOMAIN": "www.wpc89.com", 
    "EXPIRATION": "2021-07-14 08:28:41", 
    "DAYS": "9 days, 0:25:55"
}
DEBUG 2021-07-05 08:02:46,324 - DOMAIN INFO
INFO 2021-07-05 08:02:46,324 - {
    "DOMAIN": "wpc89.com", 
    "EXPIRATION": "2021-07-14 08:28:41", 
    "DAYS": "9 days, 0:25:55"
}
DEBUG 2021-07-05 08:24:27,754 - ####################################################################################################
DEBUG 2021-07-05 08:24:27,760 - DOMAIN INFO
INFO 2021-07-05 08:24:27,761 - {
    "DOMAIN": "www.wukongchat.com", 
    "EXPIRATION": "2021-07-18 17:04:26", 
    "DAYS": "13 days, 8:39:59"
}
DEBUG 2021-07-05 08:32:16,871 - ####################################################################################################
DEBUG 2021-07-05 08:32:16,878 - DOMAIN INFO
INFO 2021-07-05 08:32:16,878 - {
    "DOMAIN": "tochat333.com", 
    "EXPIRATION": "2021-07-19 16:18:13", 
    "DAYS": "14 days, 7:45:57"
}
DEBUG 2021-07-05 08:32:19,701 - ####################################################################################################
DEBUG 2021-07-05 08:32:19,706 - DOMAIN INFO
INFO 2021-07-05 08:32:19,707 - {
    "DOMAIN": "jbl.live", 
    "EXPIRATION": "2021-07-19 20:00:00", 
    "DAYS": "14 days, 11:27:41"
}
DEBUG 2021-07-05 08:32:20,309 - ####################################################################################################
DEBUG 2021-07-05 08:32:20,315 - DOMAIN INFO
INFO 2021-07-05 08:32:20,315 - {
    "DOMAIN": "www.jbl.live", 
    "EXPIRATION": "2021-07-19 20:00:00", 
    "DAYS": "14 days, 11:27:40"
}
DEBUG 2021-07-05 09:02:42,053 - ####################################################################################################
DEBUG 2021-07-05 09:02:42,059 - DOMAIN INFO
INFO 2021-07-05 09:02:42,059 - {
    "DOMAIN": "wpc89.com", 
    "EXPIRATION": "2021-07-14 08:28:41", 
    "DAYS": "8 days, 23:25:59"
}
DEBUG 2021-07-05 09:02:45,212 - ####################################################################################################
DEBUG 2021-07-05 09:02:45,217 - DOMAIN INFO
INFO 2021-07-05 09:02:45,217 - {
    "DOMAIN": "www.wpc89.com", 
    "EXPIRATION": "2021-07-14 08:28:41", 
    "DAYS": "8 days, 23:25:56"
}
DEBUG 2021-07-05 09:24:26,072 - ####################################################################################################
DEBUG 2021-07-05 09:24:26,078 - DOMAIN INFO
INFO 2021-07-05 09:24:26,079 - {
    "DOMAIN": "www.wukongchat.com", 
    "EXPIRATION": "2021-07-18 17:04:26", 
    "DAYS": "13 days, 7:40:00"
}
DEBUG 2021-07-05 09:32:16,437 - ####################################################################################################
DEBUG 2021-07-05 09:32:16,443 - DOMAIN INFO
INFO 2021-07-05 09:32:16,443 - {
    "DOMAIN": "tochat333.com", 
    "EXPIRATION": "2021-07-19 16:18:13", 
    "DAYS": "14 days, 6:45:57"
}
DEBUG 2021-07-05 09:32:19,666 - ####################################################################################################
DEBUG 2021-07-05 09:32:19,672 - DOMAIN INFO
INFO 2021-07-05 09:32:19,672 - {
    "DOMAIN": "jbl.live", 
    "EXPIRATION": "2021-07-19 20:00:00", 
    "DAYS": "14 days, 10:27:41"
}
DEBUG 2021-07-05 09:32:20,447 - ####################################################################################################
DEBUG 2021-07-05 09:32:20,454 - DOMAIN INFO
INFO 2021-07-05 09:32:20,454 - {
    "DOMAIN": "www.jbl.live", 
    "EXPIRATION": "2021-07-19 20:00:00", 
    "DAYS": "14 days, 10:27:40"
}
DEBUG 2021-07-05 10:02:44,674 - ####################################################################################################
DEBUG 2021-07-05 10:02:44,680 - DOMAIN INFO
INFO 2021-07-05 10:02:44,681 - {
    "DOMAIN": "wpc89.com", 
    "EXPIRATION": "2021-07-14 08:28:41", 
    "DAYS": "8 days, 22:25:57"
}
DEBUG 2021-07-05 10:02:45,328 - ####################################################################################################
DEBUG 2021-07-05 10:02:45,334 - DOMAIN INFO
INFO 2021-07-05 10:02:45,335 - {
    "DOMAIN": "www.wpc89.com", 
    "EXPIRATION": "2021-07-14 08:28:41", 
    "DAYS": "8 days, 22:25:56"
}
DEBUG 2021-07-05 10:24:27,709 - ####################################################################################################
DEBUG 2021-07-05 10:24:27,714 - DOMAIN INFO
INFO 2021-07-05 10:24:27,715 - {
    "DOMAIN": "www.wukongchat.com", 
    "EXPIRATION": "2021-10-03 08:22:53", 
    "DAYS": "89 days, 21:58:26"
}
DEBUG 2021-07-05 10:32:17,472 - ####################################################################################################
DEBUG 2021-07-05 10:32:17,480 - DOMAIN INFO
INFO 2021-07-05 10:32:17,480 - {
    "DOMAIN": "tochat333.com", 
    "EXPIRATION": "2021-07-19 16:18:13", 
    "DAYS": "14 days, 5:45:56"
}
DEBUG 2021-07-05 10:32:20,004 - ####################################################################################################
DEBUG 2021-07-05 10:32:20,010 - DOMAIN INFO
INFO 2021-07-05 10:32:20,010 - {
    "DOMAIN": "jbl.live", 
    "EXPIRATION": "2021-07-19 20:00:00", 
    "DAYS": "14 days, 9:27:41"
}
DEBUG 2021-07-05 10:32:21,359 - ####################################################################################################
DEBUG 2021-07-05 10:32:21,366 - DOMAIN INFO
INFO 2021-07-05 10:32:21,366 - {
    "DOMAIN": "www.jbl.live", 
    "EXPIRATION": "2021-07-19 20:00:00", 
    "DAYS": "14 days, 9:27:39"
}
DEBUG 2021-07-05 11:02:44,066 - ####################################################################################################
DEBUG 2021-07-05 11:02:44,070 - DOMAIN INFO
INFO 2021-07-05 11:02:44,071 - {
    "DOMAIN": "wpc89.com", 
    "EXPIRATION": "2021-07-14 08:28:41", 
    "DAYS": "8 days, 21:25:57"
}
DEBUG 2021-07-05 11:02:44,679 - ####################################################################################################
DEBUG 2021-07-05 11:02:44,685 - DOMAIN INFO
INFO 2021-07-05 11:02:44,685 - {
    "DOMAIN": "www.wpc89.com", 
    "EXPIRATION": "2021-07-14 08:28:41", 
    "DAYS": "8 days, 21:25:57"
}
DEBUG 2021-07-05 11:24:30,461 - ####################################################################################################
DEBUG 2021-07-05 11:24:30,467 - DOMAIN INFO
INFO 2021-07-05 11:24:30,468 - {
    "DOMAIN": "www.wukongchat.com", 
    "EXPIRATION": "2021-10-03 08:22:53", 
    "DAYS": "89 days, 20:58:23"
}
DEBUG 2021-07-05 11:32:16,655 - ####################################################################################################
DEBUG 2021-07-05 11:32:16,661 - DOMAIN INFO
INFO 2021-07-05 11:32:16,662 - {
    "DOMAIN": "tochat333.com", 
    "EXPIRATION": "2021-07-19 16:18:13", 
    "DAYS": "14 days, 4:45:57"
}
DEBUG 2021-07-05 11:32:19,031 - ####################################################################################################
DEBUG 2021-07-05 11:32:19,037 - DOMAIN INFO
INFO 2021-07-05 11:32:19,037 - {
    "DOMAIN": "jbl.live", 
    "EXPIRATION": "2021-07-19 20:00:00", 
    "DAYS": "14 days, 8:27:41"
}
DEBUG 2021-07-05 11:32:20,268 - ####################################################################################################
DEBUG 2021-07-05 11:32:20,274 - DOMAIN INFO
INFO 2021-07-05 11:32:20,274 - {
    "DOMAIN": "www.jbl.live", 
    "EXPIRATION": "2021-07-19 20:00:00", 
    "DAYS": "14 days, 8:27:40"
}
DEBUG 2021-07-05 12:02:39,917 - ####################################################################################################
DEBUG 2021-07-05 12:02:39,924 - DOMAIN INFO
INFO 2021-07-05 12:02:39,924 - {
    "DOMAIN": "wpc89.com", 
    "EXPIRATION": "2021-07-14 08:28:41", 
    "DAYS": "8 days, 20:26:02"
}
DEBUG 2021-07-05 12:02:40,330 - ####################################################################################################
DEBUG 2021-07-05 12:02:40,336 - DOMAIN INFO
INFO 2021-07-05 12:02:40,336 - {
    "DOMAIN": "www.wpc89.com", 
    "EXPIRATION": "2021-07-14 08:28:41", 
    "DAYS": "8 days, 20:26:01"
}
DEBUG 2021-07-05 12:24:29,503 - ####################################################################################################
DEBUG 2021-07-05 12:24:29,509 - DOMAIN INFO
INFO 2021-07-05 12:24:29,509 - {
    "DOMAIN": "www.wukongchat.com", 
    "EXPIRATION": "2021-10-03 08:22:53", 
    "DAYS": "89 days, 19:58:24"
}
DEBUG 2021-07-05 12:32:20,041 - ####################################################################################################
DEBUG 2021-07-05 12:32:20,047 - DOMAIN INFO
INFO 2021-07-05 12:32:20,048 - {
    "DOMAIN": "tochat333.com", 
    "EXPIRATION": "2021-07-19 16:18:13", 
    "DAYS": "14 days, 3:45:53"
}
DEBUG 2021-07-05 12:32:21,824 - ####################################################################################################
DEBUG 2021-07-05 12:32:21,831 - DOMAIN INFO
INFO 2021-07-05 12:32:21,831 - {
    "DOMAIN": "jbl.live", 
    "EXPIRATION": "2021-07-19 20:00:00", 
    "DAYS": "14 days, 7:27:39"
}
DEBUG 2021-07-05 12:32:22,699 - ####################################################################################################
DEBUG 2021-07-05 12:32:22,705 - DOMAIN INFO
INFO 2021-07-05 12:32:22,706 - {
    "DOMAIN": "www.jbl.live", 
    "EXPIRATION": "2021-07-19 20:00:00", 
    "DAYS": "14 days, 7:27:38"
}
DEBUG 2021-07-05 13:02:42,198 - ####################################################################################################
DEBUG 2021-07-05 13:02:42,205 - DOMAIN INFO
INFO 2021-07-05 13:02:42,205 - {
    "DOMAIN": "wpc89.com", 
    "EXPIRATION": "2021-07-14 08:28:41", 
    "DAYS": "8 days, 19:25:59"
}
DEBUG 2021-07-05 13:02:43,496 - ####################################################################################################
DEBUG 2021-07-05 13:02:43,502 - DOMAIN INFO
INFO 2021-07-05 13:02:43,502 - {
    "DOMAIN": "www.wpc89.com", 
    "EXPIRATION": "2021-07-14 08:28:41", 
    "DAYS": "8 days, 19:25:58"
}
DEBUG 2021-07-05 13:24:26,696 - ####################################################################################################
DEBUG 2021-07-05 13:24:26,702 - DOMAIN INFO
INFO 2021-07-05 13:24:26,703 - {
    "DOMAIN": "www.wukongchat.com", 
    "EXPIRATION": "2021-10-03 08:22:53", 
    "DAYS": "89 days, 18:58:27"
}
DEBUG 2021-07-05 13:32:21,098 - ####################################################################################################
DEBUG 2021-07-05 13:32:21,104 - DOMAIN INFO
INFO 2021-07-05 13:32:21,105 - {
    "DOMAIN": "tochat333.com", 
    "EXPIRATION": "2021-07-19 16:18:13", 
    "DAYS": "14 days, 2:45:52"
}
DEBUG 2021-07-05 13:32:23,593 - ####################################################################################################
DEBUG 2021-07-05 13:32:23,600 - DOMAIN INFO
INFO 2021-07-05 13:32:23,600 - {
    "DOMAIN": "jbl.live", 
    "EXPIRATION": "2021-07-19 20:00:00", 
    "DAYS": "14 days, 6:27:37"
}
DEBUG 2021-07-05 13:32:24,440 - ####################################################################################################
DEBUG 2021-07-05 13:32:24,447 - DOMAIN INFO
INFO 2021-07-05 13:32:24,447 - {
    "DOMAIN": "www.jbl.live", 
    "EXPIRATION": "2021-07-19 20:00:00", 
    "DAYS": "14 days, 6:27:36"
}
DEBUG 2021-07-05 14:02:42,381 - ####################################################################################################
DEBUG 2021-07-05 14:02:42,386 - DOMAIN INFO
INFO 2021-07-05 14:02:42,387 - {
    "DOMAIN": "wpc89.com", 
    "EXPIRATION": "2021-07-14 08:28:41", 
    "DAYS": "8 days, 18:25:59"
}
DEBUG 2021-07-05 14:02:44,011 - ####################################################################################################
DEBUG 2021-07-05 14:02:44,017 - DOMAIN INFO
INFO 2021-07-05 14:02:44,017 - {
    "DOMAIN": "www.wpc89.com", 
    "EXPIRATION": "2021-07-14 08:28:41", 
    "DAYS": "8 days, 18:25:57"
}
DEBUG 2021-07-05 14:24:30,037 - ####################################################################################################
DEBUG 2021-07-05 14:24:30,042 - DOMAIN INFO
INFO 2021-07-05 14:24:30,042 - {
    "DOMAIN": "www.wukongchat.com", 
    "EXPIRATION": "2021-10-03 08:22:53", 
    "DAYS": "89 days, 17:58:23"
}
DEBUG 2021-07-05 14:32:18,353 - ####################################################################################################
DEBUG 2021-07-05 14:32:18,359 - DOMAIN INFO
INFO 2021-07-05 14:32:18,359 - {
    "DOMAIN": "tochat333.com", 
    "EXPIRATION": "2021-07-19 16:18:13", 
    "DAYS": "14 days, 1:45:55"
}
DEBUG 2021-07-05 14:32:20,607 - ####################################################################################################
DEBUG 2021-07-05 14:32:20,614 - DOMAIN INFO
INFO 2021-07-05 14:32:20,614 - {
    "DOMAIN": "jbl.live", 
    "EXPIRATION": "2021-07-19 20:00:00", 
    "DAYS": "14 days, 5:27:40"
}
DEBUG 2021-07-05 14:32:21,047 - ####################################################################################################
DEBUG 2021-07-05 14:32:21,054 - DOMAIN INFO
INFO 2021-07-05 14:32:21,054 - {
    "DOMAIN": "www.jbl.live", 
    "EXPIRATION": "2021-07-19 20:00:00", 
    "DAYS": "14 days, 5:27:39"
}
DEBUG 2021-07-05 15:02:46,788 - ####################################################################################################
DEBUG 2021-07-05 15:02:46,795 - DOMAIN INFO
INFO 2021-07-05 15:02:46,795 - {
    "DOMAIN": "wpc89.com", 
    "EXPIRATION": "2021-07-14 08:28:41", 
    "DAYS": "8 days, 17:25:55"
}
DEBUG 2021-07-05 15:02:46,999 - ####################################################################################################
DEBUG 2021-07-05 15:02:47,004 - DOMAIN INFO
INFO 2021-07-05 15:02:47,004 - {
    "DOMAIN": "www.wpc89.com", 
    "EXPIRATION": "2021-07-14 08:28:41", 
    "DAYS": "8 days, 17:25:55"
}
DEBUG 2021-07-05 15:24:34,279 - ####################################################################################################
DEBUG 2021-07-05 15:24:34,284 - DOMAIN INFO
INFO 2021-07-05 15:24:34,284 - {
    "DOMAIN": "www.wukongchat.com", 
    "EXPIRATION": "2021-10-03 08:22:53", 
    "DAYS": "89 days, 16:58:19"
}
DEBUG 2021-07-05 15:32:20,221 - ####################################################################################################
DEBUG 2021-07-05 15:32:20,227 - DOMAIN INFO
INFO 2021-07-05 15:32:20,227 - {
    "DOMAIN": "tochat333.com", 
    "EXPIRATION": "2021-07-19 16:18:13", 
    "DAYS": "14 days, 0:45:53"
}
DEBUG 2021-07-05 15:32:22,020 - ####################################################################################################
DEBUG 2021-07-05 15:32:22,027 - DOMAIN INFO
INFO 2021-07-05 15:32:22,027 - {
    "DOMAIN": "jbl.live", 
    "EXPIRATION": "2021-07-19 20:00:00", 
    "DAYS": "14 days, 4:27:38"
}
DEBUG 2021-07-05 15:32:22,988 - ####################################################################################################
DEBUG 2021-07-05 15:32:22,994 - DOMAIN INFO
INFO 2021-07-05 15:32:22,994 - {
    "DOMAIN": "www.jbl.live", 
    "EXPIRATION": "2021-07-19 20:00:00", 
    "DAYS": "14 days, 4:27:38"
}
DEBUG 2021-07-05 16:02:46,327 - ####################################################################################################
DEBUG 2021-07-05 16:02:46,334 - DOMAIN INFO
INFO 2021-07-05 16:02:46,334 - {
    "DOMAIN": "wpc89.com", 
    "EXPIRATION": "2021-07-14 08:28:41", 
    "DAYS": "8 days, 16:25:55"
}
DEBUG 2021-07-05 16:02:47,020 - ####################################################################################################
DEBUG 2021-07-05 16:02:47,026 - DOMAIN INFO
INFO 2021-07-05 16:02:47,026 - {
    "DOMAIN": "www.wpc89.com", 
    "EXPIRATION": "2021-07-14 08:28:41", 
    "DAYS": "8 days, 16:25:54"
}
DEBUG 2021-07-05 16:24:31,248 - ####################################################################################################
DEBUG 2021-07-05 16:24:31,254 - DOMAIN INFO
INFO 2021-07-05 16:24:31,254 - {
    "DOMAIN": "www.wukongchat.com", 
    "EXPIRATION": "2021-10-03 08:22:53", 
    "DAYS": "89 days, 15:58:22"
}
DEBUG 2021-07-05 16:32:20,785 - ####################################################################################################
DEBUG 2021-07-05 16:32:20,791 - DOMAIN INFO
INFO 2021-07-05 16:32:20,791 - {
    "DOMAIN": "tochat333.com", 
    "EXPIRATION": "2021-07-19 16:18:13", 
    "DAYS": "13 days, 23:45:53"
}
DEBUG 2021-07-05 16:32:24,131 - ####################################################################################################
DEBUG 2021-07-05 16:32:24,137 - DOMAIN INFO
INFO 2021-07-05 16:32:24,138 - {
    "DOMAIN": "jbl.live", 
    "EXPIRATION": "2021-07-19 20:00:00", 
    "DAYS": "14 days, 3:27:36"
}
DEBUG 2021-07-05 16:32:25,266 - ####################################################################################################
DEBUG 2021-07-05 16:32:25,272 - DOMAIN INFO
INFO 2021-07-05 16:32:25,273 - {
    "DOMAIN": "www.jbl.live", 
    "EXPIRATION": "2021-07-19 20:00:00", 
    "DAYS": "14 days, 3:27:35"
}
DEBUG 2021-07-05 17:02:47,799 - ####################################################################################################
DEBUG 2021-07-05 17:02:47,807 - DOMAIN INFO
INFO 2021-07-05 17:02:47,808 - {
    "DOMAIN": "wpc89.com", 
    "EXPIRATION": "2021-07-14 08:28:41", 
    "DAYS": "8 days, 15:25:54"
}
DEBUG 2021-07-05 17:02:48,197 - ####################################################################################################
DEBUG 2021-07-05 17:02:48,204 - DOMAIN INFO
INFO 2021-07-05 17:02:48,204 - {
    "DOMAIN": "www.wpc89.com", 
    "EXPIRATION": "2021-07-14 08:28:41", 
    "DAYS": "8 days, 15:25:53"
}
DEBUG 2021-07-05 17:24:28,824 - ####################################################################################################
DEBUG 2021-07-05 17:24:28,831 - DOMAIN INFO
INFO 2021-07-05 17:24:28,831 - {
    "DOMAIN": "www.wukongchat.com", 
    "EXPIRATION": "2021-10-03 08:22:53", 
    "DAYS": "89 days, 14:58:25"
}
DEBUG 2021-07-05 17:32:17,319 - ####################################################################################################
DEBUG 2021-07-05 17:32:17,326 - DOMAIN INFO
INFO 2021-07-05 17:32:17,326 - {
    "DOMAIN": "tochat333.com", 
    "EXPIRATION": "2021-07-19 16:18:13", 
    "DAYS": "13 days, 22:45:56"
}
DEBUG 2021-07-05 17:32:19,701 - ####################################################################################################
DEBUG 2021-07-05 17:32:19,707 - DOMAIN INFO
INFO 2021-07-05 17:32:19,707 - {
    "DOMAIN": "jbl.live", 
    "EXPIRATION": "2021-07-19 20:00:00", 
    "DAYS": "14 days, 2:27:41"
}
DEBUG 2021-07-05 17:32:20,745 - ####################################################################################################
DEBUG 2021-07-05 17:32:20,751 - DOMAIN INFO
INFO 2021-07-05 17:32:20,751 - {
    "DOMAIN": "www.jbl.live", 
    "EXPIRATION": "2021-07-19 20:00:00", 
    "DAYS": "14 days, 2:27:40"
}
DEBUG 2021-07-05 18:02:42,078 - ####################################################################################################
DEBUG 2021-07-05 18:02:42,085 - DOMAIN INFO
INFO 2021-07-05 18:02:42,085 - {
    "DOMAIN": "wpc89.com", 
    "EXPIRATION": "2021-07-14 08:28:41", 
    "DAYS": "8 days, 14:25:59"
}
DEBUG 2021-07-05 18:02:43,170 - ####################################################################################################
DEBUG 2021-07-05 18:02:43,176 - DOMAIN INFO
INFO 2021-07-05 18:02:43,176 - {
    "DOMAIN": "www.wpc89.com", 
    "EXPIRATION": "2021-07-14 08:28:41", 
    "DAYS": "8 days, 14:25:58"
}
DEBUG 2021-07-05 18:24:27,745 - ####################################################################################################
DEBUG 2021-07-05 18:24:27,751 - DOMAIN INFO
INFO 2021-07-05 18:24:27,752 - {
    "DOMAIN": "www.wukongchat.com", 
    "EXPIRATION": "2021-10-03 08:22:53", 
    "DAYS": "89 days, 13:58:26"
}
DEBUG 2021-07-05 18:32:18,861 - ####################################################################################################
DEBUG 2021-07-05 18:32:18,868 - DOMAIN INFO
INFO 2021-07-05 18:32:18,868 - {
    "DOMAIN": "tochat333.com", 
    "EXPIRATION": "2021-07-19 16:18:13", 
    "DAYS": "13 days, 21:45:55"
}
DEBUG 2021-07-05 18:32:20,860 - ####################################################################################################
DEBUG 2021-07-05 18:32:20,866 - DOMAIN INFO
INFO 2021-07-05 18:32:20,866 - {
    "DOMAIN": "jbl.live", 
    "EXPIRATION": "2021-07-19 20:00:00", 
    "DAYS": "14 days, 1:27:40"
}
DEBUG 2021-07-05 18:32:21,370 - ####################################################################################################
DEBUG 2021-07-05 18:32:21,376 - DOMAIN INFO
INFO 2021-07-05 18:32:21,376 - {
    "DOMAIN": "www.jbl.live", 
    "EXPIRATION": "2021-07-19 20:00:00", 
    "DAYS": "14 days, 1:27:39"
}
DEBUG 2021-07-05 19:02:43,040 - ####################################################################################################
DEBUG 2021-07-05 19:02:43,046 - DOMAIN INFO
INFO 2021-07-05 19:02:43,046 - {
    "DOMAIN": "wpc89.com", 
    "EXPIRATION": "2021-07-14 08:28:41", 
    "DAYS": "8 days, 13:25:58"
}
DEBUG 2021-07-05 19:02:43,667 - ####################################################################################################
DEBUG 2021-07-05 19:02:43,673 - DOMAIN INFO
INFO 2021-07-05 19:02:43,674 - {
    "DOMAIN": "www.wpc89.com", 
    "EXPIRATION": "2021-07-14 08:28:41", 
    "DAYS": "8 days, 13:25:58"
}
DEBUG 2021-07-05 19:24:30,078 - ####################################################################################################
DEBUG 2021-07-05 19:24:30,085 - DOMAIN INFO
INFO 2021-07-05 19:24:30,085 - {
    "DOMAIN": "www.wukongchat.com", 
    "EXPIRATION": "2021-10-03 08:22:53", 
    "DAYS": "89 days, 12:58:23"
}
DEBUG 2021-07-05 19:32:19,042 - ####################################################################################################
DEBUG 2021-07-05 19:32:19,049 - DOMAIN INFO
INFO 2021-07-05 19:32:19,049 - {
    "DOMAIN": "tochat333.com", 
    "EXPIRATION": "2021-07-19 16:18:13", 
    "DAYS": "13 days, 20:45:54"
}
DEBUG 2021-07-05 19:32:22,994 - ####################################################################################################
DEBUG 2021-07-05 19:32:23,000 - DOMAIN INFO
INFO 2021-07-05 19:32:23,000 - {
    "DOMAIN": "jbl.live", 
    "EXPIRATION": "2021-07-19 20:00:00", 
    "DAYS": "14 days, 0:27:38"
}
DEBUG 2021-07-05 19:32:24,516 - ####################################################################################################
DEBUG 2021-07-05 19:32:24,522 - DOMAIN INFO
INFO 2021-07-05 19:32:24,523 - {
    "DOMAIN": "www.jbl.live", 
    "EXPIRATION": "2021-07-19 20:00:00", 
    "DAYS": "14 days, 0:27:36"
}
DEBUG 2021-07-05 20:02:41,733 - ####################################################################################################
DEBUG 2021-07-05 20:02:41,739 - DOMAIN INFO
INFO 2021-07-05 20:02:41,739 - {
    "DOMAIN": "wpc89.com", 
    "EXPIRATION": "2021-07-14 08:28:41", 
    "DAYS": "8 days, 12:26:00"
}
DEBUG 2021-07-05 20:02:42,078 - ####################################################################################################
DEBUG 2021-07-05 20:02:42,084 - DOMAIN INFO
INFO 2021-07-05 20:02:42,085 - {
    "DOMAIN": "www.wpc89.com", 
    "EXPIRATION": "2021-07-14 08:28:41", 
    "DAYS": "8 days, 12:25:59"
}
DEBUG 2021-07-05 20:24:30,307 - ####################################################################################################
DEBUG 2021-07-05 20:24:30,312 - DOMAIN INFO
INFO 2021-07-05 20:24:30,312 - {
    "DOMAIN": "www.wukongchat.com", 
    "EXPIRATION": "2021-10-03 08:22:53", 
    "DAYS": "89 days, 11:58:23"
}
DEBUG 2021-07-05 20:32:16,603 - ####################################################################################################
DEBUG 2021-07-05 20:32:16,609 - DOMAIN INFO
INFO 2021-07-05 20:32:16,610 - {
    "DOMAIN": "tochat333.com", 
    "EXPIRATION": "2021-07-19 16:18:13", 
    "DAYS": "13 days, 19:45:57"
}
DEBUG 2021-07-05 20:32:18,595 - ####################################################################################################
DEBUG 2021-07-05 20:32:18,601 - DOMAIN INFO
INFO 2021-07-05 20:32:18,602 - {
    "DOMAIN": "jbl.live", 
    "EXPIRATION": "2021-07-19 20:00:00", 
    "DAYS": "13 days, 23:27:42"
}
DEBUG 2021-07-05 20:32:19,191 - ####################################################################################################
DEBUG 2021-07-05 20:32:19,199 - DOMAIN INFO
INFO 2021-07-05 20:32:19,199 - {
    "DOMAIN": "www.jbl.live", 
    "EXPIRATION": "2021-07-19 20:00:00", 
    "DAYS": "13 days, 23:27:41"
}
DEBUG 2021-07-05 21:02:43,424 - ####################################################################################################
DEBUG 2021-07-05 21:02:43,431 - DOMAIN INFO
INFO 2021-07-05 21:02:43,431 - {
    "DOMAIN": "wpc89.com", 
    "EXPIRATION": "2021-07-14 08:28:41", 
    "DAYS": "8 days, 11:25:58"
}
DEBUG 2021-07-05 21:02:46,156 - ####################################################################################################
DEBUG 2021-07-05 21:02:46,161 - DOMAIN INFO
INFO 2021-07-05 21:02:46,162 - {
    "DOMAIN": "www.wpc89.com", 
    "EXPIRATION": "2021-07-14 08:28:41", 
    "DAYS": "8 days, 11:25:55"
}
DEBUG 2021-07-05 21:24:27,428 - ####################################################################################################
DEBUG 2021-07-05 21:24:27,433 - DOMAIN INFO
INFO 2021-07-05 21:24:27,433 - {
    "DOMAIN": "www.wukongchat.com", 
    "EXPIRATION": "2021-10-03 08:22:53", 
    "DAYS": "89 days, 10:58:26"
}
DEBUG 2021-07-05 21:32:18,656 - ####################################################################################################
DEBUG 2021-07-05 21:32:18,662 - DOMAIN INFO
INFO 2021-07-05 21:32:18,662 - {
    "DOMAIN": "tochat333.com", 
    "EXPIRATION": "2021-07-19 16:18:13", 
    "DAYS": "13 days, 18:45:55"
}
DEBUG 2021-07-05 21:32:22,252 - ####################################################################################################
DEBUG 2021-07-05 21:32:22,258 - DOMAIN INFO
INFO 2021-07-05 21:32:22,258 - {
    "DOMAIN": "jbl.live", 
    "EXPIRATION": "2021-07-19 20:00:00", 
    "DAYS": "13 days, 22:27:38"
}
DEBUG 2021-07-05 21:32:27,146 - ####################################################################################################
DEBUG 2021-07-05 21:32:27,153 - DOMAIN ERROR
INFO 2021-07-05 21:32:27,153 - {
    "DOMAIN": "www.jbl.live", 
    "DOMAIN_CURL": 13, 
    "ERROR": "[Errno 110] Connection timed out"
}
DEBUG 2021-07-05 22:02:46,193 - ####################################################################################################
DEBUG 2021-07-05 22:02:46,199 - DOMAIN INFO
INFO 2021-07-05 22:02:46,199 - {
    "DOMAIN": "wpc89.com", 
    "EXPIRATION": "2021-07-14 08:28:41", 
    "DAYS": "8 days, 10:25:55"
}
DEBUG 2021-07-05 22:02:46,607 - ####################################################################################################
DEBUG 2021-07-05 22:02:46,613 - DOMAIN INFO
INFO 2021-07-05 22:02:46,613 - {
    "DOMAIN": "www.wpc89.com", 
    "EXPIRATION": "2021-07-14 08:28:41", 
    "DAYS": "8 days, 10:25:55"
}
DEBUG 2021-07-05 22:24:27,794 - ####################################################################################################
DEBUG 2021-07-05 22:24:27,800 - DOMAIN INFO
INFO 2021-07-05 22:24:27,801 - {
    "DOMAIN": "www.wukongchat.com", 
    "EXPIRATION": "2021-10-03 08:22:53", 
    "DAYS": "89 days, 9:58:26"
}
DEBUG 2021-07-05 22:32:20,681 - ####################################################################################################
DEBUG 2021-07-05 22:32:20,687 - DOMAIN INFO
INFO 2021-07-05 22:32:20,687 - {
    "DOMAIN": "tochat333.com", 
    "EXPIRATION": "2021-07-19 16:18:13", 
    "DAYS": "13 days, 17:45:53"
}
DEBUG 2021-07-05 22:32:22,302 - ####################################################################################################
DEBUG 2021-07-05 22:32:22,309 - DOMAIN INFO
INFO 2021-07-05 22:32:22,309 - {
    "DOMAIN": "jbl.live", 
    "EXPIRATION": "2021-07-19 20:00:00", 
    "DAYS": "13 days, 21:27:38"
}
DEBUG 2021-07-05 22:32:22,858 - ####################################################################################################
DEBUG 2021-07-05 22:32:22,865 - DOMAIN INFO
INFO 2021-07-05 22:32:22,866 - {
    "DOMAIN": "www.jbl.live", 
    "EXPIRATION": "2021-07-19 20:00:00", 
    "DAYS": "13 days, 21:27:38"
}
DEBUG 2021-07-05 23:02:45,326 - ####################################################################################################
DEBUG 2021-07-05 23:02:45,332 - DOMAIN INFO
INFO 2021-07-05 23:02:45,333 - {
    "DOMAIN": "wpc89.com", 
    "EXPIRATION": "2021-07-14 08:28:41", 
    "DAYS": "8 days, 9:25:56"
}
DEBUG 2021-07-05 23:02:46,196 - ####################################################################################################
DEBUG 2021-07-05 23:02:46,202 - DOMAIN INFO
INFO 2021-07-05 23:02:46,203 - {
    "DOMAIN": "www.wpc89.com", 
    "EXPIRATION": "2021-07-14 08:28:41", 
    "DAYS": "8 days, 9:25:55"
}
DEBUG 2021-07-05 23:24:28,920 - ####################################################################################################
DEBUG 2021-07-05 23:24:28,926 - DOMAIN INFO
INFO 2021-07-05 23:24:28,926 - {
    "DOMAIN": "www.wukongchat.com", 
    "EXPIRATION": "2021-10-03 08:22:53", 
    "DAYS": "89 days, 8:58:25"
}
DEBUG 2021-07-05 23:32:16,337 - ####################################################################################################
DEBUG 2021-07-05 23:32:16,344 - DOMAIN INFO
INFO 2021-07-05 23:32:16,344 - {
    "DOMAIN": "tochat333.com", 
    "EXPIRATION": "2021-07-19 16:18:13", 
    "DAYS": "13 days, 16:45:57"
}
DEBUG 2021-07-05 23:32:20,270 - ####################################################################################################
DEBUG 2021-07-05 23:32:20,276 - DOMAIN INFO
INFO 2021-07-05 23:32:20,277 - {
    "DOMAIN": "jbl.live", 
    "EXPIRATION": "2021-07-19 20:00:00", 
    "DAYS": "13 days, 20:27:40"
}
DEBUG 2021-07-05 23:32:21,989 - ####################################################################################################
DEBUG 2021-07-05 23:32:21,996 - DOMAIN INFO
INFO 2021-07-05 23:32:21,996 - {
    "DOMAIN": "www.jbl.live", 
    "EXPIRATION": "2021-07-19 20:00:00", 
    "DAYS": "13 days, 20:27:39"
}
