DEBUG 2021-07-10 00:00:05,144 - ####################################################################################################
DEBUG 2021-07-10 00:00:05,149 - DOMAIN INFO
INFO 2021-07-10 00:00:05,150 - {
    "DOMAIN": "tv36.com", 
    "EXPIRATION": "2021-07-26 13:40:15", 
    "DAYS": "16 days, 13:40:10"
}
DEBUG 2021-07-10 00:08:41,492 - ####################################################################################################
DEBUG 2021-07-10 00:08:41,498 - DOMAIN ERROR
INFO 2021-07-10 00:08:41,498 - {
    "DOMAIN": "12859999.com", 
    "DOMAIN_CURL": 79, 
    "ERROR": "[Errno 110] Connection timed out"
}
DEBUG 2021-07-10 00:08:44,098 - ####################################################################################################
DEBUG 2021-07-10 00:08:44,103 - DOMAIN ERROR
INFO 2021-07-10 00:08:44,104 - {
    "DOMAIN": "12899888.com", 
    "DOMAIN_CURL": 79, 
    "ERROR": "[Errno 110] Connection timed out"
}
DEBUG 2021-07-10 01:00:02,200 - ####################################################################################################
DEBUG 2021-07-10 01:00:02,205 - DOMAIN INFO
INFO 2021-07-10 01:00:02,205 - {
    "DOMAIN": "tv36.com", 
    "EXPIRATION": "2021-07-26 13:40:15", 
    "DAYS": "16 days, 12:40:13"
}
DEBUG 2021-07-10 01:08:43,621 - ####################################################################################################
DEBUG 2021-07-10 01:08:43,627 - DOMAIN ERROR
INFO 2021-07-10 01:08:43,627 - {
    "DOMAIN": "12859999.com", 
    "DOMAIN_CURL": 79, 
    "ERROR": "[Errno 110] Connection timed out"
}
DEBUG 2021-07-10 01:08:43,932 - ####################################################################################################
DEBUG 2021-07-10 01:08:43,939 - DOMAIN ERROR
INFO 2021-07-10 01:08:43,939 - {
    "DOMAIN": "12899888.com", 
    "DOMAIN_CURL": 79, 
    "ERROR": "[Errno 110] Connection timed out"
}
DEBUG 2021-07-10 02:00:02,712 - ####################################################################################################
DEBUG 2021-07-10 02:00:02,718 - DOMAIN INFO
INFO 2021-07-10 02:00:02,718 - {
    "DOMAIN": "tv36.com", 
    "EXPIRATION": "2021-07-26 13:40:15", 
    "DAYS": "16 days, 11:40:13"
}
DEBUG 2021-07-10 02:08:40,973 - ####################################################################################################
DEBUG 2021-07-10 02:08:40,979 - DOMAIN ERROR
INFO 2021-07-10 02:08:40,979 - {
    "DOMAIN": "12859999.com", 
    "DOMAIN_CURL": 79, 
    "ERROR": "[Errno 110] Connection timed out"
}
DEBUG 2021-07-10 02:08:42,000 - ####################################################################################################
DEBUG 2021-07-10 02:08:42,005 - DOMAIN ERROR
INFO 2021-07-10 02:08:42,005 - {
    "DOMAIN": "12899888.com", 
    "DOMAIN_CURL": 79, 
    "ERROR": "[Errno 110] Connection timed out"
}
DEBUG 2021-07-10 03:00:02,151 - ####################################################################################################
DEBUG 2021-07-10 03:00:02,156 - DOMAIN INFO
INFO 2021-07-10 03:00:02,157 - {
    "DOMAIN": "tv36.com", 
    "EXPIRATION": "2021-07-26 13:40:15", 
    "DAYS": "16 days, 10:40:13"
}
DEBUG 2021-07-10 03:08:41,549 - ####################################################################################################
DEBUG 2021-07-10 03:08:41,555 - DOMAIN ERROR
INFO 2021-07-10 03:08:41,555 - {
    "DOMAIN": "12859999.com", 
    "DOMAIN_CURL": 79, 
    "ERROR": "[Errno 110] Connection timed out"
}
DEBUG 2021-07-10 03:08:51,490 - ####################################################################################################
DEBUG 2021-07-10 03:08:51,496 - DOMAIN ERROR
INFO 2021-07-10 03:08:51,496 - {
    "DOMAIN": "12899888.com", 
    "DOMAIN_CURL": 79, 
    "ERROR": "[Errno 110] Connection timed out"
}
DEBUG 2021-07-10 04:00:02,218 - ####################################################################################################
DEBUG 2021-07-10 04:00:02,223 - DOMAIN INFO
INFO 2021-07-10 04:00:02,223 - {
    "DOMAIN": "tv36.com", 
    "EXPIRATION": "2021-07-26 13:40:15", 
    "DAYS": "16 days, 9:40:13"
}
DEBUG 2021-07-10 04:08:44,656 - ####################################################################################################
DEBUG 2021-07-10 04:08:44,662 - DOMAIN ERROR
INFO 2021-07-10 04:08:44,662 - {
    "DOMAIN": "12859999.com", 
    "DOMAIN_CURL": 79, 
    "ERROR": "[Errno 110] Connection timed out"
}
DEBUG 2021-07-10 04:08:45,964 - ####################################################################################################
DEBUG 2021-07-10 04:08:45,970 - DOMAIN ERROR
INFO 2021-07-10 04:08:45,970 - {
    "DOMAIN": "12899888.com", 
    "DOMAIN_CURL": 79, 
    "ERROR": "[Errno 110] Connection timed out"
}
DEBUG 2021-07-10 05:00:03,167 - ####################################################################################################
DEBUG 2021-07-10 05:00:03,174 - DOMAIN INFO
INFO 2021-07-10 05:00:03,174 - {
    "DOMAIN": "tv36.com", 
    "EXPIRATION": "2021-07-26 13:40:15", 
    "DAYS": "16 days, 8:40:12"
}
DEBUG 2021-07-10 05:08:39,589 - ####################################################################################################
DEBUG 2021-07-10 05:08:39,594 - DOMAIN ERROR
INFO 2021-07-10 05:08:39,594 - {
    "DOMAIN": "12859999.com", 
    "DOMAIN_CURL": 79, 
    "ERROR": "[Errno 110] Connection timed out"
}
DEBUG 2021-07-10 05:08:42,117 - ####################################################################################################
DEBUG 2021-07-10 05:08:42,122 - DOMAIN ERROR
INFO 2021-07-10 05:08:42,123 - {
    "DOMAIN": "12899888.com", 
    "DOMAIN_CURL": 79, 
    "ERROR": "[Errno 110] Connection timed out"
}
DEBUG 2021-07-10 05:21:17,106 - ####################################################################################################
DEBUG 2021-07-10 05:21:17,112 - DOMAIN INFO
INFO 2021-07-10 05:21:17,112 - {
    "DOMAIN": "jbaili28.net", 
    "EXPIRATION": "2021-09-27 10:54:47", 
    "DAYS": "79 days, 5:33:30"
}
DEBUG 2021-07-10 05:21:17,866 - ####################################################################################################
DEBUG 2021-07-10 05:21:17,871 - DOMAIN INFO
INFO 2021-07-10 05:21:17,872 - {
    "DOMAIN": "xbet086.com", 
    "EXPIRATION": "2021-09-26 00:06:07", 
    "DAYS": "77 days, 18:44:50"
}
DEBUG 2021-07-10 05:21:18,466 - ####################################################################################################
DEBUG 2021-07-10 05:21:18,472 - DOMAIN INFO
INFO 2021-07-10 05:21:18,472 - {
    "DOMAIN": "xbet65.com", 
    "EXPIRATION": "2021-09-26 23:51:38", 
    "DAYS": "78 days, 18:30:20"
}
DEBUG 2021-07-10 05:21:19,760 - ####################################################################################################
DEBUG 2021-07-10 05:21:19,765 - DOMAIN ERROR
INFO 2021-07-10 05:21:19,766 - {
    "DOMAIN": "ying88888.com", 
    "DOMAIN_CURL": 78, 
    "ERROR": "[Errno 101] Network is unreachable"
}
DEBUG 2021-07-10 05:21:22,512 - ####################################################################################################
DEBUG 2021-07-10 05:21:22,519 - DOMAIN ERROR
INFO 2021-07-10 05:21:22,520 - {
    "DOMAIN": "ebcn.xshny.com", 
    "DOMAIN_CURL": 195, 
    "ERROR": "[Errno 104] Connection reset by peer"
}
DEBUG 2021-07-10 05:21:36,730 - ####################################################################################################
DEBUG 2021-07-10 05:21:36,737 - DOMAIN ERROR
INFO 2021-07-10 05:21:36,737 - {
    "DOMAIN": "ebcn.chaodjia.com", 
    "DOMAIN_CURL": 0, 
    "ERROR": "[Errno 104] Connection reset by peer"
}
DEBUG 2021-07-10 06:00:03,342 - ####################################################################################################
DEBUG 2021-07-10 06:00:03,347 - DOMAIN INFO
INFO 2021-07-10 06:00:03,347 - {
    "DOMAIN": "tv36.com", 
    "EXPIRATION": "2021-07-26 13:40:15", 
    "DAYS": "16 days, 7:40:12"
}
DEBUG 2021-07-10 06:08:36,445 - ####################################################################################################
DEBUG 2021-07-10 06:08:36,451 - DOMAIN INFO
INFO 2021-07-10 06:08:36,451 - {
    "DOMAIN": "12859999.com", 
    "EXPIRATION": "2021-09-27 23:11:53", 
    "DAYS": "79 days, 17:03:17"
}
DEBUG 2021-07-10 06:08:40,110 - ####################################################################################################
DEBUG 2021-07-10 06:08:40,116 - DOMAIN ERROR
INFO 2021-07-10 06:08:40,116 - {
    "DOMAIN": "12899888.com", 
    "DOMAIN_CURL": 79, 
    "ERROR": "[Errno 110] Connection timed out"
}
DEBUG 2021-07-10 06:21:19,871 - ####################################################################################################
DEBUG 2021-07-10 06:21:19,877 - DOMAIN INFO
INFO 2021-07-10 06:21:19,877 - {
    "DOMAIN": "ying88888.com", 
    "EXPIRATION": "2021-09-27 10:43:24", 
    "DAYS": "79 days, 4:22:05"
}
DEBUG 2021-07-10 06:21:23,009 - ####################################################################################################
DEBUG 2021-07-10 06:21:23,015 - DOMAIN INFO
INFO 2021-07-10 06:21:23,015 - {
    "DOMAIN": "eu167.net", 
    "EXPIRATION": "2021-09-27 03:31:44", 
    "DAYS": "78 days, 21:10:21"
}
DEBUG 2021-07-10 06:21:28,039 - ####################################################################################################
DEBUG 2021-07-10 06:21:28,044 - DOMAIN ERROR
INFO 2021-07-10 06:21:28,044 - {
    "DOMAIN": "eu2018.net", 
    "DOMAIN_CURL": 80, 
    "ERROR": "[Errno 101] Network is unreachable"
}
DEBUG 2021-07-10 06:21:28,413 - ####################################################################################################
DEBUG 2021-07-10 06:21:28,419 - DOMAIN INFO
INFO 2021-07-10 06:21:28,419 - {
    "DOMAIN": "api.wikiplus.cn", 
    "EXPIRATION": "2021-12-04 07:59:59", 
    "DAYS": "147 days, 1:38:31"
}
DEBUG 2021-07-10 06:21:29,138 - ####################################################################################################
DEBUG 2021-07-10 06:21:29,144 - DOMAIN ERROR
INFO 2021-07-10 06:21:29,144 - {
    "DOMAIN": "jin172.com", 
    "DOMAIN_CURL": 78, 
    "ERROR": "hostname 'jin172.com' doesn't match either of 'api.dropboxapi.com', 'api.dropbox.com', 'api0.dropbox.com', 'api1.dropbox.com', 'api2.dropbox.com', 'api3.dropbox.com', 'api4.dropbox.com', 'api5.dropbox.com', 'api6.dropbox.com', 'api7.dropbox.com', 'api8.dropbox.com', 'api9.dropbox.com', 'api10.dropbox.com', 'api11.dropbox.com', 'api12.dropbox.com', 'api13.dropbox.com', 'api14.dropbox.com', 'api15.dropbox.com', 'api16.dropbox.com', 'api17.dropbox.com', 'api18.dropbox.com', 'api19.dropbox.com', 'api20.dropbox.com', 'api21.dropbox.com', 'api22.dropbox.com', 'api23.dropbox.com', 'api24.dropbox.com', 'api25.dropbox.com', 'api26.dropbox.com', 'api27.dropbox.com', 'api28.dropbox.com', 'api29.dropbox.com', 'api30.dropbox.com', 'notify.dropboxapi.com', 'api-notify0.dropbox.com', 'api-notify1.dropbox.com', 'api-notify2.dropbox.com', 'api-notify3.dropbox.com', 'api-notify4.dropbox.com', 'api-notify5.dropbox.com', 'wopi.dropbox.com', 'wopi-test.dropbox.com', 'www.api.dropboxapi.com', 'api-notify.dropbox.com', 'content.dropboxapi.com', 'cloud-docs-gdd-test.dropbox.com', 'cloud-docs-gdd.dropbox.com'"
}
DEBUG 2021-07-10 06:21:29,550 - ####################################################################################################
DEBUG 2021-07-10 06:21:29,556 - DOMAIN INFO
INFO 2021-07-10 06:21:29,556 - {
    "DOMAIN": "www.eu138.com", 
    "EXPIRATION": "2021-09-27 23:29:10", 
    "DAYS": "79 days, 17:07:41"
}
DEBUG 2021-07-10 06:21:30,210 - ####################################################################################################
DEBUG 2021-07-10 06:21:30,216 - DOMAIN ERROR
INFO 2021-07-10 06:21:30,217 - {
    "DOMAIN": "yifu.wikiplus.cn", 
    "DOMAIN_CURL": 146, 
    "ERROR": "[Errno 104] Connection reset by peer"
}
DEBUG 2021-07-10 06:21:32,096 - ####################################################################################################
DEBUG 2021-07-10 06:21:32,103 - DOMAIN ERROR
INFO 2021-07-10 06:21:32,104 - {
    "DOMAIN": "ebcn.chaodjia.com", 
    "DOMAIN_CURL": 171, 
    "ERROR": "[Errno 104] Connection reset by peer"
}
DEBUG 2021-07-10 07:00:01,718 - ####################################################################################################
DEBUG 2021-07-10 07:00:01,726 - DOMAIN INFO
INFO 2021-07-10 07:00:01,726 - {
    "DOMAIN": "tv36.com", 
    "EXPIRATION": "2021-07-26 13:40:15", 
    "DAYS": "16 days, 6:40:14"
}
DEBUG 2021-07-10 07:08:42,369 - ####################################################################################################
DEBUG 2021-07-10 07:08:42,377 - DOMAIN ERROR
INFO 2021-07-10 07:08:42,377 - {
    "DOMAIN": "12899888.com", 
    "DOMAIN_CURL": 79, 
    "ERROR": "[Errno 110] Connection timed out"
}
DEBUG 2021-07-10 07:21:30,573 - ####################################################################################################
DEBUG 2021-07-10 07:21:30,579 - DOMAIN ERROR
INFO 2021-07-10 07:21:30,579 - {
    "DOMAIN": "api.wikiplus.cn", 
    "DOMAIN_CURL": 146, 
    "ERROR": "[Errno 104] Connection reset by peer"
}
DEBUG 2021-07-10 07:21:36,050 - ####################################################################################################
DEBUG 2021-07-10 07:21:36,056 - DOMAIN ERROR
INFO 2021-07-10 07:21:36,056 - {
    "DOMAIN": "ebcn.chaodjia.com", 
    "DOMAIN_CURL": 0, 
    "ERROR": "[Errno 104] Connection reset by peer"
}
DEBUG 2021-07-10 07:21:36,801 - ####################################################################################################
DEBUG 2021-07-10 07:21:36,808 - DOMAIN ERROR
INFO 2021-07-10 07:21:36,809 - {
    "DOMAIN": "yifu.wikiplus.cn", 
    "DOMAIN_CURL": 0, 
    "ERROR": "[Errno 104] Connection reset by peer"
}
DEBUG 2021-07-10 08:00:04,061 - ####################################################################################################
DEBUG 2021-07-10 08:00:04,066 - DOMAIN INFO
INFO 2021-07-10 08:00:04,067 - {
    "DOMAIN": "tv36.com", 
    "EXPIRATION": "2021-07-26 13:40:15", 
    "DAYS": "16 days, 5:40:11"
}
DEBUG 2021-07-10 08:08:44,471 - ####################################################################################################
DEBUG 2021-07-10 08:08:44,476 - DOMAIN ERROR
INFO 2021-07-10 08:08:44,477 - {
    "DOMAIN": "12899888.com", 
    "DOMAIN_CURL": 79, 
    "ERROR": "[Errno 110] Connection timed out"
}
DEBUG 2021-07-10 08:21:20,233 - ####################################################################################################
DEBUG 2021-07-10 08:21:20,238 - DOMAIN INFO
INFO 2021-07-10 08:21:20,239 - {
    "DOMAIN": "ebcn.chaodjia.com", 
    "EXPIRATION": "2021-12-29 07:59:59", 
    "DAYS": "171 days, 23:38:39"
}
DEBUG 2021-07-10 08:21:22,490 - ####################################################################################################
DEBUG 2021-07-10 08:21:22,495 - DOMAIN INFO
INFO 2021-07-10 08:21:22,495 - {
    "DOMAIN": "api.wikiplus.cn", 
    "EXPIRATION": "2021-12-04 07:59:59", 
    "DAYS": "146 days, 23:38:37"
}
DEBUG 2021-07-10 08:21:37,268 - ####################################################################################################
DEBUG 2021-07-10 08:21:37,274 - DOMAIN ERROR
INFO 2021-07-10 08:21:37,274 - {
    "DOMAIN": "yifu.wikiplus.cn", 
    "DOMAIN_CURL": 0, 
    "ERROR": "[Errno 104] Connection reset by peer"
}
DEBUG 2021-07-10 09:00:02,716 - ####################################################################################################
DEBUG 2021-07-10 09:00:02,722 - DOMAIN INFO
INFO 2021-07-10 09:00:02,722 - {
    "DOMAIN": "tv36.com", 
    "EXPIRATION": "2021-07-26 13:40:15", 
    "DAYS": "16 days, 4:40:13"
}
DEBUG 2021-07-10 09:08:43,652 - ####################################################################################################
DEBUG 2021-07-10 09:08:43,658 - DOMAIN ERROR
INFO 2021-07-10 09:08:43,658 - {
    "DOMAIN": "12899888.com", 
    "DOMAIN_CURL": 79, 
    "ERROR": "[Errno 110] Connection timed out"
}
DEBUG 2021-07-10 09:21:20,069 - ####################################################################################################
DEBUG 2021-07-10 09:21:20,075 - DOMAIN INFO
INFO 2021-07-10 09:21:20,075 - {
    "DOMAIN": "ebcn.chaodjia.com", 
    "EXPIRATION": "2021-12-29 07:59:59", 
    "DAYS": "171 days, 22:38:39"
}
DEBUG 2021-07-10 09:21:23,502 - ####################################################################################################
DEBUG 2021-07-10 09:21:23,507 - DOMAIN INFO
INFO 2021-07-10 09:21:23,507 - {
    "DOMAIN": "api.wikiplus.cn", 
    "EXPIRATION": "2021-12-04 07:59:59", 
    "DAYS": "146 days, 22:38:36"
}
DEBUG 2021-07-10 09:21:37,437 - ####################################################################################################
DEBUG 2021-07-10 09:21:37,442 - DOMAIN ERROR
INFO 2021-07-10 09:21:37,443 - {
    "DOMAIN": "yifu.wikiplus.cn", 
    "DOMAIN_CURL": 0, 
    "ERROR": "[Errno 104] Connection reset by peer"
}
DEBUG 2021-07-10 09:27:24,911 - ####################################################################################################
DEBUG 2021-07-10 09:27:24,917 - DOMAIN ERROR
INFO 2021-07-10 09:27:24,917 - {
    "DOMAIN": "ebcn.chaodjia.com", 
    "DOMAIN_CURL": 171, 
    "ERROR": "[Errno 104] Connection reset by peer"
}
DEBUG 2021-07-10 09:31:19,986 - ####################################################################################################
DEBUG 2021-07-10 09:31:19,992 - DOMAIN ERROR
INFO 2021-07-10 09:31:19,992 - {
    "DOMAIN": "ebcn.chaodjia.com", 
    "DOMAIN_CURL": 171, 
    "ERROR": "[Errno 104] Connection reset by peer"
}
DEBUG 2021-07-10 09:34:44,974 - ####################################################################################################
DEBUG 2021-07-10 09:34:44,980 - DOMAIN PYTHON ERROR
INFO 2021-07-10 09:34:44,980 - {
    "DOMAIN": "ebcn.chaodjia.com", 
    "PYTHON ERROR": "[Errno 104] Connection reset by peer", 
    "DOMAIN_CURL": 0
}
DEBUG 2021-07-10 09:35:40,907 - ####################################################################################################
DEBUG 2021-07-10 09:35:40,912 - DOMAIN PYTHON ERROR
INFO 2021-07-10 09:35:40,912 - {
    "DOMAIN": "ebcn.chaodjia.com", 
    "PYTHON ERROR": "[Errno 104] Connection reset by peer", 
    "DOMAIN_CURL": 0
}
DEBUG 2021-07-10 09:46:08,096 - ####################################################################################################
DEBUG 2021-07-10 09:46:08,101 - DOMAIN INFO
INFO 2021-07-10 09:46:08,102 - {
    "DOMAIN": "ebcn.chaodjia.com", 
    "EXPIRATION": "2021-12-29 07:59:59", 
    "DAYS": "171 days, 22:13:51"
}
DEBUG 2021-07-10 09:46:26,698 - ####################################################################################################
DEBUG 2021-07-10 09:46:26,704 - DOMAIN PYTHON ERROR
INFO 2021-07-10 09:46:26,705 - {
    "DOMAIN": "ebcn.chaodjia.com", 
    "PYTHON ERROR": "[Errno 104] Connection reset by peer", 
    "DOMAIN_CURL": 0
}
DEBUG 2021-07-10 09:46:45,926 - ####################################################################################################
DEBUG 2021-07-10 09:46:45,932 - DOMAIN PYTHON ERROR
INFO 2021-07-10 09:46:45,932 - {
    "DOMAIN": "ebcn.chaodjia.com", 
    "PYTHON ERROR": "[Errno 104] Connection reset by peer", 
    "DOMAIN_CURL": 0
}
DEBUG 2021-07-10 10:00:02,956 - ####################################################################################################
DEBUG 2021-07-10 10:00:02,962 - DOMAIN INFO
INFO 2021-07-10 10:00:02,962 - {
    "DOMAIN": "tv36.com", 
    "EXPIRATION": "2021-07-26 13:40:15", 
    "DAYS": "16 days, 3:40:13"
}
DEBUG 2021-07-10 10:08:45,290 - ####################################################################################################
DEBUG 2021-07-10 10:08:45,295 - DOMAIN PYTHON ERROR
INFO 2021-07-10 10:08:45,296 - {
    "DOMAIN": "12899888.com", 
    "PYTHON ERROR": "[Errno 110] Connection timed out", 
    "DOMAIN_CURL": 79
}
DEBUG 2021-07-10 10:21:18,882 - ####################################################################################################
DEBUG 2021-07-10 10:21:18,887 - DOMAIN INFO
INFO 2021-07-10 10:21:18,888 - {
    "DOMAIN": "ebcn.chaodjia.com", 
    "EXPIRATION": "2021-12-29 07:59:59", 
    "DAYS": "171 days, 21:38:41"
}
DEBUG 2021-07-10 10:21:22,131 - ####################################################################################################
DEBUG 2021-07-10 10:21:22,137 - DOMAIN INFO
INFO 2021-07-10 10:21:22,137 - {
    "DOMAIN": "yifu.wikiplus.cn", 
    "EXPIRATION": "2021-12-04 07:59:59", 
    "DAYS": "146 days, 21:38:37"
}
DEBUG 2021-07-10 10:21:24,620 - ####################################################################################################
DEBUG 2021-07-10 10:21:24,624 - DOMAIN INFO
INFO 2021-07-10 10:21:24,625 - {
    "DOMAIN": "api.wikiplus.cn", 
    "EXPIRATION": "2021-12-04 07:59:59", 
    "DAYS": "146 days, 21:38:35"
}
DEBUG 2021-07-10 11:00:01,859 - ####################################################################################################
DEBUG 2021-07-10 11:00:01,866 - DOMAIN INFO
INFO 2021-07-10 11:00:01,866 - {
    "DOMAIN": "tv36.com", 
    "EXPIRATION": "2021-07-26 13:40:15", 
    "DAYS": "16 days, 2:40:14"
}
DEBUG 2021-07-10 11:08:40,630 - ####################################################################################################
DEBUG 2021-07-10 11:08:40,636 - DOMAIN PYTHON ERROR
INFO 2021-07-10 11:08:40,636 - {
    "DOMAIN": "12899888.com", 
    "PYTHON ERROR": "[Errno 110] Connection timed out", 
    "DOMAIN_CURL": 79
}
DEBUG 2021-07-10 11:21:25,116 - ####################################################################################################
DEBUG 2021-07-10 11:21:25,122 - DOMAIN INFO
INFO 2021-07-10 11:21:25,122 - {
    "DOMAIN": "ebcn.chaodjia.com", 
    "EXPIRATION": "2021-12-29 07:59:59", 
    "DAYS": "171 days, 20:38:34"
}
DEBUG 2021-07-10 11:21:27,845 - ####################################################################################################
DEBUG 2021-07-10 11:21:27,851 - DOMAIN INFO
INFO 2021-07-10 11:21:27,851 - {
    "DOMAIN": "api.wikiplus.cn", 
    "EXPIRATION": "2021-12-04 07:59:59", 
    "DAYS": "146 days, 20:38:32"
}
DEBUG 2021-07-10 11:21:42,972 - ####################################################################################################
DEBUG 2021-07-10 11:21:42,979 - DOMAIN PYTHON ERROR
INFO 2021-07-10 11:21:42,979 - {
    "DOMAIN": "yifu.wikiplus.cn", 
    "PYTHON ERROR": "[Errno 104] Connection reset by peer", 
    "DOMAIN_CURL": 0
}
DEBUG 2021-07-10 12:00:03,535 - ####################################################################################################
DEBUG 2021-07-10 12:00:03,540 - DOMAIN INFO
INFO 2021-07-10 12:00:03,541 - {
    "DOMAIN": "tv36.com", 
    "EXPIRATION": "2021-07-26 13:40:15", 
    "DAYS": "16 days, 1:40:12"
}
DEBUG 2021-07-10 12:08:39,811 - ####################################################################################################
DEBUG 2021-07-10 12:08:39,816 - DOMAIN PYTHON ERROR
INFO 2021-07-10 12:08:39,817 - {
    "DOMAIN": "12899888.com", 
    "PYTHON ERROR": "[Errno 110] Connection timed out", 
    "DOMAIN_CURL": 79
}
DEBUG 2021-07-10 12:21:30,133 - ####################################################################################################
DEBUG 2021-07-10 12:21:30,140 - DOMAIN PYTHON ERROR
INFO 2021-07-10 12:21:30,140 - {
    "DOMAIN": "api.wikiplus.cn", 
    "PYTHON ERROR": "[Errno 104] Connection reset by peer", 
    "DOMAIN_CURL": 146
}
DEBUG 2021-07-10 12:21:31,488 - ####################################################################################################
DEBUG 2021-07-10 12:21:31,494 - DOMAIN PYTHON ERROR
INFO 2021-07-10 12:21:31,494 - {
    "DOMAIN": "ebcn.chaodjia.com", 
    "PYTHON ERROR": "[Errno 104] Connection reset by peer", 
    "DOMAIN_CURL": 171
}
DEBUG 2021-07-10 13:00:03,981 - ####################################################################################################
DEBUG 2021-07-10 13:00:03,986 - DOMAIN INFO
INFO 2021-07-10 13:00:03,986 - {
    "DOMAIN": "tv36.com", 
    "EXPIRATION": "2021-07-26 13:40:15", 
    "DAYS": "16 days, 0:40:12"
}
DEBUG 2021-07-10 13:08:43,020 - ####################################################################################################
DEBUG 2021-07-10 13:08:43,027 - DOMAIN INFO
INFO 2021-07-10 13:08:43,027 - {
    "DOMAIN": "12899888.com", 
    "EXPIRATION": "2021-09-27 23:11:58", 
    "DAYS": "79 days, 10:03:15"
}
DEBUG 2021-07-10 13:21:20,165 - ####################################################################################################
DEBUG 2021-07-10 13:21:20,170 - DOMAIN INFO
INFO 2021-07-10 13:21:20,171 - {
    "DOMAIN": "ebcn.chaodjia.com", 
    "EXPIRATION": "2021-12-29 07:59:59", 
    "DAYS": "171 days, 18:38:39"
}
DEBUG 2021-07-10 13:21:23,995 - ####################################################################################################
DEBUG 2021-07-10 13:21:24,001 - DOMAIN PYTHON ERROR
INFO 2021-07-10 13:21:24,001 - {
    "DOMAIN": "api.wikiplus.cn", 
    "PYTHON ERROR": "[Errno 104] Connection reset by peer", 
    "DOMAIN_CURL": 146
}
DEBUG 2021-07-10 14:00:02,282 - ####################################################################################################
DEBUG 2021-07-10 14:00:02,287 - DOMAIN INFO
INFO 2021-07-10 14:00:02,287 - {
    "DOMAIN": "tv36.com", 
    "EXPIRATION": "2021-07-26 13:40:15", 
    "DAYS": "15 days, 23:40:13"
}
DEBUG 2021-07-10 14:08:37,893 - ####################################################################################################
DEBUG 2021-07-10 14:08:37,899 - DOMAIN INFO
INFO 2021-07-10 14:08:37,899 - {
    "DOMAIN": "12899888.com", 
    "EXPIRATION": "2021-09-27 23:11:58", 
    "DAYS": "79 days, 9:03:21"
}
DEBUG 2021-07-10 14:21:22,023 - ####################################################################################################
DEBUG 2021-07-10 14:21:22,029 - DOMAIN PYTHON ERROR
INFO 2021-07-10 14:21:22,030 - {
    "DOMAIN": "ebcn.chaodjia.com", 
    "PYTHON ERROR": "[Errno 104] Connection reset by peer", 
    "DOMAIN_CURL": 171
}
DEBUG 2021-07-10 14:21:26,877 - ####################################################################################################
DEBUG 2021-07-10 14:21:26,882 - DOMAIN PYTHON ERROR
INFO 2021-07-10 14:21:26,882 - {
    "DOMAIN": "api.wikiplus.cn", 
    "PYTHON ERROR": "[Errno 104] Connection reset by peer", 
    "DOMAIN_CURL": 146
}
DEBUG 2021-07-10 15:00:03,689 - ####################################################################################################
DEBUG 2021-07-10 15:00:03,694 - DOMAIN INFO
INFO 2021-07-10 15:00:03,695 - {
    "DOMAIN": "tv36.com", 
    "EXPIRATION": "2021-07-26 13:40:15", 
    "DAYS": "15 days, 22:40:12"
}
DEBUG 2021-07-10 15:08:37,325 - ####################################################################################################
DEBUG 2021-07-10 15:08:37,331 - DOMAIN INFO
INFO 2021-07-10 15:08:37,331 - {
    "DOMAIN": "12899888.com", 
    "EXPIRATION": "2021-09-27 23:11:58", 
    "DAYS": "79 days, 8:03:21"
}
DEBUG 2021-07-10 15:21:22,886 - ####################################################################################################
DEBUG 2021-07-10 15:21:22,892 - DOMAIN INFO
INFO 2021-07-10 15:21:22,893 - {
    "DOMAIN": "ebcn.chaodjia.com", 
    "EXPIRATION": "2021-12-29 07:59:59", 
    "DAYS": "171 days, 16:38:37"
}
DEBUG 2021-07-10 15:21:28,781 - ####################################################################################################
DEBUG 2021-07-10 15:21:28,786 - DOMAIN PYTHON ERROR
INFO 2021-07-10 15:21:28,787 - {
    "DOMAIN": "api.wikiplus.cn", 
    "PYTHON ERROR": "[Errno 104] Connection reset by peer", 
    "DOMAIN_CURL": 146
}
DEBUG 2021-07-10 16:00:04,455 - ####################################################################################################
DEBUG 2021-07-10 16:00:04,460 - DOMAIN INFO
INFO 2021-07-10 16:00:04,460 - {
    "DOMAIN": "tv36.com", 
    "EXPIRATION": "2021-07-26 13:40:15", 
    "DAYS": "15 days, 21:40:11"
}
DEBUG 2021-07-10 16:08:39,799 - ####################################################################################################
DEBUG 2021-07-10 16:08:39,806 - DOMAIN INFO
INFO 2021-07-10 16:08:39,806 - {
    "DOMAIN": "12899888.com", 
    "EXPIRATION": "2021-09-27 23:11:58", 
    "DAYS": "79 days, 7:03:19"
}
DEBUG 2021-07-10 16:21:24,765 - ####################################################################################################
DEBUG 2021-07-10 16:21:24,770 - DOMAIN PYTHON ERROR
INFO 2021-07-10 16:21:24,770 - {
    "DOMAIN": "ebcn.chaodjia.com", 
    "PYTHON ERROR": "[Errno 104] Connection reset by peer", 
    "DOMAIN_CURL": 171
}
DEBUG 2021-07-10 16:21:27,852 - ####################################################################################################
DEBUG 2021-07-10 16:21:27,858 - DOMAIN INFO
INFO 2021-07-10 16:21:27,858 - {
    "DOMAIN": "api.wikiplus.cn", 
    "EXPIRATION": "2021-12-04 07:59:59", 
    "DAYS": "146 days, 15:38:32"
}
DEBUG 2021-07-10 17:00:04,004 - ####################################################################################################
DEBUG 2021-07-10 17:00:04,010 - DOMAIN INFO
INFO 2021-07-10 17:00:04,010 - {
    "DOMAIN": "tv36.com", 
    "EXPIRATION": "2021-07-26 13:40:15", 
    "DAYS": "15 days, 20:40:12"
}
DEBUG 2021-07-10 17:08:41,494 - ####################################################################################################
DEBUG 2021-07-10 17:08:41,500 - DOMAIN INFO
INFO 2021-07-10 17:08:41,500 - {
    "DOMAIN": "12899888.com", 
    "EXPIRATION": "2021-09-27 23:11:58", 
    "DAYS": "79 days, 6:03:17"
}
DEBUG 2021-07-10 17:21:20,897 - ####################################################################################################
DEBUG 2021-07-10 17:21:20,904 - DOMAIN PYTHON ERROR
INFO 2021-07-10 17:21:20,904 - {
    "DOMAIN": "ebcn.chaodjia.com", 
    "PYTHON ERROR": "[Errno 104] Connection reset by peer", 
    "DOMAIN_CURL": 171
}
DEBUG 2021-07-10 17:21:33,568 - ####################################################################################################
DEBUG 2021-07-10 17:21:33,575 - DOMAIN PYTHON ERROR
INFO 2021-07-10 17:21:33,575 - {
    "DOMAIN": "api.wikiplus.cn", 
    "PYTHON ERROR": "[Errno 104] Connection reset by peer", 
    "DOMAIN_CURL": 146
}
DEBUG 2021-07-10 18:00:02,748 - ####################################################################################################
DEBUG 2021-07-10 18:00:02,754 - DOMAIN INFO
INFO 2021-07-10 18:00:02,754 - {
    "DOMAIN": "tv36.com", 
    "EXPIRATION": "2021-07-26 13:40:15", 
    "DAYS": "15 days, 19:40:13"
}
DEBUG 2021-07-10 18:08:40,819 - ####################################################################################################
DEBUG 2021-07-10 18:08:40,825 - DOMAIN INFO
INFO 2021-07-10 18:08:40,825 - {
    "DOMAIN": "12899888.com", 
    "EXPIRATION": "2021-09-27 23:11:58", 
    "DAYS": "79 days, 5:03:18"
}
DEBUG 2021-07-10 18:21:27,703 - ####################################################################################################
DEBUG 2021-07-10 18:21:27,708 - DOMAIN PYTHON ERROR
INFO 2021-07-10 18:21:27,709 - {
    "DOMAIN": "ebcn.chaodjia.com", 
    "PYTHON ERROR": "[Errno 104] Connection reset by peer", 
    "DOMAIN_CURL": 171
}
DEBUG 2021-07-10 18:21:39,300 - ####################################################################################################
DEBUG 2021-07-10 18:21:39,307 - DOMAIN PYTHON ERROR
INFO 2021-07-10 18:21:39,307 - {
    "DOMAIN": "api.wikiplus.cn", 
    "PYTHON ERROR": "[Errno 104] Connection reset by peer", 
    "DOMAIN_CURL": 146
}
DEBUG 2021-07-10 19:00:01,833 - ####################################################################################################
DEBUG 2021-07-10 19:00:01,838 - DOMAIN INFO
INFO 2021-07-10 19:00:01,838 - {
    "DOMAIN": "tv36.com", 
    "EXPIRATION": "2021-07-26 13:40:15", 
    "DAYS": "15 days, 18:40:14"
}
DEBUG 2021-07-10 19:08:40,933 - ####################################################################################################
DEBUG 2021-07-10 19:08:40,939 - DOMAIN INFO
INFO 2021-07-10 19:08:40,939 - {
    "DOMAIN": "12899888.com", 
    "EXPIRATION": "2021-09-27 23:11:58", 
    "DAYS": "79 days, 4:03:18"
}
DEBUG 2021-07-10 19:21:40,204 - ####################################################################################################
DEBUG 2021-07-10 19:21:40,211 - DOMAIN PYTHON ERROR
INFO 2021-07-10 19:21:40,211 - {
    "DOMAIN": "ebcn.chaodjia.com", 
    "PYTHON ERROR": "[Errno 104] Connection reset by peer", 
    "DOMAIN_CURL": 0
}
DEBUG 2021-07-10 19:21:43,933 - ####################################################################################################
DEBUG 2021-07-10 19:21:43,939 - DOMAIN PYTHON ERROR
INFO 2021-07-10 19:21:43,940 - {
    "DOMAIN": "api.wikiplus.cn", 
    "PYTHON ERROR": "[Errno 104] Connection reset by peer", 
    "DOMAIN_CURL": 0
}
DEBUG 2021-07-10 20:00:02,045 - ####################################################################################################
DEBUG 2021-07-10 20:00:02,050 - DOMAIN INFO
INFO 2021-07-10 20:00:02,050 - {
    "DOMAIN": "tv36.com", 
    "EXPIRATION": "2021-07-26 13:40:15", 
    "DAYS": "15 days, 17:40:13"
}
DEBUG 2021-07-10 20:08:41,718 - ####################################################################################################
DEBUG 2021-07-10 20:08:41,724 - DOMAIN INFO
INFO 2021-07-10 20:08:41,725 - {
    "DOMAIN": "12899888.com", 
    "EXPIRATION": "2021-09-27 23:11:58", 
    "DAYS": "79 days, 3:03:17"
}
DEBUG 2021-07-10 20:21:26,087 - ####################################################################################################
DEBUG 2021-07-10 20:21:26,092 - DOMAIN PYTHON ERROR
INFO 2021-07-10 20:21:26,092 - {
    "DOMAIN": "api.wikiplus.cn", 
    "PYTHON ERROR": "[Errno 104] Connection reset by peer", 
    "DOMAIN_CURL": 146
}
DEBUG 2021-07-10 20:21:34,888 - ####################################################################################################
DEBUG 2021-07-10 20:21:34,894 - DOMAIN PYTHON ERROR
INFO 2021-07-10 20:21:34,894 - {
    "DOMAIN": "ebcn.chaodjia.com", 
    "PYTHON ERROR": "[Errno 104] Connection reset by peer", 
    "DOMAIN_CURL": 0
}
DEBUG 2021-07-10 21:00:03,511 - ####################################################################################################
DEBUG 2021-07-10 21:00:03,517 - DOMAIN INFO
INFO 2021-07-10 21:00:03,517 - {
    "DOMAIN": "tv36.com", 
    "EXPIRATION": "2021-07-26 13:40:15", 
    "DAYS": "15 days, 16:40:12"
}
DEBUG 2021-07-10 21:08:40,278 - ####################################################################################################
DEBUG 2021-07-10 21:08:40,284 - DOMAIN INFO
INFO 2021-07-10 21:08:40,284 - {
    "DOMAIN": "12899888.com", 
    "EXPIRATION": "2021-09-27 23:11:58", 
    "DAYS": "79 days, 2:03:18"
}
DEBUG 2021-07-10 21:21:24,946 - ####################################################################################################
DEBUG 2021-07-10 21:21:24,952 - DOMAIN INFO
INFO 2021-07-10 21:21:24,952 - {
    "DOMAIN": "api.wikiplus.cn", 
    "EXPIRATION": "2021-12-04 07:59:59", 
    "DAYS": "146 days, 10:38:35"
}
DEBUG 2021-07-10 21:21:34,884 - ####################################################################################################
DEBUG 2021-07-10 21:21:34,890 - DOMAIN PYTHON ERROR
INFO 2021-07-10 21:21:34,890 - {
    "DOMAIN": "ebcn.chaodjia.com", 
    "PYTHON ERROR": "[Errno 104] Connection reset by peer", 
    "DOMAIN_CURL": 0
}
DEBUG 2021-07-10 22:00:02,358 - ####################################################################################################
DEBUG 2021-07-10 22:00:02,363 - DOMAIN INFO
INFO 2021-07-10 22:00:02,364 - {
    "DOMAIN": "tv36.com", 
    "EXPIRATION": "2021-07-26 13:40:15", 
    "DAYS": "15 days, 15:40:13"
}
DEBUG 2021-07-10 22:08:40,265 - ####################################################################################################
DEBUG 2021-07-10 22:08:40,272 - DOMAIN INFO
INFO 2021-07-10 22:08:40,272 - {
    "DOMAIN": "12899888.com", 
    "EXPIRATION": "2021-09-27 23:11:58", 
    "DAYS": "79 days, 1:03:18"
}
DEBUG 2021-07-10 22:21:24,486 - ####################################################################################################
DEBUG 2021-07-10 22:21:24,492 - DOMAIN INFO
INFO 2021-07-10 22:21:24,493 - {
    "DOMAIN": "api.wikiplus.cn", 
    "EXPIRATION": "2021-12-04 07:59:59", 
    "DAYS": "146 days, 9:38:35"
}
DEBUG 2021-07-10 22:21:26,098 - ####################################################################################################
DEBUG 2021-07-10 22:21:26,104 - DOMAIN PYTHON ERROR
INFO 2021-07-10 22:21:26,104 - {
    "DOMAIN": "ebcn.chaodjia.com", 
    "PYTHON ERROR": "[Errno 104] Connection reset by peer", 
    "DOMAIN_CURL": 171
}
DEBUG 2021-07-10 23:00:05,012 - ####################################################################################################
DEBUG 2021-07-10 23:00:05,017 - DOMAIN INFO
INFO 2021-07-10 23:00:05,017 - {
    "DOMAIN": "tv36.com", 
    "EXPIRATION": "2021-07-26 13:40:15", 
    "DAYS": "15 days, 14:40:10"
}
DEBUG 2021-07-10 23:08:39,963 - ####################################################################################################
DEBUG 2021-07-10 23:08:39,970 - DOMAIN INFO
INFO 2021-07-10 23:08:39,970 - {
    "DOMAIN": "12899888.com", 
    "EXPIRATION": "2021-09-27 23:11:58", 
    "DAYS": "79 days, 0:03:19"
}
DEBUG 2021-07-10 23:21:18,299 - ####################################################################################################
DEBUG 2021-07-10 23:21:18,305 - DOMAIN INFO
INFO 2021-07-10 23:21:18,305 - {
    "DOMAIN": "ebcn.chaodjia.com", 
    "EXPIRATION": "2021-12-29 07:59:59", 
    "DAYS": "171 days, 8:38:41"
}
DEBUG 2021-07-10 23:21:25,692 - ####################################################################################################
DEBUG 2021-07-10 23:21:25,697 - DOMAIN PYTHON ERROR
INFO 2021-07-10 23:21:25,697 - {
    "DOMAIN": "api.wikiplus.cn", 
    "PYTHON ERROR": "[Errno 104] Connection reset by peer", 
    "DOMAIN_CURL": 146
}
