DEBUG 2021-07-13 00:00:02,603 - ####################################################################################################
DEBUG 2021-07-13 00:00:02,610 - DOMAIN INFO
INFO 2021-07-13 00:00:02,610 - {
    "DOMAIN": "tv36.com", 
    "EXPIRATION": "2021-09-27 23:33:21", 
    "DAYS": "76 days, 23:33:19"
}
DEBUG 2021-07-13 00:26:17,146 - ####################################################################################################
DEBUG 2021-07-13 00:26:17,151 - DOMAIN INFO
INFO 2021-07-13 00:26:17,152 - {
    "DOMAIN": "gci.987byh.com", 
    "EXPIRATION": "2021-07-30 07:59:59", 
    "DAYS": "17 days, 7:33:42"
}
DEBUG 2021-07-13 00:31:10,305 - ####################################################################################################
DEBUG 2021-07-13 00:31:10,312 - DOMAIN INFO
INFO 2021-07-13 00:31:10,312 - {
    "DOMAIN": "kbl6666.com", 
    "EXPIRATION": "2021-09-28 05:47:36", 
    "DAYS": "77 days, 5:16:26"
}
DEBUG 2021-07-13 00:31:19,340 - ####################################################################################################
DEBUG 2021-07-13 00:31:19,346 - DOMAIN INFO
INFO 2021-07-13 00:31:19,346 - {
    "DOMAIN": "jsh521.com", 
    "EXPIRATION": "2021-09-27 14:32:43", 
    "DAYS": "76 days, 14:01:24"
}
DEBUG 2021-07-13 00:31:19,468 - ####################################################################################################
DEBUG 2021-07-13 00:31:19,474 - DOMAIN INFO
INFO 2021-07-13 00:31:19,474 - {
    "DOMAIN": "www.jsh521.com", 
    "EXPIRATION": "2021-09-27 14:32:43", 
    "DAYS": "76 days, 14:01:24"
}
DEBUG 2021-07-13 00:31:29,617 - ####################################################################################################
DEBUG 2021-07-13 00:31:29,623 - DOMAIN INFO
INFO 2021-07-13 00:31:29,623 - {
    "DOMAIN": "jin172.com", 
    "EXPIRATION": "2021-09-27 10:38:24", 
    "DAYS": "76 days, 10:06:55"
}
DEBUG 2021-07-13 00:31:33,894 - ####################################################################################################
DEBUG 2021-07-13 00:31:33,899 - DOMAIN INFO
INFO 2021-07-13 00:31:33,900 - {
    "DOMAIN": "www.eu590.com", 
    "EXPIRATION": "2021-09-27 23:04:45", 
    "DAYS": "76 days, 22:33:12"
}
DEBUG 2021-07-13 00:31:34,242 - ####################################################################################################
DEBUG 2021-07-13 00:31:34,247 - DOMAIN INFO
INFO 2021-07-13 00:31:34,248 - {
    "DOMAIN": "eu590.com", 
    "EXPIRATION": "2021-09-27 23:04:45", 
    "DAYS": "76 days, 22:33:11"
}
DEBUG 2021-07-13 01:00:03,689 - ####################################################################################################
DEBUG 2021-07-13 01:00:03,695 - DOMAIN INFO
INFO 2021-07-13 01:00:03,695 - {
    "DOMAIN": "tv36.com", 
    "EXPIRATION": "2021-09-27 23:33:21", 
    "DAYS": "76 days, 22:33:18"
}
DEBUG 2021-07-13 01:26:16,676 - ####################################################################################################
DEBUG 2021-07-13 01:26:16,681 - DOMAIN INFO
INFO 2021-07-13 01:26:16,681 - {
    "DOMAIN": "gci.987byh.com", 
    "EXPIRATION": "2021-07-30 07:59:59", 
    "DAYS": "17 days, 6:33:43"
}
DEBUG 2021-07-13 01:31:14,403 - ####################################################################################################
DEBUG 2021-07-13 01:31:14,408 - DOMAIN PYTHON ERROR
INFO 2021-07-13 01:31:14,408 - {
    "DOMAIN": "kbl6666.com", 
    "PYTHON ERROR": "[Errno 101] Network is unreachable", 
    "DOMAIN_CURL": 76
}
DEBUG 2021-07-13 01:31:20,945 - ####################################################################################################
DEBUG 2021-07-13 01:31:20,951 - DOMAIN PYTHON ERROR
INFO 2021-07-13 01:31:20,951 - {
    "DOMAIN": "www.jsh521.com", 
    "PYTHON ERROR": "[SSL: CERTIFICATE_VERIFY_FAILED] certificate verify failed (_ssl.c:618)", 
    "DOMAIN_CURL": 76
}
DEBUG 2021-07-13 01:31:23,490 - ####################################################################################################
DEBUG 2021-07-13 01:31:23,495 - DOMAIN PYTHON ERROR
INFO 2021-07-13 01:31:23,496 - {
    "DOMAIN": "jsh521.com", 
    "PYTHON ERROR": "[Errno 101] Network is unreachable", 
    "DOMAIN_CURL": 76
}
DEBUG 2021-07-13 01:31:33,106 - ####################################################################################################
DEBUG 2021-07-13 01:31:33,112 - DOMAIN PYTHON ERROR
INFO 2021-07-13 01:31:33,112 - {
    "DOMAIN": "jin172.com", 
    "PYTHON ERROR": "[Errno 101] Network is unreachable", 
    "DOMAIN_CURL": 76
}
DEBUG 2021-07-13 01:31:33,236 - ####################################################################################################
DEBUG 2021-07-13 01:31:33,242 - DOMAIN INFO
INFO 2021-07-13 01:31:33,242 - {
    "DOMAIN": "www.eu590.com", 
    "EXPIRATION": "2021-09-27 23:04:45", 
    "DAYS": "76 days, 21:33:12"
}
DEBUG 2021-07-13 01:31:33,561 - ####################################################################################################
DEBUG 2021-07-13 01:31:33,566 - DOMAIN INFO
INFO 2021-07-13 01:31:33,566 - {
    "DOMAIN": "eu590.com", 
    "EXPIRATION": "2021-09-27 23:04:45", 
    "DAYS": "76 days, 21:33:12"
}
DEBUG 2021-07-13 01:59:59,759 - ####################################################################################################
DEBUG 2021-07-13 01:59:59,764 - DOMAIN INFO
INFO 2021-07-13 01:59:59,765 - {
    "DOMAIN": "tv36.com", 
    "EXPIRATION": "2021-09-27 23:33:21", 
    "DAYS": "76 days, 21:33:22"
}
DEBUG 2021-07-13 02:26:16,282 - ####################################################################################################
DEBUG 2021-07-13 02:26:16,289 - DOMAIN INFO
INFO 2021-07-13 02:26:16,289 - {
    "DOMAIN": "gci.987byh.com", 
    "EXPIRATION": "2021-07-30 07:59:59", 
    "DAYS": "17 days, 5:33:43"
}
DEBUG 2021-07-13 02:31:13,431 - ####################################################################################################
DEBUG 2021-07-13 02:31:13,437 - DOMAIN PYTHON ERROR
INFO 2021-07-13 02:31:13,437 - {
    "DOMAIN": "kbl6666.com", 
    "PYTHON ERROR": "[Errno 101] Network is unreachable", 
    "DOMAIN_CURL": 76
}
DEBUG 2021-07-13 02:31:25,185 - ####################################################################################################
DEBUG 2021-07-13 02:31:25,192 - DOMAIN PYTHON ERROR
INFO 2021-07-13 02:31:25,193 - {
    "DOMAIN": "jsh521.com", 
    "PYTHON ERROR": "[Errno 101] Network is unreachable", 
    "DOMAIN_CURL": 76
}
DEBUG 2021-07-13 02:31:31,707 - ####################################################################################################
DEBUG 2021-07-13 02:31:31,714 - DOMAIN PYTHON ERROR
INFO 2021-07-13 02:31:31,714 - {
    "DOMAIN": "www.jsh521.com", 
    "PYTHON ERROR": "[Errno 101] Network is unreachable", 
    "DOMAIN_CURL": 76
}
DEBUG 2021-07-13 02:31:33,663 - ####################################################################################################
DEBUG 2021-07-13 02:31:33,670 - DOMAIN PYTHON ERROR
INFO 2021-07-13 02:31:33,670 - {
    "DOMAIN": "jin172.com", 
    "PYTHON ERROR": "[Errno 101] Network is unreachable", 
    "DOMAIN_CURL": 76
}
DEBUG 2021-07-13 02:31:39,443 - ####################################################################################################
DEBUG 2021-07-13 02:31:39,449 - DOMAIN PYTHON ERROR
INFO 2021-07-13 02:31:39,450 - {
    "DOMAIN": "www.eu590.com", 
    "PYTHON ERROR": "[Errno 101] Network is unreachable", 
    "DOMAIN_CURL": 76
}
DEBUG 2021-07-13 02:31:39,761 - ####################################################################################################
DEBUG 2021-07-13 02:31:39,767 - DOMAIN PYTHON ERROR
INFO 2021-07-13 02:31:39,767 - {
    "DOMAIN": "eu590.com", 
    "PYTHON ERROR": "[Errno 101] Network is unreachable", 
    "DOMAIN_CURL": 76
}
DEBUG 2021-07-13 03:00:02,693 - ####################################################################################################
DEBUG 2021-07-13 03:00:02,699 - DOMAIN INFO
INFO 2021-07-13 03:00:02,699 - {
    "DOMAIN": "tv36.com", 
    "EXPIRATION": "2021-09-27 23:33:21", 
    "DAYS": "76 days, 20:33:19"
}
DEBUG 2021-07-13 03:26:17,883 - ####################################################################################################
DEBUG 2021-07-13 03:26:17,888 - DOMAIN INFO
INFO 2021-07-13 03:26:17,889 - {
    "DOMAIN": "gci.987byh.com", 
    "EXPIRATION": "2021-07-30 07:59:59", 
    "DAYS": "17 days, 4:33:42"
}
DEBUG 2021-07-13 03:31:08,275 - ####################################################################################################
DEBUG 2021-07-13 03:31:08,280 - DOMAIN INFO
INFO 2021-07-13 03:31:08,281 - {
    "DOMAIN": "kbl6666.com", 
    "EXPIRATION": "2021-09-28 05:47:36", 
    "DAYS": "77 days, 2:16:28"
}
DEBUG 2021-07-13 03:31:17,397 - ####################################################################################################
DEBUG 2021-07-13 03:31:17,403 - DOMAIN INFO
INFO 2021-07-13 03:31:17,403 - {
    "DOMAIN": "jsh521.com", 
    "EXPIRATION": "2021-09-27 14:32:43", 
    "DAYS": "76 days, 11:01:26"
}
DEBUG 2021-07-13 03:31:17,618 - ####################################################################################################
DEBUG 2021-07-13 03:31:17,624 - DOMAIN INFO
INFO 2021-07-13 03:31:17,625 - {
    "DOMAIN": "www.jsh521.com", 
    "EXPIRATION": "2021-09-27 14:32:43", 
    "DAYS": "76 days, 11:01:26"
}
DEBUG 2021-07-13 03:31:24,823 - ####################################################################################################
DEBUG 2021-07-13 03:31:24,829 - DOMAIN INFO
INFO 2021-07-13 03:31:24,829 - {
    "DOMAIN": "jin172.com", 
    "EXPIRATION": "2021-09-27 10:38:24", 
    "DAYS": "76 days, 7:07:00"
}
DEBUG 2021-07-13 03:31:30,188 - ####################################################################################################
DEBUG 2021-07-13 03:31:30,193 - DOMAIN INFO
INFO 2021-07-13 03:31:30,193 - {
    "DOMAIN": "www.eu590.com", 
    "EXPIRATION": "2021-09-27 23:04:45", 
    "DAYS": "76 days, 19:33:15"
}
DEBUG 2021-07-13 03:31:31,810 - ####################################################################################################
DEBUG 2021-07-13 03:31:31,815 - DOMAIN INFO
INFO 2021-07-13 03:31:31,816 - {
    "DOMAIN": "eu590.com", 
    "EXPIRATION": "2021-09-27 23:04:45", 
    "DAYS": "76 days, 19:33:14"
}
DEBUG 2021-07-13 04:00:02,649 - ####################################################################################################
DEBUG 2021-07-13 04:00:02,654 - DOMAIN INFO
INFO 2021-07-13 04:00:02,654 - {
    "DOMAIN": "tv36.com", 
    "EXPIRATION": "2021-09-27 23:33:21", 
    "DAYS": "76 days, 19:33:19"
}
DEBUG 2021-07-13 04:26:16,406 - ####################################################################################################
DEBUG 2021-07-13 04:26:16,413 - DOMAIN INFO
INFO 2021-07-13 04:26:16,413 - {
    "DOMAIN": "gci.987byh.com", 
    "EXPIRATION": "2021-07-30 07:59:59", 
    "DAYS": "17 days, 3:33:43"
}
DEBUG 2021-07-13 04:31:10,018 - ####################################################################################################
DEBUG 2021-07-13 04:31:10,024 - DOMAIN INFO
INFO 2021-07-13 04:31:10,024 - {
    "DOMAIN": "kbl6666.com", 
    "EXPIRATION": "2021-09-28 05:47:36", 
    "DAYS": "77 days, 1:16:26"
}
DEBUG 2021-07-13 04:31:18,689 - ####################################################################################################
DEBUG 2021-07-13 04:31:18,695 - DOMAIN INFO
INFO 2021-07-13 04:31:18,695 - {
    "DOMAIN": "jsh521.com", 
    "EXPIRATION": "2021-09-27 14:32:43", 
    "DAYS": "76 days, 10:01:25"
}
DEBUG 2021-07-13 04:31:19,138 - ####################################################################################################
DEBUG 2021-07-13 04:31:19,144 - DOMAIN INFO
INFO 2021-07-13 04:31:19,144 - {
    "DOMAIN": "www.jsh521.com", 
    "EXPIRATION": "2021-09-27 14:32:43", 
    "DAYS": "76 days, 10:01:24"
}
DEBUG 2021-07-13 04:31:27,509 - ####################################################################################################
DEBUG 2021-07-13 04:31:27,515 - DOMAIN INFO
INFO 2021-07-13 04:31:27,515 - {
    "DOMAIN": "jin172.com", 
    "EXPIRATION": "2021-09-27 10:38:24", 
    "DAYS": "76 days, 6:06:57"
}
DEBUG 2021-07-13 04:31:31,762 - ####################################################################################################
DEBUG 2021-07-13 04:31:31,762 - ####################################################################################################
DEBUG 2021-07-13 04:31:31,768 - DOMAIN INFO
DEBUG 2021-07-13 04:31:31,768 - DOMAIN INFO
INFO 2021-07-13 04:31:31,768 - {
    "DOMAIN": "www.eu590.com", 
    "EXPIRATION": "2021-09-27 23:04:45", 
    "DAYS": "76 days, 18:33:14"
}
INFO 2021-07-13 04:31:31,768 - {
    "DOMAIN": "eu590.com", 
    "EXPIRATION": "2021-09-27 23:04:45", 
    "DAYS": "76 days, 18:33:14"
}
DEBUG 2021-07-13 05:00:03,118 - ####################################################################################################
DEBUG 2021-07-13 05:00:03,124 - DOMAIN INFO
INFO 2021-07-13 05:00:03,124 - {
    "DOMAIN": "tv36.com", 
    "EXPIRATION": "2021-09-27 23:33:21", 
    "DAYS": "76 days, 18:33:18"
}
DEBUG 2021-07-13 05:26:15,680 - ####################################################################################################
DEBUG 2021-07-13 05:26:15,688 - DOMAIN INFO
INFO 2021-07-13 05:26:15,688 - {
    "DOMAIN": "gci.987byh.com", 
    "EXPIRATION": "2021-07-30 07:59:59", 
    "DAYS": "17 days, 2:33:44"
}
DEBUG 2021-07-13 05:31:08,327 - ####################################################################################################
DEBUG 2021-07-13 05:31:08,334 - DOMAIN INFO
INFO 2021-07-13 05:31:08,335 - {
    "DOMAIN": "kbl6666.com", 
    "EXPIRATION": "2021-09-28 05:47:36", 
    "DAYS": "77 days, 0:16:28"
}
DEBUG 2021-07-13 05:31:18,649 - ####################################################################################################
DEBUG 2021-07-13 05:31:18,654 - DOMAIN INFO
INFO 2021-07-13 05:31:18,655 - {
    "DOMAIN": "jsh521.com", 
    "EXPIRATION": "2021-09-27 14:32:43", 
    "DAYS": "76 days, 9:01:25"
}
DEBUG 2021-07-13 05:31:19,699 - ####################################################################################################
DEBUG 2021-07-13 05:31:19,705 - DOMAIN INFO
INFO 2021-07-13 05:31:19,705 - {
    "DOMAIN": "www.jsh521.com", 
    "EXPIRATION": "2021-09-27 14:32:43", 
    "DAYS": "76 days, 9:01:24"
}
DEBUG 2021-07-13 05:31:29,678 - ####################################################################################################
DEBUG 2021-07-13 05:31:29,684 - DOMAIN INFO
INFO 2021-07-13 05:31:29,684 - {
    "DOMAIN": "www.eu590.com", 
    "EXPIRATION": "2021-09-27 23:04:45", 
    "DAYS": "76 days, 17:33:16"
}
DEBUG 2021-07-13 05:31:29,957 - ####################################################################################################
DEBUG 2021-07-13 05:31:29,963 - DOMAIN INFO
INFO 2021-07-13 05:31:29,963 - {
    "DOMAIN": "eu590.com", 
    "EXPIRATION": "2021-09-27 23:04:45", 
    "DAYS": "76 days, 17:33:16"
}
DEBUG 2021-07-13 05:36:44,322 - ####################################################################################################
DEBUG 2021-07-13 05:36:44,329 - DOMAIN INFO
INFO 2021-07-13 05:36:44,329 - {
    "DOMAIN": "jbl8066.com", 
    "EXPIRATION": "2021-09-27 07:16:16", 
    "DAYS": "76 days, 1:39:32"
}
DEBUG 2021-07-13 05:36:45,586 - ####################################################################################################
DEBUG 2021-07-13 05:36:45,593 - DOMAIN INFO
INFO 2021-07-13 05:36:45,594 - {
    "DOMAIN": "xdlgoal.com", 
    "EXPIRATION": "2021-09-27 07:07:42", 
    "DAYS": "76 days, 1:30:57"
}
DEBUG 2021-07-13 05:36:46,432 - ####################################################################################################
DEBUG 2021-07-13 05:36:46,438 - DOMAIN INFO
INFO 2021-07-13 05:36:46,438 - {
    "DOMAIN": "byl9009.com", 
    "EXPIRATION": "2021-09-27 03:28:21", 
    "DAYS": "75 days, 21:51:35"
}
DEBUG 2021-07-13 05:36:47,003 - ####################################################################################################
DEBUG 2021-07-13 05:36:47,009 - DOMAIN INFO
INFO 2021-07-13 05:36:47,010 - {
    "DOMAIN": "eu606.com", 
    "EXPIRATION": "2021-09-27 03:40:25", 
    "DAYS": "75 days, 22:03:39"
}
DEBUG 2021-07-13 05:36:49,866 - ####################################################################################################
DEBUG 2021-07-13 05:36:49,872 - DOMAIN INFO
INFO 2021-07-13 05:36:49,872 - {
    "DOMAIN": "xbetpuke.com", 
    "EXPIRATION": "2021-09-27 10:57:01", 
    "DAYS": "76 days, 5:20:12"
}
DEBUG 2021-07-13 05:36:56,921 - ####################################################################################################
DEBUG 2021-07-13 05:36:56,927 - DOMAIN PYTHON ERROR
INFO 2021-07-13 05:36:56,927 - {
    "DOMAIN": "ying88888.com", 
    "PYTHON ERROR": "[Errno 101] Network is unreachable", 
    "DOMAIN_CURL": 75
}
DEBUG 2021-07-13 05:36:57,558 - ####################################################################################################
DEBUG 2021-07-13 05:36:57,564 - DOMAIN PYTHON ERROR
INFO 2021-07-13 05:36:57,564 - {
    "DOMAIN": "eu2018.net", 
    "PYTHON ERROR": "[Errno 101] Network is unreachable", 
    "DOMAIN_CURL": 77
}
DEBUG 2021-07-13 05:37:11,114 - ####################################################################################################
DEBUG 2021-07-13 05:37:11,121 - DOMAIN PYTHON ERROR
INFO 2021-07-13 05:37:11,121 - {
    "DOMAIN": "xt099.com", 
    "PYTHON ERROR": "[Errno -2] Name or service not known", 
    "DOMAIN_CURL": 0
}
DEBUG 2021-07-13 06:26:16,205 - ####################################################################################################
DEBUG 2021-07-13 06:26:16,212 - DOMAIN INFO
INFO 2021-07-13 06:26:16,212 - {
    "DOMAIN": "gci.987byh.com", 
    "EXPIRATION": "2021-07-30 07:59:59", 
    "DAYS": "17 days, 1:33:43"
}
DEBUG 2021-07-13 06:31:13,170 - ####################################################################################################
DEBUG 2021-07-13 06:31:13,176 - DOMAIN PYTHON ERROR
INFO 2021-07-13 06:31:13,177 - {
    "DOMAIN": "kbl6666.com", 
    "PYTHON ERROR": "[Errno 101] Network is unreachable", 
    "DOMAIN_CURL": 76
}
DEBUG 2021-07-13 06:31:22,660 - ####################################################################################################
DEBUG 2021-07-13 06:31:22,666 - DOMAIN PYTHON ERROR
INFO 2021-07-13 06:31:22,667 - {
    "DOMAIN": "jsh521.com", 
    "PYTHON ERROR": "[Errno 101] Network is unreachable", 
    "DOMAIN_CURL": 76
}
DEBUG 2021-07-13 06:31:30,939 - ####################################################################################################
DEBUG 2021-07-13 06:31:30,944 - DOMAIN PYTHON ERROR
INFO 2021-07-13 06:31:30,944 - {
    "DOMAIN": "www.jsh521.com", 
    "PYTHON ERROR": "[Errno 101] Network is unreachable", 
    "DOMAIN_CURL": 76
}
DEBUG 2021-07-13 06:31:36,840 - ####################################################################################################
DEBUG 2021-07-13 06:31:36,846 - DOMAIN PYTHON ERROR
INFO 2021-07-13 06:31:36,846 - {
    "DOMAIN": "eu590.com", 
    "PYTHON ERROR": "[Errno 101] Network is unreachable", 
    "DOMAIN_CURL": 76
}
DEBUG 2021-07-13 06:31:42,372 - ####################################################################################################
DEBUG 2021-07-13 06:31:42,377 - DOMAIN PYTHON ERROR
INFO 2021-07-13 06:31:42,377 - {
    "DOMAIN": "www.eu590.com", 
    "PYTHON ERROR": "hostname 'www.eu590.com' doesn't match either of '*.facebook.com', '*.facebook.net', '*.fbcdn.net', '*.fbsbx.com', '*.m.facebook.com', '*.messenger.com', '*.xx.fbcdn.net', '*.xy.fbcdn.net', '*.xz.fbcdn.net', 'facebook.com', 'messenger.com'", 
    "DOMAIN_CURL": 76
}
DEBUG 2021-07-13 06:36:53,152 - ####################################################################################################
DEBUG 2021-07-13 06:36:53,158 - DOMAIN PYTHON ERROR
INFO 2021-07-13 06:36:53,159 - {
    "DOMAIN": "eu2018.net", 
    "PYTHON ERROR": "[Errno 101] Network is unreachable", 
    "DOMAIN_CURL": 77
}
DEBUG 2021-07-13 06:36:54,709 - ####################################################################################################
DEBUG 2021-07-13 06:36:54,715 - DOMAIN PYTHON ERROR
INFO 2021-07-13 06:36:54,715 - {
    "DOMAIN": "ying88888.com", 
    "PYTHON ERROR": "[Errno 101] Network is unreachable", 
    "DOMAIN_CURL": 75
}
DEBUG 2021-07-13 06:36:57,615 - ####################################################################################################
DEBUG 2021-07-13 06:36:57,620 - DOMAIN INFO
INFO 2021-07-13 06:36:57,620 - {
    "DOMAIN": "36516822.com", 
    "EXPIRATION": "2021-09-27 15:12:14", 
    "DAYS": "76 days, 8:35:17"
}
DEBUG 2021-07-13 06:36:58,534 - ####################################################################################################
DEBUG 2021-07-13 06:36:58,540 - DOMAIN INFO
INFO 2021-07-13 06:36:58,540 - {
    "DOMAIN": "jbl8071.com", 
    "EXPIRATION": "2021-09-27 07:16:46", 
    "DAYS": "76 days, 0:39:48"
}
DEBUG 2021-07-13 06:37:02,148 - ####################################################################################################
DEBUG 2021-07-13 06:37:02,154 - DOMAIN INFO
INFO 2021-07-13 06:37:02,155 - {
    "DOMAIN": "ab962.com", 
    "EXPIRATION": "2021-09-27 11:12:58", 
    "DAYS": "76 days, 4:35:56"
}
DEBUG 2021-07-13 06:37:02,428 - ####################################################################################################
DEBUG 2021-07-13 06:37:02,434 - DOMAIN INFO
INFO 2021-07-13 06:37:02,434 - {
    "DOMAIN": "eu688.me", 
    "EXPIRATION": "2021-09-27 03:41:02", 
    "DAYS": "75 days, 21:04:00"
}
DEBUG 2021-07-13 06:37:03,204 - ####################################################################################################
DEBUG 2021-07-13 06:37:03,210 - DOMAIN INFO
INFO 2021-07-13 06:37:03,210 - {
    "DOMAIN": "eu8010.com", 
    "EXPIRATION": "2021-09-27 03:30:05", 
    "DAYS": "75 days, 20:53:02"
}
DEBUG 2021-07-13 06:37:04,000 - ####################################################################################################
DEBUG 2021-07-13 06:37:04,005 - DOMAIN PYTHON ERROR
INFO 2021-07-13 06:37:04,005 - {
    "DOMAIN": "jin172.com", 
    "PYTHON ERROR": "[Errno 101] Network is unreachable", 
    "DOMAIN_CURL": 75
}
DEBUG 2021-07-13 06:37:04,201 - ####################################################################################################
DEBUG 2021-07-13 06:37:04,207 - DOMAIN INFO
INFO 2021-07-13 06:37:04,207 - {
    "DOMAIN": "www.cmb003.com", 
    "EXPIRATION": "2021-09-27 11:10:33", 
    "DAYS": "76 days, 4:33:29"
}
DEBUG 2021-07-13 06:37:07,389 - ####################################################################################################
DEBUG 2021-07-13 06:37:07,395 - DOMAIN PYTHON ERROR
INFO 2021-07-13 06:37:07,395 - {
    "DOMAIN": "xt099.com", 
    "PYTHON ERROR": "[Errno -2] Name or service not known", 
    "DOMAIN_CURL": 0
}
DEBUG 2021-07-13 06:37:33,753 - ####################################################################################################
DEBUG 2021-07-13 06:37:33,759 - DOMAIN PYTHON ERROR
INFO 2021-07-13 06:37:33,759 - {
    "DOMAIN": "a2202.com", 
    "PYTHON ERROR": "[Errno 110] Connection timed out", 
    "DOMAIN_CURL": 0
}
DEBUG 2021-07-13 07:26:17,116 - ####################################################################################################
DEBUG 2021-07-13 07:26:17,122 - DOMAIN INFO
INFO 2021-07-13 07:26:17,122 - {
    "DOMAIN": "gci.987byh.com", 
    "EXPIRATION": "2021-07-30 07:59:59", 
    "DAYS": "17 days, 0:33:42"
}
DEBUG 2021-07-13 07:31:19,944 - ####################################################################################################
DEBUG 2021-07-13 07:31:19,949 - DOMAIN PYTHON ERROR
INFO 2021-07-13 07:31:19,950 - {
    "DOMAIN": "jsh521.com", 
    "PYTHON ERROR": "hostname 'jsh521.com' doesn't match either of '*.extern.facebook.com', 'extern.facebook.com'", 
    "DOMAIN_CURL": 75
}
DEBUG 2021-07-13 07:31:23,666 - ####################################################################################################
DEBUG 2021-07-13 07:31:23,673 - DOMAIN PYTHON ERROR
INFO 2021-07-13 07:31:23,673 - {
    "DOMAIN": "www.jsh521.com", 
    "PYTHON ERROR": "[Errno 101] Network is unreachable", 
    "DOMAIN_CURL": 75
}
DEBUG 2021-07-13 07:31:34,374 - ####################################################################################################
DEBUG 2021-07-13 07:31:34,380 - DOMAIN PYTHON ERROR
INFO 2021-07-13 07:31:34,380 - {
    "DOMAIN": "www.eu590.com", 
    "PYTHON ERROR": "[Errno 101] Network is unreachable", 
    "DOMAIN_CURL": 76
}
DEBUG 2021-07-13 07:31:34,397 - ####################################################################################################
DEBUG 2021-07-13 07:31:34,403 - DOMAIN PYTHON ERROR
INFO 2021-07-13 07:31:34,403 - {
    "DOMAIN": "eu590.com", 
    "PYTHON ERROR": "[Errno 101] Network is unreachable", 
    "DOMAIN_CURL": 76
}
DEBUG 2021-07-13 07:36:54,382 - ####################################################################################################
DEBUG 2021-07-13 07:36:54,388 - DOMAIN PYTHON ERROR
INFO 2021-07-13 07:36:54,388 - {
    "DOMAIN": "ying88888.com", 
    "PYTHON ERROR": "[Errno 101] Network is unreachable", 
    "DOMAIN_CURL": 75
}
DEBUG 2021-07-13 07:36:57,767 - ####################################################################################################
DEBUG 2021-07-13 07:36:57,773 - DOMAIN PYTHON ERROR
INFO 2021-07-13 07:36:57,773 - {
    "DOMAIN": "eu2018.net", 
    "PYTHON ERROR": "[Errno 101] Network is unreachable", 
    "DOMAIN_CURL": 77
}
DEBUG 2021-07-13 07:37:03,035 - ####################################################################################################
DEBUG 2021-07-13 07:37:03,042 - DOMAIN PYTHON ERROR
INFO 2021-07-13 07:37:03,042 - {
    "DOMAIN": "xt099.com", 
    "PYTHON ERROR": "[Errno -2] Name or service not known", 
    "DOMAIN_CURL": 0
}
DEBUG 2021-07-13 07:37:52,298 - ####################################################################################################
DEBUG 2021-07-13 07:37:52,304 - DOMAIN PYTHON ERROR
INFO 2021-07-13 07:37:52,304 - {
    "DOMAIN": "a2202.com", 
    "PYTHON ERROR": "[Errno 110] Connection timed out", 
    "DOMAIN_CURL": 0
}
DEBUG 2021-07-13 08:26:16,285 - ####################################################################################################
DEBUG 2021-07-13 08:26:16,291 - DOMAIN INFO
INFO 2021-07-13 08:26:16,291 - {
    "DOMAIN": "gci.987byh.com", 
    "EXPIRATION": "2021-07-30 07:59:59", 
    "DAYS": "16 days, 23:33:43"
}
DEBUG 2021-07-13 08:31:16,187 - ####################################################################################################
DEBUG 2021-07-13 08:31:16,194 - DOMAIN INFO
INFO 2021-07-13 08:31:16,194 - {
    "DOMAIN": "jsh521.com", 
    "EXPIRATION": "2021-09-27 14:32:43", 
    "DAYS": "76 days, 6:01:27"
}
DEBUG 2021-07-13 08:31:16,286 - ####################################################################################################
DEBUG 2021-07-13 08:31:16,292 - DOMAIN INFO
INFO 2021-07-13 08:31:16,292 - {
    "DOMAIN": "www.jsh521.com", 
    "EXPIRATION": "2021-09-27 14:32:43", 
    "DAYS": "76 days, 6:01:27"
}
DEBUG 2021-07-13 08:31:30,080 - ####################################################################################################
DEBUG 2021-07-13 08:31:30,085 - DOMAIN INFO
INFO 2021-07-13 08:31:30,086 - {
    "DOMAIN": "www.eu590.com", 
    "EXPIRATION": "2021-09-27 23:04:45", 
    "DAYS": "76 days, 14:33:15"
}
DEBUG 2021-07-13 08:31:30,743 - ####################################################################################################
DEBUG 2021-07-13 08:31:30,749 - DOMAIN INFO
INFO 2021-07-13 08:31:30,749 - {
    "DOMAIN": "eu590.com", 
    "EXPIRATION": "2021-09-27 23:04:45", 
    "DAYS": "76 days, 14:33:15"
}
DEBUG 2021-07-13 08:36:57,465 - ####################################################################################################
DEBUG 2021-07-13 08:36:57,471 - DOMAIN PYTHON ERROR
INFO 2021-07-13 08:36:57,471 - {
    "DOMAIN": "ying88888.com", 
    "PYTHON ERROR": "[Errno 101] Network is unreachable", 
    "DOMAIN_CURL": 75
}
DEBUG 2021-07-13 08:36:59,200 - ####################################################################################################
DEBUG 2021-07-13 08:36:59,207 - DOMAIN PYTHON ERROR
INFO 2021-07-13 08:36:59,208 - {
    "DOMAIN": "xt099.com", 
    "PYTHON ERROR": "[Errno -2] Name or service not known", 
    "DOMAIN_CURL": 75
}
DEBUG 2021-07-13 08:37:01,509 - ####################################################################################################
DEBUG 2021-07-13 08:37:01,516 - DOMAIN PYTHON ERROR
INFO 2021-07-13 08:37:01,516 - {
    "DOMAIN": "eu2018.net", 
    "PYTHON ERROR": "[Errno 101] Network is unreachable", 
    "DOMAIN_CURL": 77
}
DEBUG 2021-07-13 08:37:28,150 - ####################################################################################################
DEBUG 2021-07-13 08:37:28,157 - DOMAIN PYTHON ERROR
INFO 2021-07-13 08:37:28,157 - {
    "DOMAIN": "a2202.com", 
    "PYTHON ERROR": "[Errno 110] Connection timed out", 
    "DOMAIN_CURL": 0
}
DEBUG 2021-07-13 08:38:08,301 - ####################################################################################################
DEBUG 2021-07-13 08:38:08,307 - DOMAIN PYTHON ERROR
INFO 2021-07-13 08:38:08,307 - {
    "DOMAIN": "www.a2202.com", 
    "PYTHON ERROR": "[Errno 110] Connection timed out", 
    "DOMAIN_CURL": 0
}
DEBUG 2021-07-13 09:26:14,696 - ####################################################################################################
DEBUG 2021-07-13 09:26:14,703 - DOMAIN INFO
INFO 2021-07-13 09:26:14,703 - {
    "DOMAIN": "gci.987byh.com", 
    "EXPIRATION": "2021-07-30 07:59:59", 
    "DAYS": "16 days, 22:33:45"
}
DEBUG 2021-07-13 09:31:20,943 - ####################################################################################################
DEBUG 2021-07-13 09:31:20,948 - DOMAIN PYTHON ERROR
INFO 2021-07-13 09:31:20,949 - {
    "DOMAIN": "jsh521.com", 
    "PYTHON ERROR": "hostname 'jsh521.com' doesn't match either of '*.facebook.com', '*.facebook.net', '*.fbcdn.net', '*.fbsbx.com', '*.m.facebook.com', '*.messenger.com', '*.xx.fbcdn.net', '*.xy.fbcdn.net', '*.xz.fbcdn.net', 'facebook.com', 'messenger.com'", 
    "DOMAIN_CURL": 75
}
DEBUG 2021-07-13 09:31:33,656 - ####################################################################################################
DEBUG 2021-07-13 09:31:33,662 - DOMAIN PYTHON ERROR
INFO 2021-07-13 09:31:33,662 - {
    "DOMAIN": "eu590.com", 
    "PYTHON ERROR": "hostname 'eu590.com' doesn't match either of '*.wit.ai', 'wit.ai'", 
    "DOMAIN_CURL": 76
}
DEBUG 2021-07-13 09:31:34,143 - ####################################################################################################
DEBUG 2021-07-13 09:31:34,149 - DOMAIN PYTHON ERROR
INFO 2021-07-13 09:31:34,149 - {
    "DOMAIN": "www.jsh521.com", 
    "PYTHON ERROR": "[Errno 101] Network is unreachable", 
    "DOMAIN_CURL": 75
}
DEBUG 2021-07-13 09:31:36,031 - ####################################################################################################
DEBUG 2021-07-13 09:31:36,036 - DOMAIN PYTHON ERROR
INFO 2021-07-13 09:31:36,037 - {
    "DOMAIN": "www.eu590.com", 
    "PYTHON ERROR": "[Errno 101] Network is unreachable", 
    "DOMAIN_CURL": 76
}
DEBUG 2021-07-13 09:36:55,737 - ####################################################################################################
DEBUG 2021-07-13 09:36:55,743 - DOMAIN PYTHON ERROR
INFO 2021-07-13 09:36:55,744 - {
    "DOMAIN": "ying88888.com", 
    "PYTHON ERROR": "[Errno 101] Network is unreachable", 
    "DOMAIN_CURL": 75
}
DEBUG 2021-07-13 09:36:56,724 - ####################################################################################################
DEBUG 2021-07-13 09:36:56,731 - DOMAIN PYTHON ERROR
INFO 2021-07-13 09:36:56,731 - {
    "DOMAIN": "eu2018.net", 
    "PYTHON ERROR": "[Errno 101] Network is unreachable", 
    "DOMAIN_CURL": 77
}
DEBUG 2021-07-13 09:36:59,296 - ####################################################################################################
DEBUG 2021-07-13 09:36:59,302 - DOMAIN PYTHON ERROR
INFO 2021-07-13 09:36:59,303 - {
    "DOMAIN": "xt099.com", 
    "PYTHON ERROR": "[Errno -2] Name or service not known", 
    "DOMAIN_CURL": 75
}
DEBUG 2021-07-13 09:37:06,933 - ####################################################################################################
DEBUG 2021-07-13 09:37:06,940 - DOMAIN PYTHON ERROR
INFO 2021-07-13 09:37:06,940 - {
    "DOMAIN": "jin172.com", 
    "PYTHON ERROR": "[Errno 101] Network is unreachable", 
    "DOMAIN_CURL": 75
}
DEBUG 2021-07-13 09:37:24,387 - ####################################################################################################
DEBUG 2021-07-13 09:37:24,392 - DOMAIN PYTHON ERROR
INFO 2021-07-13 09:37:24,393 - {
    "DOMAIN": "a2202.com", 
    "PYTHON ERROR": "[Errno 110] Connection timed out", 
    "DOMAIN_CURL": 0
}
DEBUG 2021-07-13 10:26:15,934 - ####################################################################################################
DEBUG 2021-07-13 10:26:15,940 - DOMAIN INFO
INFO 2021-07-13 10:26:15,940 - {
    "DOMAIN": "gci.987byh.com", 
    "EXPIRATION": "2021-07-30 07:59:59", 
    "DAYS": "16 days, 21:33:44"
}
DEBUG 2021-07-13 10:31:24,435 - ####################################################################################################
DEBUG 2021-07-13 10:31:24,441 - DOMAIN PYTHON ERROR
INFO 2021-07-13 10:31:24,441 - {
    "DOMAIN": "jsh521.com", 
    "PYTHON ERROR": "[Errno 101] Network is unreachable", 
    "DOMAIN_CURL": 75
}
DEBUG 2021-07-13 10:31:25,767 - ####################################################################################################
DEBUG 2021-07-13 10:31:25,773 - DOMAIN PYTHON ERROR
INFO 2021-07-13 10:31:25,773 - {
    "DOMAIN": "www.jsh521.com", 
    "PYTHON ERROR": "[Errno 101] Network is unreachable", 
    "DOMAIN_CURL": 75
}
DEBUG 2021-07-13 10:31:35,925 - ####################################################################################################
DEBUG 2021-07-13 10:31:35,930 - DOMAIN PYTHON ERROR
INFO 2021-07-13 10:31:35,931 - {
    "DOMAIN": "www.eu590.com", 
    "PYTHON ERROR": "[Errno 101] Network is unreachable", 
    "DOMAIN_CURL": 76
}
DEBUG 2021-07-13 10:31:36,097 - ####################################################################################################
DEBUG 2021-07-13 10:31:36,102 - DOMAIN PYTHON ERROR
INFO 2021-07-13 10:31:36,102 - {
    "DOMAIN": "eu590.com", 
    "PYTHON ERROR": "[Errno 101] Network is unreachable", 
    "DOMAIN_CURL": 76
}
DEBUG 2021-07-13 10:36:54,691 - ####################################################################################################
DEBUG 2021-07-13 10:36:54,698 - DOMAIN PYTHON ERROR
INFO 2021-07-13 10:36:54,698 - {
    "DOMAIN": "eu2018.net", 
    "PYTHON ERROR": "hostname 'eu2018.net' doesn't match either of 'dropbox.com', 'www.dropbox.com', 'support.dropbox.com', 'live.dropbox.com', 'opensource.dropbox.com', 'linux.dropbox.com', 'texter.dropbox.com'", 
    "DOMAIN_CURL": 77
}
DEBUG 2021-07-13 10:36:55,887 - ####################################################################################################
DEBUG 2021-07-13 10:36:55,893 - DOMAIN PYTHON ERROR
INFO 2021-07-13 10:36:55,893 - {
    "DOMAIN": "ying88888.com", 
    "PYTHON ERROR": "[Errno 101] Network is unreachable", 
    "DOMAIN_CURL": 75
}
DEBUG 2021-07-13 10:36:59,539 - ####################################################################################################
DEBUG 2021-07-13 10:36:59,546 - DOMAIN PYTHON ERROR
INFO 2021-07-13 10:36:59,546 - {
    "DOMAIN": "xt099.com", 
    "PYTHON ERROR": "[Errno -2] Name or service not known", 
    "DOMAIN_CURL": 75
}
DEBUG 2021-07-13 10:37:08,805 - ####################################################################################################
DEBUG 2021-07-13 10:37:08,811 - DOMAIN PYTHON ERROR
INFO 2021-07-13 10:37:08,811 - {
    "DOMAIN": "jin172.com", 
    "PYTHON ERROR": "[Errno 101] Network is unreachable", 
    "DOMAIN_CURL": 75
}
DEBUG 2021-07-13 10:37:23,691 - ####################################################################################################
DEBUG 2021-07-13 10:37:23,696 - DOMAIN PYTHON ERROR
INFO 2021-07-13 10:37:23,696 - {
    "DOMAIN": "a2202.com", 
    "PYTHON ERROR": "[Errno 110] Connection timed out", 
    "DOMAIN_CURL": 0
}
DEBUG 2021-07-13 11:26:07,430 - ####################################################################################################
DEBUG 2021-07-13 11:26:07,436 - DOMAIN INFO
INFO 2021-07-13 11:26:07,436 - {
    "DOMAIN": "gci.987byh.com", 
    "EXPIRATION": "2021-07-30 07:59:59", 
    "DAYS": "16 days, 20:33:52"
}
DEBUG 2021-07-13 11:31:16,531 - ####################################################################################################
DEBUG 2021-07-13 11:31:16,537 - DOMAIN INFO
INFO 2021-07-13 11:31:16,537 - {
    "DOMAIN": "jsh521.com", 
    "EXPIRATION": "2021-09-27 14:32:43", 
    "DAYS": "76 days, 3:01:27"
}
DEBUG 2021-07-13 11:31:17,290 - ####################################################################################################
DEBUG 2021-07-13 11:31:17,296 - DOMAIN INFO
INFO 2021-07-13 11:31:17,297 - {
    "DOMAIN": "www.jsh521.com", 
    "EXPIRATION": "2021-09-27 14:32:43", 
    "DAYS": "76 days, 3:01:26"
}
DEBUG 2021-07-13 11:31:31,307 - ####################################################################################################
DEBUG 2021-07-13 11:31:31,314 - DOMAIN INFO
INFO 2021-07-13 11:31:31,314 - {
    "DOMAIN": "www.eu590.com", 
    "EXPIRATION": "2021-09-27 23:04:45", 
    "DAYS": "76 days, 11:33:14"
}
DEBUG 2021-07-13 11:31:32,502 - ####################################################################################################
DEBUG 2021-07-13 11:31:32,507 - DOMAIN INFO
INFO 2021-07-13 11:31:32,507 - {
    "DOMAIN": "eu590.com", 
    "EXPIRATION": "2021-09-27 23:04:45", 
    "DAYS": "76 days, 11:33:13"
}
DEBUG 2021-07-13 11:36:52,981 - ####################################################################################################
DEBUG 2021-07-13 11:36:52,987 - DOMAIN INFO
INFO 2021-07-13 11:36:52,988 - {
    "DOMAIN": "ying88888.com", 
    "EXPIRATION": "2021-09-27 10:43:24", 
    "DAYS": "75 days, 23:06:32"
}
DEBUG 2021-07-13 11:36:58,338 - ####################################################################################################
DEBUG 2021-07-13 11:36:58,344 - DOMAIN PYTHON ERROR
INFO 2021-07-13 11:36:58,344 - {
    "DOMAIN": "eu2018.net", 
    "PYTHON ERROR": "[Errno 101] Network is unreachable", 
    "DOMAIN_CURL": 77
}
DEBUG 2021-07-13 11:37:01,964 - ####################################################################################################
DEBUG 2021-07-13 11:37:01,969 - DOMAIN PYTHON ERROR
INFO 2021-07-13 11:37:01,969 - {
    "DOMAIN": "xt099.com", 
    "PYTHON ERROR": "[Errno -2] Name or service not known", 
    "DOMAIN_CURL": 75
}
DEBUG 2021-07-13 11:37:04,867 - ####################################################################################################
DEBUG 2021-07-13 11:37:04,872 - DOMAIN INFO
INFO 2021-07-13 11:37:04,873 - {
    "DOMAIN": "jin172.com", 
    "EXPIRATION": "2021-09-27 10:38:24", 
    "DAYS": "75 days, 23:01:20"
}
DEBUG 2021-07-13 11:37:22,591 - ####################################################################################################
DEBUG 2021-07-13 11:37:22,596 - DOMAIN PYTHON ERROR
INFO 2021-07-13 11:37:22,596 - {
    "DOMAIN": "a2202.com", 
    "PYTHON ERROR": "[Errno 110] Connection timed out", 
    "DOMAIN_CURL": 0
}
DEBUG 2021-07-13 12:26:18,945 - ####################################################################################################
DEBUG 2021-07-13 12:26:18,953 - DOMAIN INFO
INFO 2021-07-13 12:26:18,953 - {
    "DOMAIN": "gci.987byh.com", 
    "EXPIRATION": "2021-07-30 07:59:59", 
    "DAYS": "16 days, 19:33:41"
}
DEBUG 2021-07-13 12:31:14,588 - ####################################################################################################
DEBUG 2021-07-13 12:31:14,594 - DOMAIN INFO
INFO 2021-07-13 12:31:14,594 - {
    "DOMAIN": "jsh521.com", 
    "EXPIRATION": "2021-09-27 14:32:43", 
    "DAYS": "76 days, 2:01:29"
}
DEBUG 2021-07-13 12:31:15,269 - ####################################################################################################
DEBUG 2021-07-13 12:31:15,275 - DOMAIN INFO
INFO 2021-07-13 12:31:15,276 - {
    "DOMAIN": "www.jsh521.com", 
    "EXPIRATION": "2021-09-27 14:32:43", 
    "DAYS": "76 days, 2:01:28"
}
DEBUG 2021-07-13 12:31:30,117 - ####################################################################################################
DEBUG 2021-07-13 12:31:30,123 - DOMAIN INFO
INFO 2021-07-13 12:31:30,123 - {
    "DOMAIN": "www.eu590.com", 
    "EXPIRATION": "2021-09-27 23:04:45", 
    "DAYS": "76 days, 10:33:15"
}
DEBUG 2021-07-13 12:31:30,939 - ####################################################################################################
DEBUG 2021-07-13 12:31:30,945 - DOMAIN INFO
INFO 2021-07-13 12:31:30,946 - {
    "DOMAIN": "eu590.com", 
    "EXPIRATION": "2021-09-27 23:04:45", 
    "DAYS": "76 days, 10:33:15"
}
DEBUG 2021-07-13 12:36:53,644 - ####################################################################################################
DEBUG 2021-07-13 12:36:53,651 - DOMAIN INFO
INFO 2021-07-13 12:36:53,651 - {
    "DOMAIN": "ying88888.com", 
    "EXPIRATION": "2021-09-27 10:43:24", 
    "DAYS": "75 days, 22:06:31"
}
DEBUG 2021-07-13 12:36:55,592 - ####################################################################################################
DEBUG 2021-07-13 12:36:55,598 - DOMAIN PYTHON ERROR
INFO 2021-07-13 12:36:55,598 - {
    "DOMAIN": "eu2018.net", 
    "PYTHON ERROR": "[Errno 104] Connection reset by peer", 
    "DOMAIN_CURL": 77
}
DEBUG 2021-07-13 12:37:02,645 - ####################################################################################################
DEBUG 2021-07-13 12:37:02,651 - DOMAIN PYTHON ERROR
INFO 2021-07-13 12:37:02,651 - {
    "DOMAIN": "xt099.com", 
    "PYTHON ERROR": "[Errno -2] Name or service not known", 
    "DOMAIN_CURL": 75
}
DEBUG 2021-07-13 12:37:17,698 - ####################################################################################################
DEBUG 2021-07-13 12:37:17,704 - DOMAIN PYTHON ERROR
INFO 2021-07-13 12:37:17,704 - {
    "DOMAIN": "jin172.com", 
    "PYTHON ERROR": "[Errno 101] Network is unreachable", 
    "DOMAIN_CURL": 75
}
DEBUG 2021-07-13 12:37:22,699 - ####################################################################################################
DEBUG 2021-07-13 12:37:22,705 - DOMAIN PYTHON ERROR
INFO 2021-07-13 12:37:22,705 - {
    "DOMAIN": "a2202.com", 
    "PYTHON ERROR": "[Errno 110] Connection timed out", 
    "DOMAIN_CURL": 0
}
DEBUG 2021-07-13 12:38:02,751 - ####################################################################################################
DEBUG 2021-07-13 12:38:02,757 - DOMAIN PYTHON ERROR
INFO 2021-07-13 12:38:02,757 - {
    "DOMAIN": "www.a2202.com", 
    "PYTHON ERROR": "[Errno 110] Connection timed out", 
    "DOMAIN_CURL": 0
}
DEBUG 2021-07-13 13:26:14,248 - ####################################################################################################
DEBUG 2021-07-13 13:26:14,255 - DOMAIN INFO
INFO 2021-07-13 13:26:14,256 - {
    "DOMAIN": "gci.987byh.com", 
    "EXPIRATION": "2021-07-30 07:59:59", 
    "DAYS": "16 days, 18:33:45"
}
DEBUG 2021-07-13 13:31:19,405 - ####################################################################################################
DEBUG 2021-07-13 13:31:19,405 - ####################################################################################################
DEBUG 2021-07-13 13:31:19,411 - DOMAIN INFO
INFO 2021-07-13 13:31:19,412 - {
    "DOMAIN": "jsh521.com", 
    "EXPIRATION": "2021-09-27 14:32:43", 
    "DAYS": "76 days, 1:01:24"
}
DEBUG 2021-07-13 13:31:19,412 - DOMAIN INFO
INFO 2021-07-13 13:31:19,412 - {
    "DOMAIN": "www.jsh521.com", 
    "EXPIRATION": "2021-09-27 14:32:43", 
    "DAYS": "76 days, 1:01:24"
}
DEBUG 2021-07-13 13:31:31,661 - ####################################################################################################
DEBUG 2021-07-13 13:31:31,668 - DOMAIN INFO
INFO 2021-07-13 13:31:31,668 - {
    "DOMAIN": "www.eu590.com", 
    "EXPIRATION": "2021-09-27 23:04:45", 
    "DAYS": "76 days, 9:33:14"
}
DEBUG 2021-07-13 13:31:32,596 - ####################################################################################################
DEBUG 2021-07-13 13:31:32,602 - DOMAIN INFO
INFO 2021-07-13 13:31:32,602 - {
    "DOMAIN": "eu590.com", 
    "EXPIRATION": "2021-09-27 23:04:45", 
    "DAYS": "76 days, 9:33:13"
}
DEBUG 2021-07-13 13:36:53,578 - ####################################################################################################
DEBUG 2021-07-13 13:36:53,584 - DOMAIN INFO
INFO 2021-07-13 13:36:53,584 - {
    "DOMAIN": "ying88888.com", 
    "EXPIRATION": "2021-09-27 10:43:24", 
    "DAYS": "75 days, 21:06:31"
}
DEBUG 2021-07-13 13:36:57,056 - ####################################################################################################
DEBUG 2021-07-13 13:36:57,062 - DOMAIN INFO
INFO 2021-07-13 13:36:57,063 - {
    "DOMAIN": "eu2018.net", 
    "EXPIRATION": "2021-09-29 06:49:08", 
    "DAYS": "77 days, 17:12:11"
}
DEBUG 2021-07-13 13:37:03,054 - ####################################################################################################
DEBUG 2021-07-13 13:37:03,061 - DOMAIN PYTHON ERROR
INFO 2021-07-13 13:37:03,061 - {
    "DOMAIN": "xt099.com", 
    "PYTHON ERROR": "[Errno -2] Name or service not known", 
    "DOMAIN_CURL": 75
}
DEBUG 2021-07-13 13:37:07,286 - ####################################################################################################
DEBUG 2021-07-13 13:37:07,292 - DOMAIN INFO
INFO 2021-07-13 13:37:07,292 - {
    "DOMAIN": "jin172.com", 
    "EXPIRATION": "2021-09-27 10:38:24", 
    "DAYS": "75 days, 21:01:17"
}
DEBUG 2021-07-13 13:37:22,848 - ####################################################################################################
DEBUG 2021-07-13 13:37:22,853 - DOMAIN PYTHON ERROR
INFO 2021-07-13 13:37:22,854 - {
    "DOMAIN": "a2202.com", 
    "PYTHON ERROR": "[Errno 110] Connection timed out", 
    "DOMAIN_CURL": 0
}
DEBUG 2021-07-13 14:26:19,048 - ####################################################################################################
DEBUG 2021-07-13 14:26:19,055 - DOMAIN INFO
INFO 2021-07-13 14:26:19,055 - {
    "DOMAIN": "gci.987byh.com", 
    "EXPIRATION": "2021-07-30 07:59:59", 
    "DAYS": "16 days, 17:33:40"
}
DEBUG 2021-07-13 14:31:22,025 - ####################################################################################################
DEBUG 2021-07-13 14:31:22,031 - DOMAIN INFO
INFO 2021-07-13 14:31:22,031 - {
    "DOMAIN": "jsh521.com", 
    "EXPIRATION": "2021-09-27 14:32:43", 
    "DAYS": "76 days, 0:01:21"
}
DEBUG 2021-07-13 14:31:22,362 - ####################################################################################################
DEBUG 2021-07-13 14:31:22,368 - DOMAIN INFO
INFO 2021-07-13 14:31:22,368 - {
    "DOMAIN": "www.jsh521.com", 
    "EXPIRATION": "2021-09-27 14:32:43", 
    "DAYS": "76 days, 0:01:21"
}
DEBUG 2021-07-13 14:31:36,149 - ####################################################################################################
DEBUG 2021-07-13 14:31:36,155 - DOMAIN INFO
INFO 2021-07-13 14:31:36,155 - {
    "DOMAIN": "www.eu590.com", 
    "EXPIRATION": "2021-09-27 23:04:45", 
    "DAYS": "76 days, 8:33:09"
}
DEBUG 2021-07-13 14:31:36,417 - ####################################################################################################
DEBUG 2021-07-13 14:31:36,422 - DOMAIN INFO
INFO 2021-07-13 14:31:36,422 - {
    "DOMAIN": "eu590.com", 
    "EXPIRATION": "2021-09-27 23:04:45", 
    "DAYS": "76 days, 8:33:09"
}
DEBUG 2021-07-13 14:36:51,741 - ####################################################################################################
DEBUG 2021-07-13 14:36:51,747 - DOMAIN PYTHON ERROR
INFO 2021-07-13 14:36:51,747 - {
    "DOMAIN": "ying88888.com", 
    "PYTHON ERROR": "[Errno 101] Network is unreachable", 
    "DOMAIN_CURL": 75
}
DEBUG 2021-07-13 14:36:56,977 - ####################################################################################################
DEBUG 2021-07-13 14:36:56,983 - DOMAIN PYTHON ERROR
INFO 2021-07-13 14:36:56,983 - {
    "DOMAIN": "eu2018.net", 
    "PYTHON ERROR": "[Errno 101] Network is unreachable", 
    "DOMAIN_CURL": 77
}
DEBUG 2021-07-13 14:37:00,315 - ####################################################################################################
DEBUG 2021-07-13 14:37:00,321 - DOMAIN PYTHON ERROR
INFO 2021-07-13 14:37:00,322 - {
    "DOMAIN": "xt099.com", 
    "PYTHON ERROR": "[Errno -2] Name or service not known", 
    "DOMAIN_CURL": 75
}
DEBUG 2021-07-13 14:37:06,858 - ####################################################################################################
DEBUG 2021-07-13 14:37:06,863 - DOMAIN INFO
INFO 2021-07-13 14:37:06,864 - {
    "DOMAIN": "jin172.com", 
    "EXPIRATION": "2021-09-27 10:38:24", 
    "DAYS": "75 days, 20:01:18"
}
DEBUG 2021-07-13 14:37:27,346 - ####################################################################################################
DEBUG 2021-07-13 14:37:27,352 - DOMAIN PYTHON ERROR
INFO 2021-07-13 14:37:27,352 - {
    "DOMAIN": "a2202.com", 
    "PYTHON ERROR": "[Errno 110] Connection timed out", 
    "DOMAIN_CURL": 0
}
DEBUG 2021-07-13 14:38:02,265 - ####################################################################################################
DEBUG 2021-07-13 14:38:02,271 - DOMAIN PYTHON ERROR
INFO 2021-07-13 14:38:02,272 - {
    "DOMAIN": "www.a2202.com", 
    "PYTHON ERROR": "[Errno 110] Connection timed out", 
    "DOMAIN_CURL": 0
}
DEBUG 2021-07-13 15:26:16,986 - ####################################################################################################
DEBUG 2021-07-13 15:26:16,993 - DOMAIN INFO
INFO 2021-07-13 15:26:16,993 - {
    "DOMAIN": "gci.987byh.com", 
    "EXPIRATION": "2021-07-30 07:59:59", 
    "DAYS": "16 days, 16:33:43"
}
DEBUG 2021-07-13 15:31:23,020 - ####################################################################################################
DEBUG 2021-07-13 15:31:23,026 - DOMAIN INFO
INFO 2021-07-13 15:31:23,026 - {
    "DOMAIN": "jsh521.com", 
    "EXPIRATION": "2021-09-27 14:32:43", 
    "DAYS": "75 days, 23:01:20"
}
DEBUG 2021-07-13 15:31:25,019 - ####################################################################################################
DEBUG 2021-07-13 15:31:25,024 - DOMAIN INFO
INFO 2021-07-13 15:31:25,024 - {
    "DOMAIN": "www.jsh521.com", 
    "EXPIRATION": "2021-09-27 14:32:43", 
    "DAYS": "75 days, 23:01:18"
}
DEBUG 2021-07-13 15:31:34,235 - ####################################################################################################
DEBUG 2021-07-13 15:31:34,242 - DOMAIN INFO
INFO 2021-07-13 15:31:34,242 - {
    "DOMAIN": "www.eu590.com", 
    "EXPIRATION": "2021-09-27 23:04:45", 
    "DAYS": "76 days, 7:33:11"
}
DEBUG 2021-07-13 15:31:34,639 - ####################################################################################################
DEBUG 2021-07-13 15:31:34,645 - DOMAIN INFO
INFO 2021-07-13 15:31:34,645 - {
    "DOMAIN": "eu590.com", 
    "EXPIRATION": "2021-09-27 23:04:45", 
    "DAYS": "76 days, 7:33:11"
}
DEBUG 2021-07-13 15:36:57,932 - ####################################################################################################
DEBUG 2021-07-13 15:36:57,939 - DOMAIN INFO
INFO 2021-07-13 15:36:57,940 - {
    "DOMAIN": "ying88888.com", 
    "EXPIRATION": "2021-09-27 10:43:24", 
    "DAYS": "75 days, 19:06:27"
}
DEBUG 2021-07-13 15:37:02,170 - ####################################################################################################
DEBUG 2021-07-13 15:37:02,175 - DOMAIN PYTHON ERROR
INFO 2021-07-13 15:37:02,175 - {
    "DOMAIN": "eu2018.net", 
    "PYTHON ERROR": "[Errno 101] Network is unreachable", 
    "DOMAIN_CURL": 77
}
DEBUG 2021-07-13 15:37:06,588 - ####################################################################################################
DEBUG 2021-07-13 15:37:06,594 - DOMAIN PYTHON ERROR
INFO 2021-07-13 15:37:06,595 - {
    "DOMAIN": "xt099.com", 
    "PYTHON ERROR": "[Errno -2] Name or service not known", 
    "DOMAIN_CURL": 75
}
DEBUG 2021-07-13 15:37:07,201 - ####################################################################################################
DEBUG 2021-07-13 15:37:07,207 - DOMAIN PYTHON ERROR
INFO 2021-07-13 15:37:07,207 - {
    "DOMAIN": "jin172.com", 
    "PYTHON ERROR": "[Errno 104] Connection reset by peer", 
    "DOMAIN_CURL": 75
}
DEBUG 2021-07-13 15:37:22,897 - ####################################################################################################
DEBUG 2021-07-13 15:37:22,903 - DOMAIN PYTHON ERROR
INFO 2021-07-13 15:37:22,903 - {
    "DOMAIN": "a2202.com", 
    "PYTHON ERROR": "[Errno 110] Connection timed out", 
    "DOMAIN_CURL": 0
}
DEBUG 2021-07-13 15:38:02,910 - ####################################################################################################
DEBUG 2021-07-13 15:38:02,917 - DOMAIN PYTHON ERROR
INFO 2021-07-13 15:38:02,918 - {
    "DOMAIN": "www.a2202.com", 
    "PYTHON ERROR": "[Errno 110] Connection timed out", 
    "DOMAIN_CURL": 0
}
DEBUG 2021-07-13 16:26:21,726 - ####################################################################################################
DEBUG 2021-07-13 16:26:21,733 - DOMAIN INFO
INFO 2021-07-13 16:26:21,734 - {
    "DOMAIN": "gci.987byh.com", 
    "EXPIRATION": "2021-07-30 07:59:59", 
    "DAYS": "16 days, 15:33:38"
}
DEBUG 2021-07-13 16:31:20,438 - ####################################################################################################
DEBUG 2021-07-13 16:31:20,443 - DOMAIN INFO
INFO 2021-07-13 16:31:20,444 - {
    "DOMAIN": "jsh521.com", 
    "EXPIRATION": "2021-09-27 14:32:43", 
    "DAYS": "75 days, 22:01:23"
}
DEBUG 2021-07-13 16:31:23,077 - ####################################################################################################
DEBUG 2021-07-13 16:31:23,083 - DOMAIN INFO
INFO 2021-07-13 16:31:23,083 - {
    "DOMAIN": "www.jsh521.com", 
    "EXPIRATION": "2021-09-27 14:32:43", 
    "DAYS": "75 days, 22:01:20"
}
DEBUG 2021-07-13 16:31:34,023 - ####################################################################################################
DEBUG 2021-07-13 16:31:34,029 - DOMAIN INFO
INFO 2021-07-13 16:31:34,029 - {
    "DOMAIN": "www.eu590.com", 
    "EXPIRATION": "2021-09-27 23:04:45", 
    "DAYS": "76 days, 6:33:11"
}
DEBUG 2021-07-13 16:31:34,412 - ####################################################################################################
DEBUG 2021-07-13 16:31:34,418 - DOMAIN INFO
INFO 2021-07-13 16:31:34,418 - {
    "DOMAIN": "eu590.com", 
    "EXPIRATION": "2021-09-27 23:04:45", 
    "DAYS": "76 days, 6:33:11"
}
DEBUG 2021-07-13 16:36:55,634 - ####################################################################################################
DEBUG 2021-07-13 16:36:55,641 - DOMAIN PYTHON ERROR
INFO 2021-07-13 16:36:55,642 - {
    "DOMAIN": "ying88888.com", 
    "PYTHON ERROR": "hostname 'ying88888.com' doesn't match either of '*.facebook.com', '*.facebook.net', '*.fbcdn.net', '*.fbsbx.com', '*.m.facebook.com', '*.messenger.com', '*.xx.fbcdn.net', '*.xy.fbcdn.net', '*.xz.fbcdn.net', 'facebook.com', 'messenger.com'", 
    "DOMAIN_CURL": 75
}
DEBUG 2021-07-13 16:36:56,957 - ####################################################################################################
DEBUG 2021-07-13 16:36:56,963 - DOMAIN PYTHON ERROR
INFO 2021-07-13 16:36:56,964 - {
    "DOMAIN": "eu2018.net", 
    "PYTHON ERROR": "hostname 'eu2018.net' doesn't match either of '*.atdmt.com', '*.atdmt2.com', '*.atlassbx.com', '*.atlassolutions.com', '*.xx.atlassbx.com', 'atdmt.com', 'atdmt2.com', 'atlassbx.com', 'atlassolutions.com', 'xx.atlassbx.com'", 
    "DOMAIN_CURL": 77
}
DEBUG 2021-07-13 16:37:09,463 - ####################################################################################################
DEBUG 2021-07-13 16:37:09,470 - DOMAIN PYTHON ERROR
INFO 2021-07-13 16:37:09,470 - {
    "DOMAIN": "jin172.com", 
    "PYTHON ERROR": "[Errno 101] Network is unreachable", 
    "DOMAIN_CURL": 75
}
DEBUG 2021-07-13 16:37:10,891 - ####################################################################################################
DEBUG 2021-07-13 16:37:10,897 - DOMAIN PYTHON ERROR
INFO 2021-07-13 16:37:10,897 - {
    "DOMAIN": "xt099.com", 
    "PYTHON ERROR": "[Errno -2] Name or service not known", 
    "DOMAIN_CURL": 74
}
DEBUG 2021-07-13 16:37:25,213 - ####################################################################################################
DEBUG 2021-07-13 16:37:25,219 - DOMAIN PYTHON ERROR
INFO 2021-07-13 16:37:25,219 - {
    "DOMAIN": "a2202.com", 
    "PYTHON ERROR": "[Errno 110] Connection timed out", 
    "DOMAIN_CURL": 0
}
DEBUG 2021-07-13 17:26:17,556 - ####################################################################################################
DEBUG 2021-07-13 17:26:17,562 - DOMAIN INFO
INFO 2021-07-13 17:26:17,563 - {
    "DOMAIN": "gci.987byh.com", 
    "EXPIRATION": "2021-07-30 07:59:59", 
    "DAYS": "16 days, 14:33:42"
}
DEBUG 2021-07-13 17:31:18,412 - ####################################################################################################
DEBUG 2021-07-13 17:31:18,418 - DOMAIN INFO
INFO 2021-07-13 17:31:18,418 - {
    "DOMAIN": "jsh521.com", 
    "EXPIRATION": "2021-09-27 14:32:43", 
    "DAYS": "75 days, 21:01:25"
}
DEBUG 2021-07-13 17:31:18,463 - ####################################################################################################
DEBUG 2021-07-13 17:31:18,468 - DOMAIN INFO
INFO 2021-07-13 17:31:18,469 - {
    "DOMAIN": "www.jsh521.com", 
    "EXPIRATION": "2021-09-27 14:32:43", 
    "DAYS": "75 days, 21:01:25"
}
DEBUG 2021-07-13 17:31:30,454 - ####################################################################################################
DEBUG 2021-07-13 17:31:30,460 - DOMAIN INFO
INFO 2021-07-13 17:31:30,460 - {
    "DOMAIN": "www.eu590.com", 
    "EXPIRATION": "2021-09-27 23:04:45", 
    "DAYS": "76 days, 5:33:15"
}
DEBUG 2021-07-13 17:31:32,107 - ####################################################################################################
DEBUG 2021-07-13 17:31:32,113 - DOMAIN INFO
INFO 2021-07-13 17:31:32,113 - {
    "DOMAIN": "eu590.com", 
    "EXPIRATION": "2021-09-27 23:04:45", 
    "DAYS": "76 days, 5:33:13"
}
DEBUG 2021-07-13 17:36:55,485 - ####################################################################################################
DEBUG 2021-07-13 17:36:55,491 - DOMAIN INFO
INFO 2021-07-13 17:36:55,492 - {
    "DOMAIN": "ying88888.com", 
    "EXPIRATION": "2021-09-27 10:43:24", 
    "DAYS": "75 days, 17:06:29"
}
DEBUG 2021-07-13 17:36:57,006 - ####################################################################################################
DEBUG 2021-07-13 17:36:57,011 - DOMAIN INFO
INFO 2021-07-13 17:36:57,012 - {
    "DOMAIN": "eu2018.net", 
    "EXPIRATION": "2021-09-29 06:49:08", 
    "DAYS": "77 days, 13:12:12"
}
DEBUG 2021-07-13 17:37:05,473 - ####################################################################################################
DEBUG 2021-07-13 17:37:05,479 - DOMAIN PYTHON ERROR
INFO 2021-07-13 17:37:05,479 - {
    "DOMAIN": "xt099.com", 
    "PYTHON ERROR": "[Errno -2] Name or service not known", 
    "DOMAIN_CURL": 74
}
DEBUG 2021-07-13 17:37:10,236 - ####################################################################################################
DEBUG 2021-07-13 17:37:10,243 - DOMAIN PYTHON ERROR
INFO 2021-07-13 17:37:10,244 - {
    "DOMAIN": "jin172.com", 
    "PYTHON ERROR": "[Errno 101] Network is unreachable", 
    "DOMAIN_CURL": 75
}
DEBUG 2021-07-13 17:37:22,955 - ####################################################################################################
DEBUG 2021-07-13 17:37:22,960 - DOMAIN PYTHON ERROR
INFO 2021-07-13 17:37:22,961 - {
    "DOMAIN": "a2202.com", 
    "PYTHON ERROR": "[Errno 110] Connection timed out", 
    "DOMAIN_CURL": 0
}
DEBUG 2021-07-13 18:26:13,792 - ####################################################################################################
DEBUG 2021-07-13 18:26:13,797 - DOMAIN INFO
INFO 2021-07-13 18:26:13,797 - {
    "DOMAIN": "gci.987byh.com", 
    "EXPIRATION": "2021-07-30 07:59:59", 
    "DAYS": "16 days, 13:33:46"
}
DEBUG 2021-07-13 18:31:20,507 - ####################################################################################################
DEBUG 2021-07-13 18:31:20,513 - DOMAIN INFO
INFO 2021-07-13 18:31:20,513 - {
    "DOMAIN": "jsh521.com", 
    "EXPIRATION": "2021-09-27 14:32:43", 
    "DAYS": "75 days, 20:01:23"
}
DEBUG 2021-07-13 18:31:20,900 - ####################################################################################################
DEBUG 2021-07-13 18:31:20,905 - DOMAIN INFO
INFO 2021-07-13 18:31:20,905 - {
    "DOMAIN": "www.jsh521.com", 
    "EXPIRATION": "2021-09-27 14:32:43", 
    "DAYS": "75 days, 20:01:23"
}
DEBUG 2021-07-13 18:31:34,545 - ####################################################################################################
DEBUG 2021-07-13 18:31:34,553 - DOMAIN INFO
INFO 2021-07-13 18:31:34,553 - {
    "DOMAIN": "www.eu590.com", 
    "EXPIRATION": "2021-09-27 23:04:45", 
    "DAYS": "76 days, 4:33:11"
}
DEBUG 2021-07-13 18:31:35,615 - ####################################################################################################
DEBUG 2021-07-13 18:31:35,622 - DOMAIN INFO
INFO 2021-07-13 18:31:35,622 - {
    "DOMAIN": "eu590.com", 
    "EXPIRATION": "2021-09-27 23:04:45", 
    "DAYS": "76 days, 4:33:10"
}
DEBUG 2021-07-13 18:36:53,616 - ####################################################################################################
DEBUG 2021-07-13 18:36:53,623 - DOMAIN INFO
INFO 2021-07-13 18:36:53,623 - {
    "DOMAIN": "ying88888.com", 
    "EXPIRATION": "2021-09-27 10:43:24", 
    "DAYS": "75 days, 16:06:31"
}
DEBUG 2021-07-13 18:36:58,654 - ####################################################################################################
DEBUG 2021-07-13 18:36:58,659 - DOMAIN PYTHON ERROR
INFO 2021-07-13 18:36:58,660 - {
    "DOMAIN": "eu2018.net", 
    "PYTHON ERROR": "[Errno 101] Network is unreachable", 
    "DOMAIN_CURL": 77
}
DEBUG 2021-07-13 18:37:02,311 - ####################################################################################################
DEBUG 2021-07-13 18:37:02,318 - DOMAIN PYTHON ERROR
INFO 2021-07-13 18:37:02,318 - {
    "DOMAIN": "xt099.com", 
    "PYTHON ERROR": "[Errno -2] Name or service not known", 
    "DOMAIN_CURL": 74
}
DEBUG 2021-07-13 18:37:07,911 - ####################################################################################################
DEBUG 2021-07-13 18:37:07,917 - DOMAIN PYTHON ERROR
INFO 2021-07-13 18:37:07,918 - {
    "DOMAIN": "jin172.com", 
    "PYTHON ERROR": "[Errno 101] Network is unreachable", 
    "DOMAIN_CURL": 75
}
DEBUG 2021-07-13 18:37:22,272 - ####################################################################################################
DEBUG 2021-07-13 18:37:22,278 - DOMAIN PYTHON ERROR
INFO 2021-07-13 18:37:22,278 - {
    "DOMAIN": "a2202.com", 
    "PYTHON ERROR": "[Errno 110] Connection timed out", 
    "DOMAIN_CURL": 0
}
DEBUG 2021-07-13 18:38:02,204 - ####################################################################################################
DEBUG 2021-07-13 18:38:02,210 - DOMAIN PYTHON ERROR
INFO 2021-07-13 18:38:02,210 - {
    "DOMAIN": "www.a2202.com", 
    "PYTHON ERROR": "[Errno 110] Connection timed out", 
    "DOMAIN_CURL": 0
}
DEBUG 2021-07-13 19:26:13,636 - ####################################################################################################
DEBUG 2021-07-13 19:26:13,642 - DOMAIN INFO
INFO 2021-07-13 19:26:13,643 - {
    "DOMAIN": "gci.987byh.com", 
    "EXPIRATION": "2021-07-30 07:59:59", 
    "DAYS": "16 days, 12:33:46"
}
DEBUG 2021-07-13 19:31:18,303 - ####################################################################################################
DEBUG 2021-07-13 19:31:18,309 - DOMAIN INFO
INFO 2021-07-13 19:31:18,309 - {
    "DOMAIN": "jsh521.com", 
    "EXPIRATION": "2021-09-27 14:32:43", 
    "DAYS": "75 days, 19:01:25"
}
DEBUG 2021-07-13 19:31:18,964 - ####################################################################################################
DEBUG 2021-07-13 19:31:18,970 - DOMAIN INFO
INFO 2021-07-13 19:31:18,970 - {
    "DOMAIN": "www.jsh521.com", 
    "EXPIRATION": "2021-09-27 14:32:43", 
    "DAYS": "75 days, 19:01:25"
}
DEBUG 2021-07-13 19:31:31,922 - ####################################################################################################
DEBUG 2021-07-13 19:31:31,928 - DOMAIN INFO
INFO 2021-07-13 19:31:31,928 - {
    "DOMAIN": "www.eu590.com", 
    "EXPIRATION": "2021-09-27 23:04:45", 
    "DAYS": "76 days, 3:33:14"
}
DEBUG 2021-07-13 19:31:32,421 - ####################################################################################################
DEBUG 2021-07-13 19:31:32,428 - DOMAIN INFO
INFO 2021-07-13 19:31:32,428 - {
    "DOMAIN": "eu590.com", 
    "EXPIRATION": "2021-09-27 23:04:45", 
    "DAYS": "76 days, 3:33:13"
}
DEBUG 2021-07-13 19:36:52,337 - ####################################################################################################
DEBUG 2021-07-13 19:36:52,343 - DOMAIN INFO
INFO 2021-07-13 19:36:52,343 - {
    "DOMAIN": "ying88888.com", 
    "EXPIRATION": "2021-09-27 10:43:24", 
    "DAYS": "75 days, 15:06:32"
}
DEBUG 2021-07-13 19:36:53,209 - ####################################################################################################
DEBUG 2021-07-13 19:36:53,216 - DOMAIN INFO
INFO 2021-07-13 19:36:53,216 - {
    "DOMAIN": "eu2018.net", 
    "EXPIRATION": "2021-09-29 06:49:08", 
    "DAYS": "77 days, 11:12:15"
}
DEBUG 2021-07-13 19:37:01,620 - ####################################################################################################
DEBUG 2021-07-13 19:37:01,626 - DOMAIN PYTHON ERROR
INFO 2021-07-13 19:37:01,626 - {
    "DOMAIN": "xt099.com", 
    "PYTHON ERROR": "[Errno -2] Name or service not known", 
    "DOMAIN_CURL": 74
}
DEBUG 2021-07-13 19:37:04,249 - ####################################################################################################
DEBUG 2021-07-13 19:37:04,256 - DOMAIN INFO
INFO 2021-07-13 19:37:04,256 - {
    "DOMAIN": "jin172.com", 
    "EXPIRATION": "2021-09-27 10:38:24", 
    "DAYS": "75 days, 15:01:20"
}
DEBUG 2021-07-13 19:37:22,811 - ####################################################################################################
DEBUG 2021-07-13 19:37:22,817 - DOMAIN PYTHON ERROR
INFO 2021-07-13 19:37:22,817 - {
    "DOMAIN": "a2202.com", 
    "PYTHON ERROR": "[Errno 110] Connection timed out", 
    "DOMAIN_CURL": 0
}
DEBUG 2021-07-13 19:38:02,456 - ####################################################################################################
DEBUG 2021-07-13 19:38:02,463 - DOMAIN PYTHON ERROR
INFO 2021-07-13 19:38:02,463 - {
    "DOMAIN": "www.a2202.com", 
    "PYTHON ERROR": "[Errno 110] Connection timed out", 
    "DOMAIN_CURL": 0
}
DEBUG 2021-07-13 20:26:16,448 - ####################################################################################################
DEBUG 2021-07-13 20:26:16,453 - DOMAIN INFO
INFO 2021-07-13 20:26:16,454 - {
    "DOMAIN": "gci.987byh.com", 
    "EXPIRATION": "2021-07-30 07:59:59", 
    "DAYS": "16 days, 11:33:43"
}
DEBUG 2021-07-13 20:31:18,584 - ####################################################################################################
DEBUG 2021-07-13 20:31:18,590 - DOMAIN INFO
INFO 2021-07-13 20:31:18,590 - {
    "DOMAIN": "jsh521.com", 
    "EXPIRATION": "2021-09-27 14:32:43", 
    "DAYS": "75 days, 18:01:25"
}
DEBUG 2021-07-13 20:31:19,027 - ####################################################################################################
DEBUG 2021-07-13 20:31:19,033 - DOMAIN INFO
INFO 2021-07-13 20:31:19,033 - {
    "DOMAIN": "www.jsh521.com", 
    "EXPIRATION": "2021-09-27 14:32:43", 
    "DAYS": "75 days, 18:01:24"
}
DEBUG 2021-07-13 20:31:32,730 - ####################################################################################################
DEBUG 2021-07-13 20:31:32,736 - DOMAIN INFO
INFO 2021-07-13 20:31:32,736 - {
    "DOMAIN": "www.eu590.com", 
    "EXPIRATION": "2021-09-27 23:04:45", 
    "DAYS": "76 days, 2:33:13"
}
DEBUG 2021-07-13 20:31:33,019 - ####################################################################################################
DEBUG 2021-07-13 20:31:33,025 - DOMAIN INFO
INFO 2021-07-13 20:31:33,026 - {
    "DOMAIN": "eu590.com", 
    "EXPIRATION": "2021-09-27 23:04:45", 
    "DAYS": "76 days, 2:33:12"
}
DEBUG 2021-07-13 20:36:54,054 - ####################################################################################################
DEBUG 2021-07-13 20:36:54,060 - DOMAIN PYTHON ERROR
INFO 2021-07-13 20:36:54,061 - {
    "DOMAIN": "eu2018.net", 
    "PYTHON ERROR": "hostname 'eu2018.net' doesn't match either of '*.facebook.com', '*.facebook.net', '*.fbcdn.net', '*.fbsbx.com', '*.m.facebook.com', '*.messenger.com', '*.xx.fbcdn.net', '*.xy.fbcdn.net', '*.xz.fbcdn.net', 'facebook.com', 'messenger.com'", 
    "DOMAIN_CURL": 77
}
DEBUG 2021-07-13 20:37:00,343 - ####################################################################################################
DEBUG 2021-07-13 20:37:00,349 - DOMAIN PYTHON ERROR
INFO 2021-07-13 20:37:00,350 - {
    "DOMAIN": "xt099.com", 
    "PYTHON ERROR": "[Errno -2] Name or service not known", 
    "DOMAIN_CURL": 74
}
DEBUG 2021-07-13 20:37:02,707 - ####################################################################################################
DEBUG 2021-07-13 20:37:02,715 - DOMAIN PYTHON ERROR
INFO 2021-07-13 20:37:02,715 - {
    "DOMAIN": "ying88888.com", 
    "PYTHON ERROR": "('_ssl.c:602: The handshake operation timed out',)", 
    "DOMAIN_CURL": 75
}
DEBUG 2021-07-13 20:37:08,800 - ####################################################################################################
DEBUG 2021-07-13 20:37:08,806 - DOMAIN PYTHON ERROR
INFO 2021-07-13 20:37:08,806 - {
    "DOMAIN": "jin172.com", 
    "PYTHON ERROR": "[Errno 101] Network is unreachable", 
    "DOMAIN_CURL": 75
}
DEBUG 2021-07-13 20:37:22,735 - ####################################################################################################
DEBUG 2021-07-13 20:37:22,741 - DOMAIN PYTHON ERROR
INFO 2021-07-13 20:37:22,741 - {
    "DOMAIN": "a2202.com", 
    "PYTHON ERROR": "[Errno 110] Connection timed out", 
    "DOMAIN_CURL": 0
}
DEBUG 2021-07-13 20:38:02,244 - ####################################################################################################
DEBUG 2021-07-13 20:38:02,249 - DOMAIN PYTHON ERROR
INFO 2021-07-13 20:38:02,250 - {
    "DOMAIN": "www.a2202.com", 
    "PYTHON ERROR": "[Errno 110] Connection timed out", 
    "DOMAIN_CURL": 0
}
DEBUG 2021-07-13 21:26:15,427 - ####################################################################################################
DEBUG 2021-07-13 21:26:15,433 - DOMAIN INFO
INFO 2021-07-13 21:26:15,434 - {
    "DOMAIN": "gci.987byh.com", 
    "EXPIRATION": "2021-07-30 07:59:59", 
    "DAYS": "16 days, 10:33:44"
}
DEBUG 2021-07-13 21:31:18,754 - ####################################################################################################
DEBUG 2021-07-13 21:31:18,760 - DOMAIN INFO
INFO 2021-07-13 21:31:18,760 - {
    "DOMAIN": "jsh521.com", 
    "EXPIRATION": "2021-09-27 14:32:43", 
    "DAYS": "75 days, 17:01:25"
}
DEBUG 2021-07-13 21:31:18,992 - ####################################################################################################
DEBUG 2021-07-13 21:31:18,999 - DOMAIN INFO
INFO 2021-07-13 21:31:18,999 - {
    "DOMAIN": "www.jsh521.com", 
    "EXPIRATION": "2021-09-27 14:32:43", 
    "DAYS": "75 days, 17:01:25"
}
DEBUG 2021-07-13 21:31:30,977 - ####################################################################################################
DEBUG 2021-07-13 21:31:30,983 - DOMAIN INFO
INFO 2021-07-13 21:31:30,984 - {
    "DOMAIN": "www.eu590.com", 
    "EXPIRATION": "2021-09-27 23:04:45", 
    "DAYS": "76 days, 1:33:15"
}
DEBUG 2021-07-13 21:31:31,877 - ####################################################################################################
DEBUG 2021-07-13 21:31:31,883 - DOMAIN INFO
INFO 2021-07-13 21:31:31,883 - {
    "DOMAIN": "eu590.com", 
    "EXPIRATION": "2021-09-27 23:04:45", 
    "DAYS": "76 days, 1:33:14"
}
DEBUG 2021-07-13 21:37:00,141 - ####################################################################################################
DEBUG 2021-07-13 21:37:00,147 - DOMAIN PYTHON ERROR
INFO 2021-07-13 21:37:00,147 - {
    "DOMAIN": "ying88888.com", 
    "PYTHON ERROR": "[Errno 101] Network is unreachable", 
    "DOMAIN_CURL": 75
}
DEBUG 2021-07-13 21:37:03,909 - ####################################################################################################
DEBUG 2021-07-13 21:37:03,915 - DOMAIN PYTHON ERROR
INFO 2021-07-13 21:37:03,916 - {
    "DOMAIN": "xt099.com", 
    "PYTHON ERROR": "[Errno -2] Name or service not known", 
    "DOMAIN_CURL": 74
}
DEBUG 2021-07-13 21:37:04,790 - ####################################################################################################
DEBUG 2021-07-13 21:37:04,796 - DOMAIN PYTHON ERROR
INFO 2021-07-13 21:37:04,796 - {
    "DOMAIN": "eu2018.net", 
    "PYTHON ERROR": "[Errno 101] Network is unreachable", 
    "DOMAIN_CURL": 77
}
DEBUG 2021-07-13 21:37:06,748 - ####################################################################################################
DEBUG 2021-07-13 21:37:06,756 - DOMAIN INFO
INFO 2021-07-13 21:37:06,756 - {
    "DOMAIN": "jin172.com", 
    "EXPIRATION": "2021-09-27 10:38:24", 
    "DAYS": "75 days, 13:01:18"
}
DEBUG 2021-07-13 21:37:23,478 - ####################################################################################################
DEBUG 2021-07-13 21:37:23,484 - DOMAIN PYTHON ERROR
INFO 2021-07-13 21:37:23,484 - {
    "DOMAIN": "a2202.com", 
    "PYTHON ERROR": "[Errno 110] Connection timed out", 
    "DOMAIN_CURL": 0
}
DEBUG 2021-07-13 22:26:15,922 - ####################################################################################################
DEBUG 2021-07-13 22:26:15,927 - DOMAIN INFO
INFO 2021-07-13 22:26:15,928 - {
    "DOMAIN": "gci.987byh.com", 
    "EXPIRATION": "2021-07-30 07:59:59", 
    "DAYS": "16 days, 9:33:44"
}
DEBUG 2021-07-13 22:31:17,019 - ####################################################################################################
DEBUG 2021-07-13 22:31:17,024 - DOMAIN INFO
INFO 2021-07-13 22:31:17,024 - {
    "DOMAIN": "jsh521.com", 
    "EXPIRATION": "2021-09-27 14:32:43", 
    "DAYS": "75 days, 16:01:26"
}
DEBUG 2021-07-13 22:31:17,489 - ####################################################################################################
DEBUG 2021-07-13 22:31:17,494 - DOMAIN INFO
INFO 2021-07-13 22:31:17,494 - {
    "DOMAIN": "www.jsh521.com", 
    "EXPIRATION": "2021-09-27 14:32:43", 
    "DAYS": "75 days, 16:01:26"
}
DEBUG 2021-07-13 22:31:30,029 - ####################################################################################################
DEBUG 2021-07-13 22:31:30,035 - DOMAIN INFO
INFO 2021-07-13 22:31:30,035 - {
    "DOMAIN": "www.eu590.com", 
    "EXPIRATION": "2021-09-27 23:04:45", 
    "DAYS": "76 days, 0:33:15"
}
DEBUG 2021-07-13 22:31:30,591 - ####################################################################################################
DEBUG 2021-07-13 22:31:30,596 - DOMAIN INFO
INFO 2021-07-13 22:31:30,597 - {
    "DOMAIN": "eu590.com", 
    "EXPIRATION": "2021-09-27 23:04:45", 
    "DAYS": "76 days, 0:33:15"
}
DEBUG 2021-07-13 22:36:53,388 - ####################################################################################################
DEBUG 2021-07-13 22:36:53,393 - DOMAIN INFO
INFO 2021-07-13 22:36:53,394 - {
    "DOMAIN": "ying88888.com", 
    "EXPIRATION": "2021-09-27 10:43:24", 
    "DAYS": "75 days, 12:06:31"
}
DEBUG 2021-07-13 22:36:56,061 - ####################################################################################################
DEBUG 2021-07-13 22:36:56,068 - DOMAIN PYTHON ERROR
INFO 2021-07-13 22:36:56,068 - {
    "DOMAIN": "eu2018.net", 
    "PYTHON ERROR": "[Errno 104] Connection reset by peer", 
    "DOMAIN_CURL": 77
}
DEBUG 2021-07-13 22:37:01,842 - ####################################################################################################
DEBUG 2021-07-13 22:37:01,847 - DOMAIN PYTHON ERROR
INFO 2021-07-13 22:37:01,847 - {
    "DOMAIN": "xt099.com", 
    "PYTHON ERROR": "[Errno -2] Name or service not known", 
    "DOMAIN_CURL": 74
}
DEBUG 2021-07-13 22:37:09,609 - ####################################################################################################
DEBUG 2021-07-13 22:37:09,615 - DOMAIN PYTHON ERROR
INFO 2021-07-13 22:37:09,615 - {
    "DOMAIN": "jin172.com", 
    "PYTHON ERROR": "hostname 'jin172.com' doesn't match either of '*.facebook.com', '*.facebook.net', '*.fbcdn.net', '*.fbsbx.com', '*.m.facebook.com', '*.messenger.com', '*.xx.fbcdn.net', '*.xy.fbcdn.net', '*.xz.fbcdn.net', 'facebook.com', 'messenger.com'", 
    "DOMAIN_CURL": 75
}
DEBUG 2021-07-13 22:37:41,499 - ####################################################################################################
DEBUG 2021-07-13 22:37:41,505 - DOMAIN PYTHON ERROR
INFO 2021-07-13 22:37:41,505 - {
    "DOMAIN": "a2202.com", 
    "PYTHON ERROR": "[Errno 110] Connection timed out", 
    "DOMAIN_CURL": 0
}
DEBUG 2021-07-13 22:38:21,168 - ####################################################################################################
DEBUG 2021-07-13 22:38:21,175 - DOMAIN PYTHON ERROR
INFO 2021-07-13 22:38:21,175 - {
    "DOMAIN": "www.a2202.com", 
    "PYTHON ERROR": "[Errno 110] Connection timed out", 
    "DOMAIN_CURL": 0
}
DEBUG 2021-07-13 23:26:18,105 - ####################################################################################################
DEBUG 2021-07-13 23:26:18,111 - DOMAIN INFO
INFO 2021-07-13 23:26:18,111 - {
    "DOMAIN": "gci.987byh.com", 
    "EXPIRATION": "2021-07-30 07:59:59", 
    "DAYS": "16 days, 8:33:41"
}
DEBUG 2021-07-13 23:31:16,616 - ####################################################################################################
DEBUG 2021-07-13 23:31:16,623 - DOMAIN INFO
INFO 2021-07-13 23:31:16,623 - {
    "DOMAIN": "jsh521.com", 
    "EXPIRATION": "2021-09-27 14:32:43", 
    "DAYS": "75 days, 15:01:27"
}
DEBUG 2021-07-13 23:31:17,323 - ####################################################################################################
DEBUG 2021-07-13 23:31:17,328 - DOMAIN INFO
INFO 2021-07-13 23:31:17,329 - {
    "DOMAIN": "www.jsh521.com", 
    "EXPIRATION": "2021-09-27 14:32:43", 
    "DAYS": "75 days, 15:01:26"
}
DEBUG 2021-07-13 23:31:30,957 - ####################################################################################################
DEBUG 2021-07-13 23:31:30,963 - DOMAIN INFO
INFO 2021-07-13 23:31:30,963 - {
    "DOMAIN": "www.eu590.com", 
    "EXPIRATION": "2021-09-27 23:04:45", 
    "DAYS": "75 days, 23:33:15"
}
DEBUG 2021-07-13 23:31:31,524 - ####################################################################################################
DEBUG 2021-07-13 23:31:31,530 - DOMAIN INFO
INFO 2021-07-13 23:31:31,530 - {
    "DOMAIN": "eu590.com", 
    "EXPIRATION": "2021-09-27 23:04:45", 
    "DAYS": "75 days, 23:33:14"
}
DEBUG 2021-07-13 23:37:03,416 - ####################################################################################################
DEBUG 2021-07-13 23:37:03,422 - DOMAIN PYTHON ERROR
INFO 2021-07-13 23:37:03,422 - {
    "DOMAIN": "ying88888.com", 
    "PYTHON ERROR": "[Errno 101] Network is unreachable", 
    "DOMAIN_CURL": 75
}
DEBUG 2021-07-13 23:37:07,302 - ####################################################################################################
DEBUG 2021-07-13 23:37:07,308 - DOMAIN PYTHON ERROR
INFO 2021-07-13 23:37:07,308 - {
    "DOMAIN": "eu2018.net", 
    "PYTHON ERROR": "[Errno 101] Network is unreachable", 
    "DOMAIN_CURL": 76
}
DEBUG 2021-07-13 23:37:08,025 - ####################################################################################################
DEBUG 2021-07-13 23:37:08,031 - DOMAIN PYTHON ERROR
INFO 2021-07-13 23:37:08,032 - {
    "DOMAIN": "xt099.com", 
    "PYTHON ERROR": "[Errno -2] Name or service not known", 
    "DOMAIN_CURL": 74
}
DEBUG 2021-07-13 23:37:09,646 - ####################################################################################################
DEBUG 2021-07-13 23:37:09,653 - DOMAIN INFO
INFO 2021-07-13 23:37:09,654 - {
    "DOMAIN": "jin172.com", 
    "EXPIRATION": "2021-09-27 10:38:24", 
    "DAYS": "75 days, 11:01:15"
}
DEBUG 2021-07-13 23:37:23,052 - ####################################################################################################
DEBUG 2021-07-13 23:37:23,059 - DOMAIN PYTHON ERROR
INFO 2021-07-13 23:37:23,059 - {
    "DOMAIN": "a2202.com", 
    "PYTHON ERROR": "[Errno 110] Connection timed out", 
    "DOMAIN_CURL": 0
}
DEBUG 2021-07-13 23:38:02,640 - ####################################################################################################
DEBUG 2021-07-13 23:38:02,647 - DOMAIN PYTHON ERROR
INFO 2021-07-13 23:38:02,647 - {
    "DOMAIN": "www.a2202.com", 
    "PYTHON ERROR": "[Errno 110] Connection timed out", 
    "DOMAIN_CURL": 0
}
