DEBUG 2021-10-24 00:04:01,629 - ####################################################################################################
DEBUG 2021-10-24 00:04:01,634 - DOMAIN PYTHON ERROR
INFO 2021-10-24 00:04:01,634 - {
    "DOMAIN": "mg.snapplog.com", 
    "PYTHON ERROR": "[SSL: CERTIFICATE_VERIFY_FAILED] certificate verify failed (_ssl.c:618)", 
    "DOMAIN_CURL": 15
}
DEBUG 2021-10-24 00:04:07,485 - ####################################################################################################
DEBUG 2021-10-24 00:04:07,491 - DOMAIN PYTHON ERROR
INFO 2021-10-24 00:04:07,491 - {
    "DOMAIN": "jubolai.com", 
    "PYTHON ERROR": "[SSL: CERTIFICATE_VERIFY_FAILED] certificate verify failed (_ssl.c:618)", 
    "DOMAIN_CURL": 15
}
DEBUG 2021-10-24 00:04:08,312 - ####################################################################################################
DEBUG 2021-10-24 00:04:08,319 - DOMAIN PYTHON ERROR
INFO 2021-10-24 00:04:08,319 - {
    "DOMAIN": "mgb.snapplog.com", 
    "PYTHON ERROR": "[SSL: CERTIFICATE_VERIFY_FAILED] certificate verify failed (_ssl.c:618)", 
    "DOMAIN_CURL": 15
}
DEBUG 2021-10-24 00:04:09,660 - ####################################################################################################
DEBUG 2021-10-24 00:04:09,666 - DOMAIN PYTHON ERROR
INFO 2021-10-24 00:04:09,666 - {
    "DOMAIN": "mgbtest.snapplog.com", 
    "PYTHON ERROR": "[SSL: CERTIFICATE_VERIFY_FAILED] certificate verify failed (_ssl.c:618)", 
    "DOMAIN_CURL": 15
}
DEBUG 2021-10-24 00:04:12,109 - ####################################################################################################
DEBUG 2021-10-24 00:04:12,115 - DOMAIN PYTHON ERROR
INFO 2021-10-24 00:04:12,115 - {
    "DOMAIN": "jiabbo98.net", 
    "PYTHON ERROR": "[SSL: CERTIFICATE_VERIFY_FAILED] certificate verify failed (_ssl.c:618)", 
    "DOMAIN_CURL": 15
}
DEBUG 2021-10-24 00:04:13,251 - ####################################################################################################
DEBUG 2021-10-24 00:04:13,257 - DOMAIN PYTHON ERROR
INFO 2021-10-24 00:04:13,257 - {
    "DOMAIN": "vpn19.com", 
    "PYTHON ERROR": "[SSL: CERTIFICATE_VERIFY_FAILED] certificate verify failed (_ssl.c:618)", 
    "DOMAIN_CURL": 15
}
DEBUG 2021-10-24 00:04:14,351 - ####################################################################################################
DEBUG 2021-10-24 00:04:14,356 - DOMAIN PYTHON ERROR
INFO 2021-10-24 00:04:14,356 - {
    "DOMAIN": "jiabo28.net", 
    "PYTHON ERROR": "[SSL: CERTIFICATE_VERIFY_FAILED] certificate verify failed (_ssl.c:618)", 
    "DOMAIN_CURL": 15
}
DEBUG 2021-10-24 00:04:15,706 - ####################################################################################################
DEBUG 2021-10-24 00:04:15,712 - DOMAIN PYTHON ERROR
INFO 2021-10-24 00:04:15,712 - {
    "DOMAIN": "gstechhk.com", 
    "PYTHON ERROR": "[SSL: CERTIFICATE_VERIFY_FAILED] certificate verify failed (_ssl.c:618)", 
    "DOMAIN_CURL": 15
}
DEBUG 2021-10-24 00:04:16,904 - ####################################################################################################
DEBUG 2021-10-24 00:04:16,910 - DOMAIN PYTHON ERROR
INFO 2021-10-24 00:04:16,910 - {
    "DOMAIN": "yishengbet.com", 
    "PYTHON ERROR": "[SSL: CERTIFICATE_VERIFY_FAILED] certificate verify failed (_ssl.c:618)", 
    "DOMAIN_CURL": 15
}
DEBUG 2021-10-24 01:04:05,708 - ####################################################################################################
DEBUG 2021-10-24 01:04:05,714 - DOMAIN PYTHON ERROR
INFO 2021-10-24 01:04:05,714 - {
    "DOMAIN": "mg.snapplog.com", 
    "PYTHON ERROR": "[SSL: CERTIFICATE_VERIFY_FAILED] certificate verify failed (_ssl.c:618)", 
    "DOMAIN_CURL": 15
}
DEBUG 2021-10-24 01:04:08,256 - ####################################################################################################
DEBUG 2021-10-24 01:04:08,261 - DOMAIN PYTHON ERROR
INFO 2021-10-24 01:04:08,261 - {
    "DOMAIN": "jubolai.com", 
    "PYTHON ERROR": "[SSL: CERTIFICATE_VERIFY_FAILED] certificate verify failed (_ssl.c:618)", 
    "DOMAIN_CURL": 15
}
DEBUG 2021-10-24 01:04:10,511 - ####################################################################################################
DEBUG 2021-10-24 01:04:10,517 - DOMAIN PYTHON ERROR
INFO 2021-10-24 01:04:10,517 - {
    "DOMAIN": "mgb.snapplog.com", 
    "PYTHON ERROR": "[SSL: CERTIFICATE_VERIFY_FAILED] certificate verify failed (_ssl.c:618)", 
    "DOMAIN_CURL": 15
}
DEBUG 2021-10-24 01:04:11,406 - ####################################################################################################
DEBUG 2021-10-24 01:04:11,411 - DOMAIN PYTHON ERROR
INFO 2021-10-24 01:04:11,411 - {
    "DOMAIN": "mgbtest.snapplog.com", 
    "PYTHON ERROR": "[SSL: CERTIFICATE_VERIFY_FAILED] certificate verify failed (_ssl.c:618)", 
    "DOMAIN_CURL": 15
}
DEBUG 2021-10-24 01:04:12,825 - ####################################################################################################
DEBUG 2021-10-24 01:04:12,831 - DOMAIN PYTHON ERROR
INFO 2021-10-24 01:04:12,831 - {
    "DOMAIN": "jiabbo98.net", 
    "PYTHON ERROR": "[SSL: CERTIFICATE_VERIFY_FAILED] certificate verify failed (_ssl.c:618)", 
    "DOMAIN_CURL": 15
}
DEBUG 2021-10-24 01:04:13,779 - ####################################################################################################
DEBUG 2021-10-24 01:04:13,785 - DOMAIN PYTHON ERROR
INFO 2021-10-24 01:04:13,785 - {
    "DOMAIN": "vpn19.com", 
    "PYTHON ERROR": "[SSL: CERTIFICATE_VERIFY_FAILED] certificate verify failed (_ssl.c:618)", 
    "DOMAIN_CURL": 15
}
DEBUG 2021-10-24 01:04:14,380 - ####################################################################################################
DEBUG 2021-10-24 01:04:14,385 - DOMAIN PYTHON ERROR
INFO 2021-10-24 01:04:14,385 - {
    "DOMAIN": "jiabo28.net", 
    "PYTHON ERROR": "[SSL: CERTIFICATE_VERIFY_FAILED] certificate verify failed (_ssl.c:618)", 
    "DOMAIN_CURL": 15
}
DEBUG 2021-10-24 01:04:15,398 - ####################################################################################################
DEBUG 2021-10-24 01:04:15,404 - DOMAIN PYTHON ERROR
INFO 2021-10-24 01:04:15,404 - {
    "DOMAIN": "gstechhk.com", 
    "PYTHON ERROR": "[SSL: CERTIFICATE_VERIFY_FAILED] certificate verify failed (_ssl.c:618)", 
    "DOMAIN_CURL": 15
}
DEBUG 2021-10-24 01:04:17,479 - ####################################################################################################
DEBUG 2021-10-24 01:04:17,485 - DOMAIN PYTHON ERROR
INFO 2021-10-24 01:04:17,485 - {
    "DOMAIN": "yishengbet.com", 
    "PYTHON ERROR": "[SSL: CERTIFICATE_VERIFY_FAILED] certificate verify failed (_ssl.c:618)", 
    "DOMAIN_CURL": 15
}
DEBUG 2021-10-24 02:04:04,417 - ####################################################################################################
DEBUG 2021-10-24 02:04:04,423 - DOMAIN PYTHON ERROR
INFO 2021-10-24 02:04:04,423 - {
    "DOMAIN": "mg.snapplog.com", 
    "PYTHON ERROR": "[SSL: CERTIFICATE_VERIFY_FAILED] certificate verify failed (_ssl.c:618)", 
    "DOMAIN_CURL": 15
}
DEBUG 2021-10-24 02:04:08,115 - ####################################################################################################
DEBUG 2021-10-24 02:04:08,121 - DOMAIN PYTHON ERROR
INFO 2021-10-24 02:04:08,122 - {
    "DOMAIN": "jubolai.com", 
    "PYTHON ERROR": "[SSL: CERTIFICATE_VERIFY_FAILED] certificate verify failed (_ssl.c:618)", 
    "DOMAIN_CURL": 15
}
DEBUG 2021-10-24 02:04:10,785 - ####################################################################################################
DEBUG 2021-10-24 02:04:10,790 - DOMAIN PYTHON ERROR
INFO 2021-10-24 02:04:10,790 - {
    "DOMAIN": "mgb.snapplog.com", 
    "PYTHON ERROR": "[SSL: CERTIFICATE_VERIFY_FAILED] certificate verify failed (_ssl.c:618)", 
    "DOMAIN_CURL": 15
}
DEBUG 2021-10-24 02:04:11,750 - ####################################################################################################
DEBUG 2021-10-24 02:04:11,756 - DOMAIN PYTHON ERROR
INFO 2021-10-24 02:04:11,756 - {
    "DOMAIN": "mgbtest.snapplog.com", 
    "PYTHON ERROR": "[SSL: CERTIFICATE_VERIFY_FAILED] certificate verify failed (_ssl.c:618)", 
    "DOMAIN_CURL": 15
}
DEBUG 2021-10-24 02:04:14,658 - ####################################################################################################
DEBUG 2021-10-24 02:04:14,664 - DOMAIN PYTHON ERROR
INFO 2021-10-24 02:04:14,664 - {
    "DOMAIN": "jiabbo98.net", 
    "PYTHON ERROR": "[SSL: CERTIFICATE_VERIFY_FAILED] certificate verify failed (_ssl.c:618)", 
    "DOMAIN_CURL": 15
}
DEBUG 2021-10-24 02:04:15,158 - ####################################################################################################
DEBUG 2021-10-24 02:04:15,163 - DOMAIN PYTHON ERROR
INFO 2021-10-24 02:04:15,163 - {
    "DOMAIN": "vpn19.com", 
    "PYTHON ERROR": "[SSL: CERTIFICATE_VERIFY_FAILED] certificate verify failed (_ssl.c:618)", 
    "DOMAIN_CURL": 15
}
DEBUG 2021-10-24 02:04:15,311 - ####################################################################################################
DEBUG 2021-10-24 02:04:15,316 - DOMAIN PYTHON ERROR
INFO 2021-10-24 02:04:15,316 - {
    "DOMAIN": "jiabo28.net", 
    "PYTHON ERROR": "[SSL: CERTIFICATE_VERIFY_FAILED] certificate verify failed (_ssl.c:618)", 
    "DOMAIN_CURL": 15
}
DEBUG 2021-10-24 02:04:16,592 - ####################################################################################################
DEBUG 2021-10-24 02:04:16,600 - DOMAIN PYTHON ERROR
INFO 2021-10-24 02:04:16,600 - {
    "DOMAIN": "gstechhk.com", 
    "PYTHON ERROR": "[SSL: CERTIFICATE_VERIFY_FAILED] certificate verify failed (_ssl.c:618)", 
    "DOMAIN_CURL": 15
}
DEBUG 2021-10-24 02:04:17,200 - ####################################################################################################
DEBUG 2021-10-24 02:04:17,205 - DOMAIN PYTHON ERROR
INFO 2021-10-24 02:04:17,205 - {
    "DOMAIN": "yishengbet.com", 
    "PYTHON ERROR": "[SSL: CERTIFICATE_VERIFY_FAILED] certificate verify failed (_ssl.c:618)", 
    "DOMAIN_CURL": 15
}
DEBUG 2021-10-24 03:04:00,400 - ####################################################################################################
DEBUG 2021-10-24 03:04:00,407 - DOMAIN PYTHON ERROR
INFO 2021-10-24 03:04:00,407 - {
    "DOMAIN": "mg.snapplog.com", 
    "PYTHON ERROR": "[SSL: CERTIFICATE_VERIFY_FAILED] certificate verify failed (_ssl.c:618)", 
    "DOMAIN_CURL": 15
}
DEBUG 2021-10-24 03:04:05,449 - ####################################################################################################
DEBUG 2021-10-24 03:04:05,454 - DOMAIN PYTHON ERROR
INFO 2021-10-24 03:04:05,454 - {
    "DOMAIN": "jubolai.com", 
    "PYTHON ERROR": "[SSL: CERTIFICATE_VERIFY_FAILED] certificate verify failed (_ssl.c:618)", 
    "DOMAIN_CURL": 15
}
DEBUG 2021-10-24 03:04:07,463 - ####################################################################################################
DEBUG 2021-10-24 03:04:07,469 - DOMAIN PYTHON ERROR
INFO 2021-10-24 03:04:07,469 - {
    "DOMAIN": "mgb.snapplog.com", 
    "PYTHON ERROR": "[SSL: CERTIFICATE_VERIFY_FAILED] certificate verify failed (_ssl.c:618)", 
    "DOMAIN_CURL": 15
}
DEBUG 2021-10-24 03:04:09,398 - ####################################################################################################
DEBUG 2021-10-24 03:04:09,404 - DOMAIN PYTHON ERROR
INFO 2021-10-24 03:04:09,404 - {
    "DOMAIN": "mgbtest.snapplog.com", 
    "PYTHON ERROR": "[SSL: CERTIFICATE_VERIFY_FAILED] certificate verify failed (_ssl.c:618)", 
    "DOMAIN_CURL": 15
}
DEBUG 2021-10-24 03:04:12,046 - ####################################################################################################
DEBUG 2021-10-24 03:04:12,053 - DOMAIN PYTHON ERROR
INFO 2021-10-24 03:04:12,053 - {
    "DOMAIN": "jiabbo98.net", 
    "PYTHON ERROR": "[SSL: CERTIFICATE_VERIFY_FAILED] certificate verify failed (_ssl.c:618)", 
    "DOMAIN_CURL": 15
}
DEBUG 2021-10-24 03:04:12,495 - ####################################################################################################
DEBUG 2021-10-24 03:04:12,501 - DOMAIN PYTHON ERROR
INFO 2021-10-24 03:04:12,502 - {
    "DOMAIN": "vpn19.com", 
    "PYTHON ERROR": "[SSL: CERTIFICATE_VERIFY_FAILED] certificate verify failed (_ssl.c:618)", 
    "DOMAIN_CURL": 15
}
DEBUG 2021-10-24 03:04:14,246 - ####################################################################################################
DEBUG 2021-10-24 03:04:14,251 - DOMAIN PYTHON ERROR
INFO 2021-10-24 03:04:14,252 - {
    "DOMAIN": "jiabo28.net", 
    "PYTHON ERROR": "[SSL: CERTIFICATE_VERIFY_FAILED] certificate verify failed (_ssl.c:618)", 
    "DOMAIN_CURL": 15
}
DEBUG 2021-10-24 03:04:16,079 - ####################################################################################################
DEBUG 2021-10-24 03:04:16,084 - DOMAIN PYTHON ERROR
INFO 2021-10-24 03:04:16,084 - {
    "DOMAIN": "gstechhk.com", 
    "PYTHON ERROR": "[SSL: CERTIFICATE_VERIFY_FAILED] certificate verify failed (_ssl.c:618)", 
    "DOMAIN_CURL": 15
}
DEBUG 2021-10-24 03:04:16,962 - ####################################################################################################
DEBUG 2021-10-24 03:04:16,968 - DOMAIN PYTHON ERROR
INFO 2021-10-24 03:04:16,968 - {
    "DOMAIN": "yishengbet.com", 
    "PYTHON ERROR": "[SSL: CERTIFICATE_VERIFY_FAILED] certificate verify failed (_ssl.c:618)", 
    "DOMAIN_CURL": 15
}
DEBUG 2021-10-24 04:04:04,487 - ####################################################################################################
DEBUG 2021-10-24 04:04:04,493 - DOMAIN PYTHON ERROR
INFO 2021-10-24 04:04:04,493 - {
    "DOMAIN": "mg.snapplog.com", 
    "PYTHON ERROR": "[SSL: CERTIFICATE_VERIFY_FAILED] certificate verify failed (_ssl.c:618)", 
    "DOMAIN_CURL": 15
}
DEBUG 2021-10-24 04:04:10,349 - ####################################################################################################
DEBUG 2021-10-24 04:04:10,354 - DOMAIN PYTHON ERROR
INFO 2021-10-24 04:04:10,355 - {
    "DOMAIN": "jubolai.com", 
    "PYTHON ERROR": "[SSL: CERTIFICATE_VERIFY_FAILED] certificate verify failed (_ssl.c:618)", 
    "DOMAIN_CURL": 14
}
DEBUG 2021-10-24 04:04:11,514 - ####################################################################################################
DEBUG 2021-10-24 04:04:11,520 - DOMAIN PYTHON ERROR
INFO 2021-10-24 04:04:11,520 - {
    "DOMAIN": "mgb.snapplog.com", 
    "PYTHON ERROR": "[SSL: CERTIFICATE_VERIFY_FAILED] certificate verify failed (_ssl.c:618)", 
    "DOMAIN_CURL": 15
}
DEBUG 2021-10-24 04:04:13,202 - ####################################################################################################
DEBUG 2021-10-24 04:04:13,208 - DOMAIN PYTHON ERROR
INFO 2021-10-24 04:04:13,208 - {
    "DOMAIN": "mgbtest.snapplog.com", 
    "PYTHON ERROR": "[SSL: CERTIFICATE_VERIFY_FAILED] certificate verify failed (_ssl.c:618)", 
    "DOMAIN_CURL": 15
}
DEBUG 2021-10-24 04:04:14,714 - ####################################################################################################
DEBUG 2021-10-24 04:04:14,719 - DOMAIN PYTHON ERROR
INFO 2021-10-24 04:04:14,720 - {
    "DOMAIN": "jiabbo98.net", 
    "PYTHON ERROR": "[SSL: CERTIFICATE_VERIFY_FAILED] certificate verify failed (_ssl.c:618)", 
    "DOMAIN_CURL": 14
}
DEBUG 2021-10-24 04:04:15,053 - ####################################################################################################
DEBUG 2021-10-24 04:04:15,057 - DOMAIN PYTHON ERROR
INFO 2021-10-24 04:04:15,057 - {
    "DOMAIN": "vpn19.com", 
    "PYTHON ERROR": "[SSL: CERTIFICATE_VERIFY_FAILED] certificate verify failed (_ssl.c:618)", 
    "DOMAIN_CURL": 14
}
DEBUG 2021-10-24 04:04:15,188 - ####################################################################################################
DEBUG 2021-10-24 04:04:15,194 - DOMAIN PYTHON ERROR
INFO 2021-10-24 04:04:15,194 - {
    "DOMAIN": "jiabo28.net", 
    "PYTHON ERROR": "[SSL: CERTIFICATE_VERIFY_FAILED] certificate verify failed (_ssl.c:618)", 
    "DOMAIN_CURL": 14
}
DEBUG 2021-10-24 04:04:16,173 - ####################################################################################################
DEBUG 2021-10-24 04:04:16,180 - DOMAIN PYTHON ERROR
INFO 2021-10-24 04:04:16,180 - {
    "DOMAIN": "gstechhk.com", 
    "PYTHON ERROR": "[SSL: CERTIFICATE_VERIFY_FAILED] certificate verify failed (_ssl.c:618)", 
    "DOMAIN_CURL": 15
}
DEBUG 2021-10-24 04:04:17,280 - ####################################################################################################
DEBUG 2021-10-24 04:04:17,286 - DOMAIN PYTHON ERROR
INFO 2021-10-24 04:04:17,286 - {
    "DOMAIN": "yishengbet.com", 
    "PYTHON ERROR": "[SSL: CERTIFICATE_VERIFY_FAILED] certificate verify failed (_ssl.c:618)", 
    "DOMAIN_CURL": 14
}
DEBUG 2021-10-24 05:04:04,437 - ####################################################################################################
DEBUG 2021-10-24 05:04:04,443 - DOMAIN PYTHON ERROR
INFO 2021-10-24 05:04:04,443 - {
    "DOMAIN": "mg.snapplog.com", 
    "PYTHON ERROR": "[SSL: CERTIFICATE_VERIFY_FAILED] certificate verify failed (_ssl.c:618)", 
    "DOMAIN_CURL": 15
}
DEBUG 2021-10-24 05:04:06,358 - ####################################################################################################
DEBUG 2021-10-24 05:04:06,364 - DOMAIN PYTHON ERROR
INFO 2021-10-24 05:04:06,364 - {
    "DOMAIN": "jubolai.com", 
    "PYTHON ERROR": "[SSL: CERTIFICATE_VERIFY_FAILED] certificate verify failed (_ssl.c:618)", 
    "DOMAIN_CURL": 14
}
DEBUG 2021-10-24 05:04:08,972 - ####################################################################################################
DEBUG 2021-10-24 05:04:08,977 - DOMAIN PYTHON ERROR
INFO 2021-10-24 05:04:08,978 - {
    "DOMAIN": "mgb.snapplog.com", 
    "PYTHON ERROR": "[SSL: CERTIFICATE_VERIFY_FAILED] certificate verify failed (_ssl.c:618)", 
    "DOMAIN_CURL": 15
}
DEBUG 2021-10-24 05:04:09,436 - ####################################################################################################
DEBUG 2021-10-24 05:04:09,442 - DOMAIN PYTHON ERROR
INFO 2021-10-24 05:04:09,442 - {
    "DOMAIN": "mgbtest.snapplog.com", 
    "PYTHON ERROR": "[SSL: CERTIFICATE_VERIFY_FAILED] certificate verify failed (_ssl.c:618)", 
    "DOMAIN_CURL": 15
}
DEBUG 2021-10-24 05:04:12,978 - ####################################################################################################
DEBUG 2021-10-24 05:04:12,984 - DOMAIN PYTHON ERROR
INFO 2021-10-24 05:04:12,985 - {
    "DOMAIN": "vpn19.com", 
    "PYTHON ERROR": "[SSL: CERTIFICATE_VERIFY_FAILED] certificate verify failed (_ssl.c:618)", 
    "DOMAIN_CURL": 14
}
DEBUG 2021-10-24 05:04:13,097 - ####################################################################################################
DEBUG 2021-10-24 05:04:13,103 - DOMAIN PYTHON ERROR
INFO 2021-10-24 05:04:13,103 - {
    "DOMAIN": "jiabbo98.net", 
    "PYTHON ERROR": "[SSL: CERTIFICATE_VERIFY_FAILED] certificate verify failed (_ssl.c:618)", 
    "DOMAIN_CURL": 14
}
DEBUG 2021-10-24 05:04:14,513 - ####################################################################################################
DEBUG 2021-10-24 05:04:14,520 - DOMAIN PYTHON ERROR
INFO 2021-10-24 05:04:14,520 - {
    "DOMAIN": "gstechhk.com", 
    "PYTHON ERROR": "[SSL: CERTIFICATE_VERIFY_FAILED] certificate verify failed (_ssl.c:618)", 
    "DOMAIN_CURL": 15
}
DEBUG 2021-10-24 05:04:14,864 - ####################################################################################################
DEBUG 2021-10-24 05:04:14,868 - DOMAIN PYTHON ERROR
INFO 2021-10-24 05:04:14,869 - {
    "DOMAIN": "jiabo28.net", 
    "PYTHON ERROR": "[SSL: CERTIFICATE_VERIFY_FAILED] certificate verify failed (_ssl.c:618)", 
    "DOMAIN_CURL": 14
}
DEBUG 2021-10-24 05:04:15,163 - ####################################################################################################
DEBUG 2021-10-24 05:04:15,168 - DOMAIN PYTHON ERROR
INFO 2021-10-24 05:04:15,169 - {
    "DOMAIN": "yishengbet.com", 
    "PYTHON ERROR": "[SSL: CERTIFICATE_VERIFY_FAILED] certificate verify failed (_ssl.c:618)", 
    "DOMAIN_CURL": 14
}
DEBUG 2021-10-24 06:04:03,375 - ####################################################################################################
DEBUG 2021-10-24 06:04:03,381 - DOMAIN PYTHON ERROR
INFO 2021-10-24 06:04:03,381 - {
    "DOMAIN": "mg.snapplog.com", 
    "PYTHON ERROR": "[SSL: CERTIFICATE_VERIFY_FAILED] certificate verify failed (_ssl.c:618)", 
    "DOMAIN_CURL": 15
}
DEBUG 2021-10-24 06:04:07,590 - ####################################################################################################
DEBUG 2021-10-24 06:04:07,595 - DOMAIN PYTHON ERROR
INFO 2021-10-24 06:04:07,595 - {
    "DOMAIN": "jubolai.com", 
    "PYTHON ERROR": "[SSL: CERTIFICATE_VERIFY_FAILED] certificate verify failed (_ssl.c:618)", 
    "DOMAIN_CURL": 14
}
DEBUG 2021-10-24 06:04:10,572 - ####################################################################################################
DEBUG 2021-10-24 06:04:10,578 - DOMAIN PYTHON ERROR
INFO 2021-10-24 06:04:10,578 - {
    "DOMAIN": "mgb.snapplog.com", 
    "PYTHON ERROR": "[SSL: CERTIFICATE_VERIFY_FAILED] certificate verify failed (_ssl.c:618)", 
    "DOMAIN_CURL": 15
}
DEBUG 2021-10-24 06:04:11,040 - ####################################################################################################
DEBUG 2021-10-24 06:04:11,046 - DOMAIN PYTHON ERROR
INFO 2021-10-24 06:04:11,046 - {
    "DOMAIN": "mgbtest.snapplog.com", 
    "PYTHON ERROR": "[SSL: CERTIFICATE_VERIFY_FAILED] certificate verify failed (_ssl.c:618)", 
    "DOMAIN_CURL": 15
}
DEBUG 2021-10-24 06:04:13,438 - ####################################################################################################
DEBUG 2021-10-24 06:04:13,443 - DOMAIN PYTHON ERROR
INFO 2021-10-24 06:04:13,443 - {
    "DOMAIN": "vpn19.com", 
    "PYTHON ERROR": "[SSL: CERTIFICATE_VERIFY_FAILED] certificate verify failed (_ssl.c:618)", 
    "DOMAIN_CURL": 14
}
DEBUG 2021-10-24 06:04:13,833 - ####################################################################################################
DEBUG 2021-10-24 06:04:13,839 - DOMAIN PYTHON ERROR
INFO 2021-10-24 06:04:13,839 - {
    "DOMAIN": "jiabbo98.net", 
    "PYTHON ERROR": "[SSL: CERTIFICATE_VERIFY_FAILED] certificate verify failed (_ssl.c:618)", 
    "DOMAIN_CURL": 14
}
DEBUG 2021-10-24 06:04:14,740 - ####################################################################################################
DEBUG 2021-10-24 06:04:14,746 - DOMAIN PYTHON ERROR
INFO 2021-10-24 06:04:14,747 - {
    "DOMAIN": "jiabo28.net", 
    "PYTHON ERROR": "[SSL: CERTIFICATE_VERIFY_FAILED] certificate verify failed (_ssl.c:618)", 
    "DOMAIN_CURL": 14
}
DEBUG 2021-10-24 06:04:16,128 - ####################################################################################################
DEBUG 2021-10-24 06:04:16,134 - DOMAIN PYTHON ERROR
INFO 2021-10-24 06:04:16,134 - {
    "DOMAIN": "gstechhk.com", 
    "PYTHON ERROR": "[SSL: CERTIFICATE_VERIFY_FAILED] certificate verify failed (_ssl.c:618)", 
    "DOMAIN_CURL": 15
}
DEBUG 2021-10-24 06:04:16,994 - ####################################################################################################
DEBUG 2021-10-24 06:04:17,000 - DOMAIN PYTHON ERROR
INFO 2021-10-24 06:04:17,000 - {
    "DOMAIN": "yishengbet.com", 
    "PYTHON ERROR": "[SSL: CERTIFICATE_VERIFY_FAILED] certificate verify failed (_ssl.c:618)", 
    "DOMAIN_CURL": 14
}
DEBUG 2021-10-24 06:31:46,524 - ####################################################################################################
DEBUG 2021-10-24 06:31:46,531 - DOMAIN PYTHON ERROR
INFO 2021-10-24 06:31:46,531 - {
    "DOMAIN": "delivip1.com", 
    "PYTHON ERROR": "[SSL: CERTIFICATE_VERIFY_FAILED] certificate verify failed (_ssl.c:618)", 
    "DOMAIN_CURL": 83
}
DEBUG 2021-10-24 06:31:47,341 - ####################################################################################################
DEBUG 2021-10-24 06:31:47,347 - DOMAIN PYTHON ERROR
INFO 2021-10-24 06:31:47,347 - {
    "DOMAIN": "138eu.net", 
    "PYTHON ERROR": "[SSL: CERTIFICATE_VERIFY_FAILED] certificate verify failed (_ssl.c:618)", 
    "DOMAIN_CURL": 84
}
DEBUG 2021-10-24 07:04:06,359 - ####################################################################################################
DEBUG 2021-10-24 07:04:06,364 - DOMAIN PYTHON ERROR
INFO 2021-10-24 07:04:06,365 - {
    "DOMAIN": "mg.snapplog.com", 
    "PYTHON ERROR": "[SSL: CERTIFICATE_VERIFY_FAILED] certificate verify failed (_ssl.c:618)", 
    "DOMAIN_CURL": 15
}
DEBUG 2021-10-24 07:04:09,463 - ####################################################################################################
DEBUG 2021-10-24 07:04:09,469 - DOMAIN PYTHON ERROR
INFO 2021-10-24 07:04:09,469 - {
    "DOMAIN": "jubolai.com", 
    "PYTHON ERROR": "[SSL: CERTIFICATE_VERIFY_FAILED] certificate verify failed (_ssl.c:618)", 
    "DOMAIN_CURL": 14
}
DEBUG 2021-10-24 07:04:12,732 - ####################################################################################################
DEBUG 2021-10-24 07:04:12,737 - DOMAIN PYTHON ERROR
INFO 2021-10-24 07:04:12,737 - {
    "DOMAIN": "mgbtest.snapplog.com", 
    "PYTHON ERROR": "[SSL: CERTIFICATE_VERIFY_FAILED] certificate verify failed (_ssl.c:618)", 
    "DOMAIN_CURL": 15
}
DEBUG 2021-10-24 07:04:13,604 - ####################################################################################################
DEBUG 2021-10-24 07:04:13,611 - DOMAIN PYTHON ERROR
INFO 2021-10-24 07:04:13,611 - {
    "DOMAIN": "mgb.snapplog.com", 
    "PYTHON ERROR": "[SSL: CERTIFICATE_VERIFY_FAILED] certificate verify failed (_ssl.c:618)", 
    "DOMAIN_CURL": 15
}
DEBUG 2021-10-24 07:04:14,224 - ####################################################################################################
DEBUG 2021-10-24 07:04:14,230 - DOMAIN PYTHON ERROR
INFO 2021-10-24 07:04:14,230 - {
    "DOMAIN": "vpn19.com", 
    "PYTHON ERROR": "[SSL: CERTIFICATE_VERIFY_FAILED] certificate verify failed (_ssl.c:618)", 
    "DOMAIN_CURL": 14
}
DEBUG 2021-10-24 07:04:14,567 - ####################################################################################################
DEBUG 2021-10-24 07:04:14,572 - DOMAIN PYTHON ERROR
INFO 2021-10-24 07:04:14,572 - {
    "DOMAIN": "jiabbo98.net", 
    "PYTHON ERROR": "[SSL: CERTIFICATE_VERIFY_FAILED] certificate verify failed (_ssl.c:618)", 
    "DOMAIN_CURL": 14
}
DEBUG 2021-10-24 07:04:15,235 - ####################################################################################################
DEBUG 2021-10-24 07:04:15,240 - DOMAIN PYTHON ERROR
INFO 2021-10-24 07:04:15,240 - {
    "DOMAIN": "jiabo28.net", 
    "PYTHON ERROR": "[SSL: CERTIFICATE_VERIFY_FAILED] certificate verify failed (_ssl.c:618)", 
    "DOMAIN_CURL": 14
}
DEBUG 2021-10-24 07:04:15,717 - ####################################################################################################
DEBUG 2021-10-24 07:04:15,723 - DOMAIN PYTHON ERROR
INFO 2021-10-24 07:04:15,723 - {
    "DOMAIN": "gstechhk.com", 
    "PYTHON ERROR": "[SSL: CERTIFICATE_VERIFY_FAILED] certificate verify failed (_ssl.c:618)", 
    "DOMAIN_CURL": 15
}
DEBUG 2021-10-24 07:04:16,549 - ####################################################################################################
DEBUG 2021-10-24 07:04:16,555 - DOMAIN PYTHON ERROR
INFO 2021-10-24 07:04:16,555 - {
    "DOMAIN": "yishengbet.com", 
    "PYTHON ERROR": "[SSL: CERTIFICATE_VERIFY_FAILED] certificate verify failed (_ssl.c:618)", 
    "DOMAIN_CURL": 14
}
DEBUG 2021-10-24 07:31:51,298 - ####################################################################################################
DEBUG 2021-10-24 07:31:51,303 - DOMAIN PYTHON ERROR
INFO 2021-10-24 07:31:51,303 - {
    "DOMAIN": "138eu.net", 
    "PYTHON ERROR": "hostname '138eu.net' doesn't match either of '*.facebook.com', '*.facebook.net', '*.fbcdn.net', '*.fbsbx.com', '*.m.facebook.com', '*.messenger.com', '*.xx.fbcdn.net', '*.xy.fbcdn.net', '*.xz.fbcdn.net', 'facebook.com', 'messenger.com'", 
    "DOMAIN_CURL": 84
}
DEBUG 2021-10-24 07:31:55,090 - ####################################################################################################
DEBUG 2021-10-24 07:31:55,096 - DOMAIN PYTHON ERROR
INFO 2021-10-24 07:31:55,096 - {
    "DOMAIN": "delivip1.com", 
    "PYTHON ERROR": "hostname 'delivip1.com' doesn't match either of '*.facebook.com', '*.facebook.net', '*.fbcdn.net', '*.fbsbx.com', '*.m.facebook.com', '*.messenger.com', '*.xx.fbcdn.net', '*.xy.fbcdn.net', '*.xz.fbcdn.net', 'facebook.com', 'messenger.com'", 
    "DOMAIN_CURL": 83
}
DEBUG 2021-10-24 08:04:00,261 - ####################################################################################################
DEBUG 2021-10-24 08:04:00,268 - DOMAIN PYTHON ERROR
INFO 2021-10-24 08:04:00,268 - {
    "DOMAIN": "mg.snapplog.com", 
    "PYTHON ERROR": "[SSL: CERTIFICATE_VERIFY_FAILED] certificate verify failed (_ssl.c:618)", 
    "DOMAIN_CURL": 15
}
DEBUG 2021-10-24 08:04:05,880 - ####################################################################################################
DEBUG 2021-10-24 08:04:05,885 - DOMAIN PYTHON ERROR
INFO 2021-10-24 08:04:05,886 - {
    "DOMAIN": "jubolai.com", 
    "PYTHON ERROR": "[SSL: CERTIFICATE_VERIFY_FAILED] certificate verify failed (_ssl.c:618)", 
    "DOMAIN_CURL": 14
}
DEBUG 2021-10-24 08:04:09,106 - ####################################################################################################
DEBUG 2021-10-24 08:04:09,112 - DOMAIN PYTHON ERROR
INFO 2021-10-24 08:04:09,112 - {
    "DOMAIN": "mgb.snapplog.com", 
    "PYTHON ERROR": "[SSL: CERTIFICATE_VERIFY_FAILED] certificate verify failed (_ssl.c:618)", 
    "DOMAIN_CURL": 15
}
DEBUG 2021-10-24 08:04:10,334 - ####################################################################################################
DEBUG 2021-10-24 08:04:10,340 - DOMAIN PYTHON ERROR
INFO 2021-10-24 08:04:10,340 - {
    "DOMAIN": "mgbtest.snapplog.com", 
    "PYTHON ERROR": "[SSL: CERTIFICATE_VERIFY_FAILED] certificate verify failed (_ssl.c:618)", 
    "DOMAIN_CURL": 15
}
DEBUG 2021-10-24 08:04:11,439 - ####################################################################################################
DEBUG 2021-10-24 08:04:11,445 - DOMAIN PYTHON ERROR
INFO 2021-10-24 08:04:11,445 - {
    "DOMAIN": "vpn19.com", 
    "PYTHON ERROR": "[SSL: CERTIFICATE_VERIFY_FAILED] certificate verify failed (_ssl.c:618)", 
    "DOMAIN_CURL": 14
}
DEBUG 2021-10-24 08:04:12,213 - ####################################################################################################
DEBUG 2021-10-24 08:04:12,218 - DOMAIN PYTHON ERROR
INFO 2021-10-24 08:04:12,219 - {
    "DOMAIN": "jiabbo98.net", 
    "PYTHON ERROR": "[SSL: CERTIFICATE_VERIFY_FAILED] certificate verify failed (_ssl.c:618)", 
    "DOMAIN_CURL": 14
}
DEBUG 2021-10-24 08:04:13,018 - ####################################################################################################
DEBUG 2021-10-24 08:04:13,024 - DOMAIN PYTHON ERROR
INFO 2021-10-24 08:04:13,024 - {
    "DOMAIN": "jiabo28.net", 
    "PYTHON ERROR": "[SSL: CERTIFICATE_VERIFY_FAILED] certificate verify failed (_ssl.c:618)", 
    "DOMAIN_CURL": 14
}
DEBUG 2021-10-24 08:04:15,321 - ####################################################################################################
DEBUG 2021-10-24 08:04:15,327 - DOMAIN PYTHON ERROR
INFO 2021-10-24 08:04:15,327 - {
    "DOMAIN": "gstechhk.com", 
    "PYTHON ERROR": "[SSL: CERTIFICATE_VERIFY_FAILED] certificate verify failed (_ssl.c:618)", 
    "DOMAIN_CURL": 15
}
DEBUG 2021-10-24 08:04:16,698 - ####################################################################################################
DEBUG 2021-10-24 08:04:16,703 - DOMAIN PYTHON ERROR
INFO 2021-10-24 08:04:16,703 - {
    "DOMAIN": "yishengbet.com", 
    "PYTHON ERROR": "[SSL: CERTIFICATE_VERIFY_FAILED] certificate verify failed (_ssl.c:618)", 
    "DOMAIN_CURL": 14
}
DEBUG 2021-10-24 08:31:50,388 - ####################################################################################################
DEBUG 2021-10-24 08:31:50,394 - DOMAIN PYTHON ERROR
INFO 2021-10-24 08:31:50,394 - {
    "DOMAIN": "delivip1.com", 
    "PYTHON ERROR": "[SSL: CERTIFICATE_VERIFY_FAILED] certificate verify failed (_ssl.c:618)", 
    "DOMAIN_CURL": 83
}
DEBUG 2021-10-24 08:31:58,905 - ####################################################################################################
DEBUG 2021-10-24 08:31:58,911 - DOMAIN PYTHON ERROR
INFO 2021-10-24 08:31:58,912 - {
    "DOMAIN": "138eu.net", 
    "PYTHON ERROR": "[SSL: CERTIFICATE_VERIFY_FAILED] certificate verify failed (_ssl.c:618)", 
    "DOMAIN_CURL": 84
}
DEBUG 2021-10-24 09:04:01,518 - ####################################################################################################
DEBUG 2021-10-24 09:04:01,523 - DOMAIN PYTHON ERROR
INFO 2021-10-24 09:04:01,524 - {
    "DOMAIN": "mg.snapplog.com", 
    "PYTHON ERROR": "[SSL: CERTIFICATE_VERIFY_FAILED] certificate verify failed (_ssl.c:618)", 
    "DOMAIN_CURL": 15
}
DEBUG 2021-10-24 09:04:05,358 - ####################################################################################################
DEBUG 2021-10-24 09:04:05,364 - DOMAIN PYTHON ERROR
INFO 2021-10-24 09:04:05,364 - {
    "DOMAIN": "jubolai.com", 
    "PYTHON ERROR": "[SSL: CERTIFICATE_VERIFY_FAILED] certificate verify failed (_ssl.c:618)", 
    "DOMAIN_CURL": 14
}
DEBUG 2021-10-24 09:04:08,910 - ####################################################################################################
DEBUG 2021-10-24 09:04:08,915 - DOMAIN PYTHON ERROR
INFO 2021-10-24 09:04:08,916 - {
    "DOMAIN": "mgb.snapplog.com", 
    "PYTHON ERROR": "[SSL: CERTIFICATE_VERIFY_FAILED] certificate verify failed (_ssl.c:618)", 
    "DOMAIN_CURL": 15
}
DEBUG 2021-10-24 09:04:10,095 - ####################################################################################################
DEBUG 2021-10-24 09:04:10,101 - DOMAIN PYTHON ERROR
INFO 2021-10-24 09:04:10,101 - {
    "DOMAIN": "mgbtest.snapplog.com", 
    "PYTHON ERROR": "[SSL: CERTIFICATE_VERIFY_FAILED] certificate verify failed (_ssl.c:618)", 
    "DOMAIN_CURL": 15
}
DEBUG 2021-10-24 09:04:12,741 - ####################################################################################################
DEBUG 2021-10-24 09:04:12,746 - DOMAIN PYTHON ERROR
INFO 2021-10-24 09:04:12,747 - {
    "DOMAIN": "vpn19.com", 
    "PYTHON ERROR": "[SSL: CERTIFICATE_VERIFY_FAILED] certificate verify failed (_ssl.c:618)", 
    "DOMAIN_CURL": 14
}
DEBUG 2021-10-24 09:04:14,146 - ####################################################################################################
DEBUG 2021-10-24 09:04:14,151 - DOMAIN PYTHON ERROR
INFO 2021-10-24 09:04:14,152 - {
    "DOMAIN": "jiabbo98.net", 
    "PYTHON ERROR": "[SSL: CERTIFICATE_VERIFY_FAILED] certificate verify failed (_ssl.c:618)", 
    "DOMAIN_CURL": 14
}
DEBUG 2021-10-24 09:04:15,665 - ####################################################################################################
DEBUG 2021-10-24 09:04:15,671 - DOMAIN PYTHON ERROR
INFO 2021-10-24 09:04:15,671 - {
    "DOMAIN": "jiabo28.net", 
    "PYTHON ERROR": "[SSL: CERTIFICATE_VERIFY_FAILED] certificate verify failed (_ssl.c:618)", 
    "DOMAIN_CURL": 14
}
DEBUG 2021-10-24 09:04:16,379 - ####################################################################################################
DEBUG 2021-10-24 09:04:16,385 - DOMAIN PYTHON ERROR
INFO 2021-10-24 09:04:16,385 - {
    "DOMAIN": "gstechhk.com", 
    "PYTHON ERROR": "[SSL: CERTIFICATE_VERIFY_FAILED] certificate verify failed (_ssl.c:618)", 
    "DOMAIN_CURL": 15
}
DEBUG 2021-10-24 09:04:19,253 - ####################################################################################################
DEBUG 2021-10-24 09:04:19,258 - DOMAIN PYTHON ERROR
INFO 2021-10-24 09:04:19,259 - {
    "DOMAIN": "yishengbet.com", 
    "PYTHON ERROR": "[SSL: CERTIFICATE_VERIFY_FAILED] certificate verify failed (_ssl.c:618)", 
    "DOMAIN_CURL": 14
}
DEBUG 2021-10-24 09:31:49,379 - ####################################################################################################
DEBUG 2021-10-24 09:31:49,385 - DOMAIN PYTHON ERROR
INFO 2021-10-24 09:31:49,385 - {
    "DOMAIN": "delivip1.com", 
    "PYTHON ERROR": "[SSL: CERTIFICATE_VERIFY_FAILED] certificate verify failed (_ssl.c:618)", 
    "DOMAIN_CURL": 83
}
DEBUG 2021-10-24 09:31:50,280 - ####################################################################################################
DEBUG 2021-10-24 09:31:50,286 - DOMAIN PYTHON ERROR
INFO 2021-10-24 09:31:50,287 - {
    "DOMAIN": "138eu.net", 
    "PYTHON ERROR": "[SSL: CERTIFICATE_VERIFY_FAILED] certificate verify failed (_ssl.c:618)", 
    "DOMAIN_CURL": 84
}
DEBUG 2021-10-24 10:04:00,507 - ####################################################################################################
DEBUG 2021-10-24 10:04:00,513 - DOMAIN PYTHON ERROR
INFO 2021-10-24 10:04:00,513 - {
    "DOMAIN": "mg.snapplog.com", 
    "PYTHON ERROR": "[SSL: CERTIFICATE_VERIFY_FAILED] certificate verify failed (_ssl.c:618)", 
    "DOMAIN_CURL": 15
}
DEBUG 2021-10-24 10:04:07,208 - ####################################################################################################
DEBUG 2021-10-24 10:04:07,214 - DOMAIN PYTHON ERROR
INFO 2021-10-24 10:04:07,214 - {
    "DOMAIN": "jubolai.com", 
    "PYTHON ERROR": "[SSL: CERTIFICATE_VERIFY_FAILED] certificate verify failed (_ssl.c:618)", 
    "DOMAIN_CURL": 14
}
DEBUG 2021-10-24 10:04:08,957 - ####################################################################################################
DEBUG 2021-10-24 10:04:08,962 - DOMAIN PYTHON ERROR
INFO 2021-10-24 10:04:08,963 - {
    "DOMAIN": "mgb.snapplog.com", 
    "PYTHON ERROR": "[SSL: CERTIFICATE_VERIFY_FAILED] certificate verify failed (_ssl.c:618)", 
    "DOMAIN_CURL": 15
}
DEBUG 2021-10-24 10:04:09,600 - ####################################################################################################
DEBUG 2021-10-24 10:04:09,607 - DOMAIN PYTHON ERROR
INFO 2021-10-24 10:04:09,608 - {
    "DOMAIN": "mgbtest.snapplog.com", 
    "PYTHON ERROR": "[SSL: CERTIFICATE_VERIFY_FAILED] certificate verify failed (_ssl.c:618)", 
    "DOMAIN_CURL": 15
}
DEBUG 2021-10-24 10:04:10,929 - ####################################################################################################
DEBUG 2021-10-24 10:04:10,935 - DOMAIN PYTHON ERROR
INFO 2021-10-24 10:04:10,935 - {
    "DOMAIN": "jiabbo98.net", 
    "PYTHON ERROR": "[SSL: CERTIFICATE_VERIFY_FAILED] certificate verify failed (_ssl.c:618)", 
    "DOMAIN_CURL": 14
}
DEBUG 2021-10-24 10:04:11,415 - ####################################################################################################
DEBUG 2021-10-24 10:04:11,420 - DOMAIN PYTHON ERROR
INFO 2021-10-24 10:04:11,421 - {
    "DOMAIN": "vpn19.com", 
    "PYTHON ERROR": "[SSL: CERTIFICATE_VERIFY_FAILED] certificate verify failed (_ssl.c:618)", 
    "DOMAIN_CURL": 14
}
DEBUG 2021-10-24 10:04:12,122 - ####################################################################################################
DEBUG 2021-10-24 10:04:12,128 - DOMAIN PYTHON ERROR
INFO 2021-10-24 10:04:12,129 - {
    "DOMAIN": "jiabo28.net", 
    "PYTHON ERROR": "[SSL: CERTIFICATE_VERIFY_FAILED] certificate verify failed (_ssl.c:618)", 
    "DOMAIN_CURL": 14
}
DEBUG 2021-10-24 10:04:13,725 - ####################################################################################################
DEBUG 2021-10-24 10:04:13,730 - DOMAIN PYTHON ERROR
INFO 2021-10-24 10:04:13,730 - {
    "DOMAIN": "gstechhk.com", 
    "PYTHON ERROR": "[SSL: CERTIFICATE_VERIFY_FAILED] certificate verify failed (_ssl.c:618)", 
    "DOMAIN_CURL": 15
}
DEBUG 2021-10-24 10:04:16,634 - ####################################################################################################
DEBUG 2021-10-24 10:04:16,640 - DOMAIN PYTHON ERROR
INFO 2021-10-24 10:04:16,640 - {
    "DOMAIN": "yishengbet.com", 
    "PYTHON ERROR": "[SSL: CERTIFICATE_VERIFY_FAILED] certificate verify failed (_ssl.c:618)", 
    "DOMAIN_CURL": 14
}
DEBUG 2021-10-24 10:31:48,941 - ####################################################################################################
DEBUG 2021-10-24 10:31:48,947 - DOMAIN PYTHON ERROR
INFO 2021-10-24 10:31:48,947 - {
    "DOMAIN": "delivip1.com", 
    "PYTHON ERROR": "[SSL: CERTIFICATE_VERIFY_FAILED] certificate verify failed (_ssl.c:618)", 
    "DOMAIN_CURL": 83
}
DEBUG 2021-10-24 10:31:49,362 - ####################################################################################################
DEBUG 2021-10-24 10:31:49,367 - DOMAIN PYTHON ERROR
INFO 2021-10-24 10:31:49,367 - {
    "DOMAIN": "138eu.net", 
    "PYTHON ERROR": "[SSL: CERTIFICATE_VERIFY_FAILED] certificate verify failed (_ssl.c:618)", 
    "DOMAIN_CURL": 84
}
DEBUG 2021-10-24 11:04:03,130 - ####################################################################################################
DEBUG 2021-10-24 11:04:03,136 - DOMAIN PYTHON ERROR
INFO 2021-10-24 11:04:03,136 - {
    "DOMAIN": "mg.snapplog.com", 
    "PYTHON ERROR": "[SSL: CERTIFICATE_VERIFY_FAILED] certificate verify failed (_ssl.c:618)", 
    "DOMAIN_CURL": 15
}
DEBUG 2021-10-24 11:04:08,434 - ####################################################################################################
DEBUG 2021-10-24 11:04:08,440 - DOMAIN PYTHON ERROR
INFO 2021-10-24 11:04:08,440 - {
    "DOMAIN": "jubolai.com", 
    "PYTHON ERROR": "[SSL: CERTIFICATE_VERIFY_FAILED] certificate verify failed (_ssl.c:618)", 
    "DOMAIN_CURL": 14
}
DEBUG 2021-10-24 11:04:10,964 - ####################################################################################################
DEBUG 2021-10-24 11:04:10,968 - DOMAIN PYTHON ERROR
INFO 2021-10-24 11:04:10,969 - {
    "DOMAIN": "mgb.snapplog.com", 
    "PYTHON ERROR": "[SSL: CERTIFICATE_VERIFY_FAILED] certificate verify failed (_ssl.c:618)", 
    "DOMAIN_CURL": 15
}
DEBUG 2021-10-24 11:04:11,066 - ####################################################################################################
DEBUG 2021-10-24 11:04:11,072 - DOMAIN PYTHON ERROR
INFO 2021-10-24 11:04:11,072 - {
    "DOMAIN": "mgbtest.snapplog.com", 
    "PYTHON ERROR": "[SSL: CERTIFICATE_VERIFY_FAILED] certificate verify failed (_ssl.c:618)", 
    "DOMAIN_CURL": 15
}
DEBUG 2021-10-24 11:04:14,157 - ####################################################################################################
DEBUG 2021-10-24 11:04:14,163 - DOMAIN PYTHON ERROR
INFO 2021-10-24 11:04:14,163 - {
    "DOMAIN": "vpn19.com", 
    "PYTHON ERROR": "[SSL: CERTIFICATE_VERIFY_FAILED] certificate verify failed (_ssl.c:618)", 
    "DOMAIN_CURL": 14
}
DEBUG 2021-10-24 11:04:14,859 - ####################################################################################################
DEBUG 2021-10-24 11:04:14,864 - DOMAIN PYTHON ERROR
INFO 2021-10-24 11:04:14,864 - {
    "DOMAIN": "jiabbo98.net", 
    "PYTHON ERROR": "[SSL: CERTIFICATE_VERIFY_FAILED] certificate verify failed (_ssl.c:618)", 
    "DOMAIN_CURL": 14
}
DEBUG 2021-10-24 11:04:15,654 - ####################################################################################################
DEBUG 2021-10-24 11:04:15,660 - DOMAIN PYTHON ERROR
INFO 2021-10-24 11:04:15,660 - {
    "DOMAIN": "jiabo28.net", 
    "PYTHON ERROR": "[SSL: CERTIFICATE_VERIFY_FAILED] certificate verify failed (_ssl.c:618)", 
    "DOMAIN_CURL": 14
}
DEBUG 2021-10-24 11:04:16,571 - ####################################################################################################
DEBUG 2021-10-24 11:04:16,577 - DOMAIN PYTHON ERROR
INFO 2021-10-24 11:04:16,577 - {
    "DOMAIN": "gstechhk.com", 
    "PYTHON ERROR": "[SSL: CERTIFICATE_VERIFY_FAILED] certificate verify failed (_ssl.c:618)", 
    "DOMAIN_CURL": 15
}
DEBUG 2021-10-24 11:04:17,558 - ####################################################################################################
DEBUG 2021-10-24 11:04:17,564 - DOMAIN PYTHON ERROR
INFO 2021-10-24 11:04:17,564 - {
    "DOMAIN": "yishengbet.com", 
    "PYTHON ERROR": "[SSL: CERTIFICATE_VERIFY_FAILED] certificate verify failed (_ssl.c:618)", 
    "DOMAIN_CURL": 14
}
DEBUG 2021-10-24 11:31:50,507 - ####################################################################################################
DEBUG 2021-10-24 11:31:50,514 - DOMAIN PYTHON ERROR
INFO 2021-10-24 11:31:50,514 - {
    "DOMAIN": "delivip1.com", 
    "PYTHON ERROR": "hostname 'delivip1.com' doesn't match either of '*.atdmt.com', '*.atdmt2.com', '*.atlassbx.com', '*.atlassolutions.com', '*.xx.atlassbx.com', 'atdmt.com', 'atdmt2.com', 'atlassbx.com', 'atlassolutions.com', 'xx.atlassbx.com'", 
    "DOMAIN_CURL": 83
}
DEBUG 2021-10-24 11:31:51,096 - ####################################################################################################
DEBUG 2021-10-24 11:31:51,102 - DOMAIN PYTHON ERROR
INFO 2021-10-24 11:31:51,102 - {
    "DOMAIN": "138eu.net", 
    "PYTHON ERROR": "[Errno 101] Network is unreachable", 
    "DOMAIN_CURL": 84
}
DEBUG 2021-10-24 12:04:05,204 - ####################################################################################################
DEBUG 2021-10-24 12:04:05,210 - DOMAIN PYTHON ERROR
INFO 2021-10-24 12:04:05,211 - {
    "DOMAIN": "mg.snapplog.com", 
    "PYTHON ERROR": "[SSL: CERTIFICATE_VERIFY_FAILED] certificate verify failed (_ssl.c:618)", 
    "DOMAIN_CURL": 15
}
DEBUG 2021-10-24 12:04:09,372 - ####################################################################################################
DEBUG 2021-10-24 12:04:09,378 - DOMAIN PYTHON ERROR
INFO 2021-10-24 12:04:09,379 - {
    "DOMAIN": "jubolai.com", 
    "PYTHON ERROR": "[SSL: CERTIFICATE_VERIFY_FAILED] certificate verify failed (_ssl.c:618)", 
    "DOMAIN_CURL": 14
}
DEBUG 2021-10-24 12:04:10,276 - ####################################################################################################
DEBUG 2021-10-24 12:04:10,282 - DOMAIN PYTHON ERROR
INFO 2021-10-24 12:04:10,282 - {
    "DOMAIN": "mgb.snapplog.com", 
    "PYTHON ERROR": "[SSL: CERTIFICATE_VERIFY_FAILED] certificate verify failed (_ssl.c:618)", 
    "DOMAIN_CURL": 15
}
DEBUG 2021-10-24 12:04:11,846 - ####################################################################################################
DEBUG 2021-10-24 12:04:11,852 - DOMAIN PYTHON ERROR
INFO 2021-10-24 12:04:11,852 - {
    "DOMAIN": "mgbtest.snapplog.com", 
    "PYTHON ERROR": "[SSL: CERTIFICATE_VERIFY_FAILED] certificate verify failed (_ssl.c:618)", 
    "DOMAIN_CURL": 15
}
DEBUG 2021-10-24 12:04:14,527 - ####################################################################################################
DEBUG 2021-10-24 12:04:14,535 - DOMAIN PYTHON ERROR
INFO 2021-10-24 12:04:14,535 - {
    "DOMAIN": "jiabbo98.net", 
    "PYTHON ERROR": "[SSL: CERTIFICATE_VERIFY_FAILED] certificate verify failed (_ssl.c:618)", 
    "DOMAIN_CURL": 14
}
DEBUG 2021-10-24 12:04:14,724 - ####################################################################################################
DEBUG 2021-10-24 12:04:14,730 - DOMAIN PYTHON ERROR
INFO 2021-10-24 12:04:14,730 - {
    "DOMAIN": "vpn19.com", 
    "PYTHON ERROR": "[SSL: CERTIFICATE_VERIFY_FAILED] certificate verify failed (_ssl.c:618)", 
    "DOMAIN_CURL": 14
}
DEBUG 2021-10-24 12:04:15,285 - ####################################################################################################
DEBUG 2021-10-24 12:04:15,291 - DOMAIN PYTHON ERROR
INFO 2021-10-24 12:04:15,291 - {
    "DOMAIN": "jiabo28.net", 
    "PYTHON ERROR": "[SSL: CERTIFICATE_VERIFY_FAILED] certificate verify failed (_ssl.c:618)", 
    "DOMAIN_CURL": 14
}
DEBUG 2021-10-24 12:04:17,043 - ####################################################################################################
DEBUG 2021-10-24 12:04:17,049 - DOMAIN PYTHON ERROR
INFO 2021-10-24 12:04:17,049 - {
    "DOMAIN": "gstechhk.com", 
    "PYTHON ERROR": "[SSL: CERTIFICATE_VERIFY_FAILED] certificate verify failed (_ssl.c:618)", 
    "DOMAIN_CURL": 15
}
DEBUG 2021-10-24 12:04:17,774 - ####################################################################################################
DEBUG 2021-10-24 12:04:17,779 - DOMAIN PYTHON ERROR
INFO 2021-10-24 12:04:17,780 - {
    "DOMAIN": "yishengbet.com", 
    "PYTHON ERROR": "[SSL: CERTIFICATE_VERIFY_FAILED] certificate verify failed (_ssl.c:618)", 
    "DOMAIN_CURL": 14
}
DEBUG 2021-10-24 12:31:48,638 - ####################################################################################################
DEBUG 2021-10-24 12:31:48,644 - DOMAIN PYTHON ERROR
INFO 2021-10-24 12:31:48,644 - {
    "DOMAIN": "delivip1.com", 
    "PYTHON ERROR": "[SSL: CERTIFICATE_VERIFY_FAILED] certificate verify failed (_ssl.c:618)", 
    "DOMAIN_CURL": 83
}
DEBUG 2021-10-24 12:31:51,116 - ####################################################################################################
DEBUG 2021-10-24 12:31:51,122 - DOMAIN PYTHON ERROR
INFO 2021-10-24 12:31:51,122 - {
    "DOMAIN": "138eu.net", 
    "PYTHON ERROR": "[SSL: CERTIFICATE_VERIFY_FAILED] certificate verify failed (_ssl.c:618)", 
    "DOMAIN_CURL": 84
}
DEBUG 2021-10-24 13:04:04,900 - ####################################################################################################
DEBUG 2021-10-24 13:04:04,905 - DOMAIN PYTHON ERROR
INFO 2021-10-24 13:04:04,906 - {
    "DOMAIN": "mg.snapplog.com", 
    "PYTHON ERROR": "[SSL: CERTIFICATE_VERIFY_FAILED] certificate verify failed (_ssl.c:618)", 
    "DOMAIN_CURL": 15
}
DEBUG 2021-10-24 13:04:08,565 - ####################################################################################################
DEBUG 2021-10-24 13:04:08,571 - DOMAIN PYTHON ERROR
INFO 2021-10-24 13:04:08,571 - {
    "DOMAIN": "jubolai.com", 
    "PYTHON ERROR": "[SSL: CERTIFICATE_VERIFY_FAILED] certificate verify failed (_ssl.c:618)", 
    "DOMAIN_CURL": 14
}
DEBUG 2021-10-24 13:04:12,015 - ####################################################################################################
DEBUG 2021-10-24 13:04:12,021 - DOMAIN PYTHON ERROR
INFO 2021-10-24 13:04:12,021 - {
    "DOMAIN": "mgb.snapplog.com", 
    "PYTHON ERROR": "[SSL: CERTIFICATE_VERIFY_FAILED] certificate verify failed (_ssl.c:618)", 
    "DOMAIN_CURL": 15
}
DEBUG 2021-10-24 13:04:12,222 - ####################################################################################################
DEBUG 2021-10-24 13:04:12,228 - DOMAIN PYTHON ERROR
INFO 2021-10-24 13:04:12,229 - {
    "DOMAIN": "mgbtest.snapplog.com", 
    "PYTHON ERROR": "[SSL: CERTIFICATE_VERIFY_FAILED] certificate verify failed (_ssl.c:618)", 
    "DOMAIN_CURL": 15
}
DEBUG 2021-10-24 13:04:14,272 - ####################################################################################################
DEBUG 2021-10-24 13:04:14,278 - DOMAIN PYTHON ERROR
INFO 2021-10-24 13:04:14,278 - {
    "DOMAIN": "vpn19.com", 
    "PYTHON ERROR": "[SSL: CERTIFICATE_VERIFY_FAILED] certificate verify failed (_ssl.c:618)", 
    "DOMAIN_CURL": 14
}
DEBUG 2021-10-24 13:04:14,692 - ####################################################################################################
DEBUG 2021-10-24 13:04:14,697 - DOMAIN PYTHON ERROR
INFO 2021-10-24 13:04:14,697 - {
    "DOMAIN": "jiabbo98.net", 
    "PYTHON ERROR": "[SSL: CERTIFICATE_VERIFY_FAILED] certificate verify failed (_ssl.c:618)", 
    "DOMAIN_CURL": 14
}
DEBUG 2021-10-24 13:04:15,087 - ####################################################################################################
DEBUG 2021-10-24 13:04:15,093 - DOMAIN PYTHON ERROR
INFO 2021-10-24 13:04:15,093 - {
    "DOMAIN": "jiabo28.net", 
    "PYTHON ERROR": "[SSL: CERTIFICATE_VERIFY_FAILED] certificate verify failed (_ssl.c:618)", 
    "DOMAIN_CURL": 14
}
DEBUG 2021-10-24 13:04:15,488 - ####################################################################################################
DEBUG 2021-10-24 13:04:15,494 - DOMAIN PYTHON ERROR
INFO 2021-10-24 13:04:15,494 - {
    "DOMAIN": "gstechhk.com", 
    "PYTHON ERROR": "[SSL: CERTIFICATE_VERIFY_FAILED] certificate verify failed (_ssl.c:618)", 
    "DOMAIN_CURL": 15
}
DEBUG 2021-10-24 13:04:16,209 - ####################################################################################################
DEBUG 2021-10-24 13:04:16,215 - DOMAIN PYTHON ERROR
INFO 2021-10-24 13:04:16,215 - {
    "DOMAIN": "yishengbet.com", 
    "PYTHON ERROR": "[SSL: CERTIFICATE_VERIFY_FAILED] certificate verify failed (_ssl.c:618)", 
    "DOMAIN_CURL": 14
}
DEBUG 2021-10-24 13:31:51,612 - ####################################################################################################
DEBUG 2021-10-24 13:31:51,619 - DOMAIN PYTHON ERROR
INFO 2021-10-24 13:31:51,619 - {
    "DOMAIN": "138eu.net", 
    "PYTHON ERROR": "[Errno 101] Network is unreachable", 
    "DOMAIN_CURL": 84
}
DEBUG 2021-10-24 13:31:53,531 - ####################################################################################################
DEBUG 2021-10-24 13:31:53,536 - DOMAIN PYTHON ERROR
INFO 2021-10-24 13:31:53,536 - {
    "DOMAIN": "delivip1.com", 
    "PYTHON ERROR": "[Errno 101] Network is unreachable", 
    "DOMAIN_CURL": 83
}
DEBUG 2021-10-24 14:04:05,075 - ####################################################################################################
DEBUG 2021-10-24 14:04:05,082 - DOMAIN PYTHON ERROR
INFO 2021-10-24 14:04:05,082 - {
    "DOMAIN": "mg.snapplog.com", 
    "PYTHON ERROR": "[SSL: CERTIFICATE_VERIFY_FAILED] certificate verify failed (_ssl.c:618)", 
    "DOMAIN_CURL": 15
}
DEBUG 2021-10-24 14:04:07,807 - ####################################################################################################
DEBUG 2021-10-24 14:04:07,813 - DOMAIN PYTHON ERROR
INFO 2021-10-24 14:04:07,813 - {
    "DOMAIN": "jubolai.com", 
    "PYTHON ERROR": "[SSL: CERTIFICATE_VERIFY_FAILED] certificate verify failed (_ssl.c:618)", 
    "DOMAIN_CURL": 14
}
DEBUG 2021-10-24 14:04:08,892 - ####################################################################################################
DEBUG 2021-10-24 14:04:08,898 - DOMAIN PYTHON ERROR
INFO 2021-10-24 14:04:08,898 - {
    "DOMAIN": "mgb.snapplog.com", 
    "PYTHON ERROR": "[SSL: CERTIFICATE_VERIFY_FAILED] certificate verify failed (_ssl.c:618)", 
    "DOMAIN_CURL": 15
}
DEBUG 2021-10-24 14:04:09,583 - ####################################################################################################
DEBUG 2021-10-24 14:04:09,588 - DOMAIN PYTHON ERROR
INFO 2021-10-24 14:04:09,589 - {
    "DOMAIN": "mgbtest.snapplog.com", 
    "PYTHON ERROR": "[SSL: CERTIFICATE_VERIFY_FAILED] certificate verify failed (_ssl.c:618)", 
    "DOMAIN_CURL": 15
}
DEBUG 2021-10-24 14:04:11,202 - ####################################################################################################
DEBUG 2021-10-24 14:04:11,208 - DOMAIN PYTHON ERROR
INFO 2021-10-24 14:04:11,208 - {
    "DOMAIN": "jiabbo98.net", 
    "PYTHON ERROR": "[SSL: CERTIFICATE_VERIFY_FAILED] certificate verify failed (_ssl.c:618)", 
    "DOMAIN_CURL": 14
}
DEBUG 2021-10-24 14:04:11,299 - ####################################################################################################
DEBUG 2021-10-24 14:04:11,303 - DOMAIN PYTHON ERROR
INFO 2021-10-24 14:04:11,304 - {
    "DOMAIN": "vpn19.com", 
    "PYTHON ERROR": "[SSL: CERTIFICATE_VERIFY_FAILED] certificate verify failed (_ssl.c:618)", 
    "DOMAIN_CURL": 14
}
DEBUG 2021-10-24 14:04:12,121 - ####################################################################################################
DEBUG 2021-10-24 14:04:12,126 - DOMAIN PYTHON ERROR
INFO 2021-10-24 14:04:12,126 - {
    "DOMAIN": "jiabo28.net", 
    "PYTHON ERROR": "[SSL: CERTIFICATE_VERIFY_FAILED] certificate verify failed (_ssl.c:618)", 
    "DOMAIN_CURL": 14
}
DEBUG 2021-10-24 14:04:12,672 - ####################################################################################################
DEBUG 2021-10-24 14:04:12,678 - DOMAIN PYTHON ERROR
INFO 2021-10-24 14:04:12,678 - {
    "DOMAIN": "gstechhk.com", 
    "PYTHON ERROR": "[SSL: CERTIFICATE_VERIFY_FAILED] certificate verify failed (_ssl.c:618)", 
    "DOMAIN_CURL": 15
}
DEBUG 2021-10-24 14:04:13,963 - ####################################################################################################
DEBUG 2021-10-24 14:04:13,968 - DOMAIN PYTHON ERROR
INFO 2021-10-24 14:04:13,969 - {
    "DOMAIN": "yishengbet.com", 
    "PYTHON ERROR": "[SSL: CERTIFICATE_VERIFY_FAILED] certificate verify failed (_ssl.c:618)", 
    "DOMAIN_CURL": 14
}
DEBUG 2021-10-24 14:31:47,138 - ####################################################################################################
DEBUG 2021-10-24 14:31:47,143 - DOMAIN PYTHON ERROR
INFO 2021-10-24 14:31:47,143 - {
    "DOMAIN": "138eu.net", 
    "PYTHON ERROR": "[SSL: CERTIFICATE_VERIFY_FAILED] certificate verify failed (_ssl.c:618)", 
    "DOMAIN_CURL": 84
}
DEBUG 2021-10-24 14:31:50,043 - ####################################################################################################
DEBUG 2021-10-24 14:31:50,049 - DOMAIN PYTHON ERROR
INFO 2021-10-24 14:31:50,049 - {
    "DOMAIN": "delivip1.com", 
    "PYTHON ERROR": "[Errno 101] Network is unreachable", 
    "DOMAIN_CURL": 83
}
DEBUG 2021-10-24 15:04:01,192 - ####################################################################################################
DEBUG 2021-10-24 15:04:01,198 - DOMAIN PYTHON ERROR
INFO 2021-10-24 15:04:01,198 - {
    "DOMAIN": "mg.snapplog.com", 
    "PYTHON ERROR": "[SSL: CERTIFICATE_VERIFY_FAILED] certificate verify failed (_ssl.c:618)", 
    "DOMAIN_CURL": 15
}
DEBUG 2021-10-24 15:04:02,458 - ####################################################################################################
DEBUG 2021-10-24 15:04:02,464 - DOMAIN PYTHON ERROR
INFO 2021-10-24 15:04:02,465 - {
    "DOMAIN": "jubolai.com", 
    "PYTHON ERROR": "[SSL: CERTIFICATE_VERIFY_FAILED] certificate verify failed (_ssl.c:618)", 
    "DOMAIN_CURL": 14
}
DEBUG 2021-10-24 15:04:08,097 - ####################################################################################################
DEBUG 2021-10-24 15:04:08,102 - DOMAIN PYTHON ERROR
INFO 2021-10-24 15:04:08,103 - {
    "DOMAIN": "mgb.snapplog.com", 
    "PYTHON ERROR": "[SSL: CERTIFICATE_VERIFY_FAILED] certificate verify failed (_ssl.c:618)", 
    "DOMAIN_CURL": 15
}
DEBUG 2021-10-24 15:04:09,505 - ####################################################################################################
DEBUG 2021-10-24 15:04:09,510 - DOMAIN PYTHON ERROR
INFO 2021-10-24 15:04:09,511 - {
    "DOMAIN": "mgbtest.snapplog.com", 
    "PYTHON ERROR": "[SSL: CERTIFICATE_VERIFY_FAILED] certificate verify failed (_ssl.c:618)", 
    "DOMAIN_CURL": 15
}
DEBUG 2021-10-24 15:04:11,598 - ####################################################################################################
DEBUG 2021-10-24 15:04:11,603 - DOMAIN PYTHON ERROR
INFO 2021-10-24 15:04:11,604 - {
    "DOMAIN": "jiabbo98.net", 
    "PYTHON ERROR": "[SSL: CERTIFICATE_VERIFY_FAILED] certificate verify failed (_ssl.c:618)", 
    "DOMAIN_CURL": 14
}
DEBUG 2021-10-24 15:04:12,207 - ####################################################################################################
DEBUG 2021-10-24 15:04:12,213 - DOMAIN PYTHON ERROR
INFO 2021-10-24 15:04:12,213 - {
    "DOMAIN": "vpn19.com", 
    "PYTHON ERROR": "[SSL: CERTIFICATE_VERIFY_FAILED] certificate verify failed (_ssl.c:618)", 
    "DOMAIN_CURL": 14
}
DEBUG 2021-10-24 15:04:12,983 - ####################################################################################################
DEBUG 2021-10-24 15:04:12,989 - DOMAIN PYTHON ERROR
INFO 2021-10-24 15:04:12,990 - {
    "DOMAIN": "jiabo28.net", 
    "PYTHON ERROR": "[SSL: CERTIFICATE_VERIFY_FAILED] certificate verify failed (_ssl.c:618)", 
    "DOMAIN_CURL": 14
}
DEBUG 2021-10-24 15:04:15,445 - ####################################################################################################
DEBUG 2021-10-24 15:04:15,451 - DOMAIN PYTHON ERROR
INFO 2021-10-24 15:04:15,451 - {
    "DOMAIN": "gstechhk.com", 
    "PYTHON ERROR": "[SSL: CERTIFICATE_VERIFY_FAILED] certificate verify failed (_ssl.c:618)", 
    "DOMAIN_CURL": 15
}
DEBUG 2021-10-24 15:04:16,234 - ####################################################################################################
DEBUG 2021-10-24 15:04:16,239 - DOMAIN PYTHON ERROR
INFO 2021-10-24 15:04:16,239 - {
    "DOMAIN": "yishengbet.com", 
    "PYTHON ERROR": "[SSL: CERTIFICATE_VERIFY_FAILED] certificate verify failed (_ssl.c:618)", 
    "DOMAIN_CURL": 14
}
DEBUG 2021-10-24 15:31:50,878 - ####################################################################################################
DEBUG 2021-10-24 15:31:50,883 - DOMAIN PYTHON ERROR
INFO 2021-10-24 15:31:50,883 - {
    "DOMAIN": "delivip1.com", 
    "PYTHON ERROR": "[SSL: CERTIFICATE_VERIFY_FAILED] certificate verify failed (_ssl.c:618)", 
    "DOMAIN_CURL": 83
}
DEBUG 2021-10-24 15:31:51,580 - ####################################################################################################
DEBUG 2021-10-24 15:31:51,586 - DOMAIN PYTHON ERROR
INFO 2021-10-24 15:31:51,586 - {
    "DOMAIN": "138eu.net", 
    "PYTHON ERROR": "[SSL: CERTIFICATE_VERIFY_FAILED] certificate verify failed (_ssl.c:618)", 
    "DOMAIN_CURL": 84
}
DEBUG 2021-10-24 16:04:02,163 - ####################################################################################################
DEBUG 2021-10-24 16:04:02,169 - DOMAIN PYTHON ERROR
INFO 2021-10-24 16:04:02,169 - {
    "DOMAIN": "mg.snapplog.com", 
    "PYTHON ERROR": "[SSL: CERTIFICATE_VERIFY_FAILED] certificate verify failed (_ssl.c:618)", 
    "DOMAIN_CURL": 15
}
DEBUG 2021-10-24 16:04:04,527 - ####################################################################################################
DEBUG 2021-10-24 16:04:04,534 - DOMAIN PYTHON ERROR
INFO 2021-10-24 16:04:04,534 - {
    "DOMAIN": "jubolai.com", 
    "PYTHON ERROR": "[SSL: CERTIFICATE_VERIFY_FAILED] certificate verify failed (_ssl.c:618)", 
    "DOMAIN_CURL": 14
}
DEBUG 2021-10-24 16:04:06,796 - ####################################################################################################
DEBUG 2021-10-24 16:04:06,801 - DOMAIN PYTHON ERROR
INFO 2021-10-24 16:04:06,802 - {
    "DOMAIN": "mgb.snapplog.com", 
    "PYTHON ERROR": "[SSL: CERTIFICATE_VERIFY_FAILED] certificate verify failed (_ssl.c:618)", 
    "DOMAIN_CURL": 15
}
DEBUG 2021-10-24 16:04:08,411 - ####################################################################################################
DEBUG 2021-10-24 16:04:08,416 - DOMAIN PYTHON ERROR
INFO 2021-10-24 16:04:08,417 - {
    "DOMAIN": "mgbtest.snapplog.com", 
    "PYTHON ERROR": "[SSL: CERTIFICATE_VERIFY_FAILED] certificate verify failed (_ssl.c:618)", 
    "DOMAIN_CURL": 15
}
DEBUG 2021-10-24 16:04:10,218 - ####################################################################################################
DEBUG 2021-10-24 16:04:10,224 - DOMAIN PYTHON ERROR
INFO 2021-10-24 16:04:10,224 - {
    "DOMAIN": "vpn19.com", 
    "PYTHON ERROR": "[SSL: CERTIFICATE_VERIFY_FAILED] certificate verify failed (_ssl.c:618)", 
    "DOMAIN_CURL": 14
}
DEBUG 2021-10-24 16:04:11,389 - ####################################################################################################
DEBUG 2021-10-24 16:04:11,396 - DOMAIN PYTHON ERROR
INFO 2021-10-24 16:04:11,397 - {
    "DOMAIN": "jiabbo98.net", 
    "PYTHON ERROR": "[SSL: CERTIFICATE_VERIFY_FAILED] certificate verify failed (_ssl.c:618)", 
    "DOMAIN_CURL": 14
}
DEBUG 2021-10-24 16:04:12,684 - ####################################################################################################
DEBUG 2021-10-24 16:04:12,690 - DOMAIN PYTHON ERROR
INFO 2021-10-24 16:04:12,690 - {
    "DOMAIN": "jiabo28.net", 
    "PYTHON ERROR": "[SSL: CERTIFICATE_VERIFY_FAILED] certificate verify failed (_ssl.c:618)", 
    "DOMAIN_CURL": 14
}
DEBUG 2021-10-24 16:04:12,945 - ####################################################################################################
DEBUG 2021-10-24 16:04:12,951 - DOMAIN PYTHON ERROR
INFO 2021-10-24 16:04:12,951 - {
    "DOMAIN": "gstechhk.com", 
    "PYTHON ERROR": "[SSL: CERTIFICATE_VERIFY_FAILED] certificate verify failed (_ssl.c:618)", 
    "DOMAIN_CURL": 14
}
DEBUG 2021-10-24 16:04:15,985 - ####################################################################################################
DEBUG 2021-10-24 16:04:15,993 - DOMAIN PYTHON ERROR
INFO 2021-10-24 16:04:15,994 - {
    "DOMAIN": "yishengbet.com", 
    "PYTHON ERROR": "[SSL: CERTIFICATE_VERIFY_FAILED] certificate verify failed (_ssl.c:618)", 
    "DOMAIN_CURL": 14
}
DEBUG 2021-10-24 16:31:48,363 - ####################################################################################################
DEBUG 2021-10-24 16:31:48,369 - DOMAIN PYTHON ERROR
INFO 2021-10-24 16:31:48,369 - {
    "DOMAIN": "delivip1.com", 
    "PYTHON ERROR": "[SSL: CERTIFICATE_VERIFY_FAILED] certificate verify failed (_ssl.c:618)", 
    "DOMAIN_CURL": 83
}
DEBUG 2021-10-24 16:31:49,142 - ####################################################################################################
DEBUG 2021-10-24 16:31:49,149 - DOMAIN PYTHON ERROR
INFO 2021-10-24 16:31:49,149 - {
    "DOMAIN": "138eu.net", 
    "PYTHON ERROR": "[SSL: CERTIFICATE_VERIFY_FAILED] certificate verify failed (_ssl.c:618)", 
    "DOMAIN_CURL": 45
}
DEBUG 2021-10-24 17:04:02,893 - ####################################################################################################
DEBUG 2021-10-24 17:04:02,897 - DOMAIN PYTHON ERROR
INFO 2021-10-24 17:04:02,898 - {
    "DOMAIN": "mg.snapplog.com", 
    "PYTHON ERROR": "[SSL: CERTIFICATE_VERIFY_FAILED] certificate verify failed (_ssl.c:618)", 
    "DOMAIN_CURL": 14
}
DEBUG 2021-10-24 17:04:07,827 - ####################################################################################################
DEBUG 2021-10-24 17:04:07,833 - DOMAIN PYTHON ERROR
INFO 2021-10-24 17:04:07,834 - {
    "DOMAIN": "jubolai.com", 
    "PYTHON ERROR": "[SSL: CERTIFICATE_VERIFY_FAILED] certificate verify failed (_ssl.c:618)", 
    "DOMAIN_CURL": 14
}
DEBUG 2021-10-24 17:04:10,451 - ####################################################################################################
DEBUG 2021-10-24 17:04:10,456 - DOMAIN PYTHON ERROR
INFO 2021-10-24 17:04:10,456 - {
    "DOMAIN": "mgb.snapplog.com", 
    "PYTHON ERROR": "[SSL: CERTIFICATE_VERIFY_FAILED] certificate verify failed (_ssl.c:618)", 
    "DOMAIN_CURL": 14
}
DEBUG 2021-10-24 17:04:11,046 - ####################################################################################################
DEBUG 2021-10-24 17:04:11,053 - DOMAIN PYTHON ERROR
INFO 2021-10-24 17:04:11,053 - {
    "DOMAIN": "mgbtest.snapplog.com", 
    "PYTHON ERROR": "[SSL: CERTIFICATE_VERIFY_FAILED] certificate verify failed (_ssl.c:618)", 
    "DOMAIN_CURL": 14
}
DEBUG 2021-10-24 17:04:14,171 - ####################################################################################################
DEBUG 2021-10-24 17:04:14,176 - DOMAIN PYTHON ERROR
INFO 2021-10-24 17:04:14,176 - {
    "DOMAIN": "vpn19.com", 
    "PYTHON ERROR": "[SSL: CERTIFICATE_VERIFY_FAILED] certificate verify failed (_ssl.c:618)", 
    "DOMAIN_CURL": 14
}
DEBUG 2021-10-24 17:04:14,505 - ####################################################################################################
DEBUG 2021-10-24 17:04:14,511 - DOMAIN PYTHON ERROR
INFO 2021-10-24 17:04:14,511 - {
    "DOMAIN": "jiabbo98.net", 
    "PYTHON ERROR": "[SSL: CERTIFICATE_VERIFY_FAILED] certificate verify failed (_ssl.c:618)", 
    "DOMAIN_CURL": 14
}
DEBUG 2021-10-24 17:04:15,371 - ####################################################################################################
DEBUG 2021-10-24 17:04:15,377 - DOMAIN PYTHON ERROR
INFO 2021-10-24 17:04:15,377 - {
    "DOMAIN": "jiabo28.net", 
    "PYTHON ERROR": "[SSL: CERTIFICATE_VERIFY_FAILED] certificate verify failed (_ssl.c:618)", 
    "DOMAIN_CURL": 14
}
DEBUG 2021-10-24 17:04:17,659 - ####################################################################################################
DEBUG 2021-10-24 17:04:17,665 - DOMAIN PYTHON ERROR
INFO 2021-10-24 17:04:17,666 - {
    "DOMAIN": "gstechhk.com", 
    "PYTHON ERROR": "[SSL: CERTIFICATE_VERIFY_FAILED] certificate verify failed (_ssl.c:618)", 
    "DOMAIN_CURL": 14
}
DEBUG 2021-10-24 17:04:19,410 - ####################################################################################################
DEBUG 2021-10-24 17:04:19,415 - DOMAIN PYTHON ERROR
INFO 2021-10-24 17:04:19,415 - {
    "DOMAIN": "yishengbet.com", 
    "PYTHON ERROR": "[SSL: CERTIFICATE_VERIFY_FAILED] certificate verify failed (_ssl.c:618)", 
    "DOMAIN_CURL": 14
}
DEBUG 2021-10-24 17:31:49,957 - ####################################################################################################
DEBUG 2021-10-24 17:31:49,963 - DOMAIN PYTHON ERROR
INFO 2021-10-24 17:31:49,963 - {
    "DOMAIN": "delivip1.com", 
    "PYTHON ERROR": "[SSL: CERTIFICATE_VERIFY_FAILED] certificate verify failed (_ssl.c:618)", 
    "DOMAIN_CURL": 83
}
DEBUG 2021-10-24 17:31:52,738 - ####################################################################################################
DEBUG 2021-10-24 17:31:52,745 - DOMAIN PYTHON ERROR
INFO 2021-10-24 17:31:52,745 - {
    "DOMAIN": "138eu.net", 
    "PYTHON ERROR": "[Errno 101] Network is unreachable", 
    "DOMAIN_CURL": 84
}
DEBUG 2021-10-24 18:04:03,350 - ####################################################################################################
DEBUG 2021-10-24 18:04:03,356 - DOMAIN PYTHON ERROR
INFO 2021-10-24 18:04:03,356 - {
    "DOMAIN": "mg.snapplog.com", 
    "PYTHON ERROR": "[SSL: CERTIFICATE_VERIFY_FAILED] certificate verify failed (_ssl.c:618)", 
    "DOMAIN_CURL": 14
}
DEBUG 2021-10-24 18:04:06,330 - ####################################################################################################
DEBUG 2021-10-24 18:04:06,336 - DOMAIN PYTHON ERROR
INFO 2021-10-24 18:04:06,336 - {
    "DOMAIN": "jubolai.com", 
    "PYTHON ERROR": "[SSL: CERTIFICATE_VERIFY_FAILED] certificate verify failed (_ssl.c:618)", 
    "DOMAIN_CURL": 14
}
DEBUG 2021-10-24 18:04:10,562 - ####################################################################################################
DEBUG 2021-10-24 18:04:10,567 - DOMAIN PYTHON ERROR
INFO 2021-10-24 18:04:10,567 - {
    "DOMAIN": "mgb.snapplog.com", 
    "PYTHON ERROR": "[SSL: CERTIFICATE_VERIFY_FAILED] certificate verify failed (_ssl.c:618)", 
    "DOMAIN_CURL": 14
}
DEBUG 2021-10-24 18:04:13,149 - ####################################################################################################
DEBUG 2021-10-24 18:04:13,154 - DOMAIN PYTHON ERROR
INFO 2021-10-24 18:04:13,154 - {
    "DOMAIN": "mgbtest.snapplog.com", 
    "PYTHON ERROR": "[SSL: CERTIFICATE_VERIFY_FAILED] certificate verify failed (_ssl.c:618)", 
    "DOMAIN_CURL": 14
}
DEBUG 2021-10-24 18:04:15,007 - ####################################################################################################
DEBUG 2021-10-24 18:04:15,012 - DOMAIN PYTHON ERROR
INFO 2021-10-24 18:04:15,012 - {
    "DOMAIN": "jiabbo98.net", 
    "PYTHON ERROR": "[SSL: CERTIFICATE_VERIFY_FAILED] certificate verify failed (_ssl.c:618)", 
    "DOMAIN_CURL": 14
}
DEBUG 2021-10-24 18:04:15,220 - ####################################################################################################
DEBUG 2021-10-24 18:04:15,226 - DOMAIN PYTHON ERROR
INFO 2021-10-24 18:04:15,226 - {
    "DOMAIN": "vpn19.com", 
    "PYTHON ERROR": "[SSL: CERTIFICATE_VERIFY_FAILED] certificate verify failed (_ssl.c:618)", 
    "DOMAIN_CURL": 14
}
DEBUG 2021-10-24 18:04:16,089 - ####################################################################################################
DEBUG 2021-10-24 18:04:16,095 - DOMAIN PYTHON ERROR
INFO 2021-10-24 18:04:16,095 - {
    "DOMAIN": "jiabo28.net", 
    "PYTHON ERROR": "[SSL: CERTIFICATE_VERIFY_FAILED] certificate verify failed (_ssl.c:618)", 
    "DOMAIN_CURL": 14
}
DEBUG 2021-10-24 18:04:17,397 - ####################################################################################################
DEBUG 2021-10-24 18:04:17,403 - DOMAIN PYTHON ERROR
INFO 2021-10-24 18:04:17,403 - {
    "DOMAIN": "gstechhk.com", 
    "PYTHON ERROR": "[SSL: CERTIFICATE_VERIFY_FAILED] certificate verify failed (_ssl.c:618)", 
    "DOMAIN_CURL": 14
}
DEBUG 2021-10-24 18:04:18,507 - ####################################################################################################
DEBUG 2021-10-24 18:04:18,513 - DOMAIN PYTHON ERROR
INFO 2021-10-24 18:04:18,513 - {
    "DOMAIN": "yishengbet.com", 
    "PYTHON ERROR": "[SSL: CERTIFICATE_VERIFY_FAILED] certificate verify failed (_ssl.c:618)", 
    "DOMAIN_CURL": 14
}
DEBUG 2021-10-24 18:31:50,711 - ####################################################################################################
DEBUG 2021-10-24 18:31:50,717 - DOMAIN PYTHON ERROR
INFO 2021-10-24 18:31:50,717 - {
    "DOMAIN": "138eu.net", 
    "PYTHON ERROR": "[SSL: CERTIFICATE_VERIFY_FAILED] certificate verify failed (_ssl.c:618)", 
    "DOMAIN_CURL": 84
}
DEBUG 2021-10-24 18:31:56,767 - ####################################################################################################
DEBUG 2021-10-24 18:31:56,773 - DOMAIN PYTHON ERROR
INFO 2021-10-24 18:31:56,773 - {
    "DOMAIN": "delivip1.com", 
    "PYTHON ERROR": "[SSL: CERTIFICATE_VERIFY_FAILED] certificate verify failed (_ssl.c:618)", 
    "DOMAIN_CURL": 83
}
DEBUG 2021-10-24 19:04:03,045 - ####################################################################################################
DEBUG 2021-10-24 19:04:03,051 - DOMAIN PYTHON ERROR
INFO 2021-10-24 19:04:03,051 - {
    "DOMAIN": "mg.snapplog.com", 
    "PYTHON ERROR": "[SSL: CERTIFICATE_VERIFY_FAILED] certificate verify failed (_ssl.c:618)", 
    "DOMAIN_CURL": 14
}
DEBUG 2021-10-24 19:04:08,947 - ####################################################################################################
DEBUG 2021-10-24 19:04:08,952 - DOMAIN PYTHON ERROR
INFO 2021-10-24 19:04:08,953 - {
    "DOMAIN": "jubolai.com", 
    "PYTHON ERROR": "[SSL: CERTIFICATE_VERIFY_FAILED] certificate verify failed (_ssl.c:618)", 
    "DOMAIN_CURL": 14
}
DEBUG 2021-10-24 19:04:10,991 - ####################################################################################################
DEBUG 2021-10-24 19:04:10,997 - DOMAIN PYTHON ERROR
INFO 2021-10-24 19:04:10,998 - {
    "DOMAIN": "mgb.snapplog.com", 
    "PYTHON ERROR": "[SSL: CERTIFICATE_VERIFY_FAILED] certificate verify failed (_ssl.c:618)", 
    "DOMAIN_CURL": 14
}
DEBUG 2021-10-24 19:04:11,998 - ####################################################################################################
DEBUG 2021-10-24 19:04:12,003 - DOMAIN PYTHON ERROR
INFO 2021-10-24 19:04:12,003 - {
    "DOMAIN": "mgbtest.snapplog.com", 
    "PYTHON ERROR": "[SSL: CERTIFICATE_VERIFY_FAILED] certificate verify failed (_ssl.c:618)", 
    "DOMAIN_CURL": 14
}
DEBUG 2021-10-24 19:04:14,689 - ####################################################################################################
DEBUG 2021-10-24 19:04:14,694 - DOMAIN PYTHON ERROR
INFO 2021-10-24 19:04:14,694 - {
    "DOMAIN": "jiabbo98.net", 
    "PYTHON ERROR": "[SSL: CERTIFICATE_VERIFY_FAILED] certificate verify failed (_ssl.c:618)", 
    "DOMAIN_CURL": 14
}
DEBUG 2021-10-24 19:04:15,478 - ####################################################################################################
DEBUG 2021-10-24 19:04:15,484 - DOMAIN PYTHON ERROR
INFO 2021-10-24 19:04:15,484 - {
    "DOMAIN": "vpn19.com", 
    "PYTHON ERROR": "[SSL: CERTIFICATE_VERIFY_FAILED] certificate verify failed (_ssl.c:618)", 
    "DOMAIN_CURL": 14
}
DEBUG 2021-10-24 19:04:15,801 - ####################################################################################################
DEBUG 2021-10-24 19:04:15,807 - DOMAIN PYTHON ERROR
INFO 2021-10-24 19:04:15,807 - {
    "DOMAIN": "jiabo28.net", 
    "PYTHON ERROR": "[SSL: CERTIFICATE_VERIFY_FAILED] certificate verify failed (_ssl.c:618)", 
    "DOMAIN_CURL": 14
}
DEBUG 2021-10-24 19:04:18,044 - ####################################################################################################
DEBUG 2021-10-24 19:04:18,050 - DOMAIN PYTHON ERROR
INFO 2021-10-24 19:04:18,050 - {
    "DOMAIN": "gstechhk.com", 
    "PYTHON ERROR": "[SSL: CERTIFICATE_VERIFY_FAILED] certificate verify failed (_ssl.c:618)", 
    "DOMAIN_CURL": 14
}
DEBUG 2021-10-24 19:04:19,609 - ####################################################################################################
DEBUG 2021-10-24 19:04:19,615 - DOMAIN PYTHON ERROR
INFO 2021-10-24 19:04:19,615 - {
    "DOMAIN": "yishengbet.com", 
    "PYTHON ERROR": "[SSL: CERTIFICATE_VERIFY_FAILED] certificate verify failed (_ssl.c:618)", 
    "DOMAIN_CURL": 14
}
DEBUG 2021-10-24 19:31:46,854 - ####################################################################################################
DEBUG 2021-10-24 19:31:46,860 - DOMAIN PYTHON ERROR
INFO 2021-10-24 19:31:46,860 - {
    "DOMAIN": "delivip1.com", 
    "PYTHON ERROR": "[SSL: CERTIFICATE_VERIFY_FAILED] certificate verify failed (_ssl.c:618)", 
    "DOMAIN_CURL": 45
}
DEBUG 2021-10-24 19:31:47,854 - ####################################################################################################
DEBUG 2021-10-24 19:31:47,859 - DOMAIN PYTHON ERROR
INFO 2021-10-24 19:31:47,859 - {
    "DOMAIN": "138eu.net", 
    "PYTHON ERROR": "[SSL: CERTIFICATE_VERIFY_FAILED] certificate verify failed (_ssl.c:618)", 
    "DOMAIN_CURL": 84
}
DEBUG 2021-10-24 20:04:05,276 - ####################################################################################################
DEBUG 2021-10-24 20:04:05,282 - DOMAIN PYTHON ERROR
INFO 2021-10-24 20:04:05,282 - {
    "DOMAIN": "mg.snapplog.com", 
    "PYTHON ERROR": "[SSL: CERTIFICATE_VERIFY_FAILED] certificate verify failed (_ssl.c:618)", 
    "DOMAIN_CURL": 14
}
DEBUG 2021-10-24 20:04:07,103 - ####################################################################################################
DEBUG 2021-10-24 20:04:07,110 - DOMAIN PYTHON ERROR
INFO 2021-10-24 20:04:07,110 - {
    "DOMAIN": "jubolai.com", 
    "PYTHON ERROR": "[SSL: CERTIFICATE_VERIFY_FAILED] certificate verify failed (_ssl.c:618)", 
    "DOMAIN_CURL": 14
}
DEBUG 2021-10-24 20:04:09,547 - ####################################################################################################
DEBUG 2021-10-24 20:04:09,555 - DOMAIN PYTHON ERROR
INFO 2021-10-24 20:04:09,555 - {
    "DOMAIN": "mgb.snapplog.com", 
    "PYTHON ERROR": "[SSL: CERTIFICATE_VERIFY_FAILED] certificate verify failed (_ssl.c:618)", 
    "DOMAIN_CURL": 14
}
DEBUG 2021-10-24 20:04:11,488 - ####################################################################################################
DEBUG 2021-10-24 20:04:11,494 - DOMAIN PYTHON ERROR
INFO 2021-10-24 20:04:11,494 - {
    "DOMAIN": "mgbtest.snapplog.com", 
    "PYTHON ERROR": "[SSL: CERTIFICATE_VERIFY_FAILED] certificate verify failed (_ssl.c:618)", 
    "DOMAIN_CURL": 14
}
DEBUG 2021-10-24 20:04:13,311 - ####################################################################################################
DEBUG 2021-10-24 20:04:13,317 - DOMAIN PYTHON ERROR
INFO 2021-10-24 20:04:13,318 - {
    "DOMAIN": "vpn19.com", 
    "PYTHON ERROR": "[SSL: CERTIFICATE_VERIFY_FAILED] certificate verify failed (_ssl.c:618)", 
    "DOMAIN_CURL": 14
}
DEBUG 2021-10-24 20:04:13,575 - ####################################################################################################
DEBUG 2021-10-24 20:04:13,580 - DOMAIN PYTHON ERROR
INFO 2021-10-24 20:04:13,580 - {
    "DOMAIN": "jiabbo98.net", 
    "PYTHON ERROR": "[SSL: CERTIFICATE_VERIFY_FAILED] certificate verify failed (_ssl.c:618)", 
    "DOMAIN_CURL": 14
}
DEBUG 2021-10-24 20:04:15,371 - ####################################################################################################
DEBUG 2021-10-24 20:04:15,376 - DOMAIN PYTHON ERROR
INFO 2021-10-24 20:04:15,377 - {
    "DOMAIN": "jiabo28.net", 
    "PYTHON ERROR": "[SSL: CERTIFICATE_VERIFY_FAILED] certificate verify failed (_ssl.c:618)", 
    "DOMAIN_CURL": 14
}
DEBUG 2021-10-24 20:04:15,790 - ####################################################################################################
DEBUG 2021-10-24 20:04:15,795 - DOMAIN PYTHON ERROR
INFO 2021-10-24 20:04:15,795 - {
    "DOMAIN": "gstechhk.com", 
    "PYTHON ERROR": "[SSL: CERTIFICATE_VERIFY_FAILED] certificate verify failed (_ssl.c:618)", 
    "DOMAIN_CURL": 14
}
DEBUG 2021-10-24 20:04:18,104 - ####################################################################################################
DEBUG 2021-10-24 20:04:18,109 - DOMAIN PYTHON ERROR
INFO 2021-10-24 20:04:18,109 - {
    "DOMAIN": "yishengbet.com", 
    "PYTHON ERROR": "[SSL: CERTIFICATE_VERIFY_FAILED] certificate verify failed (_ssl.c:618)", 
    "DOMAIN_CURL": 14
}
DEBUG 2021-10-24 20:31:49,565 - ####################################################################################################
DEBUG 2021-10-24 20:31:49,571 - DOMAIN PYTHON ERROR
INFO 2021-10-24 20:31:49,571 - {
    "DOMAIN": "delivip1.com", 
    "PYTHON ERROR": "[SSL: CERTIFICATE_VERIFY_FAILED] certificate verify failed (_ssl.c:618)", 
    "DOMAIN_CURL": 83
}
DEBUG 2021-10-24 20:31:52,988 - ####################################################################################################
DEBUG 2021-10-24 20:31:52,993 - DOMAIN PYTHON ERROR
INFO 2021-10-24 20:31:52,993 - {
    "DOMAIN": "138eu.net", 
    "PYTHON ERROR": "[Errno 101] Network is unreachable", 
    "DOMAIN_CURL": 84
}
DEBUG 2021-10-24 21:04:02,224 - ####################################################################################################
DEBUG 2021-10-24 21:04:02,230 - DOMAIN PYTHON ERROR
INFO 2021-10-24 21:04:02,230 - {
    "DOMAIN": "mg.snapplog.com", 
    "PYTHON ERROR": "[SSL: CERTIFICATE_VERIFY_FAILED] certificate verify failed (_ssl.c:618)", 
    "DOMAIN_CURL": 14
}
DEBUG 2021-10-24 21:04:09,729 - ####################################################################################################
DEBUG 2021-10-24 21:04:09,735 - DOMAIN PYTHON ERROR
INFO 2021-10-24 21:04:09,735 - {
    "DOMAIN": "jubolai.com", 
    "PYTHON ERROR": "[SSL: CERTIFICATE_VERIFY_FAILED] certificate verify failed (_ssl.c:618)", 
    "DOMAIN_CURL": 14
}
DEBUG 2021-10-24 21:04:11,411 - ####################################################################################################
DEBUG 2021-10-24 21:04:11,417 - DOMAIN PYTHON ERROR
INFO 2021-10-24 21:04:11,417 - {
    "DOMAIN": "mgb.snapplog.com", 
    "PYTHON ERROR": "[SSL: CERTIFICATE_VERIFY_FAILED] certificate verify failed (_ssl.c:618)", 
    "DOMAIN_CURL": 14
}
DEBUG 2021-10-24 21:04:12,936 - ####################################################################################################
DEBUG 2021-10-24 21:04:12,941 - DOMAIN PYTHON ERROR
INFO 2021-10-24 21:04:12,941 - {
    "DOMAIN": "mgbtest.snapplog.com", 
    "PYTHON ERROR": "[SSL: CERTIFICATE_VERIFY_FAILED] certificate verify failed (_ssl.c:618)", 
    "DOMAIN_CURL": 14
}
DEBUG 2021-10-24 21:04:15,117 - ####################################################################################################
DEBUG 2021-10-24 21:04:15,123 - DOMAIN PYTHON ERROR
INFO 2021-10-24 21:04:15,123 - {
    "DOMAIN": "jiabbo98.net", 
    "PYTHON ERROR": "[SSL: CERTIFICATE_VERIFY_FAILED] certificate verify failed (_ssl.c:618)", 
    "DOMAIN_CURL": 14
}
DEBUG 2021-10-24 21:04:15,760 - ####################################################################################################
DEBUG 2021-10-24 21:04:15,766 - DOMAIN PYTHON ERROR
INFO 2021-10-24 21:04:15,766 - {
    "DOMAIN": "jiabo28.net", 
    "PYTHON ERROR": "[SSL: CERTIFICATE_VERIFY_FAILED] certificate verify failed (_ssl.c:618)", 
    "DOMAIN_CURL": 14
}
DEBUG 2021-10-24 21:04:15,796 - ####################################################################################################
DEBUG 2021-10-24 21:04:15,801 - DOMAIN PYTHON ERROR
INFO 2021-10-24 21:04:15,801 - {
    "DOMAIN": "vpn19.com", 
    "PYTHON ERROR": "[SSL: CERTIFICATE_VERIFY_FAILED] certificate verify failed (_ssl.c:618)", 
    "DOMAIN_CURL": 14
}
DEBUG 2021-10-24 21:04:16,953 - ####################################################################################################
DEBUG 2021-10-24 21:04:16,959 - DOMAIN PYTHON ERROR
INFO 2021-10-24 21:04:16,959 - {
    "DOMAIN": "gstechhk.com", 
    "PYTHON ERROR": "[SSL: CERTIFICATE_VERIFY_FAILED] certificate verify failed (_ssl.c:618)", 
    "DOMAIN_CURL": 14
}
DEBUG 2021-10-24 21:04:19,089 - ####################################################################################################
DEBUG 2021-10-24 21:04:19,095 - DOMAIN PYTHON ERROR
INFO 2021-10-24 21:04:19,095 - {
    "DOMAIN": "yishengbet.com", 
    "PYTHON ERROR": "[SSL: CERTIFICATE_VERIFY_FAILED] certificate verify failed (_ssl.c:618)", 
    "DOMAIN_CURL": 14
}
DEBUG 2021-10-24 21:31:49,922 - ####################################################################################################
DEBUG 2021-10-24 21:31:49,927 - DOMAIN PYTHON ERROR
INFO 2021-10-24 21:31:49,928 - {
    "DOMAIN": "138eu.net", 
    "PYTHON ERROR": "[SSL: CERTIFICATE_VERIFY_FAILED] certificate verify failed (_ssl.c:618)", 
    "DOMAIN_CURL": 84
}
DEBUG 2021-10-24 21:31:55,245 - ####################################################################################################
DEBUG 2021-10-24 21:31:55,251 - DOMAIN PYTHON ERROR
INFO 2021-10-24 21:31:55,252 - {
    "DOMAIN": "delivip1.com", 
    "PYTHON ERROR": "[SSL: CERTIFICATE_VERIFY_FAILED] certificate verify failed (_ssl.c:618)", 
    "DOMAIN_CURL": 82
}
DEBUG 2021-10-24 22:04:05,219 - ####################################################################################################
DEBUG 2021-10-24 22:04:05,223 - DOMAIN PYTHON ERROR
INFO 2021-10-24 22:04:05,223 - {
    "DOMAIN": "mg.snapplog.com", 
    "PYTHON ERROR": "[SSL: CERTIFICATE_VERIFY_FAILED] certificate verify failed (_ssl.c:618)", 
    "DOMAIN_CURL": 14
}
DEBUG 2021-10-24 22:04:07,031 - ####################################################################################################
DEBUG 2021-10-24 22:04:07,037 - DOMAIN PYTHON ERROR
INFO 2021-10-24 22:04:07,037 - {
    "DOMAIN": "jubolai.com", 
    "PYTHON ERROR": "[SSL: CERTIFICATE_VERIFY_FAILED] certificate verify failed (_ssl.c:618)", 
    "DOMAIN_CURL": 14
}
DEBUG 2021-10-24 22:04:08,909 - ####################################################################################################
DEBUG 2021-10-24 22:04:08,914 - DOMAIN PYTHON ERROR
INFO 2021-10-24 22:04:08,915 - {
    "DOMAIN": "mgb.snapplog.com", 
    "PYTHON ERROR": "[SSL: CERTIFICATE_VERIFY_FAILED] certificate verify failed (_ssl.c:618)", 
    "DOMAIN_CURL": 14
}
DEBUG 2021-10-24 22:04:09,231 - ####################################################################################################
DEBUG 2021-10-24 22:04:09,236 - DOMAIN PYTHON ERROR
INFO 2021-10-24 22:04:09,237 - {
    "DOMAIN": "mgbtest.snapplog.com", 
    "PYTHON ERROR": "[SSL: CERTIFICATE_VERIFY_FAILED] certificate verify failed (_ssl.c:618)", 
    "DOMAIN_CURL": 14
}
DEBUG 2021-10-24 22:04:11,569 - ####################################################################################################
DEBUG 2021-10-24 22:04:11,575 - DOMAIN PYTHON ERROR
INFO 2021-10-24 22:04:11,575 - {
    "DOMAIN": "jiabbo98.net", 
    "PYTHON ERROR": "[SSL: CERTIFICATE_VERIFY_FAILED] certificate verify failed (_ssl.c:618)", 
    "DOMAIN_CURL": 14
}
DEBUG 2021-10-24 22:04:12,425 - ####################################################################################################
DEBUG 2021-10-24 22:04:12,431 - DOMAIN PYTHON ERROR
INFO 2021-10-24 22:04:12,431 - {
    "DOMAIN": "vpn19.com", 
    "PYTHON ERROR": "[SSL: CERTIFICATE_VERIFY_FAILED] certificate verify failed (_ssl.c:618)", 
    "DOMAIN_CURL": 14
}
DEBUG 2021-10-24 22:04:15,171 - ####################################################################################################
DEBUG 2021-10-24 22:04:15,175 - DOMAIN PYTHON ERROR
INFO 2021-10-24 22:04:15,176 - {
    "DOMAIN": "jiabo28.net", 
    "PYTHON ERROR": "[SSL: CERTIFICATE_VERIFY_FAILED] certificate verify failed (_ssl.c:618)", 
    "DOMAIN_CURL": 14
}
DEBUG 2021-10-24 22:04:15,214 - ####################################################################################################
DEBUG 2021-10-24 22:04:15,219 - DOMAIN PYTHON ERROR
INFO 2021-10-24 22:04:15,220 - {
    "DOMAIN": "gstechhk.com", 
    "PYTHON ERROR": "[SSL: CERTIFICATE_VERIFY_FAILED] certificate verify failed (_ssl.c:618)", 
    "DOMAIN_CURL": 14
}
DEBUG 2021-10-24 22:04:16,925 - ####################################################################################################
DEBUG 2021-10-24 22:04:16,931 - DOMAIN PYTHON ERROR
INFO 2021-10-24 22:04:16,931 - {
    "DOMAIN": "yishengbet.com", 
    "PYTHON ERROR": "[SSL: CERTIFICATE_VERIFY_FAILED] certificate verify failed (_ssl.c:618)", 
    "DOMAIN_CURL": 14
}
DEBUG 2021-10-24 22:31:54,182 - ####################################################################################################
DEBUG 2021-10-24 22:31:54,187 - DOMAIN PYTHON ERROR
INFO 2021-10-24 22:31:54,187 - {
    "DOMAIN": "delivip1.com", 
    "PYTHON ERROR": "[SSL: CERTIFICATE_VERIFY_FAILED] certificate verify failed (_ssl.c:618)", 
    "DOMAIN_CURL": 82
}
DEBUG 2021-10-24 22:32:05,492 - ####################################################################################################
DEBUG 2021-10-24 22:32:05,497 - DOMAIN PYTHON ERROR
INFO 2021-10-24 22:32:05,497 - {
    "DOMAIN": "138eu.net", 
    "PYTHON ERROR": "[SSL: CERTIFICATE_VERIFY_FAILED] certificate verify failed (_ssl.c:618)", 
    "DOMAIN_CURL": 84
}
DEBUG 2021-10-24 23:04:02,399 - ####################################################################################################
DEBUG 2021-10-24 23:04:02,404 - DOMAIN PYTHON ERROR
INFO 2021-10-24 23:04:02,404 - {
    "DOMAIN": "mg.snapplog.com", 
    "PYTHON ERROR": "[SSL: CERTIFICATE_VERIFY_FAILED] certificate verify failed (_ssl.c:618)", 
    "DOMAIN_CURL": 14
}
DEBUG 2021-10-24 23:04:04,218 - ####################################################################################################
DEBUG 2021-10-24 23:04:04,224 - DOMAIN PYTHON ERROR
INFO 2021-10-24 23:04:04,224 - {
    "DOMAIN": "jubolai.com", 
    "PYTHON ERROR": "[SSL: CERTIFICATE_VERIFY_FAILED] certificate verify failed (_ssl.c:618)", 
    "DOMAIN_CURL": 14
}
DEBUG 2021-10-24 23:04:05,996 - ####################################################################################################
DEBUG 2021-10-24 23:04:06,001 - DOMAIN PYTHON ERROR
INFO 2021-10-24 23:04:06,002 - {
    "DOMAIN": "mgb.snapplog.com", 
    "PYTHON ERROR": "[SSL: CERTIFICATE_VERIFY_FAILED] certificate verify failed (_ssl.c:618)", 
    "DOMAIN_CURL": 14
}
DEBUG 2021-10-24 23:04:07,158 - ####################################################################################################
DEBUG 2021-10-24 23:04:07,163 - DOMAIN PYTHON ERROR
INFO 2021-10-24 23:04:07,163 - {
    "DOMAIN": "mgbtest.snapplog.com", 
    "PYTHON ERROR": "[SSL: CERTIFICATE_VERIFY_FAILED] certificate verify failed (_ssl.c:618)", 
    "DOMAIN_CURL": 14
}
DEBUG 2021-10-24 23:04:09,297 - ####################################################################################################
DEBUG 2021-10-24 23:04:09,303 - DOMAIN PYTHON ERROR
INFO 2021-10-24 23:04:09,303 - {
    "DOMAIN": "vpn19.com", 
    "PYTHON ERROR": "[SSL: CERTIFICATE_VERIFY_FAILED] certificate verify failed (_ssl.c:618)", 
    "DOMAIN_CURL": 14
}
DEBUG 2021-10-24 23:04:10,401 - ####################################################################################################
DEBUG 2021-10-24 23:04:10,408 - DOMAIN PYTHON ERROR
INFO 2021-10-24 23:04:10,409 - {
    "DOMAIN": "jiabbo98.net", 
    "PYTHON ERROR": "[SSL: CERTIFICATE_VERIFY_FAILED] certificate verify failed (_ssl.c:618)", 
    "DOMAIN_CURL": 14
}
DEBUG 2021-10-24 23:04:11,082 - ####################################################################################################
DEBUG 2021-10-24 23:04:11,088 - DOMAIN PYTHON ERROR
INFO 2021-10-24 23:04:11,088 - {
    "DOMAIN": "jiabo28.net", 
    "PYTHON ERROR": "[SSL: CERTIFICATE_VERIFY_FAILED] certificate verify failed (_ssl.c:618)", 
    "DOMAIN_CURL": 14
}
DEBUG 2021-10-24 23:04:13,288 - ####################################################################################################
DEBUG 2021-10-24 23:04:13,293 - DOMAIN PYTHON ERROR
INFO 2021-10-24 23:04:13,294 - {
    "DOMAIN": "gstechhk.com", 
    "PYTHON ERROR": "[SSL: CERTIFICATE_VERIFY_FAILED] certificate verify failed (_ssl.c:618)", 
    "DOMAIN_CURL": 14
}
DEBUG 2021-10-24 23:04:14,396 - ####################################################################################################
DEBUG 2021-10-24 23:04:14,402 - DOMAIN PYTHON ERROR
INFO 2021-10-24 23:04:14,403 - {
    "DOMAIN": "yishengbet.com", 
    "PYTHON ERROR": "[SSL: CERTIFICATE_VERIFY_FAILED] certificate verify failed (_ssl.c:618)", 
    "DOMAIN_CURL": 14
}
DEBUG 2021-10-24 23:31:47,068 - ####################################################################################################
DEBUG 2021-10-24 23:31:47,074 - DOMAIN PYTHON ERROR
INFO 2021-10-24 23:31:47,074 - {
    "DOMAIN": "delivip1.com", 
    "PYTHON ERROR": "[SSL: CERTIFICATE_VERIFY_FAILED] certificate verify failed (_ssl.c:618)", 
    "DOMAIN_CURL": 82
}
DEBUG 2021-10-24 23:31:47,805 - ####################################################################################################
DEBUG 2021-10-24 23:31:47,811 - DOMAIN PYTHON ERROR
INFO 2021-10-24 23:31:47,811 - {
    "DOMAIN": "138eu.net", 
    "PYTHON ERROR": "[SSL: CERTIFICATE_VERIFY_FAILED] certificate verify failed (_ssl.c:618)", 
    "DOMAIN_CURL": 84
}
