DEBUG 2021-06-27 00:02:49,691 - ####################################################################################################
DEBUG 2021-06-27 00:02:49,697 - DOMAIN INFO
INFO 2021-06-27 00:02:49,697 - {
    "DOMAIN": "wpc89.com", 
    "EXPIRATION": "2021-07-14 08:28:41", 
    "DAYS": "17 days, 8:25:52"
}
DEBUG 2021-06-27 00:02:50,464 - ####################################################################################################
DEBUG 2021-06-27 00:02:50,469 - DOMAIN INFO
INFO 2021-06-27 00:02:50,470 - {
    "DOMAIN": "www.wpc89.com", 
    "EXPIRATION": "2021-07-14 08:28:41", 
    "DAYS": "17 days, 8:25:51"
}
DEBUG 2021-06-27 00:08:09,539 - ####################################################################################################
DEBUG 2021-06-27 00:08:09,545 - DOMAIN INFO
INFO 2021-06-27 00:08:09,545 - {
    "DOMAIN": "12golf.com", 
    "EXPIRATION": "2021-07-15 08:50:36", 
    "DAYS": "18 days, 8:42:27"
}
DEBUG 2021-06-27 00:08:09,826 - ####################################################################################################
DEBUG 2021-06-27 00:08:09,832 - DOMAIN INFO
INFO 2021-06-27 00:08:09,832 - {
    "DOMAIN": "www.12golf.com", 
    "EXPIRATION": "2021-07-15 08:50:36", 
    "DAYS": "18 days, 8:42:27"
}
DEBUG 2021-06-27 00:53:07,815 - ####################################################################################################
DEBUG 2021-06-27 00:53:07,821 - DOMAIN INFO
INFO 2021-06-27 00:53:07,822 - {
    "DOMAIN": "hujidi.com", 
    "EXPIRATION": "2021-07-06 10:49:33", 
    "DAYS": "9 days, 9:56:26"
}
DEBUG 2021-06-27 00:54:26,971 - ####################################################################################################
DEBUG 2021-06-27 00:54:26,977 - DOMAIN INFO
INFO 2021-06-27 00:54:26,977 - {
    "DOMAIN": "www.bao5566.com", 
    "EXPIRATION": "2021-07-13 20:00:00", 
    "DAYS": "16 days, 19:05:34"
}
DEBUG 2021-06-27 00:54:27,006 - ####################################################################################################
DEBUG 2021-06-27 00:54:27,012 - DOMAIN INFO
INFO 2021-06-27 00:54:27,013 - {
    "DOMAIN": "bao5566.com", 
    "EXPIRATION": "2021-07-13 20:00:00", 
    "DAYS": "16 days, 19:05:34"
}
DEBUG 2021-06-27 01:02:51,099 - ####################################################################################################
DEBUG 2021-06-27 01:02:51,105 - DOMAIN INFO
INFO 2021-06-27 01:02:51,106 - {
    "DOMAIN": "wpc89.com", 
    "EXPIRATION": "2021-07-14 08:28:41", 
    "DAYS": "17 days, 7:25:50"
}
DEBUG 2021-06-27 01:02:51,414 - ####################################################################################################
DEBUG 2021-06-27 01:02:51,419 - DOMAIN INFO
INFO 2021-06-27 01:02:51,419 - {
    "DOMAIN": "www.wpc89.com", 
    "EXPIRATION": "2021-07-14 08:28:41", 
    "DAYS": "17 days, 7:25:50"
}
DEBUG 2021-06-27 01:08:10,319 - ####################################################################################################
DEBUG 2021-06-27 01:08:10,324 - DOMAIN INFO
INFO 2021-06-27 01:08:10,324 - {
    "DOMAIN": "12golf.com", 
    "EXPIRATION": "2021-07-15 08:50:36", 
    "DAYS": "18 days, 7:42:26"
}
DEBUG 2021-06-27 01:08:10,898 - ####################################################################################################
DEBUG 2021-06-27 01:08:10,904 - DOMAIN INFO
INFO 2021-06-27 01:08:10,904 - {
    "DOMAIN": "www.12golf.com", 
    "EXPIRATION": "2021-07-15 08:50:36", 
    "DAYS": "18 days, 7:42:26"
}
DEBUG 2021-06-27 01:53:03,646 - ####################################################################################################
DEBUG 2021-06-27 01:53:03,652 - DOMAIN INFO
INFO 2021-06-27 01:53:03,653 - {
    "DOMAIN": "hujidi.com", 
    "EXPIRATION": "2021-07-06 10:49:33", 
    "DAYS": "9 days, 8:56:30"
}
DEBUG 2021-06-27 01:54:27,097 - ####################################################################################################
DEBUG 2021-06-27 01:54:27,102 - DOMAIN INFO
INFO 2021-06-27 01:54:27,102 - {
    "DOMAIN": "bao5566.com", 
    "EXPIRATION": "2021-07-13 20:00:00", 
    "DAYS": "16 days, 18:05:33"
}
DEBUG 2021-06-27 01:54:28,864 - ####################################################################################################
DEBUG 2021-06-27 01:54:28,870 - DOMAIN INFO
INFO 2021-06-27 01:54:28,870 - {
    "DOMAIN": "www.bao5566.com", 
    "EXPIRATION": "2021-07-13 20:00:00", 
    "DAYS": "16 days, 18:05:32"
}
DEBUG 2021-06-27 02:02:47,004 - ####################################################################################################
DEBUG 2021-06-27 02:02:47,010 - DOMAIN INFO
INFO 2021-06-27 02:02:47,011 - {
    "DOMAIN": "wpc89.com", 
    "EXPIRATION": "2021-07-14 08:28:41", 
    "DAYS": "17 days, 6:25:55"
}
DEBUG 2021-06-27 02:02:48,167 - ####################################################################################################
DEBUG 2021-06-27 02:02:48,173 - DOMAIN INFO
INFO 2021-06-27 02:02:48,173 - {
    "DOMAIN": "www.wpc89.com", 
    "EXPIRATION": "2021-07-14 08:28:41", 
    "DAYS": "17 days, 6:25:53"
}
DEBUG 2021-06-27 02:08:07,617 - ####################################################################################################
DEBUG 2021-06-27 02:08:07,622 - DOMAIN INFO
INFO 2021-06-27 02:08:07,623 - {
    "DOMAIN": "12golf.com", 
    "EXPIRATION": "2021-07-15 08:50:36", 
    "DAYS": "18 days, 6:42:29"
}
DEBUG 2021-06-27 02:08:08,430 - ####################################################################################################
DEBUG 2021-06-27 02:08:08,437 - DOMAIN INFO
INFO 2021-06-27 02:08:08,437 - {
    "DOMAIN": "www.12golf.com", 
    "EXPIRATION": "2021-07-15 08:50:36", 
    "DAYS": "18 days, 6:42:28"
}
DEBUG 2021-06-27 02:53:06,247 - ####################################################################################################
DEBUG 2021-06-27 02:53:06,252 - DOMAIN INFO
INFO 2021-06-27 02:53:06,253 - {
    "DOMAIN": "hujidi.com", 
    "EXPIRATION": "2021-07-06 10:49:33", 
    "DAYS": "9 days, 7:56:27"
}
DEBUG 2021-06-27 02:54:27,657 - ####################################################################################################
DEBUG 2021-06-27 02:54:27,663 - DOMAIN INFO
INFO 2021-06-27 02:54:27,663 - {
    "DOMAIN": "bao5566.com", 
    "EXPIRATION": "2021-07-13 20:00:00", 
    "DAYS": "16 days, 17:05:33"
}
DEBUG 2021-06-27 02:54:28,095 - ####################################################################################################
DEBUG 2021-06-27 02:54:28,100 - DOMAIN INFO
INFO 2021-06-27 02:54:28,100 - {
    "DOMAIN": "www.bao5566.com", 
    "EXPIRATION": "2021-07-13 20:00:00", 
    "DAYS": "16 days, 17:05:32"
}
DEBUG 2021-06-27 03:02:48,449 - ####################################################################################################
DEBUG 2021-06-27 03:02:48,456 - DOMAIN INFO
INFO 2021-06-27 03:02:48,456 - {
    "DOMAIN": "wpc89.com", 
    "EXPIRATION": "2021-07-14 08:28:41", 
    "DAYS": "17 days, 5:25:53"
}
DEBUG 2021-06-27 03:02:49,129 - ####################################################################################################
DEBUG 2021-06-27 03:02:49,136 - DOMAIN INFO
INFO 2021-06-27 03:02:49,136 - {
    "DOMAIN": "www.wpc89.com", 
    "EXPIRATION": "2021-07-14 08:28:41", 
    "DAYS": "17 days, 5:25:52"
}
DEBUG 2021-06-27 03:08:14,392 - ####################################################################################################
DEBUG 2021-06-27 03:08:14,397 - DOMAIN INFO
INFO 2021-06-27 03:08:14,397 - {
    "DOMAIN": "12golf.com", 
    "EXPIRATION": "2021-07-15 08:50:36", 
    "DAYS": "18 days, 5:42:22"
}
DEBUG 2021-06-27 03:08:15,471 - ####################################################################################################
DEBUG 2021-06-27 03:08:15,477 - DOMAIN INFO
INFO 2021-06-27 03:08:15,477 - {
    "DOMAIN": "www.12golf.com", 
    "EXPIRATION": "2021-07-15 08:50:36", 
    "DAYS": "18 days, 5:42:21"
}
DEBUG 2021-06-27 03:53:11,825 - ####################################################################################################
DEBUG 2021-06-27 03:53:11,832 - DOMAIN INFO
INFO 2021-06-27 03:53:11,832 - {
    "DOMAIN": "hujidi.com", 
    "EXPIRATION": "2021-07-06 10:49:33", 
    "DAYS": "9 days, 6:56:22"
}
DEBUG 2021-06-27 03:54:29,743 - ####################################################################################################
DEBUG 2021-06-27 03:54:29,750 - DOMAIN INFO
INFO 2021-06-27 03:54:29,750 - {
    "DOMAIN": "bao5566.com", 
    "EXPIRATION": "2021-07-13 20:00:00", 
    "DAYS": "16 days, 16:05:31"
}
DEBUG 2021-06-27 03:54:31,255 - ####################################################################################################
DEBUG 2021-06-27 03:54:31,260 - DOMAIN INFO
INFO 2021-06-27 03:54:31,260 - {
    "DOMAIN": "www.bao5566.com", 
    "EXPIRATION": "2021-07-13 20:00:00", 
    "DAYS": "16 days, 16:05:29"
}
DEBUG 2021-06-27 04:02:51,422 - ####################################################################################################
DEBUG 2021-06-27 04:02:51,427 - DOMAIN INFO
INFO 2021-06-27 04:02:51,427 - {
    "DOMAIN": "wpc89.com", 
    "EXPIRATION": "2021-07-14 08:28:41", 
    "DAYS": "17 days, 4:25:50"
}
DEBUG 2021-06-27 04:02:52,021 - ####################################################################################################
DEBUG 2021-06-27 04:02:52,027 - DOMAIN INFO
INFO 2021-06-27 04:02:52,027 - {
    "DOMAIN": "www.wpc89.com", 
    "EXPIRATION": "2021-07-14 08:28:41", 
    "DAYS": "17 days, 4:25:49"
}
DEBUG 2021-06-27 04:08:12,588 - ####################################################################################################
DEBUG 2021-06-27 04:08:12,595 - DOMAIN INFO
INFO 2021-06-27 04:08:12,595 - {
    "DOMAIN": "12golf.com", 
    "EXPIRATION": "2021-07-15 08:50:36", 
    "DAYS": "18 days, 4:42:24"
}
DEBUG 2021-06-27 04:08:13,324 - ####################################################################################################
DEBUG 2021-06-27 04:08:13,329 - DOMAIN INFO
INFO 2021-06-27 04:08:13,329 - {
    "DOMAIN": "www.12golf.com", 
    "EXPIRATION": "2021-07-15 08:50:36", 
    "DAYS": "18 days, 4:42:23"
}
DEBUG 2021-06-27 04:53:08,463 - ####################################################################################################
DEBUG 2021-06-27 04:53:08,469 - DOMAIN INFO
INFO 2021-06-27 04:53:08,469 - {
    "DOMAIN": "hujidi.com", 
    "EXPIRATION": "2021-07-06 10:49:33", 
    "DAYS": "9 days, 5:56:25"
}
DEBUG 2021-06-27 04:54:28,782 - ####################################################################################################
DEBUG 2021-06-27 04:54:28,787 - DOMAIN INFO
INFO 2021-06-27 04:54:28,788 - {
    "DOMAIN": "bao5566.com", 
    "EXPIRATION": "2021-07-13 20:00:00", 
    "DAYS": "16 days, 15:05:32"
}
DEBUG 2021-06-27 04:54:29,069 - ####################################################################################################
DEBUG 2021-06-27 04:54:29,075 - DOMAIN INFO
INFO 2021-06-27 04:54:29,076 - {
    "DOMAIN": "www.bao5566.com", 
    "EXPIRATION": "2021-07-13 20:00:00", 
    "DAYS": "16 days, 15:05:31"
}
DEBUG 2021-06-27 05:02:47,898 - ####################################################################################################
DEBUG 2021-06-27 05:02:47,904 - DOMAIN INFO
INFO 2021-06-27 05:02:47,904 - {
    "DOMAIN": "wpc89.com", 
    "EXPIRATION": "2021-07-14 08:28:41", 
    "DAYS": "17 days, 3:25:54"
}
DEBUG 2021-06-27 05:02:48,286 - ####################################################################################################
DEBUG 2021-06-27 05:02:48,292 - DOMAIN INFO
INFO 2021-06-27 05:02:48,292 - {
    "DOMAIN": "www.wpc89.com", 
    "EXPIRATION": "2021-07-14 08:28:41", 
    "DAYS": "17 days, 3:25:53"
}
DEBUG 2021-06-27 05:08:12,957 - ####################################################################################################
DEBUG 2021-06-27 05:08:12,962 - DOMAIN INFO
INFO 2021-06-27 05:08:12,963 - {
    "DOMAIN": "12golf.com", 
    "EXPIRATION": "2021-07-15 08:50:36", 
    "DAYS": "18 days, 3:42:24"
}
DEBUG 2021-06-27 05:08:13,080 - ####################################################################################################
DEBUG 2021-06-27 05:08:13,085 - DOMAIN INFO
INFO 2021-06-27 05:08:13,085 - {
    "DOMAIN": "www.12golf.com", 
    "EXPIRATION": "2021-07-15 08:50:36", 
    "DAYS": "18 days, 3:42:23"
}
DEBUG 2021-06-27 05:13:06,715 - ####################################################################################################
DEBUG 2021-06-27 05:13:06,721 - DOMAIN INFO
INFO 2021-06-27 05:13:06,721 - {
    "DOMAIN": "xingtou777.com", 
    "EXPIRATION": "2021-08-30 07:52:46", 
    "DAYS": "64 days, 2:39:40"
}
DEBUG 2021-06-27 05:13:07,664 - ####################################################################################################
DEBUG 2021-06-27 05:13:07,670 - DOMAIN INFO
INFO 2021-06-27 05:13:07,670 - {
    "DOMAIN": "xbet099.com", 
    "EXPIRATION": "2021-08-30 07:52:20", 
    "DAYS": "64 days, 2:39:13"
}
DEBUG 2021-06-27 05:13:09,294 - ####################################################################################################
DEBUG 2021-06-27 05:13:09,299 - DOMAIN INFO
INFO 2021-06-27 05:13:09,300 - {
    "DOMAIN": "manilatech1.com", 
    "EXPIRATION": "2021-09-13 23:46:13", 
    "DAYS": "78 days, 18:33:04"
}
DEBUG 2021-06-27 05:13:09,944 - ####################################################################################################
DEBUG 2021-06-27 05:13:09,950 - DOMAIN INFO
INFO 2021-06-27 05:13:09,950 - {
    "DOMAIN": "bao358.com", 
    "EXPIRATION": "2021-08-30 18:23:00", 
    "DAYS": "64 days, 13:09:51"
}
DEBUG 2021-06-27 05:53:09,725 - ####################################################################################################
DEBUG 2021-06-27 05:53:09,730 - DOMAIN INFO
INFO 2021-06-27 05:53:09,731 - {
    "DOMAIN": "hujidi.com", 
    "EXPIRATION": "2021-07-06 10:49:33", 
    "DAYS": "9 days, 4:56:24"
}
DEBUG 2021-06-27 05:54:26,411 - ####################################################################################################
DEBUG 2021-06-27 05:54:26,417 - DOMAIN INFO
INFO 2021-06-27 05:54:26,418 - {
    "DOMAIN": "bao5566.com", 
    "EXPIRATION": "2021-07-13 20:00:00", 
    "DAYS": "16 days, 14:05:34"
}
DEBUG 2021-06-27 05:54:27,635 - ####################################################################################################
DEBUG 2021-06-27 05:54:27,640 - DOMAIN INFO
INFO 2021-06-27 05:54:27,640 - {
    "DOMAIN": "www.bao5566.com", 
    "EXPIRATION": "2021-07-13 20:00:00", 
    "DAYS": "16 days, 14:05:33"
}
DEBUG 2021-06-27 06:02:46,169 - ####################################################################################################
DEBUG 2021-06-27 06:02:46,175 - DOMAIN INFO
INFO 2021-06-27 06:02:46,175 - {
    "DOMAIN": "wpc89.com", 
    "EXPIRATION": "2021-07-14 08:28:41", 
    "DAYS": "17 days, 2:25:55"
}
DEBUG 2021-06-27 06:02:46,927 - ####################################################################################################
DEBUG 2021-06-27 06:02:46,932 - DOMAIN INFO
INFO 2021-06-27 06:02:46,932 - {
    "DOMAIN": "www.wpc89.com", 
    "EXPIRATION": "2021-07-14 08:28:41", 
    "DAYS": "17 days, 2:25:55"
}
DEBUG 2021-06-27 06:08:13,342 - ####################################################################################################
DEBUG 2021-06-27 06:08:13,348 - DOMAIN INFO
INFO 2021-06-27 06:08:13,348 - {
    "DOMAIN": "12golf.com", 
    "EXPIRATION": "2021-07-15 08:50:36", 
    "DAYS": "18 days, 2:42:23"
}
DEBUG 2021-06-27 06:08:13,971 - ####################################################################################################
DEBUG 2021-06-27 06:08:13,976 - DOMAIN INFO
INFO 2021-06-27 06:08:13,977 - {
    "DOMAIN": "www.12golf.com", 
    "EXPIRATION": "2021-07-15 08:50:36", 
    "DAYS": "18 days, 2:42:23"
}
DEBUG 2021-06-27 06:13:13,020 - ####################################################################################################
DEBUG 2021-06-27 06:13:13,026 - DOMAIN INFO
INFO 2021-06-27 06:13:13,027 - {
    "DOMAIN": "v68svip.com", 
    "EXPIRATION": "2021-09-13 14:42:19", 
    "DAYS": "78 days, 8:29:06"
}
DEBUG 2021-06-27 06:13:14,520 - ####################################################################################################
DEBUG 2021-06-27 06:13:14,526 - DOMAIN INFO
INFO 2021-06-27 06:13:14,526 - {
    "DOMAIN": "kb171.com", 
    "EXPIRATION": "2021-08-29 14:42:36", 
    "DAYS": "63 days, 8:29:22"
}
DEBUG 2021-06-27 06:13:15,417 - ####################################################################################################
DEBUG 2021-06-27 06:13:15,422 - DOMAIN INFO
INFO 2021-06-27 06:13:15,422 - {
    "DOMAIN": "jinshihao5.com", 
    "EXPIRATION": "2021-08-30 07:46:19", 
    "DAYS": "64 days, 1:33:04"
}
DEBUG 2021-06-27 06:13:15,844 - ####################################################################################################
DEBUG 2021-06-27 06:13:15,849 - DOMAIN INFO
INFO 2021-06-27 06:13:15,849 - {
    "DOMAIN": "jin883.com", 
    "EXPIRATION": "2021-08-30 14:54:09", 
    "DAYS": "64 days, 8:40:54"
}
DEBUG 2021-06-27 06:13:17,360 - ####################################################################################################
DEBUG 2021-06-27 06:13:17,365 - DOMAIN INFO
INFO 2021-06-27 06:13:17,366 - {
    "DOMAIN": "euyule.com", 
    "EXPIRATION": "2021-09-13 03:23:49", 
    "DAYS": "77 days, 21:10:32"
}
DEBUG 2021-06-27 06:13:17,851 - ####################################################################################################
DEBUG 2021-06-27 06:13:17,856 - DOMAIN INFO
INFO 2021-06-27 06:13:17,856 - {
    "DOMAIN": "xbet158.com", 
    "EXPIRATION": "2021-08-30 08:06:44", 
    "DAYS": "64 days, 1:53:27"
}
DEBUG 2021-06-27 06:53:08,924 - ####################################################################################################
DEBUG 2021-06-27 06:53:08,929 - DOMAIN INFO
INFO 2021-06-27 06:53:08,930 - {
    "DOMAIN": "hujidi.com", 
    "EXPIRATION": "2021-07-06 10:49:33", 
    "DAYS": "9 days, 3:56:25"
}
DEBUG 2021-06-27 06:54:26,401 - ####################################################################################################
DEBUG 2021-06-27 06:54:26,407 - DOMAIN INFO
INFO 2021-06-27 06:54:26,407 - {
    "DOMAIN": "bao5566.com", 
    "EXPIRATION": "2021-07-13 20:00:00", 
    "DAYS": "16 days, 13:05:34"
}
DEBUG 2021-06-27 06:54:27,287 - ####################################################################################################
DEBUG 2021-06-27 06:54:27,293 - DOMAIN INFO
INFO 2021-06-27 06:54:27,293 - {
    "DOMAIN": "www.bao5566.com", 
    "EXPIRATION": "2021-07-13 20:00:00", 
    "DAYS": "16 days, 13:05:33"
}
DEBUG 2021-06-27 07:02:46,732 - ####################################################################################################
DEBUG 2021-06-27 07:02:46,737 - DOMAIN INFO
INFO 2021-06-27 07:02:46,737 - {
    "DOMAIN": "wpc89.com", 
    "EXPIRATION": "2021-07-14 08:28:41", 
    "DAYS": "17 days, 1:25:55"
}
DEBUG 2021-06-27 07:02:47,573 - ####################################################################################################
DEBUG 2021-06-27 07:02:47,579 - DOMAIN INFO
INFO 2021-06-27 07:02:47,579 - {
    "DOMAIN": "www.wpc89.com", 
    "EXPIRATION": "2021-07-14 08:28:41", 
    "DAYS": "17 days, 1:25:54"
}
DEBUG 2021-06-27 07:08:10,064 - ####################################################################################################
DEBUG 2021-06-27 07:08:10,069 - DOMAIN INFO
INFO 2021-06-27 07:08:10,070 - {
    "DOMAIN": "12golf.com", 
    "EXPIRATION": "2021-07-15 08:50:36", 
    "DAYS": "18 days, 1:42:26"
}
DEBUG 2021-06-27 07:08:11,391 - ####################################################################################################
DEBUG 2021-06-27 07:08:11,397 - DOMAIN INFO
INFO 2021-06-27 07:08:11,397 - {
    "DOMAIN": "www.12golf.com", 
    "EXPIRATION": "2021-07-15 08:50:36", 
    "DAYS": "18 days, 1:42:25"
}
DEBUG 2021-06-27 07:53:05,017 - ####################################################################################################
DEBUG 2021-06-27 07:53:05,024 - DOMAIN INFO
INFO 2021-06-27 07:53:05,024 - {
    "DOMAIN": "hujidi.com", 
    "EXPIRATION": "2021-07-06 10:49:33", 
    "DAYS": "9 days, 2:56:28"
}
DEBUG 2021-06-27 07:54:25,068 - ####################################################################################################
DEBUG 2021-06-27 07:54:25,074 - DOMAIN INFO
INFO 2021-06-27 07:54:25,074 - {
    "DOMAIN": "bao5566.com", 
    "EXPIRATION": "2021-07-13 20:00:00", 
    "DAYS": "16 days, 12:05:35"
}
DEBUG 2021-06-27 07:54:26,779 - ####################################################################################################
DEBUG 2021-06-27 07:54:26,785 - DOMAIN INFO
INFO 2021-06-27 07:54:26,785 - {
    "DOMAIN": "www.bao5566.com", 
    "EXPIRATION": "2021-07-13 20:00:00", 
    "DAYS": "16 days, 12:05:34"
}
DEBUG 2021-06-27 08:02:46,312 - ####################################################################################################
DEBUG 2021-06-27 08:02:46,318 - DOMAIN INFO
INFO 2021-06-27 08:02:46,318 - {
    "DOMAIN": "wpc89.com", 
    "EXPIRATION": "2021-07-14 08:28:41", 
    "DAYS": "17 days, 0:25:55"
}
DEBUG 2021-06-27 08:02:46,837 - ####################################################################################################
DEBUG 2021-06-27 08:02:46,842 - DOMAIN INFO
INFO 2021-06-27 08:02:46,842 - {
    "DOMAIN": "www.wpc89.com", 
    "EXPIRATION": "2021-07-14 08:28:41", 
    "DAYS": "17 days, 0:25:55"
}
DEBUG 2021-06-27 08:08:09,868 - ####################################################################################################
DEBUG 2021-06-27 08:08:09,873 - DOMAIN INFO
INFO 2021-06-27 08:08:09,874 - {
    "DOMAIN": "12golf.com", 
    "EXPIRATION": "2021-07-15 08:50:36", 
    "DAYS": "18 days, 0:42:27"
}
DEBUG 2021-06-27 08:08:10,721 - ####################################################################################################
DEBUG 2021-06-27 08:08:10,727 - DOMAIN INFO
INFO 2021-06-27 08:08:10,727 - {
    "DOMAIN": "www.12golf.com", 
    "EXPIRATION": "2021-07-15 08:50:36", 
    "DAYS": "18 days, 0:42:26"
}
DEBUG 2021-06-27 08:53:09,328 - ####################################################################################################
DEBUG 2021-06-27 08:53:09,334 - DOMAIN INFO
INFO 2021-06-27 08:53:09,335 - {
    "DOMAIN": "hujidi.com", 
    "EXPIRATION": "2021-07-06 10:49:33", 
    "DAYS": "9 days, 1:56:24"
}
DEBUG 2021-06-27 08:54:26,056 - ####################################################################################################
DEBUG 2021-06-27 08:54:26,065 - DOMAIN INFO
INFO 2021-06-27 08:54:26,065 - {
    "DOMAIN": "bao5566.com", 
    "EXPIRATION": "2021-07-13 20:00:00", 
    "DAYS": "16 days, 11:05:34"
}
DEBUG 2021-06-27 08:54:26,184 - ####################################################################################################
DEBUG 2021-06-27 08:54:26,191 - DOMAIN INFO
INFO 2021-06-27 08:54:26,191 - {
    "DOMAIN": "www.bao5566.com", 
    "EXPIRATION": "2021-07-13 20:00:00", 
    "DAYS": "16 days, 11:05:34"
}
DEBUG 2021-06-27 09:02:42,110 - ####################################################################################################
DEBUG 2021-06-27 09:02:42,116 - DOMAIN INFO
INFO 2021-06-27 09:02:42,117 - {
    "DOMAIN": "wpc89.com", 
    "EXPIRATION": "2021-07-14 08:28:41", 
    "DAYS": "16 days, 23:25:59"
}
DEBUG 2021-06-27 09:02:43,231 - ####################################################################################################
DEBUG 2021-06-27 09:02:43,237 - DOMAIN INFO
INFO 2021-06-27 09:02:43,237 - {
    "DOMAIN": "www.wpc89.com", 
    "EXPIRATION": "2021-07-14 08:28:41", 
    "DAYS": "16 days, 23:25:58"
}
DEBUG 2021-06-27 09:08:10,123 - ####################################################################################################
DEBUG 2021-06-27 09:08:10,128 - DOMAIN INFO
INFO 2021-06-27 09:08:10,129 - {
    "DOMAIN": "12golf.com", 
    "EXPIRATION": "2021-07-15 08:50:36", 
    "DAYS": "17 days, 23:42:26"
}
DEBUG 2021-06-27 09:08:11,607 - ####################################################################################################
DEBUG 2021-06-27 09:08:11,613 - DOMAIN INFO
INFO 2021-06-27 09:08:11,613 - {
    "DOMAIN": "www.12golf.com", 
    "EXPIRATION": "2021-07-15 08:50:36", 
    "DAYS": "17 days, 23:42:25"
}
DEBUG 2021-06-27 09:53:09,603 - ####################################################################################################
DEBUG 2021-06-27 09:53:09,609 - DOMAIN INFO
INFO 2021-06-27 09:53:09,610 - {
    "DOMAIN": "hujidi.com", 
    "EXPIRATION": "2021-07-06 10:49:33", 
    "DAYS": "9 days, 0:56:24"
}
DEBUG 2021-06-27 09:54:26,826 - ####################################################################################################
DEBUG 2021-06-27 09:54:26,832 - DOMAIN INFO
INFO 2021-06-27 09:54:26,833 - {
    "DOMAIN": "bao5566.com", 
    "EXPIRATION": "2021-07-13 20:00:00", 
    "DAYS": "16 days, 10:05:34"
}
DEBUG 2021-06-27 09:54:28,235 - ####################################################################################################
DEBUG 2021-06-27 09:54:28,240 - DOMAIN INFO
INFO 2021-06-27 09:54:28,241 - {
    "DOMAIN": "www.bao5566.com", 
    "EXPIRATION": "2021-07-13 20:00:00", 
    "DAYS": "16 days, 10:05:32"
}
DEBUG 2021-06-27 10:02:47,139 - ####################################################################################################
DEBUG 2021-06-27 10:02:47,145 - DOMAIN INFO
INFO 2021-06-27 10:02:47,145 - {
    "DOMAIN": "wpc89.com", 
    "EXPIRATION": "2021-07-14 08:28:41", 
    "DAYS": "16 days, 22:25:54"
}
DEBUG 2021-06-27 10:02:48,350 - ####################################################################################################
DEBUG 2021-06-27 10:02:48,356 - DOMAIN INFO
INFO 2021-06-27 10:02:48,356 - {
    "DOMAIN": "www.wpc89.com", 
    "EXPIRATION": "2021-07-14 08:28:41", 
    "DAYS": "16 days, 22:25:53"
}
DEBUG 2021-06-27 10:08:14,895 - ####################################################################################################
DEBUG 2021-06-27 10:08:14,901 - DOMAIN INFO
INFO 2021-06-27 10:08:14,901 - {
    "DOMAIN": "12golf.com", 
    "EXPIRATION": "2021-07-15 08:50:36", 
    "DAYS": "17 days, 22:42:22"
}
DEBUG 2021-06-27 10:08:16,158 - ####################################################################################################
DEBUG 2021-06-27 10:08:16,163 - DOMAIN INFO
INFO 2021-06-27 10:08:16,163 - {
    "DOMAIN": "www.12golf.com", 
    "EXPIRATION": "2021-07-15 08:50:36", 
    "DAYS": "17 days, 22:42:20"
}
DEBUG 2021-06-27 10:53:08,430 - ####################################################################################################
DEBUG 2021-06-27 10:53:08,436 - DOMAIN INFO
INFO 2021-06-27 10:53:08,437 - {
    "DOMAIN": "hujidi.com", 
    "EXPIRATION": "2021-07-06 10:49:33", 
    "DAYS": "8 days, 23:56:25"
}
DEBUG 2021-06-27 10:54:26,239 - ####################################################################################################
DEBUG 2021-06-27 10:54:26,245 - DOMAIN INFO
INFO 2021-06-27 10:54:26,245 - {
    "DOMAIN": "bao5566.com", 
    "EXPIRATION": "2021-07-13 20:00:00", 
    "DAYS": "16 days, 9:05:34"
}
DEBUG 2021-06-27 10:54:26,806 - ####################################################################################################
DEBUG 2021-06-27 10:54:26,812 - DOMAIN INFO
INFO 2021-06-27 10:54:26,813 - {
    "DOMAIN": "www.bao5566.com", 
    "EXPIRATION": "2021-07-13 20:00:00", 
    "DAYS": "16 days, 9:05:34"
}
DEBUG 2021-06-27 11:02:52,218 - ####################################################################################################
DEBUG 2021-06-27 11:02:52,224 - DOMAIN INFO
INFO 2021-06-27 11:02:52,225 - {
    "DOMAIN": "wpc89.com", 
    "EXPIRATION": "2021-07-14 08:28:41", 
    "DAYS": "16 days, 21:25:49"
}
DEBUG 2021-06-27 11:02:52,947 - ####################################################################################################
DEBUG 2021-06-27 11:02:52,952 - DOMAIN INFO
INFO 2021-06-27 11:02:52,953 - {
    "DOMAIN": "www.wpc89.com", 
    "EXPIRATION": "2021-07-14 08:28:41", 
    "DAYS": "16 days, 21:25:49"
}
DEBUG 2021-06-27 11:08:10,836 - ####################################################################################################
DEBUG 2021-06-27 11:08:10,842 - DOMAIN INFO
INFO 2021-06-27 11:08:10,842 - {
    "DOMAIN": "12golf.com", 
    "EXPIRATION": "2021-07-15 08:50:36", 
    "DAYS": "17 days, 21:42:26"
}
DEBUG 2021-06-27 11:08:11,439 - ####################################################################################################
DEBUG 2021-06-27 11:08:11,445 - DOMAIN INFO
INFO 2021-06-27 11:08:11,446 - {
    "DOMAIN": "www.12golf.com", 
    "EXPIRATION": "2021-07-15 08:50:36", 
    "DAYS": "17 days, 21:42:25"
}
DEBUG 2021-06-27 11:53:08,635 - ####################################################################################################
DEBUG 2021-06-27 11:53:08,642 - DOMAIN INFO
INFO 2021-06-27 11:53:08,642 - {
    "DOMAIN": "hujidi.com", 
    "EXPIRATION": "2021-07-06 10:49:33", 
    "DAYS": "8 days, 22:56:25"
}
DEBUG 2021-06-27 11:54:28,139 - ####################################################################################################
DEBUG 2021-06-27 11:54:28,144 - DOMAIN INFO
INFO 2021-06-27 11:54:28,144 - {
    "DOMAIN": "bao5566.com", 
    "EXPIRATION": "2021-07-13 20:00:00", 
    "DAYS": "16 days, 8:05:32"
}
DEBUG 2021-06-27 11:54:28,726 - ####################################################################################################
DEBUG 2021-06-27 11:54:28,734 - DOMAIN INFO
INFO 2021-06-27 11:54:28,734 - {
    "DOMAIN": "www.bao5566.com", 
    "EXPIRATION": "2021-07-13 20:00:00", 
    "DAYS": "16 days, 8:05:32"
}
DEBUG 2021-06-27 12:02:43,100 - ####################################################################################################
DEBUG 2021-06-27 12:02:43,105 - DOMAIN INFO
INFO 2021-06-27 12:02:43,105 - {
    "DOMAIN": "wpc89.com", 
    "EXPIRATION": "2021-07-14 08:28:41", 
    "DAYS": "16 days, 20:25:58"
}
DEBUG 2021-06-27 12:02:43,647 - ####################################################################################################
DEBUG 2021-06-27 12:02:43,653 - DOMAIN INFO
INFO 2021-06-27 12:02:43,654 - {
    "DOMAIN": "www.wpc89.com", 
    "EXPIRATION": "2021-07-14 08:28:41", 
    "DAYS": "16 days, 20:25:58"
}
DEBUG 2021-06-27 12:08:11,709 - ####################################################################################################
DEBUG 2021-06-27 12:08:11,714 - DOMAIN INFO
INFO 2021-06-27 12:08:11,714 - {
    "DOMAIN": "12golf.com", 
    "EXPIRATION": "2021-07-15 08:50:36", 
    "DAYS": "17 days, 20:42:25"
}
DEBUG 2021-06-27 12:08:12,010 - ####################################################################################################
DEBUG 2021-06-27 12:08:12,015 - DOMAIN INFO
INFO 2021-06-27 12:08:12,015 - {
    "DOMAIN": "www.12golf.com", 
    "EXPIRATION": "2021-07-15 08:50:36", 
    "DAYS": "17 days, 20:42:24"
}
DEBUG 2021-06-27 12:53:07,745 - ####################################################################################################
DEBUG 2021-06-27 12:53:07,750 - DOMAIN INFO
INFO 2021-06-27 12:53:07,750 - {
    "DOMAIN": "hujidi.com", 
    "EXPIRATION": "2021-07-06 10:49:33", 
    "DAYS": "8 days, 21:56:26"
}
DEBUG 2021-06-27 12:54:28,495 - ####################################################################################################
DEBUG 2021-06-27 12:54:28,500 - DOMAIN INFO
INFO 2021-06-27 12:54:28,501 - {
    "DOMAIN": "bao5566.com", 
    "EXPIRATION": "2021-07-13 20:00:00", 
    "DAYS": "16 days, 7:05:32"
}
DEBUG 2021-06-27 12:54:29,403 - ####################################################################################################
DEBUG 2021-06-27 12:54:29,410 - DOMAIN INFO
INFO 2021-06-27 12:54:29,410 - {
    "DOMAIN": "www.bao5566.com", 
    "EXPIRATION": "2021-07-13 20:00:00", 
    "DAYS": "16 days, 7:05:31"
}
DEBUG 2021-06-27 13:02:46,454 - ####################################################################################################
DEBUG 2021-06-27 13:02:46,459 - DOMAIN INFO
INFO 2021-06-27 13:02:46,459 - {
    "DOMAIN": "wpc89.com", 
    "EXPIRATION": "2021-07-14 08:28:41", 
    "DAYS": "16 days, 19:25:55"
}
DEBUG 2021-06-27 13:02:46,481 - ####################################################################################################
DEBUG 2021-06-27 13:02:46,486 - DOMAIN INFO
INFO 2021-06-27 13:02:46,487 - {
    "DOMAIN": "www.wpc89.com", 
    "EXPIRATION": "2021-07-14 08:28:41", 
    "DAYS": "16 days, 19:25:55"
}
DEBUG 2021-06-27 13:08:10,437 - ####################################################################################################
DEBUG 2021-06-27 13:08:10,442 - DOMAIN INFO
INFO 2021-06-27 13:08:10,442 - {
    "DOMAIN": "12golf.com", 
    "EXPIRATION": "2021-07-15 08:50:36", 
    "DAYS": "17 days, 19:42:26"
}
DEBUG 2021-06-27 13:08:11,581 - ####################################################################################################
DEBUG 2021-06-27 13:08:11,587 - DOMAIN INFO
INFO 2021-06-27 13:08:11,587 - {
    "DOMAIN": "www.12golf.com", 
    "EXPIRATION": "2021-07-15 08:50:36", 
    "DAYS": "17 days, 19:42:25"
}
DEBUG 2021-06-27 13:53:07,470 - ####################################################################################################
DEBUG 2021-06-27 13:53:07,476 - DOMAIN INFO
INFO 2021-06-27 13:53:07,476 - {
    "DOMAIN": "hujidi.com", 
    "EXPIRATION": "2021-07-06 10:49:33", 
    "DAYS": "8 days, 20:56:26"
}
DEBUG 2021-06-27 13:54:28,194 - ####################################################################################################
DEBUG 2021-06-27 13:54:28,200 - DOMAIN INFO
INFO 2021-06-27 13:54:28,200 - {
    "DOMAIN": "www.bao5566.com", 
    "EXPIRATION": "2021-07-13 20:00:00", 
    "DAYS": "16 days, 6:05:32"
}
DEBUG 2021-06-27 13:54:28,889 - ####################################################################################################
DEBUG 2021-06-27 13:54:28,896 - DOMAIN INFO
INFO 2021-06-27 13:54:28,897 - {
    "DOMAIN": "bao5566.com", 
    "EXPIRATION": "2021-07-13 20:00:00", 
    "DAYS": "16 days, 6:05:32"
}
DEBUG 2021-06-27 14:02:49,110 - ####################################################################################################
DEBUG 2021-06-27 14:02:49,111 - ####################################################################################################
DEBUG 2021-06-27 14:02:49,116 - DOMAIN INFO
INFO 2021-06-27 14:02:49,117 - {
    "DOMAIN": "www.wpc89.com", 
    "EXPIRATION": "2021-07-14 08:28:41", 
    "DAYS": "16 days, 18:25:52"
}
DEBUG 2021-06-27 14:02:49,119 - DOMAIN INFO
INFO 2021-06-27 14:02:49,119 - {
    "DOMAIN": "wpc89.com", 
    "EXPIRATION": "2021-07-14 08:28:41", 
    "DAYS": "16 days, 18:25:52"
}
DEBUG 2021-06-27 14:08:11,694 - ####################################################################################################
DEBUG 2021-06-27 14:08:11,700 - DOMAIN INFO
INFO 2021-06-27 14:08:11,700 - {
    "DOMAIN": "12golf.com", 
    "EXPIRATION": "2021-07-15 08:50:36", 
    "DAYS": "17 days, 18:42:25"
}
DEBUG 2021-06-27 14:08:13,078 - ####################################################################################################
DEBUG 2021-06-27 14:08:13,084 - DOMAIN INFO
INFO 2021-06-27 14:08:13,085 - {
    "DOMAIN": "www.12golf.com", 
    "EXPIRATION": "2021-07-15 08:50:36", 
    "DAYS": "17 days, 18:42:23"
}
DEBUG 2021-06-27 14:53:08,788 - ####################################################################################################
DEBUG 2021-06-27 14:53:08,793 - DOMAIN INFO
INFO 2021-06-27 14:53:08,793 - {
    "DOMAIN": "hujidi.com", 
    "EXPIRATION": "2021-07-06 10:49:33", 
    "DAYS": "8 days, 19:56:25"
}
DEBUG 2021-06-27 14:54:30,171 - ####################################################################################################
DEBUG 2021-06-27 14:54:30,177 - DOMAIN INFO
INFO 2021-06-27 14:54:30,177 - {
    "DOMAIN": "bao5566.com", 
    "EXPIRATION": "2021-07-13 20:00:00", 
    "DAYS": "16 days, 5:05:30"
}
DEBUG 2021-06-27 14:54:30,793 - ####################################################################################################
DEBUG 2021-06-27 14:54:30,800 - DOMAIN INFO
INFO 2021-06-27 14:54:30,800 - {
    "DOMAIN": "www.bao5566.com", 
    "EXPIRATION": "2021-07-13 20:00:00", 
    "DAYS": "16 days, 5:05:30"
}
DEBUG 2021-06-27 15:02:49,331 - ####################################################################################################
DEBUG 2021-06-27 15:02:49,336 - DOMAIN INFO
INFO 2021-06-27 15:02:49,336 - {
    "DOMAIN": "wpc89.com", 
    "EXPIRATION": "2021-07-14 08:28:41", 
    "DAYS": "16 days, 17:25:52"
}
DEBUG 2021-06-27 15:02:50,763 - ####################################################################################################
DEBUG 2021-06-27 15:02:50,769 - DOMAIN INFO
INFO 2021-06-27 15:02:50,769 - {
    "DOMAIN": "www.wpc89.com", 
    "EXPIRATION": "2021-07-14 08:28:41", 
    "DAYS": "16 days, 17:25:51"
}
DEBUG 2021-06-27 15:08:09,358 - ####################################################################################################
DEBUG 2021-06-27 15:08:09,365 - DOMAIN INFO
INFO 2021-06-27 15:08:09,365 - {
    "DOMAIN": "12golf.com", 
    "EXPIRATION": "2021-07-15 08:50:36", 
    "DAYS": "17 days, 17:42:27"
}
DEBUG 2021-06-27 15:08:11,884 - ####################################################################################################
DEBUG 2021-06-27 15:08:11,889 - DOMAIN INFO
INFO 2021-06-27 15:08:11,890 - {
    "DOMAIN": "www.12golf.com", 
    "EXPIRATION": "2021-07-15 08:50:36", 
    "DAYS": "17 days, 17:42:25"
}
DEBUG 2021-06-27 15:53:05,446 - ####################################################################################################
DEBUG 2021-06-27 15:53:05,452 - DOMAIN INFO
INFO 2021-06-27 15:53:05,452 - {
    "DOMAIN": "hujidi.com", 
    "EXPIRATION": "2021-07-06 10:49:33", 
    "DAYS": "8 days, 18:56:28"
}
DEBUG 2021-06-27 15:54:28,398 - ####################################################################################################
DEBUG 2021-06-27 15:54:28,404 - DOMAIN INFO
INFO 2021-06-27 15:54:28,404 - {
    "DOMAIN": "bao5566.com", 
    "EXPIRATION": "2021-07-13 20:00:00", 
    "DAYS": "16 days, 4:05:32"
}
DEBUG 2021-06-27 15:54:28,450 - ####################################################################################################
DEBUG 2021-06-27 15:54:28,456 - DOMAIN INFO
INFO 2021-06-27 15:54:28,456 - {
    "DOMAIN": "www.bao5566.com", 
    "EXPIRATION": "2021-07-13 20:00:00", 
    "DAYS": "16 days, 4:05:32"
}
DEBUG 2021-06-27 16:02:47,578 - ####################################################################################################
DEBUG 2021-06-27 16:02:47,583 - DOMAIN INFO
INFO 2021-06-27 16:02:47,583 - {
    "DOMAIN": "wpc89.com", 
    "EXPIRATION": "2021-07-14 08:28:41", 
    "DAYS": "16 days, 16:25:54"
}
DEBUG 2021-06-27 16:02:48,202 - ####################################################################################################
DEBUG 2021-06-27 16:02:48,207 - DOMAIN INFO
INFO 2021-06-27 16:02:48,207 - {
    "DOMAIN": "www.wpc89.com", 
    "EXPIRATION": "2021-07-14 08:28:41", 
    "DAYS": "16 days, 16:25:53"
}
DEBUG 2021-06-27 16:08:07,008 - ####################################################################################################
DEBUG 2021-06-27 16:08:07,014 - DOMAIN INFO
INFO 2021-06-27 16:08:07,014 - {
    "DOMAIN": "12golf.com", 
    "EXPIRATION": "2021-07-15 08:50:36", 
    "DAYS": "17 days, 16:42:30"
}
DEBUG 2021-06-27 16:08:07,231 - ####################################################################################################
DEBUG 2021-06-27 16:08:07,236 - DOMAIN INFO
INFO 2021-06-27 16:08:07,236 - {
    "DOMAIN": "www.12golf.com", 
    "EXPIRATION": "2021-07-15 08:50:36", 
    "DAYS": "17 days, 16:42:29"
}
DEBUG 2021-06-27 16:53:07,664 - ####################################################################################################
DEBUG 2021-06-27 16:53:07,670 - DOMAIN INFO
INFO 2021-06-27 16:53:07,670 - {
    "DOMAIN": "hujidi.com", 
    "EXPIRATION": "2021-07-06 10:49:33", 
    "DAYS": "8 days, 17:56:26"
}
DEBUG 2021-06-27 16:54:28,863 - ####################################################################################################
DEBUG 2021-06-27 16:54:28,863 - ####################################################################################################
DEBUG 2021-06-27 16:54:28,869 - DOMAIN INFO
INFO 2021-06-27 16:54:28,869 - {
    "DOMAIN": "bao5566.com", 
    "EXPIRATION": "2021-07-13 20:00:00", 
    "DAYS": "16 days, 3:05:32"
}
DEBUG 2021-06-27 16:54:28,869 - DOMAIN INFO
INFO 2021-06-27 16:54:28,870 - {
    "DOMAIN": "www.bao5566.com", 
    "EXPIRATION": "2021-07-13 20:00:00", 
    "DAYS": "16 days, 3:05:32"
}
DEBUG 2021-06-27 17:02:49,648 - ####################################################################################################
DEBUG 2021-06-27 17:02:49,655 - DOMAIN INFO
INFO 2021-06-27 17:02:49,655 - {
    "DOMAIN": "wpc89.com", 
    "EXPIRATION": "2021-07-14 08:28:41", 
    "DAYS": "16 days, 15:25:52"
}
DEBUG 2021-06-27 17:02:51,664 - ####################################################################################################
DEBUG 2021-06-27 17:02:51,669 - DOMAIN INFO
INFO 2021-06-27 17:02:51,670 - {
    "DOMAIN": "www.wpc89.com", 
    "EXPIRATION": "2021-07-14 08:28:41", 
    "DAYS": "16 days, 15:25:50"
}
DEBUG 2021-06-27 17:08:10,536 - ####################################################################################################
DEBUG 2021-06-27 17:08:10,542 - DOMAIN INFO
INFO 2021-06-27 17:08:10,542 - {
    "DOMAIN": "12golf.com", 
    "EXPIRATION": "2021-07-15 08:50:36", 
    "DAYS": "17 days, 15:42:26"
}
DEBUG 2021-06-27 17:08:11,222 - ####################################################################################################
DEBUG 2021-06-27 17:08:11,227 - DOMAIN INFO
INFO 2021-06-27 17:08:11,227 - {
    "DOMAIN": "www.12golf.com", 
    "EXPIRATION": "2021-07-15 08:50:36", 
    "DAYS": "17 days, 15:42:25"
}
DEBUG 2021-06-27 17:53:08,718 - ####################################################################################################
DEBUG 2021-06-27 17:53:08,725 - DOMAIN INFO
INFO 2021-06-27 17:53:08,725 - {
    "DOMAIN": "hujidi.com", 
    "EXPIRATION": "2021-07-06 10:49:33", 
    "DAYS": "8 days, 16:56:25"
}
DEBUG 2021-06-27 17:54:28,701 - ####################################################################################################
DEBUG 2021-06-27 17:54:28,708 - DOMAIN INFO
INFO 2021-06-27 17:54:28,708 - {
    "DOMAIN": "bao5566.com", 
    "EXPIRATION": "2021-07-13 20:00:00", 
    "DAYS": "16 days, 2:05:32"
}
DEBUG 2021-06-27 17:54:30,055 - ####################################################################################################
DEBUG 2021-06-27 17:54:30,061 - DOMAIN INFO
INFO 2021-06-27 17:54:30,062 - {
    "DOMAIN": "www.bao5566.com", 
    "EXPIRATION": "2021-07-13 20:00:00", 
    "DAYS": "16 days, 2:05:30"
}
DEBUG 2021-06-27 18:02:45,732 - ####################################################################################################
DEBUG 2021-06-27 18:02:45,739 - DOMAIN INFO
INFO 2021-06-27 18:02:45,739 - {
    "DOMAIN": "wpc89.com", 
    "EXPIRATION": "2021-07-14 08:28:41", 
    "DAYS": "16 days, 14:25:56"
}
DEBUG 2021-06-27 18:02:46,097 - ####################################################################################################
DEBUG 2021-06-27 18:02:46,103 - DOMAIN INFO
INFO 2021-06-27 18:02:46,104 - {
    "DOMAIN": "www.wpc89.com", 
    "EXPIRATION": "2021-07-14 08:28:41", 
    "DAYS": "16 days, 14:25:55"
}
DEBUG 2021-06-27 18:08:12,210 - ####################################################################################################
DEBUG 2021-06-27 18:08:12,215 - DOMAIN INFO
INFO 2021-06-27 18:08:12,215 - {
    "DOMAIN": "12golf.com", 
    "EXPIRATION": "2021-07-15 08:50:36", 
    "DAYS": "17 days, 14:42:24"
}
DEBUG 2021-06-27 18:08:13,094 - ####################################################################################################
DEBUG 2021-06-27 18:08:13,100 - DOMAIN INFO
INFO 2021-06-27 18:08:13,100 - {
    "DOMAIN": "www.12golf.com", 
    "EXPIRATION": "2021-07-15 08:50:36", 
    "DAYS": "17 days, 14:42:23"
}
DEBUG 2021-06-27 18:53:06,081 - ####################################################################################################
DEBUG 2021-06-27 18:53:06,088 - DOMAIN INFO
INFO 2021-06-27 18:53:06,088 - {
    "DOMAIN": "hujidi.com", 
    "EXPIRATION": "2021-07-06 10:49:33", 
    "DAYS": "8 days, 15:56:27"
}
DEBUG 2021-06-27 18:54:25,647 - ####################################################################################################
DEBUG 2021-06-27 18:54:25,653 - DOMAIN INFO
INFO 2021-06-27 18:54:25,653 - {
    "DOMAIN": "bao5566.com", 
    "EXPIRATION": "2021-07-13 20:00:00", 
    "DAYS": "16 days, 1:05:35"
}
DEBUG 2021-06-27 18:54:26,315 - ####################################################################################################
DEBUG 2021-06-27 18:54:26,322 - DOMAIN INFO
INFO 2021-06-27 18:54:26,322 - {
    "DOMAIN": "www.bao5566.com", 
    "EXPIRATION": "2021-07-13 20:00:00", 
    "DAYS": "16 days, 1:05:34"
}
DEBUG 2021-06-27 19:02:49,668 - ####################################################################################################
DEBUG 2021-06-27 19:02:49,674 - DOMAIN INFO
INFO 2021-06-27 19:02:49,674 - {
    "DOMAIN": "wpc89.com", 
    "EXPIRATION": "2021-07-14 08:28:41", 
    "DAYS": "16 days, 13:25:52"
}
DEBUG 2021-06-27 19:02:50,971 - ####################################################################################################
DEBUG 2021-06-27 19:02:50,978 - DOMAIN INFO
INFO 2021-06-27 19:02:50,978 - {
    "DOMAIN": "www.wpc89.com", 
    "EXPIRATION": "2021-07-14 08:28:41", 
    "DAYS": "16 days, 13:25:51"
}
DEBUG 2021-06-27 19:08:13,699 - ####################################################################################################
DEBUG 2021-06-27 19:08:13,704 - DOMAIN INFO
INFO 2021-06-27 19:08:13,704 - {
    "DOMAIN": "12golf.com", 
    "EXPIRATION": "2021-07-15 08:50:36", 
    "DAYS": "17 days, 13:42:23"
}
DEBUG 2021-06-27 19:08:14,202 - ####################################################################################################
DEBUG 2021-06-27 19:08:14,208 - DOMAIN INFO
INFO 2021-06-27 19:08:14,208 - {
    "DOMAIN": "www.12golf.com", 
    "EXPIRATION": "2021-07-15 08:50:36", 
    "DAYS": "17 days, 13:42:22"
}
DEBUG 2021-06-27 19:53:07,332 - ####################################################################################################
DEBUG 2021-06-27 19:53:07,337 - DOMAIN INFO
INFO 2021-06-27 19:53:07,338 - {
    "DOMAIN": "hujidi.com", 
    "EXPIRATION": "2021-07-06 10:49:33", 
    "DAYS": "8 days, 14:56:26"
}
DEBUG 2021-06-27 19:54:26,684 - ####################################################################################################
DEBUG 2021-06-27 19:54:26,691 - DOMAIN INFO
INFO 2021-06-27 19:54:26,691 - {
    "DOMAIN": "bao5566.com", 
    "EXPIRATION": "2021-07-13 20:00:00", 
    "DAYS": "16 days, 0:05:34"
}
DEBUG 2021-06-27 19:54:27,094 - ####################################################################################################
DEBUG 2021-06-27 19:54:27,100 - DOMAIN INFO
INFO 2021-06-27 19:54:27,100 - {
    "DOMAIN": "www.bao5566.com", 
    "EXPIRATION": "2021-07-13 20:00:00", 
    "DAYS": "16 days, 0:05:33"
}
DEBUG 2021-06-27 20:02:48,985 - ####################################################################################################
DEBUG 2021-06-27 20:02:48,991 - DOMAIN INFO
INFO 2021-06-27 20:02:48,992 - {
    "DOMAIN": "wpc89.com", 
    "EXPIRATION": "2021-07-14 08:28:41", 
    "DAYS": "16 days, 12:25:53"
}
DEBUG 2021-06-27 20:02:50,091 - ####################################################################################################
DEBUG 2021-06-27 20:02:50,098 - DOMAIN INFO
INFO 2021-06-27 20:02:50,098 - {
    "DOMAIN": "www.wpc89.com", 
    "EXPIRATION": "2021-07-14 08:28:41", 
    "DAYS": "16 days, 12:25:51"
}
DEBUG 2021-06-27 20:08:11,679 - ####################################################################################################
DEBUG 2021-06-27 20:08:11,685 - DOMAIN INFO
INFO 2021-06-27 20:08:11,685 - {
    "DOMAIN": "12golf.com", 
    "EXPIRATION": "2021-07-15 08:50:36", 
    "DAYS": "17 days, 12:42:25"
}
DEBUG 2021-06-27 20:08:12,510 - ####################################################################################################
DEBUG 2021-06-27 20:08:12,516 - DOMAIN INFO
INFO 2021-06-27 20:08:12,517 - {
    "DOMAIN": "www.12golf.com", 
    "EXPIRATION": "2021-07-15 08:50:36", 
    "DAYS": "17 days, 12:42:24"
}
DEBUG 2021-06-27 20:53:06,888 - ####################################################################################################
DEBUG 2021-06-27 20:53:06,896 - DOMAIN INFO
INFO 2021-06-27 20:53:06,896 - {
    "DOMAIN": "hujidi.com", 
    "EXPIRATION": "2021-07-06 10:49:33", 
    "DAYS": "8 days, 13:56:27"
}
DEBUG 2021-06-27 20:54:27,577 - ####################################################################################################
DEBUG 2021-06-27 20:54:27,584 - DOMAIN INFO
INFO 2021-06-27 20:54:27,585 - {
    "DOMAIN": "bao5566.com", 
    "EXPIRATION": "2021-07-13 20:00:00", 
    "DAYS": "15 days, 23:05:33"
}
DEBUG 2021-06-27 20:54:29,250 - ####################################################################################################
DEBUG 2021-06-27 20:54:29,256 - DOMAIN INFO
INFO 2021-06-27 20:54:29,257 - {
    "DOMAIN": "www.bao5566.com", 
    "EXPIRATION": "2021-07-13 20:00:00", 
    "DAYS": "15 days, 23:05:31"
}
DEBUG 2021-06-27 21:02:49,834 - ####################################################################################################
DEBUG 2021-06-27 21:02:49,839 - DOMAIN INFO
INFO 2021-06-27 21:02:49,840 - {
    "DOMAIN": "wpc89.com", 
    "EXPIRATION": "2021-07-14 08:28:41", 
    "DAYS": "16 days, 11:25:52"
}
DEBUG 2021-06-27 21:02:51,112 - ####################################################################################################
DEBUG 2021-06-27 21:02:51,117 - DOMAIN INFO
INFO 2021-06-27 21:02:51,118 - {
    "DOMAIN": "www.wpc89.com", 
    "EXPIRATION": "2021-07-14 08:28:41", 
    "DAYS": "16 days, 11:25:50"
}
DEBUG 2021-06-27 21:08:10,180 - ####################################################################################################
DEBUG 2021-06-27 21:08:10,186 - DOMAIN INFO
INFO 2021-06-27 21:08:10,186 - {
    "DOMAIN": "12golf.com", 
    "EXPIRATION": "2021-07-15 08:50:36", 
    "DAYS": "17 days, 11:42:26"
}
DEBUG 2021-06-27 21:08:10,967 - ####################################################################################################
DEBUG 2021-06-27 21:08:10,973 - DOMAIN INFO
INFO 2021-06-27 21:08:10,973 - {
    "DOMAIN": "www.12golf.com", 
    "EXPIRATION": "2021-07-15 08:50:36", 
    "DAYS": "17 days, 11:42:26"
}
DEBUG 2021-06-27 21:53:09,365 - ####################################################################################################
DEBUG 2021-06-27 21:53:09,371 - DOMAIN INFO
INFO 2021-06-27 21:53:09,371 - {
    "DOMAIN": "hujidi.com", 
    "EXPIRATION": "2021-07-06 10:49:33", 
    "DAYS": "8 days, 12:56:24"
}
DEBUG 2021-06-27 21:54:28,387 - ####################################################################################################
DEBUG 2021-06-27 21:54:28,394 - DOMAIN INFO
INFO 2021-06-27 21:54:28,394 - {
    "DOMAIN": "bao5566.com", 
    "EXPIRATION": "2021-07-13 20:00:00", 
    "DAYS": "15 days, 22:05:32"
}
DEBUG 2021-06-27 21:54:29,840 - ####################################################################################################
DEBUG 2021-06-27 21:54:29,847 - DOMAIN INFO
INFO 2021-06-27 21:54:29,847 - {
    "DOMAIN": "www.bao5566.com", 
    "EXPIRATION": "2021-07-13 20:00:00", 
    "DAYS": "15 days, 22:05:31"
}
DEBUG 2021-06-27 22:02:45,356 - ####################################################################################################
DEBUG 2021-06-27 22:02:45,362 - DOMAIN INFO
INFO 2021-06-27 22:02:45,363 - {
    "DOMAIN": "wpc89.com", 
    "EXPIRATION": "2021-07-14 08:28:41", 
    "DAYS": "16 days, 10:25:56"
}
DEBUG 2021-06-27 22:02:46,453 - ####################################################################################################
DEBUG 2021-06-27 22:02:46,459 - DOMAIN INFO
INFO 2021-06-27 22:02:46,459 - {
    "DOMAIN": "www.wpc89.com", 
    "EXPIRATION": "2021-07-14 08:28:41", 
    "DAYS": "16 days, 10:25:55"
}
DEBUG 2021-06-27 22:08:10,633 - ####################################################################################################
DEBUG 2021-06-27 22:08:10,641 - DOMAIN INFO
INFO 2021-06-27 22:08:10,642 - {
    "DOMAIN": "12golf.com", 
    "EXPIRATION": "2021-07-15 08:50:36", 
    "DAYS": "17 days, 10:42:26"
}
DEBUG 2021-06-27 22:08:11,169 - ####################################################################################################
DEBUG 2021-06-27 22:08:11,175 - DOMAIN INFO
INFO 2021-06-27 22:08:11,175 - {
    "DOMAIN": "www.12golf.com", 
    "EXPIRATION": "2021-07-15 08:50:36", 
    "DAYS": "17 days, 10:42:25"
}
DEBUG 2021-06-27 22:53:09,294 - ####################################################################################################
DEBUG 2021-06-27 22:53:09,299 - DOMAIN INFO
INFO 2021-06-27 22:53:09,300 - {
    "DOMAIN": "hujidi.com", 
    "EXPIRATION": "2021-07-06 10:49:33", 
    "DAYS": "8 days, 11:56:24"
}
DEBUG 2021-06-27 22:54:26,673 - ####################################################################################################
DEBUG 2021-06-27 22:54:26,679 - DOMAIN INFO
INFO 2021-06-27 22:54:26,679 - {
    "DOMAIN": "bao5566.com", 
    "EXPIRATION": "2021-07-13 20:00:00", 
    "DAYS": "15 days, 21:05:34"
}
DEBUG 2021-06-27 22:54:28,242 - ####################################################################################################
DEBUG 2021-06-27 22:54:28,248 - DOMAIN INFO
INFO 2021-06-27 22:54:28,248 - {
    "DOMAIN": "www.bao5566.com", 
    "EXPIRATION": "2021-07-13 20:00:00", 
    "DAYS": "15 days, 21:05:32"
}
DEBUG 2021-06-27 23:02:46,806 - ####################################################################################################
DEBUG 2021-06-27 23:02:46,811 - DOMAIN INFO
INFO 2021-06-27 23:02:46,811 - {
    "DOMAIN": "wpc89.com", 
    "EXPIRATION": "2021-07-14 08:28:41", 
    "DAYS": "16 days, 9:25:55"
}
DEBUG 2021-06-27 23:02:47,980 - ####################################################################################################
DEBUG 2021-06-27 23:02:47,986 - DOMAIN INFO
INFO 2021-06-27 23:02:47,987 - {
    "DOMAIN": "www.wpc89.com", 
    "EXPIRATION": "2021-07-14 08:28:41", 
    "DAYS": "16 days, 9:25:54"
}
DEBUG 2021-06-27 23:08:11,908 - ####################################################################################################
DEBUG 2021-06-27 23:08:11,914 - DOMAIN INFO
INFO 2021-06-27 23:08:11,914 - {
    "DOMAIN": "12golf.com", 
    "EXPIRATION": "2021-07-15 08:50:36", 
    "DAYS": "17 days, 9:42:25"
}
DEBUG 2021-06-27 23:08:12,533 - ####################################################################################################
DEBUG 2021-06-27 23:08:12,539 - DOMAIN INFO
INFO 2021-06-27 23:08:12,539 - {
    "DOMAIN": "www.12golf.com", 
    "EXPIRATION": "2021-07-15 08:50:36", 
    "DAYS": "17 days, 9:42:24"
}
DEBUG 2021-06-27 23:53:09,100 - ####################################################################################################
DEBUG 2021-06-27 23:53:09,105 - DOMAIN INFO
INFO 2021-06-27 23:53:09,105 - {
    "DOMAIN": "hujidi.com", 
    "EXPIRATION": "2021-07-06 10:49:33", 
    "DAYS": "8 days, 10:56:24"
}
DEBUG 2021-06-27 23:54:27,301 - ####################################################################################################
DEBUG 2021-06-27 23:54:27,306 - DOMAIN INFO
INFO 2021-06-27 23:54:27,306 - {
    "DOMAIN": "bao5566.com", 
    "EXPIRATION": "2021-07-13 20:00:00", 
    "DAYS": "15 days, 20:05:33"
}
DEBUG 2021-06-27 23:54:28,013 - ####################################################################################################
DEBUG 2021-06-27 23:54:28,019 - DOMAIN INFO
INFO 2021-06-27 23:54:28,019 - {
    "DOMAIN": "www.bao5566.com", 
    "EXPIRATION": "2021-07-13 20:00:00", 
    "DAYS": "15 days, 20:05:32"
}
