DEBUG 2021-06-14 00:06:19,421 - ####################################################################################################
DEBUG 2021-06-14 00:06:19,427 - DOMAIN INFO
INFO 2021-06-14 00:06:19,427 - {
    "DOMAIN": "eu2018.net", 
    "EXPIRATION": "2021-06-22 12:36:31", 
    "DAYS": "8 days, 12:30:12"
}
DEBUG 2021-06-14 00:26:12,240 - ####################################################################################################
DEBUG 2021-06-14 00:26:12,245 - DOMAIN INFO
INFO 2021-06-14 00:26:12,246 - {
    "DOMAIN": "www.asiaroutes.com", 
    "EXPIRATION": "2021-06-23 16:11:35", 
    "DAYS": "9 days, 15:45:23"
}
DEBUG 2021-06-14 00:40:13,676 - ####################################################################################################
DEBUG 2021-06-14 00:40:13,683 - DOMAIN INFO
INFO 2021-06-14 00:40:13,683 - {
    "DOMAIN": "bakh5.xshny.com", 
    "EXPIRATION": "2021-06-24 20:00:00", 
    "DAYS": "10 days, 19:19:47"
}
DEBUG 2021-06-14 01:06:18,604 - ####################################################################################################
DEBUG 2021-06-14 01:06:18,610 - DOMAIN INFO
INFO 2021-06-14 01:06:18,610 - {
    "DOMAIN": "eu2018.net", 
    "EXPIRATION": "2021-06-22 12:36:31", 
    "DAYS": "8 days, 11:30:13"
}
DEBUG 2021-06-14 01:26:09,687 - ####################################################################################################
DEBUG 2021-06-14 01:26:09,692 - DOMAIN INFO
INFO 2021-06-14 01:26:09,693 - {
    "DOMAIN": "www.asiaroutes.com", 
    "EXPIRATION": "2021-06-23 16:11:35", 
    "DAYS": "9 days, 14:45:26"
}
DEBUG 2021-06-14 01:40:10,156 - ####################################################################################################
DEBUG 2021-06-14 01:40:10,161 - DOMAIN INFO
INFO 2021-06-14 01:40:10,161 - {
    "DOMAIN": "bakh5.xshny.com", 
    "EXPIRATION": "2021-06-24 20:00:00", 
    "DAYS": "10 days, 18:19:50"
}
DEBUG 2021-06-14 02:06:15,415 - ####################################################################################################
DEBUG 2021-06-14 02:06:15,420 - DOMAIN INFO
INFO 2021-06-14 02:06:15,421 - {
    "DOMAIN": "eu2018.net", 
    "EXPIRATION": "2021-06-22 12:36:31", 
    "DAYS": "8 days, 10:30:16"
}
DEBUG 2021-06-14 02:26:09,701 - ####################################################################################################
DEBUG 2021-06-14 02:26:09,708 - DOMAIN INFO
INFO 2021-06-14 02:26:09,708 - {
    "DOMAIN": "www.asiaroutes.com", 
    "EXPIRATION": "2021-06-23 16:11:35", 
    "DAYS": "9 days, 13:45:26"
}
DEBUG 2021-06-14 02:40:12,953 - ####################################################################################################
DEBUG 2021-06-14 02:40:12,959 - DOMAIN INFO
INFO 2021-06-14 02:40:12,959 - {
    "DOMAIN": "bakh5.xshny.com", 
    "EXPIRATION": "2021-06-24 20:00:00", 
    "DAYS": "10 days, 17:19:48"
}
DEBUG 2021-06-14 03:06:17,471 - ####################################################################################################
DEBUG 2021-06-14 03:06:17,476 - DOMAIN INFO
INFO 2021-06-14 03:06:17,476 - {
    "DOMAIN": "eu2018.net", 
    "EXPIRATION": "2021-06-22 12:36:31", 
    "DAYS": "8 days, 9:30:14"
}
DEBUG 2021-06-14 03:26:08,366 - ####################################################################################################
DEBUG 2021-06-14 03:26:08,372 - DOMAIN INFO
INFO 2021-06-14 03:26:08,372 - {
    "DOMAIN": "www.asiaroutes.com", 
    "EXPIRATION": "2021-06-23 16:11:35", 
    "DAYS": "9 days, 12:45:27"
}
DEBUG 2021-06-14 03:40:11,995 - ####################################################################################################
DEBUG 2021-06-14 03:40:12,002 - DOMAIN INFO
INFO 2021-06-14 03:40:12,002 - {
    "DOMAIN": "bakh5.xshny.com", 
    "EXPIRATION": "2021-06-24 20:00:00", 
    "DAYS": "10 days, 16:19:49"
}
DEBUG 2021-06-14 04:06:13,816 - ####################################################################################################
DEBUG 2021-06-14 04:06:13,822 - DOMAIN INFO
INFO 2021-06-14 04:06:13,822 - {
    "DOMAIN": "eu2018.net", 
    "EXPIRATION": "2021-06-22 12:36:31", 
    "DAYS": "8 days, 8:30:18"
}
DEBUG 2021-06-14 04:26:07,422 - ####################################################################################################
DEBUG 2021-06-14 04:26:07,428 - DOMAIN INFO
INFO 2021-06-14 04:26:07,428 - {
    "DOMAIN": "www.asiaroutes.com", 
    "EXPIRATION": "2021-06-23 16:11:35", 
    "DAYS": "9 days, 11:45:28"
}
DEBUG 2021-06-14 04:40:09,320 - ####################################################################################################
DEBUG 2021-06-14 04:40:09,325 - DOMAIN INFO
INFO 2021-06-14 04:40:09,326 - {
    "DOMAIN": "bakh5.xshny.com", 
    "EXPIRATION": "2021-06-24 20:00:00", 
    "DAYS": "10 days, 15:19:51"
}
DEBUG 2021-06-14 05:06:13,437 - ####################################################################################################
DEBUG 2021-06-14 05:06:13,443 - DOMAIN INFO
INFO 2021-06-14 05:06:13,444 - {
    "DOMAIN": "eu2018.net", 
    "EXPIRATION": "2021-06-22 12:36:31", 
    "DAYS": "8 days, 7:30:18"
}
DEBUG 2021-06-14 05:26:12,037 - ####################################################################################################
DEBUG 2021-06-14 05:26:12,044 - DOMAIN INFO
INFO 2021-06-14 05:26:12,044 - {
    "DOMAIN": "www.asiaroutes.com", 
    "EXPIRATION": "2021-06-23 16:11:35", 
    "DAYS": "9 days, 10:45:23"
}
DEBUG 2021-06-14 05:35:20,709 - ####################################################################################################
DEBUG 2021-06-14 05:35:20,715 - DOMAIN INFO
INFO 2021-06-14 05:35:20,715 - {
    "DOMAIN": "eu8.us", 
    "EXPIRATION": "2021-08-30 11:01:35", 
    "DAYS": "77 days, 5:26:15"
}
DEBUG 2021-06-14 05:35:22,195 - ####################################################################################################
DEBUG 2021-06-14 05:35:22,200 - DOMAIN INFO
INFO 2021-06-14 05:35:22,201 - {
    "DOMAIN": "jsh6.me", 
    "EXPIRATION": "2021-08-30 07:27:45", 
    "DAYS": "77 days, 1:52:23"
}
DEBUG 2021-06-14 05:35:22,657 - ####################################################################################################
DEBUG 2021-06-14 05:35:22,662 - DOMAIN INFO
INFO 2021-06-14 05:35:22,663 - {
    "DOMAIN": "j50.me", 
    "EXPIRATION": "2021-08-30 07:16:50", 
    "DAYS": "77 days, 1:41:28"
}
DEBUG 2021-06-14 05:35:22,837 - ####################################################################################################
DEBUG 2021-06-14 05:35:22,842 - DOMAIN INFO
INFO 2021-06-14 05:35:22,842 - {
    "DOMAIN": "b5150.com", 
    "EXPIRATION": "2021-08-30 10:29:49", 
    "DAYS": "77 days, 4:54:27"
}
DEBUG 2021-06-14 05:40:09,521 - ####################################################################################################
DEBUG 2021-06-14 05:40:09,527 - DOMAIN INFO
INFO 2021-06-14 05:40:09,527 - {
    "DOMAIN": "bakh5.xshny.com", 
    "EXPIRATION": "2021-06-24 20:00:00", 
    "DAYS": "10 days, 14:19:51"
}
DEBUG 2021-06-14 06:06:13,374 - ####################################################################################################
DEBUG 2021-06-14 06:06:13,380 - DOMAIN INFO
INFO 2021-06-14 06:06:13,380 - {
    "DOMAIN": "eu2018.net", 
    "EXPIRATION": "2021-06-22 12:36:31", 
    "DAYS": "8 days, 6:30:18"
}
DEBUG 2021-06-14 06:26:11,162 - ####################################################################################################
DEBUG 2021-06-14 06:26:11,168 - DOMAIN INFO
INFO 2021-06-14 06:26:11,168 - {
    "DOMAIN": "www.asiaroutes.com", 
    "EXPIRATION": "2021-06-23 16:11:35", 
    "DAYS": "9 days, 9:45:24"
}
DEBUG 2021-06-14 06:36:01,485 - ####################################################################################################
DEBUG 2021-06-14 06:36:01,490 - DOMAIN INFO
INFO 2021-06-14 06:36:01,490 - {
    "DOMAIN": "b2280.com", 
    "EXPIRATION": "2021-08-30 10:45:44", 
    "DAYS": "77 days, 4:09:43"
}
DEBUG 2021-06-14 06:36:02,766 - ####################################################################################################
DEBUG 2021-06-14 06:36:02,772 - DOMAIN INFO
INFO 2021-06-14 06:36:02,772 - {
    "DOMAIN": "xingtou006.com", 
    "EXPIRATION": "2021-08-30 08:06:25", 
    "DAYS": "77 days, 1:30:23"
}
DEBUG 2021-06-14 06:36:03,681 - ####################################################################################################
DEBUG 2021-06-14 06:36:03,686 - DOMAIN INFO
INFO 2021-06-14 06:36:03,686 - {
    "DOMAIN": "eu816.com", 
    "EXPIRATION": "2021-08-31 01:17:27", 
    "DAYS": "77 days, 18:41:24"
}
DEBUG 2021-06-14 06:40:11,839 - ####################################################################################################
DEBUG 2021-06-14 06:40:11,846 - DOMAIN INFO
INFO 2021-06-14 06:40:11,847 - {
    "DOMAIN": "bakh5.xshny.com", 
    "EXPIRATION": "2021-06-24 20:00:00", 
    "DAYS": "10 days, 13:19:49"
}
DEBUG 2021-06-14 07:06:15,674 - ####################################################################################################
DEBUG 2021-06-14 07:06:15,680 - DOMAIN INFO
INFO 2021-06-14 07:06:15,680 - {
    "DOMAIN": "eu2018.net", 
    "EXPIRATION": "2021-06-22 12:36:31", 
    "DAYS": "8 days, 5:30:16"
}
DEBUG 2021-06-14 07:26:11,296 - ####################################################################################################
DEBUG 2021-06-14 07:26:11,302 - DOMAIN INFO
INFO 2021-06-14 07:26:11,302 - {
    "DOMAIN": "www.asiaroutes.com", 
    "EXPIRATION": "2021-06-23 16:11:35", 
    "DAYS": "9 days, 8:45:24"
}
DEBUG 2021-06-14 07:40:08,957 - ####################################################################################################
DEBUG 2021-06-14 07:40:08,964 - DOMAIN INFO
INFO 2021-06-14 07:40:08,965 - {
    "DOMAIN": "bakh5.xshny.com", 
    "EXPIRATION": "2021-06-24 20:00:00", 
    "DAYS": "10 days, 12:19:52"
}
DEBUG 2021-06-14 08:06:14,052 - ####################################################################################################
DEBUG 2021-06-14 08:06:14,058 - DOMAIN INFO
INFO 2021-06-14 08:06:14,058 - {
    "DOMAIN": "eu2018.net", 
    "EXPIRATION": "2021-06-22 12:36:31", 
    "DAYS": "8 days, 4:30:17"
}
DEBUG 2021-06-14 08:26:07,566 - ####################################################################################################
DEBUG 2021-06-14 08:26:07,572 - DOMAIN INFO
INFO 2021-06-14 08:26:07,573 - {
    "DOMAIN": "www.asiaroutes.com", 
    "EXPIRATION": "2021-06-23 16:11:35", 
    "DAYS": "9 days, 7:45:28"
}
DEBUG 2021-06-14 08:40:10,317 - ####################################################################################################
DEBUG 2021-06-14 08:40:10,323 - DOMAIN INFO
INFO 2021-06-14 08:40:10,323 - {
    "DOMAIN": "bakh5.xshny.com", 
    "EXPIRATION": "2021-06-24 20:00:00", 
    "DAYS": "10 days, 11:19:50"
}
DEBUG 2021-06-14 09:06:14,495 - ####################################################################################################
DEBUG 2021-06-14 09:06:14,501 - DOMAIN INFO
INFO 2021-06-14 09:06:14,501 - {
    "DOMAIN": "eu2018.net", 
    "EXPIRATION": "2021-06-22 12:36:31", 
    "DAYS": "8 days, 3:30:17"
}
DEBUG 2021-06-14 09:26:11,707 - ####################################################################################################
DEBUG 2021-06-14 09:26:11,713 - DOMAIN INFO
INFO 2021-06-14 09:26:11,713 - {
    "DOMAIN": "www.asiaroutes.com", 
    "EXPIRATION": "2021-06-23 16:11:35", 
    "DAYS": "9 days, 6:45:24"
}
DEBUG 2021-06-14 09:40:11,766 - ####################################################################################################
DEBUG 2021-06-14 09:40:11,773 - DOMAIN INFO
INFO 2021-06-14 09:40:11,773 - {
    "DOMAIN": "bakh5.xshny.com", 
    "EXPIRATION": "2021-06-24 20:00:00", 
    "DAYS": "10 days, 10:19:49"
}
DEBUG 2021-06-14 10:06:16,531 - ####################################################################################################
DEBUG 2021-06-14 10:06:16,536 - DOMAIN INFO
INFO 2021-06-14 10:06:16,537 - {
    "DOMAIN": "eu2018.net", 
    "EXPIRATION": "2021-06-22 12:36:31", 
    "DAYS": "8 days, 2:30:15"
}
DEBUG 2021-06-14 10:26:11,073 - ####################################################################################################
DEBUG 2021-06-14 10:26:11,078 - DOMAIN INFO
INFO 2021-06-14 10:26:11,079 - {
    "DOMAIN": "www.asiaroutes.com", 
    "EXPIRATION": "2021-06-23 16:11:35", 
    "DAYS": "9 days, 5:45:24"
}
DEBUG 2021-06-14 10:40:11,781 - ####################################################################################################
DEBUG 2021-06-14 10:40:11,788 - DOMAIN INFO
INFO 2021-06-14 10:40:11,788 - {
    "DOMAIN": "bakh5.xshny.com", 
    "EXPIRATION": "2021-06-24 20:00:00", 
    "DAYS": "10 days, 9:19:49"
}
DEBUG 2021-06-14 11:06:17,781 - ####################################################################################################
DEBUG 2021-06-14 11:06:17,788 - DOMAIN INFO
INFO 2021-06-14 11:06:17,788 - {
    "DOMAIN": "eu2018.net", 
    "EXPIRATION": "2021-06-22 12:36:31", 
    "DAYS": "8 days, 1:30:14"
}
DEBUG 2021-06-14 11:26:09,139 - ####################################################################################################
DEBUG 2021-06-14 11:26:09,145 - DOMAIN INFO
INFO 2021-06-14 11:26:09,145 - {
    "DOMAIN": "www.asiaroutes.com", 
    "EXPIRATION": "2021-06-23 16:11:35", 
    "DAYS": "9 days, 4:45:26"
}
DEBUG 2021-06-14 11:40:11,443 - ####################################################################################################
DEBUG 2021-06-14 11:40:11,449 - DOMAIN INFO
INFO 2021-06-14 11:40:11,449 - {
    "DOMAIN": "bakh5.xshny.com", 
    "EXPIRATION": "2021-06-24 20:00:00", 
    "DAYS": "10 days, 8:19:49"
}
DEBUG 2021-06-14 12:06:15,531 - ####################################################################################################
DEBUG 2021-06-14 12:06:15,536 - DOMAIN INFO
INFO 2021-06-14 12:06:15,537 - {
    "DOMAIN": "eu2018.net", 
    "EXPIRATION": "2021-06-22 12:36:31", 
    "DAYS": "8 days, 0:30:16"
}
DEBUG 2021-06-14 12:26:12,085 - ####################################################################################################
DEBUG 2021-06-14 12:26:12,091 - DOMAIN INFO
INFO 2021-06-14 12:26:12,091 - {
    "DOMAIN": "www.asiaroutes.com", 
    "EXPIRATION": "2021-06-23 16:11:35", 
    "DAYS": "9 days, 3:45:23"
}
DEBUG 2021-06-14 12:40:13,216 - ####################################################################################################
DEBUG 2021-06-14 12:40:13,223 - DOMAIN INFO
INFO 2021-06-14 12:40:13,223 - {
    "DOMAIN": "bakh5.xshny.com", 
    "EXPIRATION": "2021-06-24 20:00:00", 
    "DAYS": "10 days, 7:19:47"
}
DEBUG 2021-06-14 13:06:19,561 - ####################################################################################################
DEBUG 2021-06-14 13:06:19,567 - DOMAIN INFO
INFO 2021-06-14 13:06:19,567 - {
    "DOMAIN": "eu2018.net", 
    "EXPIRATION": "2021-06-22 12:36:31", 
    "DAYS": "7 days, 23:30:12"
}
DEBUG 2021-06-14 13:26:09,392 - ####################################################################################################
DEBUG 2021-06-14 13:26:09,398 - DOMAIN INFO
INFO 2021-06-14 13:26:09,398 - {
    "DOMAIN": "www.asiaroutes.com", 
    "EXPIRATION": "2021-06-23 16:11:35", 
    "DAYS": "9 days, 2:45:26"
}
DEBUG 2021-06-14 13:40:17,721 - ####################################################################################################
DEBUG 2021-06-14 13:40:17,726 - DOMAIN INFO
INFO 2021-06-14 13:40:17,726 - {
    "DOMAIN": "bakh5.xshny.com", 
    "EXPIRATION": "2021-06-24 20:00:00", 
    "DAYS": "10 days, 6:19:43"
}
DEBUG 2021-06-14 14:06:17,954 - ####################################################################################################
DEBUG 2021-06-14 14:06:17,960 - DOMAIN ERROR
INFO 2021-06-14 14:06:17,961 - {
    "DOMAIN": "eu2018.net", 
    "DOMAIN_CURL": 7, 
    "ERROR": "[Errno 101] Network is unreachable"
}
DEBUG 2021-06-14 14:26:11,604 - ####################################################################################################
DEBUG 2021-06-14 14:26:11,611 - DOMAIN INFO
INFO 2021-06-14 14:26:11,611 - {
    "DOMAIN": "www.asiaroutes.com", 
    "EXPIRATION": "2021-06-23 16:11:35", 
    "DAYS": "9 days, 1:45:24"
}
DEBUG 2021-06-14 14:40:12,616 - ####################################################################################################
DEBUG 2021-06-14 14:40:12,622 - DOMAIN INFO
INFO 2021-06-14 14:40:12,623 - {
    "DOMAIN": "bakh5.xshny.com", 
    "EXPIRATION": "2021-06-24 20:00:00", 
    "DAYS": "10 days, 5:19:48"
}
DEBUG 2021-06-14 15:06:18,530 - ####################################################################################################
DEBUG 2021-06-14 15:06:18,536 - DOMAIN ERROR
INFO 2021-06-14 15:06:18,536 - {
    "DOMAIN": "eu2018.net", 
    "DOMAIN_CURL": 7, 
    "ERROR": "[Errno 101] Network is unreachable"
}
DEBUG 2021-06-14 15:26:12,527 - ####################################################################################################
DEBUG 2021-06-14 15:26:12,533 - DOMAIN INFO
INFO 2021-06-14 15:26:12,533 - {
    "DOMAIN": "www.asiaroutes.com", 
    "EXPIRATION": "2021-06-23 16:11:35", 
    "DAYS": "9 days, 0:45:23"
}
DEBUG 2021-06-14 15:40:10,999 - ####################################################################################################
DEBUG 2021-06-14 15:40:11,005 - DOMAIN INFO
INFO 2021-06-14 15:40:11,005 - {
    "DOMAIN": "bakh5.xshny.com", 
    "EXPIRATION": "2021-06-24 20:00:00", 
    "DAYS": "10 days, 4:19:50"
}
DEBUG 2021-06-14 16:06:20,872 - ####################################################################################################
DEBUG 2021-06-14 16:06:20,878 - DOMAIN ERROR
INFO 2021-06-14 16:06:20,878 - {
    "DOMAIN": "eu2018.net", 
    "DOMAIN_CURL": 7, 
    "ERROR": "[Errno 101] Network is unreachable"
}
DEBUG 2021-06-14 16:26:10,375 - ####################################################################################################
DEBUG 2021-06-14 16:26:10,381 - DOMAIN INFO
INFO 2021-06-14 16:26:10,381 - {
    "DOMAIN": "www.asiaroutes.com", 
    "EXPIRATION": "2021-06-23 16:11:35", 
    "DAYS": "8 days, 23:45:25"
}
DEBUG 2021-06-14 16:40:12,806 - ####################################################################################################
DEBUG 2021-06-14 16:40:12,812 - DOMAIN INFO
INFO 2021-06-14 16:40:12,812 - {
    "DOMAIN": "bakh5.xshny.com", 
    "EXPIRATION": "2021-06-24 20:00:00", 
    "DAYS": "10 days, 3:19:48"
}
DEBUG 2021-06-14 17:06:15,926 - ####################################################################################################
DEBUG 2021-06-14 17:06:15,931 - DOMAIN INFO
INFO 2021-06-14 17:06:15,932 - {
    "DOMAIN": "eu2018.net", 
    "EXPIRATION": "2021-06-22 12:36:31", 
    "DAYS": "7 days, 19:30:16"
}
DEBUG 2021-06-14 17:26:09,930 - ####################################################################################################
DEBUG 2021-06-14 17:26:09,936 - DOMAIN INFO
INFO 2021-06-14 17:26:09,936 - {
    "DOMAIN": "www.asiaroutes.com", 
    "EXPIRATION": "2021-06-23 16:11:35", 
    "DAYS": "8 days, 22:45:26"
}
DEBUG 2021-06-14 17:40:12,649 - ####################################################################################################
DEBUG 2021-06-14 17:40:12,655 - DOMAIN INFO
INFO 2021-06-14 17:40:12,655 - {
    "DOMAIN": "bakh5.xshny.com", 
    "EXPIRATION": "2021-06-24 20:00:00", 
    "DAYS": "10 days, 2:19:48"
}
DEBUG 2021-06-14 18:06:15,701 - ####################################################################################################
DEBUG 2021-06-14 18:06:15,707 - DOMAIN INFO
INFO 2021-06-14 18:06:15,707 - {
    "DOMAIN": "eu2018.net", 
    "EXPIRATION": "2021-06-22 12:36:31", 
    "DAYS": "7 days, 18:30:16"
}
DEBUG 2021-06-14 18:26:11,230 - ####################################################################################################
DEBUG 2021-06-14 18:26:11,236 - DOMAIN INFO
INFO 2021-06-14 18:26:11,237 - {
    "DOMAIN": "www.asiaroutes.com", 
    "EXPIRATION": "2021-06-23 16:11:35", 
    "DAYS": "8 days, 21:45:24"
}
DEBUG 2021-06-14 18:40:14,604 - ####################################################################################################
DEBUG 2021-06-14 18:40:14,611 - DOMAIN INFO
INFO 2021-06-14 18:40:14,611 - {
    "DOMAIN": "bakh5.xshny.com", 
    "EXPIRATION": "2021-06-24 20:00:00", 
    "DAYS": "10 days, 1:19:46"
}
DEBUG 2021-06-14 19:06:15,065 - ####################################################################################################
DEBUG 2021-06-14 19:06:15,071 - DOMAIN INFO
INFO 2021-06-14 19:06:15,071 - {
    "DOMAIN": "eu2018.net", 
    "EXPIRATION": "2021-06-22 12:36:31", 
    "DAYS": "7 days, 17:30:16"
}
DEBUG 2021-06-14 19:26:11,014 - ####################################################################################################
DEBUG 2021-06-14 19:26:11,020 - DOMAIN INFO
INFO 2021-06-14 19:26:11,020 - {
    "DOMAIN": "www.asiaroutes.com", 
    "EXPIRATION": "2021-06-23 16:11:35", 
    "DAYS": "8 days, 20:45:24"
}
DEBUG 2021-06-14 19:40:15,839 - ####################################################################################################
DEBUG 2021-06-14 19:40:15,845 - DOMAIN INFO
INFO 2021-06-14 19:40:15,845 - {
    "DOMAIN": "bakh5.xshny.com", 
    "EXPIRATION": "2021-06-24 20:00:00", 
    "DAYS": "10 days, 0:19:45"
}
DEBUG 2021-06-14 20:06:15,760 - ####################################################################################################
DEBUG 2021-06-14 20:06:15,766 - DOMAIN INFO
INFO 2021-06-14 20:06:15,766 - {
    "DOMAIN": "eu2018.net", 
    "EXPIRATION": "2021-06-22 12:36:31", 
    "DAYS": "7 days, 16:30:16"
}
DEBUG 2021-06-14 20:26:09,264 - ####################################################################################################
DEBUG 2021-06-14 20:26:09,270 - DOMAIN INFO
INFO 2021-06-14 20:26:09,270 - {
    "DOMAIN": "www.asiaroutes.com", 
    "EXPIRATION": "2021-06-23 16:11:35", 
    "DAYS": "8 days, 19:45:26"
}
DEBUG 2021-06-14 20:40:12,386 - ####################################################################################################
DEBUG 2021-06-14 20:40:12,392 - DOMAIN INFO
INFO 2021-06-14 20:40:12,393 - {
    "DOMAIN": "bakh5.xshny.com", 
    "EXPIRATION": "2021-06-24 20:00:00", 
    "DAYS": "9 days, 23:19:48"
}
DEBUG 2021-06-14 21:06:15,714 - ####################################################################################################
DEBUG 2021-06-14 21:06:15,720 - DOMAIN INFO
INFO 2021-06-14 21:06:15,721 - {
    "DOMAIN": "eu2018.net", 
    "EXPIRATION": "2021-06-22 12:36:31", 
    "DAYS": "7 days, 15:30:16"
}
DEBUG 2021-06-14 21:26:12,358 - ####################################################################################################
DEBUG 2021-06-14 21:26:12,364 - DOMAIN INFO
INFO 2021-06-14 21:26:12,364 - {
    "DOMAIN": "www.asiaroutes.com", 
    "EXPIRATION": "2021-06-23 16:11:35", 
    "DAYS": "8 days, 18:45:23"
}
DEBUG 2021-06-14 21:40:12,110 - ####################################################################################################
DEBUG 2021-06-14 21:40:12,116 - DOMAIN INFO
INFO 2021-06-14 21:40:12,116 - {
    "DOMAIN": "bakh5.xshny.com", 
    "EXPIRATION": "2021-06-24 20:00:00", 
    "DAYS": "9 days, 22:19:48"
}
DEBUG 2021-06-14 22:06:15,300 - ####################################################################################################
DEBUG 2021-06-14 22:06:15,305 - DOMAIN INFO
INFO 2021-06-14 22:06:15,306 - {
    "DOMAIN": "eu2018.net", 
    "EXPIRATION": "2021-06-22 12:36:31", 
    "DAYS": "7 days, 14:30:16"
}
DEBUG 2021-06-14 22:26:10,296 - ####################################################################################################
DEBUG 2021-06-14 22:26:10,301 - DOMAIN INFO
INFO 2021-06-14 22:26:10,301 - {
    "DOMAIN": "www.asiaroutes.com", 
    "EXPIRATION": "2021-06-23 16:11:35", 
    "DAYS": "8 days, 17:45:25"
}
DEBUG 2021-06-14 22:40:13,186 - ####################################################################################################
DEBUG 2021-06-14 22:40:13,192 - DOMAIN INFO
INFO 2021-06-14 22:40:13,193 - {
    "DOMAIN": "bakh5.xshny.com", 
    "EXPIRATION": "2021-06-24 20:00:00", 
    "DAYS": "9 days, 21:19:47"
}
DEBUG 2021-06-14 23:06:15,768 - ####################################################################################################
DEBUG 2021-06-14 23:06:15,774 - DOMAIN INFO
INFO 2021-06-14 23:06:15,774 - {
    "DOMAIN": "eu2018.net", 
    "EXPIRATION": "2021-06-22 12:36:31", 
    "DAYS": "7 days, 13:30:16"
}
DEBUG 2021-06-14 23:26:13,114 - ####################################################################################################
DEBUG 2021-06-14 23:26:13,120 - DOMAIN INFO
INFO 2021-06-14 23:26:13,120 - {
    "DOMAIN": "www.asiaroutes.com", 
    "EXPIRATION": "2021-06-23 16:11:35", 
    "DAYS": "8 days, 16:45:22"
}
DEBUG 2021-06-14 23:40:13,431 - ####################################################################################################
DEBUG 2021-06-14 23:40:13,437 - DOMAIN INFO
INFO 2021-06-14 23:40:13,438 - {
    "DOMAIN": "bakh5.xshny.com", 
    "EXPIRATION": "2021-06-24 20:00:00", 
    "DAYS": "9 days, 20:19:47"
}
