DEBUG 2021-06-29 00:02:49,433 - ####################################################################################################
DEBUG 2021-06-29 00:02:49,438 - DOMAIN INFO
INFO 2021-06-29 00:02:49,439 - {
    "DOMAIN": "wpc89.com", 
    "EXPIRATION": "2021-07-14 08:28:41", 
    "DAYS": "15 days, 8:25:52"
}
DEBUG 2021-06-29 00:02:50,964 - ####################################################################################################
DEBUG 2021-06-29 00:02:50,970 - DOMAIN INFO
INFO 2021-06-29 00:02:50,970 - {
    "DOMAIN": "www.wpc89.com", 
    "EXPIRATION": "2021-07-14 08:28:41", 
    "DAYS": "15 days, 8:25:51"
}
DEBUG 2021-06-29 00:08:09,463 - ####################################################################################################
DEBUG 2021-06-29 00:08:09,469 - DOMAIN INFO
INFO 2021-06-29 00:08:09,469 - {
    "DOMAIN": "12golf.com", 
    "EXPIRATION": "2021-07-15 08:50:36", 
    "DAYS": "16 days, 8:42:27"
}
DEBUG 2021-06-29 00:08:10,657 - ####################################################################################################
DEBUG 2021-06-29 00:08:10,663 - DOMAIN INFO
INFO 2021-06-29 00:08:10,663 - {
    "DOMAIN": "www.12golf.com", 
    "EXPIRATION": "2021-07-15 08:50:36", 
    "DAYS": "16 days, 8:42:26"
}
DEBUG 2021-06-29 00:53:10,312 - ####################################################################################################
DEBUG 2021-06-29 00:53:10,318 - DOMAIN INFO
INFO 2021-06-29 00:53:10,319 - {
    "DOMAIN": "hujidi.com", 
    "EXPIRATION": "2021-07-06 10:49:33", 
    "DAYS": "7 days, 9:56:23"
}
DEBUG 2021-06-29 00:54:29,290 - ####################################################################################################
DEBUG 2021-06-29 00:54:29,295 - DOMAIN INFO
INFO 2021-06-29 00:54:29,295 - {
    "DOMAIN": "bao5566.com", 
    "EXPIRATION": "2021-07-13 20:00:00", 
    "DAYS": "14 days, 19:05:31"
}
DEBUG 2021-06-29 00:54:30,028 - ####################################################################################################
DEBUG 2021-06-29 00:54:30,034 - DOMAIN INFO
INFO 2021-06-29 00:54:30,034 - {
    "DOMAIN": "www.bao5566.com", 
    "EXPIRATION": "2021-07-13 20:00:00", 
    "DAYS": "14 days, 19:05:30"
}
DEBUG 2021-06-29 01:02:47,751 - ####################################################################################################
DEBUG 2021-06-29 01:02:47,757 - DOMAIN INFO
INFO 2021-06-29 01:02:47,758 - {
    "DOMAIN": "wpc89.com", 
    "EXPIRATION": "2021-07-14 08:28:41", 
    "DAYS": "15 days, 7:25:54"
}
DEBUG 2021-06-29 01:02:49,368 - ####################################################################################################
DEBUG 2021-06-29 01:02:49,374 - DOMAIN INFO
INFO 2021-06-29 01:02:49,374 - {
    "DOMAIN": "www.wpc89.com", 
    "EXPIRATION": "2021-07-14 08:28:41", 
    "DAYS": "15 days, 7:25:52"
}
DEBUG 2021-06-29 01:08:14,637 - ####################################################################################################
DEBUG 2021-06-29 01:08:14,643 - DOMAIN INFO
INFO 2021-06-29 01:08:14,643 - {
    "DOMAIN": "12golf.com", 
    "EXPIRATION": "2021-07-15 08:50:36", 
    "DAYS": "16 days, 7:42:22"
}
DEBUG 2021-06-29 01:08:15,372 - ####################################################################################################
DEBUG 2021-06-29 01:08:15,377 - DOMAIN INFO
INFO 2021-06-29 01:08:15,377 - {
    "DOMAIN": "www.12golf.com", 
    "EXPIRATION": "2021-07-15 08:50:36", 
    "DAYS": "16 days, 7:42:21"
}
DEBUG 2021-06-29 01:53:07,620 - ####################################################################################################
DEBUG 2021-06-29 01:53:07,626 - DOMAIN INFO
INFO 2021-06-29 01:53:07,626 - {
    "DOMAIN": "hujidi.com", 
    "EXPIRATION": "2021-07-06 10:49:33", 
    "DAYS": "7 days, 8:56:26"
}
DEBUG 2021-06-29 01:54:29,134 - ####################################################################################################
DEBUG 2021-06-29 01:54:29,141 - DOMAIN INFO
INFO 2021-06-29 01:54:29,141 - {
    "DOMAIN": "bao5566.com", 
    "EXPIRATION": "2021-07-13 20:00:00", 
    "DAYS": "14 days, 18:05:31"
}
DEBUG 2021-06-29 01:54:29,700 - ####################################################################################################
DEBUG 2021-06-29 01:54:29,705 - DOMAIN INFO
INFO 2021-06-29 01:54:29,705 - {
    "DOMAIN": "www.bao5566.com", 
    "EXPIRATION": "2021-07-13 20:00:00", 
    "DAYS": "14 days, 18:05:31"
}
DEBUG 2021-06-29 02:02:42,785 - ####################################################################################################
DEBUG 2021-06-29 02:02:42,791 - DOMAIN INFO
INFO 2021-06-29 02:02:42,791 - {
    "DOMAIN": "wpc89.com", 
    "EXPIRATION": "2021-07-14 08:28:41", 
    "DAYS": "15 days, 6:25:59"
}
DEBUG 2021-06-29 02:02:44,061 - ####################################################################################################
DEBUG 2021-06-29 02:02:44,067 - DOMAIN INFO
INFO 2021-06-29 02:02:44,067 - {
    "DOMAIN": "www.wpc89.com", 
    "EXPIRATION": "2021-07-14 08:28:41", 
    "DAYS": "15 days, 6:25:57"
}
DEBUG 2021-06-29 02:08:10,569 - ####################################################################################################
DEBUG 2021-06-29 02:08:10,575 - DOMAIN INFO
INFO 2021-06-29 02:08:10,575 - {
    "DOMAIN": "12golf.com", 
    "EXPIRATION": "2021-07-15 08:50:36", 
    "DAYS": "16 days, 6:42:26"
}
DEBUG 2021-06-29 02:08:11,267 - ####################################################################################################
DEBUG 2021-06-29 02:08:11,273 - DOMAIN INFO
INFO 2021-06-29 02:08:11,273 - {
    "DOMAIN": "www.12golf.com", 
    "EXPIRATION": "2021-07-15 08:50:36", 
    "DAYS": "16 days, 6:42:25"
}
DEBUG 2021-06-29 02:53:08,960 - ####################################################################################################
DEBUG 2021-06-29 02:53:08,967 - DOMAIN INFO
INFO 2021-06-29 02:53:08,967 - {
    "DOMAIN": "hujidi.com", 
    "EXPIRATION": "2021-07-06 10:49:33", 
    "DAYS": "7 days, 7:56:25"
}
DEBUG 2021-06-29 02:54:26,082 - ####################################################################################################
DEBUG 2021-06-29 02:54:26,088 - DOMAIN INFO
INFO 2021-06-29 02:54:26,088 - {
    "DOMAIN": "bao5566.com", 
    "EXPIRATION": "2021-07-13 20:00:00", 
    "DAYS": "14 days, 17:05:34"
}
DEBUG 2021-06-29 02:54:26,560 - ####################################################################################################
DEBUG 2021-06-29 02:54:26,567 - DOMAIN INFO
INFO 2021-06-29 02:54:26,567 - {
    "DOMAIN": "www.bao5566.com", 
    "EXPIRATION": "2021-07-13 20:00:00", 
    "DAYS": "14 days, 17:05:34"
}
DEBUG 2021-06-29 03:02:48,485 - ####################################################################################################
DEBUG 2021-06-29 03:02:48,489 - DOMAIN INFO
INFO 2021-06-29 03:02:48,490 - {
    "DOMAIN": "wpc89.com", 
    "EXPIRATION": "2021-07-14 08:28:41", 
    "DAYS": "15 days, 5:25:53"
}
DEBUG 2021-06-29 03:02:48,589 - ####################################################################################################
DEBUG 2021-06-29 03:02:48,595 - DOMAIN INFO
INFO 2021-06-29 03:02:48,596 - {
    "DOMAIN": "www.wpc89.com", 
    "EXPIRATION": "2021-07-14 08:28:41", 
    "DAYS": "15 days, 5:25:53"
}
DEBUG 2021-06-29 03:08:13,097 - ####################################################################################################
DEBUG 2021-06-29 03:08:13,103 - DOMAIN INFO
INFO 2021-06-29 03:08:13,103 - {
    "DOMAIN": "12golf.com", 
    "EXPIRATION": "2021-07-15 08:50:36", 
    "DAYS": "16 days, 5:42:23"
}
DEBUG 2021-06-29 03:08:13,911 - ####################################################################################################
DEBUG 2021-06-29 03:08:13,916 - DOMAIN INFO
INFO 2021-06-29 03:08:13,916 - {
    "DOMAIN": "www.12golf.com", 
    "EXPIRATION": "2021-07-15 08:50:36", 
    "DAYS": "16 days, 5:42:23"
}
DEBUG 2021-06-29 03:53:05,738 - ####################################################################################################
DEBUG 2021-06-29 03:53:05,743 - DOMAIN INFO
INFO 2021-06-29 03:53:05,744 - {
    "DOMAIN": "hujidi.com", 
    "EXPIRATION": "2021-07-06 10:49:33", 
    "DAYS": "7 days, 6:56:28"
}
DEBUG 2021-06-29 03:54:25,694 - ####################################################################################################
DEBUG 2021-06-29 03:54:25,699 - DOMAIN INFO
INFO 2021-06-29 03:54:25,699 - {
    "DOMAIN": "bao5566.com", 
    "EXPIRATION": "2021-07-13 20:00:00", 
    "DAYS": "14 days, 16:05:35"
}
DEBUG 2021-06-29 03:54:26,453 - ####################################################################################################
DEBUG 2021-06-29 03:54:26,460 - DOMAIN INFO
INFO 2021-06-29 03:54:26,460 - {
    "DOMAIN": "www.bao5566.com", 
    "EXPIRATION": "2021-07-13 20:00:00", 
    "DAYS": "14 days, 16:05:34"
}
DEBUG 2021-06-29 04:02:47,882 - ####################################################################################################
DEBUG 2021-06-29 04:02:47,888 - DOMAIN INFO
INFO 2021-06-29 04:02:47,889 - {
    "DOMAIN": "wpc89.com", 
    "EXPIRATION": "2021-07-14 08:28:41", 
    "DAYS": "15 days, 4:25:54"
}
DEBUG 2021-06-29 04:02:49,957 - ####################################################################################################
DEBUG 2021-06-29 04:02:49,963 - DOMAIN INFO
INFO 2021-06-29 04:02:49,963 - {
    "DOMAIN": "www.wpc89.com", 
    "EXPIRATION": "2021-07-14 08:28:41", 
    "DAYS": "15 days, 4:25:52"
}
DEBUG 2021-06-29 04:08:08,443 - ####################################################################################################
DEBUG 2021-06-29 04:08:08,449 - DOMAIN INFO
INFO 2021-06-29 04:08:08,449 - {
    "DOMAIN": "12golf.com", 
    "EXPIRATION": "2021-07-15 08:50:36", 
    "DAYS": "16 days, 4:42:28"
}
DEBUG 2021-06-29 04:08:10,217 - ####################################################################################################
DEBUG 2021-06-29 04:08:10,223 - DOMAIN INFO
INFO 2021-06-29 04:08:10,223 - {
    "DOMAIN": "www.12golf.com", 
    "EXPIRATION": "2021-07-15 08:50:36", 
    "DAYS": "16 days, 4:42:26"
}
DEBUG 2021-06-29 04:53:07,129 - ####################################################################################################
DEBUG 2021-06-29 04:53:07,134 - DOMAIN INFO
INFO 2021-06-29 04:53:07,135 - {
    "DOMAIN": "hujidi.com", 
    "EXPIRATION": "2021-07-06 10:49:33", 
    "DAYS": "7 days, 5:56:26"
}
DEBUG 2021-06-29 04:54:28,648 - ####################################################################################################
DEBUG 2021-06-29 04:54:28,654 - DOMAIN INFO
INFO 2021-06-29 04:54:28,654 - {
    "DOMAIN": "bao5566.com", 
    "EXPIRATION": "2021-07-13 20:00:00", 
    "DAYS": "14 days, 15:05:32"
}
DEBUG 2021-06-29 04:54:30,376 - ####################################################################################################
DEBUG 2021-06-29 04:54:30,382 - DOMAIN INFO
INFO 2021-06-29 04:54:30,383 - {
    "DOMAIN": "www.bao5566.com", 
    "EXPIRATION": "2021-07-13 20:00:00", 
    "DAYS": "14 days, 15:05:30"
}
DEBUG 2021-06-29 05:02:43,865 - ####################################################################################################
DEBUG 2021-06-29 05:02:43,872 - DOMAIN INFO
INFO 2021-06-29 05:02:43,872 - {
    "DOMAIN": "wpc89.com", 
    "EXPIRATION": "2021-07-14 08:28:41", 
    "DAYS": "15 days, 3:25:58"
}
DEBUG 2021-06-29 05:02:45,016 - ####################################################################################################
DEBUG 2021-06-29 05:02:45,022 - DOMAIN INFO
INFO 2021-06-29 05:02:45,022 - {
    "DOMAIN": "www.wpc89.com", 
    "EXPIRATION": "2021-07-14 08:28:41", 
    "DAYS": "15 days, 3:25:56"
}
DEBUG 2021-06-29 05:08:09,889 - ####################################################################################################
DEBUG 2021-06-29 05:08:09,895 - DOMAIN INFO
INFO 2021-06-29 05:08:09,895 - {
    "DOMAIN": "12golf.com", 
    "EXPIRATION": "2021-07-15 08:50:36", 
    "DAYS": "16 days, 3:42:27"
}
DEBUG 2021-06-29 05:08:11,642 - ####################################################################################################
DEBUG 2021-06-29 05:08:11,648 - DOMAIN INFO
INFO 2021-06-29 05:08:11,648 - {
    "DOMAIN": "www.12golf.com", 
    "EXPIRATION": "2021-07-15 08:50:36", 
    "DAYS": "16 days, 3:42:25"
}
DEBUG 2021-06-29 05:24:20,017 - ####################################################################################################
DEBUG 2021-06-29 05:24:20,022 - DOMAIN INFO
INFO 2021-06-29 05:24:20,023 - {
    "DOMAIN": "18186000.com", 
    "EXPIRATION": "2021-09-13 23:22:22", 
    "DAYS": "76 days, 17:58:02"
}
DEBUG 2021-06-29 05:24:21,003 - ####################################################################################################
DEBUG 2021-06-29 05:24:21,008 - DOMAIN INFO
INFO 2021-06-29 05:24:21,008 - {
    "DOMAIN": "xdl951.com", 
    "EXPIRATION": "2021-08-30 14:28:47", 
    "DAYS": "62 days, 9:04:27"
}
DEBUG 2021-06-29 05:24:21,724 - ####################################################################################################
DEBUG 2021-06-29 05:24:21,730 - DOMAIN INFO
INFO 2021-06-29 05:24:21,730 - {
    "DOMAIN": "jsh121.com", 
    "EXPIRATION": "2021-08-30 21:37:31", 
    "DAYS": "62 days, 16:13:10"
}
DEBUG 2021-06-29 05:24:22,348 - ####################################################################################################
DEBUG 2021-06-29 05:24:22,354 - DOMAIN INFO
INFO 2021-06-29 05:24:22,355 - {
    "DOMAIN": "jsh182.com", 
    "EXPIRATION": "2021-08-30 21:38:55", 
    "DAYS": "62 days, 16:14:33"
}
DEBUG 2021-06-29 05:24:23,075 - ####################################################################################################
DEBUG 2021-06-29 05:24:23,081 - DOMAIN INFO
INFO 2021-06-29 05:24:23,081 - {
    "DOMAIN": "55822000.com", 
    "EXPIRATION": "2021-08-31 00:59:01", 
    "DAYS": "62 days, 19:34:38"
}
DEBUG 2021-06-29 05:24:23,422 - ####################################################################################################
DEBUG 2021-06-29 05:24:23,428 - DOMAIN INFO
INFO 2021-06-29 05:24:23,428 - {
    "DOMAIN": "www.wukongchat.com", 
    "EXPIRATION": "2021-07-18 17:04:26", 
    "DAYS": "19 days, 11:40:03"
}
DEBUG 2021-06-29 05:53:06,905 - ####################################################################################################
DEBUG 2021-06-29 05:53:06,910 - DOMAIN INFO
INFO 2021-06-29 05:53:06,910 - {
    "DOMAIN": "hujidi.com", 
    "EXPIRATION": "2021-07-06 10:49:33", 
    "DAYS": "7 days, 4:56:27"
}
DEBUG 2021-06-29 05:54:25,222 - ####################################################################################################
DEBUG 2021-06-29 05:54:25,228 - DOMAIN INFO
INFO 2021-06-29 05:54:25,228 - {
    "DOMAIN": "bao5566.com", 
    "EXPIRATION": "2021-07-13 20:00:00", 
    "DAYS": "14 days, 14:05:35"
}
DEBUG 2021-06-29 05:54:25,267 - ####################################################################################################
DEBUG 2021-06-29 05:54:25,273 - DOMAIN INFO
INFO 2021-06-29 05:54:25,273 - {
    "DOMAIN": "www.bao5566.com", 
    "EXPIRATION": "2021-07-13 20:00:00", 
    "DAYS": "14 days, 14:05:35"
}
DEBUG 2021-06-29 06:02:53,793 - ####################################################################################################
DEBUG 2021-06-29 06:02:53,798 - DOMAIN INFO
INFO 2021-06-29 06:02:53,798 - {
    "DOMAIN": "wpc89.com", 
    "EXPIRATION": "2021-07-14 08:28:41", 
    "DAYS": "15 days, 2:25:48"
}
DEBUG 2021-06-29 06:02:54,298 - ####################################################################################################
DEBUG 2021-06-29 06:02:54,303 - DOMAIN INFO
INFO 2021-06-29 06:02:54,304 - {
    "DOMAIN": "www.wpc89.com", 
    "EXPIRATION": "2021-07-14 08:28:41", 
    "DAYS": "15 days, 2:25:47"
}
DEBUG 2021-06-29 06:08:13,071 - ####################################################################################################
DEBUG 2021-06-29 06:08:13,077 - DOMAIN INFO
INFO 2021-06-29 06:08:13,077 - {
    "DOMAIN": "12golf.com", 
    "EXPIRATION": "2021-07-15 08:50:36", 
    "DAYS": "16 days, 2:42:23"
}
DEBUG 2021-06-29 06:08:13,621 - ####################################################################################################
DEBUG 2021-06-29 06:08:13,626 - DOMAIN INFO
INFO 2021-06-29 06:08:13,627 - {
    "DOMAIN": "www.12golf.com", 
    "EXPIRATION": "2021-07-15 08:50:36", 
    "DAYS": "16 days, 2:42:23"
}
DEBUG 2021-06-29 06:24:27,324 - ####################################################################################################
DEBUG 2021-06-29 06:24:27,330 - DOMAIN INFO
INFO 2021-06-29 06:24:27,330 - {
    "DOMAIN": "www.wukongchat.com", 
    "EXPIRATION": "2021-07-18 17:04:26", 
    "DAYS": "19 days, 10:39:59"
}
DEBUG 2021-06-29 06:24:29,830 - ####################################################################################################
DEBUG 2021-06-29 06:24:29,836 - DOMAIN INFO
INFO 2021-06-29 06:24:29,837 - {
    "DOMAIN": "bao767.com", 
    "EXPIRATION": "2021-08-30 18:25:29", 
    "DAYS": "62 days, 12:01:00"
}
DEBUG 2021-06-29 06:24:30,093 - ####################################################################################################
DEBUG 2021-06-29 06:24:30,098 - DOMAIN INFO
INFO 2021-06-29 06:24:30,098 - {
    "DOMAIN": "eulhj.com", 
    "EXPIRATION": "2021-09-13 03:16:44", 
    "DAYS": "75 days, 20:52:14"
}
DEBUG 2021-06-29 06:24:31,146 - ####################################################################################################
DEBUG 2021-06-29 06:24:31,152 - DOMAIN INFO
INFO 2021-06-29 06:24:31,152 - {
    "DOMAIN": "eu29.com", 
    "EXPIRATION": "2021-08-30 22:14:29", 
    "DAYS": "62 days, 15:49:58"
}
DEBUG 2021-06-29 06:24:31,345 - ####################################################################################################
DEBUG 2021-06-29 06:24:31,351 - DOMAIN INFO
INFO 2021-06-29 06:24:31,351 - {
    "DOMAIN": "xbettiyu.com", 
    "EXPIRATION": "2021-08-30 18:19:18", 
    "DAYS": "62 days, 11:54:47"
}
DEBUG 2021-06-29 06:24:32,300 - ####################################################################################################
DEBUG 2021-06-29 06:24:32,306 - DOMAIN INFO
INFO 2021-06-29 06:24:32,306 - {
    "DOMAIN": "api.wikiplus.cn", 
    "EXPIRATION": "2021-12-04 07:59:59", 
    "DAYS": "158 days, 1:35:27"
}
DEBUG 2021-06-29 06:24:32,714 - ####################################################################################################
DEBUG 2021-06-29 06:24:32,720 - DOMAIN INFO
INFO 2021-06-29 06:24:32,720 - {
    "DOMAIN": "jiabo567.com", 
    "EXPIRATION": "2021-08-30 10:34:50", 
    "DAYS": "62 days, 4:10:18"
}
DEBUG 2021-06-29 06:24:33,473 - ####################################################################################################
DEBUG 2021-06-29 06:24:33,479 - DOMAIN INFO
INFO 2021-06-29 06:24:33,479 - {
    "DOMAIN": "8889823.com", 
    "EXPIRATION": "2021-08-30 21:32:59", 
    "DAYS": "62 days, 15:08:26"
}
DEBUG 2021-06-29 06:53:06,703 - ####################################################################################################
DEBUG 2021-06-29 06:53:06,709 - DOMAIN INFO
INFO 2021-06-29 06:53:06,709 - {
    "DOMAIN": "hujidi.com", 
    "EXPIRATION": "2021-07-06 10:49:33", 
    "DAYS": "7 days, 3:56:27"
}
DEBUG 2021-06-29 06:54:25,377 - ####################################################################################################
DEBUG 2021-06-29 06:54:25,383 - DOMAIN INFO
INFO 2021-06-29 06:54:25,383 - {
    "DOMAIN": "bao5566.com", 
    "EXPIRATION": "2021-07-13 20:00:00", 
    "DAYS": "14 days, 13:05:35"
}
DEBUG 2021-06-29 06:54:26,099 - ####################################################################################################
DEBUG 2021-06-29 06:54:26,105 - DOMAIN INFO
INFO 2021-06-29 06:54:26,105 - {
    "DOMAIN": "www.bao5566.com", 
    "EXPIRATION": "2021-07-13 20:00:00", 
    "DAYS": "14 days, 13:05:34"
}
DEBUG 2021-06-29 07:02:42,529 - ####################################################################################################
DEBUG 2021-06-29 07:02:42,534 - DOMAIN INFO
INFO 2021-06-29 07:02:42,535 - {
    "DOMAIN": "wpc89.com", 
    "EXPIRATION": "2021-07-14 08:28:41", 
    "DAYS": "15 days, 1:25:59"
}
DEBUG 2021-06-29 07:02:42,759 - ####################################################################################################
DEBUG 2021-06-29 07:02:42,765 - DOMAIN INFO
INFO 2021-06-29 07:02:42,765 - {
    "DOMAIN": "www.wpc89.com", 
    "EXPIRATION": "2021-07-14 08:28:41", 
    "DAYS": "15 days, 1:25:59"
}
DEBUG 2021-06-29 07:08:12,150 - ####################################################################################################
DEBUG 2021-06-29 07:08:12,155 - DOMAIN INFO
INFO 2021-06-29 07:08:12,155 - {
    "DOMAIN": "12golf.com", 
    "EXPIRATION": "2021-07-15 08:50:36", 
    "DAYS": "16 days, 1:42:24"
}
DEBUG 2021-06-29 07:08:12,681 - ####################################################################################################
DEBUG 2021-06-29 07:08:12,686 - DOMAIN INFO
INFO 2021-06-29 07:08:12,687 - {
    "DOMAIN": "www.12golf.com", 
    "EXPIRATION": "2021-07-15 08:50:36", 
    "DAYS": "16 days, 1:42:24"
}
DEBUG 2021-06-29 07:24:26,176 - ####################################################################################################
DEBUG 2021-06-29 07:24:26,181 - DOMAIN INFO
INFO 2021-06-29 07:24:26,181 - {
    "DOMAIN": "www.wukongchat.com", 
    "EXPIRATION": "2021-07-18 17:04:26", 
    "DAYS": "19 days, 9:40:00"
}
DEBUG 2021-06-29 07:53:07,270 - ####################################################################################################
DEBUG 2021-06-29 07:53:07,277 - DOMAIN INFO
INFO 2021-06-29 07:53:07,277 - {
    "DOMAIN": "hujidi.com", 
    "EXPIRATION": "2021-07-06 10:49:33", 
    "DAYS": "7 days, 2:56:26"
}
DEBUG 2021-06-29 07:54:26,667 - ####################################################################################################
DEBUG 2021-06-29 07:54:26,673 - DOMAIN INFO
INFO 2021-06-29 07:54:26,673 - {
    "DOMAIN": "bao5566.com", 
    "EXPIRATION": "2021-07-13 20:00:00", 
    "DAYS": "14 days, 12:05:34"
}
DEBUG 2021-06-29 07:54:27,182 - ####################################################################################################
DEBUG 2021-06-29 07:54:27,188 - DOMAIN INFO
INFO 2021-06-29 07:54:27,188 - {
    "DOMAIN": "www.bao5566.com", 
    "EXPIRATION": "2021-07-13 20:00:00", 
    "DAYS": "14 days, 12:05:33"
}
DEBUG 2021-06-29 08:02:47,286 - ####################################################################################################
DEBUG 2021-06-29 08:02:47,292 - DOMAIN INFO
INFO 2021-06-29 08:02:47,292 - {
    "DOMAIN": "wpc89.com", 
    "EXPIRATION": "2021-07-14 08:28:41", 
    "DAYS": "15 days, 0:25:54"
}
DEBUG 2021-06-29 08:02:47,968 - ####################################################################################################
DEBUG 2021-06-29 08:02:47,974 - DOMAIN INFO
INFO 2021-06-29 08:02:47,975 - {
    "DOMAIN": "www.wpc89.com", 
    "EXPIRATION": "2021-07-14 08:28:41", 
    "DAYS": "15 days, 0:25:54"
}
DEBUG 2021-06-29 08:08:09,537 - ####################################################################################################
DEBUG 2021-06-29 08:08:09,543 - DOMAIN INFO
INFO 2021-06-29 08:08:09,543 - {
    "DOMAIN": "12golf.com", 
    "EXPIRATION": "2021-07-15 08:50:36", 
    "DAYS": "16 days, 0:42:27"
}
DEBUG 2021-06-29 08:08:10,537 - ####################################################################################################
DEBUG 2021-06-29 08:08:10,542 - DOMAIN INFO
INFO 2021-06-29 08:08:10,542 - {
    "DOMAIN": "www.12golf.com", 
    "EXPIRATION": "2021-07-15 08:50:36", 
    "DAYS": "16 days, 0:42:26"
}
DEBUG 2021-06-29 08:24:26,174 - ####################################################################################################
DEBUG 2021-06-29 08:24:26,181 - DOMAIN INFO
INFO 2021-06-29 08:24:26,181 - {
    "DOMAIN": "www.wukongchat.com", 
    "EXPIRATION": "2021-07-18 17:04:26", 
    "DAYS": "19 days, 8:40:00"
}
DEBUG 2021-06-29 08:53:04,128 - ####################################################################################################
DEBUG 2021-06-29 08:53:04,133 - DOMAIN INFO
INFO 2021-06-29 08:53:04,133 - {
    "DOMAIN": "hujidi.com", 
    "EXPIRATION": "2021-07-06 10:49:33", 
    "DAYS": "7 days, 1:56:29"
}
DEBUG 2021-06-29 08:54:26,062 - ####################################################################################################
DEBUG 2021-06-29 08:54:26,068 - DOMAIN INFO
INFO 2021-06-29 08:54:26,068 - {
    "DOMAIN": "bao5566.com", 
    "EXPIRATION": "2021-07-13 20:00:00", 
    "DAYS": "14 days, 11:05:34"
}
DEBUG 2021-06-29 08:54:26,277 - ####################################################################################################
DEBUG 2021-06-29 08:54:26,283 - DOMAIN INFO
INFO 2021-06-29 08:54:26,284 - {
    "DOMAIN": "www.bao5566.com", 
    "EXPIRATION": "2021-07-13 20:00:00", 
    "DAYS": "14 days, 11:05:34"
}
DEBUG 2021-06-29 09:02:43,337 - ####################################################################################################
DEBUG 2021-06-29 09:02:43,343 - DOMAIN INFO
INFO 2021-06-29 09:02:43,343 - {
    "DOMAIN": "wpc89.com", 
    "EXPIRATION": "2021-07-14 08:28:41", 
    "DAYS": "14 days, 23:25:58"
}
DEBUG 2021-06-29 09:02:44,041 - ####################################################################################################
DEBUG 2021-06-29 09:02:44,047 - DOMAIN INFO
INFO 2021-06-29 09:02:44,047 - {
    "DOMAIN": "www.wpc89.com", 
    "EXPIRATION": "2021-07-14 08:28:41", 
    "DAYS": "14 days, 23:25:57"
}
DEBUG 2021-06-29 09:08:09,436 - ####################################################################################################
DEBUG 2021-06-29 09:08:09,441 - DOMAIN INFO
INFO 2021-06-29 09:08:09,442 - {
    "DOMAIN": "12golf.com", 
    "EXPIRATION": "2021-07-15 08:50:36", 
    "DAYS": "15 days, 23:42:27"
}
DEBUG 2021-06-29 09:08:10,025 - ####################################################################################################
DEBUG 2021-06-29 09:08:10,030 - DOMAIN INFO
INFO 2021-06-29 09:08:10,031 - {
    "DOMAIN": "www.12golf.com", 
    "EXPIRATION": "2021-07-15 08:50:36", 
    "DAYS": "15 days, 23:42:26"
}
DEBUG 2021-06-29 09:24:26,586 - ####################################################################################################
DEBUG 2021-06-29 09:24:26,592 - DOMAIN INFO
INFO 2021-06-29 09:24:26,592 - {
    "DOMAIN": "www.wukongchat.com", 
    "EXPIRATION": "2021-07-18 17:04:26", 
    "DAYS": "19 days, 7:40:00"
}
DEBUG 2021-06-29 09:53:03,138 - ####################################################################################################
DEBUG 2021-06-29 09:53:03,144 - DOMAIN INFO
INFO 2021-06-29 09:53:03,144 - {
    "DOMAIN": "hujidi.com", 
    "EXPIRATION": "2021-07-06 10:49:33", 
    "DAYS": "7 days, 0:56:30"
}
DEBUG 2021-06-29 09:54:26,899 - ####################################################################################################
DEBUG 2021-06-29 09:54:26,905 - DOMAIN INFO
INFO 2021-06-29 09:54:26,905 - {
    "DOMAIN": "bao5566.com", 
    "EXPIRATION": "2021-07-13 20:00:00", 
    "DAYS": "14 days, 10:05:34"
}
DEBUG 2021-06-29 09:54:27,760 - ####################################################################################################
DEBUG 2021-06-29 09:54:27,767 - DOMAIN INFO
INFO 2021-06-29 09:54:27,767 - {
    "DOMAIN": "www.bao5566.com", 
    "EXPIRATION": "2021-07-13 20:00:00", 
    "DAYS": "14 days, 10:05:33"
}
DEBUG 2021-06-29 10:02:55,618 - ####################################################################################################
DEBUG 2021-06-29 10:02:55,624 - DOMAIN INFO
INFO 2021-06-29 10:02:55,625 - {
    "DOMAIN": "wpc89.com", 
    "EXPIRATION": "2021-07-14 08:28:41", 
    "DAYS": "14 days, 22:25:46"
}
DEBUG 2021-06-29 10:02:56,526 - ####################################################################################################
DEBUG 2021-06-29 10:02:56,531 - DOMAIN INFO
INFO 2021-06-29 10:02:56,531 - {
    "DOMAIN": "www.wpc89.com", 
    "EXPIRATION": "2021-07-14 08:28:41", 
    "DAYS": "14 days, 22:25:45"
}
DEBUG 2021-06-29 10:08:11,924 - ####################################################################################################
DEBUG 2021-06-29 10:08:11,929 - DOMAIN INFO
INFO 2021-06-29 10:08:11,929 - {
    "DOMAIN": "12golf.com", 
    "EXPIRATION": "2021-07-15 08:50:36", 
    "DAYS": "15 days, 22:42:25"
}
DEBUG 2021-06-29 10:08:13,551 - ####################################################################################################
DEBUG 2021-06-29 10:08:13,556 - DOMAIN INFO
INFO 2021-06-29 10:08:13,556 - {
    "DOMAIN": "www.12golf.com", 
    "EXPIRATION": "2021-07-15 08:50:36", 
    "DAYS": "15 days, 22:42:23"
}
DEBUG 2021-06-29 10:24:26,920 - ####################################################################################################
DEBUG 2021-06-29 10:24:26,926 - DOMAIN INFO
INFO 2021-06-29 10:24:26,926 - {
    "DOMAIN": "www.wukongchat.com", 
    "EXPIRATION": "2021-07-18 17:04:26", 
    "DAYS": "19 days, 6:40:00"
}
DEBUG 2021-06-29 10:53:08,577 - ####################################################################################################
DEBUG 2021-06-29 10:53:08,583 - DOMAIN INFO
INFO 2021-06-29 10:53:08,583 - {
    "DOMAIN": "hujidi.com", 
    "EXPIRATION": "2021-07-06 10:49:33", 
    "DAYS": "6 days, 23:56:25"
}
DEBUG 2021-06-29 10:54:29,583 - ####################################################################################################
DEBUG 2021-06-29 10:54:29,588 - DOMAIN INFO
INFO 2021-06-29 10:54:29,589 - {
    "DOMAIN": "bao5566.com", 
    "EXPIRATION": "2021-07-13 20:00:00", 
    "DAYS": "14 days, 9:05:31"
}
DEBUG 2021-06-29 10:54:29,975 - ####################################################################################################
DEBUG 2021-06-29 10:54:29,981 - DOMAIN INFO
INFO 2021-06-29 10:54:29,981 - {
    "DOMAIN": "www.bao5566.com", 
    "EXPIRATION": "2021-07-13 20:00:00", 
    "DAYS": "14 days, 9:05:31"
}
DEBUG 2021-06-29 11:02:48,165 - ####################################################################################################
DEBUG 2021-06-29 11:02:48,172 - DOMAIN INFO
INFO 2021-06-29 11:02:48,172 - {
    "DOMAIN": "wpc89.com", 
    "EXPIRATION": "2021-07-14 08:28:41", 
    "DAYS": "14 days, 21:25:53"
}
DEBUG 2021-06-29 11:02:50,566 - ####################################################################################################
DEBUG 2021-06-29 11:02:50,572 - DOMAIN INFO
INFO 2021-06-29 11:02:50,572 - {
    "DOMAIN": "www.wpc89.com", 
    "EXPIRATION": "2021-07-14 08:28:41", 
    "DAYS": "14 days, 21:25:51"
}
DEBUG 2021-06-29 11:08:10,359 - ####################################################################################################
DEBUG 2021-06-29 11:08:10,364 - DOMAIN INFO
INFO 2021-06-29 11:08:10,364 - {
    "DOMAIN": "12golf.com", 
    "EXPIRATION": "2021-07-15 08:50:36", 
    "DAYS": "15 days, 21:42:26"
}
DEBUG 2021-06-29 11:08:11,570 - ####################################################################################################
DEBUG 2021-06-29 11:08:11,576 - DOMAIN INFO
INFO 2021-06-29 11:08:11,577 - {
    "DOMAIN": "www.12golf.com", 
    "EXPIRATION": "2021-07-15 08:50:36", 
    "DAYS": "15 days, 21:42:25"
}
DEBUG 2021-06-29 11:24:26,900 - ####################################################################################################
DEBUG 2021-06-29 11:24:26,905 - DOMAIN INFO
INFO 2021-06-29 11:24:26,905 - {
    "DOMAIN": "www.wukongchat.com", 
    "EXPIRATION": "2021-07-18 17:04:26", 
    "DAYS": "19 days, 5:40:00"
}
DEBUG 2021-06-29 11:53:07,404 - ####################################################################################################
DEBUG 2021-06-29 11:53:07,410 - DOMAIN INFO
INFO 2021-06-29 11:53:07,410 - {
    "DOMAIN": "hujidi.com", 
    "EXPIRATION": "2021-07-06 10:49:33", 
    "DAYS": "6 days, 22:56:26"
}
DEBUG 2021-06-29 11:54:27,313 - ####################################################################################################
DEBUG 2021-06-29 11:54:27,318 - DOMAIN INFO
INFO 2021-06-29 11:54:27,319 - {
    "DOMAIN": "bao5566.com", 
    "EXPIRATION": "2021-07-13 20:00:00", 
    "DAYS": "14 days, 8:05:33"
}
DEBUG 2021-06-29 11:54:27,620 - ####################################################################################################
DEBUG 2021-06-29 11:54:27,628 - DOMAIN INFO
INFO 2021-06-29 11:54:27,628 - {
    "DOMAIN": "www.bao5566.com", 
    "EXPIRATION": "2021-07-13 20:00:00", 
    "DAYS": "14 days, 8:05:33"
}
DEBUG 2021-06-29 12:02:45,719 - ####################################################################################################
DEBUG 2021-06-29 12:02:45,725 - DOMAIN INFO
INFO 2021-06-29 12:02:45,726 - {
    "DOMAIN": "wpc89.com", 
    "EXPIRATION": "2021-07-14 08:28:41", 
    "DAYS": "14 days, 20:25:56"
}
DEBUG 2021-06-29 12:02:46,128 - ####################################################################################################
DEBUG 2021-06-29 12:02:46,133 - DOMAIN INFO
INFO 2021-06-29 12:02:46,133 - {
    "DOMAIN": "www.wpc89.com", 
    "EXPIRATION": "2021-07-14 08:28:41", 
    "DAYS": "14 days, 20:25:55"
}
DEBUG 2021-06-29 12:08:08,918 - ####################################################################################################
DEBUG 2021-06-29 12:08:08,925 - DOMAIN INFO
INFO 2021-06-29 12:08:08,926 - {
    "DOMAIN": "12golf.com", 
    "EXPIRATION": "2021-07-15 08:50:36", 
    "DAYS": "15 days, 20:42:28"
}
DEBUG 2021-06-29 12:08:10,529 - ####################################################################################################
DEBUG 2021-06-29 12:08:10,534 - DOMAIN INFO
INFO 2021-06-29 12:08:10,535 - {
    "DOMAIN": "www.12golf.com", 
    "EXPIRATION": "2021-07-15 08:50:36", 
    "DAYS": "15 days, 20:42:26"
}
DEBUG 2021-06-29 12:24:27,189 - ####################################################################################################
DEBUG 2021-06-29 12:24:27,194 - DOMAIN INFO
INFO 2021-06-29 12:24:27,194 - {
    "DOMAIN": "www.wukongchat.com", 
    "EXPIRATION": "2021-07-18 17:04:26", 
    "DAYS": "19 days, 4:39:59"
}
DEBUG 2021-06-29 12:53:12,276 - ####################################################################################################
DEBUG 2021-06-29 12:53:12,282 - DOMAIN INFO
INFO 2021-06-29 12:53:12,282 - {
    "DOMAIN": "hujidi.com", 
    "EXPIRATION": "2021-07-06 10:49:33", 
    "DAYS": "6 days, 21:56:21"
}
DEBUG 2021-06-29 12:54:27,857 - ####################################################################################################
DEBUG 2021-06-29 12:54:27,863 - DOMAIN INFO
INFO 2021-06-29 12:54:27,863 - {
    "DOMAIN": "bao5566.com", 
    "EXPIRATION": "2021-07-13 20:00:00", 
    "DAYS": "14 days, 7:05:33"
}
DEBUG 2021-06-29 12:54:29,194 - ####################################################################################################
DEBUG 2021-06-29 12:54:29,200 - DOMAIN INFO
INFO 2021-06-29 12:54:29,200 - {
    "DOMAIN": "www.bao5566.com", 
    "EXPIRATION": "2021-07-13 20:00:00", 
    "DAYS": "14 days, 7:05:31"
}
DEBUG 2021-06-29 13:02:45,756 - ####################################################################################################
DEBUG 2021-06-29 13:02:45,762 - DOMAIN INFO
INFO 2021-06-29 13:02:45,762 - {
    "DOMAIN": "wpc89.com", 
    "EXPIRATION": "2021-07-14 08:28:41", 
    "DAYS": "14 days, 19:25:56"
}
DEBUG 2021-06-29 13:02:47,210 - ####################################################################################################
DEBUG 2021-06-29 13:02:47,216 - DOMAIN INFO
INFO 2021-06-29 13:02:47,217 - {
    "DOMAIN": "www.wpc89.com", 
    "EXPIRATION": "2021-07-14 08:28:41", 
    "DAYS": "14 days, 19:25:54"
}
DEBUG 2021-06-29 13:08:15,544 - ####################################################################################################
DEBUG 2021-06-29 13:08:15,550 - DOMAIN INFO
INFO 2021-06-29 13:08:15,550 - {
    "DOMAIN": "12golf.com", 
    "EXPIRATION": "2021-07-15 08:50:36", 
    "DAYS": "15 days, 19:42:21"
}
DEBUG 2021-06-29 13:08:16,919 - ####################################################################################################
DEBUG 2021-06-29 13:08:16,926 - DOMAIN INFO
INFO 2021-06-29 13:08:16,926 - {
    "DOMAIN": "www.12golf.com", 
    "EXPIRATION": "2021-07-15 08:50:36", 
    "DAYS": "15 days, 19:42:20"
}
DEBUG 2021-06-29 13:24:28,851 - ####################################################################################################
DEBUG 2021-06-29 13:24:28,857 - DOMAIN INFO
INFO 2021-06-29 13:24:28,857 - {
    "DOMAIN": "www.wukongchat.com", 
    "EXPIRATION": "2021-07-18 17:04:26", 
    "DAYS": "19 days, 3:39:58"
}
DEBUG 2021-06-29 13:53:08,437 - ####################################################################################################
DEBUG 2021-06-29 13:53:08,443 - DOMAIN INFO
INFO 2021-06-29 13:53:08,443 - {
    "DOMAIN": "hujidi.com", 
    "EXPIRATION": "2021-07-06 10:49:33", 
    "DAYS": "6 days, 20:56:25"
}
DEBUG 2021-06-29 13:54:28,111 - ####################################################################################################
DEBUG 2021-06-29 13:54:28,118 - DOMAIN INFO
INFO 2021-06-29 13:54:28,118 - {
    "DOMAIN": "bao5566.com", 
    "EXPIRATION": "2021-07-13 20:00:00", 
    "DAYS": "14 days, 6:05:32"
}
DEBUG 2021-06-29 13:54:29,667 - ####################################################################################################
DEBUG 2021-06-29 13:54:29,674 - DOMAIN INFO
INFO 2021-06-29 13:54:29,675 - {
    "DOMAIN": "www.bao5566.com", 
    "EXPIRATION": "2021-07-13 20:00:00", 
    "DAYS": "14 days, 6:05:31"
}
DEBUG 2021-06-29 14:02:50,133 - ####################################################################################################
DEBUG 2021-06-29 14:02:50,138 - DOMAIN INFO
INFO 2021-06-29 14:02:50,139 - {
    "DOMAIN": "wpc89.com", 
    "EXPIRATION": "2021-07-14 08:28:41", 
    "DAYS": "14 days, 18:25:51"
}
DEBUG 2021-06-29 14:02:51,282 - ####################################################################################################
DEBUG 2021-06-29 14:02:51,287 - DOMAIN INFO
INFO 2021-06-29 14:02:51,287 - {
    "DOMAIN": "www.wpc89.com", 
    "EXPIRATION": "2021-07-14 08:28:41", 
    "DAYS": "14 days, 18:25:50"
}
DEBUG 2021-06-29 14:08:11,438 - ####################################################################################################
DEBUG 2021-06-29 14:08:11,444 - DOMAIN INFO
INFO 2021-06-29 14:08:11,444 - {
    "DOMAIN": "12golf.com", 
    "EXPIRATION": "2021-07-15 08:50:36", 
    "DAYS": "15 days, 18:42:25"
}
DEBUG 2021-06-29 14:08:11,668 - ####################################################################################################
DEBUG 2021-06-29 14:08:11,674 - DOMAIN INFO
INFO 2021-06-29 14:08:11,674 - {
    "DOMAIN": "www.12golf.com", 
    "EXPIRATION": "2021-07-15 08:50:36", 
    "DAYS": "15 days, 18:42:25"
}
DEBUG 2021-06-29 14:24:29,290 - ####################################################################################################
DEBUG 2021-06-29 14:24:29,295 - DOMAIN INFO
INFO 2021-06-29 14:24:29,295 - {
    "DOMAIN": "www.wukongchat.com", 
    "EXPIRATION": "2021-07-18 17:04:26", 
    "DAYS": "19 days, 2:39:57"
}
DEBUG 2021-06-29 14:53:10,592 - ####################################################################################################
DEBUG 2021-06-29 14:53:10,597 - DOMAIN INFO
INFO 2021-06-29 14:53:10,597 - {
    "DOMAIN": "hujidi.com", 
    "EXPIRATION": "2021-07-06 10:49:33", 
    "DAYS": "6 days, 19:56:23"
}
DEBUG 2021-06-29 14:54:30,871 - ####################################################################################################
DEBUG 2021-06-29 14:54:30,877 - DOMAIN INFO
INFO 2021-06-29 14:54:30,877 - {
    "DOMAIN": "bao5566.com", 
    "EXPIRATION": "2021-07-13 20:00:00", 
    "DAYS": "14 days, 5:05:30"
}
DEBUG 2021-06-29 14:54:32,884 - ####################################################################################################
DEBUG 2021-06-29 14:54:32,891 - DOMAIN INFO
INFO 2021-06-29 14:54:32,892 - {
    "DOMAIN": "www.bao5566.com", 
    "EXPIRATION": "2021-07-13 20:00:00", 
    "DAYS": "14 days, 5:05:28"
}
DEBUG 2021-06-29 15:02:52,703 - ####################################################################################################
DEBUG 2021-06-29 15:02:52,703 - ####################################################################################################
DEBUG 2021-06-29 15:02:52,708 - DOMAIN INFO
DEBUG 2021-06-29 15:02:52,708 - DOMAIN INFO
INFO 2021-06-29 15:02:52,708 - {
    "DOMAIN": "www.wpc89.com", 
    "EXPIRATION": "2021-07-14 08:28:41", 
    "DAYS": "14 days, 17:25:49"
}
INFO 2021-06-29 15:02:52,708 - {
    "DOMAIN": "wpc89.com", 
    "EXPIRATION": "2021-07-14 08:28:41", 
    "DAYS": "14 days, 17:25:49"
}
DEBUG 2021-06-29 15:08:11,660 - ####################################################################################################
DEBUG 2021-06-29 15:08:11,665 - DOMAIN INFO
INFO 2021-06-29 15:08:11,666 - {
    "DOMAIN": "12golf.com", 
    "EXPIRATION": "2021-07-15 08:50:36", 
    "DAYS": "15 days, 17:42:25"
}
DEBUG 2021-06-29 15:08:12,166 - ####################################################################################################
DEBUG 2021-06-29 15:08:12,173 - DOMAIN INFO
INFO 2021-06-29 15:08:12,173 - {
    "DOMAIN": "www.12golf.com", 
    "EXPIRATION": "2021-07-15 08:50:36", 
    "DAYS": "15 days, 17:42:24"
}
DEBUG 2021-06-29 15:24:27,478 - ####################################################################################################
DEBUG 2021-06-29 15:24:27,484 - DOMAIN INFO
INFO 2021-06-29 15:24:27,484 - {
    "DOMAIN": "www.wukongchat.com", 
    "EXPIRATION": "2021-07-18 17:04:26", 
    "DAYS": "19 days, 1:39:59"
}
DEBUG 2021-06-29 15:53:04,793 - ####################################################################################################
DEBUG 2021-06-29 15:53:04,799 - DOMAIN INFO
INFO 2021-06-29 15:53:04,799 - {
    "DOMAIN": "hujidi.com", 
    "EXPIRATION": "2021-07-06 10:49:33", 
    "DAYS": "6 days, 18:56:29"
}
DEBUG 2021-06-29 15:54:26,861 - ####################################################################################################
DEBUG 2021-06-29 15:54:26,867 - DOMAIN INFO
INFO 2021-06-29 15:54:26,868 - {
    "DOMAIN": "bao5566.com", 
    "EXPIRATION": "2021-07-13 20:00:00", 
    "DAYS": "14 days, 4:05:34"
}
DEBUG 2021-06-29 15:54:27,939 - ####################################################################################################
DEBUG 2021-06-29 15:54:27,946 - DOMAIN INFO
INFO 2021-06-29 15:54:27,946 - {
    "DOMAIN": "www.bao5566.com", 
    "EXPIRATION": "2021-07-13 20:00:00", 
    "DAYS": "14 days, 4:05:33"
}
DEBUG 2021-06-29 16:02:53,299 - ####################################################################################################
DEBUG 2021-06-29 16:02:53,304 - DOMAIN INFO
INFO 2021-06-29 16:02:53,304 - {
    "DOMAIN": "wpc89.com", 
    "EXPIRATION": "2021-07-14 08:28:41", 
    "DAYS": "14 days, 16:25:48"
}
DEBUG 2021-06-29 16:02:54,057 - ####################################################################################################
DEBUG 2021-06-29 16:02:54,064 - DOMAIN INFO
INFO 2021-06-29 16:02:54,064 - {
    "DOMAIN": "www.wpc89.com", 
    "EXPIRATION": "2021-07-14 08:28:41", 
    "DAYS": "14 days, 16:25:47"
}
DEBUG 2021-06-29 16:08:14,148 - ####################################################################################################
DEBUG 2021-06-29 16:08:14,154 - DOMAIN INFO
INFO 2021-06-29 16:08:14,154 - {
    "DOMAIN": "12golf.com", 
    "EXPIRATION": "2021-07-15 08:50:36", 
    "DAYS": "15 days, 16:42:22"
}
DEBUG 2021-06-29 16:08:15,706 - ####################################################################################################
DEBUG 2021-06-29 16:08:15,711 - DOMAIN INFO
INFO 2021-06-29 16:08:15,711 - {
    "DOMAIN": "www.12golf.com", 
    "EXPIRATION": "2021-07-15 08:50:36", 
    "DAYS": "15 days, 16:42:21"
}
DEBUG 2021-06-29 16:24:28,340 - ####################################################################################################
DEBUG 2021-06-29 16:24:28,346 - DOMAIN INFO
INFO 2021-06-29 16:24:28,347 - {
    "DOMAIN": "www.wukongchat.com", 
    "EXPIRATION": "2021-07-18 17:04:26", 
    "DAYS": "19 days, 0:39:58"
}
DEBUG 2021-06-29 16:53:06,319 - ####################################################################################################
DEBUG 2021-06-29 16:53:06,324 - DOMAIN INFO
INFO 2021-06-29 16:53:06,325 - {
    "DOMAIN": "hujidi.com", 
    "EXPIRATION": "2021-07-06 10:49:33", 
    "DAYS": "6 days, 17:56:27"
}
DEBUG 2021-06-29 16:54:28,561 - ####################################################################################################
DEBUG 2021-06-29 16:54:28,567 - DOMAIN INFO
INFO 2021-06-29 16:54:28,567 - {
    "DOMAIN": "bao5566.com", 
    "EXPIRATION": "2021-07-13 20:00:00", 
    "DAYS": "14 days, 3:05:32"
}
DEBUG 2021-06-29 16:54:30,007 - ####################################################################################################
DEBUG 2021-06-29 16:54:30,014 - DOMAIN INFO
INFO 2021-06-29 16:54:30,014 - {
    "DOMAIN": "www.bao5566.com", 
    "EXPIRATION": "2021-07-13 20:00:00", 
    "DAYS": "14 days, 3:05:31"
}
DEBUG 2021-06-29 17:02:47,865 - ####################################################################################################
DEBUG 2021-06-29 17:02:47,872 - DOMAIN INFO
INFO 2021-06-29 17:02:47,872 - {
    "DOMAIN": "wpc89.com", 
    "EXPIRATION": "2021-07-14 08:28:41", 
    "DAYS": "14 days, 15:25:54"
}
DEBUG 2021-06-29 17:02:48,590 - ####################################################################################################
DEBUG 2021-06-29 17:02:48,595 - DOMAIN INFO
INFO 2021-06-29 17:02:48,595 - {
    "DOMAIN": "www.wpc89.com", 
    "EXPIRATION": "2021-07-14 08:28:41", 
    "DAYS": "14 days, 15:25:53"
}
DEBUG 2021-06-29 17:08:12,938 - ####################################################################################################
DEBUG 2021-06-29 17:08:12,944 - DOMAIN INFO
INFO 2021-06-29 17:08:12,944 - {
    "DOMAIN": "12golf.com", 
    "EXPIRATION": "2021-07-15 08:50:36", 
    "DAYS": "15 days, 15:42:24"
}
DEBUG 2021-06-29 17:08:13,052 - ####################################################################################################
DEBUG 2021-06-29 17:08:13,057 - DOMAIN INFO
INFO 2021-06-29 17:08:13,058 - {
    "DOMAIN": "www.12golf.com", 
    "EXPIRATION": "2021-07-15 08:50:36", 
    "DAYS": "15 days, 15:42:23"
}
DEBUG 2021-06-29 17:24:29,043 - ####################################################################################################
DEBUG 2021-06-29 17:24:29,048 - DOMAIN INFO
INFO 2021-06-29 17:24:29,049 - {
    "DOMAIN": "www.wukongchat.com", 
    "EXPIRATION": "2021-07-18 17:04:26", 
    "DAYS": "18 days, 23:39:57"
}
DEBUG 2021-06-29 17:53:09,293 - ####################################################################################################
DEBUG 2021-06-29 17:53:09,299 - DOMAIN INFO
INFO 2021-06-29 17:53:09,299 - {
    "DOMAIN": "hujidi.com", 
    "EXPIRATION": "2021-07-06 10:49:33", 
    "DAYS": "6 days, 16:56:24"
}
DEBUG 2021-06-29 17:54:30,856 - ####################################################################################################
DEBUG 2021-06-29 17:54:30,862 - DOMAIN INFO
INFO 2021-06-29 17:54:30,862 - {
    "DOMAIN": "bao5566.com", 
    "EXPIRATION": "2021-07-13 20:00:00", 
    "DAYS": "14 days, 2:05:30"
}
DEBUG 2021-06-29 17:54:31,922 - ####################################################################################################
DEBUG 2021-06-29 17:54:31,929 - DOMAIN INFO
INFO 2021-06-29 17:54:31,929 - {
    "DOMAIN": "www.bao5566.com", 
    "EXPIRATION": "2021-07-13 20:00:00", 
    "DAYS": "14 days, 2:05:29"
}
DEBUG 2021-06-29 18:02:52,685 - ####################################################################################################
DEBUG 2021-06-29 18:02:52,686 - ####################################################################################################
DEBUG 2021-06-29 18:02:52,690 - DOMAIN INFO
INFO 2021-06-29 18:02:52,691 - {
    "DOMAIN": "wpc89.com", 
    "EXPIRATION": "2021-07-14 08:28:41", 
    "DAYS": "14 days, 14:25:49"
}
DEBUG 2021-06-29 18:02:52,691 - DOMAIN INFO
INFO 2021-06-29 18:02:52,691 - {
    "DOMAIN": "www.wpc89.com", 
    "EXPIRATION": "2021-07-14 08:28:41", 
    "DAYS": "14 days, 14:25:49"
}
DEBUG 2021-06-29 18:08:10,358 - ####################################################################################################
DEBUG 2021-06-29 18:08:10,364 - DOMAIN INFO
INFO 2021-06-29 18:08:10,364 - {
    "DOMAIN": "12golf.com", 
    "EXPIRATION": "2021-07-15 08:50:36", 
    "DAYS": "15 days, 14:42:26"
}
DEBUG 2021-06-29 18:08:10,899 - ####################################################################################################
DEBUG 2021-06-29 18:08:10,905 - DOMAIN INFO
INFO 2021-06-29 18:08:10,905 - {
    "DOMAIN": "www.12golf.com", 
    "EXPIRATION": "2021-07-15 08:50:36", 
    "DAYS": "15 days, 14:42:26"
}
DEBUG 2021-06-29 18:24:28,914 - ####################################################################################################
DEBUG 2021-06-29 18:24:28,920 - DOMAIN INFO
INFO 2021-06-29 18:24:28,921 - {
    "DOMAIN": "www.wukongchat.com", 
    "EXPIRATION": "2021-07-18 17:04:26", 
    "DAYS": "18 days, 22:39:58"
}
DEBUG 2021-06-29 18:53:05,954 - ####################################################################################################
DEBUG 2021-06-29 18:53:05,960 - DOMAIN INFO
INFO 2021-06-29 18:53:05,960 - {
    "DOMAIN": "hujidi.com", 
    "EXPIRATION": "2021-07-06 10:49:33", 
    "DAYS": "6 days, 15:56:28"
}
DEBUG 2021-06-29 18:54:27,159 - ####################################################################################################
DEBUG 2021-06-29 18:54:27,166 - DOMAIN INFO
INFO 2021-06-29 18:54:27,166 - {
    "DOMAIN": "bao5566.com", 
    "EXPIRATION": "2021-07-13 20:00:00", 
    "DAYS": "14 days, 1:05:33"
}
DEBUG 2021-06-29 18:54:28,554 - ####################################################################################################
DEBUG 2021-06-29 18:54:28,560 - DOMAIN INFO
INFO 2021-06-29 18:54:28,560 - {
    "DOMAIN": "www.bao5566.com", 
    "EXPIRATION": "2021-07-13 20:00:00", 
    "DAYS": "14 days, 1:05:32"
}
DEBUG 2021-06-29 19:02:49,356 - ####################################################################################################
DEBUG 2021-06-29 19:02:49,362 - DOMAIN INFO
INFO 2021-06-29 19:02:49,363 - {
    "DOMAIN": "wpc89.com", 
    "EXPIRATION": "2021-07-14 08:28:41", 
    "DAYS": "14 days, 13:25:52"
}
DEBUG 2021-06-29 19:02:53,775 - ####################################################################################################
DEBUG 2021-06-29 19:02:53,782 - DOMAIN ERROR
INFO 2021-06-29 19:02:53,782 - {
    "DOMAIN": "www.wpc89.com", 
    "DOMAIN_CURL": 14, 
    "ERROR": "[Errno 110] Connection timed out"
}
DEBUG 2021-06-29 19:08:12,322 - ####################################################################################################
DEBUG 2021-06-29 19:08:12,327 - DOMAIN INFO
INFO 2021-06-29 19:08:12,327 - {
    "DOMAIN": "12golf.com", 
    "EXPIRATION": "2021-07-15 08:50:36", 
    "DAYS": "15 days, 13:42:24"
}
DEBUG 2021-06-29 19:08:13,819 - ####################################################################################################
DEBUG 2021-06-29 19:08:13,825 - DOMAIN INFO
INFO 2021-06-29 19:08:13,825 - {
    "DOMAIN": "www.12golf.com", 
    "EXPIRATION": "2021-07-15 08:50:36", 
    "DAYS": "15 days, 13:42:23"
}
DEBUG 2021-06-29 19:24:26,630 - ####################################################################################################
DEBUG 2021-06-29 19:24:26,635 - DOMAIN INFO
INFO 2021-06-29 19:24:26,635 - {
    "DOMAIN": "www.wukongchat.com", 
    "EXPIRATION": "2021-07-18 17:04:26", 
    "DAYS": "18 days, 21:40:00"
}
DEBUG 2021-06-29 19:53:10,292 - ####################################################################################################
DEBUG 2021-06-29 19:53:10,297 - DOMAIN INFO
INFO 2021-06-29 19:53:10,298 - {
    "DOMAIN": "hujidi.com", 
    "EXPIRATION": "2021-07-06 10:49:33", 
    "DAYS": "6 days, 14:56:23"
}
DEBUG 2021-06-29 19:54:30,702 - ####################################################################################################
DEBUG 2021-06-29 19:54:30,708 - DOMAIN INFO
INFO 2021-06-29 19:54:30,708 - {
    "DOMAIN": "bao5566.com", 
    "EXPIRATION": "2021-07-13 20:00:00", 
    "DAYS": "14 days, 0:05:30"
}
DEBUG 2021-06-29 19:54:31,733 - ####################################################################################################
DEBUG 2021-06-29 19:54:31,739 - DOMAIN INFO
INFO 2021-06-29 19:54:31,739 - {
    "DOMAIN": "www.bao5566.com", 
    "EXPIRATION": "2021-07-13 20:00:00", 
    "DAYS": "14 days, 0:05:29"
}
DEBUG 2021-06-29 20:02:47,358 - ####################################################################################################
DEBUG 2021-06-29 20:02:47,364 - DOMAIN INFO
INFO 2021-06-29 20:02:47,364 - {
    "DOMAIN": "wpc89.com", 
    "EXPIRATION": "2021-07-14 08:28:41", 
    "DAYS": "14 days, 12:25:54"
}
DEBUG 2021-06-29 20:02:48,974 - ####################################################################################################
DEBUG 2021-06-29 20:02:48,980 - DOMAIN INFO
INFO 2021-06-29 20:02:48,980 - {
    "DOMAIN": "www.wpc89.com", 
    "EXPIRATION": "2021-07-14 08:28:41", 
    "DAYS": "14 days, 12:25:53"
}
DEBUG 2021-06-29 20:08:11,348 - ####################################################################################################
DEBUG 2021-06-29 20:08:11,353 - DOMAIN INFO
INFO 2021-06-29 20:08:11,354 - {
    "DOMAIN": "12golf.com", 
    "EXPIRATION": "2021-07-15 08:50:36", 
    "DAYS": "15 days, 12:42:25"
}
DEBUG 2021-06-29 20:08:12,569 - ####################################################################################################
DEBUG 2021-06-29 20:08:12,574 - DOMAIN INFO
INFO 2021-06-29 20:08:12,574 - {
    "DOMAIN": "www.12golf.com", 
    "EXPIRATION": "2021-07-15 08:50:36", 
    "DAYS": "15 days, 12:42:24"
}
DEBUG 2021-06-29 20:24:27,113 - ####################################################################################################
DEBUG 2021-06-29 20:24:27,119 - DOMAIN INFO
INFO 2021-06-29 20:24:27,119 - {
    "DOMAIN": "www.wukongchat.com", 
    "EXPIRATION": "2021-07-18 17:04:26", 
    "DAYS": "18 days, 20:39:59"
}
DEBUG 2021-06-29 20:53:05,462 - ####################################################################################################
DEBUG 2021-06-29 20:53:05,468 - DOMAIN INFO
INFO 2021-06-29 20:53:05,469 - {
    "DOMAIN": "hujidi.com", 
    "EXPIRATION": "2021-07-06 10:49:33", 
    "DAYS": "6 days, 13:56:28"
}
DEBUG 2021-06-29 20:54:27,127 - ####################################################################################################
DEBUG 2021-06-29 20:54:27,133 - DOMAIN INFO
INFO 2021-06-29 20:54:27,134 - {
    "DOMAIN": "bao5566.com", 
    "EXPIRATION": "2021-07-13 20:00:00", 
    "DAYS": "13 days, 23:05:33"
}
DEBUG 2021-06-29 20:54:28,332 - ####################################################################################################
DEBUG 2021-06-29 20:54:28,338 - DOMAIN INFO
INFO 2021-06-29 20:54:28,338 - {
    "DOMAIN": "www.bao5566.com", 
    "EXPIRATION": "2021-07-13 20:00:00", 
    "DAYS": "13 days, 23:05:32"
}
DEBUG 2021-06-29 21:02:45,029 - ####################################################################################################
DEBUG 2021-06-29 21:02:45,034 - DOMAIN INFO
INFO 2021-06-29 21:02:45,035 - {
    "DOMAIN": "wpc89.com", 
    "EXPIRATION": "2021-07-14 08:28:41", 
    "DAYS": "14 days, 11:25:56"
}
DEBUG 2021-06-29 21:02:45,274 - ####################################################################################################
DEBUG 2021-06-29 21:02:45,280 - DOMAIN INFO
INFO 2021-06-29 21:02:45,281 - {
    "DOMAIN": "www.wpc89.com", 
    "EXPIRATION": "2021-07-14 08:28:41", 
    "DAYS": "14 days, 11:25:56"
}
DEBUG 2021-06-29 21:08:12,015 - ####################################################################################################
DEBUG 2021-06-29 21:08:12,021 - DOMAIN INFO
INFO 2021-06-29 21:08:12,022 - {
    "DOMAIN": "12golf.com", 
    "EXPIRATION": "2021-07-15 08:50:36", 
    "DAYS": "15 days, 11:42:24"
}
DEBUG 2021-06-29 21:08:12,558 - ####################################################################################################
DEBUG 2021-06-29 21:08:12,565 - DOMAIN INFO
INFO 2021-06-29 21:08:12,565 - {
    "DOMAIN": "www.12golf.com", 
    "EXPIRATION": "2021-07-15 08:50:36", 
    "DAYS": "15 days, 11:42:24"
}
DEBUG 2021-06-29 21:24:26,849 - ####################################################################################################
DEBUG 2021-06-29 21:24:26,855 - DOMAIN INFO
INFO 2021-06-29 21:24:26,855 - {
    "DOMAIN": "www.wukongchat.com", 
    "EXPIRATION": "2021-07-18 17:04:26", 
    "DAYS": "18 days, 19:40:00"
}
DEBUG 2021-06-29 21:53:10,780 - ####################################################################################################
DEBUG 2021-06-29 21:53:10,786 - DOMAIN INFO
INFO 2021-06-29 21:53:10,786 - {
    "DOMAIN": "hujidi.com", 
    "EXPIRATION": "2021-07-06 10:49:33", 
    "DAYS": "6 days, 12:56:23"
}
DEBUG 2021-06-29 21:54:30,070 - ####################################################################################################
DEBUG 2021-06-29 21:54:30,077 - DOMAIN INFO
INFO 2021-06-29 21:54:30,078 - {
    "DOMAIN": "bao5566.com", 
    "EXPIRATION": "2021-07-13 20:00:00", 
    "DAYS": "13 days, 22:05:30"
}
DEBUG 2021-06-29 21:54:32,319 - ####################################################################################################
DEBUG 2021-06-29 21:54:32,325 - DOMAIN INFO
INFO 2021-06-29 21:54:32,325 - {
    "DOMAIN": "www.bao5566.com", 
    "EXPIRATION": "2021-07-13 20:00:00", 
    "DAYS": "13 days, 22:05:28"
}
DEBUG 2021-06-29 22:02:40,233 - ####################################################################################################
DEBUG 2021-06-29 22:02:40,239 - DOMAIN INFO
INFO 2021-06-29 22:02:40,239 - {
    "DOMAIN": "wpc89.com", 
    "EXPIRATION": "2021-07-14 08:28:41", 
    "DAYS": "14 days, 10:26:01"
}
DEBUG 2021-06-29 22:02:41,192 - ####################################################################################################
DEBUG 2021-06-29 22:02:41,197 - DOMAIN INFO
INFO 2021-06-29 22:02:41,197 - {
    "DOMAIN": "www.wpc89.com", 
    "EXPIRATION": "2021-07-14 08:28:41", 
    "DAYS": "14 days, 10:26:00"
}
DEBUG 2021-06-29 22:08:08,898 - ####################################################################################################
DEBUG 2021-06-29 22:08:08,904 - DOMAIN INFO
INFO 2021-06-29 22:08:08,904 - {
    "DOMAIN": "12golf.com", 
    "EXPIRATION": "2021-07-15 08:50:36", 
    "DAYS": "15 days, 10:42:28"
}
DEBUG 2021-06-29 22:08:09,634 - ####################################################################################################
DEBUG 2021-06-29 22:08:09,639 - DOMAIN INFO
INFO 2021-06-29 22:08:09,640 - {
    "DOMAIN": "www.12golf.com", 
    "EXPIRATION": "2021-07-15 08:50:36", 
    "DAYS": "15 days, 10:42:27"
}
DEBUG 2021-06-29 22:24:28,914 - ####################################################################################################
DEBUG 2021-06-29 22:24:28,920 - DOMAIN INFO
INFO 2021-06-29 22:24:28,920 - {
    "DOMAIN": "www.wukongchat.com", 
    "EXPIRATION": "2021-07-18 17:04:26", 
    "DAYS": "18 days, 18:39:58"
}
DEBUG 2021-06-29 22:53:09,231 - ####################################################################################################
DEBUG 2021-06-29 22:53:09,236 - DOMAIN INFO
INFO 2021-06-29 22:53:09,237 - {
    "DOMAIN": "hujidi.com", 
    "EXPIRATION": "2021-07-06 10:49:33", 
    "DAYS": "6 days, 11:56:24"
}
DEBUG 2021-06-29 22:54:28,968 - ####################################################################################################
DEBUG 2021-06-29 22:54:28,974 - DOMAIN INFO
INFO 2021-06-29 22:54:28,975 - {
    "DOMAIN": "bao5566.com", 
    "EXPIRATION": "2021-07-13 20:00:00", 
    "DAYS": "13 days, 21:05:32"
}
DEBUG 2021-06-29 22:54:29,813 - ####################################################################################################
DEBUG 2021-06-29 22:54:29,820 - DOMAIN INFO
INFO 2021-06-29 22:54:29,821 - {
    "DOMAIN": "www.bao5566.com", 
    "EXPIRATION": "2021-07-13 20:00:00", 
    "DAYS": "13 days, 21:05:31"
}
DEBUG 2021-06-29 23:02:54,037 - ####################################################################################################
DEBUG 2021-06-29 23:02:54,043 - DOMAIN INFO
INFO 2021-06-29 23:02:54,043 - {
    "DOMAIN": "wpc89.com", 
    "EXPIRATION": "2021-07-14 08:28:41", 
    "DAYS": "14 days, 9:25:47"
}
DEBUG 2021-06-29 23:02:55,311 - ####################################################################################################
DEBUG 2021-06-29 23:02:55,316 - DOMAIN INFO
INFO 2021-06-29 23:02:55,317 - {
    "DOMAIN": "www.wpc89.com", 
    "EXPIRATION": "2021-07-14 08:28:41", 
    "DAYS": "14 days, 9:25:46"
}
DEBUG 2021-06-29 23:08:10,891 - ####################################################################################################
DEBUG 2021-06-29 23:08:10,896 - DOMAIN INFO
INFO 2021-06-29 23:08:10,897 - {
    "DOMAIN": "12golf.com", 
    "EXPIRATION": "2021-07-15 08:50:36", 
    "DAYS": "15 days, 9:42:26"
}
DEBUG 2021-06-29 23:08:12,277 - ####################################################################################################
DEBUG 2021-06-29 23:08:12,283 - DOMAIN INFO
INFO 2021-06-29 23:08:12,284 - {
    "DOMAIN": "www.12golf.com", 
    "EXPIRATION": "2021-07-15 08:50:36", 
    "DAYS": "15 days, 9:42:24"
}
DEBUG 2021-06-29 23:24:27,568 - ####################################################################################################
DEBUG 2021-06-29 23:24:27,574 - DOMAIN INFO
INFO 2021-06-29 23:24:27,574 - {
    "DOMAIN": "www.wukongchat.com", 
    "EXPIRATION": "2021-07-18 17:04:26", 
    "DAYS": "18 days, 17:39:59"
}
DEBUG 2021-06-29 23:53:10,351 - ####################################################################################################
DEBUG 2021-06-29 23:53:10,357 - DOMAIN INFO
INFO 2021-06-29 23:53:10,358 - {
    "DOMAIN": "hujidi.com", 
    "EXPIRATION": "2021-07-06 10:49:33", 
    "DAYS": "6 days, 10:56:23"
}
DEBUG 2021-06-29 23:54:27,835 - ####################################################################################################
DEBUG 2021-06-29 23:54:27,842 - DOMAIN INFO
INFO 2021-06-29 23:54:27,842 - {
    "DOMAIN": "bao5566.com", 
    "EXPIRATION": "2021-07-13 20:00:00", 
    "DAYS": "13 days, 20:05:33"
}
DEBUG 2021-06-29 23:54:27,994 - ####################################################################################################
DEBUG 2021-06-29 23:54:28,000 - DOMAIN INFO
INFO 2021-06-29 23:54:28,000 - {
    "DOMAIN": "www.bao5566.com", 
    "EXPIRATION": "2021-07-13 20:00:00", 
    "DAYS": "13 days, 20:05:33"
}
