DEBUG 2021-07-09 00:00:02,542 - ####################################################################################################
DEBUG 2021-07-09 00:00:02,547 - DOMAIN INFO
INFO 2021-07-09 00:00:02,547 - {
    "DOMAIN": "tv36.com", 
    "EXPIRATION": "2021-07-26 13:40:15", 
    "DAYS": "17 days, 13:40:13"
}
DEBUG 2021-07-09 00:08:41,639 - ####################################################################################################
DEBUG 2021-07-09 00:08:41,644 - DOMAIN ERROR
INFO 2021-07-09 00:08:41,645 - {
    "DOMAIN": "12859999.com", 
    "DOMAIN_CURL": 80, 
    "ERROR": "[Errno 110] Connection timed out"
}
DEBUG 2021-07-09 00:08:42,677 - ####################################################################################################
DEBUG 2021-07-09 00:08:42,683 - DOMAIN ERROR
INFO 2021-07-09 00:08:42,683 - {
    "DOMAIN": "12899888.com", 
    "DOMAIN_CURL": 80, 
    "ERROR": "[Errno 110] Connection timed out"
}
DEBUG 2021-07-09 00:08:49,666 - ####################################################################################################
DEBUG 2021-07-09 00:08:49,671 - DOMAIN ERROR
INFO 2021-07-09 00:08:49,671 - {
    "DOMAIN": "eu1988.com", 
    "DOMAIN_CURL": 80, 
    "ERROR": "[Errno 110] Connection timed out"
}
DEBUG 2021-07-09 00:08:49,758 - ####################################################################################################
DEBUG 2021-07-09 00:08:49,762 - DOMAIN ERROR
INFO 2021-07-09 00:08:49,762 - {
    "DOMAIN": "www.eu1988.com", 
    "DOMAIN_CURL": 80, 
    "ERROR": "[Errno 110] Connection timed out"
}
DEBUG 2021-07-09 00:08:56,327 - ####################################################################################################
DEBUG 2021-07-09 00:08:56,334 - DOMAIN ERROR
INFO 2021-07-09 00:08:56,334 - {
    "DOMAIN": "eu211.com", 
    "DOMAIN_CURL": 80, 
    "ERROR": "[Errno 110] Connection timed out"
}
DEBUG 2021-07-09 00:08:56,414 - ####################################################################################################
DEBUG 2021-07-09 00:08:56,420 - DOMAIN ERROR
INFO 2021-07-09 00:08:56,420 - {
    "DOMAIN": "www.eu211.com", 
    "DOMAIN_CURL": 80, 
    "ERROR": "[Errno 110] Connection timed out"
}
DEBUG 2021-07-09 00:09:03,849 - ####################################################################################################
DEBUG 2021-07-09 00:09:03,855 - DOMAIN ERROR
INFO 2021-07-09 00:09:03,855 - {
    "DOMAIN": "eu664.com", 
    "DOMAIN_CURL": 80, 
    "ERROR": "[Errno 110] Connection timed out"
}
DEBUG 2021-07-09 00:09:09,768 - ####################################################################################################
DEBUG 2021-07-09 00:09:09,774 - DOMAIN ERROR
INFO 2021-07-09 00:09:09,774 - {
    "DOMAIN": "www.eu664.com", 
    "DOMAIN_CURL": 80, 
    "ERROR": "[Errno 110] Connection timed out"
}
DEBUG 2021-07-09 00:09:11,537 - ####################################################################################################
DEBUG 2021-07-09 00:09:11,542 - DOMAIN ERROR
INFO 2021-07-09 00:09:11,542 - {
    "DOMAIN": "eu686.com", 
    "DOMAIN_CURL": 80, 
    "ERROR": "[Errno 110] Connection timed out"
}
DEBUG 2021-07-09 00:09:13,465 - ####################################################################################################
DEBUG 2021-07-09 00:09:13,471 - DOMAIN ERROR
INFO 2021-07-09 00:09:13,471 - {
    "DOMAIN": "www.eu686.com", 
    "DOMAIN_CURL": 80, 
    "ERROR": "[Errno 110] Connection timed out"
}
DEBUG 2021-07-09 01:00:04,942 - ####################################################################################################
DEBUG 2021-07-09 01:00:04,948 - DOMAIN INFO
INFO 2021-07-09 01:00:04,948 - {
    "DOMAIN": "tv36.com", 
    "EXPIRATION": "2021-07-26 13:40:15", 
    "DAYS": "17 days, 12:40:11"
}
DEBUG 2021-07-09 01:08:41,900 - ####################################################################################################
DEBUG 2021-07-09 01:08:41,907 - DOMAIN ERROR
INFO 2021-07-09 01:08:41,907 - {
    "DOMAIN": "12859999.com", 
    "DOMAIN_CURL": 80, 
    "ERROR": "[Errno 110] Connection timed out"
}
DEBUG 2021-07-09 01:08:42,832 - ####################################################################################################
DEBUG 2021-07-09 01:08:42,838 - DOMAIN ERROR
INFO 2021-07-09 01:08:42,838 - {
    "DOMAIN": "12899888.com", 
    "DOMAIN_CURL": 80, 
    "ERROR": "[Errno 110] Connection timed out"
}
DEBUG 2021-07-09 01:08:45,565 - ####################################################################################################
DEBUG 2021-07-09 01:08:45,571 - DOMAIN INFO
INFO 2021-07-09 01:08:45,571 - {
    "DOMAIN": "eu1988.com", 
    "EXPIRATION": "2021-09-27 10:55:39", 
    "DAYS": "80 days, 9:46:54"
}
DEBUG 2021-07-09 01:08:45,571 - ####################################################################################################
DEBUG 2021-07-09 01:08:45,577 - DOMAIN INFO
INFO 2021-07-09 01:08:45,577 - {
    "DOMAIN": "www.eu1988.com", 
    "EXPIRATION": "2021-09-27 10:55:39", 
    "DAYS": "80 days, 9:46:54"
}
DEBUG 2021-07-09 01:08:55,851 - ####################################################################################################
DEBUG 2021-07-09 01:08:55,857 - DOMAIN INFO
INFO 2021-07-09 01:08:55,857 - {
    "DOMAIN": "eu211.com", 
    "EXPIRATION": "2021-09-27 10:56:03", 
    "DAYS": "80 days, 9:47:08"
}
DEBUG 2021-07-09 01:08:56,144 - ####################################################################################################
DEBUG 2021-07-09 01:08:56,149 - DOMAIN INFO
INFO 2021-07-09 01:08:56,149 - {
    "DOMAIN": "www.eu211.com", 
    "EXPIRATION": "2021-09-27 10:56:03", 
    "DAYS": "80 days, 9:47:07"
}
DEBUG 2021-07-09 01:09:01,810 - ####################################################################################################
DEBUG 2021-07-09 01:09:01,815 - DOMAIN INFO
INFO 2021-07-09 01:09:01,816 - {
    "DOMAIN": "eu664.com", 
    "EXPIRATION": "2021-09-27 10:56:35", 
    "DAYS": "80 days, 9:47:34"
}
DEBUG 2021-07-09 01:09:05,939 - ####################################################################################################
DEBUG 2021-07-09 01:09:05,944 - DOMAIN INFO
INFO 2021-07-09 01:09:05,945 - {
    "DOMAIN": "www.eu664.com", 
    "EXPIRATION": "2021-09-27 10:56:35", 
    "DAYS": "80 days, 9:47:30"
}
DEBUG 2021-07-09 01:09:07,707 - ####################################################################################################
DEBUG 2021-07-09 01:09:07,712 - DOMAIN INFO
INFO 2021-07-09 01:09:07,712 - {
    "DOMAIN": "eu686.com", 
    "EXPIRATION": "2021-09-27 10:51:12", 
    "DAYS": "80 days, 9:42:05"
}
DEBUG 2021-07-09 01:09:08,728 - ####################################################################################################
DEBUG 2021-07-09 01:09:08,734 - DOMAIN INFO
INFO 2021-07-09 01:09:08,734 - {
    "DOMAIN": "www.eu686.com", 
    "EXPIRATION": "2021-09-27 10:51:12", 
    "DAYS": "80 days, 9:42:04"
}
DEBUG 2021-07-09 02:00:02,248 - ####################################################################################################
DEBUG 2021-07-09 02:00:02,253 - DOMAIN INFO
INFO 2021-07-09 02:00:02,253 - {
    "DOMAIN": "tv36.com", 
    "EXPIRATION": "2021-07-26 13:40:15", 
    "DAYS": "17 days, 11:40:13"
}
DEBUG 2021-07-09 02:08:41,091 - ####################################################################################################
DEBUG 2021-07-09 02:08:41,096 - DOMAIN ERROR
INFO 2021-07-09 02:08:41,096 - {
    "DOMAIN": "12859999.com", 
    "DOMAIN_CURL": 80, 
    "ERROR": "[Errno 110] Connection timed out"
}
DEBUG 2021-07-09 02:08:41,410 - ####################################################################################################
DEBUG 2021-07-09 02:08:41,416 - DOMAIN ERROR
INFO 2021-07-09 02:08:41,416 - {
    "DOMAIN": "12899888.com", 
    "DOMAIN_CURL": 80, 
    "ERROR": "[Errno 110] Connection timed out"
}
DEBUG 2021-07-09 02:09:07,070 - ####################################################################################################
DEBUG 2021-07-09 02:09:07,076 - DOMAIN ERROR
INFO 2021-07-09 02:09:07,076 - {
    "DOMAIN": "eu1988.com", 
    "DOMAIN_CURL": 0, 
    "ERROR": "[Errno 110] Connection timed out"
}
DEBUG 2021-07-09 02:09:14,378 - ####################################################################################################
DEBUG 2021-07-09 02:09:14,383 - DOMAIN ERROR
INFO 2021-07-09 02:09:14,384 - {
    "DOMAIN": "eu211.com", 
    "DOMAIN_CURL": 80, 
    "ERROR": "[Errno 110] Connection timed out"
}
DEBUG 2021-07-09 02:09:15,190 - ####################################################################################################
DEBUG 2021-07-09 02:09:15,195 - DOMAIN ERROR
INFO 2021-07-09 02:09:15,195 - {
    "DOMAIN": "www.eu1988.com", 
    "DOMAIN_CURL": 80, 
    "ERROR": "[Errno 110] Connection timed out"
}
DEBUG 2021-07-09 02:09:16,711 - ####################################################################################################
DEBUG 2021-07-09 02:09:16,717 - DOMAIN INFO
INFO 2021-07-09 02:09:16,717 - {
    "DOMAIN": "eu664.com", 
    "EXPIRATION": "2021-09-27 10:56:35", 
    "DAYS": "80 days, 8:47:19"
}
DEBUG 2021-07-09 02:09:53,487 - ####################################################################################################
DEBUG 2021-07-09 02:09:53,493 - DOMAIN ERROR
INFO 2021-07-09 02:09:53,493 - {
    "DOMAIN": "www.eu211.com", 
    "DOMAIN_CURL": 80, 
    "ERROR": "[Errno 110] Connection timed out"
}
DEBUG 2021-07-09 03:00:02,382 - ####################################################################################################
DEBUG 2021-07-09 03:00:02,388 - DOMAIN INFO
INFO 2021-07-09 03:00:02,388 - {
    "DOMAIN": "tv36.com", 
    "EXPIRATION": "2021-07-26 13:40:15", 
    "DAYS": "17 days, 10:40:13"
}
DEBUG 2021-07-09 03:08:38,846 - ####################################################################################################
DEBUG 2021-07-09 03:08:38,854 - DOMAIN INFO
INFO 2021-07-09 03:08:38,854 - {
    "DOMAIN": "www.eu1988.com", 
    "EXPIRATION": "2021-09-27 10:55:39", 
    "DAYS": "80 days, 7:47:01"
}
DEBUG 2021-07-09 03:08:40,297 - ####################################################################################################
DEBUG 2021-07-09 03:08:40,303 - DOMAIN ERROR
INFO 2021-07-09 03:08:40,304 - {
    "DOMAIN": "12859999.com", 
    "DOMAIN_CURL": 80, 
    "ERROR": "[Errno 110] Connection timed out"
}
DEBUG 2021-07-09 03:08:42,521 - ####################################################################################################
DEBUG 2021-07-09 03:08:42,529 - DOMAIN ERROR
INFO 2021-07-09 03:08:42,529 - {
    "DOMAIN": "12899888.com", 
    "DOMAIN_CURL": 80, 
    "ERROR": "[Errno 110] Connection timed out"
}
DEBUG 2021-07-09 03:08:44,355 - ####################################################################################################
DEBUG 2021-07-09 03:08:44,361 - DOMAIN INFO
INFO 2021-07-09 03:08:44,361 - {
    "DOMAIN": "eu1988.com", 
    "EXPIRATION": "2021-09-27 10:55:39", 
    "DAYS": "80 days, 7:46:55"
}
DEBUG 2021-07-09 03:08:48,264 - ####################################################################################################
DEBUG 2021-07-09 03:08:48,271 - DOMAIN INFO
INFO 2021-07-09 03:08:48,271 - {
    "DOMAIN": "www.eu211.com", 
    "EXPIRATION": "2021-09-27 10:56:03", 
    "DAYS": "80 days, 7:47:15"
}
DEBUG 2021-07-09 03:08:52,344 - ####################################################################################################
DEBUG 2021-07-09 03:08:52,351 - DOMAIN INFO
INFO 2021-07-09 03:08:52,351 - {
    "DOMAIN": "eu211.com", 
    "EXPIRATION": "2021-09-27 10:56:03", 
    "DAYS": "80 days, 7:47:11"
}
DEBUG 2021-07-09 03:08:59,899 - ####################################################################################################
DEBUG 2021-07-09 03:08:59,906 - DOMAIN INFO
INFO 2021-07-09 03:08:59,906 - {
    "DOMAIN": "eu664.com", 
    "EXPIRATION": "2021-09-27 10:56:35", 
    "DAYS": "80 days, 7:47:36"
}
DEBUG 2021-07-09 04:00:02,956 - ####################################################################################################
DEBUG 2021-07-09 04:00:02,962 - DOMAIN INFO
INFO 2021-07-09 04:00:02,962 - {
    "DOMAIN": "tv36.com", 
    "EXPIRATION": "2021-07-26 13:40:15", 
    "DAYS": "17 days, 9:40:13"
}
DEBUG 2021-07-09 04:08:44,013 - ####################################################################################################
DEBUG 2021-07-09 04:08:44,018 - DOMAIN ERROR
INFO 2021-07-09 04:08:44,019 - {
    "DOMAIN": "12859999.com", 
    "DOMAIN_CURL": 80, 
    "ERROR": "[Errno 110] Connection timed out"
}
DEBUG 2021-07-09 04:08:44,991 - ####################################################################################################
DEBUG 2021-07-09 04:08:44,997 - DOMAIN ERROR
INFO 2021-07-09 04:08:44,997 - {
    "DOMAIN": "12899888.com", 
    "DOMAIN_CURL": 80, 
    "ERROR": "[Errno 110] Connection timed out"
}
DEBUG 2021-07-09 04:08:47,312 - ####################################################################################################
DEBUG 2021-07-09 04:08:47,317 - DOMAIN INFO
INFO 2021-07-09 04:08:47,317 - {
    "DOMAIN": "eu1988.com", 
    "EXPIRATION": "2021-09-27 10:55:39", 
    "DAYS": "80 days, 6:46:52"
}
DEBUG 2021-07-09 04:08:47,743 - ####################################################################################################
DEBUG 2021-07-09 04:08:47,748 - DOMAIN INFO
INFO 2021-07-09 04:08:47,749 - {
    "DOMAIN": "www.eu1988.com", 
    "EXPIRATION": "2021-09-27 10:55:39", 
    "DAYS": "80 days, 6:46:52"
}
DEBUG 2021-07-09 04:08:53,583 - ####################################################################################################
DEBUG 2021-07-09 04:08:53,588 - DOMAIN INFO
INFO 2021-07-09 04:08:53,588 - {
    "DOMAIN": "eu211.com", 
    "EXPIRATION": "2021-09-27 10:56:03", 
    "DAYS": "80 days, 6:47:10"
}
DEBUG 2021-07-09 04:08:54,469 - ####################################################################################################
DEBUG 2021-07-09 04:08:54,475 - DOMAIN INFO
INFO 2021-07-09 04:08:54,476 - {
    "DOMAIN": "www.eu211.com", 
    "EXPIRATION": "2021-09-27 10:56:03", 
    "DAYS": "80 days, 6:47:09"
}
DEBUG 2021-07-09 04:09:01,698 - ####################################################################################################
DEBUG 2021-07-09 04:09:01,704 - DOMAIN INFO
INFO 2021-07-09 04:09:01,704 - {
    "DOMAIN": "eu664.com", 
    "EXPIRATION": "2021-09-27 10:56:35", 
    "DAYS": "80 days, 6:47:34"
}
DEBUG 2021-07-09 04:09:07,346 - ####################################################################################################
DEBUG 2021-07-09 04:09:07,351 - DOMAIN INFO
INFO 2021-07-09 04:09:07,352 - {
    "DOMAIN": "www.eu664.com", 
    "EXPIRATION": "2021-09-27 10:56:35", 
    "DAYS": "80 days, 6:47:28"
}
DEBUG 2021-07-09 04:09:08,673 - ####################################################################################################
DEBUG 2021-07-09 04:09:08,679 - DOMAIN INFO
INFO 2021-07-09 04:09:08,680 - {
    "DOMAIN": "eu686.com", 
    "EXPIRATION": "2021-09-27 10:51:12", 
    "DAYS": "80 days, 6:42:04"
}
DEBUG 2021-07-09 04:09:09,282 - ####################################################################################################
DEBUG 2021-07-09 04:09:09,289 - DOMAIN INFO
INFO 2021-07-09 04:09:09,289 - {
    "DOMAIN": "www.eu686.com", 
    "EXPIRATION": "2021-09-27 10:51:12", 
    "DAYS": "80 days, 6:42:03"
}
DEBUG 2021-07-09 05:00:02,561 - ####################################################################################################
DEBUG 2021-07-09 05:00:02,567 - DOMAIN INFO
INFO 2021-07-09 05:00:02,568 - {
    "DOMAIN": "tv36.com", 
    "EXPIRATION": "2021-07-26 13:40:15", 
    "DAYS": "17 days, 8:40:13"
}
DEBUG 2021-07-09 05:08:41,688 - ####################################################################################################
DEBUG 2021-07-09 05:08:41,693 - DOMAIN ERROR
INFO 2021-07-09 05:08:41,694 - {
    "DOMAIN": "12859999.com", 
    "DOMAIN_CURL": 80, 
    "ERROR": "[Errno 110] Connection timed out"
}
DEBUG 2021-07-09 05:08:44,414 - ####################################################################################################
DEBUG 2021-07-09 05:08:44,420 - DOMAIN ERROR
INFO 2021-07-09 05:08:44,420 - {
    "DOMAIN": "12899888.com", 
    "DOMAIN_CURL": 80, 
    "ERROR": "[Errno 110] Connection timed out"
}
DEBUG 2021-07-09 05:08:46,839 - ####################################################################################################
DEBUG 2021-07-09 05:08:46,845 - DOMAIN INFO
INFO 2021-07-09 05:08:46,845 - {
    "DOMAIN": "www.eu1988.com", 
    "EXPIRATION": "2021-09-27 10:55:39", 
    "DAYS": "80 days, 5:46:53"
}
DEBUG 2021-07-09 05:08:48,031 - ####################################################################################################
DEBUG 2021-07-09 05:08:48,037 - DOMAIN INFO
INFO 2021-07-09 05:08:48,037 - {
    "DOMAIN": "eu1988.com", 
    "EXPIRATION": "2021-09-27 10:55:39", 
    "DAYS": "80 days, 5:46:51"
}
DEBUG 2021-07-09 05:08:51,746 - ####################################################################################################
DEBUG 2021-07-09 05:08:51,752 - DOMAIN INFO
INFO 2021-07-09 05:08:51,752 - {
    "DOMAIN": "eu211.com", 
    "EXPIRATION": "2021-09-27 10:56:03", 
    "DAYS": "80 days, 5:47:12"
}
DEBUG 2021-07-09 05:08:54,486 - ####################################################################################################
DEBUG 2021-07-09 05:08:54,492 - DOMAIN INFO
INFO 2021-07-09 05:08:54,492 - {
    "DOMAIN": "www.eu211.com", 
    "EXPIRATION": "2021-09-27 10:56:03", 
    "DAYS": "80 days, 5:47:09"
}
DEBUG 2021-07-09 05:08:59,487 - ####################################################################################################
DEBUG 2021-07-09 05:08:59,493 - DOMAIN INFO
INFO 2021-07-09 05:08:59,493 - {
    "DOMAIN": "eu664.com", 
    "EXPIRATION": "2021-09-27 10:56:35", 
    "DAYS": "80 days, 5:47:36"
}
DEBUG 2021-07-09 05:09:06,561 - ####################################################################################################
DEBUG 2021-07-09 05:09:06,566 - DOMAIN INFO
INFO 2021-07-09 05:09:06,567 - {
    "DOMAIN": "www.eu664.com", 
    "EXPIRATION": "2021-09-27 10:56:35", 
    "DAYS": "80 days, 5:47:29"
}
DEBUG 2021-07-09 05:09:08,474 - ####################################################################################################
DEBUG 2021-07-09 05:09:08,479 - DOMAIN INFO
INFO 2021-07-09 05:09:08,479 - {
    "DOMAIN": "eu686.com", 
    "EXPIRATION": "2021-09-27 10:51:12", 
    "DAYS": "80 days, 5:42:04"
}
DEBUG 2021-07-09 05:09:08,666 - ####################################################################################################
DEBUG 2021-07-09 05:09:08,672 - DOMAIN INFO
INFO 2021-07-09 05:09:08,672 - {
    "DOMAIN": "www.eu686.com", 
    "EXPIRATION": "2021-09-27 10:51:12", 
    "DAYS": "80 days, 5:42:04"
}
DEBUG 2021-07-09 05:13:59,826 - ####################################################################################################
DEBUG 2021-07-09 05:13:59,832 - DOMAIN INFO
INFO 2021-07-09 05:13:59,833 - {
    "DOMAIN": "jbl6969.com", 
    "EXPIRATION": "2021-09-27 10:52:24", 
    "DAYS": "80 days, 5:38:25"
}
DEBUG 2021-07-09 05:14:00,797 - ####################################################################################################
DEBUG 2021-07-09 05:14:00,803 - DOMAIN INFO
INFO 2021-07-09 05:14:00,803 - {
    "DOMAIN": "jbl8010.com", 
    "EXPIRATION": "2021-09-27 07:14:32", 
    "DAYS": "80 days, 2:00:32"
}
DEBUG 2021-07-09 05:14:02,592 - ####################################################################################################
DEBUG 2021-07-09 05:14:02,598 - DOMAIN INFO
INFO 2021-07-09 05:14:02,599 - {
    "DOMAIN": "eu8080.com", 
    "EXPIRATION": "2021-09-27 03:41:48", 
    "DAYS": "79 days, 22:27:46"
}
DEBUG 2021-07-09 05:14:03,799 - ####################################################################################################
DEBUG 2021-07-09 05:14:03,804 - DOMAIN INFO
INFO 2021-07-09 05:14:03,804 - {
    "DOMAIN": "xt1996.com", 
    "EXPIRATION": "2021-09-26 23:55:43", 
    "DAYS": "79 days, 18:41:40"
}
DEBUG 2021-07-09 06:00:03,116 - ####################################################################################################
DEBUG 2021-07-09 06:00:03,122 - DOMAIN INFO
INFO 2021-07-09 06:00:03,123 - {
    "DOMAIN": "tv36.com", 
    "EXPIRATION": "2021-07-26 13:40:15", 
    "DAYS": "17 days, 7:40:12"
}
DEBUG 2021-07-09 06:08:43,331 - ####################################################################################################
DEBUG 2021-07-09 06:08:43,336 - DOMAIN ERROR
INFO 2021-07-09 06:08:43,336 - {
    "DOMAIN": "12859999.com", 
    "DOMAIN_CURL": 80, 
    "ERROR": "[Errno 110] Connection timed out"
}
DEBUG 2021-07-09 06:08:44,783 - ####################################################################################################
DEBUG 2021-07-09 06:08:44,789 - DOMAIN ERROR
INFO 2021-07-09 06:08:44,790 - {
    "DOMAIN": "12899888.com", 
    "DOMAIN_CURL": 80, 
    "ERROR": "[Errno 110] Connection timed out"
}
DEBUG 2021-07-09 06:08:47,657 - ####################################################################################################
DEBUG 2021-07-09 06:08:47,663 - DOMAIN INFO
INFO 2021-07-09 06:08:47,663 - {
    "DOMAIN": "eu1988.com", 
    "EXPIRATION": "2021-09-27 10:55:39", 
    "DAYS": "80 days, 4:46:52"
}
DEBUG 2021-07-09 06:08:47,819 - ####################################################################################################
DEBUG 2021-07-09 06:08:47,825 - DOMAIN INFO
INFO 2021-07-09 06:08:47,825 - {
    "DOMAIN": "www.eu1988.com", 
    "EXPIRATION": "2021-09-27 10:55:39", 
    "DAYS": "80 days, 4:46:52"
}
DEBUG 2021-07-09 06:08:56,370 - ####################################################################################################
DEBUG 2021-07-09 06:08:56,377 - DOMAIN INFO
INFO 2021-07-09 06:08:56,377 - {
    "DOMAIN": "eu211.com", 
    "EXPIRATION": "2021-09-27 10:56:03", 
    "DAYS": "80 days, 4:47:07"
}
DEBUG 2021-07-09 06:08:57,126 - ####################################################################################################
DEBUG 2021-07-09 06:08:57,132 - DOMAIN INFO
INFO 2021-07-09 06:08:57,132 - {
    "DOMAIN": "www.eu211.com", 
    "EXPIRATION": "2021-09-27 10:56:03", 
    "DAYS": "80 days, 4:47:06"
}
DEBUG 2021-07-09 06:08:59,543 - ####################################################################################################
DEBUG 2021-07-09 06:08:59,548 - DOMAIN INFO
INFO 2021-07-09 06:08:59,549 - {
    "DOMAIN": "eu664.com", 
    "EXPIRATION": "2021-09-27 10:56:35", 
    "DAYS": "80 days, 4:47:36"
}
DEBUG 2021-07-09 06:09:06,112 - ####################################################################################################
DEBUG 2021-07-09 06:09:06,118 - DOMAIN INFO
INFO 2021-07-09 06:09:06,118 - {
    "DOMAIN": "www.eu664.com", 
    "EXPIRATION": "2021-09-27 10:56:35", 
    "DAYS": "80 days, 4:47:29"
}
DEBUG 2021-07-09 06:09:07,346 - ####################################################################################################
DEBUG 2021-07-09 06:09:07,351 - DOMAIN INFO
INFO 2021-07-09 06:09:07,352 - {
    "DOMAIN": "eu686.com", 
    "EXPIRATION": "2021-09-27 10:51:12", 
    "DAYS": "80 days, 4:42:05"
}
DEBUG 2021-07-09 06:09:08,573 - ####################################################################################################
DEBUG 2021-07-09 06:09:08,578 - DOMAIN INFO
INFO 2021-07-09 06:09:08,579 - {
    "DOMAIN": "www.eu686.com", 
    "EXPIRATION": "2021-09-27 10:51:12", 
    "DAYS": "80 days, 4:42:04"
}
DEBUG 2021-07-09 06:14:07,341 - ####################################################################################################
DEBUG 2021-07-09 06:14:07,347 - DOMAIN INFO
INFO 2021-07-09 06:14:07,347 - {
    "DOMAIN": "jinshihao16.com", 
    "EXPIRATION": "2021-09-27 14:56:55", 
    "DAYS": "80 days, 8:42:48"
}
DEBUG 2021-07-09 06:14:07,825 - ####################################################################################################
DEBUG 2021-07-09 06:14:07,830 - DOMAIN INFO
INFO 2021-07-09 06:14:07,830 - {
    "DOMAIN": "xindeli081.com", 
    "EXPIRATION": "2021-09-27 10:49:55", 
    "DAYS": "80 days, 4:35:48"
}
DEBUG 2021-07-09 06:14:10,364 - ####################################################################################################
DEBUG 2021-07-09 06:14:10,371 - DOMAIN INFO
INFO 2021-07-09 06:14:10,371 - {
    "DOMAIN": "jbl8099.com", 
    "EXPIRATION": "2021-09-27 07:18:30", 
    "DAYS": "80 days, 1:04:20"
}
DEBUG 2021-07-09 06:14:11,842 - ####################################################################################################
DEBUG 2021-07-09 06:14:11,848 - DOMAIN INFO
INFO 2021-07-09 06:14:11,848 - {
    "DOMAIN": "jsh28.net", 
    "EXPIRATION": "2021-09-27 23:32:18", 
    "DAYS": "80 days, 17:18:07"
}
DEBUG 2021-07-09 06:14:12,407 - ####################################################################################################
DEBUG 2021-07-09 06:14:12,414 - DOMAIN INFO
INFO 2021-07-09 06:14:12,414 - {
    "DOMAIN": "eu898.com", 
    "EXPIRATION": "2021-09-27 10:55:22", 
    "DAYS": "80 days, 4:41:10"
}
DEBUG 2021-07-09 07:00:05,817 - ####################################################################################################
DEBUG 2021-07-09 07:00:05,823 - DOMAIN INFO
INFO 2021-07-09 07:00:05,823 - {
    "DOMAIN": "tv36.com", 
    "EXPIRATION": "2021-07-26 13:40:15", 
    "DAYS": "17 days, 6:40:10"
}
DEBUG 2021-07-09 07:08:42,677 - ####################################################################################################
DEBUG 2021-07-09 07:08:42,683 - DOMAIN ERROR
INFO 2021-07-09 07:08:42,683 - {
    "DOMAIN": "12859999.com", 
    "DOMAIN_CURL": 80, 
    "ERROR": "[Errno 110] Connection timed out"
}
DEBUG 2021-07-09 07:08:43,223 - ####################################################################################################
DEBUG 2021-07-09 07:08:43,229 - DOMAIN ERROR
INFO 2021-07-09 07:08:43,229 - {
    "DOMAIN": "12899888.com", 
    "DOMAIN_CURL": 80, 
    "ERROR": "[Errno 110] Connection timed out"
}
DEBUG 2021-07-09 08:00:02,068 - ####################################################################################################
DEBUG 2021-07-09 08:00:02,075 - DOMAIN INFO
INFO 2021-07-09 08:00:02,076 - {
    "DOMAIN": "tv36.com", 
    "EXPIRATION": "2021-07-26 13:40:15", 
    "DAYS": "17 days, 5:40:13"
}
DEBUG 2021-07-09 08:08:42,314 - ####################################################################################################
DEBUG 2021-07-09 08:08:42,319 - DOMAIN ERROR
INFO 2021-07-09 08:08:42,320 - {
    "DOMAIN": "12859999.com", 
    "DOMAIN_CURL": 80, 
    "ERROR": "[Errno 110] Connection timed out"
}
DEBUG 2021-07-09 08:08:44,686 - ####################################################################################################
DEBUG 2021-07-09 08:08:44,692 - DOMAIN ERROR
INFO 2021-07-09 08:08:44,692 - {
    "DOMAIN": "12899888.com", 
    "DOMAIN_CURL": 80, 
    "ERROR": "[Errno 110] Connection timed out"
}
DEBUG 2021-07-09 09:00:02,662 - ####################################################################################################
DEBUG 2021-07-09 09:00:02,667 - DOMAIN INFO
INFO 2021-07-09 09:00:02,667 - {
    "DOMAIN": "tv36.com", 
    "EXPIRATION": "2021-07-26 13:40:15", 
    "DAYS": "17 days, 4:40:13"
}
DEBUG 2021-07-09 09:08:40,831 - ####################################################################################################
DEBUG 2021-07-09 09:08:40,837 - DOMAIN ERROR
INFO 2021-07-09 09:08:40,837 - {
    "DOMAIN": "12859999.com", 
    "DOMAIN_CURL": 80, 
    "ERROR": "[Errno 110] Connection timed out"
}
DEBUG 2021-07-09 09:08:41,600 - ####################################################################################################
DEBUG 2021-07-09 09:08:41,606 - DOMAIN ERROR
INFO 2021-07-09 09:08:41,606 - {
    "DOMAIN": "12899888.com", 
    "DOMAIN_CURL": 80, 
    "ERROR": "[Errno 110] Connection timed out"
}
DEBUG 2021-07-09 10:00:02,536 - ####################################################################################################
DEBUG 2021-07-09 10:00:02,541 - DOMAIN INFO
INFO 2021-07-09 10:00:02,541 - {
    "DOMAIN": "tv36.com", 
    "EXPIRATION": "2021-07-26 13:40:15", 
    "DAYS": "17 days, 3:40:13"
}
DEBUG 2021-07-09 10:08:43,536 - ####################################################################################################
DEBUG 2021-07-09 10:08:43,542 - DOMAIN ERROR
INFO 2021-07-09 10:08:43,542 - {
    "DOMAIN": "12859999.com", 
    "DOMAIN_CURL": 80, 
    "ERROR": "[Errno 110] Connection timed out"
}
DEBUG 2021-07-09 10:08:45,459 - ####################################################################################################
DEBUG 2021-07-09 10:08:45,465 - DOMAIN ERROR
INFO 2021-07-09 10:08:45,465 - {
    "DOMAIN": "12899888.com", 
    "DOMAIN_CURL": 80, 
    "ERROR": "[Errno 110] Connection timed out"
}
DEBUG 2021-07-09 11:00:03,824 - ####################################################################################################
DEBUG 2021-07-09 11:00:03,829 - DOMAIN INFO
INFO 2021-07-09 11:00:03,829 - {
    "DOMAIN": "tv36.com", 
    "EXPIRATION": "2021-07-26 13:40:15", 
    "DAYS": "17 days, 2:40:12"
}
DEBUG 2021-07-09 11:08:43,868 - ####################################################################################################
DEBUG 2021-07-09 11:08:43,874 - DOMAIN ERROR
INFO 2021-07-09 11:08:43,874 - {
    "DOMAIN": "12859999.com", 
    "DOMAIN_CURL": 80, 
    "ERROR": "[Errno 110] Connection timed out"
}
DEBUG 2021-07-09 11:08:45,973 - ####################################################################################################
DEBUG 2021-07-09 11:08:45,979 - DOMAIN ERROR
INFO 2021-07-09 11:08:45,979 - {
    "DOMAIN": "12899888.com", 
    "DOMAIN_CURL": 80, 
    "ERROR": "[Errno 110] Connection timed out"
}
DEBUG 2021-07-09 12:00:01,580 - ####################################################################################################
DEBUG 2021-07-09 12:00:01,585 - DOMAIN INFO
INFO 2021-07-09 12:00:01,586 - {
    "DOMAIN": "tv36.com", 
    "EXPIRATION": "2021-07-26 13:40:15", 
    "DAYS": "17 days, 1:40:14"
}
DEBUG 2021-07-09 12:08:43,347 - ####################################################################################################
DEBUG 2021-07-09 12:08:43,353 - DOMAIN ERROR
INFO 2021-07-09 12:08:43,353 - {
    "DOMAIN": "12859999.com", 
    "DOMAIN_CURL": 80, 
    "ERROR": "[Errno 110] Connection timed out"
}
DEBUG 2021-07-09 12:08:45,087 - ####################################################################################################
DEBUG 2021-07-09 12:08:45,094 - DOMAIN ERROR
INFO 2021-07-09 12:08:45,094 - {
    "DOMAIN": "12899888.com", 
    "DOMAIN_CURL": 80, 
    "ERROR": "[Errno 110] Connection timed out"
}
DEBUG 2021-07-09 13:00:03,464 - ####################################################################################################
DEBUG 2021-07-09 13:00:03,469 - DOMAIN INFO
INFO 2021-07-09 13:00:03,469 - {
    "DOMAIN": "tv36.com", 
    "EXPIRATION": "2021-07-26 13:40:15", 
    "DAYS": "17 days, 0:40:12"
}
DEBUG 2021-07-09 13:08:43,014 - ####################################################################################################
DEBUG 2021-07-09 13:08:43,020 - DOMAIN ERROR
INFO 2021-07-09 13:08:43,020 - {
    "DOMAIN": "12859999.com", 
    "DOMAIN_CURL": 80, 
    "ERROR": "[Errno 110] Connection timed out"
}
DEBUG 2021-07-09 13:08:46,421 - ####################################################################################################
DEBUG 2021-07-09 13:08:46,427 - DOMAIN ERROR
INFO 2021-07-09 13:08:46,427 - {
    "DOMAIN": "12899888.com", 
    "DOMAIN_CURL": 80, 
    "ERROR": "[Errno 110] Connection timed out"
}
DEBUG 2021-07-09 14:00:03,002 - ####################################################################################################
DEBUG 2021-07-09 14:00:03,007 - DOMAIN INFO
INFO 2021-07-09 14:00:03,007 - {
    "DOMAIN": "tv36.com", 
    "EXPIRATION": "2021-07-26 13:40:15", 
    "DAYS": "16 days, 23:40:13"
}
DEBUG 2021-07-09 14:08:44,581 - ####################################################################################################
DEBUG 2021-07-09 14:08:44,588 - DOMAIN ERROR
INFO 2021-07-09 14:08:44,588 - {
    "DOMAIN": "12859999.com", 
    "DOMAIN_CURL": 80, 
    "ERROR": "[Errno 110] Connection timed out"
}
DEBUG 2021-07-09 14:08:48,266 - ####################################################################################################
DEBUG 2021-07-09 14:08:48,271 - DOMAIN ERROR
INFO 2021-07-09 14:08:48,271 - {
    "DOMAIN": "12899888.com", 
    "DOMAIN_CURL": 80, 
    "ERROR": "[Errno 110] Connection timed out"
}
DEBUG 2021-07-09 15:00:07,260 - ####################################################################################################
DEBUG 2021-07-09 15:00:07,266 - DOMAIN INFO
INFO 2021-07-09 15:00:07,266 - {
    "DOMAIN": "tv36.com", 
    "EXPIRATION": "2021-07-26 13:40:15", 
    "DAYS": "16 days, 22:40:08"
}
DEBUG 2021-07-09 15:08:47,812 - ####################################################################################################
DEBUG 2021-07-09 15:08:47,817 - DOMAIN ERROR
INFO 2021-07-09 15:08:47,818 - {
    "DOMAIN": "12859999.com", 
    "DOMAIN_CURL": 80, 
    "ERROR": "[Errno 110] Connection timed out"
}
DEBUG 2021-07-09 15:08:49,271 - ####################################################################################################
DEBUG 2021-07-09 15:08:49,276 - DOMAIN ERROR
INFO 2021-07-09 15:08:49,276 - {
    "DOMAIN": "12899888.com", 
    "DOMAIN_CURL": 80, 
    "ERROR": "[Errno 110] Connection timed out"
}
DEBUG 2021-07-09 16:00:03,529 - ####################################################################################################
DEBUG 2021-07-09 16:00:03,535 - DOMAIN INFO
INFO 2021-07-09 16:00:03,535 - {
    "DOMAIN": "tv36.com", 
    "EXPIRATION": "2021-07-26 13:40:15", 
    "DAYS": "16 days, 21:40:12"
}
DEBUG 2021-07-09 16:08:44,991 - ####################################################################################################
DEBUG 2021-07-09 16:08:44,997 - DOMAIN ERROR
INFO 2021-07-09 16:08:44,997 - {
    "DOMAIN": "12859999.com", 
    "DOMAIN_CURL": 79, 
    "ERROR": "[Errno 110] Connection timed out"
}
DEBUG 2021-07-09 16:08:47,137 - ####################################################################################################
DEBUG 2021-07-09 16:08:47,144 - DOMAIN ERROR
INFO 2021-07-09 16:08:47,144 - {
    "DOMAIN": "12899888.com", 
    "DOMAIN_CURL": 79, 
    "ERROR": "[Errno 110] Connection timed out"
}
DEBUG 2021-07-09 17:00:05,494 - ####################################################################################################
DEBUG 2021-07-09 17:00:05,500 - DOMAIN INFO
INFO 2021-07-09 17:00:05,500 - {
    "DOMAIN": "tv36.com", 
    "EXPIRATION": "2021-07-26 13:40:15", 
    "DAYS": "16 days, 20:40:10"
}
DEBUG 2021-07-09 17:08:42,581 - ####################################################################################################
DEBUG 2021-07-09 17:08:42,587 - DOMAIN ERROR
INFO 2021-07-09 17:08:42,587 - {
    "DOMAIN": "12859999.com", 
    "DOMAIN_CURL": 79, 
    "ERROR": "[Errno 110] Connection timed out"
}
DEBUG 2021-07-09 17:08:43,376 - ####################################################################################################
DEBUG 2021-07-09 17:08:43,382 - DOMAIN ERROR
INFO 2021-07-09 17:08:43,382 - {
    "DOMAIN": "12899888.com", 
    "DOMAIN_CURL": 79, 
    "ERROR": "[Errno 110] Connection timed out"
}
DEBUG 2021-07-09 18:08:45,648 - ####################################################################################################
DEBUG 2021-07-09 18:08:45,653 - DOMAIN ERROR
INFO 2021-07-09 18:08:45,653 - {
    "DOMAIN": "12859999.com", 
    "DOMAIN_CURL": 79, 
    "ERROR": "[Errno 110] Connection timed out"
}
DEBUG 2021-07-09 18:08:46,670 - ####################################################################################################
DEBUG 2021-07-09 18:08:46,676 - DOMAIN ERROR
INFO 2021-07-09 18:08:46,676 - {
    "DOMAIN": "12899888.com", 
    "DOMAIN_CURL": 79, 
    "ERROR": "[Errno 110] Connection timed out"
}
DEBUG 2021-07-09 19:08:43,146 - ####################################################################################################
DEBUG 2021-07-09 19:08:43,152 - DOMAIN ERROR
INFO 2021-07-09 19:08:43,152 - {
    "DOMAIN": "12859999.com", 
    "DOMAIN_CURL": 79, 
    "ERROR": "[Errno 110] Connection timed out"
}
DEBUG 2021-07-09 19:08:43,572 - ####################################################################################################
DEBUG 2021-07-09 19:08:43,579 - DOMAIN ERROR
INFO 2021-07-09 19:08:43,580 - {
    "DOMAIN": "12899888.com", 
    "DOMAIN_CURL": 79, 
    "ERROR": "[Errno 110] Connection timed out"
}
DEBUG 2021-07-09 20:00:02,343 - ####################################################################################################
DEBUG 2021-07-09 20:00:02,348 - DOMAIN INFO
INFO 2021-07-09 20:00:02,349 - {
    "DOMAIN": "tv36.com", 
    "EXPIRATION": "2021-07-26 13:40:15", 
    "DAYS": "16 days, 17:40:13"
}
DEBUG 2021-07-09 20:08:44,852 - ####################################################################################################
DEBUG 2021-07-09 20:08:44,858 - DOMAIN ERROR
INFO 2021-07-09 20:08:44,859 - {
    "DOMAIN": "12859999.com", 
    "DOMAIN_CURL": 79, 
    "ERROR": "[Errno 110] Connection timed out"
}
DEBUG 2021-07-09 20:08:45,705 - ####################################################################################################
DEBUG 2021-07-09 20:08:45,712 - DOMAIN ERROR
INFO 2021-07-09 20:08:45,712 - {
    "DOMAIN": "12899888.com", 
    "DOMAIN_CURL": 79, 
    "ERROR": "[Errno 110] Connection timed out"
}
DEBUG 2021-07-09 21:00:03,961 - ####################################################################################################
DEBUG 2021-07-09 21:00:03,966 - DOMAIN INFO
INFO 2021-07-09 21:00:03,966 - {
    "DOMAIN": "tv36.com", 
    "EXPIRATION": "2021-07-26 13:40:15", 
    "DAYS": "16 days, 16:40:12"
}
DEBUG 2021-07-09 21:08:42,349 - ####################################################################################################
DEBUG 2021-07-09 21:08:42,354 - DOMAIN ERROR
INFO 2021-07-09 21:08:42,354 - {
    "DOMAIN": "12859999.com", 
    "DOMAIN_CURL": 79, 
    "ERROR": "[Errno 110] Connection timed out"
}
DEBUG 2021-07-09 21:08:44,881 - ####################################################################################################
DEBUG 2021-07-09 21:08:44,888 - DOMAIN ERROR
INFO 2021-07-09 21:08:44,888 - {
    "DOMAIN": "12899888.com", 
    "DOMAIN_CURL": 79, 
    "ERROR": "[Errno 110] Connection timed out"
}
DEBUG 2021-07-09 22:00:01,234 - ####################################################################################################
DEBUG 2021-07-09 22:00:01,242 - DOMAIN INFO
INFO 2021-07-09 22:00:01,242 - {
    "DOMAIN": "tv36.com", 
    "EXPIRATION": "2021-07-26 13:40:15", 
    "DAYS": "16 days, 15:40:14"
}
DEBUG 2021-07-09 22:08:43,522 - ####################################################################################################
DEBUG 2021-07-09 22:08:43,527 - DOMAIN ERROR
INFO 2021-07-09 22:08:43,528 - {
    "DOMAIN": "12859999.com", 
    "DOMAIN_CURL": 79, 
    "ERROR": "[Errno 110] Connection timed out"
}
DEBUG 2021-07-09 22:08:44,306 - ####################################################################################################
DEBUG 2021-07-09 22:08:44,313 - DOMAIN ERROR
INFO 2021-07-09 22:08:44,313 - {
    "DOMAIN": "12899888.com", 
    "DOMAIN_CURL": 79, 
    "ERROR": "[Errno 110] Connection timed out"
}
DEBUG 2021-07-09 23:00:02,855 - ####################################################################################################
DEBUG 2021-07-09 23:00:02,860 - DOMAIN INFO
INFO 2021-07-09 23:00:02,860 - {
    "DOMAIN": "tv36.com", 
    "EXPIRATION": "2021-07-26 13:40:15", 
    "DAYS": "16 days, 14:40:13"
}
DEBUG 2021-07-09 23:08:43,244 - ####################################################################################################
DEBUG 2021-07-09 23:08:43,250 - DOMAIN ERROR
INFO 2021-07-09 23:08:43,251 - {
    "DOMAIN": "12859999.com", 
    "DOMAIN_CURL": 79, 
    "ERROR": "[Errno 110] Connection timed out"
}
DEBUG 2021-07-09 23:08:43,619 - ####################################################################################################
DEBUG 2021-07-09 23:08:43,625 - DOMAIN ERROR
INFO 2021-07-09 23:08:43,625 - {
    "DOMAIN": "12899888.com", 
    "DOMAIN_CURL": 79, 
    "ERROR": "[Errno 110] Connection timed out"
}
