DEBUG 2021-06-18 00:26:10,557 - ####################################################################################################
DEBUG 2021-06-18 00:26:10,562 - DOMAIN INFO
INFO 2021-06-18 00:26:10,563 - {
    "DOMAIN": "www.asiaroutes.com", 
    "EXPIRATION": "2021-06-23 16:11:35", 
    "DAYS": "5 days, 15:45:25"
}
DEBUG 2021-06-18 00:40:10,488 - ####################################################################################################
DEBUG 2021-06-18 00:40:10,494 - DOMAIN INFO
INFO 2021-06-18 00:40:10,494 - {
    "DOMAIN": "bakh5.xshny.com", 
    "EXPIRATION": "2022-06-18 07:59:59", 
    "DAYS": "365 days, 7:19:49"
}
DEBUG 2021-06-18 00:53:06,107 - ####################################################################################################
DEBUG 2021-06-18 00:53:06,113 - DOMAIN INFO
INFO 2021-06-18 00:53:06,113 - {
    "DOMAIN": "hujidi.com", 
    "EXPIRATION": "2021-07-06 10:49:33", 
    "DAYS": "18 days, 9:56:27"
}
DEBUG 2021-06-18 01:26:10,821 - ####################################################################################################
DEBUG 2021-06-18 01:26:10,827 - DOMAIN INFO
INFO 2021-06-18 01:26:10,827 - {
    "DOMAIN": "www.asiaroutes.com", 
    "EXPIRATION": "2021-06-23 16:11:35", 
    "DAYS": "5 days, 14:45:25"
}
DEBUG 2021-06-18 01:40:12,602 - ####################################################################################################
DEBUG 2021-06-18 01:40:12,608 - DOMAIN INFO
INFO 2021-06-18 01:40:12,608 - {
    "DOMAIN": "bakh5.xshny.com", 
    "EXPIRATION": "2022-06-18 07:59:59", 
    "DAYS": "365 days, 6:19:47"
}
DEBUG 2021-06-18 01:53:04,963 - ####################################################################################################
DEBUG 2021-06-18 01:53:04,969 - DOMAIN INFO
INFO 2021-06-18 01:53:04,969 - {
    "DOMAIN": "hujidi.com", 
    "EXPIRATION": "2021-07-06 10:49:33", 
    "DAYS": "18 days, 8:56:29"
}
DEBUG 2021-06-18 02:26:09,554 - ####################################################################################################
DEBUG 2021-06-18 02:26:09,560 - DOMAIN INFO
INFO 2021-06-18 02:26:09,560 - {
    "DOMAIN": "www.asiaroutes.com", 
    "EXPIRATION": "2021-06-23 16:11:35", 
    "DAYS": "5 days, 13:45:26"
}
DEBUG 2021-06-18 02:40:11,675 - ####################################################################################################
DEBUG 2021-06-18 02:40:11,680 - DOMAIN INFO
INFO 2021-06-18 02:40:11,681 - {
    "DOMAIN": "bakh5.xshny.com", 
    "EXPIRATION": "2022-06-18 07:59:59", 
    "DAYS": "365 days, 5:19:48"
}
DEBUG 2021-06-18 02:53:04,497 - ####################################################################################################
DEBUG 2021-06-18 02:53:04,503 - DOMAIN INFO
INFO 2021-06-18 02:53:04,503 - {
    "DOMAIN": "hujidi.com", 
    "EXPIRATION": "2021-07-06 10:49:33", 
    "DAYS": "18 days, 7:56:29"
}
DEBUG 2021-06-18 03:26:10,347 - ####################################################################################################
DEBUG 2021-06-18 03:26:10,353 - DOMAIN INFO
INFO 2021-06-18 03:26:10,353 - {
    "DOMAIN": "www.asiaroutes.com", 
    "EXPIRATION": "2021-06-23 16:11:35", 
    "DAYS": "5 days, 12:45:25"
}
DEBUG 2021-06-18 03:40:10,189 - ####################################################################################################
DEBUG 2021-06-18 03:40:10,195 - DOMAIN INFO
INFO 2021-06-18 03:40:10,195 - {
    "DOMAIN": "bakh5.xshny.com", 
    "EXPIRATION": "2022-06-18 07:59:59", 
    "DAYS": "365 days, 4:19:49"
}
DEBUG 2021-06-18 03:53:03,183 - ####################################################################################################
DEBUG 2021-06-18 03:53:03,188 - DOMAIN INFO
INFO 2021-06-18 03:53:03,188 - {
    "DOMAIN": "hujidi.com", 
    "EXPIRATION": "2021-07-06 10:49:33", 
    "DAYS": "18 days, 6:56:30"
}
DEBUG 2021-06-18 04:26:09,527 - ####################################################################################################
DEBUG 2021-06-18 04:26:09,532 - DOMAIN INFO
INFO 2021-06-18 04:26:09,533 - {
    "DOMAIN": "www.asiaroutes.com", 
    "EXPIRATION": "2021-06-23 16:11:35", 
    "DAYS": "5 days, 11:45:26"
}
DEBUG 2021-06-18 04:40:10,934 - ####################################################################################################
DEBUG 2021-06-18 04:40:10,939 - DOMAIN INFO
INFO 2021-06-18 04:40:10,940 - {
    "DOMAIN": "bakh5.xshny.com", 
    "EXPIRATION": "2022-06-18 07:59:59", 
    "DAYS": "365 days, 3:19:49"
}
DEBUG 2021-06-18 04:53:04,708 - ####################################################################################################
DEBUG 2021-06-18 04:53:04,714 - DOMAIN INFO
INFO 2021-06-18 04:53:04,715 - {
    "DOMAIN": "hujidi.com", 
    "EXPIRATION": "2021-07-06 10:49:33", 
    "DAYS": "18 days, 5:56:29"
}
DEBUG 2021-06-18 05:26:10,224 - ####################################################################################################
DEBUG 2021-06-18 05:26:10,229 - DOMAIN INFO
INFO 2021-06-18 05:26:10,229 - {
    "DOMAIN": "www.asiaroutes.com", 
    "EXPIRATION": "2021-06-23 16:11:35", 
    "DAYS": "5 days, 10:45:25"
}
DEBUG 2021-06-18 05:53:02,488 - ####################################################################################################
DEBUG 2021-06-18 05:53:02,493 - DOMAIN INFO
INFO 2021-06-18 05:53:02,493 - {
    "DOMAIN": "hujidi.com", 
    "EXPIRATION": "2021-07-06 10:49:33", 
    "DAYS": "18 days, 4:56:31"
}
DEBUG 2021-06-18 05:58:17,273 - ####################################################################################################
DEBUG 2021-06-18 05:58:17,279 - DOMAIN INFO
INFO 2021-06-18 05:58:17,279 - {
    "DOMAIN": "xindeli004.com", 
    "EXPIRATION": "2021-08-30 18:00:16", 
    "DAYS": "73 days, 12:01:59"
}
DEBUG 2021-06-18 05:58:17,734 - ####################################################################################################
DEBUG 2021-06-18 05:58:17,741 - DOMAIN INFO
INFO 2021-06-18 05:58:17,741 - {
    "DOMAIN": "55882000.com", 
    "EXPIRATION": "2021-08-31 01:01:31", 
    "DAYS": "73 days, 19:03:14"
}
DEBUG 2021-06-18 05:58:18,490 - ####################################################################################################
DEBUG 2021-06-18 05:58:18,495 - DOMAIN INFO
INFO 2021-06-18 05:58:18,495 - {
    "DOMAIN": "xbet866.com", 
    "EXPIRATION": "2021-08-30 07:56:09", 
    "DAYS": "73 days, 1:57:51"
}
DEBUG 2021-06-18 06:26:11,190 - ####################################################################################################
DEBUG 2021-06-18 06:26:11,195 - DOMAIN INFO
INFO 2021-06-18 06:26:11,196 - {
    "DOMAIN": "www.asiaroutes.com", 
    "EXPIRATION": "2021-06-23 16:11:35", 
    "DAYS": "5 days, 9:45:24"
}
DEBUG 2021-06-18 06:53:03,833 - ####################################################################################################
DEBUG 2021-06-18 06:53:03,839 - DOMAIN INFO
INFO 2021-06-18 06:53:03,839 - {
    "DOMAIN": "hujidi.com", 
    "EXPIRATION": "2021-07-06 10:49:33", 
    "DAYS": "18 days, 3:56:30"
}
DEBUG 2021-06-18 06:58:53,275 - ####################################################################################################
DEBUG 2021-06-18 06:58:53,281 - DOMAIN INFO
INFO 2021-06-18 06:58:53,281 - {
    "DOMAIN": "202000000.com", 
    "EXPIRATION": "2021-08-30 22:16:23", 
    "DAYS": "73 days, 15:17:30"
}
DEBUG 2021-06-18 06:58:54,076 - ####################################################################################################
DEBUG 2021-06-18 06:58:54,082 - DOMAIN INFO
INFO 2021-06-18 06:58:54,082 - {
    "DOMAIN": "jin49.com", 
    "EXPIRATION": "2021-08-30 07:29:31", 
    "DAYS": "73 days, 0:30:37"
}
DEBUG 2021-06-18 06:58:55,092 - ####################################################################################################
DEBUG 2021-06-18 06:58:55,097 - DOMAIN INFO
INFO 2021-06-18 06:58:55,098 - {
    "DOMAIN": "xbet126.com", 
    "EXPIRATION": "2021-08-29 14:43:17", 
    "DAYS": "72 days, 7:44:22"
}
DEBUG 2021-06-18 06:58:57,088 - ####################################################################################################
DEBUG 2021-06-18 06:58:57,093 - DOMAIN INFO
INFO 2021-06-18 06:58:57,094 - {
    "DOMAIN": "gts4.lxzzs.cn", 
    "EXPIRATION": "2021-08-23 13:16:56", 
    "DAYS": "66 days, 6:17:59"
}
DEBUG 2021-06-18 07:26:11,723 - ####################################################################################################
DEBUG 2021-06-18 07:26:11,728 - DOMAIN INFO
INFO 2021-06-18 07:26:11,729 - {
    "DOMAIN": "www.asiaroutes.com", 
    "EXPIRATION": "2021-06-23 16:11:35", 
    "DAYS": "5 days, 8:45:24"
}
DEBUG 2021-06-18 07:53:02,790 - ####################################################################################################
DEBUG 2021-06-18 07:53:02,796 - DOMAIN INFO
INFO 2021-06-18 07:53:02,796 - {
    "DOMAIN": "hujidi.com", 
    "EXPIRATION": "2021-07-06 10:49:33", 
    "DAYS": "18 days, 2:56:31"
}
DEBUG 2021-06-18 08:26:10,971 - ####################################################################################################
DEBUG 2021-06-18 08:26:10,975 - DOMAIN INFO
INFO 2021-06-18 08:26:10,976 - {
    "DOMAIN": "www.asiaroutes.com", 
    "EXPIRATION": "2021-06-23 16:11:35", 
    "DAYS": "5 days, 7:45:25"
}
DEBUG 2021-06-18 08:53:01,131 - ####################################################################################################
DEBUG 2021-06-18 08:53:01,136 - DOMAIN INFO
INFO 2021-06-18 08:53:01,136 - {
    "DOMAIN": "hujidi.com", 
    "EXPIRATION": "2021-07-06 10:49:33", 
    "DAYS": "18 days, 1:56:32"
}
DEBUG 2021-06-18 09:26:12,922 - ####################################################################################################
DEBUG 2021-06-18 09:26:12,928 - DOMAIN INFO
INFO 2021-06-18 09:26:12,928 - {
    "DOMAIN": "www.asiaroutes.com", 
    "EXPIRATION": "2021-06-23 16:11:35", 
    "DAYS": "5 days, 6:45:23"
}
DEBUG 2021-06-18 09:53:03,650 - ####################################################################################################
DEBUG 2021-06-18 09:53:03,656 - DOMAIN INFO
INFO 2021-06-18 09:53:03,657 - {
    "DOMAIN": "hujidi.com", 
    "EXPIRATION": "2021-07-06 10:49:33", 
    "DAYS": "18 days, 0:56:30"
}
DEBUG 2021-06-18 10:26:10,363 - ####################################################################################################
DEBUG 2021-06-18 10:26:10,369 - DOMAIN INFO
INFO 2021-06-18 10:26:10,369 - {
    "DOMAIN": "www.asiaroutes.com", 
    "EXPIRATION": "2021-06-23 16:11:35", 
    "DAYS": "5 days, 5:45:25"
}
DEBUG 2021-06-18 10:53:00,790 - ####################################################################################################
DEBUG 2021-06-18 10:53:00,795 - DOMAIN INFO
INFO 2021-06-18 10:53:00,795 - {
    "DOMAIN": "hujidi.com", 
    "EXPIRATION": "2021-07-06 10:49:33", 
    "DAYS": "17 days, 23:56:33"
}
DEBUG 2021-06-18 11:26:11,928 - ####################################################################################################
DEBUG 2021-06-18 11:26:11,934 - DOMAIN INFO
INFO 2021-06-18 11:26:11,935 - {
    "DOMAIN": "www.asiaroutes.com", 
    "EXPIRATION": "2021-06-23 16:11:35", 
    "DAYS": "5 days, 4:45:24"
}
DEBUG 2021-06-18 11:53:04,566 - ####################################################################################################
DEBUG 2021-06-18 11:53:04,572 - DOMAIN INFO
INFO 2021-06-18 11:53:04,572 - {
    "DOMAIN": "hujidi.com", 
    "EXPIRATION": "2021-07-06 10:49:33", 
    "DAYS": "17 days, 22:56:29"
}
DEBUG 2021-06-18 12:26:11,737 - ####################################################################################################
DEBUG 2021-06-18 12:26:11,742 - DOMAIN INFO
INFO 2021-06-18 12:26:11,743 - {
    "DOMAIN": "www.asiaroutes.com", 
    "EXPIRATION": "2021-06-23 16:11:35", 
    "DAYS": "5 days, 3:45:24"
}
DEBUG 2021-06-18 12:53:04,802 - ####################################################################################################
DEBUG 2021-06-18 12:53:04,808 - DOMAIN INFO
INFO 2021-06-18 12:53:04,808 - {
    "DOMAIN": "hujidi.com", 
    "EXPIRATION": "2021-07-06 10:49:33", 
    "DAYS": "17 days, 21:56:29"
}
DEBUG 2021-06-18 13:26:09,996 - ####################################################################################################
DEBUG 2021-06-18 13:26:10,003 - DOMAIN INFO
INFO 2021-06-18 13:26:10,003 - {
    "DOMAIN": "www.asiaroutes.com", 
    "EXPIRATION": "2021-06-23 16:11:35", 
    "DAYS": "5 days, 2:45:26"
}
DEBUG 2021-06-18 13:53:05,126 - ####################################################################################################
DEBUG 2021-06-18 13:53:05,132 - DOMAIN INFO
INFO 2021-06-18 13:53:05,132 - {
    "DOMAIN": "hujidi.com", 
    "EXPIRATION": "2021-07-06 10:49:33", 
    "DAYS": "17 days, 20:56:28"
}
DEBUG 2021-06-18 14:26:11,721 - ####################################################################################################
DEBUG 2021-06-18 14:26:11,727 - DOMAIN INFO
INFO 2021-06-18 14:26:11,728 - {
    "DOMAIN": "www.asiaroutes.com", 
    "EXPIRATION": "2021-06-23 16:11:35", 
    "DAYS": "5 days, 1:45:24"
}
DEBUG 2021-06-18 14:53:00,728 - ####################################################################################################
DEBUG 2021-06-18 14:53:00,734 - DOMAIN INFO
INFO 2021-06-18 14:53:00,734 - {
    "DOMAIN": "hujidi.com", 
    "EXPIRATION": "2021-07-06 10:49:33", 
    "DAYS": "17 days, 19:56:33"
}
DEBUG 2021-06-18 15:26:12,787 - ####################################################################################################
DEBUG 2021-06-18 15:26:12,793 - DOMAIN INFO
INFO 2021-06-18 15:26:12,793 - {
    "DOMAIN": "www.asiaroutes.com", 
    "EXPIRATION": "2021-06-23 16:11:35", 
    "DAYS": "5 days, 0:45:23"
}
DEBUG 2021-06-18 15:53:09,085 - ####################################################################################################
DEBUG 2021-06-18 15:53:09,090 - DOMAIN INFO
INFO 2021-06-18 15:53:09,091 - {
    "DOMAIN": "hujidi.com", 
    "EXPIRATION": "2021-07-06 10:49:33", 
    "DAYS": "17 days, 18:56:24"
}
DEBUG 2021-06-18 16:26:13,884 - ####################################################################################################
DEBUG 2021-06-18 16:26:13,890 - DOMAIN INFO
INFO 2021-06-18 16:26:13,891 - {
    "DOMAIN": "www.asiaroutes.com", 
    "EXPIRATION": "2021-06-23 16:11:35", 
    "DAYS": "4 days, 23:45:22"
}
DEBUG 2021-06-18 16:53:05,499 - ####################################################################################################
DEBUG 2021-06-18 16:53:05,506 - DOMAIN INFO
INFO 2021-06-18 16:53:05,506 - {
    "DOMAIN": "hujidi.com", 
    "EXPIRATION": "2021-07-06 10:49:33", 
    "DAYS": "17 days, 17:56:28"
}
DEBUG 2021-06-18 17:26:11,096 - ####################################################################################################
DEBUG 2021-06-18 17:26:11,102 - DOMAIN INFO
INFO 2021-06-18 17:26:11,103 - {
    "DOMAIN": "www.asiaroutes.com", 
    "EXPIRATION": "2021-06-23 16:11:35", 
    "DAYS": "4 days, 22:45:24"
}
DEBUG 2021-06-18 17:53:04,819 - ####################################################################################################
DEBUG 2021-06-18 17:53:04,825 - DOMAIN INFO
INFO 2021-06-18 17:53:04,825 - {
    "DOMAIN": "hujidi.com", 
    "EXPIRATION": "2021-07-06 10:49:33", 
    "DAYS": "17 days, 16:56:29"
}
DEBUG 2021-06-18 18:26:09,756 - ####################################################################################################
DEBUG 2021-06-18 18:26:09,762 - DOMAIN INFO
INFO 2021-06-18 18:26:09,762 - {
    "DOMAIN": "www.asiaroutes.com", 
    "EXPIRATION": "2021-06-23 16:11:35", 
    "DAYS": "4 days, 21:45:26"
}
DEBUG 2021-06-18 18:53:06,310 - ####################################################################################################
DEBUG 2021-06-18 18:53:06,316 - DOMAIN INFO
INFO 2021-06-18 18:53:06,316 - {
    "DOMAIN": "hujidi.com", 
    "EXPIRATION": "2021-07-06 10:49:33", 
    "DAYS": "17 days, 15:56:27"
}
DEBUG 2021-06-18 19:26:08,911 - ####################################################################################################
DEBUG 2021-06-18 19:26:08,916 - DOMAIN INFO
INFO 2021-06-18 19:26:08,917 - {
    "DOMAIN": "www.asiaroutes.com", 
    "EXPIRATION": "2021-06-23 16:11:35", 
    "DAYS": "4 days, 20:45:27"
}
DEBUG 2021-06-18 19:53:00,391 - ####################################################################################################
DEBUG 2021-06-18 19:53:00,396 - DOMAIN INFO
INFO 2021-06-18 19:53:00,396 - {
    "DOMAIN": "hujidi.com", 
    "EXPIRATION": "2021-07-06 10:49:33", 
    "DAYS": "17 days, 14:56:33"
}
DEBUG 2021-06-18 20:26:13,134 - ####################################################################################################
DEBUG 2021-06-18 20:26:13,140 - DOMAIN INFO
INFO 2021-06-18 20:26:13,140 - {
    "DOMAIN": "www.asiaroutes.com", 
    "EXPIRATION": "2021-06-23 16:11:35", 
    "DAYS": "4 days, 19:45:22"
}
DEBUG 2021-06-18 20:53:00,584 - ####################################################################################################
DEBUG 2021-06-18 20:53:00,590 - DOMAIN INFO
INFO 2021-06-18 20:53:00,590 - {
    "DOMAIN": "hujidi.com", 
    "EXPIRATION": "2021-07-06 10:49:33", 
    "DAYS": "17 days, 13:56:33"
}
DEBUG 2021-06-18 21:26:09,829 - ####################################################################################################
DEBUG 2021-06-18 21:26:09,834 - DOMAIN INFO
INFO 2021-06-18 21:26:09,834 - {
    "DOMAIN": "www.asiaroutes.com", 
    "EXPIRATION": "2021-06-23 16:11:35", 
    "DAYS": "4 days, 18:45:26"
}
DEBUG 2021-06-18 21:53:02,621 - ####################################################################################################
DEBUG 2021-06-18 21:53:02,626 - DOMAIN INFO
INFO 2021-06-18 21:53:02,627 - {
    "DOMAIN": "hujidi.com", 
    "EXPIRATION": "2021-07-06 10:49:33", 
    "DAYS": "17 days, 12:56:31"
}
DEBUG 2021-06-18 22:26:11,406 - ####################################################################################################
DEBUG 2021-06-18 22:26:11,412 - DOMAIN INFO
INFO 2021-06-18 22:26:11,412 - {
    "DOMAIN": "www.asiaroutes.com", 
    "EXPIRATION": "2021-06-23 16:11:35", 
    "DAYS": "4 days, 17:45:24"
}
DEBUG 2021-06-18 22:53:01,973 - ####################################################################################################
DEBUG 2021-06-18 22:53:01,979 - DOMAIN INFO
INFO 2021-06-18 22:53:01,979 - {
    "DOMAIN": "hujidi.com", 
    "EXPIRATION": "2021-07-06 10:49:33", 
    "DAYS": "17 days, 11:56:32"
}
DEBUG 2021-06-18 23:26:12,530 - ####################################################################################################
DEBUG 2021-06-18 23:26:12,535 - DOMAIN INFO
INFO 2021-06-18 23:26:12,536 - {
    "DOMAIN": "www.asiaroutes.com", 
    "EXPIRATION": "2021-06-23 16:11:35", 
    "DAYS": "4 days, 16:45:23"
}
DEBUG 2021-06-18 23:53:05,062 - ####################################################################################################
DEBUG 2021-06-18 23:53:05,067 - DOMAIN INFO
INFO 2021-06-18 23:53:05,067 - {
    "DOMAIN": "hujidi.com", 
    "EXPIRATION": "2021-07-06 10:49:33", 
    "DAYS": "17 days, 10:56:28"
}
