DEBUG 2021-07-12 00:00:02,288 - ####################################################################################################
DEBUG 2021-07-12 00:00:02,295 - DOMAIN INFO
INFO 2021-07-12 00:00:02,295 - {
    "DOMAIN": "tv36.com", 
    "EXPIRATION": "2021-07-26 13:40:15", 
    "DAYS": "14 days, 13:40:13"
}
DEBUG 2021-07-12 00:26:15,346 - ####################################################################################################
DEBUG 2021-07-12 00:26:15,353 - DOMAIN INFO
INFO 2021-07-12 00:26:15,353 - {
    "DOMAIN": "gci.987byh.com", 
    "EXPIRATION": "2021-07-30 07:59:59", 
    "DAYS": "18 days, 7:33:44"
}
DEBUG 2021-07-12 01:00:03,102 - ####################################################################################################
DEBUG 2021-07-12 01:00:03,108 - DOMAIN INFO
INFO 2021-07-12 01:00:03,108 - {
    "DOMAIN": "tv36.com", 
    "EXPIRATION": "2021-07-26 13:40:15", 
    "DAYS": "14 days, 12:40:12"
}
DEBUG 2021-07-12 01:26:15,711 - ####################################################################################################
DEBUG 2021-07-12 01:26:15,717 - DOMAIN INFO
INFO 2021-07-12 01:26:15,717 - {
    "DOMAIN": "gci.987byh.com", 
    "EXPIRATION": "2021-07-30 07:59:59", 
    "DAYS": "18 days, 6:33:44"
}
DEBUG 2021-07-12 02:00:04,351 - ####################################################################################################
DEBUG 2021-07-12 02:00:04,357 - DOMAIN INFO
INFO 2021-07-12 02:00:04,357 - {
    "DOMAIN": "tv36.com", 
    "EXPIRATION": "2021-07-26 13:40:15", 
    "DAYS": "14 days, 11:40:11"
}
DEBUG 2021-07-12 02:26:14,259 - ####################################################################################################
DEBUG 2021-07-12 02:26:14,264 - DOMAIN INFO
INFO 2021-07-12 02:26:14,264 - {
    "DOMAIN": "gci.987byh.com", 
    "EXPIRATION": "2021-07-30 07:59:59", 
    "DAYS": "18 days, 5:33:45"
}
DEBUG 2021-07-12 03:00:03,475 - ####################################################################################################
DEBUG 2021-07-12 03:00:03,480 - DOMAIN INFO
INFO 2021-07-12 03:00:03,480 - {
    "DOMAIN": "tv36.com", 
    "EXPIRATION": "2021-07-26 13:40:15", 
    "DAYS": "14 days, 10:40:12"
}
DEBUG 2021-07-12 03:26:14,093 - ####################################################################################################
DEBUG 2021-07-12 03:26:14,100 - DOMAIN INFO
INFO 2021-07-12 03:26:14,100 - {
    "DOMAIN": "gci.987byh.com", 
    "EXPIRATION": "2021-07-30 07:59:59", 
    "DAYS": "18 days, 4:33:45"
}
DEBUG 2021-07-12 04:00:02,526 - ####################################################################################################
DEBUG 2021-07-12 04:00:02,531 - DOMAIN INFO
INFO 2021-07-12 04:00:02,532 - {
    "DOMAIN": "tv36.com", 
    "EXPIRATION": "2021-07-26 13:40:15", 
    "DAYS": "14 days, 9:40:13"
}
DEBUG 2021-07-12 04:26:14,381 - ####################################################################################################
DEBUG 2021-07-12 04:26:14,387 - DOMAIN INFO
INFO 2021-07-12 04:26:14,387 - {
    "DOMAIN": "gci.987byh.com", 
    "EXPIRATION": "2021-07-30 07:59:59", 
    "DAYS": "18 days, 3:33:45"
}
DEBUG 2021-07-12 05:00:12,752 - ####################################################################################################
DEBUG 2021-07-12 05:00:12,757 - DOMAIN INFO
INFO 2021-07-12 05:00:12,758 - {
    "DOMAIN": "tv36.com", 
    "EXPIRATION": "2021-07-26 13:40:15", 
    "DAYS": "14 days, 8:40:03"
}
DEBUG 2021-07-12 05:26:17,202 - ####################################################################################################
DEBUG 2021-07-12 05:26:17,209 - DOMAIN INFO
INFO 2021-07-12 05:26:17,210 - {
    "DOMAIN": "gci.987byh.com", 
    "EXPIRATION": "2021-07-30 07:59:59", 
    "DAYS": "18 days, 2:33:42"
}
DEBUG 2021-07-12 05:31:06,631 - ####################################################################################################
DEBUG 2021-07-12 05:31:06,638 - DOMAIN INFO
INFO 2021-07-12 05:31:06,638 - {
    "DOMAIN": "npj0001.com", 
    "EXPIRATION": "2021-09-27 14:54:11", 
    "DAYS": "77 days, 9:23:05"
}
DEBUG 2021-07-12 05:31:08,622 - ####################################################################################################
DEBUG 2021-07-12 05:31:08,627 - DOMAIN INFO
INFO 2021-07-12 05:31:08,627 - {
    "DOMAIN": "kbl6666.com", 
    "EXPIRATION": "2021-09-28 05:47:36", 
    "DAYS": "78 days, 0:16:28"
}
DEBUG 2021-07-12 05:31:09,193 - ####################################################################################################
DEBUG 2021-07-12 05:31:09,199 - DOMAIN INFO
INFO 2021-07-12 05:31:09,199 - {
    "DOMAIN": "jin321.net", 
    "EXPIRATION": "2021-09-27 07:13:27", 
    "DAYS": "77 days, 1:42:18"
}
DEBUG 2021-07-12 05:31:12,560 - ####################################################################################################
DEBUG 2021-07-12 05:31:12,566 - DOMAIN INFO
INFO 2021-07-12 05:31:12,567 - {
    "DOMAIN": "jin833.com", 
    "EXPIRATION": "2021-09-26 00:13:15", 
    "DAYS": "75 days, 18:42:03"
}
DEBUG 2021-07-12 05:31:12,696 - ####################################################################################################
DEBUG 2021-07-12 05:31:12,703 - DOMAIN INFO
INFO 2021-07-12 05:31:12,703 - {
    "DOMAIN": "eu600.com", 
    "EXPIRATION": "2021-09-27 03:40:50", 
    "DAYS": "76 days, 22:09:38"
}
DEBUG 2021-07-12 05:31:14,076 - ####################################################################################################
DEBUG 2021-07-12 05:31:14,081 - DOMAIN INFO
INFO 2021-07-12 05:31:14,082 - {
    "DOMAIN": "cf380.com", 
    "EXPIRATION": "2021-09-27 23:38:10", 
    "DAYS": "77 days, 18:06:56"
}
DEBUG 2021-07-12 05:31:14,677 - ####################################################################################################
DEBUG 2021-07-12 05:31:14,683 - DOMAIN INFO
INFO 2021-07-12 05:31:14,683 - {
    "DOMAIN": "cf382.com", 
    "EXPIRATION": "2021-09-27 23:38:35", 
    "DAYS": "77 days, 18:07:21"
}
DEBUG 2021-07-12 05:31:15,151 - ####################################################################################################
DEBUG 2021-07-12 05:31:15,159 - DOMAIN INFO
INFO 2021-07-12 05:31:15,159 - {
    "DOMAIN": "cf383.com", 
    "EXPIRATION": "2021-09-27 23:38:43", 
    "DAYS": "77 days, 18:07:28"
}
DEBUG 2021-07-12 05:31:15,868 - ####################################################################################################
DEBUG 2021-07-12 05:31:15,875 - DOMAIN INFO
INFO 2021-07-12 05:31:15,875 - {
    "DOMAIN": "www.cf394.com", 
    "EXPIRATION": "2021-09-27 23:37:47", 
    "DAYS": "77 days, 18:06:32"
}
DEBUG 2021-07-12 05:31:17,371 - ####################################################################################################
DEBUG 2021-07-12 05:31:17,371 - ####################################################################################################
DEBUG 2021-07-12 05:31:17,376 - DOMAIN INFO
INFO 2021-07-12 05:31:17,376 - {
    "DOMAIN": "www.jsh521.com", 
    "EXPIRATION": "2021-09-27 14:32:43", 
    "DAYS": "77 days, 9:01:26"
}
DEBUG 2021-07-12 05:31:17,376 - DOMAIN INFO
INFO 2021-07-12 05:31:17,377 - {
    "DOMAIN": "jsh521.com", 
    "EXPIRATION": "2021-09-27 14:32:43", 
    "DAYS": "77 days, 9:01:26"
}
DEBUG 2021-07-12 05:31:18,774 - ####################################################################################################
DEBUG 2021-07-12 05:31:18,780 - DOMAIN INFO
INFO 2021-07-12 05:31:18,780 - {
    "DOMAIN": "www.cf391.com", 
    "EXPIRATION": "2021-09-27 23:37:55", 
    "DAYS": "77 days, 18:06:37"
}
DEBUG 2021-07-12 06:00:03,184 - ####################################################################################################
DEBUG 2021-07-12 06:00:03,190 - DOMAIN INFO
INFO 2021-07-12 06:00:03,190 - {
    "DOMAIN": "tv36.com", 
    "EXPIRATION": "2021-07-26 13:40:15", 
    "DAYS": "14 days, 7:40:12"
}
DEBUG 2021-07-12 06:26:15,684 - ####################################################################################################
DEBUG 2021-07-12 06:26:15,691 - DOMAIN INFO
INFO 2021-07-12 06:26:15,691 - {
    "DOMAIN": "gci.987byh.com", 
    "EXPIRATION": "2021-07-30 07:59:59", 
    "DAYS": "18 days, 1:33:44"
}
DEBUG 2021-07-12 06:31:10,905 - ####################################################################################################
DEBUG 2021-07-12 06:31:10,911 - DOMAIN PYTHON ERROR
INFO 2021-07-12 06:31:10,911 - {
    "DOMAIN": "kbl6666.com", 
    "PYTHON ERROR": "[Errno 101] Network is unreachable", 
    "DOMAIN_CURL": 77
}
DEBUG 2021-07-12 06:31:19,375 - ####################################################################################################
DEBUG 2021-07-12 06:31:19,380 - DOMAIN PYTHON ERROR
INFO 2021-07-12 06:31:19,380 - {
    "DOMAIN": "jsh521.com", 
    "PYTHON ERROR": "hostname 'jsh521.com' doesn't match either of '*.facebook.com', '*.facebook.net', '*.fbcdn.net', '*.fbsbx.com', '*.m.facebook.com', '*.messenger.com', '*.xx.fbcdn.net', '*.xy.fbcdn.net', '*.xz.fbcdn.net', 'facebook.com', 'messenger.com'", 
    "DOMAIN_CURL": 77
}
DEBUG 2021-07-12 06:31:19,984 - ####################################################################################################
DEBUG 2021-07-12 06:31:19,990 - DOMAIN PYTHON ERROR
INFO 2021-07-12 06:31:19,990 - {
    "DOMAIN": "www.jsh521.com", 
    "PYTHON ERROR": "hostname 'www.jsh521.com' doesn't match either of 'nytimes.com', '*.api.dev.nytimes.com', '*.api.nytimes.com', '*.api.stg.nytimes.com', '*.blogs.nytimes.com', '*.blogs.stg.nytimes.com', '*.dev.nyt.com', '*.dev.nyt.net', '*.dev.nytimes.com', '*.newsdev.nyt.net', '*.newsdev.nytimes.com', '*.nyt.com', '*.nyt.net', '*.nytco.com', '*.nytimes.com', '*.payflow.sbx.nytimes.com', '*.sbx.nytimes.com', '*.stg.newsdev.nyt.net', '*.stg.newsdev.nytimes.com', '*.stg.nyt.com', '*.stg.nyt.net', '*.stg.nytimes.com', '*.timestalks.com', 'nyt.com', 'nyt.net', 'nytco.com', 'timestalks.com', 'www.homedelivery.nytimes.com'", 
    "DOMAIN_CURL": 77
}
DEBUG 2021-07-12 06:31:24,886 - ####################################################################################################
DEBUG 2021-07-12 06:31:24,891 - DOMAIN INFO
INFO 2021-07-12 06:31:24,891 - {
    "DOMAIN": "18189000.com", 
    "EXPIRATION": "2021-09-27 23:10:44", 
    "DAYS": "77 days, 16:39:20"
}
DEBUG 2021-07-12 06:31:25,792 - ####################################################################################################
DEBUG 2021-07-12 06:31:25,797 - DOMAIN INFO
INFO 2021-07-12 06:31:25,797 - {
    "DOMAIN": "jblzm08.com", 
    "EXPIRATION": "2021-09-27 10:53:28", 
    "DAYS": "77 days, 4:22:03"
}
DEBUG 2021-07-12 06:31:26,293 - ####################################################################################################
DEBUG 2021-07-12 06:31:26,298 - DOMAIN INFO
INFO 2021-07-12 06:31:26,298 - {
    "DOMAIN": "xbet777.net", 
    "EXPIRATION": "2021-09-27 03:13:09", 
    "DAYS": "76 days, 20:41:43"
}
DEBUG 2021-07-12 06:31:27,364 - ####################################################################################################
DEBUG 2021-07-12 06:31:27,370 - DOMAIN INFO
INFO 2021-07-12 06:31:27,370 - {
    "DOMAIN": "xt1996.com", 
    "EXPIRATION": "2021-09-26 23:55:43", 
    "DAYS": "76 days, 17:24:16"
}
DEBUG 2021-07-12 06:31:27,401 - ####################################################################################################
DEBUG 2021-07-12 06:31:27,406 - DOMAIN INFO
INFO 2021-07-12 06:31:27,407 - {
    "DOMAIN": "v2r-sz1.qlinlin.top", 
    "EXPIRATION": "2021-08-22 11:14:39", 
    "DAYS": "41 days, 4:43:12"
}
DEBUG 2021-07-12 06:31:28,601 - ####################################################################################################
DEBUG 2021-07-12 06:31:28,608 - DOMAIN INFO
INFO 2021-07-12 06:31:28,609 - {
    "DOMAIN": "jin172.com", 
    "EXPIRATION": "2021-09-27 10:38:24", 
    "DAYS": "77 days, 4:06:56"
}
DEBUG 2021-07-12 06:31:29,583 - ####################################################################################################
DEBUG 2021-07-12 06:31:29,589 - DOMAIN INFO
INFO 2021-07-12 06:31:29,590 - {
    "DOMAIN": "sports.kball888.com", 
    "EXPIRATION": "2022-06-17 07:59:59", 
    "DAYS": "340 days, 1:28:30"
}
DEBUG 2021-07-12 06:31:29,601 - ####################################################################################################
DEBUG 2021-07-12 06:31:29,607 - DOMAIN INFO
INFO 2021-07-12 06:31:29,607 - {
    "DOMAIN": "eu338.com", 
    "EXPIRATION": "2021-09-27 23:28:53", 
    "DAYS": "77 days, 16:57:24"
}
DEBUG 2021-07-12 06:31:30,847 - ####################################################################################################
DEBUG 2021-07-12 06:31:30,852 - DOMAIN INFO
INFO 2021-07-12 06:31:30,852 - {
    "DOMAIN": "www.eu511.com", 
    "EXPIRATION": "2021-09-27 11:10:51", 
    "DAYS": "77 days, 4:39:21"
}
DEBUG 2021-07-12 06:31:31,170 - ####################################################################################################
DEBUG 2021-07-12 06:31:31,175 - DOMAIN INFO
INFO 2021-07-12 06:31:31,176 - {
    "DOMAIN": "cf812.com", 
    "EXPIRATION": "2021-10-02 23:50:00", 
    "DAYS": "82 days, 17:18:29"
}
DEBUG 2021-07-12 06:31:31,509 - ####################################################################################################
DEBUG 2021-07-12 06:31:31,514 - DOMAIN INFO
INFO 2021-07-12 06:31:31,514 - {
    "DOMAIN": "cf814.com", 
    "EXPIRATION": "2021-10-02 23:50:45", 
    "DAYS": "82 days, 17:19:14"
}
DEBUG 2021-07-12 06:31:32,614 - ####################################################################################################
DEBUG 2021-07-12 06:31:32,615 - ####################################################################################################
DEBUG 2021-07-12 06:31:32,620 - DOMAIN INFO
INFO 2021-07-12 06:31:32,620 - {
    "DOMAIN": "www.eu590.com", 
    "EXPIRATION": "2021-09-27 23:04:45", 
    "DAYS": "77 days, 16:33:13"
}
DEBUG 2021-07-12 06:31:32,621 - DOMAIN INFO
INFO 2021-07-12 06:31:32,621 - {
    "DOMAIN": "eu590.com", 
    "EXPIRATION": "2021-09-27 23:04:45", 
    "DAYS": "77 days, 16:33:13"
}
DEBUG 2021-07-12 06:31:33,263 - ####################################################################################################
DEBUG 2021-07-12 06:31:33,268 - DOMAIN INFO
INFO 2021-07-12 06:31:33,268 - {
    "DOMAIN": "wpc11.com", 
    "EXPIRATION": "2021-09-28 03:10:57", 
    "DAYS": "77 days, 20:39:24"
}
DEBUG 2021-07-12 06:31:33,909 - ####################################################################################################
DEBUG 2021-07-12 06:31:33,915 - DOMAIN INFO
INFO 2021-07-12 06:31:33,915 - {
    "DOMAIN": "www.wpc11.com", 
    "EXPIRATION": "2021-09-28 03:10:57", 
    "DAYS": "77 days, 20:39:24"
}
DEBUG 2021-07-12 06:31:34,345 - ####################################################################################################
DEBUG 2021-07-12 06:31:34,352 - DOMAIN INFO
INFO 2021-07-12 06:31:34,352 - {
    "DOMAIN": "wpc12.com", 
    "EXPIRATION": "2021-09-28 03:11:05", 
    "DAYS": "77 days, 20:39:31"
}
DEBUG 2021-07-12 06:31:35,306 - ####################################################################################################
DEBUG 2021-07-12 06:31:35,311 - DOMAIN INFO
INFO 2021-07-12 06:31:35,311 - {
    "DOMAIN": "www.wpc12.com", 
    "EXPIRATION": "2021-09-28 03:11:05", 
    "DAYS": "77 days, 20:39:30"
}
DEBUG 2021-07-12 07:00:03,624 - ####################################################################################################
DEBUG 2021-07-12 07:00:03,629 - DOMAIN INFO
INFO 2021-07-12 07:00:03,630 - {
    "DOMAIN": "tv36.com", 
    "EXPIRATION": "2021-07-26 13:40:15", 
    "DAYS": "14 days, 6:40:12"
}
DEBUG 2021-07-12 07:26:15,139 - ####################################################################################################
DEBUG 2021-07-12 07:26:15,145 - DOMAIN INFO
INFO 2021-07-12 07:26:15,146 - {
    "DOMAIN": "gci.987byh.com", 
    "EXPIRATION": "2021-07-30 07:59:59", 
    "DAYS": "18 days, 0:33:44"
}
DEBUG 2021-07-12 07:31:09,239 - ####################################################################################################
DEBUG 2021-07-12 07:31:09,246 - DOMAIN PYTHON ERROR
INFO 2021-07-12 07:31:09,246 - {
    "DOMAIN": "kbl6666.com", 
    "PYTHON ERROR": "[Errno 101] Network is unreachable", 
    "DOMAIN_CURL": 77
}
DEBUG 2021-07-12 07:31:20,271 - ####################################################################################################
DEBUG 2021-07-12 07:31:20,276 - DOMAIN INFO
INFO 2021-07-12 07:31:20,277 - {
    "DOMAIN": "www.jsh521.com", 
    "EXPIRATION": "2021-09-27 14:32:43", 
    "DAYS": "77 days, 7:01:23"
}
DEBUG 2021-07-12 07:31:23,414 - ####################################################################################################
DEBUG 2021-07-12 07:31:23,420 - DOMAIN PYTHON ERROR
INFO 2021-07-12 07:31:23,421 - {
    "DOMAIN": "jsh521.com", 
    "PYTHON ERROR": "[Errno 101] Network is unreachable", 
    "DOMAIN_CURL": 76
}
DEBUG 2021-07-12 07:31:27,629 - ####################################################################################################
DEBUG 2021-07-12 07:31:27,634 - DOMAIN PYTHON ERROR
INFO 2021-07-12 07:31:27,635 - {
    "DOMAIN": "jin172.com", 
    "PYTHON ERROR": "hostname 'jin172.com' doesn't match either of '*.facebook.com', '*.facebook.net', '*.fbcdn.net', '*.fbsbx.com', '*.m.facebook.com', '*.messenger.com', '*.xx.fbcdn.net', '*.xy.fbcdn.net', '*.xz.fbcdn.net', 'facebook.com', 'messenger.com'", 
    "DOMAIN_CURL": 76
}
DEBUG 2021-07-12 07:31:31,894 - ####################################################################################################
DEBUG 2021-07-12 07:31:31,900 - DOMAIN INFO
INFO 2021-07-12 07:31:31,900 - {
    "DOMAIN": "www.eu590.com", 
    "EXPIRATION": "2021-09-27 23:04:45", 
    "DAYS": "77 days, 15:33:14"
}
DEBUG 2021-07-12 07:31:32,407 - ####################################################################################################
DEBUG 2021-07-12 07:31:32,413 - DOMAIN INFO
INFO 2021-07-12 07:31:32,413 - {
    "DOMAIN": "eu590.com", 
    "EXPIRATION": "2021-09-27 23:04:45", 
    "DAYS": "77 days, 15:33:13"
}
DEBUG 2021-07-12 08:00:01,821 - ####################################################################################################
DEBUG 2021-07-12 08:00:01,826 - DOMAIN INFO
INFO 2021-07-12 08:00:01,826 - {
    "DOMAIN": "tv36.com", 
    "EXPIRATION": "2021-07-26 13:40:15", 
    "DAYS": "14 days, 5:40:14"
}
DEBUG 2021-07-12 08:26:17,916 - ####################################################################################################
DEBUG 2021-07-12 08:26:17,923 - DOMAIN INFO
INFO 2021-07-12 08:26:17,923 - {
    "DOMAIN": "gci.987byh.com", 
    "EXPIRATION": "2021-07-30 07:59:59", 
    "DAYS": "17 days, 23:33:42"
}
DEBUG 2021-07-12 08:31:13,036 - ####################################################################################################
DEBUG 2021-07-12 08:31:13,042 - DOMAIN PYTHON ERROR
INFO 2021-07-12 08:31:13,042 - {
    "DOMAIN": "kbl6666.com", 
    "PYTHON ERROR": "[Errno 101] Network is unreachable", 
    "DOMAIN_CURL": 77
}
DEBUG 2021-07-12 08:31:21,783 - ####################################################################################################
DEBUG 2021-07-12 08:31:21,788 - DOMAIN PYTHON ERROR
INFO 2021-07-12 08:31:21,789 - {
    "DOMAIN": "jsh521.com", 
    "PYTHON ERROR": "[Errno 101] Network is unreachable", 
    "DOMAIN_CURL": 76
}
DEBUG 2021-07-12 08:31:27,033 - ####################################################################################################
DEBUG 2021-07-12 08:31:27,038 - DOMAIN PYTHON ERROR
INFO 2021-07-12 08:31:27,038 - {
    "DOMAIN": "www.jsh521.com", 
    "PYTHON ERROR": "[Errno 101] Network is unreachable", 
    "DOMAIN_CURL": 76
}
DEBUG 2021-07-12 08:31:30,866 - ####################################################################################################
DEBUG 2021-07-12 08:31:30,872 - DOMAIN INFO
INFO 2021-07-12 08:31:30,872 - {
    "DOMAIN": "jin172.com", 
    "EXPIRATION": "2021-09-27 10:38:24", 
    "DAYS": "77 days, 2:06:54"
}
DEBUG 2021-07-12 08:31:33,206 - ####################################################################################################
DEBUG 2021-07-12 08:31:33,212 - DOMAIN INFO
INFO 2021-07-12 08:31:33,212 - {
    "DOMAIN": "eu590.com", 
    "EXPIRATION": "2021-09-27 23:04:45", 
    "DAYS": "77 days, 14:33:12"
}
DEBUG 2021-07-12 08:31:33,471 - ####################################################################################################
DEBUG 2021-07-12 08:31:33,478 - DOMAIN PYTHON ERROR
INFO 2021-07-12 08:31:33,478 - {
    "DOMAIN": "www.eu590.com", 
    "PYTHON ERROR": "[Errno 104] Connection reset by peer", 
    "DOMAIN_CURL": 77
}
DEBUG 2021-07-12 09:00:02,715 - ####################################################################################################
DEBUG 2021-07-12 09:00:02,721 - DOMAIN INFO
INFO 2021-07-12 09:00:02,721 - {
    "DOMAIN": "tv36.com", 
    "EXPIRATION": "2021-07-26 13:40:15", 
    "DAYS": "14 days, 4:40:13"
}
DEBUG 2021-07-12 09:26:18,705 - ####################################################################################################
DEBUG 2021-07-12 09:26:18,711 - DOMAIN INFO
INFO 2021-07-12 09:26:18,711 - {
    "DOMAIN": "gci.987byh.com", 
    "EXPIRATION": "2021-07-30 07:59:59", 
    "DAYS": "17 days, 22:33:41"
}
DEBUG 2021-07-12 09:31:11,083 - ####################################################################################################
DEBUG 2021-07-12 09:31:11,089 - DOMAIN PYTHON ERROR
INFO 2021-07-12 09:31:11,089 - {
    "DOMAIN": "kbl6666.com", 
    "PYTHON ERROR": "[Errno 101] Network is unreachable", 
    "DOMAIN_CURL": 77
}
DEBUG 2021-07-12 09:31:21,571 - ####################################################################################################
DEBUG 2021-07-12 09:31:21,578 - DOMAIN PYTHON ERROR
INFO 2021-07-12 09:31:21,578 - {
    "DOMAIN": "jsh521.com", 
    "PYTHON ERROR": "[Errno 101] Network is unreachable", 
    "DOMAIN_CURL": 76
}
DEBUG 2021-07-12 09:31:25,785 - ####################################################################################################
DEBUG 2021-07-12 09:31:25,791 - DOMAIN PYTHON ERROR
INFO 2021-07-12 09:31:25,791 - {
    "DOMAIN": "jin172.com", 
    "PYTHON ERROR": "hostname 'jin172.com' doesn't match either of '*.facebook.com', '*.facebook.net', '*.fbcdn.net', '*.fbsbx.com', '*.m.facebook.com', '*.messenger.com', '*.xx.fbcdn.net', '*.xy.fbcdn.net', '*.xz.fbcdn.net', 'facebook.com', 'messenger.com'", 
    "DOMAIN_CURL": 76
}
DEBUG 2021-07-12 09:31:31,322 - ####################################################################################################
DEBUG 2021-07-12 09:31:31,328 - DOMAIN INFO
INFO 2021-07-12 09:31:31,329 - {
    "DOMAIN": "www.eu590.com", 
    "EXPIRATION": "2021-09-27 23:04:45", 
    "DAYS": "77 days, 13:33:14"
}
DEBUG 2021-07-12 09:31:35,743 - ####################################################################################################
DEBUG 2021-07-12 09:31:35,749 - DOMAIN PYTHON ERROR
INFO 2021-07-12 09:31:35,749 - {
    "DOMAIN": "eu590.com", 
    "PYTHON ERROR": "[Errno 101] Network is unreachable", 
    "DOMAIN_CURL": 77
}
DEBUG 2021-07-12 09:31:41,613 - ####################################################################################################
DEBUG 2021-07-12 09:31:41,620 - DOMAIN PYTHON ERROR
INFO 2021-07-12 09:31:41,620 - {
    "DOMAIN": "www.jsh521.com", 
    "PYTHON ERROR": "hostname 'www.jsh521.com' doesn't match either of '*.facebook.com', '*.facebook.net', '*.fbcdn.net', '*.fbsbx.com', '*.m.facebook.com', '*.messenger.com', '*.xx.fbcdn.net', '*.xy.fbcdn.net', '*.xz.fbcdn.net', 'facebook.com', 'messenger.com'", 
    "DOMAIN_CURL": 0
}
DEBUG 2021-07-12 10:00:03,427 - ####################################################################################################
DEBUG 2021-07-12 10:00:03,432 - DOMAIN INFO
INFO 2021-07-12 10:00:03,432 - {
    "DOMAIN": "tv36.com", 
    "EXPIRATION": "2021-07-26 13:40:15", 
    "DAYS": "14 days, 3:40:12"
}
DEBUG 2021-07-12 10:26:18,058 - ####################################################################################################
DEBUG 2021-07-12 10:26:18,065 - DOMAIN INFO
INFO 2021-07-12 10:26:18,065 - {
    "DOMAIN": "gci.987byh.com", 
    "EXPIRATION": "2021-07-30 07:59:59", 
    "DAYS": "17 days, 21:33:41"
}
DEBUG 2021-07-12 10:31:07,627 - ####################################################################################################
DEBUG 2021-07-12 10:31:07,634 - DOMAIN INFO
INFO 2021-07-12 10:31:07,635 - {
    "DOMAIN": "kbl6666.com", 
    "EXPIRATION": "2021-09-28 05:47:36", 
    "DAYS": "77 days, 19:16:29"
}
DEBUG 2021-07-12 10:31:14,910 - ####################################################################################################
DEBUG 2021-07-12 10:31:14,915 - DOMAIN INFO
INFO 2021-07-12 10:31:14,916 - {
    "DOMAIN": "www.jsh521.com", 
    "EXPIRATION": "2021-09-27 14:32:43", 
    "DAYS": "77 days, 4:01:29"
}
DEBUG 2021-07-12 10:31:19,301 - ####################################################################################################
DEBUG 2021-07-12 10:31:19,306 - DOMAIN INFO
INFO 2021-07-12 10:31:19,306 - {
    "DOMAIN": "jsh521.com", 
    "EXPIRATION": "2021-09-27 14:32:43", 
    "DAYS": "77 days, 4:01:24"
}
DEBUG 2021-07-12 10:31:27,724 - ####################################################################################################
DEBUG 2021-07-12 10:31:27,730 - DOMAIN PYTHON ERROR
INFO 2021-07-12 10:31:27,730 - {
    "DOMAIN": "jin172.com", 
    "PYTHON ERROR": "[Errno 101] Network is unreachable", 
    "DOMAIN_CURL": 76
}
DEBUG 2021-07-12 10:31:31,650 - ####################################################################################################
DEBUG 2021-07-12 10:31:31,655 - DOMAIN PYTHON ERROR
INFO 2021-07-12 10:31:31,656 - {
    "DOMAIN": "www.eu590.com", 
    "PYTHON ERROR": "[Errno 101] Network is unreachable", 
    "DOMAIN_CURL": 77
}
DEBUG 2021-07-12 10:31:35,127 - ####################################################################################################
DEBUG 2021-07-12 10:31:35,134 - DOMAIN PYTHON ERROR
INFO 2021-07-12 10:31:35,134 - {
    "DOMAIN": "eu590.com", 
    "PYTHON ERROR": "[Errno 101] Network is unreachable", 
    "DOMAIN_CURL": 77
}
DEBUG 2021-07-12 11:00:02,981 - ####################################################################################################
DEBUG 2021-07-12 11:00:02,987 - DOMAIN INFO
INFO 2021-07-12 11:00:02,987 - {
    "DOMAIN": "tv36.com", 
    "EXPIRATION": "2021-07-26 13:40:15", 
    "DAYS": "14 days, 2:40:13"
}
DEBUG 2021-07-12 11:26:15,714 - ####################################################################################################
DEBUG 2021-07-12 11:26:15,720 - DOMAIN INFO
INFO 2021-07-12 11:26:15,720 - {
    "DOMAIN": "gci.987byh.com", 
    "EXPIRATION": "2021-07-30 07:59:59", 
    "DAYS": "17 days, 20:33:44"
}
DEBUG 2021-07-12 11:31:08,467 - ####################################################################################################
DEBUG 2021-07-12 11:31:08,473 - DOMAIN INFO
INFO 2021-07-12 11:31:08,474 - {
    "DOMAIN": "kbl6666.com", 
    "EXPIRATION": "2021-09-28 05:47:36", 
    "DAYS": "77 days, 18:16:28"
}
DEBUG 2021-07-12 11:31:18,026 - ####################################################################################################
DEBUG 2021-07-12 11:31:18,031 - DOMAIN INFO
INFO 2021-07-12 11:31:18,031 - {
    "DOMAIN": "jsh521.com", 
    "EXPIRATION": "2021-09-27 14:32:43", 
    "DAYS": "77 days, 3:01:25"
}
DEBUG 2021-07-12 11:31:18,492 - ####################################################################################################
DEBUG 2021-07-12 11:31:18,498 - DOMAIN INFO
INFO 2021-07-12 11:31:18,498 - {
    "DOMAIN": "www.jsh521.com", 
    "EXPIRATION": "2021-09-27 14:32:43", 
    "DAYS": "77 days, 3:01:25"
}
DEBUG 2021-07-12 11:31:27,511 - ####################################################################################################
DEBUG 2021-07-12 11:31:27,519 - DOMAIN INFO
INFO 2021-07-12 11:31:27,519 - {
    "DOMAIN": "jin172.com", 
    "EXPIRATION": "2021-09-27 10:38:24", 
    "DAYS": "76 days, 23:06:57"
}
DEBUG 2021-07-12 11:31:30,713 - ####################################################################################################
DEBUG 2021-07-12 11:31:30,719 - DOMAIN INFO
INFO 2021-07-12 11:31:30,720 - {
    "DOMAIN": "www.eu590.com", 
    "EXPIRATION": "2021-09-27 23:04:45", 
    "DAYS": "77 days, 11:33:15"
}
DEBUG 2021-07-12 11:31:31,331 - ####################################################################################################
DEBUG 2021-07-12 11:31:31,337 - DOMAIN INFO
INFO 2021-07-12 11:31:31,338 - {
    "DOMAIN": "eu590.com", 
    "EXPIRATION": "2021-09-27 23:04:45", 
    "DAYS": "77 days, 11:33:14"
}
DEBUG 2021-07-12 12:00:02,802 - ####################################################################################################
DEBUG 2021-07-12 12:00:02,807 - DOMAIN INFO
INFO 2021-07-12 12:00:02,807 - {
    "DOMAIN": "tv36.com", 
    "EXPIRATION": "2021-07-26 13:40:15", 
    "DAYS": "14 days, 1:40:13"
}
DEBUG 2021-07-12 12:26:18,778 - ####################################################################################################
DEBUG 2021-07-12 12:26:18,785 - DOMAIN INFO
INFO 2021-07-12 12:26:18,785 - {
    "DOMAIN": "gci.987byh.com", 
    "EXPIRATION": "2021-07-30 07:59:59", 
    "DAYS": "17 days, 19:33:41"
}
DEBUG 2021-07-12 12:31:11,744 - ####################################################################################################
DEBUG 2021-07-12 12:31:11,750 - DOMAIN PYTHON ERROR
INFO 2021-07-12 12:31:11,750 - {
    "DOMAIN": "kbl6666.com", 
    "PYTHON ERROR": "[Errno 104] Connection reset by peer", 
    "DOMAIN_CURL": 77
}
DEBUG 2021-07-12 12:31:24,116 - ####################################################################################################
DEBUG 2021-07-12 12:31:24,121 - DOMAIN PYTHON ERROR
INFO 2021-07-12 12:31:24,121 - {
    "DOMAIN": "jsh521.com", 
    "PYTHON ERROR": "[Errno 101] Network is unreachable", 
    "DOMAIN_CURL": 76
}
DEBUG 2021-07-12 12:31:25,796 - ####################################################################################################
DEBUG 2021-07-12 12:31:25,801 - DOMAIN PYTHON ERROR
INFO 2021-07-12 12:31:25,801 - {
    "DOMAIN": "www.jsh521.com", 
    "PYTHON ERROR": "hostname 'www.jsh521.com' doesn't match either of '*.facebook.com', '*.facebook.net', '*.fbcdn.net', '*.fbsbx.com', '*.m.facebook.com', '*.messenger.com', '*.xx.fbcdn.net', '*.xy.fbcdn.net', '*.xz.fbcdn.net', 'facebook.com', 'messenger.com'", 
    "DOMAIN_CURL": 76
}
DEBUG 2021-07-12 12:31:35,809 - ####################################################################################################
DEBUG 2021-07-12 12:31:35,816 - DOMAIN PYTHON ERROR
INFO 2021-07-12 12:31:35,816 - {
    "DOMAIN": "jin172.com", 
    "PYTHON ERROR": "[Errno 101] Network is unreachable", 
    "DOMAIN_CURL": 76
}
DEBUG 2021-07-12 12:31:38,046 - ####################################################################################################
DEBUG 2021-07-12 12:31:38,052 - DOMAIN PYTHON ERROR
INFO 2021-07-12 12:31:38,052 - {
    "DOMAIN": "eu590.com", 
    "PYTHON ERROR": "[Errno 101] Network is unreachable", 
    "DOMAIN_CURL": 77
}
DEBUG 2021-07-12 12:31:38,286 - ####################################################################################################
DEBUG 2021-07-12 12:31:38,292 - DOMAIN PYTHON ERROR
INFO 2021-07-12 12:31:38,292 - {
    "DOMAIN": "www.eu590.com", 
    "PYTHON ERROR": "[Errno 101] Network is unreachable", 
    "DOMAIN_CURL": 77
}
DEBUG 2021-07-12 13:00:03,959 - ####################################################################################################
DEBUG 2021-07-12 13:00:03,965 - DOMAIN INFO
INFO 2021-07-12 13:00:03,965 - {
    "DOMAIN": "tv36.com", 
    "EXPIRATION": "2021-07-26 13:40:15", 
    "DAYS": "14 days, 0:40:12"
}
DEBUG 2021-07-12 13:26:17,720 - ####################################################################################################
DEBUG 2021-07-12 13:26:17,726 - DOMAIN INFO
INFO 2021-07-12 13:26:17,726 - {
    "DOMAIN": "gci.987byh.com", 
    "EXPIRATION": "2021-07-30 07:59:59", 
    "DAYS": "17 days, 18:33:42"
}
DEBUG 2021-07-12 13:31:13,835 - ####################################################################################################
DEBUG 2021-07-12 13:31:13,842 - DOMAIN INFO
INFO 2021-07-12 13:31:13,842 - {
    "DOMAIN": "kbl6666.com", 
    "EXPIRATION": "2021-09-28 05:47:36", 
    "DAYS": "77 days, 16:16:23"
}
DEBUG 2021-07-12 13:31:23,950 - ####################################################################################################
DEBUG 2021-07-12 13:31:23,955 - DOMAIN INFO
INFO 2021-07-12 13:31:23,955 - {
    "DOMAIN": "jsh521.com", 
    "EXPIRATION": "2021-09-27 14:32:43", 
    "DAYS": "77 days, 1:01:20"
}
DEBUG 2021-07-12 13:31:24,042 - ####################################################################################################
DEBUG 2021-07-12 13:31:24,049 - DOMAIN INFO
INFO 2021-07-12 13:31:24,049 - {
    "DOMAIN": "www.jsh521.com", 
    "EXPIRATION": "2021-09-27 14:32:43", 
    "DAYS": "77 days, 1:01:19"
}
DEBUG 2021-07-12 13:31:29,660 - ####################################################################################################
DEBUG 2021-07-12 13:31:29,667 - DOMAIN INFO
INFO 2021-07-12 13:31:29,667 - {
    "DOMAIN": "jin172.com", 
    "EXPIRATION": "2021-09-27 10:38:24", 
    "DAYS": "76 days, 21:06:55"
}
DEBUG 2021-07-12 13:31:35,512 - ####################################################################################################
DEBUG 2021-07-12 13:31:35,518 - DOMAIN INFO
INFO 2021-07-12 13:31:35,518 - {
    "DOMAIN": "www.eu590.com", 
    "EXPIRATION": "2021-09-27 23:04:45", 
    "DAYS": "77 days, 9:33:10"
}
DEBUG 2021-07-12 13:31:36,845 - ####################################################################################################
DEBUG 2021-07-12 13:31:36,850 - DOMAIN INFO
INFO 2021-07-12 13:31:36,851 - {
    "DOMAIN": "eu590.com", 
    "EXPIRATION": "2021-09-27 23:04:45", 
    "DAYS": "77 days, 9:33:09"
}
DEBUG 2021-07-12 14:00:08,258 - ####################################################################################################
DEBUG 2021-07-12 14:00:08,265 - DOMAIN INFO
INFO 2021-07-12 14:00:08,266 - {
    "DOMAIN": "tv36.com", 
    "EXPIRATION": "2021-07-26 13:40:15", 
    "DAYS": "13 days, 23:40:07"
}
DEBUG 2021-07-12 14:26:29,152 - ####################################################################################################
DEBUG 2021-07-12 14:26:29,158 - DOMAIN INFO
INFO 2021-07-12 14:26:29,159 - {
    "DOMAIN": "gci.987byh.com", 
    "EXPIRATION": "2021-07-30 07:59:59", 
    "DAYS": "17 days, 17:33:30"
}
DEBUG 2021-07-12 14:31:17,131 - ####################################################################################################
DEBUG 2021-07-12 14:31:17,136 - DOMAIN INFO
INFO 2021-07-12 14:31:17,137 - {
    "DOMAIN": "kbl6666.com", 
    "EXPIRATION": "2021-09-28 05:47:36", 
    "DAYS": "77 days, 15:16:19"
}
DEBUG 2021-07-12 14:31:27,418 - ####################################################################################################
DEBUG 2021-07-12 14:31:27,424 - DOMAIN INFO
INFO 2021-07-12 14:31:27,424 - {
    "DOMAIN": "jsh521.com", 
    "EXPIRATION": "2021-09-27 14:32:43", 
    "DAYS": "77 days, 0:01:16"
}
DEBUG 2021-07-12 14:31:28,093 - ####################################################################################################
DEBUG 2021-07-12 14:31:28,098 - DOMAIN INFO
INFO 2021-07-12 14:31:28,098 - {
    "DOMAIN": "www.jsh521.com", 
    "EXPIRATION": "2021-09-27 14:32:43", 
    "DAYS": "77 days, 0:01:15"
}
DEBUG 2021-07-12 14:31:34,570 - ####################################################################################################
DEBUG 2021-07-12 14:31:34,577 - DOMAIN INFO
INFO 2021-07-12 14:31:34,577 - {
    "DOMAIN": "jin172.com", 
    "EXPIRATION": "2021-09-27 10:38:24", 
    "DAYS": "76 days, 20:06:50"
}
DEBUG 2021-07-12 14:31:42,172 - ####################################################################################################
DEBUG 2021-07-12 14:31:42,178 - DOMAIN INFO
INFO 2021-07-12 14:31:42,179 - {
    "DOMAIN": "www.eu590.com", 
    "EXPIRATION": "2021-09-27 23:04:45", 
    "DAYS": "77 days, 8:33:03"
}
DEBUG 2021-07-12 14:31:42,579 - ####################################################################################################
DEBUG 2021-07-12 14:31:42,586 - DOMAIN INFO
INFO 2021-07-12 14:31:42,587 - {
    "DOMAIN": "eu590.com", 
    "EXPIRATION": "2021-09-27 23:04:45", 
    "DAYS": "77 days, 8:33:03"
}
DEBUG 2021-07-12 15:00:05,083 - ####################################################################################################
DEBUG 2021-07-12 15:00:05,088 - DOMAIN INFO
INFO 2021-07-12 15:00:05,088 - {
    "DOMAIN": "tv36.com", 
    "EXPIRATION": "2021-07-26 13:40:15", 
    "DAYS": "13 days, 22:40:10"
}
DEBUG 2021-07-12 15:26:20,296 - ####################################################################################################
DEBUG 2021-07-12 15:26:20,303 - DOMAIN INFO
INFO 2021-07-12 15:26:20,303 - {
    "DOMAIN": "gci.987byh.com", 
    "EXPIRATION": "2021-07-30 07:59:59", 
    "DAYS": "17 days, 16:33:39"
}
DEBUG 2021-07-12 15:31:11,734 - ####################################################################################################
DEBUG 2021-07-12 15:31:11,740 - DOMAIN INFO
INFO 2021-07-12 15:31:11,740 - {
    "DOMAIN": "kbl6666.com", 
    "EXPIRATION": "2021-09-28 05:47:36", 
    "DAYS": "77 days, 14:16:25"
}
DEBUG 2021-07-12 15:31:19,988 - ####################################################################################################
DEBUG 2021-07-12 15:31:19,993 - DOMAIN INFO
INFO 2021-07-12 15:31:19,993 - {
    "DOMAIN": "jsh521.com", 
    "EXPIRATION": "2021-09-27 14:32:43", 
    "DAYS": "76 days, 23:01:24"
}
DEBUG 2021-07-12 15:31:21,028 - ####################################################################################################
DEBUG 2021-07-12 15:31:21,033 - DOMAIN INFO
INFO 2021-07-12 15:31:21,033 - {
    "DOMAIN": "www.jsh521.com", 
    "EXPIRATION": "2021-09-27 14:32:43", 
    "DAYS": "76 days, 23:01:22"
}
DEBUG 2021-07-12 15:31:30,136 - ####################################################################################################
DEBUG 2021-07-12 15:31:30,142 - DOMAIN INFO
INFO 2021-07-12 15:31:30,142 - {
    "DOMAIN": "jin172.com", 
    "EXPIRATION": "2021-09-27 10:38:24", 
    "DAYS": "76 days, 19:06:54"
}
DEBUG 2021-07-12 15:31:33,913 - ####################################################################################################
DEBUG 2021-07-12 15:31:33,920 - DOMAIN INFO
INFO 2021-07-12 15:31:33,921 - {
    "DOMAIN": "www.eu590.com", 
    "EXPIRATION": "2021-09-27 23:04:45", 
    "DAYS": "77 days, 7:33:12"
}
DEBUG 2021-07-12 15:31:34,439 - ####################################################################################################
DEBUG 2021-07-12 15:31:34,445 - DOMAIN INFO
INFO 2021-07-12 15:31:34,445 - {
    "DOMAIN": "eu590.com", 
    "EXPIRATION": "2021-09-27 23:04:45", 
    "DAYS": "77 days, 7:33:11"
}
DEBUG 2021-07-12 16:00:04,223 - ####################################################################################################
DEBUG 2021-07-12 16:00:04,230 - DOMAIN INFO
INFO 2021-07-12 16:00:04,230 - {
    "DOMAIN": "tv36.com", 
    "EXPIRATION": "2021-09-27 23:33:21", 
    "DAYS": "77 days, 7:33:17"
}
DEBUG 2021-07-12 16:26:20,821 - ####################################################################################################
DEBUG 2021-07-12 16:26:20,827 - DOMAIN INFO
INFO 2021-07-12 16:26:20,827 - {
    "DOMAIN": "gci.987byh.com", 
    "EXPIRATION": "2021-07-30 07:59:59", 
    "DAYS": "17 days, 15:33:39"
}
DEBUG 2021-07-12 16:31:14,937 - ####################################################################################################
DEBUG 2021-07-12 16:31:14,943 - DOMAIN PYTHON ERROR
INFO 2021-07-12 16:31:14,943 - {
    "DOMAIN": "kbl6666.com", 
    "PYTHON ERROR": "[Errno 101] Network is unreachable", 
    "DOMAIN_CURL": 77
}
DEBUG 2021-07-12 16:31:21,934 - ####################################################################################################
DEBUG 2021-07-12 16:31:21,940 - DOMAIN PYTHON ERROR
INFO 2021-07-12 16:31:21,940 - {
    "DOMAIN": "jsh521.com", 
    "PYTHON ERROR": "hostname 'jsh521.com' doesn't match either of 'dropbox.com', 'www.dropbox.com', 'support.dropbox.com', 'live.dropbox.com', 'opensource.dropbox.com', 'linux.dropbox.com', 'texter.dropbox.com'", 
    "DOMAIN_CURL": 76
}
DEBUG 2021-07-12 16:31:23,235 - ####################################################################################################
DEBUG 2021-07-12 16:31:23,240 - DOMAIN INFO
INFO 2021-07-12 16:31:23,241 - {
    "DOMAIN": "www.jsh521.com", 
    "EXPIRATION": "2021-09-27 14:32:43", 
    "DAYS": "76 days, 22:01:20"
}
DEBUG 2021-07-12 16:31:30,355 - ####################################################################################################
DEBUG 2021-07-12 16:31:30,360 - DOMAIN INFO
INFO 2021-07-12 16:31:30,360 - {
    "DOMAIN": "jin172.com", 
    "EXPIRATION": "2021-09-27 10:38:24", 
    "DAYS": "76 days, 18:06:54"
}
DEBUG 2021-07-12 16:31:33,695 - ####################################################################################################
DEBUG 2021-07-12 16:31:33,702 - DOMAIN INFO
INFO 2021-07-12 16:31:33,702 - {
    "DOMAIN": "www.eu590.com", 
    "EXPIRATION": "2021-09-27 23:04:45", 
    "DAYS": "77 days, 6:33:12"
}
DEBUG 2021-07-12 16:31:35,238 - ####################################################################################################
DEBUG 2021-07-12 16:31:35,244 - DOMAIN INFO
INFO 2021-07-12 16:31:35,245 - {
    "DOMAIN": "eu590.com", 
    "EXPIRATION": "2021-09-27 23:04:45", 
    "DAYS": "77 days, 6:33:10"
}
DEBUG 2021-07-12 17:00:05,285 - ####################################################################################################
DEBUG 2021-07-12 17:00:05,290 - DOMAIN INFO
INFO 2021-07-12 17:00:05,290 - {
    "DOMAIN": "tv36.com", 
    "EXPIRATION": "2021-09-27 23:33:21", 
    "DAYS": "77 days, 6:33:16"
}
DEBUG 2021-07-12 17:26:15,876 - ####################################################################################################
DEBUG 2021-07-12 17:26:15,882 - DOMAIN INFO
INFO 2021-07-12 17:26:15,883 - {
    "DOMAIN": "gci.987byh.com", 
    "EXPIRATION": "2021-07-30 07:59:59", 
    "DAYS": "17 days, 14:33:44"
}
DEBUG 2021-07-12 17:31:11,046 - ####################################################################################################
DEBUG 2021-07-12 17:31:11,052 - DOMAIN INFO
INFO 2021-07-12 17:31:11,052 - {
    "DOMAIN": "kbl6666.com", 
    "EXPIRATION": "2021-09-28 05:47:36", 
    "DAYS": "77 days, 12:16:25"
}
DEBUG 2021-07-12 17:31:24,171 - ####################################################################################################
DEBUG 2021-07-12 17:31:24,177 - DOMAIN INFO
INFO 2021-07-12 17:31:24,177 - {
    "DOMAIN": "jsh521.com", 
    "EXPIRATION": "2021-09-27 14:32:43", 
    "DAYS": "76 days, 21:01:19"
}
DEBUG 2021-07-12 17:31:26,374 - ####################################################################################################
DEBUG 2021-07-12 17:31:26,380 - DOMAIN INFO
INFO 2021-07-12 17:31:26,381 - {
    "DOMAIN": "www.jsh521.com", 
    "EXPIRATION": "2021-09-27 14:32:43", 
    "DAYS": "76 days, 21:01:17"
}
DEBUG 2021-07-12 17:31:31,713 - ####################################################################################################
DEBUG 2021-07-12 17:31:31,719 - DOMAIN INFO
INFO 2021-07-12 17:31:31,719 - {
    "DOMAIN": "jin172.com", 
    "EXPIRATION": "2021-09-27 10:38:24", 
    "DAYS": "76 days, 17:06:53"
}
DEBUG 2021-07-12 17:31:34,460 - ####################################################################################################
DEBUG 2021-07-12 17:31:34,466 - DOMAIN INFO
INFO 2021-07-12 17:31:34,466 - {
    "DOMAIN": "www.eu590.com", 
    "EXPIRATION": "2021-09-27 23:04:45", 
    "DAYS": "77 days, 5:33:11"
}
DEBUG 2021-07-12 17:31:34,547 - ####################################################################################################
DEBUG 2021-07-12 17:31:34,553 - DOMAIN INFO
INFO 2021-07-12 17:31:34,553 - {
    "DOMAIN": "eu590.com", 
    "EXPIRATION": "2021-09-27 23:04:45", 
    "DAYS": "77 days, 5:33:11"
}
DEBUG 2021-07-12 18:00:03,072 - ####################################################################################################
DEBUG 2021-07-12 18:00:03,077 - DOMAIN INFO
INFO 2021-07-12 18:00:03,078 - {
    "DOMAIN": "tv36.com", 
    "EXPIRATION": "2021-09-27 23:33:21", 
    "DAYS": "77 days, 5:33:18"
}
DEBUG 2021-07-12 18:26:17,886 - ####################################################################################################
DEBUG 2021-07-12 18:26:17,892 - DOMAIN INFO
INFO 2021-07-12 18:26:17,892 - {
    "DOMAIN": "gci.987byh.com", 
    "EXPIRATION": "2021-07-30 07:59:59", 
    "DAYS": "17 days, 13:33:42"
}
DEBUG 2021-07-12 18:31:07,195 - ####################################################################################################
DEBUG 2021-07-12 18:31:07,201 - DOMAIN INFO
INFO 2021-07-12 18:31:07,202 - {
    "DOMAIN": "kbl6666.com", 
    "EXPIRATION": "2021-09-28 05:47:36", 
    "DAYS": "77 days, 11:16:29"
}
DEBUG 2021-07-12 18:31:17,369 - ####################################################################################################
DEBUG 2021-07-12 18:31:17,375 - DOMAIN INFO
INFO 2021-07-12 18:31:17,375 - {
    "DOMAIN": "jsh521.com", 
    "EXPIRATION": "2021-09-27 14:32:43", 
    "DAYS": "76 days, 20:01:26"
}
DEBUG 2021-07-12 18:31:17,599 - ####################################################################################################
DEBUG 2021-07-12 18:31:17,607 - DOMAIN INFO
INFO 2021-07-12 18:31:17,607 - {
    "DOMAIN": "www.jsh521.com", 
    "EXPIRATION": "2021-09-27 14:32:43", 
    "DAYS": "76 days, 20:01:26"
}
DEBUG 2021-07-12 18:31:26,110 - ####################################################################################################
DEBUG 2021-07-12 18:31:26,115 - DOMAIN INFO
INFO 2021-07-12 18:31:26,116 - {
    "DOMAIN": "jin172.com", 
    "EXPIRATION": "2021-09-27 10:38:24", 
    "DAYS": "76 days, 16:06:58"
}
DEBUG 2021-07-12 18:31:30,722 - ####################################################################################################
DEBUG 2021-07-12 18:31:30,728 - DOMAIN INFO
INFO 2021-07-12 18:31:30,728 - {
    "DOMAIN": "www.eu590.com", 
    "EXPIRATION": "2021-09-27 23:04:45", 
    "DAYS": "77 days, 4:33:15"
}
DEBUG 2021-07-12 18:31:31,198 - ####################################################################################################
DEBUG 2021-07-12 18:31:31,203 - DOMAIN INFO
INFO 2021-07-12 18:31:31,203 - {
    "DOMAIN": "eu590.com", 
    "EXPIRATION": "2021-09-27 23:04:45", 
    "DAYS": "77 days, 4:33:14"
}
DEBUG 2021-07-12 19:00:04,453 - ####################################################################################################
DEBUG 2021-07-12 19:00:04,458 - DOMAIN INFO
INFO 2021-07-12 19:00:04,459 - {
    "DOMAIN": "tv36.com", 
    "EXPIRATION": "2021-09-27 23:33:21", 
    "DAYS": "77 days, 4:33:17"
}
DEBUG 2021-07-12 19:26:18,001 - ####################################################################################################
DEBUG 2021-07-12 19:26:18,008 - DOMAIN INFO
INFO 2021-07-12 19:26:18,008 - {
    "DOMAIN": "gci.987byh.com", 
    "EXPIRATION": "2021-07-30 07:59:59", 
    "DAYS": "17 days, 12:33:42"
}
DEBUG 2021-07-12 19:31:08,942 - ####################################################################################################
DEBUG 2021-07-12 19:31:08,949 - DOMAIN INFO
INFO 2021-07-12 19:31:08,949 - {
    "DOMAIN": "kbl6666.com", 
    "EXPIRATION": "2021-09-28 05:47:36", 
    "DAYS": "77 days, 10:16:28"
}
DEBUG 2021-07-12 19:31:21,582 - ####################################################################################################
DEBUG 2021-07-12 19:31:21,588 - DOMAIN INFO
INFO 2021-07-12 19:31:21,588 - {
    "DOMAIN": "www.jsh521.com", 
    "EXPIRATION": "2021-09-27 14:32:43", 
    "DAYS": "76 days, 19:01:22"
}
DEBUG 2021-07-12 19:31:23,009 - ####################################################################################################
DEBUG 2021-07-12 19:31:23,015 - DOMAIN PYTHON ERROR
INFO 2021-07-12 19:31:23,016 - {
    "DOMAIN": "jsh521.com", 
    "PYTHON ERROR": "[Errno 101] Network is unreachable", 
    "DOMAIN_CURL": 76
}
DEBUG 2021-07-12 19:31:29,948 - ####################################################################################################
DEBUG 2021-07-12 19:31:29,953 - DOMAIN INFO
INFO 2021-07-12 19:31:29,953 - {
    "DOMAIN": "jin172.com", 
    "EXPIRATION": "2021-09-27 10:38:24", 
    "DAYS": "76 days, 15:06:55"
}
DEBUG 2021-07-12 19:31:33,222 - ####################################################################################################
DEBUG 2021-07-12 19:31:33,228 - DOMAIN INFO
INFO 2021-07-12 19:31:33,228 - {
    "DOMAIN": "www.eu590.com", 
    "EXPIRATION": "2021-09-27 23:04:45", 
    "DAYS": "77 days, 3:33:12"
}
DEBUG 2021-07-12 19:31:33,817 - ####################################################################################################
DEBUG 2021-07-12 19:31:33,823 - DOMAIN INFO
INFO 2021-07-12 19:31:33,823 - {
    "DOMAIN": "eu590.com", 
    "EXPIRATION": "2021-09-27 23:04:45", 
    "DAYS": "77 days, 3:33:12"
}
DEBUG 2021-07-12 20:00:02,578 - ####################################################################################################
DEBUG 2021-07-12 20:00:02,585 - DOMAIN INFO
INFO 2021-07-12 20:00:02,585 - {
    "DOMAIN": "tv36.com", 
    "EXPIRATION": "2021-09-27 23:33:21", 
    "DAYS": "77 days, 3:33:19"
}
DEBUG 2021-07-12 20:26:19,243 - ####################################################################################################
DEBUG 2021-07-12 20:26:19,249 - DOMAIN INFO
INFO 2021-07-12 20:26:19,249 - {
    "DOMAIN": "gci.987byh.com", 
    "EXPIRATION": "2021-07-30 07:59:59", 
    "DAYS": "17 days, 11:33:40"
}
DEBUG 2021-07-12 20:31:10,163 - ####################################################################################################
DEBUG 2021-07-12 20:31:10,170 - DOMAIN INFO
INFO 2021-07-12 20:31:10,170 - {
    "DOMAIN": "kbl6666.com", 
    "EXPIRATION": "2021-09-28 05:47:36", 
    "DAYS": "77 days, 9:16:26"
}
DEBUG 2021-07-12 20:31:21,245 - ####################################################################################################
DEBUG 2021-07-12 20:31:21,251 - DOMAIN INFO
INFO 2021-07-12 20:31:21,251 - {
    "DOMAIN": "jsh521.com", 
    "EXPIRATION": "2021-09-27 14:32:43", 
    "DAYS": "76 days, 18:01:22"
}
DEBUG 2021-07-12 20:31:22,027 - ####################################################################################################
DEBUG 2021-07-12 20:31:22,033 - DOMAIN INFO
INFO 2021-07-12 20:31:22,033 - {
    "DOMAIN": "www.jsh521.com", 
    "EXPIRATION": "2021-09-27 14:32:43", 
    "DAYS": "76 days, 18:01:21"
}
DEBUG 2021-07-12 20:31:31,397 - ####################################################################################################
DEBUG 2021-07-12 20:31:31,403 - DOMAIN INFO
INFO 2021-07-12 20:31:31,403 - {
    "DOMAIN": "jin172.com", 
    "EXPIRATION": "2021-09-27 10:38:24", 
    "DAYS": "76 days, 14:06:53"
}
DEBUG 2021-07-12 20:31:35,231 - ####################################################################################################
DEBUG 2021-07-12 20:31:35,237 - DOMAIN INFO
INFO 2021-07-12 20:31:35,237 - {
    "DOMAIN": "www.eu590.com", 
    "EXPIRATION": "2021-09-27 23:04:45", 
    "DAYS": "77 days, 2:33:10"
}
DEBUG 2021-07-12 20:31:35,308 - ####################################################################################################
DEBUG 2021-07-12 20:31:35,313 - DOMAIN INFO
INFO 2021-07-12 20:31:35,314 - {
    "DOMAIN": "eu590.com", 
    "EXPIRATION": "2021-09-27 23:04:45", 
    "DAYS": "77 days, 2:33:10"
}
DEBUG 2021-07-12 21:00:03,383 - ####################################################################################################
DEBUG 2021-07-12 21:00:03,389 - DOMAIN INFO
INFO 2021-07-12 21:00:03,389 - {
    "DOMAIN": "tv36.com", 
    "EXPIRATION": "2021-09-27 23:33:21", 
    "DAYS": "77 days, 2:33:18"
}
DEBUG 2021-07-12 21:26:15,399 - ####################################################################################################
DEBUG 2021-07-12 21:26:15,405 - DOMAIN INFO
INFO 2021-07-12 21:26:15,405 - {
    "DOMAIN": "gci.987byh.com", 
    "EXPIRATION": "2021-07-30 07:59:59", 
    "DAYS": "17 days, 10:33:44"
}
DEBUG 2021-07-12 21:31:07,111 - ####################################################################################################
DEBUG 2021-07-12 21:31:07,119 - DOMAIN INFO
INFO 2021-07-12 21:31:07,120 - {
    "DOMAIN": "kbl6666.com", 
    "EXPIRATION": "2021-09-28 05:47:36", 
    "DAYS": "77 days, 8:16:29"
}
DEBUG 2021-07-12 21:31:17,747 - ####################################################################################################
DEBUG 2021-07-12 21:31:17,753 - DOMAIN INFO
INFO 2021-07-12 21:31:17,754 - {
    "DOMAIN": "jsh521.com", 
    "EXPIRATION": "2021-09-27 14:32:43", 
    "DAYS": "76 days, 17:01:26"
}
DEBUG 2021-07-12 21:31:17,828 - ####################################################################################################
DEBUG 2021-07-12 21:31:17,833 - DOMAIN INFO
INFO 2021-07-12 21:31:17,833 - {
    "DOMAIN": "www.jsh521.com", 
    "EXPIRATION": "2021-09-27 14:32:43", 
    "DAYS": "76 days, 17:01:26"
}
DEBUG 2021-07-12 21:31:23,841 - ####################################################################################################
DEBUG 2021-07-12 21:31:23,846 - DOMAIN INFO
INFO 2021-07-12 21:31:23,847 - {
    "DOMAIN": "jin172.com", 
    "EXPIRATION": "2021-09-27 10:38:24", 
    "DAYS": "76 days, 13:07:01"
}
DEBUG 2021-07-12 21:31:29,946 - ####################################################################################################
DEBUG 2021-07-12 21:31:29,952 - DOMAIN INFO
INFO 2021-07-12 21:31:29,953 - {
    "DOMAIN": "eu590.com", 
    "EXPIRATION": "2021-09-27 23:04:45", 
    "DAYS": "77 days, 1:33:16"
}
DEBUG 2021-07-12 21:31:30,555 - ####################################################################################################
DEBUG 2021-07-12 21:31:30,562 - DOMAIN PYTHON ERROR
INFO 2021-07-12 21:31:30,562 - {
    "DOMAIN": "www.eu590.com", 
    "PYTHON ERROR": "[Errno 101] Network is unreachable", 
    "DOMAIN_CURL": 76
}
DEBUG 2021-07-12 22:00:02,673 - ####################################################################################################
DEBUG 2021-07-12 22:00:02,679 - DOMAIN INFO
INFO 2021-07-12 22:00:02,680 - {
    "DOMAIN": "tv36.com", 
    "EXPIRATION": "2021-09-27 23:33:21", 
    "DAYS": "77 days, 1:33:19"
}
DEBUG 2021-07-12 22:26:18,244 - ####################################################################################################
DEBUG 2021-07-12 22:26:18,250 - DOMAIN INFO
INFO 2021-07-12 22:26:18,250 - {
    "DOMAIN": "gci.987byh.com", 
    "EXPIRATION": "2021-07-30 07:59:59", 
    "DAYS": "17 days, 9:33:41"
}
DEBUG 2021-07-12 22:31:08,529 - ####################################################################################################
DEBUG 2021-07-12 22:31:08,535 - DOMAIN INFO
INFO 2021-07-12 22:31:08,535 - {
    "DOMAIN": "kbl6666.com", 
    "EXPIRATION": "2021-09-28 05:47:36", 
    "DAYS": "77 days, 7:16:28"
}
DEBUG 2021-07-12 22:31:18,844 - ####################################################################################################
DEBUG 2021-07-12 22:31:18,850 - DOMAIN INFO
INFO 2021-07-12 22:31:18,850 - {
    "DOMAIN": "jsh521.com", 
    "EXPIRATION": "2021-09-27 14:32:43", 
    "DAYS": "76 days, 16:01:25"
}
DEBUG 2021-07-12 22:31:19,134 - ####################################################################################################
DEBUG 2021-07-12 22:31:19,141 - DOMAIN INFO
INFO 2021-07-12 22:31:19,141 - {
    "DOMAIN": "www.jsh521.com", 
    "EXPIRATION": "2021-09-27 14:32:43", 
    "DAYS": "76 days, 16:01:24"
}
DEBUG 2021-07-12 22:31:28,820 - ####################################################################################################
DEBUG 2021-07-12 22:31:28,826 - DOMAIN INFO
INFO 2021-07-12 22:31:28,826 - {
    "DOMAIN": "jin172.com", 
    "EXPIRATION": "2021-09-27 10:38:24", 
    "DAYS": "76 days, 12:06:56"
}
DEBUG 2021-07-12 22:31:32,382 - ####################################################################################################
DEBUG 2021-07-12 22:31:32,389 - DOMAIN INFO
INFO 2021-07-12 22:31:32,389 - {
    "DOMAIN": "www.eu590.com", 
    "EXPIRATION": "2021-09-27 23:04:45", 
    "DAYS": "77 days, 0:33:13"
}
DEBUG 2021-07-12 22:31:33,011 - ####################################################################################################
DEBUG 2021-07-12 22:31:33,017 - DOMAIN INFO
INFO 2021-07-12 22:31:33,017 - {
    "DOMAIN": "eu590.com", 
    "EXPIRATION": "2021-09-27 23:04:45", 
    "DAYS": "77 days, 0:33:12"
}
DEBUG 2021-07-12 23:00:02,711 - ####################################################################################################
DEBUG 2021-07-12 23:00:02,717 - DOMAIN INFO
INFO 2021-07-12 23:00:02,718 - {
    "DOMAIN": "tv36.com", 
    "EXPIRATION": "2021-09-27 23:33:21", 
    "DAYS": "77 days, 0:33:19"
}
DEBUG 2021-07-12 23:26:18,247 - ####################################################################################################
DEBUG 2021-07-12 23:26:18,252 - DOMAIN INFO
INFO 2021-07-12 23:26:18,252 - {
    "DOMAIN": "gci.987byh.com", 
    "EXPIRATION": "2021-07-30 07:59:59", 
    "DAYS": "17 days, 8:33:41"
}
DEBUG 2021-07-12 23:31:10,973 - ####################################################################################################
DEBUG 2021-07-12 23:31:10,979 - DOMAIN INFO
INFO 2021-07-12 23:31:10,979 - {
    "DOMAIN": "kbl6666.com", 
    "EXPIRATION": "2021-09-28 05:47:36", 
    "DAYS": "77 days, 6:16:26"
}
DEBUG 2021-07-12 23:31:24,098 - ####################################################################################################
DEBUG 2021-07-12 23:31:24,104 - DOMAIN INFO
INFO 2021-07-12 23:31:24,104 - {
    "DOMAIN": "jsh521.com", 
    "EXPIRATION": "2021-09-27 14:32:43", 
    "DAYS": "76 days, 15:01:19"
}
DEBUG 2021-07-12 23:31:24,680 - ####################################################################################################
DEBUG 2021-07-12 23:31:24,685 - DOMAIN INFO
INFO 2021-07-12 23:31:24,686 - {
    "DOMAIN": "www.jsh521.com", 
    "EXPIRATION": "2021-09-27 14:32:43", 
    "DAYS": "76 days, 15:01:19"
}
DEBUG 2021-07-12 23:31:30,938 - ####################################################################################################
DEBUG 2021-07-12 23:31:30,944 - DOMAIN INFO
INFO 2021-07-12 23:31:30,944 - {
    "DOMAIN": "jin172.com", 
    "EXPIRATION": "2021-09-27 10:38:24", 
    "DAYS": "76 days, 11:06:54"
}
DEBUG 2021-07-12 23:31:33,615 - ####################################################################################################
DEBUG 2021-07-12 23:31:33,621 - DOMAIN INFO
INFO 2021-07-12 23:31:33,621 - {
    "DOMAIN": "www.eu590.com", 
    "EXPIRATION": "2021-09-27 23:04:45", 
    "DAYS": "76 days, 23:33:12"
}
DEBUG 2021-07-12 23:31:33,953 - ####################################################################################################
DEBUG 2021-07-12 23:31:33,959 - DOMAIN INFO
INFO 2021-07-12 23:31:33,959 - {
    "DOMAIN": "eu590.com", 
    "EXPIRATION": "2021-09-27 23:04:45", 
    "DAYS": "76 days, 23:33:12"
}
