DEBUG 2021-07-08 00:00:01,993 - ####################################################################################################
DEBUG 2021-07-08 00:00:02,007 - DOMAIN INFO
INFO 2021-07-08 00:00:02,007 - {
    "DOMAIN": "tv36.com", 
    "EXPIRATION": "2021-07-26 13:40:15", 
    "DAYS": "18 days, 13:40:14"
}
DEBUG 2021-07-08 00:32:23,436 - ####################################################################################################
DEBUG 2021-07-08 00:32:23,443 - DOMAIN INFO
INFO 2021-07-08 00:32:23,443 - {
    "DOMAIN": "tochat333.com", 
    "EXPIRATION": "2021-10-05 23:11:11", 
    "DAYS": "89 days, 22:38:48"
}
DEBUG 2021-07-08 01:00:02,336 - ####################################################################################################
DEBUG 2021-07-08 01:00:02,342 - DOMAIN INFO
INFO 2021-07-08 01:00:02,342 - {
    "DOMAIN": "tv36.com", 
    "EXPIRATION": "2021-07-26 13:40:15", 
    "DAYS": "18 days, 12:40:13"
}
DEBUG 2021-07-08 01:32:22,560 - ####################################################################################################
DEBUG 2021-07-08 01:32:22,566 - DOMAIN INFO
INFO 2021-07-08 01:32:22,566 - {
    "DOMAIN": "tochat333.com", 
    "EXPIRATION": "2021-10-05 23:11:11", 
    "DAYS": "89 days, 21:38:49"
}
DEBUG 2021-07-08 02:00:02,506 - ####################################################################################################
DEBUG 2021-07-08 02:00:02,512 - DOMAIN INFO
INFO 2021-07-08 02:00:02,512 - {
    "DOMAIN": "tv36.com", 
    "EXPIRATION": "2021-07-26 13:40:15", 
    "DAYS": "18 days, 11:40:13"
}
DEBUG 2021-07-08 02:32:23,049 - ####################################################################################################
DEBUG 2021-07-08 02:32:23,055 - DOMAIN INFO
INFO 2021-07-08 02:32:23,056 - {
    "DOMAIN": "tochat333.com", 
    "EXPIRATION": "2021-10-05 23:11:11", 
    "DAYS": "89 days, 20:38:48"
}
DEBUG 2021-07-08 03:00:00,129 - ####################################################################################################
DEBUG 2021-07-08 03:00:00,135 - DOMAIN INFO
INFO 2021-07-08 03:00:00,135 - {
    "DOMAIN": "tv36.com", 
    "EXPIRATION": "2021-07-26 13:40:15", 
    "DAYS": "18 days, 10:40:15"
}
DEBUG 2021-07-08 03:32:21,415 - ####################################################################################################
DEBUG 2021-07-08 03:32:21,420 - DOMAIN INFO
INFO 2021-07-08 03:32:21,421 - {
    "DOMAIN": "tochat333.com", 
    "EXPIRATION": "2021-10-05 23:11:11", 
    "DAYS": "89 days, 19:38:50"
}
DEBUG 2021-07-08 04:00:02,403 - ####################################################################################################
DEBUG 2021-07-08 04:00:02,407 - DOMAIN INFO
INFO 2021-07-08 04:00:02,407 - {
    "DOMAIN": "tv36.com", 
    "EXPIRATION": "2021-07-26 13:40:15", 
    "DAYS": "18 days, 9:40:13"
}
DEBUG 2021-07-08 04:32:22,961 - ####################################################################################################
DEBUG 2021-07-08 04:32:22,968 - DOMAIN INFO
INFO 2021-07-08 04:32:22,968 - {
    "DOMAIN": "tochat333.com", 
    "EXPIRATION": "2021-10-05 23:11:11", 
    "DAYS": "89 days, 18:38:49"
}
DEBUG 2021-07-08 05:00:02,845 - ####################################################################################################
DEBUG 2021-07-08 05:00:02,851 - DOMAIN INFO
INFO 2021-07-08 05:00:02,851 - {
    "DOMAIN": "tv36.com", 
    "EXPIRATION": "2021-07-26 13:40:15", 
    "DAYS": "18 days, 8:40:13"
}
DEBUG 2021-07-08 06:00:01,364 - ####################################################################################################
DEBUG 2021-07-08 06:00:01,370 - DOMAIN INFO
INFO 2021-07-08 06:00:01,370 - {
    "DOMAIN": "tv36.com", 
    "EXPIRATION": "2021-07-26 13:40:15", 
    "DAYS": "18 days, 7:40:14"
}
DEBUG 2021-07-08 06:08:39,441 - ####################################################################################################
DEBUG 2021-07-08 06:08:39,447 - DOMAIN INFO
INFO 2021-07-08 06:08:39,447 - {
    "DOMAIN": "36516833.com", 
    "EXPIRATION": "2021-09-27 23:09:15", 
    "DAYS": "81 days, 17:00:36"
}
DEBUG 2021-07-08 06:08:43,242 - ####################################################################################################
DEBUG 2021-07-08 06:08:43,247 - DOMAIN INFO
INFO 2021-07-08 06:08:43,247 - {
    "DOMAIN": "eu88888.net", 
    "EXPIRATION": "2021-09-25 23:57:17", 
    "DAYS": "79 days, 17:48:34"
}
DEBUG 2021-07-08 06:08:44,208 - ####################################################################################################
DEBUG 2021-07-08 06:08:44,214 - DOMAIN INFO
INFO 2021-07-08 06:08:44,214 - {
    "DOMAIN": "eu005.com", 
    "EXPIRATION": "2021-09-26 00:04:52", 
    "DAYS": "79 days, 17:56:08"
}
DEBUG 2021-07-08 06:08:44,598 - ####################################################################################################
DEBUG 2021-07-08 06:08:44,605 - DOMAIN INFO
INFO 2021-07-08 06:08:44,605 - {
    "DOMAIN": "ebcn.xshny.com", 
    "EXPIRATION": "2022-01-22 07:59:59", 
    "DAYS": "198 days, 1:51:15"
}
DEBUG 2021-07-08 06:08:46,211 - ####################################################################################################
DEBUG 2021-07-08 06:08:46,218 - DOMAIN INFO
INFO 2021-07-08 06:08:46,218 - {
    "DOMAIN": "bbyz88.net", 
    "EXPIRATION": "2021-09-27 23:32:34", 
    "DAYS": "81 days, 17:23:48"
}
DEBUG 2021-07-08 06:08:49,866 - ####################################################################################################
DEBUG 2021-07-08 06:08:49,872 - DOMAIN ERROR
INFO 2021-07-08 06:08:49,872 - {
    "DOMAIN": "eu1988.com", 
    "DOMAIN_CURL": 80, 
    "ERROR": "[Errno 110] Connection timed out"
}
DEBUG 2021-07-08 06:08:53,581 - ####################################################################################################
DEBUG 2021-07-08 06:08:53,586 - DOMAIN ERROR
INFO 2021-07-08 06:08:53,586 - {
    "DOMAIN": "www.eu1988.com", 
    "DOMAIN_CURL": 80, 
    "ERROR": "[Errno 110] Connection timed out"
}
DEBUG 2021-07-08 06:08:53,941 - ####################################################################################################
DEBUG 2021-07-08 06:08:53,948 - DOMAIN INFO
INFO 2021-07-08 06:08:53,948 - {
    "DOMAIN": "eu2015.cn", 
    "EXPIRATION": "2021-09-27 10:55:46", 
    "DAYS": "81 days, 4:46:53"
}
DEBUG 2021-07-08 06:08:54,309 - ####################################################################################################
DEBUG 2021-07-08 06:08:54,316 - DOMAIN INFO
INFO 2021-07-08 06:08:54,316 - {
    "DOMAIN": "www.eu2015.cn", 
    "EXPIRATION": "2021-09-27 10:55:46", 
    "DAYS": "81 days, 4:46:52"
}
DEBUG 2021-07-08 06:08:54,707 - ####################################################################################################
DEBUG 2021-07-08 06:08:54,712 - DOMAIN INFO
INFO 2021-07-08 06:08:54,712 - {
    "DOMAIN": "eu2017.cn", 
    "EXPIRATION": "2021-09-27 10:55:27", 
    "DAYS": "81 days, 4:46:33"
}
DEBUG 2021-07-08 06:08:55,067 - ####################################################################################################
DEBUG 2021-07-08 06:08:55,074 - DOMAIN INFO
INFO 2021-07-08 06:08:55,074 - {
    "DOMAIN": "www.eu2017.cn", 
    "EXPIRATION": "2021-09-27 10:55:27", 
    "DAYS": "81 days, 4:46:32"
}
DEBUG 2021-07-08 06:08:55,520 - ####################################################################################################
DEBUG 2021-07-08 06:08:55,527 - DOMAIN INFO
INFO 2021-07-08 06:08:55,527 - {
    "DOMAIN": "eu2018.cn", 
    "EXPIRATION": "2021-09-27 10:55:33", 
    "DAYS": "81 days, 4:46:38"
}
DEBUG 2021-07-08 06:08:55,937 - ####################################################################################################
DEBUG 2021-07-08 06:08:55,944 - DOMAIN INFO
INFO 2021-07-08 06:08:55,944 - {
    "DOMAIN": "www.eu2018.cn", 
    "EXPIRATION": "2021-09-27 10:55:33", 
    "DAYS": "81 days, 4:46:38"
}
DEBUG 2021-07-08 06:08:56,865 - ####################################################################################################
DEBUG 2021-07-08 06:08:56,871 - DOMAIN INFO
INFO 2021-07-08 06:08:56,872 - {
    "DOMAIN": "eu211.cn", 
    "EXPIRATION": "2021-09-27 10:56:14", 
    "DAYS": "81 days, 4:47:18"
}
DEBUG 2021-07-08 06:08:58,397 - ####################################################################################################
DEBUG 2021-07-08 06:08:58,403 - DOMAIN INFO
INFO 2021-07-08 06:08:58,404 - {
    "DOMAIN": "www.eu211.cn", 
    "EXPIRATION": "2021-09-27 10:56:14", 
    "DAYS": "81 days, 4:47:16"
}
DEBUG 2021-07-08 06:09:03,008 - ####################################################################################################
DEBUG 2021-07-08 06:09:03,014 - DOMAIN ERROR
INFO 2021-07-08 06:09:03,014 - {
    "DOMAIN": "eu211.com", 
    "DOMAIN_CURL": 80, 
    "ERROR": "[Errno 110] Connection timed out"
}
DEBUG 2021-07-08 06:09:07,761 - ####################################################################################################
DEBUG 2021-07-08 06:09:07,767 - ####################################################################################################
DEBUG 2021-07-08 06:09:07,767 - DOMAIN ERROR
INFO 2021-07-08 06:09:07,767 - {
    "DOMAIN": "12899888.com", 
    "DOMAIN_CURL": 0, 
    "ERROR": "[Errno 110] Connection timed out"
}
DEBUG 2021-07-08 06:09:07,772 - DOMAIN ERROR
INFO 2021-07-08 06:09:07,772 - {
    "DOMAIN": "12859999.com", 
    "DOMAIN_CURL": 0, 
    "ERROR": "[Errno 110] Connection timed out"
}
DEBUG 2021-07-08 07:00:02,952 - ####################################################################################################
DEBUG 2021-07-08 07:00:02,957 - DOMAIN INFO
INFO 2021-07-08 07:00:02,957 - {
    "DOMAIN": "tv36.com", 
    "EXPIRATION": "2021-07-26 13:40:15", 
    "DAYS": "18 days, 6:40:13"
}
DEBUG 2021-07-08 07:08:47,405 - ####################################################################################################
DEBUG 2021-07-08 07:08:47,411 - DOMAIN ERROR
INFO 2021-07-08 07:08:47,412 - {
    "DOMAIN": "eu1988.com", 
    "DOMAIN_CURL": 80, 
    "ERROR": "[Errno 110] Connection timed out"
}
DEBUG 2021-07-08 07:08:47,821 - ####################################################################################################
DEBUG 2021-07-08 07:08:47,826 - DOMAIN ERROR
INFO 2021-07-08 07:08:47,827 - {
    "DOMAIN": "www.eu1988.com", 
    "DOMAIN_CURL": 80, 
    "ERROR": "[Errno 110] Connection timed out"
}
DEBUG 2021-07-08 07:08:58,814 - ####################################################################################################
DEBUG 2021-07-08 07:08:58,820 - DOMAIN ERROR
INFO 2021-07-08 07:08:58,820 - {
    "DOMAIN": "12859999.com", 
    "DOMAIN_CURL": 0, 
    "ERROR": "[Errno 110] Connection timed out"
}
DEBUG 2021-07-08 07:09:38,488 - ####################################################################################################
DEBUG 2021-07-08 07:09:38,494 - DOMAIN ERROR
INFO 2021-07-08 07:09:38,494 - {
    "DOMAIN": "12899888.com", 
    "DOMAIN_CURL": 0, 
    "ERROR": "[Errno 110] Connection timed out"
}
DEBUG 2021-07-08 08:00:02,805 - ####################################################################################################
DEBUG 2021-07-08 08:00:02,810 - DOMAIN INFO
INFO 2021-07-08 08:00:02,811 - {
    "DOMAIN": "tv36.com", 
    "EXPIRATION": "2021-07-26 13:40:15", 
    "DAYS": "18 days, 5:40:13"
}
DEBUG 2021-07-08 08:08:50,551 - ####################################################################################################
DEBUG 2021-07-08 08:08:50,557 - DOMAIN ERROR
INFO 2021-07-08 08:08:50,557 - {
    "DOMAIN": "eu1988.com", 
    "DOMAIN_CURL": 80, 
    "ERROR": "[Errno 110] Connection timed out"
}
DEBUG 2021-07-08 08:08:50,777 - ####################################################################################################
DEBUG 2021-07-08 08:08:50,783 - DOMAIN ERROR
INFO 2021-07-08 08:08:50,783 - {
    "DOMAIN": "www.eu1988.com", 
    "DOMAIN_CURL": 80, 
    "ERROR": "[Errno 110] Connection timed out"
}
DEBUG 2021-07-08 08:08:58,733 - ####################################################################################################
DEBUG 2021-07-08 08:08:58,740 - DOMAIN ERROR
INFO 2021-07-08 08:08:58,741 - {
    "DOMAIN": "12859999.com", 
    "DOMAIN_CURL": 0, 
    "ERROR": "[Errno 110] Connection timed out"
}
DEBUG 2021-07-08 09:00:01,935 - ####################################################################################################
DEBUG 2021-07-08 09:00:01,940 - DOMAIN INFO
INFO 2021-07-08 09:00:01,941 - {
    "DOMAIN": "tv36.com", 
    "EXPIRATION": "2021-07-26 13:40:15", 
    "DAYS": "18 days, 4:40:14"
}
DEBUG 2021-07-08 09:08:47,680 - ####################################################################################################
DEBUG 2021-07-08 09:08:47,686 - DOMAIN ERROR
INFO 2021-07-08 09:08:47,686 - {
    "DOMAIN": "eu1988.com", 
    "DOMAIN_CURL": 80, 
    "ERROR": "[Errno 110] Connection timed out"
}
DEBUG 2021-07-08 09:08:47,984 - ####################################################################################################
DEBUG 2021-07-08 09:08:47,990 - DOMAIN ERROR
INFO 2021-07-08 09:08:47,990 - {
    "DOMAIN": "www.eu1988.com", 
    "DOMAIN_CURL": 80, 
    "ERROR": "[Errno 110] Connection timed out"
}
DEBUG 2021-07-08 09:08:58,932 - ####################################################################################################
DEBUG 2021-07-08 09:08:58,938 - DOMAIN ERROR
INFO 2021-07-08 09:08:58,938 - {
    "DOMAIN": "12859999.com", 
    "DOMAIN_CURL": 0, 
    "ERROR": "[Errno 110] Connection timed out"
}
DEBUG 2021-07-08 09:09:39,000 - ####################################################################################################
DEBUG 2021-07-08 09:09:39,007 - DOMAIN ERROR
INFO 2021-07-08 09:09:39,007 - {
    "DOMAIN": "12899888.com", 
    "DOMAIN_CURL": 0, 
    "ERROR": "[Errno 110] Connection timed out"
}
DEBUG 2021-07-08 10:00:03,894 - ####################################################################################################
DEBUG 2021-07-08 10:00:03,900 - DOMAIN INFO
INFO 2021-07-08 10:00:03,900 - {
    "DOMAIN": "tv36.com", 
    "EXPIRATION": "2021-07-26 13:40:15", 
    "DAYS": "18 days, 3:40:12"
}
DEBUG 2021-07-08 10:08:48,108 - ####################################################################################################
DEBUG 2021-07-08 10:08:48,113 - DOMAIN ERROR
INFO 2021-07-08 10:08:48,114 - {
    "DOMAIN": "eu1988.com", 
    "DOMAIN_CURL": 80, 
    "ERROR": "[Errno 110] Connection timed out"
}
DEBUG 2021-07-08 10:08:48,154 - ####################################################################################################
DEBUG 2021-07-08 10:08:48,159 - DOMAIN ERROR
INFO 2021-07-08 10:08:48,160 - {
    "DOMAIN": "www.eu1988.com", 
    "DOMAIN_CURL": 80, 
    "ERROR": "[Errno 110] Connection timed out"
}
DEBUG 2021-07-08 10:09:00,135 - ####################################################################################################
DEBUG 2021-07-08 10:09:00,141 - DOMAIN ERROR
INFO 2021-07-08 10:09:00,141 - {
    "DOMAIN": "12859999.com", 
    "DOMAIN_CURL": 0, 
    "ERROR": "[Errno 110] Connection timed out"
}
DEBUG 2021-07-08 11:00:03,794 - ####################################################################################################
DEBUG 2021-07-08 11:00:03,799 - DOMAIN INFO
INFO 2021-07-08 11:00:03,799 - {
    "DOMAIN": "tv36.com", 
    "EXPIRATION": "2021-07-26 13:40:15", 
    "DAYS": "18 days, 2:40:12"
}
DEBUG 2021-07-08 11:08:49,373 - ####################################################################################################
DEBUG 2021-07-08 11:08:49,379 - DOMAIN ERROR
INFO 2021-07-08 11:08:49,379 - {
    "DOMAIN": "eu1988.com", 
    "DOMAIN_CURL": 80, 
    "ERROR": "[Errno 110] Connection timed out"
}
DEBUG 2021-07-08 11:08:49,921 - ####################################################################################################
DEBUG 2021-07-08 11:08:49,926 - DOMAIN ERROR
INFO 2021-07-08 11:08:49,927 - {
    "DOMAIN": "www.eu1988.com", 
    "DOMAIN_CURL": 80, 
    "ERROR": "[Errno 110] Connection timed out"
}
DEBUG 2021-07-08 11:08:59,656 - ####################################################################################################
DEBUG 2021-07-08 11:08:59,663 - DOMAIN ERROR
INFO 2021-07-08 11:08:59,663 - {
    "DOMAIN": "eu211.com", 
    "DOMAIN_CURL": 80, 
    "ERROR": "[Errno 110] Connection timed out"
}
DEBUG 2021-07-08 11:09:01,288 - ####################################################################################################
DEBUG 2021-07-08 11:09:01,294 - DOMAIN ERROR
INFO 2021-07-08 11:09:01,295 - {
    "DOMAIN": "www.eu211.com", 
    "DOMAIN_CURL": 80, 
    "ERROR": "[Errno 110] Connection timed out"
}
DEBUG 2021-07-08 11:09:04,613 - ####################################################################################################
DEBUG 2021-07-08 11:09:04,619 - DOMAIN ERROR
INFO 2021-07-08 11:09:04,619 - {
    "DOMAIN": "eu664.com", 
    "DOMAIN_CURL": 80, 
    "ERROR": "[Errno 110] Connection timed out"
}
DEBUG 2021-07-08 11:09:10,650 - ####################################################################################################
DEBUG 2021-07-08 11:09:10,656 - DOMAIN ERROR
INFO 2021-07-08 11:09:10,656 - {
    "DOMAIN": "www.eu664.com", 
    "DOMAIN_CURL": 80, 
    "ERROR": "[Errno 110] Connection timed out"
}
DEBUG 2021-07-08 11:09:11,960 - ####################################################################################################
DEBUG 2021-07-08 11:09:11,966 - DOMAIN ERROR
INFO 2021-07-08 11:09:11,967 - {
    "DOMAIN": "eu686.com", 
    "DOMAIN_CURL": 80, 
    "ERROR": "[Errno 110] Connection timed out"
}
DEBUG 2021-07-08 11:09:17,436 - ####################################################################################################
DEBUG 2021-07-08 11:09:17,442 - DOMAIN ERROR
INFO 2021-07-08 11:09:17,443 - {
    "DOMAIN": "12859999.com", 
    "DOMAIN_CURL": 0, 
    "ERROR": "[Errno 110] Connection timed out"
}
DEBUG 2021-07-08 11:09:57,141 - ####################################################################################################
DEBUG 2021-07-08 11:09:57,147 - DOMAIN ERROR
INFO 2021-07-08 11:09:57,147 - {
    "DOMAIN": "12899888.com", 
    "DOMAIN_CURL": 0, 
    "ERROR": "[Errno 110] Connection timed out"
}
DEBUG 2021-07-08 12:00:05,426 - ####################################################################################################
DEBUG 2021-07-08 12:00:05,431 - DOMAIN INFO
INFO 2021-07-08 12:00:05,432 - {
    "DOMAIN": "tv36.com", 
    "EXPIRATION": "2021-07-26 13:40:15", 
    "DAYS": "18 days, 1:40:10"
}
DEBUG 2021-07-08 12:08:50,886 - ####################################################################################################
DEBUG 2021-07-08 12:08:50,892 - DOMAIN ERROR
INFO 2021-07-08 12:08:50,892 - {
    "DOMAIN": "eu1988.com", 
    "DOMAIN_CURL": 80, 
    "ERROR": "[Errno 110] Connection timed out"
}
DEBUG 2021-07-08 12:08:52,026 - ####################################################################################################
DEBUG 2021-07-08 12:08:52,032 - DOMAIN ERROR
INFO 2021-07-08 12:08:52,032 - {
    "DOMAIN": "www.eu1988.com", 
    "DOMAIN_CURL": 80, 
    "ERROR": "[Errno 110] Connection timed out"
}
DEBUG 2021-07-08 12:09:06,006 - ####################################################################################################
DEBUG 2021-07-08 12:09:06,011 - DOMAIN ERROR
INFO 2021-07-08 12:09:06,012 - {
    "DOMAIN": "12859999.com", 
    "DOMAIN_CURL": 0, 
    "ERROR": "[Errno 110] Connection timed out"
}
DEBUG 2021-07-08 12:09:18,417 - ####################################################################################################
DEBUG 2021-07-08 12:09:18,422 - DOMAIN ERROR
INFO 2021-07-08 12:09:18,422 - {
    "DOMAIN": "www.eu686.com", 
    "DOMAIN_CURL": 80, 
    "ERROR": "[Errno 110] Connection timed out"
}
DEBUG 2021-07-08 13:00:06,595 - ####################################################################################################
DEBUG 2021-07-08 13:00:06,601 - DOMAIN INFO
INFO 2021-07-08 13:00:06,601 - {
    "DOMAIN": "tv36.com", 
    "EXPIRATION": "2021-07-26 13:40:15", 
    "DAYS": "18 days, 0:40:09"
}
DEBUG 2021-07-08 13:08:52,326 - ####################################################################################################
DEBUG 2021-07-08 13:08:52,331 - DOMAIN ERROR
INFO 2021-07-08 13:08:52,332 - {
    "DOMAIN": "eu1988.com", 
    "DOMAIN_CURL": 80, 
    "ERROR": "[Errno 110] Connection timed out"
}
DEBUG 2021-07-08 13:08:54,327 - ####################################################################################################
DEBUG 2021-07-08 13:08:54,333 - DOMAIN INFO
INFO 2021-07-08 13:08:54,333 - {
    "DOMAIN": "www.eu1988.com", 
    "EXPIRATION": "2021-09-27 10:55:39", 
    "DAYS": "80 days, 21:46:45"
}
DEBUG 2021-07-08 13:09:13,280 - ####################################################################################################
DEBUG 2021-07-08 13:09:13,285 - DOMAIN ERROR
INFO 2021-07-08 13:09:13,286 - {
    "DOMAIN": "12859999.com", 
    "DOMAIN_CURL": 0, 
    "ERROR": "[Errno 110] Connection timed out"
}
DEBUG 2021-07-08 13:09:53,669 - ####################################################################################################
DEBUG 2021-07-08 13:09:53,676 - DOMAIN ERROR
INFO 2021-07-08 13:09:53,676 - {
    "DOMAIN": "12899888.com", 
    "DOMAIN_CURL": 0, 
    "ERROR": "[Errno 110] Connection timed out"
}
DEBUG 2021-07-08 14:00:03,981 - ####################################################################################################
DEBUG 2021-07-08 14:00:03,987 - DOMAIN INFO
INFO 2021-07-08 14:00:03,987 - {
    "DOMAIN": "tv36.com", 
    "EXPIRATION": "2021-07-26 13:40:15", 
    "DAYS": "17 days, 23:40:12"
}
DEBUG 2021-07-08 14:08:52,533 - ####################################################################################################
DEBUG 2021-07-08 14:08:52,539 - DOMAIN ERROR
INFO 2021-07-08 14:08:52,539 - {
    "DOMAIN": "eu1988.com", 
    "DOMAIN_CURL": 80, 
    "ERROR": "[Errno 110] Connection timed out"
}
DEBUG 2021-07-08 14:08:52,930 - ####################################################################################################
DEBUG 2021-07-08 14:08:52,936 - DOMAIN ERROR
INFO 2021-07-08 14:08:52,937 - {
    "DOMAIN": "www.eu1988.com", 
    "DOMAIN_CURL": 80, 
    "ERROR": "[Errno 110] Connection timed out"
}
DEBUG 2021-07-08 14:08:58,894 - ####################################################################################################
DEBUG 2021-07-08 14:08:58,900 - DOMAIN ERROR
INFO 2021-07-08 14:08:58,900 - {
    "DOMAIN": "12859999.com", 
    "DOMAIN_CURL": 0, 
    "ERROR": "[Errno 110] Connection timed out"
}
DEBUG 2021-07-08 14:09:40,149 - ####################################################################################################
DEBUG 2021-07-08 14:09:40,157 - DOMAIN ERROR
INFO 2021-07-08 14:09:40,157 - {
    "DOMAIN": "12899888.com", 
    "DOMAIN_CURL": 0, 
    "ERROR": "[Errno 110] Connection timed out"
}
DEBUG 2021-07-08 15:00:06,387 - ####################################################################################################
DEBUG 2021-07-08 15:00:06,394 - DOMAIN INFO
INFO 2021-07-08 15:00:06,394 - {
    "DOMAIN": "tv36.com", 
    "EXPIRATION": "2021-07-26 13:40:15", 
    "DAYS": "17 days, 22:40:09"
}
DEBUG 2021-07-08 15:08:53,049 - ####################################################################################################
DEBUG 2021-07-08 15:08:53,054 - DOMAIN ERROR
INFO 2021-07-08 15:08:53,054 - {
    "DOMAIN": "www.eu1988.com", 
    "DOMAIN_CURL": 80, 
    "ERROR": "[Errno 110] Connection timed out"
}
DEBUG 2021-07-08 15:08:53,075 - ####################################################################################################
DEBUG 2021-07-08 15:08:53,080 - DOMAIN ERROR
INFO 2021-07-08 15:08:53,080 - {
    "DOMAIN": "eu1988.com", 
    "DOMAIN_CURL": 80, 
    "ERROR": "[Errno 110] Connection timed out"
}
DEBUG 2021-07-08 15:08:58,424 - ####################################################################################################
DEBUG 2021-07-08 15:08:58,430 - DOMAIN ERROR
INFO 2021-07-08 15:08:58,430 - {
    "DOMAIN": "12859999.com", 
    "DOMAIN_CURL": 0, 
    "ERROR": "[Errno 110] Connection timed out"
}
DEBUG 2021-07-08 15:09:38,849 - ####################################################################################################
DEBUG 2021-07-08 15:09:38,855 - DOMAIN ERROR
INFO 2021-07-08 15:09:38,855 - {
    "DOMAIN": "12899888.com", 
    "DOMAIN_CURL": 0, 
    "ERROR": "[Errno 110] Connection timed out"
}
DEBUG 2021-07-08 16:00:05,084 - ####################################################################################################
DEBUG 2021-07-08 16:00:05,090 - DOMAIN INFO
INFO 2021-07-08 16:00:05,090 - {
    "DOMAIN": "tv36.com", 
    "EXPIRATION": "2021-07-26 13:40:15", 
    "DAYS": "17 days, 21:40:10"
}
DEBUG 2021-07-08 16:08:50,127 - ####################################################################################################
DEBUG 2021-07-08 16:08:50,133 - DOMAIN ERROR
INFO 2021-07-08 16:08:50,134 - {
    "DOMAIN": "eu1988.com", 
    "DOMAIN_CURL": 80, 
    "ERROR": "[Errno 110] Connection timed out"
}
DEBUG 2021-07-08 16:08:50,587 - ####################################################################################################
DEBUG 2021-07-08 16:08:50,592 - DOMAIN ERROR
INFO 2021-07-08 16:08:50,593 - {
    "DOMAIN": "www.eu1988.com", 
    "DOMAIN_CURL": 80, 
    "ERROR": "[Errno 110] Connection timed out"
}
DEBUG 2021-07-08 16:08:58,835 - ####################################################################################################
DEBUG 2021-07-08 16:08:58,842 - DOMAIN ERROR
INFO 2021-07-08 16:08:58,842 - {
    "DOMAIN": "12859999.com", 
    "DOMAIN_CURL": 0, 
    "ERROR": "[Errno 110] Connection timed out"
}
DEBUG 2021-07-08 16:09:38,840 - ####################################################################################################
DEBUG 2021-07-08 16:09:38,846 - DOMAIN ERROR
INFO 2021-07-08 16:09:38,847 - {
    "DOMAIN": "12899888.com", 
    "DOMAIN_CURL": 0, 
    "ERROR": "[Errno 110] Connection timed out"
}
DEBUG 2021-07-08 17:00:02,937 - ####################################################################################################
DEBUG 2021-07-08 17:00:02,943 - DOMAIN INFO
INFO 2021-07-08 17:00:02,943 - {
    "DOMAIN": "tv36.com", 
    "EXPIRATION": "2021-07-26 13:40:15", 
    "DAYS": "17 days, 20:40:13"
}
DEBUG 2021-07-08 17:08:49,709 - ####################################################################################################
DEBUG 2021-07-08 17:08:49,716 - DOMAIN ERROR
INFO 2021-07-08 17:08:49,716 - {
    "DOMAIN": "eu1988.com", 
    "DOMAIN_CURL": 80, 
    "ERROR": "[Errno 110] Connection timed out"
}
DEBUG 2021-07-08 17:08:50,076 - ####################################################################################################
DEBUG 2021-07-08 17:08:50,081 - DOMAIN ERROR
INFO 2021-07-08 17:08:50,081 - {
    "DOMAIN": "www.eu1988.com", 
    "DOMAIN_CURL": 80, 
    "ERROR": "[Errno 110] Connection timed out"
}
DEBUG 2021-07-08 17:08:58,333 - ####################################################################################################
DEBUG 2021-07-08 17:08:58,339 - DOMAIN ERROR
INFO 2021-07-08 17:08:58,340 - {
    "DOMAIN": "12859999.com", 
    "DOMAIN_CURL": 0, 
    "ERROR": "[Errno 110] Connection timed out"
}
DEBUG 2021-07-08 18:00:02,359 - ####################################################################################################
DEBUG 2021-07-08 18:00:02,365 - DOMAIN INFO
INFO 2021-07-08 18:00:02,365 - {
    "DOMAIN": "tv36.com", 
    "EXPIRATION": "2021-07-26 13:40:15", 
    "DAYS": "17 days, 19:40:13"
}
DEBUG 2021-07-08 18:08:42,442 - ####################################################################################################
DEBUG 2021-07-08 18:08:42,446 - DOMAIN ERROR
INFO 2021-07-08 18:08:42,446 - {
    "DOMAIN": "12859999.com", 
    "DOMAIN_CURL": 80, 
    "ERROR": "[Errno 110] Connection timed out"
}
DEBUG 2021-07-08 18:08:48,509 - ####################################################################################################
DEBUG 2021-07-08 18:08:48,515 - DOMAIN ERROR
INFO 2021-07-08 18:08:48,515 - {
    "DOMAIN": "eu1988.com", 
    "DOMAIN_CURL": 80, 
    "ERROR": "[Errno 110] Connection timed out"
}
DEBUG 2021-07-08 18:08:49,306 - ####################################################################################################
DEBUG 2021-07-08 18:08:49,312 - DOMAIN ERROR
INFO 2021-07-08 18:08:49,312 - {
    "DOMAIN": "www.eu1988.com", 
    "DOMAIN_CURL": 80, 
    "ERROR": "[Errno 110] Connection timed out"
}
DEBUG 2021-07-08 18:09:05,970 - ####################################################################################################
DEBUG 2021-07-08 18:09:05,976 - DOMAIN ERROR
INFO 2021-07-08 18:09:05,976 - {
    "DOMAIN": "12899888.com", 
    "DOMAIN_CURL": 80, 
    "ERROR": "[Errno 110] Connection timed out"
}
DEBUG 2021-07-08 19:00:01,318 - ####################################################################################################
DEBUG 2021-07-08 19:00:01,324 - DOMAIN INFO
INFO 2021-07-08 19:00:01,324 - {
    "DOMAIN": "tv36.com", 
    "EXPIRATION": "2021-07-26 13:40:15", 
    "DAYS": "17 days, 18:40:14"
}
DEBUG 2021-07-08 19:08:43,251 - ####################################################################################################
DEBUG 2021-07-08 19:08:43,258 - DOMAIN ERROR
INFO 2021-07-08 19:08:43,258 - {
    "DOMAIN": "12859999.com", 
    "DOMAIN_CURL": 80, 
    "ERROR": "[Errno 110] Connection timed out"
}
DEBUG 2021-07-08 19:08:45,163 - ####################################################################################################
DEBUG 2021-07-08 19:08:45,169 - DOMAIN ERROR
INFO 2021-07-08 19:08:45,170 - {
    "DOMAIN": "12899888.com", 
    "DOMAIN_CURL": 80, 
    "ERROR": "[Errno 110] Connection timed out"
}
DEBUG 2021-07-08 19:08:50,925 - ####################################################################################################
DEBUG 2021-07-08 19:08:50,931 - DOMAIN ERROR
INFO 2021-07-08 19:08:50,931 - {
    "DOMAIN": "eu1988.com", 
    "DOMAIN_CURL": 80, 
    "ERROR": "[Errno 110] Connection timed out"
}
DEBUG 2021-07-08 19:08:51,729 - ####################################################################################################
DEBUG 2021-07-08 19:08:51,735 - DOMAIN ERROR
INFO 2021-07-08 19:08:51,735 - {
    "DOMAIN": "www.eu1988.com", 
    "DOMAIN_CURL": 80, 
    "ERROR": "[Errno 110] Connection timed out"
}
DEBUG 2021-07-08 19:08:58,358 - ####################################################################################################
DEBUG 2021-07-08 19:08:58,363 - DOMAIN ERROR
INFO 2021-07-08 19:08:58,363 - {
    "DOMAIN": "eu211.com", 
    "DOMAIN_CURL": 80, 
    "ERROR": "[Errno 110] Connection timed out"
}
DEBUG 2021-07-08 19:08:58,676 - ####################################################################################################
DEBUG 2021-07-08 19:08:58,681 - DOMAIN ERROR
INFO 2021-07-08 19:08:58,682 - {
    "DOMAIN": "www.eu211.com", 
    "DOMAIN_CURL": 80, 
    "ERROR": "[Errno 110] Connection timed out"
}
DEBUG 2021-07-08 19:09:04,034 - ####################################################################################################
DEBUG 2021-07-08 19:09:04,040 - DOMAIN ERROR
INFO 2021-07-08 19:09:04,040 - {
    "DOMAIN": "eu664.com", 
    "DOMAIN_CURL": 80, 
    "ERROR": "[Errno 110] Connection timed out"
}
DEBUG 2021-07-08 19:09:11,922 - ####################################################################################################
DEBUG 2021-07-08 19:09:11,927 - DOMAIN ERROR
INFO 2021-07-08 19:09:11,927 - {
    "DOMAIN": "www.eu664.com", 
    "DOMAIN_CURL": 80, 
    "ERROR": "[Errno 110] Connection timed out"
}
DEBUG 2021-07-08 19:09:12,622 - ####################################################################################################
DEBUG 2021-07-08 19:09:12,629 - DOMAIN ERROR
INFO 2021-07-08 19:09:12,629 - {
    "DOMAIN": "eu686.com", 
    "DOMAIN_CURL": 80, 
    "ERROR": "[Errno 110] Connection timed out"
}
DEBUG 2021-07-08 19:09:15,696 - ####################################################################################################
DEBUG 2021-07-08 19:09:15,702 - DOMAIN ERROR
INFO 2021-07-08 19:09:15,702 - {
    "DOMAIN": "www.eu686.com", 
    "DOMAIN_CURL": 80, 
    "ERROR": "[Errno 110] Connection timed out"
}
DEBUG 2021-07-08 20:00:01,739 - ####################################################################################################
DEBUG 2021-07-08 20:00:01,745 - DOMAIN INFO
INFO 2021-07-08 20:00:01,745 - {
    "DOMAIN": "tv36.com", 
    "EXPIRATION": "2021-07-26 13:40:15", 
    "DAYS": "17 days, 17:40:14"
}
DEBUG 2021-07-08 20:08:42,408 - ####################################################################################################
DEBUG 2021-07-08 20:08:42,414 - DOMAIN ERROR
INFO 2021-07-08 20:08:42,414 - {
    "DOMAIN": "12859999.com", 
    "DOMAIN_CURL": 80, 
    "ERROR": "[Errno 110] Connection timed out"
}
DEBUG 2021-07-08 20:08:50,064 - ####################################################################################################
DEBUG 2021-07-08 20:08:50,069 - DOMAIN ERROR
INFO 2021-07-08 20:08:50,069 - {
    "DOMAIN": "eu1988.com", 
    "DOMAIN_CURL": 80, 
    "ERROR": "[Errno 110] Connection timed out"
}
DEBUG 2021-07-08 20:08:51,536 - ####################################################################################################
DEBUG 2021-07-08 20:08:51,541 - DOMAIN ERROR
INFO 2021-07-08 20:08:51,541 - {
    "DOMAIN": "www.eu1988.com", 
    "DOMAIN_CURL": 80, 
    "ERROR": "[Errno 110] Connection timed out"
}
DEBUG 2021-07-08 20:08:51,679 - ####################################################################################################
DEBUG 2021-07-08 20:08:51,685 - DOMAIN ERROR
INFO 2021-07-08 20:08:51,685 - {
    "DOMAIN": "12899888.com", 
    "DOMAIN_CURL": 80, 
    "ERROR": "[Errno 110] Connection timed out"
}
DEBUG 2021-07-08 20:09:01,174 - ####################################################################################################
DEBUG 2021-07-08 20:09:01,179 - DOMAIN ERROR
INFO 2021-07-08 20:09:01,179 - {
    "DOMAIN": "eu211.com", 
    "DOMAIN_CURL": 80, 
    "ERROR": "[Errno 110] Connection timed out"
}
DEBUG 2021-07-08 20:09:02,214 - ####################################################################################################
DEBUG 2021-07-08 20:09:02,220 - DOMAIN ERROR
INFO 2021-07-08 20:09:02,220 - {
    "DOMAIN": "www.eu211.com", 
    "DOMAIN_CURL": 80, 
    "ERROR": "[Errno 110] Connection timed out"
}
DEBUG 2021-07-08 20:09:05,838 - ####################################################################################################
DEBUG 2021-07-08 20:09:05,844 - DOMAIN ERROR
INFO 2021-07-08 20:09:05,844 - {
    "DOMAIN": "eu664.com", 
    "DOMAIN_CURL": 80, 
    "ERROR": "[Errno 110] Connection timed out"
}
DEBUG 2021-07-08 20:09:10,860 - ####################################################################################################
DEBUG 2021-07-08 20:09:10,866 - DOMAIN ERROR
INFO 2021-07-08 20:09:10,866 - {
    "DOMAIN": "www.eu664.com", 
    "DOMAIN_CURL": 80, 
    "ERROR": "[Errno 110] Connection timed out"
}
DEBUG 2021-07-08 20:09:11,725 - ####################################################################################################
DEBUG 2021-07-08 20:09:11,731 - DOMAIN ERROR
INFO 2021-07-08 20:09:11,731 - {
    "DOMAIN": "eu686.com", 
    "DOMAIN_CURL": 80, 
    "ERROR": "[Errno 110] Connection timed out"
}
DEBUG 2021-07-08 20:09:15,717 - ####################################################################################################
DEBUG 2021-07-08 20:09:15,723 - DOMAIN ERROR
INFO 2021-07-08 20:09:15,723 - {
    "DOMAIN": "www.eu686.com", 
    "DOMAIN_CURL": 80, 
    "ERROR": "[Errno 110] Connection timed out"
}
DEBUG 2021-07-08 21:00:03,374 - ####################################################################################################
DEBUG 2021-07-08 21:00:03,379 - DOMAIN INFO
INFO 2021-07-08 21:00:03,379 - {
    "DOMAIN": "tv36.com", 
    "EXPIRATION": "2021-07-26 13:40:15", 
    "DAYS": "17 days, 16:40:12"
}
DEBUG 2021-07-08 21:08:42,623 - ####################################################################################################
DEBUG 2021-07-08 21:08:42,629 - DOMAIN ERROR
INFO 2021-07-08 21:08:42,629 - {
    "DOMAIN": "12859999.com", 
    "DOMAIN_CURL": 80, 
    "ERROR": "[Errno 110] Connection timed out"
}
DEBUG 2021-07-08 21:08:45,793 - ####################################################################################################
DEBUG 2021-07-08 21:08:45,798 - DOMAIN ERROR
INFO 2021-07-08 21:08:45,798 - {
    "DOMAIN": "12899888.com", 
    "DOMAIN_CURL": 80, 
    "ERROR": "[Errno 110] Connection timed out"
}
DEBUG 2021-07-08 21:08:51,080 - ####################################################################################################
DEBUG 2021-07-08 21:08:51,086 - DOMAIN ERROR
INFO 2021-07-08 21:08:51,087 - {
    "DOMAIN": "eu1988.com", 
    "DOMAIN_CURL": 80, 
    "ERROR": "[Errno 110] Connection timed out"
}
DEBUG 2021-07-08 21:08:51,756 - ####################################################################################################
DEBUG 2021-07-08 21:08:51,762 - DOMAIN ERROR
INFO 2021-07-08 21:08:51,762 - {
    "DOMAIN": "www.eu1988.com", 
    "DOMAIN_CURL": 80, 
    "ERROR": "[Errno 110] Connection timed out"
}
DEBUG 2021-07-08 21:08:58,900 - ####################################################################################################
DEBUG 2021-07-08 21:08:58,906 - DOMAIN ERROR
INFO 2021-07-08 21:08:58,906 - {
    "DOMAIN": "eu211.com", 
    "DOMAIN_CURL": 80, 
    "ERROR": "[Errno 110] Connection timed out"
}
DEBUG 2021-07-08 21:08:59,154 - ####################################################################################################
DEBUG 2021-07-08 21:08:59,161 - DOMAIN ERROR
INFO 2021-07-08 21:08:59,161 - {
    "DOMAIN": "www.eu211.com", 
    "DOMAIN_CURL": 80, 
    "ERROR": "[Errno 110] Connection timed out"
}
DEBUG 2021-07-08 21:09:01,853 - ####################################################################################################
DEBUG 2021-07-08 21:09:01,858 - DOMAIN ERROR
INFO 2021-07-08 21:09:01,858 - {
    "DOMAIN": "eu664.com", 
    "DOMAIN_CURL": 80, 
    "ERROR": "[Errno 110] Connection timed out"
}
DEBUG 2021-07-08 21:09:08,073 - ####################################################################################################
DEBUG 2021-07-08 21:09:08,078 - DOMAIN ERROR
INFO 2021-07-08 21:09:08,078 - {
    "DOMAIN": "www.eu664.com", 
    "DOMAIN_CURL": 80, 
    "ERROR": "[Errno 110] Connection timed out"
}
DEBUG 2021-07-08 21:09:11,217 - ####################################################################################################
DEBUG 2021-07-08 21:09:11,224 - DOMAIN ERROR
INFO 2021-07-08 21:09:11,224 - {
    "DOMAIN": "eu686.com", 
    "DOMAIN_CURL": 80, 
    "ERROR": "[Errno 110] Connection timed out"
}
DEBUG 2021-07-08 21:09:11,914 - ####################################################################################################
DEBUG 2021-07-08 21:09:11,922 - DOMAIN ERROR
INFO 2021-07-08 21:09:11,922 - {
    "DOMAIN": "www.eu686.com", 
    "DOMAIN_CURL": 80, 
    "ERROR": "[Errno 110] Connection timed out"
}
DEBUG 2021-07-08 22:00:02,115 - ####################################################################################################
DEBUG 2021-07-08 22:00:02,121 - DOMAIN INFO
INFO 2021-07-08 22:00:02,121 - {
    "DOMAIN": "tv36.com", 
    "EXPIRATION": "2021-07-26 13:40:15", 
    "DAYS": "17 days, 15:40:13"
}
DEBUG 2021-07-08 22:08:43,400 - ####################################################################################################
DEBUG 2021-07-08 22:08:43,406 - DOMAIN ERROR
INFO 2021-07-08 22:08:43,406 - {
    "DOMAIN": "12899888.com", 
    "DOMAIN_CURL": 80, 
    "ERROR": "[Errno 110] Connection timed out"
}
DEBUG 2021-07-08 22:08:49,622 - ####################################################################################################
DEBUG 2021-07-08 22:08:49,627 - DOMAIN ERROR
INFO 2021-07-08 22:08:49,628 - {
    "DOMAIN": "eu1988.com", 
    "DOMAIN_CURL": 80, 
    "ERROR": "[Errno 110] Connection timed out"
}
DEBUG 2021-07-08 22:08:49,706 - ####################################################################################################
DEBUG 2021-07-08 22:08:49,712 - DOMAIN ERROR
INFO 2021-07-08 22:08:49,712 - {
    "DOMAIN": "www.eu1988.com", 
    "DOMAIN_CURL": 80, 
    "ERROR": "[Errno 110] Connection timed out"
}
DEBUG 2021-07-08 22:08:57,422 - ####################################################################################################
DEBUG 2021-07-08 22:08:57,428 - DOMAIN ERROR
INFO 2021-07-08 22:08:57,429 - {
    "DOMAIN": "12859999.com", 
    "DOMAIN_CURL": 0, 
    "ERROR": "[Errno 110] Connection timed out"
}
DEBUG 2021-07-08 22:09:01,872 - ####################################################################################################
DEBUG 2021-07-08 22:09:01,878 - DOMAIN ERROR
INFO 2021-07-08 22:09:01,878 - {
    "DOMAIN": "eu211.com", 
    "DOMAIN_CURL": 80, 
    "ERROR": "[Errno 110] Connection timed out"
}
DEBUG 2021-07-08 22:09:03,412 - ####################################################################################################
DEBUG 2021-07-08 22:09:03,418 - DOMAIN ERROR
INFO 2021-07-08 22:09:03,419 - {
    "DOMAIN": "www.eu211.com", 
    "DOMAIN_CURL": 80, 
    "ERROR": "[Errno 110] Connection timed out"
}
DEBUG 2021-07-08 22:09:07,303 - ####################################################################################################
DEBUG 2021-07-08 22:09:07,308 - DOMAIN ERROR
INFO 2021-07-08 22:09:07,309 - {
    "DOMAIN": "eu664.com", 
    "DOMAIN_CURL": 80, 
    "ERROR": "[Errno 110] Connection timed out"
}
DEBUG 2021-07-08 22:09:12,383 - ####################################################################################################
DEBUG 2021-07-08 22:09:12,389 - DOMAIN ERROR
INFO 2021-07-08 22:09:12,389 - {
    "DOMAIN": "www.eu664.com", 
    "DOMAIN_CURL": 80, 
    "ERROR": "[Errno 110] Connection timed out"
}
DEBUG 2021-07-08 22:09:15,317 - ####################################################################################################
DEBUG 2021-07-08 22:09:15,323 - DOMAIN ERROR
INFO 2021-07-08 22:09:15,323 - {
    "DOMAIN": "eu686.com", 
    "DOMAIN_CURL": 80, 
    "ERROR": "[Errno 110] Connection timed out"
}
DEBUG 2021-07-08 22:09:16,580 - ####################################################################################################
DEBUG 2021-07-08 22:09:16,585 - DOMAIN ERROR
INFO 2021-07-08 22:09:16,585 - {
    "DOMAIN": "www.eu686.com", 
    "DOMAIN_CURL": 80, 
    "ERROR": "[Errno 110] Connection timed out"
}
DEBUG 2021-07-08 23:00:03,278 - ####################################################################################################
DEBUG 2021-07-08 23:00:03,283 - DOMAIN INFO
INFO 2021-07-08 23:00:03,283 - {
    "DOMAIN": "tv36.com", 
    "EXPIRATION": "2021-07-26 13:40:15", 
    "DAYS": "17 days, 14:40:12"
}
DEBUG 2021-07-08 23:08:40,565 - ####################################################################################################
DEBUG 2021-07-08 23:08:40,571 - DOMAIN ERROR
INFO 2021-07-08 23:08:40,571 - {
    "DOMAIN": "12859999.com", 
    "DOMAIN_CURL": 80, 
    "ERROR": "[Errno 110] Connection timed out"
}
DEBUG 2021-07-08 23:08:41,789 - ####################################################################################################
DEBUG 2021-07-08 23:08:41,795 - DOMAIN ERROR
INFO 2021-07-08 23:08:41,795 - {
    "DOMAIN": "12899888.com", 
    "DOMAIN_CURL": 80, 
    "ERROR": "[Errno 110] Connection timed out"
}
DEBUG 2021-07-08 23:08:46,080 - ####################################################################################################
DEBUG 2021-07-08 23:08:46,085 - DOMAIN ERROR
INFO 2021-07-08 23:08:46,086 - {
    "DOMAIN": "eu1988.com", 
    "DOMAIN_CURL": 80, 
    "ERROR": "[Errno 110] Connection timed out"
}
DEBUG 2021-07-08 23:08:46,786 - ####################################################################################################
DEBUG 2021-07-08 23:08:46,792 - DOMAIN ERROR
INFO 2021-07-08 23:08:46,792 - {
    "DOMAIN": "www.eu1988.com", 
    "DOMAIN_CURL": 80, 
    "ERROR": "[Errno 110] Connection timed out"
}
DEBUG 2021-07-08 23:08:59,473 - ####################################################################################################
DEBUG 2021-07-08 23:08:59,478 - DOMAIN ERROR
INFO 2021-07-08 23:08:59,479 - {
    "DOMAIN": "eu211.com", 
    "DOMAIN_CURL": 80, 
    "ERROR": "[Errno 110] Connection timed out"
}
DEBUG 2021-07-08 23:09:02,180 - ####################################################################################################
DEBUG 2021-07-08 23:09:02,185 - DOMAIN ERROR
INFO 2021-07-08 23:09:02,186 - {
    "DOMAIN": "www.eu211.com", 
    "DOMAIN_CURL": 80, 
    "ERROR": "[Errno 110] Connection timed out"
}
DEBUG 2021-07-08 23:09:04,719 - ####################################################################################################
DEBUG 2021-07-08 23:09:04,725 - DOMAIN ERROR
INFO 2021-07-08 23:09:04,725 - {
    "DOMAIN": "eu664.com", 
    "DOMAIN_CURL": 80, 
    "ERROR": "[Errno 110] Connection timed out"
}
DEBUG 2021-07-08 23:09:08,977 - ####################################################################################################
DEBUG 2021-07-08 23:09:08,983 - DOMAIN ERROR
INFO 2021-07-08 23:09:08,983 - {
    "DOMAIN": "www.eu664.com", 
    "DOMAIN_CURL": 80, 
    "ERROR": "[Errno 110] Connection timed out"
}
DEBUG 2021-07-08 23:09:09,856 - ####################################################################################################
DEBUG 2021-07-08 23:09:09,861 - DOMAIN ERROR
INFO 2021-07-08 23:09:09,861 - {
    "DOMAIN": "eu686.com", 
    "DOMAIN_CURL": 80, 
    "ERROR": "[Errno 110] Connection timed out"
}
DEBUG 2021-07-08 23:09:12,527 - ####################################################################################################
DEBUG 2021-07-08 23:09:12,532 - DOMAIN ERROR
INFO 2021-07-08 23:09:12,533 - {
    "DOMAIN": "www.eu686.com", 
    "DOMAIN_CURL": 80, 
    "ERROR": "[Errno 110] Connection timed out"
}
