DEBUG 2021-07-07 00:02:43,188 - ####################################################################################################
DEBUG 2021-07-07 00:02:43,194 - DOMAIN INFO
INFO 2021-07-07 00:02:43,194 - {
    "DOMAIN": "wpc89.com", 
    "EXPIRATION": "2021-10-04 16:16:02", 
    "DAYS": "89 days, 16:13:19"
}
DEBUG 2021-07-07 00:02:44,789 - ####################################################################################################
DEBUG 2021-07-07 00:02:44,795 - DOMAIN INFO
INFO 2021-07-07 00:02:44,795 - {
    "DOMAIN": "www.wpc89.com", 
    "EXPIRATION": "2021-10-04 16:16:02", 
    "DAYS": "89 days, 16:13:18"
}
DEBUG 2021-07-07 00:32:21,002 - ####################################################################################################
DEBUG 2021-07-07 00:32:21,008 - DOMAIN INFO
INFO 2021-07-07 00:32:21,008 - {
    "DOMAIN": "tochat333.com", 
    "EXPIRATION": "2021-07-19 16:18:13", 
    "DAYS": "12 days, 15:45:53"
}
DEBUG 2021-07-07 01:02:42,964 - ####################################################################################################
DEBUG 2021-07-07 01:02:42,972 - DOMAIN INFO
INFO 2021-07-07 01:02:42,973 - {
    "DOMAIN": "wpc89.com", 
    "EXPIRATION": "2021-10-04 16:16:02", 
    "DAYS": "89 days, 15:13:20"
}
DEBUG 2021-07-07 01:02:43,647 - ####################################################################################################
DEBUG 2021-07-07 01:02:43,653 - DOMAIN INFO
INFO 2021-07-07 01:02:43,653 - {
    "DOMAIN": "www.wpc89.com", 
    "EXPIRATION": "2021-10-04 16:16:02", 
    "DAYS": "89 days, 15:13:19"
}
DEBUG 2021-07-07 01:32:18,559 - ####################################################################################################
DEBUG 2021-07-07 01:32:18,566 - DOMAIN INFO
INFO 2021-07-07 01:32:18,566 - {
    "DOMAIN": "tochat333.com", 
    "EXPIRATION": "2021-07-19 16:18:13", 
    "DAYS": "12 days, 14:45:55"
}
DEBUG 2021-07-07 02:02:42,935 - ####################################################################################################
DEBUG 2021-07-07 02:02:42,941 - DOMAIN INFO
INFO 2021-07-07 02:02:42,941 - {
    "DOMAIN": "wpc89.com", 
    "EXPIRATION": "2021-10-04 16:16:02", 
    "DAYS": "89 days, 14:13:20"
}
DEBUG 2021-07-07 02:02:43,515 - ####################################################################################################
DEBUG 2021-07-07 02:02:43,520 - DOMAIN INFO
INFO 2021-07-07 02:02:43,521 - {
    "DOMAIN": "www.wpc89.com", 
    "EXPIRATION": "2021-10-04 16:16:02", 
    "DAYS": "89 days, 14:13:19"
}
DEBUG 2021-07-07 02:32:20,180 - ####################################################################################################
DEBUG 2021-07-07 02:32:20,186 - DOMAIN INFO
INFO 2021-07-07 02:32:20,186 - {
    "DOMAIN": "tochat333.com", 
    "EXPIRATION": "2021-07-19 16:18:13", 
    "DAYS": "12 days, 13:45:53"
}
DEBUG 2021-07-07 03:02:46,439 - ####################################################################################################
DEBUG 2021-07-07 03:02:46,445 - DOMAIN INFO
INFO 2021-07-07 03:02:46,445 - {
    "DOMAIN": "wpc89.com", 
    "EXPIRATION": "2021-10-04 16:16:02", 
    "DAYS": "89 days, 13:13:16"
}
DEBUG 2021-07-07 03:02:46,988 - ####################################################################################################
DEBUG 2021-07-07 03:02:46,995 - DOMAIN INFO
INFO 2021-07-07 03:02:46,995 - {
    "DOMAIN": "www.wpc89.com", 
    "EXPIRATION": "2021-10-04 16:16:02", 
    "DAYS": "89 days, 13:13:16"
}
DEBUG 2021-07-07 03:32:15,278 - ####################################################################################################
DEBUG 2021-07-07 03:32:15,284 - DOMAIN INFO
INFO 2021-07-07 03:32:15,284 - {
    "DOMAIN": "tochat333.com", 
    "EXPIRATION": "2021-07-19 16:18:13", 
    "DAYS": "12 days, 12:45:58"
}
DEBUG 2021-07-07 04:02:42,856 - ####################################################################################################
DEBUG 2021-07-07 04:02:42,862 - DOMAIN INFO
INFO 2021-07-07 04:02:42,863 - {
    "DOMAIN": "wpc89.com", 
    "EXPIRATION": "2021-10-04 16:16:02", 
    "DAYS": "89 days, 12:13:20"
}
DEBUG 2021-07-07 04:02:44,075 - ####################################################################################################
DEBUG 2021-07-07 04:02:44,081 - DOMAIN INFO
INFO 2021-07-07 04:02:44,081 - {
    "DOMAIN": "www.wpc89.com", 
    "EXPIRATION": "2021-10-04 16:16:02", 
    "DAYS": "89 days, 12:13:18"
}
DEBUG 2021-07-07 04:32:17,796 - ####################################################################################################
DEBUG 2021-07-07 04:32:17,803 - DOMAIN INFO
INFO 2021-07-07 04:32:17,803 - {
    "DOMAIN": "tochat333.com", 
    "EXPIRATION": "2021-07-19 16:18:13", 
    "DAYS": "12 days, 11:45:56"
}
DEBUG 2021-07-07 05:02:41,962 - ####################################################################################################
DEBUG 2021-07-07 05:02:41,968 - DOMAIN INFO
INFO 2021-07-07 05:02:41,969 - {
    "DOMAIN": "wpc89.com", 
    "EXPIRATION": "2021-10-04 16:16:02", 
    "DAYS": "89 days, 11:13:21"
}
DEBUG 2021-07-07 05:02:43,494 - ####################################################################################################
DEBUG 2021-07-07 05:02:43,500 - DOMAIN INFO
INFO 2021-07-07 05:02:43,500 - {
    "DOMAIN": "www.wpc89.com", 
    "EXPIRATION": "2021-10-04 16:16:02", 
    "DAYS": "89 days, 11:13:19"
}
DEBUG 2021-07-07 05:32:16,151 - ####################################################################################################
DEBUG 2021-07-07 05:32:16,157 - DOMAIN INFO
INFO 2021-07-07 05:32:16,157 - {
    "DOMAIN": "tochat333.com", 
    "EXPIRATION": "2021-07-19 16:18:13", 
    "DAYS": "12 days, 10:45:57"
}
DEBUG 2021-07-07 06:00:03,379 - ####################################################################################################
DEBUG 2021-07-07 06:00:03,384 - DOMAIN INFO
INFO 2021-07-07 06:00:03,384 - {
    "DOMAIN": "kbl8888.net", 
    "EXPIRATION": "2021-09-27 10:55:18", 
    "DAYS": "82 days, 4:55:15"
}
DEBUG 2021-07-07 06:00:04,111 - ####################################################################################################
DEBUG 2021-07-07 06:00:04,116 - DOMAIN INFO
INFO 2021-07-07 06:00:04,116 - {
    "DOMAIN": "tv36.com", 
    "EXPIRATION": "2021-07-26 13:40:15", 
    "DAYS": "19 days, 7:40:11"
}
DEBUG 2021-07-07 06:00:05,493 - ####################################################################################################
DEBUG 2021-07-07 06:00:05,498 - DOMAIN INFO
INFO 2021-07-07 06:00:05,499 - {
    "DOMAIN": "ying88888.com", 
    "EXPIRATION": "2021-09-27 10:43:24", 
    "DAYS": "82 days, 4:43:19"
}
DEBUG 2021-07-07 06:00:06,766 - ####################################################################################################
DEBUG 2021-07-07 06:00:06,771 - DOMAIN INFO
INFO 2021-07-07 06:00:06,771 - {
    "DOMAIN": "jiabo18.com", 
    "EXPIRATION": "2021-08-30 10:31:52", 
    "DAYS": "54 days, 4:31:46"
}
DEBUG 2021-07-07 06:00:10,841 - ####################################################################################################
DEBUG 2021-07-07 06:00:10,841 - ####################################################################################################
DEBUG 2021-07-07 06:00:10,846 - DOMAIN INFO
INFO 2021-07-07 06:00:10,846 - {
    "DOMAIN": "www.ytsefeng.com", 
    "EXPIRATION": "2021-09-04 02:31:20", 
    "DAYS": "58 days, 20:31:10"
}
DEBUG 2021-07-07 06:00:10,846 - DOMAIN INFO
INFO 2021-07-07 06:00:10,846 - {
    "DOMAIN": "ytsefeng.com", 
    "EXPIRATION": "2021-09-04 02:31:20", 
    "DAYS": "58 days, 20:31:10"
}
DEBUG 2021-07-07 06:02:43,648 - ####################################################################################################
DEBUG 2021-07-07 06:02:43,654 - DOMAIN INFO
INFO 2021-07-07 06:02:43,654 - {
    "DOMAIN": "wpc89.com", 
    "EXPIRATION": "2021-10-04 16:16:02", 
    "DAYS": "89 days, 10:13:19"
}
DEBUG 2021-07-07 06:02:44,814 - ####################################################################################################
DEBUG 2021-07-07 06:02:44,820 - DOMAIN INFO
INFO 2021-07-07 06:02:44,820 - {
    "DOMAIN": "www.wpc89.com", 
    "EXPIRATION": "2021-10-04 16:16:02", 
    "DAYS": "89 days, 10:13:18"
}
DEBUG 2021-07-07 06:32:17,962 - ####################################################################################################
DEBUG 2021-07-07 06:32:17,968 - DOMAIN INFO
INFO 2021-07-07 06:32:17,969 - {
    "DOMAIN": "tochat333.com", 
    "EXPIRATION": "2021-07-19 16:18:13", 
    "DAYS": "12 days, 9:45:56"
}
DEBUG 2021-07-07 07:00:03,068 - ####################################################################################################
DEBUG 2021-07-07 07:00:03,073 - DOMAIN INFO
INFO 2021-07-07 07:00:03,074 - {
    "DOMAIN": "tv36.com", 
    "EXPIRATION": "2021-07-26 13:40:15", 
    "DAYS": "19 days, 6:40:12"
}
DEBUG 2021-07-07 07:00:08,680 - ####################################################################################################
DEBUG 2021-07-07 07:00:08,685 - DOMAIN INFO
INFO 2021-07-07 07:00:08,685 - {
    "DOMAIN": "05588.me", 
    "EXPIRATION": "2021-09-26 23:38:26", 
    "DAYS": "81 days, 16:38:18"
}
DEBUG 2021-07-07 07:00:14,778 - ####################################################################################################
DEBUG 2021-07-07 07:00:14,783 - DOMAIN INFO
INFO 2021-07-07 07:00:14,783 - {
    "DOMAIN": "jin876.com", 
    "EXPIRATION": "2021-09-26 23:41:39", 
    "DAYS": "81 days, 16:41:25"
}
DEBUG 2021-07-07 07:00:15,376 - ####################################################################################################
DEBUG 2021-07-07 07:00:15,382 - DOMAIN INFO
INFO 2021-07-07 07:00:15,382 - {
    "DOMAIN": "eu2018.net", 
    "EXPIRATION": "2021-09-29 06:49:08", 
    "DAYS": "83 days, 23:48:53"
}
DEBUG 2021-07-07 07:00:15,641 - ####################################################################################################
DEBUG 2021-07-07 07:00:15,648 - DOMAIN INFO
INFO 2021-07-07 07:00:15,648 - {
    "DOMAIN": "jin172.com", 
    "EXPIRATION": "2021-09-27 10:38:24", 
    "DAYS": "82 days, 3:38:09"
}
DEBUG 2021-07-07 07:00:16,365 - ####################################################################################################
DEBUG 2021-07-07 07:00:16,370 - DOMAIN INFO
INFO 2021-07-07 07:00:16,370 - {
    "DOMAIN": "jsh521.com", 
    "EXPIRATION": "2021-09-27 14:32:43", 
    "DAYS": "82 days, 7:32:27"
}
DEBUG 2021-07-07 07:00:16,765 - ####################################################################################################
DEBUG 2021-07-07 07:00:16,770 - DOMAIN INFO
INFO 2021-07-07 07:00:16,771 - {
    "DOMAIN": "www.jsh521.com", 
    "EXPIRATION": "2021-09-27 14:32:43", 
    "DAYS": "82 days, 7:32:27"
}
DEBUG 2021-07-07 07:00:17,242 - ####################################################################################################
DEBUG 2021-07-07 07:00:17,247 - DOMAIN INFO
INFO 2021-07-07 07:00:17,247 - {
    "DOMAIN": "www.eu590.com", 
    "EXPIRATION": "2021-09-27 23:04:45", 
    "DAYS": "82 days, 16:04:28"
}
DEBUG 2021-07-07 07:00:17,641 - ####################################################################################################
DEBUG 2021-07-07 07:00:17,646 - DOMAIN INFO
INFO 2021-07-07 07:00:17,646 - {
    "DOMAIN": "eu590.com", 
    "EXPIRATION": "2021-09-27 23:04:45", 
    "DAYS": "82 days, 16:04:28"
}
DEBUG 2021-07-07 07:32:20,633 - ####################################################################################################
DEBUG 2021-07-07 07:32:20,639 - DOMAIN INFO
INFO 2021-07-07 07:32:20,639 - {
    "DOMAIN": "tochat333.com", 
    "EXPIRATION": "2021-07-19 16:18:13", 
    "DAYS": "12 days, 8:45:53"
}
DEBUG 2021-07-07 08:00:02,352 - ####################################################################################################
DEBUG 2021-07-07 08:00:02,359 - DOMAIN INFO
INFO 2021-07-07 08:00:02,359 - {
    "DOMAIN": "tv36.com", 
    "EXPIRATION": "2021-07-26 13:40:15", 
    "DAYS": "19 days, 5:40:13"
}
DEBUG 2021-07-07 08:32:21,285 - ####################################################################################################
DEBUG 2021-07-07 08:32:21,291 - DOMAIN INFO
INFO 2021-07-07 08:32:21,292 - {
    "DOMAIN": "tochat333.com", 
    "EXPIRATION": "2021-07-19 16:18:13", 
    "DAYS": "12 days, 7:45:52"
}
DEBUG 2021-07-07 09:00:01,042 - ####################################################################################################
DEBUG 2021-07-07 09:00:01,048 - DOMAIN INFO
INFO 2021-07-07 09:00:01,048 - {
    "DOMAIN": "tv36.com", 
    "EXPIRATION": "2021-07-26 13:40:15", 
    "DAYS": "19 days, 4:40:14"
}
DEBUG 2021-07-07 09:32:24,340 - ####################################################################################################
DEBUG 2021-07-07 09:32:24,346 - DOMAIN INFO
INFO 2021-07-07 09:32:24,346 - {
    "DOMAIN": "tochat333.com", 
    "EXPIRATION": "2021-07-19 16:18:13", 
    "DAYS": "12 days, 6:45:49"
}
DEBUG 2021-07-07 10:00:03,032 - ####################################################################################################
DEBUG 2021-07-07 10:00:03,037 - DOMAIN INFO
INFO 2021-07-07 10:00:03,038 - {
    "DOMAIN": "tv36.com", 
    "EXPIRATION": "2021-07-26 13:40:15", 
    "DAYS": "19 days, 3:40:12"
}
DEBUG 2021-07-07 10:32:20,376 - ####################################################################################################
DEBUG 2021-07-07 10:32:20,383 - DOMAIN INFO
INFO 2021-07-07 10:32:20,383 - {
    "DOMAIN": "tochat333.com", 
    "EXPIRATION": "2021-07-19 16:18:13", 
    "DAYS": "12 days, 5:45:53"
}
DEBUG 2021-07-07 11:00:02,796 - ####################################################################################################
DEBUG 2021-07-07 11:00:02,802 - DOMAIN INFO
INFO 2021-07-07 11:00:02,803 - {
    "DOMAIN": "tv36.com", 
    "EXPIRATION": "2021-07-26 13:40:15", 
    "DAYS": "19 days, 2:40:13"
}
DEBUG 2021-07-07 11:32:23,078 - ####################################################################################################
DEBUG 2021-07-07 11:32:23,083 - DOMAIN INFO
INFO 2021-07-07 11:32:23,083 - {
    "DOMAIN": "tochat333.com", 
    "EXPIRATION": "2021-07-19 16:18:13", 
    "DAYS": "12 days, 4:45:50"
}
DEBUG 2021-07-07 12:00:02,745 - ####################################################################################################
DEBUG 2021-07-07 12:00:02,750 - DOMAIN INFO
INFO 2021-07-07 12:00:02,750 - {
    "DOMAIN": "tv36.com", 
    "EXPIRATION": "2021-07-26 13:40:15", 
    "DAYS": "19 days, 1:40:13"
}
DEBUG 2021-07-07 12:32:22,056 - ####################################################################################################
DEBUG 2021-07-07 12:32:22,062 - DOMAIN INFO
INFO 2021-07-07 12:32:22,062 - {
    "DOMAIN": "tochat333.com", 
    "EXPIRATION": "2021-07-19 16:18:13", 
    "DAYS": "12 days, 3:45:51"
}
DEBUG 2021-07-07 13:00:02,710 - ####################################################################################################
DEBUG 2021-07-07 13:00:02,716 - DOMAIN INFO
INFO 2021-07-07 13:00:02,716 - {
    "DOMAIN": "tv36.com", 
    "EXPIRATION": "2021-07-26 13:40:15", 
    "DAYS": "19 days, 0:40:13"
}
DEBUG 2021-07-07 13:32:23,169 - ####################################################################################################
DEBUG 2021-07-07 13:32:23,175 - DOMAIN INFO
INFO 2021-07-07 13:32:23,175 - {
    "DOMAIN": "tochat333.com", 
    "EXPIRATION": "2021-07-19 16:18:13", 
    "DAYS": "12 days, 2:45:50"
}
DEBUG 2021-07-07 14:00:02,462 - ####################################################################################################
DEBUG 2021-07-07 14:00:02,468 - DOMAIN INFO
INFO 2021-07-07 14:00:02,468 - {
    "DOMAIN": "tv36.com", 
    "EXPIRATION": "2021-07-26 13:40:15", 
    "DAYS": "18 days, 23:40:13"
}
DEBUG 2021-07-07 14:32:17,273 - ####################################################################################################
DEBUG 2021-07-07 14:32:17,280 - DOMAIN INFO
INFO 2021-07-07 14:32:17,280 - {
    "DOMAIN": "tochat333.com", 
    "EXPIRATION": "2021-07-19 16:18:13", 
    "DAYS": "12 days, 1:45:56"
}
DEBUG 2021-07-07 15:00:02,481 - ####################################################################################################
DEBUG 2021-07-07 15:00:02,487 - DOMAIN INFO
INFO 2021-07-07 15:00:02,487 - {
    "DOMAIN": "tv36.com", 
    "EXPIRATION": "2021-07-26 13:40:15", 
    "DAYS": "18 days, 22:40:13"
}
DEBUG 2021-07-07 15:32:24,470 - ####################################################################################################
DEBUG 2021-07-07 15:32:24,478 - DOMAIN INFO
INFO 2021-07-07 15:32:24,478 - {
    "DOMAIN": "tochat333.com", 
    "EXPIRATION": "2021-07-19 16:18:13", 
    "DAYS": "12 days, 0:45:49"
}
DEBUG 2021-07-07 16:00:03,483 - ####################################################################################################
DEBUG 2021-07-07 16:00:03,488 - DOMAIN INFO
INFO 2021-07-07 16:00:03,488 - {
    "DOMAIN": "tv36.com", 
    "EXPIRATION": "2021-07-26 13:40:15", 
    "DAYS": "18 days, 21:40:12"
}
DEBUG 2021-07-07 16:32:24,701 - ####################################################################################################
DEBUG 2021-07-07 16:32:24,707 - DOMAIN INFO
INFO 2021-07-07 16:32:24,708 - {
    "DOMAIN": "tochat333.com", 
    "EXPIRATION": "2021-07-19 16:18:13", 
    "DAYS": "11 days, 23:45:49"
}
DEBUG 2021-07-07 17:00:04,550 - ####################################################################################################
DEBUG 2021-07-07 17:00:04,555 - DOMAIN INFO
INFO 2021-07-07 17:00:04,555 - {
    "DOMAIN": "tv36.com", 
    "EXPIRATION": "2021-07-26 13:40:15", 
    "DAYS": "18 days, 20:40:11"
}
DEBUG 2021-07-07 17:32:20,851 - ####################################################################################################
DEBUG 2021-07-07 17:32:20,857 - DOMAIN INFO
INFO 2021-07-07 17:32:20,858 - {
    "DOMAIN": "tochat333.com", 
    "EXPIRATION": "2021-07-19 16:18:13", 
    "DAYS": "11 days, 22:45:53"
}
DEBUG 2021-07-07 18:00:02,470 - ####################################################################################################
DEBUG 2021-07-07 18:00:02,474 - DOMAIN INFO
INFO 2021-07-07 18:00:02,475 - {
    "DOMAIN": "tv36.com", 
    "EXPIRATION": "2021-07-26 13:40:15", 
    "DAYS": "18 days, 19:40:13"
}
DEBUG 2021-07-07 18:32:23,388 - ####################################################################################################
DEBUG 2021-07-07 18:32:23,395 - DOMAIN INFO
INFO 2021-07-07 18:32:23,395 - {
    "DOMAIN": "tochat333.com", 
    "EXPIRATION": "2021-07-19 16:18:13", 
    "DAYS": "11 days, 21:45:50"
}
DEBUG 2021-07-07 19:00:00,560 - ####################################################################################################
DEBUG 2021-07-07 19:00:00,566 - DOMAIN INFO
INFO 2021-07-07 19:00:00,566 - {
    "DOMAIN": "tv36.com", 
    "EXPIRATION": "2021-07-26 13:40:15", 
    "DAYS": "18 days, 18:40:15"
}
DEBUG 2021-07-07 19:32:22,076 - ####################################################################################################
DEBUG 2021-07-07 19:32:22,083 - DOMAIN INFO
INFO 2021-07-07 19:32:22,083 - {
    "DOMAIN": "tochat333.com", 
    "EXPIRATION": "2021-07-19 16:18:13", 
    "DAYS": "11 days, 20:45:51"
}
DEBUG 2021-07-07 20:00:02,898 - ####################################################################################################
DEBUG 2021-07-07 20:00:02,903 - DOMAIN INFO
INFO 2021-07-07 20:00:02,903 - {
    "DOMAIN": "tv36.com", 
    "EXPIRATION": "2021-07-26 13:40:15", 
    "DAYS": "18 days, 17:40:13"
}
DEBUG 2021-07-07 20:32:22,795 - ####################################################################################################
DEBUG 2021-07-07 20:32:22,802 - DOMAIN INFO
INFO 2021-07-07 20:32:22,802 - {
    "DOMAIN": "tochat333.com", 
    "EXPIRATION": "2021-07-19 16:18:13", 
    "DAYS": "11 days, 19:45:51"
}
DEBUG 2021-07-07 21:00:02,992 - ####################################################################################################
DEBUG 2021-07-07 21:00:02,998 - DOMAIN INFO
INFO 2021-07-07 21:00:02,998 - {
    "DOMAIN": "tv36.com", 
    "EXPIRATION": "2021-07-26 13:40:15", 
    "DAYS": "18 days, 16:40:13"
}
DEBUG 2021-07-07 21:32:21,298 - ####################################################################################################
DEBUG 2021-07-07 21:32:21,305 - DOMAIN INFO
INFO 2021-07-07 21:32:21,305 - {
    "DOMAIN": "tochat333.com", 
    "EXPIRATION": "2021-07-19 16:18:13", 
    "DAYS": "11 days, 18:45:52"
}
DEBUG 2021-07-07 22:00:02,561 - ####################################################################################################
DEBUG 2021-07-07 22:00:02,567 - DOMAIN INFO
INFO 2021-07-07 22:00:02,567 - {
    "DOMAIN": "tv36.com", 
    "EXPIRATION": "2021-07-26 13:40:15", 
    "DAYS": "18 days, 15:40:13"
}
DEBUG 2021-07-07 22:32:20,893 - ####################################################################################################
DEBUG 2021-07-07 22:32:20,899 - DOMAIN INFO
INFO 2021-07-07 22:32:20,899 - {
    "DOMAIN": "tochat333.com", 
    "EXPIRATION": "2021-07-19 16:18:13", 
    "DAYS": "11 days, 17:45:53"
}
DEBUG 2021-07-07 23:00:01,898 - ####################################################################################################
DEBUG 2021-07-07 23:00:01,903 - DOMAIN INFO
INFO 2021-07-07 23:00:01,903 - {
    "DOMAIN": "tv36.com", 
    "EXPIRATION": "2021-07-26 13:40:15", 
    "DAYS": "18 days, 14:40:14"
}
DEBUG 2021-07-07 23:32:19,731 - ####################################################################################################
DEBUG 2021-07-07 23:32:19,737 - DOMAIN INFO
INFO 2021-07-07 23:32:19,737 - {
    "DOMAIN": "tochat333.com", 
    "EXPIRATION": "2021-07-19 16:18:13", 
    "DAYS": "11 days, 16:45:54"
}
