DEBUG 2021-07-03 00:02:45,928 - ####################################################################################################
DEBUG 2021-07-03 00:02:45,935 - DOMAIN INFO
INFO 2021-07-03 00:02:45,935 - {
    "DOMAIN": "wpc89.com", 
    "EXPIRATION": "2021-07-14 08:28:41", 
    "DAYS": "11 days, 8:25:56"
}
DEBUG 2021-07-03 00:02:47,359 - ####################################################################################################
DEBUG 2021-07-03 00:02:47,365 - DOMAIN INFO
INFO 2021-07-03 00:02:47,365 - {
    "DOMAIN": "www.wpc89.com", 
    "EXPIRATION": "2021-07-14 08:28:41", 
    "DAYS": "11 days, 8:25:54"
}
DEBUG 2021-07-03 00:24:27,861 - ####################################################################################################
DEBUG 2021-07-03 00:24:27,866 - DOMAIN INFO
INFO 2021-07-03 00:24:27,866 - {
    "DOMAIN": "www.wukongchat.com", 
    "EXPIRATION": "2021-07-18 17:04:26", 
    "DAYS": "15 days, 16:39:59"
}
DEBUG 2021-07-03 00:32:17,190 - ####################################################################################################
DEBUG 2021-07-03 00:32:17,197 - DOMAIN INFO
INFO 2021-07-03 00:32:17,197 - {
    "DOMAIN": "tochat333.com", 
    "EXPIRATION": "2021-07-19 16:18:13", 
    "DAYS": "16 days, 15:45:56"
}
DEBUG 2021-07-03 00:32:19,181 - ####################################################################################################
DEBUG 2021-07-03 00:32:19,187 - DOMAIN INFO
INFO 2021-07-03 00:32:19,188 - {
    "DOMAIN": "jbl.live", 
    "EXPIRATION": "2021-07-19 20:00:00", 
    "DAYS": "16 days, 19:27:41"
}
DEBUG 2021-07-03 00:32:19,652 - ####################################################################################################
DEBUG 2021-07-03 00:32:19,657 - DOMAIN INFO
INFO 2021-07-03 00:32:19,657 - {
    "DOMAIN": "www.jbl.live", 
    "EXPIRATION": "2021-07-19 20:00:00", 
    "DAYS": "16 days, 19:27:41"
}
DEBUG 2021-07-03 00:53:04,697 - ####################################################################################################
DEBUG 2021-07-03 00:53:04,704 - DOMAIN INFO
INFO 2021-07-03 00:53:04,704 - {
    "DOMAIN": "hujidi.com", 
    "EXPIRATION": "2021-09-30 09:53:42", 
    "DAYS": "89 days, 9:00:38"
}
DEBUG 2021-07-03 01:02:46,427 - ####################################################################################################
DEBUG 2021-07-03 01:02:46,433 - DOMAIN INFO
INFO 2021-07-03 01:02:46,434 - {
    "DOMAIN": "wpc89.com", 
    "EXPIRATION": "2021-07-14 08:28:41", 
    "DAYS": "11 days, 7:25:55"
}
DEBUG 2021-07-03 01:02:47,159 - ####################################################################################################
DEBUG 2021-07-03 01:02:47,164 - DOMAIN INFO
INFO 2021-07-03 01:02:47,164 - {
    "DOMAIN": "www.wpc89.com", 
    "EXPIRATION": "2021-07-14 08:28:41", 
    "DAYS": "11 days, 7:25:54"
}
DEBUG 2021-07-03 01:24:26,167 - ####################################################################################################
DEBUG 2021-07-03 01:24:26,173 - DOMAIN INFO
INFO 2021-07-03 01:24:26,173 - {
    "DOMAIN": "www.wukongchat.com", 
    "EXPIRATION": "2021-07-18 17:04:26", 
    "DAYS": "15 days, 15:40:00"
}
DEBUG 2021-07-03 01:32:19,558 - ####################################################################################################
DEBUG 2021-07-03 01:32:19,564 - DOMAIN INFO
INFO 2021-07-03 01:32:19,564 - {
    "DOMAIN": "jbl.live", 
    "EXPIRATION": "2021-07-19 20:00:00", 
    "DAYS": "16 days, 18:27:41"
}
DEBUG 2021-07-03 01:32:20,329 - ####################################################################################################
DEBUG 2021-07-03 01:32:20,334 - DOMAIN INFO
INFO 2021-07-03 01:32:20,335 - {
    "DOMAIN": "www.jbl.live", 
    "EXPIRATION": "2021-07-19 20:00:00", 
    "DAYS": "16 days, 18:27:40"
}
DEBUG 2021-07-03 01:32:20,780 - ####################################################################################################
DEBUG 2021-07-03 01:32:20,787 - DOMAIN INFO
INFO 2021-07-03 01:32:20,787 - {
    "DOMAIN": "tochat333.com", 
    "EXPIRATION": "2021-07-19 16:18:13", 
    "DAYS": "16 days, 14:45:53"
}
DEBUG 2021-07-03 01:53:05,024 - ####################################################################################################
DEBUG 2021-07-03 01:53:05,029 - DOMAIN INFO
INFO 2021-07-03 01:53:05,030 - {
    "DOMAIN": "hujidi.com", 
    "EXPIRATION": "2021-09-30 09:53:42", 
    "DAYS": "89 days, 8:00:37"
}
DEBUG 2021-07-03 02:02:41,091 - ####################################################################################################
DEBUG 2021-07-03 02:02:41,096 - DOMAIN INFO
INFO 2021-07-03 02:02:41,096 - {
    "DOMAIN": "wpc89.com", 
    "EXPIRATION": "2021-07-14 08:28:41", 
    "DAYS": "11 days, 6:26:00"
}
DEBUG 2021-07-03 02:02:41,703 - ####################################################################################################
DEBUG 2021-07-03 02:02:41,710 - DOMAIN INFO
INFO 2021-07-03 02:02:41,710 - {
    "DOMAIN": "www.wpc89.com", 
    "EXPIRATION": "2021-07-14 08:28:41", 
    "DAYS": "11 days, 6:26:00"
}
DEBUG 2021-07-03 02:24:25,347 - ####################################################################################################
DEBUG 2021-07-03 02:24:25,352 - DOMAIN INFO
INFO 2021-07-03 02:24:25,352 - {
    "DOMAIN": "www.wukongchat.com", 
    "EXPIRATION": "2021-07-18 17:04:26", 
    "DAYS": "15 days, 14:40:01"
}
DEBUG 2021-07-03 02:32:19,649 - ####################################################################################################
DEBUG 2021-07-03 02:32:19,656 - DOMAIN INFO
INFO 2021-07-03 02:32:19,656 - {
    "DOMAIN": "tochat333.com", 
    "EXPIRATION": "2021-07-19 16:18:13", 
    "DAYS": "16 days, 13:45:54"
}
DEBUG 2021-07-03 02:32:22,124 - ####################################################################################################
DEBUG 2021-07-03 02:32:22,130 - DOMAIN INFO
INFO 2021-07-03 02:32:22,130 - {
    "DOMAIN": "jbl.live", 
    "EXPIRATION": "2021-07-19 20:00:00", 
    "DAYS": "16 days, 17:27:38"
}
DEBUG 2021-07-03 02:32:22,634 - ####################################################################################################
DEBUG 2021-07-03 02:32:22,640 - DOMAIN INFO
INFO 2021-07-03 02:32:22,640 - {
    "DOMAIN": "www.jbl.live", 
    "EXPIRATION": "2021-07-19 20:00:00", 
    "DAYS": "16 days, 17:27:38"
}
DEBUG 2021-07-03 02:53:01,753 - ####################################################################################################
DEBUG 2021-07-03 02:53:01,759 - DOMAIN INFO
INFO 2021-07-03 02:53:01,759 - {
    "DOMAIN": "hujidi.com", 
    "EXPIRATION": "2021-09-30 09:53:42", 
    "DAYS": "89 days, 7:00:41"
}
DEBUG 2021-07-03 03:02:43,555 - ####################################################################################################
DEBUG 2021-07-03 03:02:43,560 - DOMAIN INFO
INFO 2021-07-03 03:02:43,560 - {
    "DOMAIN": "wpc89.com", 
    "EXPIRATION": "2021-07-14 08:28:41", 
    "DAYS": "11 days, 5:25:58"
}
DEBUG 2021-07-03 03:02:44,074 - ####################################################################################################
DEBUG 2021-07-03 03:02:44,079 - DOMAIN INFO
INFO 2021-07-03 03:02:44,080 - {
    "DOMAIN": "www.wpc89.com", 
    "EXPIRATION": "2021-07-14 08:28:41", 
    "DAYS": "11 days, 5:25:57"
}
DEBUG 2021-07-03 03:24:25,577 - ####################################################################################################
DEBUG 2021-07-03 03:24:25,582 - DOMAIN INFO
INFO 2021-07-03 03:24:25,582 - {
    "DOMAIN": "www.wukongchat.com", 
    "EXPIRATION": "2021-07-18 17:04:26", 
    "DAYS": "15 days, 13:40:01"
}
DEBUG 2021-07-03 03:32:14,436 - ####################################################################################################
DEBUG 2021-07-03 03:32:14,443 - DOMAIN INFO
INFO 2021-07-03 03:32:14,443 - {
    "DOMAIN": "tochat333.com", 
    "EXPIRATION": "2021-07-19 16:18:13", 
    "DAYS": "16 days, 12:45:59"
}
DEBUG 2021-07-03 03:32:16,827 - ####################################################################################################
DEBUG 2021-07-03 03:32:16,833 - DOMAIN INFO
INFO 2021-07-03 03:32:16,834 - {
    "DOMAIN": "jbl.live", 
    "EXPIRATION": "2021-07-19 20:00:00", 
    "DAYS": "16 days, 16:27:44"
}
DEBUG 2021-07-03 03:32:17,405 - ####################################################################################################
DEBUG 2021-07-03 03:32:17,411 - DOMAIN INFO
INFO 2021-07-03 03:32:17,411 - {
    "DOMAIN": "www.jbl.live", 
    "EXPIRATION": "2021-07-19 20:00:00", 
    "DAYS": "16 days, 16:27:43"
}
DEBUG 2021-07-03 03:53:03,580 - ####################################################################################################
DEBUG 2021-07-03 03:53:03,586 - DOMAIN INFO
INFO 2021-07-03 03:53:03,586 - {
    "DOMAIN": "hujidi.com", 
    "EXPIRATION": "2021-09-30 09:53:42", 
    "DAYS": "89 days, 6:00:39"
}
DEBUG 2021-07-03 04:02:41,839 - ####################################################################################################
DEBUG 2021-07-03 04:02:41,845 - DOMAIN INFO
INFO 2021-07-03 04:02:41,846 - {
    "DOMAIN": "wpc89.com", 
    "EXPIRATION": "2021-07-14 08:28:41", 
    "DAYS": "11 days, 4:26:00"
}
DEBUG 2021-07-03 04:02:42,048 - ####################################################################################################
DEBUG 2021-07-03 04:02:42,053 - DOMAIN INFO
INFO 2021-07-03 04:02:42,053 - {
    "DOMAIN": "www.wpc89.com", 
    "EXPIRATION": "2021-07-14 08:28:41", 
    "DAYS": "11 days, 4:25:59"
}
DEBUG 2021-07-03 04:24:25,954 - ####################################################################################################
DEBUG 2021-07-03 04:24:25,959 - DOMAIN INFO
INFO 2021-07-03 04:24:25,960 - {
    "DOMAIN": "www.wukongchat.com", 
    "EXPIRATION": "2021-07-18 17:04:26", 
    "DAYS": "15 days, 12:40:01"
}
DEBUG 2021-07-03 04:32:14,294 - ####################################################################################################
DEBUG 2021-07-03 04:32:14,300 - DOMAIN INFO
INFO 2021-07-03 04:32:14,300 - {
    "DOMAIN": "tochat333.com", 
    "EXPIRATION": "2021-07-19 16:18:13", 
    "DAYS": "16 days, 11:45:59"
}
DEBUG 2021-07-03 04:32:16,990 - ####################################################################################################
DEBUG 2021-07-03 04:32:16,997 - DOMAIN INFO
INFO 2021-07-03 04:32:16,997 - {
    "DOMAIN": "jbl.live", 
    "EXPIRATION": "2021-07-19 20:00:00", 
    "DAYS": "16 days, 15:27:44"
}
DEBUG 2021-07-03 04:32:17,839 - ####################################################################################################
DEBUG 2021-07-03 04:32:17,845 - DOMAIN INFO
INFO 2021-07-03 04:32:17,845 - {
    "DOMAIN": "www.jbl.live", 
    "EXPIRATION": "2021-07-19 20:00:00", 
    "DAYS": "16 days, 15:27:43"
}
DEBUG 2021-07-03 04:53:02,775 - ####################################################################################################
DEBUG 2021-07-03 04:53:02,781 - DOMAIN INFO
INFO 2021-07-03 04:53:02,781 - {
    "DOMAIN": "hujidi.com", 
    "EXPIRATION": "2021-09-30 09:53:42", 
    "DAYS": "89 days, 5:00:40"
}
DEBUG 2021-07-03 05:02:42,248 - ####################################################################################################
DEBUG 2021-07-03 05:02:42,254 - DOMAIN INFO
INFO 2021-07-03 05:02:42,254 - {
    "DOMAIN": "wpc89.com", 
    "EXPIRATION": "2021-07-14 08:28:41", 
    "DAYS": "11 days, 3:25:59"
}
DEBUG 2021-07-03 05:02:45,279 - ####################################################################################################
DEBUG 2021-07-03 05:02:45,284 - DOMAIN INFO
INFO 2021-07-03 05:02:45,285 - {
    "DOMAIN": "www.wpc89.com", 
    "EXPIRATION": "2021-07-14 08:28:41", 
    "DAYS": "11 days, 3:25:56"
}
DEBUG 2021-07-03 05:24:28,303 - ####################################################################################################
DEBUG 2021-07-03 05:24:28,309 - DOMAIN INFO
INFO 2021-07-03 05:24:28,309 - {
    "DOMAIN": "www.wukongchat.com", 
    "EXPIRATION": "2021-07-18 17:04:26", 
    "DAYS": "15 days, 11:39:58"
}
DEBUG 2021-07-03 05:32:16,898 - ####################################################################################################
DEBUG 2021-07-03 05:32:16,904 - DOMAIN INFO
INFO 2021-07-03 05:32:16,904 - {
    "DOMAIN": "tochat333.com", 
    "EXPIRATION": "2021-07-19 16:18:13", 
    "DAYS": "16 days, 10:45:57"
}
DEBUG 2021-07-03 05:32:19,437 - ####################################################################################################
DEBUG 2021-07-03 05:32:19,442 - DOMAIN INFO
INFO 2021-07-03 05:32:19,443 - {
    "DOMAIN": "jbl.live", 
    "EXPIRATION": "2021-07-19 20:00:00", 
    "DAYS": "16 days, 14:27:41"
}
DEBUG 2021-07-03 05:32:19,750 - ####################################################################################################
DEBUG 2021-07-03 05:32:19,755 - DOMAIN INFO
INFO 2021-07-03 05:32:19,756 - {
    "DOMAIN": "www.jbl.live", 
    "EXPIRATION": "2021-07-19 20:00:00", 
    "DAYS": "16 days, 14:27:41"
}
DEBUG 2021-07-03 06:02:39,409 - ####################################################################################################
DEBUG 2021-07-03 06:02:39,416 - DOMAIN INFO
INFO 2021-07-03 06:02:39,416 - {
    "DOMAIN": "wpc89.com", 
    "EXPIRATION": "2021-07-14 08:28:41", 
    "DAYS": "11 days, 2:26:02"
}
DEBUG 2021-07-03 06:02:40,990 - ####################################################################################################
DEBUG 2021-07-03 06:02:40,995 - DOMAIN INFO
INFO 2021-07-03 06:02:40,995 - {
    "DOMAIN": "www.wpc89.com", 
    "EXPIRATION": "2021-07-14 08:28:41", 
    "DAYS": "11 days, 2:26:01"
}
DEBUG 2021-07-03 06:07:21,965 - ####################################################################################################
DEBUG 2021-07-03 06:07:21,970 - DOMAIN INFO
INFO 2021-07-03 06:07:21,970 - {
    "DOMAIN": "1678520.com", 
    "EXPIRATION": "2021-09-27 23:18:53", 
    "DAYS": "86 days, 17:11:32"
}
DEBUG 2021-07-03 06:24:24,740 - ####################################################################################################
DEBUG 2021-07-03 06:24:24,745 - DOMAIN INFO
INFO 2021-07-03 06:24:24,745 - {
    "DOMAIN": "www.wukongchat.com", 
    "EXPIRATION": "2021-07-18 17:04:26", 
    "DAYS": "15 days, 10:40:02"
}
DEBUG 2021-07-03 06:32:11,982 - ####################################################################################################
DEBUG 2021-07-03 06:32:11,989 - DOMAIN INFO
INFO 2021-07-03 06:32:11,989 - {
    "DOMAIN": "tochat333.com", 
    "EXPIRATION": "2021-07-19 16:18:13", 
    "DAYS": "16 days, 9:46:02"
}
DEBUG 2021-07-03 06:32:14,308 - ####################################################################################################
DEBUG 2021-07-03 06:32:14,313 - DOMAIN INFO
INFO 2021-07-03 06:32:14,314 - {
    "DOMAIN": "jbl.live", 
    "EXPIRATION": "2021-07-19 20:00:00", 
    "DAYS": "16 days, 13:27:46"
}
DEBUG 2021-07-03 06:32:17,817 - ####################################################################################################
DEBUG 2021-07-03 06:32:17,823 - DOMAIN INFO
INFO 2021-07-03 06:32:17,823 - {
    "DOMAIN": "www.jbl.live", 
    "EXPIRATION": "2021-07-19 20:00:00", 
    "DAYS": "16 days, 13:27:43"
}
DEBUG 2021-07-03 07:02:36,923 - ####################################################################################################
DEBUG 2021-07-03 07:02:36,930 - DOMAIN INFO
INFO 2021-07-03 07:02:36,931 - {
    "DOMAIN": "wpc89.com", 
    "EXPIRATION": "2021-07-14 08:28:41", 
    "DAYS": "11 days, 1:26:05"
}
DEBUG 2021-07-03 07:02:38,054 - ####################################################################################################
DEBUG 2021-07-03 07:02:38,060 - DOMAIN INFO
INFO 2021-07-03 07:02:38,060 - {
    "DOMAIN": "www.wpc89.com", 
    "EXPIRATION": "2021-07-14 08:28:41", 
    "DAYS": "11 days, 1:26:03"
}
DEBUG 2021-07-03 07:07:24,203 - ####################################################################################################
DEBUG 2021-07-03 07:07:24,208 - DOMAIN INFO
INFO 2021-07-03 07:07:24,208 - {
    "DOMAIN": "jblyule.com", 
    "EXPIRATION": "2021-09-27 10:53:34", 
    "DAYS": "86 days, 3:46:10"
}
DEBUG 2021-07-03 07:07:24,648 - ####################################################################################################
DEBUG 2021-07-03 07:07:24,653 - DOMAIN INFO
INFO 2021-07-03 07:07:24,653 - {
    "DOMAIN": "xindeli521.com", 
    "EXPIRATION": "2021-09-27 07:04:21", 
    "DAYS": "85 days, 23:56:57"
}
DEBUG 2021-07-03 07:07:25,716 - ####################################################################################################
DEBUG 2021-07-03 07:07:25,720 - DOMAIN INFO
INFO 2021-07-03 07:07:25,721 - {
    "DOMAIN": "jin246.com", 
    "EXPIRATION": "2021-09-26 23:40:05", 
    "DAYS": "85 days, 16:32:40"
}
DEBUG 2021-07-03 07:07:26,447 - ####################################################################################################
DEBUG 2021-07-03 07:07:26,453 - DOMAIN INFO
INFO 2021-07-03 07:07:26,453 - {
    "DOMAIN": "eulaohuji.com", 
    "EXPIRATION": "2021-09-27 03:34:16", 
    "DAYS": "85 days, 20:26:50"
}
DEBUG 2021-07-03 07:07:27,188 - ####################################################################################################
DEBUG 2021-07-03 07:07:27,193 - DOMAIN INFO
INFO 2021-07-03 07:07:27,193 - {
    "DOMAIN": "xbet.company", 
    "EXPIRATION": "2021-09-27 10:57:39", 
    "DAYS": "86 days, 3:50:12"
}
DEBUG 2021-07-03 07:07:29,779 - ####################################################################################################
DEBUG 2021-07-03 07:07:29,785 - DOMAIN INFO
INFO 2021-07-03 07:07:29,785 - {
    "DOMAIN": "xbet82.com", 
    "EXPIRATION": "2021-09-27 07:24:56", 
    "DAYS": "86 days, 0:17:27"
}
DEBUG 2021-07-03 07:07:30,556 - ####################################################################################################
DEBUG 2021-07-03 07:07:30,562 - DOMAIN INFO
INFO 2021-07-03 07:07:30,562 - {
    "DOMAIN": "jiabo9.com", 
    "EXPIRATION": "2021-08-30 10:44:36", 
    "DAYS": "58 days, 3:37:06"
}
DEBUG 2021-07-03 07:07:31,168 - ####################################################################################################
DEBUG 2021-07-03 07:07:31,174 - DOMAIN INFO
INFO 2021-07-03 07:07:31,174 - {
    "DOMAIN": "www.eu590.com", 
    "EXPIRATION": "2021-09-27 23:04:45", 
    "DAYS": "86 days, 15:57:14"
}
DEBUG 2021-07-03 07:07:32,068 - ####################################################################################################
DEBUG 2021-07-03 07:07:32,074 - DOMAIN INFO
INFO 2021-07-03 07:07:32,074 - {
    "DOMAIN": "eu590.com", 
    "EXPIRATION": "2021-09-27 23:04:45", 
    "DAYS": "86 days, 15:57:13"
}
DEBUG 2021-07-03 07:07:33,044 - ####################################################################################################
DEBUG 2021-07-03 07:07:33,051 - DOMAIN INFO
INFO 2021-07-03 07:07:33,051 - {
    "DOMAIN": "www.wpc87.com", 
    "EXPIRATION": "2021-09-14 02:30:20", 
    "DAYS": "72 days, 19:22:47"
}
DEBUG 2021-07-03 07:24:26,745 - ####################################################################################################
DEBUG 2021-07-03 07:24:26,750 - DOMAIN INFO
INFO 2021-07-03 07:24:26,750 - {
    "DOMAIN": "www.wukongchat.com", 
    "EXPIRATION": "2021-07-18 17:04:26", 
    "DAYS": "15 days, 9:40:00"
}
DEBUG 2021-07-03 07:32:16,918 - ####################################################################################################
DEBUG 2021-07-03 07:32:16,924 - DOMAIN INFO
INFO 2021-07-03 07:32:16,924 - {
    "DOMAIN": "tochat333.com", 
    "EXPIRATION": "2021-07-19 16:18:13", 
    "DAYS": "16 days, 8:45:57"
}
DEBUG 2021-07-03 07:32:18,734 - ####################################################################################################
DEBUG 2021-07-03 07:32:18,739 - DOMAIN INFO
INFO 2021-07-03 07:32:18,739 - {
    "DOMAIN": "jbl.live", 
    "EXPIRATION": "2021-07-19 20:00:00", 
    "DAYS": "16 days, 12:27:42"
}
DEBUG 2021-07-03 07:32:19,417 - ####################################################################################################
DEBUG 2021-07-03 07:32:19,424 - DOMAIN INFO
INFO 2021-07-03 07:32:19,424 - {
    "DOMAIN": "www.jbl.live", 
    "EXPIRATION": "2021-07-19 20:00:00", 
    "DAYS": "16 days, 12:27:41"
}
DEBUG 2021-07-03 08:02:43,047 - ####################################################################################################
DEBUG 2021-07-03 08:02:43,053 - DOMAIN INFO
INFO 2021-07-03 08:02:43,053 - {
    "DOMAIN": "wpc89.com", 
    "EXPIRATION": "2021-07-14 08:28:41", 
    "DAYS": "11 days, 0:25:58"
}
DEBUG 2021-07-03 08:02:44,539 - ####################################################################################################
DEBUG 2021-07-03 08:02:44,544 - DOMAIN INFO
INFO 2021-07-03 08:02:44,544 - {
    "DOMAIN": "www.wpc89.com", 
    "EXPIRATION": "2021-07-14 08:28:41", 
    "DAYS": "11 days, 0:25:57"
}
DEBUG 2021-07-03 08:24:21,058 - ####################################################################################################
DEBUG 2021-07-03 08:24:21,063 - DOMAIN INFO
INFO 2021-07-03 08:24:21,063 - {
    "DOMAIN": "www.wukongchat.com", 
    "EXPIRATION": "2021-07-18 17:04:26", 
    "DAYS": "15 days, 8:40:05"
}
DEBUG 2021-07-03 08:32:18,524 - ####################################################################################################
DEBUG 2021-07-03 08:32:18,530 - DOMAIN INFO
INFO 2021-07-03 08:32:18,531 - {
    "DOMAIN": "tochat333.com", 
    "EXPIRATION": "2021-07-19 16:18:13", 
    "DAYS": "16 days, 7:45:55"
}
DEBUG 2021-07-03 08:32:21,799 - ####################################################################################################
DEBUG 2021-07-03 08:32:21,805 - DOMAIN INFO
INFO 2021-07-03 08:32:21,806 - {
    "DOMAIN": "jbl.live", 
    "EXPIRATION": "2021-07-19 20:00:00", 
    "DAYS": "16 days, 11:27:39"
}
DEBUG 2021-07-03 08:32:22,398 - ####################################################################################################
DEBUG 2021-07-03 08:32:22,404 - DOMAIN INFO
INFO 2021-07-03 08:32:22,405 - {
    "DOMAIN": "www.jbl.live", 
    "EXPIRATION": "2021-07-19 20:00:00", 
    "DAYS": "16 days, 11:27:38"
}
DEBUG 2021-07-03 09:02:42,844 - ####################################################################################################
DEBUG 2021-07-03 09:02:42,849 - DOMAIN INFO
INFO 2021-07-03 09:02:42,849 - {
    "DOMAIN": "wpc89.com", 
    "EXPIRATION": "2021-07-14 08:28:41", 
    "DAYS": "10 days, 23:25:59"
}
DEBUG 2021-07-03 09:02:44,648 - ####################################################################################################
DEBUG 2021-07-03 09:02:44,655 - DOMAIN INFO
INFO 2021-07-03 09:02:44,655 - {
    "DOMAIN": "www.wpc89.com", 
    "EXPIRATION": "2021-07-14 08:28:41", 
    "DAYS": "10 days, 23:25:57"
}
DEBUG 2021-07-03 09:24:25,919 - ####################################################################################################
DEBUG 2021-07-03 09:24:25,925 - DOMAIN INFO
INFO 2021-07-03 09:24:25,925 - {
    "DOMAIN": "www.wukongchat.com", 
    "EXPIRATION": "2021-07-18 17:04:26", 
    "DAYS": "15 days, 7:40:01"
}
DEBUG 2021-07-03 09:32:16,022 - ####################################################################################################
DEBUG 2021-07-03 09:32:16,029 - DOMAIN INFO
INFO 2021-07-03 09:32:16,029 - {
    "DOMAIN": "tochat333.com", 
    "EXPIRATION": "2021-07-19 16:18:13", 
    "DAYS": "16 days, 6:45:57"
}
DEBUG 2021-07-03 09:32:18,479 - ####################################################################################################
DEBUG 2021-07-03 09:32:18,485 - DOMAIN INFO
INFO 2021-07-03 09:32:18,485 - {
    "DOMAIN": "jbl.live", 
    "EXPIRATION": "2021-07-19 20:00:00", 
    "DAYS": "16 days, 10:27:42"
}
DEBUG 2021-07-03 09:32:19,173 - ####################################################################################################
DEBUG 2021-07-03 09:32:19,179 - DOMAIN INFO
INFO 2021-07-03 09:32:19,179 - {
    "DOMAIN": "www.jbl.live", 
    "EXPIRATION": "2021-07-19 20:00:00", 
    "DAYS": "16 days, 10:27:41"
}
DEBUG 2021-07-03 10:02:45,117 - ####################################################################################################
DEBUG 2021-07-03 10:02:45,124 - DOMAIN INFO
INFO 2021-07-03 10:02:45,124 - {
    "DOMAIN": "wpc89.com", 
    "EXPIRATION": "2021-07-14 08:28:41", 
    "DAYS": "10 days, 22:25:56"
}
DEBUG 2021-07-03 10:02:46,275 - ####################################################################################################
DEBUG 2021-07-03 10:02:46,282 - DOMAIN INFO
INFO 2021-07-03 10:02:46,282 - {
    "DOMAIN": "www.wpc89.com", 
    "EXPIRATION": "2021-07-14 08:28:41", 
    "DAYS": "10 days, 22:25:55"
}
DEBUG 2021-07-03 10:24:27,106 - ####################################################################################################
DEBUG 2021-07-03 10:24:27,112 - DOMAIN INFO
INFO 2021-07-03 10:24:27,112 - {
    "DOMAIN": "www.wukongchat.com", 
    "EXPIRATION": "2021-07-18 17:04:26", 
    "DAYS": "15 days, 6:39:59"
}
DEBUG 2021-07-03 10:32:16,700 - ####################################################################################################
DEBUG 2021-07-03 10:32:16,706 - DOMAIN INFO
INFO 2021-07-03 10:32:16,706 - {
    "DOMAIN": "tochat333.com", 
    "EXPIRATION": "2021-07-19 16:18:13", 
    "DAYS": "16 days, 5:45:57"
}
DEBUG 2021-07-03 10:32:18,303 - ####################################################################################################
DEBUG 2021-07-03 10:32:18,309 - DOMAIN INFO
INFO 2021-07-03 10:32:18,309 - {
    "DOMAIN": "jbl.live", 
    "EXPIRATION": "2021-07-19 20:00:00", 
    "DAYS": "16 days, 9:27:42"
}
DEBUG 2021-07-03 10:32:18,805 - ####################################################################################################
DEBUG 2021-07-03 10:32:18,811 - DOMAIN INFO
INFO 2021-07-03 10:32:18,811 - {
    "DOMAIN": "www.jbl.live", 
    "EXPIRATION": "2021-07-19 20:00:00", 
    "DAYS": "16 days, 9:27:42"
}
DEBUG 2021-07-03 11:02:45,285 - ####################################################################################################
DEBUG 2021-07-03 11:02:45,292 - DOMAIN INFO
INFO 2021-07-03 11:02:45,293 - {
    "DOMAIN": "wpc89.com", 
    "EXPIRATION": "2021-07-14 08:28:41", 
    "DAYS": "10 days, 21:25:56"
}
DEBUG 2021-07-03 11:02:46,048 - ####################################################################################################
DEBUG 2021-07-03 11:02:46,054 - DOMAIN INFO
INFO 2021-07-03 11:02:46,054 - {
    "DOMAIN": "www.wpc89.com", 
    "EXPIRATION": "2021-07-14 08:28:41", 
    "DAYS": "10 days, 21:25:55"
}
DEBUG 2021-07-03 11:24:28,438 - ####################################################################################################
DEBUG 2021-07-03 11:24:28,444 - DOMAIN INFO
INFO 2021-07-03 11:24:28,444 - {
    "DOMAIN": "www.wukongchat.com", 
    "EXPIRATION": "2021-07-18 17:04:26", 
    "DAYS": "15 days, 5:39:58"
}
DEBUG 2021-07-03 11:32:13,627 - ####################################################################################################
DEBUG 2021-07-03 11:32:13,632 - DOMAIN INFO
INFO 2021-07-03 11:32:13,632 - {
    "DOMAIN": "tochat333.com", 
    "EXPIRATION": "2021-07-19 16:18:13", 
    "DAYS": "16 days, 4:46:00"
}
DEBUG 2021-07-03 11:32:17,053 - ####################################################################################################
DEBUG 2021-07-03 11:32:17,059 - DOMAIN INFO
INFO 2021-07-03 11:32:17,060 - {
    "DOMAIN": "jbl.live", 
    "EXPIRATION": "2021-07-19 20:00:00", 
    "DAYS": "16 days, 8:27:43"
}
DEBUG 2021-07-03 11:32:18,492 - ####################################################################################################
DEBUG 2021-07-03 11:32:18,498 - DOMAIN INFO
INFO 2021-07-03 11:32:18,498 - {
    "DOMAIN": "www.jbl.live", 
    "EXPIRATION": "2021-07-19 20:00:00", 
    "DAYS": "16 days, 8:27:42"
}
DEBUG 2021-07-03 12:02:47,399 - ####################################################################################################
DEBUG 2021-07-03 12:02:47,405 - DOMAIN INFO
INFO 2021-07-03 12:02:47,405 - {
    "DOMAIN": "wpc89.com", 
    "EXPIRATION": "2021-07-14 08:28:41", 
    "DAYS": "10 days, 20:25:54"
}
DEBUG 2021-07-03 12:02:47,843 - ####################################################################################################
DEBUG 2021-07-03 12:02:47,848 - DOMAIN INFO
INFO 2021-07-03 12:02:47,849 - {
    "DOMAIN": "www.wpc89.com", 
    "EXPIRATION": "2021-07-14 08:28:41", 
    "DAYS": "10 days, 20:25:54"
}
DEBUG 2021-07-03 12:24:26,576 - ####################################################################################################
DEBUG 2021-07-03 12:24:26,582 - DOMAIN INFO
INFO 2021-07-03 12:24:26,582 - {
    "DOMAIN": "www.wukongchat.com", 
    "EXPIRATION": "2021-07-18 17:04:26", 
    "DAYS": "15 days, 4:40:00"
}
DEBUG 2021-07-03 12:32:17,218 - ####################################################################################################
DEBUG 2021-07-03 12:32:17,223 - DOMAIN INFO
INFO 2021-07-03 12:32:17,224 - {
    "DOMAIN": "tochat333.com", 
    "EXPIRATION": "2021-07-19 16:18:13", 
    "DAYS": "16 days, 3:45:56"
}
DEBUG 2021-07-03 12:32:19,674 - ####################################################################################################
DEBUG 2021-07-03 12:32:19,680 - DOMAIN INFO
INFO 2021-07-03 12:32:19,681 - {
    "DOMAIN": "jbl.live", 
    "EXPIRATION": "2021-07-19 20:00:00", 
    "DAYS": "16 days, 7:27:41"
}
DEBUG 2021-07-03 12:32:20,295 - ####################################################################################################
DEBUG 2021-07-03 12:32:20,301 - DOMAIN INFO
INFO 2021-07-03 12:32:20,301 - {
    "DOMAIN": "www.jbl.live", 
    "EXPIRATION": "2021-07-19 20:00:00", 
    "DAYS": "16 days, 7:27:40"
}
DEBUG 2021-07-03 13:02:42,520 - ####################################################################################################
DEBUG 2021-07-03 13:02:42,526 - DOMAIN INFO
INFO 2021-07-03 13:02:42,527 - {
    "DOMAIN": "wpc89.com", 
    "EXPIRATION": "2021-07-14 08:28:41", 
    "DAYS": "10 days, 19:25:59"
}
DEBUG 2021-07-03 13:02:45,120 - ####################################################################################################
DEBUG 2021-07-03 13:02:45,125 - DOMAIN INFO
INFO 2021-07-03 13:02:45,126 - {
    "DOMAIN": "www.wpc89.com", 
    "EXPIRATION": "2021-07-14 08:28:41", 
    "DAYS": "10 days, 19:25:56"
}
DEBUG 2021-07-03 13:24:28,930 - ####################################################################################################
DEBUG 2021-07-03 13:24:28,937 - DOMAIN INFO
INFO 2021-07-03 13:24:28,937 - {
    "DOMAIN": "www.wukongchat.com", 
    "EXPIRATION": "2021-07-18 17:04:26", 
    "DAYS": "15 days, 3:39:58"
}
DEBUG 2021-07-03 13:32:17,413 - ####################################################################################################
DEBUG 2021-07-03 13:32:17,418 - DOMAIN INFO
INFO 2021-07-03 13:32:17,419 - {
    "DOMAIN": "tochat333.com", 
    "EXPIRATION": "2021-07-19 16:18:13", 
    "DAYS": "16 days, 2:45:56"
}
DEBUG 2021-07-03 13:32:21,175 - ####################################################################################################
DEBUG 2021-07-03 13:32:21,181 - DOMAIN INFO
INFO 2021-07-03 13:32:21,181 - {
    "DOMAIN": "jbl.live", 
    "EXPIRATION": "2021-07-19 20:00:00", 
    "DAYS": "16 days, 6:27:39"
}
DEBUG 2021-07-03 13:32:21,480 - ####################################################################################################
DEBUG 2021-07-03 13:32:21,487 - DOMAIN INFO
INFO 2021-07-03 13:32:21,487 - {
    "DOMAIN": "www.jbl.live", 
    "EXPIRATION": "2021-07-19 20:00:00", 
    "DAYS": "16 days, 6:27:39"
}
DEBUG 2021-07-03 14:02:43,517 - ####################################################################################################
DEBUG 2021-07-03 14:02:43,523 - DOMAIN INFO
INFO 2021-07-03 14:02:43,524 - {
    "DOMAIN": "wpc89.com", 
    "EXPIRATION": "2021-07-14 08:28:41", 
    "DAYS": "10 days, 18:25:58"
}
DEBUG 2021-07-03 14:02:46,593 - ####################################################################################################
DEBUG 2021-07-03 14:02:46,599 - DOMAIN INFO
INFO 2021-07-03 14:02:46,599 - {
    "DOMAIN": "www.wpc89.com", 
    "EXPIRATION": "2021-07-14 08:28:41", 
    "DAYS": "10 days, 18:25:55"
}
DEBUG 2021-07-03 14:24:28,903 - ####################################################################################################
DEBUG 2021-07-03 14:24:28,911 - DOMAIN INFO
INFO 2021-07-03 14:24:28,911 - {
    "DOMAIN": "www.wukongchat.com", 
    "EXPIRATION": "2021-07-18 17:04:26", 
    "DAYS": "15 days, 2:39:58"
}
DEBUG 2021-07-03 14:32:16,514 - ####################################################################################################
DEBUG 2021-07-03 14:32:16,520 - DOMAIN INFO
INFO 2021-07-03 14:32:16,520 - {
    "DOMAIN": "tochat333.com", 
    "EXPIRATION": "2021-07-19 16:18:13", 
    "DAYS": "16 days, 1:45:57"
}
DEBUG 2021-07-03 14:32:19,301 - ####################################################################################################
DEBUG 2021-07-03 14:32:19,307 - DOMAIN INFO
INFO 2021-07-03 14:32:19,307 - {
    "DOMAIN": "jbl.live", 
    "EXPIRATION": "2021-07-19 20:00:00", 
    "DAYS": "16 days, 5:27:41"
}
DEBUG 2021-07-03 14:32:19,506 - ####################################################################################################
DEBUG 2021-07-03 14:32:19,512 - DOMAIN INFO
INFO 2021-07-03 14:32:19,512 - {
    "DOMAIN": "www.jbl.live", 
    "EXPIRATION": "2021-07-19 20:00:00", 
    "DAYS": "16 days, 5:27:41"
}
DEBUG 2021-07-03 15:02:43,047 - ####################################################################################################
DEBUG 2021-07-03 15:02:43,052 - DOMAIN INFO
INFO 2021-07-03 15:02:43,053 - {
    "DOMAIN": "wpc89.com", 
    "EXPIRATION": "2021-07-14 08:28:41", 
    "DAYS": "10 days, 17:25:58"
}
DEBUG 2021-07-03 15:02:45,503 - ####################################################################################################
DEBUG 2021-07-03 15:02:45,508 - DOMAIN INFO
INFO 2021-07-03 15:02:45,508 - {
    "DOMAIN": "www.wpc89.com", 
    "EXPIRATION": "2021-07-14 08:28:41", 
    "DAYS": "10 days, 17:25:56"
}
DEBUG 2021-07-03 15:24:26,741 - ####################################################################################################
DEBUG 2021-07-03 15:24:26,746 - DOMAIN INFO
INFO 2021-07-03 15:24:26,746 - {
    "DOMAIN": "www.wukongchat.com", 
    "EXPIRATION": "2021-07-18 17:04:26", 
    "DAYS": "15 days, 1:40:00"
}
DEBUG 2021-07-03 15:32:17,044 - ####################################################################################################
DEBUG 2021-07-03 15:32:17,050 - DOMAIN INFO
INFO 2021-07-03 15:32:17,051 - {
    "DOMAIN": "tochat333.com", 
    "EXPIRATION": "2021-07-19 16:18:13", 
    "DAYS": "16 days, 0:45:56"
}
DEBUG 2021-07-03 15:32:19,914 - ####################################################################################################
DEBUG 2021-07-03 15:32:19,921 - DOMAIN INFO
INFO 2021-07-03 15:32:19,922 - {
    "DOMAIN": "jbl.live", 
    "EXPIRATION": "2021-07-19 20:00:00", 
    "DAYS": "16 days, 4:27:41"
}
DEBUG 2021-07-03 15:32:20,713 - ####################################################################################################
DEBUG 2021-07-03 15:32:20,719 - DOMAIN INFO
INFO 2021-07-03 15:32:20,719 - {
    "DOMAIN": "www.jbl.live", 
    "EXPIRATION": "2021-07-19 20:00:00", 
    "DAYS": "16 days, 4:27:40"
}
DEBUG 2021-07-03 16:02:40,826 - ####################################################################################################
DEBUG 2021-07-03 16:02:40,832 - DOMAIN INFO
INFO 2021-07-03 16:02:40,832 - {
    "DOMAIN": "wpc89.com", 
    "EXPIRATION": "2021-07-14 08:28:41", 
    "DAYS": "10 days, 16:26:01"
}
DEBUG 2021-07-03 16:02:41,477 - ####################################################################################################
DEBUG 2021-07-03 16:02:41,482 - DOMAIN INFO
INFO 2021-07-03 16:02:41,483 - {
    "DOMAIN": "www.wpc89.com", 
    "EXPIRATION": "2021-07-14 08:28:41", 
    "DAYS": "10 days, 16:26:00"
}
DEBUG 2021-07-03 16:24:28,199 - ####################################################################################################
DEBUG 2021-07-03 16:24:28,206 - DOMAIN INFO
INFO 2021-07-03 16:24:28,206 - {
    "DOMAIN": "www.wukongchat.com", 
    "EXPIRATION": "2021-07-18 17:04:26", 
    "DAYS": "15 days, 0:39:58"
}
DEBUG 2021-07-03 16:32:17,763 - ####################################################################################################
DEBUG 2021-07-03 16:32:17,770 - DOMAIN INFO
INFO 2021-07-03 16:32:17,771 - {
    "DOMAIN": "tochat333.com", 
    "EXPIRATION": "2021-07-19 16:18:13", 
    "DAYS": "15 days, 23:45:56"
}
DEBUG 2021-07-03 16:32:20,669 - ####################################################################################################
DEBUG 2021-07-03 16:32:20,675 - DOMAIN INFO
INFO 2021-07-03 16:32:20,675 - {
    "DOMAIN": "jbl.live", 
    "EXPIRATION": "2021-07-19 20:00:00", 
    "DAYS": "16 days, 3:27:40"
}
DEBUG 2021-07-03 16:32:21,483 - ####################################################################################################
DEBUG 2021-07-03 16:32:21,489 - DOMAIN INFO
INFO 2021-07-03 16:32:21,490 - {
    "DOMAIN": "www.jbl.live", 
    "EXPIRATION": "2021-07-19 20:00:00", 
    "DAYS": "16 days, 3:27:39"
}
DEBUG 2021-07-03 17:02:45,063 - ####################################################################################################
DEBUG 2021-07-03 17:02:45,068 - DOMAIN INFO
INFO 2021-07-03 17:02:45,069 - {
    "DOMAIN": "wpc89.com", 
    "EXPIRATION": "2021-07-14 08:28:41", 
    "DAYS": "10 days, 15:25:56"
}
DEBUG 2021-07-03 17:02:45,634 - ####################################################################################################
DEBUG 2021-07-03 17:02:45,640 - DOMAIN INFO
INFO 2021-07-03 17:02:45,640 - {
    "DOMAIN": "www.wpc89.com", 
    "EXPIRATION": "2021-07-14 08:28:41", 
    "DAYS": "10 days, 15:25:56"
}
DEBUG 2021-07-03 17:24:26,243 - ####################################################################################################
DEBUG 2021-07-03 17:24:26,249 - DOMAIN INFO
INFO 2021-07-03 17:24:26,249 - {
    "DOMAIN": "www.wukongchat.com", 
    "EXPIRATION": "2021-07-18 17:04:26", 
    "DAYS": "14 days, 23:40:00"
}
DEBUG 2021-07-03 17:32:18,948 - ####################################################################################################
DEBUG 2021-07-03 17:32:18,955 - DOMAIN INFO
INFO 2021-07-03 17:32:18,955 - {
    "DOMAIN": "tochat333.com", 
    "EXPIRATION": "2021-07-19 16:18:13", 
    "DAYS": "15 days, 22:45:55"
}
DEBUG 2021-07-03 17:32:20,675 - ####################################################################################################
DEBUG 2021-07-03 17:32:20,682 - DOMAIN INFO
INFO 2021-07-03 17:32:20,682 - {
    "DOMAIN": "jbl.live", 
    "EXPIRATION": "2021-07-19 20:00:00", 
    "DAYS": "16 days, 2:27:40"
}
DEBUG 2021-07-03 17:32:21,185 - ####################################################################################################
DEBUG 2021-07-03 17:32:21,190 - DOMAIN INFO
INFO 2021-07-03 17:32:21,190 - {
    "DOMAIN": "www.jbl.live", 
    "EXPIRATION": "2021-07-19 20:00:00", 
    "DAYS": "16 days, 2:27:39"
}
DEBUG 2021-07-03 18:02:42,955 - ####################################################################################################
DEBUG 2021-07-03 18:02:42,961 - DOMAIN INFO
INFO 2021-07-03 18:02:42,962 - {
    "DOMAIN": "wpc89.com", 
    "EXPIRATION": "2021-07-14 08:28:41", 
    "DAYS": "10 days, 14:25:59"
}
DEBUG 2021-07-03 18:02:43,205 - ####################################################################################################
DEBUG 2021-07-03 18:02:43,211 - DOMAIN INFO
INFO 2021-07-03 18:02:43,211 - {
    "DOMAIN": "www.wpc89.com", 
    "EXPIRATION": "2021-07-14 08:28:41", 
    "DAYS": "10 days, 14:25:58"
}
DEBUG 2021-07-03 18:24:28,918 - ####################################################################################################
DEBUG 2021-07-03 18:24:28,925 - DOMAIN INFO
INFO 2021-07-03 18:24:28,925 - {
    "DOMAIN": "www.wukongchat.com", 
    "EXPIRATION": "2021-07-18 17:04:26", 
    "DAYS": "14 days, 22:39:58"
}
DEBUG 2021-07-03 18:32:18,367 - ####################################################################################################
DEBUG 2021-07-03 18:32:18,373 - DOMAIN INFO
INFO 2021-07-03 18:32:18,373 - {
    "DOMAIN": "tochat333.com", 
    "EXPIRATION": "2021-07-19 16:18:13", 
    "DAYS": "15 days, 21:45:55"
}
DEBUG 2021-07-03 18:32:21,554 - ####################################################################################################
DEBUG 2021-07-03 18:32:21,561 - DOMAIN INFO
INFO 2021-07-03 18:32:21,561 - {
    "DOMAIN": "jbl.live", 
    "EXPIRATION": "2021-07-19 20:00:00", 
    "DAYS": "16 days, 1:27:39"
}
DEBUG 2021-07-03 18:32:22,820 - ####################################################################################################
DEBUG 2021-07-03 18:32:22,827 - DOMAIN INFO
INFO 2021-07-03 18:32:22,827 - {
    "DOMAIN": "www.jbl.live", 
    "EXPIRATION": "2021-07-19 20:00:00", 
    "DAYS": "16 days, 1:27:38"
}
DEBUG 2021-07-03 19:02:45,370 - ####################################################################################################
DEBUG 2021-07-03 19:02:45,377 - DOMAIN INFO
INFO 2021-07-03 19:02:45,377 - {
    "DOMAIN": "wpc89.com", 
    "EXPIRATION": "2021-07-14 08:28:41", 
    "DAYS": "10 days, 13:25:56"
}
DEBUG 2021-07-03 19:02:45,747 - ####################################################################################################
DEBUG 2021-07-03 19:02:45,753 - DOMAIN INFO
INFO 2021-07-03 19:02:45,753 - {
    "DOMAIN": "www.wpc89.com", 
    "EXPIRATION": "2021-07-14 08:28:41", 
    "DAYS": "10 days, 13:25:56"
}
DEBUG 2021-07-03 19:24:28,042 - ####################################################################################################
DEBUG 2021-07-03 19:24:28,048 - DOMAIN INFO
INFO 2021-07-03 19:24:28,048 - {
    "DOMAIN": "www.wukongchat.com", 
    "EXPIRATION": "2021-07-18 17:04:26", 
    "DAYS": "14 days, 21:39:58"
}
DEBUG 2021-07-03 19:32:19,793 - ####################################################################################################
DEBUG 2021-07-03 19:32:19,800 - DOMAIN INFO
INFO 2021-07-03 19:32:19,800 - {
    "DOMAIN": "tochat333.com", 
    "EXPIRATION": "2021-07-19 16:18:13", 
    "DAYS": "15 days, 20:45:54"
}
DEBUG 2021-07-03 19:32:21,343 - ####################################################################################################
DEBUG 2021-07-03 19:32:21,349 - DOMAIN INFO
INFO 2021-07-03 19:32:21,350 - {
    "DOMAIN": "jbl.live", 
    "EXPIRATION": "2021-07-19 20:00:00", 
    "DAYS": "16 days, 0:27:39"
}
DEBUG 2021-07-03 19:32:22,280 - ####################################################################################################
DEBUG 2021-07-03 19:32:22,287 - DOMAIN INFO
INFO 2021-07-03 19:32:22,287 - {
    "DOMAIN": "www.jbl.live", 
    "EXPIRATION": "2021-07-19 20:00:00", 
    "DAYS": "16 days, 0:27:38"
}
DEBUG 2021-07-03 20:02:46,776 - ####################################################################################################
DEBUG 2021-07-03 20:02:46,782 - DOMAIN INFO
INFO 2021-07-03 20:02:46,782 - {
    "DOMAIN": "wpc89.com", 
    "EXPIRATION": "2021-07-14 08:28:41", 
    "DAYS": "10 days, 12:25:55"
}
DEBUG 2021-07-03 20:02:46,915 - ####################################################################################################
DEBUG 2021-07-03 20:02:46,921 - DOMAIN INFO
INFO 2021-07-03 20:02:46,921 - {
    "DOMAIN": "www.wpc89.com", 
    "EXPIRATION": "2021-07-14 08:28:41", 
    "DAYS": "10 days, 12:25:55"
}
DEBUG 2021-07-03 20:24:28,360 - ####################################################################################################
DEBUG 2021-07-03 20:24:28,366 - DOMAIN INFO
INFO 2021-07-03 20:24:28,366 - {
    "DOMAIN": "www.wukongchat.com", 
    "EXPIRATION": "2021-07-18 17:04:26", 
    "DAYS": "14 days, 20:39:58"
}
DEBUG 2021-07-03 20:32:18,738 - ####################################################################################################
DEBUG 2021-07-03 20:32:18,745 - DOMAIN INFO
INFO 2021-07-03 20:32:18,745 - {
    "DOMAIN": "tochat333.com", 
    "EXPIRATION": "2021-07-19 16:18:13", 
    "DAYS": "15 days, 19:45:55"
}
DEBUG 2021-07-03 20:32:22,187 - ####################################################################################################
DEBUG 2021-07-03 20:32:22,194 - DOMAIN INFO
INFO 2021-07-03 20:32:22,194 - {
    "DOMAIN": "jbl.live", 
    "EXPIRATION": "2021-07-19 20:00:00", 
    "DAYS": "15 days, 23:27:38"
}
DEBUG 2021-07-03 20:32:22,530 - ####################################################################################################
DEBUG 2021-07-03 20:32:22,535 - DOMAIN INFO
INFO 2021-07-03 20:32:22,535 - {
    "DOMAIN": "www.jbl.live", 
    "EXPIRATION": "2021-07-19 20:00:00", 
    "DAYS": "15 days, 23:27:38"
}
DEBUG 2021-07-03 21:02:40,724 - ####################################################################################################
DEBUG 2021-07-03 21:02:40,731 - DOMAIN INFO
INFO 2021-07-03 21:02:40,731 - {
    "DOMAIN": "wpc89.com", 
    "EXPIRATION": "2021-07-14 08:28:41", 
    "DAYS": "10 days, 11:26:01"
}
DEBUG 2021-07-03 21:02:41,501 - ####################################################################################################
DEBUG 2021-07-03 21:02:41,506 - DOMAIN INFO
INFO 2021-07-03 21:02:41,507 - {
    "DOMAIN": "www.wpc89.com", 
    "EXPIRATION": "2021-07-14 08:28:41", 
    "DAYS": "10 days, 11:26:00"
}
DEBUG 2021-07-03 21:24:27,980 - ####################################################################################################
DEBUG 2021-07-03 21:24:27,985 - DOMAIN INFO
INFO 2021-07-03 21:24:27,986 - {
    "DOMAIN": "www.wukongchat.com", 
    "EXPIRATION": "2021-07-18 17:04:26", 
    "DAYS": "14 days, 19:39:59"
}
DEBUG 2021-07-03 21:32:17,243 - ####################################################################################################
DEBUG 2021-07-03 21:32:17,249 - DOMAIN INFO
INFO 2021-07-03 21:32:17,250 - {
    "DOMAIN": "tochat333.com", 
    "EXPIRATION": "2021-07-19 16:18:13", 
    "DAYS": "15 days, 18:45:56"
}
DEBUG 2021-07-03 21:32:20,091 - ####################################################################################################
DEBUG 2021-07-03 21:32:20,096 - DOMAIN INFO
INFO 2021-07-03 21:32:20,097 - {
    "DOMAIN": "jbl.live", 
    "EXPIRATION": "2021-07-19 20:00:00", 
    "DAYS": "15 days, 22:27:40"
}
DEBUG 2021-07-03 21:32:21,243 - ####################################################################################################
DEBUG 2021-07-03 21:32:21,249 - DOMAIN INFO
INFO 2021-07-03 21:32:21,249 - {
    "DOMAIN": "www.jbl.live", 
    "EXPIRATION": "2021-07-19 20:00:00", 
    "DAYS": "15 days, 22:27:39"
}
DEBUG 2021-07-03 22:02:42,867 - ####################################################################################################
DEBUG 2021-07-03 22:02:42,873 - DOMAIN INFO
INFO 2021-07-03 22:02:42,873 - {
    "DOMAIN": "wpc89.com", 
    "EXPIRATION": "2021-07-14 08:28:41", 
    "DAYS": "10 days, 10:25:59"
}
DEBUG 2021-07-03 22:02:44,033 - ####################################################################################################
DEBUG 2021-07-03 22:02:44,039 - DOMAIN INFO
INFO 2021-07-03 22:02:44,039 - {
    "DOMAIN": "www.wpc89.com", 
    "EXPIRATION": "2021-07-14 08:28:41", 
    "DAYS": "10 days, 10:25:57"
}
DEBUG 2021-07-03 22:24:28,921 - ####################################################################################################
DEBUG 2021-07-03 22:24:28,927 - DOMAIN INFO
INFO 2021-07-03 22:24:28,927 - {
    "DOMAIN": "www.wukongchat.com", 
    "EXPIRATION": "2021-07-18 17:04:26", 
    "DAYS": "14 days, 18:39:58"
}
DEBUG 2021-07-03 22:32:18,011 - ####################################################################################################
DEBUG 2021-07-03 22:32:18,018 - DOMAIN INFO
INFO 2021-07-03 22:32:18,018 - {
    "DOMAIN": "tochat333.com", 
    "EXPIRATION": "2021-07-19 16:18:13", 
    "DAYS": "15 days, 17:45:55"
}
DEBUG 2021-07-03 22:32:19,094 - ####################################################################################################
DEBUG 2021-07-03 22:32:19,100 - DOMAIN INFO
INFO 2021-07-03 22:32:19,101 - {
    "DOMAIN": "jbl.live", 
    "EXPIRATION": "2021-07-19 20:00:00", 
    "DAYS": "15 days, 21:27:41"
}
DEBUG 2021-07-03 22:32:19,905 - ####################################################################################################
DEBUG 2021-07-03 22:32:19,910 - DOMAIN INFO
INFO 2021-07-03 22:32:19,911 - {
    "DOMAIN": "www.jbl.live", 
    "EXPIRATION": "2021-07-19 20:00:00", 
    "DAYS": "15 days, 21:27:41"
}
DEBUG 2021-07-03 23:02:46,187 - ####################################################################################################
DEBUG 2021-07-03 23:02:46,193 - DOMAIN INFO
INFO 2021-07-03 23:02:46,193 - {
    "DOMAIN": "wpc89.com", 
    "EXPIRATION": "2021-07-14 08:28:41", 
    "DAYS": "10 days, 9:25:55"
}
DEBUG 2021-07-03 23:02:47,412 - ####################################################################################################
DEBUG 2021-07-03 23:02:47,418 - DOMAIN INFO
INFO 2021-07-03 23:02:47,418 - {
    "DOMAIN": "www.wpc89.com", 
    "EXPIRATION": "2021-07-14 08:28:41", 
    "DAYS": "10 days, 9:25:54"
}
DEBUG 2021-07-03 23:24:27,459 - ####################################################################################################
DEBUG 2021-07-03 23:24:27,465 - DOMAIN INFO
INFO 2021-07-03 23:24:27,465 - {
    "DOMAIN": "www.wukongchat.com", 
    "EXPIRATION": "2021-07-18 17:04:26", 
    "DAYS": "14 days, 17:39:59"
}
DEBUG 2021-07-03 23:32:18,037 - ####################################################################################################
DEBUG 2021-07-03 23:32:18,043 - DOMAIN INFO
INFO 2021-07-03 23:32:18,044 - {
    "DOMAIN": "tochat333.com", 
    "EXPIRATION": "2021-07-19 16:18:13", 
    "DAYS": "15 days, 16:45:55"
}
DEBUG 2021-07-03 23:32:19,275 - ####################################################################################################
DEBUG 2021-07-03 23:32:19,281 - DOMAIN INFO
INFO 2021-07-03 23:32:19,281 - {
    "DOMAIN": "jbl.live", 
    "EXPIRATION": "2021-07-19 20:00:00", 
    "DAYS": "15 days, 20:27:41"
}
DEBUG 2021-07-03 23:32:19,759 - ####################################################################################################
DEBUG 2021-07-03 23:32:19,765 - DOMAIN INFO
INFO 2021-07-03 23:32:19,765 - {
    "DOMAIN": "www.jbl.live", 
    "EXPIRATION": "2021-07-19 20:00:00", 
    "DAYS": "15 days, 20:27:41"
}
