DEBUG 2021-07-01 00:02:52,668 - ####################################################################################################
DEBUG 2021-07-01 00:02:52,674 - DOMAIN INFO
INFO 2021-07-01 00:02:52,674 - {
    "DOMAIN": "wpc89.com", 
    "EXPIRATION": "2021-07-14 08:28:41", 
    "DAYS": "13 days, 8:25:49"
}
DEBUG 2021-07-01 00:02:53,293 - ####################################################################################################
DEBUG 2021-07-01 00:02:53,299 - DOMAIN INFO
INFO 2021-07-01 00:02:53,299 - {
    "DOMAIN": "www.wpc89.com", 
    "EXPIRATION": "2021-07-14 08:28:41", 
    "DAYS": "13 days, 8:25:48"
}
DEBUG 2021-07-01 00:08:11,831 - ####################################################################################################
DEBUG 2021-07-01 00:08:11,837 - DOMAIN INFO
INFO 2021-07-01 00:08:11,837 - {
    "DOMAIN": "12golf.com", 
    "EXPIRATION": "2021-07-15 08:50:36", 
    "DAYS": "14 days, 8:42:25"
}
DEBUG 2021-07-01 00:08:12,552 - ####################################################################################################
DEBUG 2021-07-01 00:08:12,557 - DOMAIN INFO
INFO 2021-07-01 00:08:12,557 - {
    "DOMAIN": "www.12golf.com", 
    "EXPIRATION": "2021-07-15 08:50:36", 
    "DAYS": "14 days, 8:42:24"
}
DEBUG 2021-07-01 00:24:30,363 - ####################################################################################################
DEBUG 2021-07-01 00:24:30,369 - DOMAIN INFO
INFO 2021-07-01 00:24:30,369 - {
    "DOMAIN": "www.wukongchat.com", 
    "EXPIRATION": "2021-07-18 17:04:26", 
    "DAYS": "17 days, 16:39:56"
}
DEBUG 2021-07-01 00:31:47,447 - ####################################################################################################
DEBUG 2021-07-01 00:31:47,454 - DOMAIN INFO
INFO 2021-07-01 00:31:47,455 - {
    "DOMAIN": "pc.dianwoa.top", 
    "EXPIRATION": "2022-01-22 07:59:59", 
    "DAYS": "205 days, 7:28:12"
}
DEBUG 2021-07-01 00:31:52,645 - ####################################################################################################
DEBUG 2021-07-01 00:31:52,651 - DOMAIN INFO
INFO 2021-07-01 00:31:52,651 - {
    "DOMAIN": "ying88888.com", 
    "EXPIRATION": "2021-08-30 14:49:59", 
    "DAYS": "60 days, 14:18:07"
}
DEBUG 2021-07-01 00:31:56,739 - ####################################################################################################
DEBUG 2021-07-01 00:31:56,744 - DOMAIN ERROR
INFO 2021-07-01 00:31:56,744 - {
    "DOMAIN": "eu2018.net", 
    "DOMAIN_CURL": 62, 
    "ERROR": "[Errno 101] Network is unreachable"
}
DEBUG 2021-07-01 00:32:09,478 - ####################################################################################################
DEBUG 2021-07-01 00:32:09,483 - DOMAIN INFO
INFO 2021-07-01 00:32:09,484 - {
    "DOMAIN": "re.dianwoa.top", 
    "EXPIRATION": "2021-08-31 01:28:14", 
    "DAYS": "61 days, 0:56:05"
}
DEBUG 2021-07-01 00:32:09,664 - ####################################################################################################
DEBUG 2021-07-01 00:32:09,671 - DOMAIN INFO
INFO 2021-07-01 00:32:09,671 - {
    "DOMAIN": "jin172.com", 
    "EXPIRATION": "2021-08-30 10:18:48", 
    "DAYS": "60 days, 9:46:39"
}
DEBUG 2021-07-01 00:32:12,372 - ####################################################################################################
DEBUG 2021-07-01 00:32:12,378 - DOMAIN INFO
INFO 2021-07-01 00:32:12,379 - {
    "DOMAIN": "jsh521.com", 
    "EXPIRATION": "2021-08-30 07:42:47", 
    "DAYS": "60 days, 7:10:35"
}
DEBUG 2021-07-01 00:32:15,751 - ####################################################################################################
DEBUG 2021-07-01 00:32:15,757 - DOMAIN INFO
INFO 2021-07-01 00:32:15,757 - {
    "DOMAIN": "www.jsh521.com", 
    "EXPIRATION": "2021-08-30 07:42:47", 
    "DAYS": "60 days, 7:10:32"
}
DEBUG 2021-07-01 00:32:19,163 - ####################################################################################################
DEBUG 2021-07-01 00:32:19,171 - DOMAIN INFO
INFO 2021-07-01 00:32:19,172 - {
    "DOMAIN": "eu122.com", 
    "EXPIRATION": "2022-07-01 07:59:59", 
    "DAYS": "365 days, 7:27:40"
}
DEBUG 2021-07-01 00:32:19,580 - ####################################################################################################
DEBUG 2021-07-01 00:32:19,588 - DOMAIN INFO
INFO 2021-07-01 00:32:19,589 - {
    "DOMAIN": "www.eu122.com", 
    "EXPIRATION": "2022-07-01 07:59:59", 
    "DAYS": "365 days, 7:27:40"
}
DEBUG 2021-07-01 00:32:21,030 - ####################################################################################################
DEBUG 2021-07-01 00:32:21,037 - DOMAIN INFO
INFO 2021-07-01 00:32:21,037 - {
    "DOMAIN": "eu7799.com", 
    "EXPIRATION": "2022-07-01 07:59:59", 
    "DAYS": "365 days, 7:27:38"
}
DEBUG 2021-07-01 00:32:21,917 - ####################################################################################################
DEBUG 2021-07-01 00:32:21,923 - DOMAIN INFO
INFO 2021-07-01 00:32:21,923 - {
    "DOMAIN": "www.eu7799.com", 
    "EXPIRATION": "2022-07-01 07:59:59", 
    "DAYS": "365 days, 7:27:38"
}
DEBUG 2021-07-01 00:32:23,126 - ####################################################################################################
DEBUG 2021-07-01 00:32:23,134 - DOMAIN INFO
INFO 2021-07-01 00:32:23,134 - {
    "DOMAIN": "tochat333.com", 
    "EXPIRATION": "2021-07-19 16:18:13", 
    "DAYS": "18 days, 15:45:50"
}
DEBUG 2021-07-01 00:32:24,109 - ####################################################################################################
DEBUG 2021-07-01 00:32:24,116 - DOMAIN INFO
INFO 2021-07-01 00:32:24,116 - {
    "DOMAIN": "www.eu590.com", 
    "EXPIRATION": "2021-09-13 21:44:08", 
    "DAYS": "74 days, 21:11:44"
}
DEBUG 2021-07-01 00:32:24,525 - ####################################################################################################
DEBUG 2021-07-01 00:32:24,531 - DOMAIN INFO
INFO 2021-07-01 00:32:24,531 - {
    "DOMAIN": "eu590.com", 
    "EXPIRATION": "2021-09-13 21:44:08", 
    "DAYS": "74 days, 21:11:44"
}
DEBUG 2021-07-01 00:32:25,356 - ####################################################################################################
DEBUG 2021-07-01 00:32:25,361 - DOMAIN INFO
INFO 2021-07-01 00:32:25,362 - {
    "DOMAIN": "jbl.live", 
    "EXPIRATION": "2021-07-19 20:00:00", 
    "DAYS": "18 days, 19:27:35"
}
DEBUG 2021-07-01 00:32:26,465 - ####################################################################################################
DEBUG 2021-07-01 00:32:26,472 - DOMAIN INFO
INFO 2021-07-01 00:32:26,472 - {
    "DOMAIN": "www.jbl.live", 
    "EXPIRATION": "2021-07-19 20:00:00", 
    "DAYS": "18 days, 19:27:34"
}
DEBUG 2021-07-01 00:53:10,729 - ####################################################################################################
DEBUG 2021-07-01 00:53:10,735 - DOMAIN INFO
INFO 2021-07-01 00:53:10,735 - {
    "DOMAIN": "hujidi.com", 
    "EXPIRATION": "2021-07-06 10:49:33", 
    "DAYS": "5 days, 9:56:23"
}
DEBUG 2021-07-01 01:02:53,274 - ####################################################################################################
DEBUG 2021-07-01 01:02:53,281 - DOMAIN INFO
INFO 2021-07-01 01:02:53,281 - {
    "DOMAIN": "wpc89.com", 
    "EXPIRATION": "2021-07-14 08:28:41", 
    "DAYS": "13 days, 7:25:48"
}
DEBUG 2021-07-01 01:02:53,965 - ####################################################################################################
DEBUG 2021-07-01 01:02:53,972 - DOMAIN INFO
INFO 2021-07-01 01:02:53,972 - {
    "DOMAIN": "www.wpc89.com", 
    "EXPIRATION": "2021-07-14 08:28:41", 
    "DAYS": "13 days, 7:25:48"
}
DEBUG 2021-07-01 01:08:13,854 - ####################################################################################################
DEBUG 2021-07-01 01:08:13,860 - DOMAIN INFO
INFO 2021-07-01 01:08:13,860 - {
    "DOMAIN": "12golf.com", 
    "EXPIRATION": "2021-07-15 08:50:36", 
    "DAYS": "14 days, 7:42:23"
}
DEBUG 2021-07-01 01:08:14,860 - ####################################################################################################
DEBUG 2021-07-01 01:08:14,867 - DOMAIN INFO
INFO 2021-07-01 01:08:14,867 - {
    "DOMAIN": "www.12golf.com", 
    "EXPIRATION": "2021-07-15 08:50:36", 
    "DAYS": "14 days, 7:42:22"
}
DEBUG 2021-07-01 01:24:31,790 - ####################################################################################################
DEBUG 2021-07-01 01:24:31,795 - DOMAIN INFO
INFO 2021-07-01 01:24:31,795 - {
    "DOMAIN": "www.wukongchat.com", 
    "EXPIRATION": "2021-07-18 17:04:26", 
    "DAYS": "17 days, 15:39:55"
}
DEBUG 2021-07-01 01:31:50,055 - ####################################################################################################
DEBUG 2021-07-01 01:31:50,061 - DOMAIN INFO
INFO 2021-07-01 01:31:50,062 - {
    "DOMAIN": "pc.dianwoa.top", 
    "EXPIRATION": "2022-01-22 07:59:59", 
    "DAYS": "205 days, 6:28:09"
}
DEBUG 2021-07-01 01:31:50,796 - ####################################################################################################
DEBUG 2021-07-01 01:31:50,802 - DOMAIN INFO
INFO 2021-07-01 01:31:50,802 - {
    "DOMAIN": "ying88888.com", 
    "EXPIRATION": "2021-08-30 14:49:59", 
    "DAYS": "60 days, 13:18:09"
}
DEBUG 2021-07-01 01:31:54,029 - ####################################################################################################
DEBUG 2021-07-01 01:31:54,035 - DOMAIN ERROR
INFO 2021-07-01 01:31:54,035 - {
    "DOMAIN": "eu2018.net", 
    "DOMAIN_CURL": 62, 
    "ERROR": "hostname 'eu2018.net' doesn't match either of '*.facebook.com', '*.facebook.net', '*.fbcdn.net', '*.fbsbx.com', '*.m.facebook.com', '*.messenger.com', '*.xx.fbcdn.net', '*.xy.fbcdn.net', '*.xz.fbcdn.net', 'facebook.com', 'messenger.com'"
}
DEBUG 2021-07-01 01:32:11,749 - ####################################################################################################
DEBUG 2021-07-01 01:32:11,755 - DOMAIN INFO
INFO 2021-07-01 01:32:11,756 - {
    "DOMAIN": "re.dianwoa.top", 
    "EXPIRATION": "2021-08-31 01:28:14", 
    "DAYS": "60 days, 23:56:03"
}
DEBUG 2021-07-01 01:32:14,123 - ####################################################################################################
DEBUG 2021-07-01 01:32:14,130 - DOMAIN INFO
INFO 2021-07-01 01:32:14,131 - {
    "DOMAIN": "jsh521.com", 
    "EXPIRATION": "2021-08-30 07:42:47", 
    "DAYS": "60 days, 6:10:33"
}
DEBUG 2021-07-01 01:32:15,080 - ####################################################################################################
DEBUG 2021-07-01 01:32:15,087 - DOMAIN ERROR
INFO 2021-07-01 01:32:15,087 - {
    "DOMAIN": "jin172.com", 
    "DOMAIN_CURL": 60, 
    "ERROR": "[Errno 101] Network is unreachable"
}
DEBUG 2021-07-01 01:32:19,414 - ####################################################################################################
DEBUG 2021-07-01 01:32:19,420 - DOMAIN INFO
INFO 2021-07-01 01:32:19,420 - {
    "DOMAIN": "eu122.com", 
    "EXPIRATION": "2022-07-01 07:59:59", 
    "DAYS": "365 days, 6:27:40"
}
DEBUG 2021-07-01 01:32:19,747 - ####################################################################################################
DEBUG 2021-07-01 01:32:19,752 - DOMAIN ERROR
INFO 2021-07-01 01:32:19,753 - {
    "DOMAIN": "www.jsh521.com", 
    "DOMAIN_CURL": 59, 
    "ERROR": "[Errno 110] Connection timed out"
}
DEBUG 2021-07-01 01:32:20,562 - ####################################################################################################
DEBUG 2021-07-01 01:32:20,567 - DOMAIN INFO
INFO 2021-07-01 01:32:20,567 - {
    "DOMAIN": "www.eu122.com", 
    "EXPIRATION": "2022-07-01 07:59:59", 
    "DAYS": "365 days, 6:27:39"
}
DEBUG 2021-07-01 01:32:20,994 - ####################################################################################################
DEBUG 2021-07-01 01:32:21,000 - DOMAIN INFO
INFO 2021-07-01 01:32:21,000 - {
    "DOMAIN": "eu7799.com", 
    "EXPIRATION": "2022-07-01 07:59:59", 
    "DAYS": "365 days, 6:27:39"
}
DEBUG 2021-07-01 01:32:21,355 - ####################################################################################################
DEBUG 2021-07-01 01:32:21,361 - DOMAIN INFO
INFO 2021-07-01 01:32:21,361 - {
    "DOMAIN": "www.eu7799.com", 
    "EXPIRATION": "2022-07-01 07:59:59", 
    "DAYS": "365 days, 6:27:38"
}
DEBUG 2021-07-01 01:32:21,963 - ####################################################################################################
DEBUG 2021-07-01 01:32:21,970 - DOMAIN INFO
INFO 2021-07-01 01:32:21,970 - {
    "DOMAIN": "tochat333.com", 
    "EXPIRATION": "2021-07-19 16:18:13", 
    "DAYS": "18 days, 14:45:52"
}
DEBUG 2021-07-01 01:32:23,041 - ####################################################################################################
DEBUG 2021-07-01 01:32:23,046 - DOMAIN INFO
INFO 2021-07-01 01:32:23,046 - {
    "DOMAIN": "www.eu590.com", 
    "EXPIRATION": "2021-09-13 21:44:08", 
    "DAYS": "74 days, 20:11:45"
}
DEBUG 2021-07-01 01:32:23,332 - ####################################################################################################
DEBUG 2021-07-01 01:32:23,338 - DOMAIN INFO
INFO 2021-07-01 01:32:23,338 - {
    "DOMAIN": "eu590.com", 
    "EXPIRATION": "2021-09-13 21:44:08", 
    "DAYS": "74 days, 20:11:45"
}
DEBUG 2021-07-01 01:32:24,415 - ####################################################################################################
DEBUG 2021-07-01 01:32:24,420 - DOMAIN INFO
INFO 2021-07-01 01:32:24,420 - {
    "DOMAIN": "jbl.live", 
    "EXPIRATION": "2021-07-19 20:00:00", 
    "DAYS": "18 days, 18:27:36"
}
DEBUG 2021-07-01 01:32:25,136 - ####################################################################################################
DEBUG 2021-07-01 01:32:25,142 - DOMAIN INFO
INFO 2021-07-01 01:32:25,143 - {
    "DOMAIN": "www.jbl.live", 
    "EXPIRATION": "2021-07-19 20:00:00", 
    "DAYS": "18 days, 18:27:35"
}
DEBUG 2021-07-01 01:53:08,100 - ####################################################################################################
DEBUG 2021-07-01 01:53:08,107 - DOMAIN INFO
INFO 2021-07-01 01:53:08,108 - {
    "DOMAIN": "hujidi.com", 
    "EXPIRATION": "2021-07-06 10:49:33", 
    "DAYS": "5 days, 8:56:25"
}
DEBUG 2021-07-01 02:02:48,483 - ####################################################################################################
DEBUG 2021-07-01 02:02:48,490 - DOMAIN INFO
INFO 2021-07-01 02:02:48,490 - {
    "DOMAIN": "wpc89.com", 
    "EXPIRATION": "2021-07-14 08:28:41", 
    "DAYS": "13 days, 6:25:53"
}
DEBUG 2021-07-01 02:02:48,837 - ####################################################################################################
DEBUG 2021-07-01 02:02:48,843 - DOMAIN INFO
INFO 2021-07-01 02:02:48,843 - {
    "DOMAIN": "www.wpc89.com", 
    "EXPIRATION": "2021-07-14 08:28:41", 
    "DAYS": "13 days, 6:25:53"
}
DEBUG 2021-07-01 02:08:10,535 - ####################################################################################################
DEBUG 2021-07-01 02:08:10,540 - DOMAIN INFO
INFO 2021-07-01 02:08:10,540 - {
    "DOMAIN": "12golf.com", 
    "EXPIRATION": "2021-07-15 08:50:36", 
    "DAYS": "14 days, 6:42:26"
}
DEBUG 2021-07-01 02:08:10,713 - ####################################################################################################
DEBUG 2021-07-01 02:08:10,718 - DOMAIN INFO
INFO 2021-07-01 02:08:10,718 - {
    "DOMAIN": "www.12golf.com", 
    "EXPIRATION": "2021-07-15 08:50:36", 
    "DAYS": "14 days, 6:42:26"
}
DEBUG 2021-07-01 02:24:29,496 - ####################################################################################################
DEBUG 2021-07-01 02:24:29,501 - DOMAIN INFO
INFO 2021-07-01 02:24:29,501 - {
    "DOMAIN": "www.wukongchat.com", 
    "EXPIRATION": "2021-07-18 17:04:26", 
    "DAYS": "17 days, 14:39:57"
}
DEBUG 2021-07-01 02:31:46,516 - ####################################################################################################
DEBUG 2021-07-01 02:31:46,523 - DOMAIN INFO
INFO 2021-07-01 02:31:46,523 - {
    "DOMAIN": "pc.dianwoa.top", 
    "EXPIRATION": "2022-01-22 07:59:59", 
    "DAYS": "205 days, 5:28:13"
}
DEBUG 2021-07-01 02:31:48,531 - ####################################################################################################
DEBUG 2021-07-01 02:31:48,538 - DOMAIN INFO
INFO 2021-07-01 02:31:48,538 - {
    "DOMAIN": "ying88888.com", 
    "EXPIRATION": "2021-08-30 14:49:59", 
    "DAYS": "60 days, 12:18:11"
}
DEBUG 2021-07-01 02:31:49,484 - ####################################################################################################
DEBUG 2021-07-01 02:31:49,490 - DOMAIN INFO
INFO 2021-07-01 02:31:49,490 - {
    "DOMAIN": "eu2018.net", 
    "EXPIRATION": "2021-09-01 12:30:08", 
    "DAYS": "62 days, 9:58:19"
}
DEBUG 2021-07-01 02:32:05,336 - ####################################################################################################
DEBUG 2021-07-01 02:32:05,342 - DOMAIN INFO
INFO 2021-07-01 02:32:05,342 - {
    "DOMAIN": "jin172.com", 
    "EXPIRATION": "2021-08-30 10:18:48", 
    "DAYS": "60 days, 7:46:43"
}
DEBUG 2021-07-01 02:32:05,719 - ####################################################################################################
DEBUG 2021-07-01 02:32:05,725 - DOMAIN INFO
INFO 2021-07-01 02:32:05,725 - {
    "DOMAIN": "re.dianwoa.top", 
    "EXPIRATION": "2021-08-31 01:28:14", 
    "DAYS": "60 days, 22:56:09"
}
DEBUG 2021-07-01 02:32:06,811 - ####################################################################################################
DEBUG 2021-07-01 02:32:06,817 - DOMAIN INFO
INFO 2021-07-01 02:32:06,817 - {
    "DOMAIN": "jsh521.com", 
    "EXPIRATION": "2021-08-30 07:42:47", 
    "DAYS": "60 days, 5:10:41"
}
DEBUG 2021-07-01 02:32:09,369 - ####################################################################################################
DEBUG 2021-07-01 02:32:09,374 - DOMAIN INFO
INFO 2021-07-01 02:32:09,375 - {
    "DOMAIN": "www.jsh521.com", 
    "EXPIRATION": "2021-08-30 07:42:47", 
    "DAYS": "60 days, 5:10:38"
}
DEBUG 2021-07-01 02:32:12,977 - ####################################################################################################
DEBUG 2021-07-01 02:32:12,983 - DOMAIN INFO
INFO 2021-07-01 02:32:12,984 - {
    "DOMAIN": "eu122.com", 
    "EXPIRATION": "2022-07-01 07:59:59", 
    "DAYS": "365 days, 5:27:47"
}
DEBUG 2021-07-01 02:32:13,525 - ####################################################################################################
DEBUG 2021-07-01 02:32:13,532 - DOMAIN INFO
INFO 2021-07-01 02:32:13,532 - {
    "DOMAIN": "www.eu122.com", 
    "EXPIRATION": "2022-07-01 07:59:59", 
    "DAYS": "365 days, 5:27:46"
}
DEBUG 2021-07-01 02:32:14,809 - ####################################################################################################
DEBUG 2021-07-01 02:32:14,815 - DOMAIN INFO
INFO 2021-07-01 02:32:14,816 - {
    "DOMAIN": "eu7799.com", 
    "EXPIRATION": "2022-07-01 07:59:59", 
    "DAYS": "365 days, 5:27:45"
}
DEBUG 2021-07-01 02:32:15,638 - ####################################################################################################
DEBUG 2021-07-01 02:32:15,643 - DOMAIN INFO
INFO 2021-07-01 02:32:15,643 - {
    "DOMAIN": "www.eu7799.com", 
    "EXPIRATION": "2022-07-01 07:59:59", 
    "DAYS": "365 days, 5:27:44"
}
DEBUG 2021-07-01 02:32:15,910 - ####################################################################################################
DEBUG 2021-07-01 02:32:15,915 - DOMAIN INFO
INFO 2021-07-01 02:32:15,915 - {
    "DOMAIN": "tochat333.com", 
    "EXPIRATION": "2021-07-19 16:18:13", 
    "DAYS": "18 days, 13:45:58"
}
DEBUG 2021-07-01 02:32:16,327 - ####################################################################################################
DEBUG 2021-07-01 02:32:16,333 - DOMAIN INFO
INFO 2021-07-01 02:32:16,333 - {
    "DOMAIN": "www.eu590.com", 
    "EXPIRATION": "2021-09-13 21:44:08", 
    "DAYS": "74 days, 19:11:52"
}
DEBUG 2021-07-01 02:32:16,946 - ####################################################################################################
DEBUG 2021-07-01 02:32:16,951 - DOMAIN INFO
INFO 2021-07-01 02:32:16,951 - {
    "DOMAIN": "eu590.com", 
    "EXPIRATION": "2021-09-13 21:44:08", 
    "DAYS": "74 days, 19:11:52"
}
DEBUG 2021-07-01 02:32:19,013 - ####################################################################################################
DEBUG 2021-07-01 02:32:19,020 - DOMAIN INFO
INFO 2021-07-01 02:32:19,020 - {
    "DOMAIN": "www.jbl.live", 
    "EXPIRATION": "2021-07-19 20:00:00", 
    "DAYS": "18 days, 17:27:41"
}
DEBUG 2021-07-01 02:32:19,173 - ####################################################################################################
DEBUG 2021-07-01 02:32:19,179 - DOMAIN INFO
INFO 2021-07-01 02:32:19,180 - {
    "DOMAIN": "jbl.live", 
    "EXPIRATION": "2021-07-19 20:00:00", 
    "DAYS": "18 days, 17:27:41"
}
DEBUG 2021-07-01 02:53:05,166 - ####################################################################################################
DEBUG 2021-07-01 02:53:05,172 - DOMAIN INFO
INFO 2021-07-01 02:53:05,172 - {
    "DOMAIN": "hujidi.com", 
    "EXPIRATION": "2021-07-06 10:49:33", 
    "DAYS": "5 days, 7:56:28"
}
DEBUG 2021-07-01 03:02:48,683 - ####################################################################################################
DEBUG 2021-07-01 03:02:48,689 - DOMAIN INFO
INFO 2021-07-01 03:02:48,689 - {
    "DOMAIN": "wpc89.com", 
    "EXPIRATION": "2021-07-14 08:28:41", 
    "DAYS": "13 days, 5:25:53"
}
DEBUG 2021-07-01 03:02:50,334 - ####################################################################################################
DEBUG 2021-07-01 03:02:50,340 - DOMAIN INFO
INFO 2021-07-01 03:02:50,340 - {
    "DOMAIN": "www.wpc89.com", 
    "EXPIRATION": "2021-07-14 08:28:41", 
    "DAYS": "13 days, 5:25:51"
}
DEBUG 2021-07-01 03:08:10,512 - ####################################################################################################
DEBUG 2021-07-01 03:08:10,517 - DOMAIN INFO
INFO 2021-07-01 03:08:10,518 - {
    "DOMAIN": "12golf.com", 
    "EXPIRATION": "2021-07-15 08:50:36", 
    "DAYS": "14 days, 5:42:26"
}
DEBUG 2021-07-01 03:08:12,000 - ####################################################################################################
DEBUG 2021-07-01 03:08:12,006 - DOMAIN INFO
INFO 2021-07-01 03:08:12,006 - {
    "DOMAIN": "www.12golf.com", 
    "EXPIRATION": "2021-07-15 08:50:36", 
    "DAYS": "14 days, 5:42:25"
}
DEBUG 2021-07-01 03:24:23,854 - ####################################################################################################
DEBUG 2021-07-01 03:24:23,860 - DOMAIN INFO
INFO 2021-07-01 03:24:23,860 - {
    "DOMAIN": "www.wukongchat.com", 
    "EXPIRATION": "2021-07-18 17:04:26", 
    "DAYS": "17 days, 13:40:03"
}
DEBUG 2021-07-01 03:31:49,755 - ####################################################################################################
DEBUG 2021-07-01 03:31:49,762 - DOMAIN INFO
INFO 2021-07-01 03:31:49,762 - {
    "DOMAIN": "pc.dianwoa.top", 
    "EXPIRATION": "2022-01-22 07:59:59", 
    "DAYS": "205 days, 4:28:10"
}
DEBUG 2021-07-01 03:31:52,948 - ####################################################################################################
DEBUG 2021-07-01 03:31:52,954 - DOMAIN INFO
INFO 2021-07-01 03:31:52,954 - {
    "DOMAIN": "ying88888.com", 
    "EXPIRATION": "2021-08-30 14:49:59", 
    "DAYS": "60 days, 11:18:07"
}
DEBUG 2021-07-01 03:31:53,551 - ####################################################################################################
DEBUG 2021-07-01 03:31:53,557 - DOMAIN INFO
INFO 2021-07-01 03:31:53,557 - {
    "DOMAIN": "eu2018.net", 
    "EXPIRATION": "2021-09-01 12:30:08", 
    "DAYS": "62 days, 8:58:15"
}
DEBUG 2021-07-01 03:32:10,021 - ####################################################################################################
DEBUG 2021-07-01 03:32:10,026 - DOMAIN INFO
INFO 2021-07-01 03:32:10,026 - {
    "DOMAIN": "jin172.com", 
    "EXPIRATION": "2021-08-30 10:18:48", 
    "DAYS": "60 days, 6:46:38"
}
DEBUG 2021-07-01 03:32:11,131 - ####################################################################################################
DEBUG 2021-07-01 03:32:11,137 - DOMAIN INFO
INFO 2021-07-01 03:32:11,137 - {
    "DOMAIN": "re.dianwoa.top", 
    "EXPIRATION": "2021-08-31 01:28:14", 
    "DAYS": "60 days, 21:56:03"
}
DEBUG 2021-07-01 03:32:12,071 - ####################################################################################################
DEBUG 2021-07-01 03:32:12,077 - DOMAIN INFO
INFO 2021-07-01 03:32:12,077 - {
    "DOMAIN": "jsh521.com", 
    "EXPIRATION": "2021-08-30 07:42:47", 
    "DAYS": "60 days, 4:10:35"
}
DEBUG 2021-07-01 03:32:12,098 - ####################################################################################################
DEBUG 2021-07-01 03:32:12,105 - DOMAIN INFO
INFO 2021-07-01 03:32:12,105 - {
    "DOMAIN": "www.jsh521.com", 
    "EXPIRATION": "2021-08-30 07:42:47", 
    "DAYS": "60 days, 4:10:35"
}
DEBUG 2021-07-01 03:32:15,028 - ####################################################################################################
DEBUG 2021-07-01 03:32:15,035 - DOMAIN INFO
INFO 2021-07-01 03:32:15,035 - {
    "DOMAIN": "eu122.com", 
    "EXPIRATION": "2022-07-01 07:59:59", 
    "DAYS": "365 days, 4:27:44"
}
DEBUG 2021-07-01 03:32:16,527 - ####################################################################################################
DEBUG 2021-07-01 03:32:16,534 - DOMAIN INFO
INFO 2021-07-01 03:32:16,534 - {
    "DOMAIN": "www.eu122.com", 
    "EXPIRATION": "2022-07-01 07:59:59", 
    "DAYS": "365 days, 4:27:43"
}
DEBUG 2021-07-01 03:32:17,529 - ####################################################################################################
DEBUG 2021-07-01 03:32:17,535 - DOMAIN INFO
INFO 2021-07-01 03:32:17,535 - {
    "DOMAIN": "eu7799.com", 
    "EXPIRATION": "2022-07-01 07:59:59", 
    "DAYS": "365 days, 4:27:42"
}
DEBUG 2021-07-01 03:32:18,704 - ####################################################################################################
DEBUG 2021-07-01 03:32:18,711 - DOMAIN INFO
INFO 2021-07-01 03:32:18,711 - {
    "DOMAIN": "www.eu7799.com", 
    "EXPIRATION": "2022-07-01 07:59:59", 
    "DAYS": "365 days, 4:27:41"
}
DEBUG 2021-07-01 03:32:21,544 - ####################################################################################################
DEBUG 2021-07-01 03:32:21,550 - DOMAIN INFO
INFO 2021-07-01 03:32:21,550 - {
    "DOMAIN": "tochat333.com", 
    "EXPIRATION": "2021-07-19 16:18:13", 
    "DAYS": "18 days, 12:45:52"
}
DEBUG 2021-07-01 03:32:22,158 - ####################################################################################################
DEBUG 2021-07-01 03:32:22,165 - DOMAIN INFO
INFO 2021-07-01 03:32:22,165 - {
    "DOMAIN": "www.eu590.com", 
    "EXPIRATION": "2021-09-13 21:44:08", 
    "DAYS": "74 days, 18:11:46"
}
DEBUG 2021-07-01 03:32:22,755 - ####################################################################################################
DEBUG 2021-07-01 03:32:22,760 - DOMAIN INFO
INFO 2021-07-01 03:32:22,760 - {
    "DOMAIN": "eu590.com", 
    "EXPIRATION": "2021-09-13 21:44:08", 
    "DAYS": "74 days, 18:11:46"
}
DEBUG 2021-07-01 03:32:24,598 - ####################################################################################################
DEBUG 2021-07-01 03:32:24,604 - DOMAIN INFO
INFO 2021-07-01 03:32:24,605 - {
    "DOMAIN": "jbl.live", 
    "EXPIRATION": "2021-07-19 20:00:00", 
    "DAYS": "18 days, 16:27:36"
}
DEBUG 2021-07-01 03:32:25,394 - ####################################################################################################
DEBUG 2021-07-01 03:32:25,400 - DOMAIN INFO
INFO 2021-07-01 03:32:25,400 - {
    "DOMAIN": "www.jbl.live", 
    "EXPIRATION": "2021-07-19 20:00:00", 
    "DAYS": "18 days, 16:27:35"
}
DEBUG 2021-07-01 03:53:09,209 - ####################################################################################################
DEBUG 2021-07-01 03:53:09,215 - DOMAIN INFO
INFO 2021-07-01 03:53:09,215 - {
    "DOMAIN": "hujidi.com", 
    "EXPIRATION": "2021-07-06 10:49:33", 
    "DAYS": "5 days, 6:56:24"
}
DEBUG 2021-07-01 04:02:48,649 - ####################################################################################################
DEBUG 2021-07-01 04:02:48,656 - DOMAIN INFO
INFO 2021-07-01 04:02:48,656 - {
    "DOMAIN": "wpc89.com", 
    "EXPIRATION": "2021-07-14 08:28:41", 
    "DAYS": "13 days, 4:25:53"
}
DEBUG 2021-07-01 04:02:49,518 - ####################################################################################################
DEBUG 2021-07-01 04:02:49,524 - DOMAIN INFO
INFO 2021-07-01 04:02:49,524 - {
    "DOMAIN": "www.wpc89.com", 
    "EXPIRATION": "2021-07-14 08:28:41", 
    "DAYS": "13 days, 4:25:52"
}
DEBUG 2021-07-01 04:08:11,032 - ####################################################################################################
DEBUG 2021-07-01 04:08:11,039 - DOMAIN INFO
INFO 2021-07-01 04:08:11,039 - {
    "DOMAIN": "12golf.com", 
    "EXPIRATION": "2021-07-15 08:50:36", 
    "DAYS": "14 days, 4:42:25"
}
DEBUG 2021-07-01 04:08:12,147 - ####################################################################################################
DEBUG 2021-07-01 04:08:12,154 - DOMAIN INFO
INFO 2021-07-01 04:08:12,154 - {
    "DOMAIN": "www.12golf.com", 
    "EXPIRATION": "2021-07-15 08:50:36", 
    "DAYS": "14 days, 4:42:24"
}
DEBUG 2021-07-01 04:24:29,444 - ####################################################################################################
DEBUG 2021-07-01 04:24:29,449 - DOMAIN INFO
INFO 2021-07-01 04:24:29,449 - {
    "DOMAIN": "www.wukongchat.com", 
    "EXPIRATION": "2021-07-18 17:04:26", 
    "DAYS": "17 days, 12:39:57"
}
DEBUG 2021-07-01 04:31:51,347 - ####################################################################################################
DEBUG 2021-07-01 04:31:51,354 - DOMAIN INFO
INFO 2021-07-01 04:31:51,354 - {
    "DOMAIN": "pc.dianwoa.top", 
    "EXPIRATION": "2022-01-22 07:59:59", 
    "DAYS": "205 days, 3:28:08"
}
DEBUG 2021-07-01 04:31:51,869 - ####################################################################################################
DEBUG 2021-07-01 04:31:51,875 - DOMAIN INFO
INFO 2021-07-01 04:31:51,875 - {
    "DOMAIN": "ying88888.com", 
    "EXPIRATION": "2021-08-30 14:49:59", 
    "DAYS": "60 days, 10:18:08"
}
DEBUG 2021-07-01 04:31:53,909 - ####################################################################################################
DEBUG 2021-07-01 04:31:53,915 - DOMAIN INFO
INFO 2021-07-01 04:31:53,915 - {
    "DOMAIN": "eu2018.net", 
    "EXPIRATION": "2021-09-01 12:30:08", 
    "DAYS": "62 days, 7:58:15"
}
DEBUG 2021-07-01 04:32:08,197 - ####################################################################################################
DEBUG 2021-07-01 04:32:08,204 - DOMAIN INFO
INFO 2021-07-01 04:32:08,204 - {
    "DOMAIN": "jin172.com", 
    "EXPIRATION": "2021-08-30 10:18:48", 
    "DAYS": "60 days, 5:46:40"
}
DEBUG 2021-07-01 04:32:08,496 - ####################################################################################################
DEBUG 2021-07-01 04:32:08,501 - DOMAIN INFO
INFO 2021-07-01 04:32:08,502 - {
    "DOMAIN": "re.dianwoa.top", 
    "EXPIRATION": "2021-08-31 01:28:14", 
    "DAYS": "60 days, 20:56:06"
}
DEBUG 2021-07-01 04:32:10,531 - ####################################################################################################
DEBUG 2021-07-01 04:32:10,536 - DOMAIN INFO
INFO 2021-07-01 04:32:10,537 - {
    "DOMAIN": "jsh521.com", 
    "EXPIRATION": "2021-08-30 07:42:47", 
    "DAYS": "60 days, 3:10:37"
}
DEBUG 2021-07-01 04:32:12,067 - ####################################################################################################
DEBUG 2021-07-01 04:32:12,073 - DOMAIN INFO
INFO 2021-07-01 04:32:12,074 - {
    "DOMAIN": "www.jsh521.com", 
    "EXPIRATION": "2021-08-30 07:42:47", 
    "DAYS": "60 days, 3:10:35"
}
DEBUG 2021-07-01 04:32:16,656 - ####################################################################################################
DEBUG 2021-07-01 04:32:16,662 - DOMAIN INFO
INFO 2021-07-01 04:32:16,662 - {
    "DOMAIN": "eu122.com", 
    "EXPIRATION": "2022-07-01 07:59:59", 
    "DAYS": "365 days, 3:27:43"
}
DEBUG 2021-07-01 04:32:18,369 - ####################################################################################################
DEBUG 2021-07-01 04:32:18,375 - DOMAIN INFO
INFO 2021-07-01 04:32:18,375 - {
    "DOMAIN": "www.eu122.com", 
    "EXPIRATION": "2022-07-01 07:59:59", 
    "DAYS": "365 days, 3:27:41"
}
DEBUG 2021-07-01 04:32:18,950 - ####################################################################################################
DEBUG 2021-07-01 04:32:18,957 - DOMAIN INFO
INFO 2021-07-01 04:32:18,957 - {
    "DOMAIN": "eu7799.com", 
    "EXPIRATION": "2022-07-01 07:59:59", 
    "DAYS": "365 days, 3:27:41"
}
DEBUG 2021-07-01 04:32:19,296 - ####################################################################################################
DEBUG 2021-07-01 04:32:19,303 - DOMAIN INFO
INFO 2021-07-01 04:32:19,303 - {
    "DOMAIN": "www.eu7799.com", 
    "EXPIRATION": "2022-07-01 07:59:59", 
    "DAYS": "365 days, 3:27:40"
}
DEBUG 2021-07-01 04:32:22,180 - ####################################################################################################
DEBUG 2021-07-01 04:32:22,186 - DOMAIN INFO
INFO 2021-07-01 04:32:22,186 - {
    "DOMAIN": "tochat333.com", 
    "EXPIRATION": "2021-07-19 16:18:13", 
    "DAYS": "18 days, 11:45:51"
}
DEBUG 2021-07-01 04:32:23,554 - ####################################################################################################
DEBUG 2021-07-01 04:32:23,559 - DOMAIN INFO
INFO 2021-07-01 04:32:23,559 - {
    "DOMAIN": "www.eu590.com", 
    "EXPIRATION": "2021-09-13 21:44:08", 
    "DAYS": "74 days, 17:11:45"
}
DEBUG 2021-07-01 04:32:24,246 - ####################################################################################################
DEBUG 2021-07-01 04:32:24,253 - DOMAIN INFO
INFO 2021-07-01 04:32:24,253 - {
    "DOMAIN": "eu590.com", 
    "EXPIRATION": "2021-09-13 21:44:08", 
    "DAYS": "74 days, 17:11:44"
}
DEBUG 2021-07-01 04:32:25,821 - ####################################################################################################
DEBUG 2021-07-01 04:32:25,828 - DOMAIN INFO
INFO 2021-07-01 04:32:25,828 - {
    "DOMAIN": "jbl.live", 
    "EXPIRATION": "2021-07-19 20:00:00", 
    "DAYS": "18 days, 15:27:35"
}
DEBUG 2021-07-01 04:32:25,941 - ####################################################################################################
DEBUG 2021-07-01 04:32:25,948 - DOMAIN INFO
INFO 2021-07-01 04:32:25,948 - {
    "DOMAIN": "www.jbl.live", 
    "EXPIRATION": "2021-07-19 20:00:00", 
    "DAYS": "18 days, 15:27:35"
}
DEBUG 2021-07-01 04:53:09,191 - ####################################################################################################
DEBUG 2021-07-01 04:53:09,197 - DOMAIN INFO
INFO 2021-07-01 04:53:09,197 - {
    "DOMAIN": "hujidi.com", 
    "EXPIRATION": "2021-07-06 10:49:33", 
    "DAYS": "5 days, 5:56:24"
}
DEBUG 2021-07-01 05:02:54,234 - ####################################################################################################
DEBUG 2021-07-01 05:02:54,240 - DOMAIN INFO
INFO 2021-07-01 05:02:54,240 - {
    "DOMAIN": "wpc89.com", 
    "EXPIRATION": "2021-07-14 08:28:41", 
    "DAYS": "13 days, 3:25:47"
}
DEBUG 2021-07-01 05:02:54,646 - ####################################################################################################
DEBUG 2021-07-01 05:02:54,651 - DOMAIN INFO
INFO 2021-07-01 05:02:54,652 - {
    "DOMAIN": "www.wpc89.com", 
    "EXPIRATION": "2021-07-14 08:28:41", 
    "DAYS": "13 days, 3:25:47"
}
DEBUG 2021-07-01 05:08:13,856 - ####################################################################################################
DEBUG 2021-07-01 05:08:13,863 - DOMAIN INFO
INFO 2021-07-01 05:08:13,863 - {
    "DOMAIN": "12golf.com", 
    "EXPIRATION": "2021-07-15 08:50:36", 
    "DAYS": "14 days, 3:42:23"
}
DEBUG 2021-07-01 05:08:14,611 - ####################################################################################################
DEBUG 2021-07-01 05:08:14,619 - DOMAIN INFO
INFO 2021-07-01 05:08:14,619 - {
    "DOMAIN": "www.12golf.com", 
    "EXPIRATION": "2021-07-15 08:50:36", 
    "DAYS": "14 days, 3:42:22"
}
DEBUG 2021-07-01 05:24:25,852 - ####################################################################################################
DEBUG 2021-07-01 05:24:25,858 - DOMAIN INFO
INFO 2021-07-01 05:24:25,858 - {
    "DOMAIN": "www.wukongchat.com", 
    "EXPIRATION": "2021-07-18 17:04:26", 
    "DAYS": "17 days, 11:40:01"
}
DEBUG 2021-07-01 05:32:20,522 - ####################################################################################################
DEBUG 2021-07-01 05:32:20,527 - DOMAIN INFO
INFO 2021-07-01 05:32:20,528 - {
    "DOMAIN": "tochat333.com", 
    "EXPIRATION": "2021-07-19 16:18:13", 
    "DAYS": "18 days, 10:45:53"
}
DEBUG 2021-07-01 05:32:22,431 - ####################################################################################################
DEBUG 2021-07-01 05:32:22,437 - DOMAIN INFO
INFO 2021-07-01 05:32:22,437 - {
    "DOMAIN": "jbl.live", 
    "EXPIRATION": "2021-07-19 20:00:00", 
    "DAYS": "18 days, 14:27:38"
}
DEBUG 2021-07-01 05:32:23,477 - ####################################################################################################
DEBUG 2021-07-01 05:32:23,483 - DOMAIN INFO
INFO 2021-07-01 05:32:23,483 - {
    "DOMAIN": "www.jbl.live", 
    "EXPIRATION": "2021-07-19 20:00:00", 
    "DAYS": "18 days, 14:27:37"
}
DEBUG 2021-07-01 05:47:18,166 - ####################################################################################################
DEBUG 2021-07-01 05:47:18,171 - DOMAIN INFO
INFO 2021-07-01 05:47:18,172 - {
    "DOMAIN": "xindeli05.com", 
    "EXPIRATION": "2021-08-30 21:54:34", 
    "DAYS": "60 days, 16:07:16"
}
DEBUG 2021-07-01 05:47:18,422 - ####################################################################################################
DEBUG 2021-07-01 05:47:18,427 - DOMAIN INFO
INFO 2021-07-01 05:47:18,427 - {
    "DOMAIN": "eu666vip.com", 
    "EXPIRATION": "2021-09-13 03:18:34", 
    "DAYS": "73 days, 21:31:16"
}
DEBUG 2021-07-01 05:47:19,242 - ####################################################################################################
DEBUG 2021-07-01 05:47:19,248 - DOMAIN INFO
INFO 2021-07-01 05:47:19,248 - {
    "DOMAIN": "deli16.com", 
    "EXPIRATION": "2021-08-30 14:31:40", 
    "DAYS": "60 days, 8:44:21"
}
DEBUG 2021-07-01 05:47:21,000 - ####################################################################################################
DEBUG 2021-07-01 05:47:21,005 - DOMAIN INFO
INFO 2021-07-01 05:47:21,005 - {
    "DOMAIN": "jin321.com", 
    "EXPIRATION": "2021-08-30 17:53:59", 
    "DAYS": "60 days, 12:06:39"
}
DEBUG 2021-07-01 05:47:21,808 - ####################################################################################################
DEBUG 2021-07-01 05:47:21,813 - DOMAIN INFO
INFO 2021-07-01 05:47:21,813 - {
    "DOMAIN": "bbasia8.net", 
    "EXPIRATION": "2021-08-30 07:27:19", 
    "DAYS": "60 days, 1:39:58"
}
DEBUG 2021-07-01 05:47:22,277 - ####################################################################################################
DEBUG 2021-07-01 05:47:22,282 - DOMAIN INFO
INFO 2021-07-01 05:47:22,282 - {
    "DOMAIN": "jinshihao99.com", 
    "EXPIRATION": "2021-08-30 14:45:14", 
    "DAYS": "60 days, 8:57:52"
}
DEBUG 2021-07-01 05:47:24,233 - ####################################################################################################
DEBUG 2021-07-01 05:47:24,238 - DOMAIN INFO
INFO 2021-07-01 05:47:24,238 - {
    "DOMAIN": "gci.xbet977.com", 
    "EXPIRATION": "2021-08-03 07:59:59", 
    "DAYS": "33 days, 2:12:35"
}
DEBUG 2021-07-01 05:53:09,834 - ####################################################################################################
DEBUG 2021-07-01 05:53:09,840 - DOMAIN INFO
INFO 2021-07-01 05:53:09,840 - {
    "DOMAIN": "hujidi.com", 
    "EXPIRATION": "2021-07-06 10:49:33", 
    "DAYS": "5 days, 4:56:24"
}
DEBUG 2021-07-01 06:02:48,784 - ####################################################################################################
DEBUG 2021-07-01 06:02:48,790 - DOMAIN INFO
INFO 2021-07-01 06:02:48,790 - {
    "DOMAIN": "wpc89.com", 
    "EXPIRATION": "2021-07-14 08:28:41", 
    "DAYS": "13 days, 2:25:53"
}
DEBUG 2021-07-01 06:02:49,352 - ####################################################################################################
DEBUG 2021-07-01 06:02:49,358 - DOMAIN INFO
INFO 2021-07-01 06:02:49,358 - {
    "DOMAIN": "www.wpc89.com", 
    "EXPIRATION": "2021-07-14 08:28:41", 
    "DAYS": "13 days, 2:25:52"
}
DEBUG 2021-07-01 06:08:13,920 - ####################################################################################################
DEBUG 2021-07-01 06:08:13,927 - DOMAIN INFO
INFO 2021-07-01 06:08:13,927 - {
    "DOMAIN": "12golf.com", 
    "EXPIRATION": "2021-07-15 08:50:36", 
    "DAYS": "14 days, 2:42:23"
}
DEBUG 2021-07-01 06:08:14,242 - ####################################################################################################
DEBUG 2021-07-01 06:08:14,248 - DOMAIN INFO
INFO 2021-07-01 06:08:14,248 - {
    "DOMAIN": "www.12golf.com", 
    "EXPIRATION": "2021-07-15 08:50:36", 
    "DAYS": "14 days, 2:42:22"
}
DEBUG 2021-07-01 06:24:29,262 - ####################################################################################################
DEBUG 2021-07-01 06:24:29,268 - DOMAIN INFO
INFO 2021-07-01 06:24:29,268 - {
    "DOMAIN": "www.wukongchat.com", 
    "EXPIRATION": "2021-07-18 17:04:26", 
    "DAYS": "17 days, 10:39:57"
}
DEBUG 2021-07-01 06:32:21,757 - ####################################################################################################
DEBUG 2021-07-01 06:32:21,763 - DOMAIN INFO
INFO 2021-07-01 06:32:21,764 - {
    "DOMAIN": "tochat333.com", 
    "EXPIRATION": "2021-07-19 16:18:13", 
    "DAYS": "18 days, 9:45:52"
}
DEBUG 2021-07-01 06:32:24,081 - ####################################################################################################
DEBUG 2021-07-01 06:32:24,088 - DOMAIN INFO
INFO 2021-07-01 06:32:24,088 - {
    "DOMAIN": "jbl.live", 
    "EXPIRATION": "2021-07-19 20:00:00", 
    "DAYS": "18 days, 13:27:36"
}
DEBUG 2021-07-01 06:32:24,557 - ####################################################################################################
DEBUG 2021-07-01 06:32:24,564 - DOMAIN INFO
INFO 2021-07-01 06:32:24,564 - {
    "DOMAIN": "www.jbl.live", 
    "EXPIRATION": "2021-07-19 20:00:00", 
    "DAYS": "18 days, 13:27:36"
}
DEBUG 2021-07-01 06:47:26,842 - ####################################################################################################
DEBUG 2021-07-01 06:47:26,849 - DOMAIN INFO
INFO 2021-07-01 06:47:26,850 - {
    "DOMAIN": "deli28.info", 
    "EXPIRATION": "2021-08-30 14:40:42", 
    "DAYS": "60 days, 7:53:16"
}
DEBUG 2021-07-01 06:47:27,667 - ####################################################################################################
DEBUG 2021-07-01 06:47:27,672 - DOMAIN INFO
INFO 2021-07-01 06:47:27,672 - {
    "DOMAIN": "jsh20.com", 
    "EXPIRATION": "2021-08-30 14:47:51", 
    "DAYS": "60 days, 8:00:24"
}
DEBUG 2021-07-01 06:47:28,641 - ####################################################################################################
DEBUG 2021-07-01 06:47:28,648 - DOMAIN INFO
INFO 2021-07-01 06:47:28,649 - {
    "DOMAIN": "bao918.com", 
    "EXPIRATION": "2021-08-30 18:22:38", 
    "DAYS": "60 days, 11:35:10"
}
DEBUG 2021-07-01 06:47:29,428 - ####################################################################################################
DEBUG 2021-07-01 06:47:29,435 - DOMAIN INFO
INFO 2021-07-01 06:47:29,435 - {
    "DOMAIN": "bao685.com", 
    "EXPIRATION": "2021-08-30 18:25:22", 
    "DAYS": "60 days, 11:37:53"
}
DEBUG 2021-07-01 06:47:30,547 - ####################################################################################################
DEBUG 2021-07-01 06:47:30,554 - DOMAIN INFO
INFO 2021-07-01 06:47:30,554 - {
    "DOMAIN": "wpc87.com", 
    "EXPIRATION": "2021-09-14 02:30:20", 
    "DAYS": "74 days, 19:42:50"
}
DEBUG 2021-07-01 06:53:09,740 - ####################################################################################################
DEBUG 2021-07-01 06:53:09,745 - DOMAIN INFO
INFO 2021-07-01 06:53:09,746 - {
    "DOMAIN": "hujidi.com", 
    "EXPIRATION": "2021-07-06 10:49:33", 
    "DAYS": "5 days, 3:56:24"
}
DEBUG 2021-07-01 07:02:45,002 - ####################################################################################################
DEBUG 2021-07-01 07:02:45,007 - DOMAIN INFO
INFO 2021-07-01 07:02:45,008 - {
    "DOMAIN": "wpc89.com", 
    "EXPIRATION": "2021-07-14 08:28:41", 
    "DAYS": "13 days, 1:25:57"
}
DEBUG 2021-07-01 07:02:45,610 - ####################################################################################################
DEBUG 2021-07-01 07:02:45,616 - DOMAIN INFO
INFO 2021-07-01 07:02:45,616 - {
    "DOMAIN": "www.wpc89.com", 
    "EXPIRATION": "2021-07-14 08:28:41", 
    "DAYS": "13 days, 1:25:56"
}
DEBUG 2021-07-01 07:08:12,527 - ####################################################################################################
DEBUG 2021-07-01 07:08:12,532 - DOMAIN INFO
INFO 2021-07-01 07:08:12,532 - {
    "DOMAIN": "12golf.com", 
    "EXPIRATION": "2021-07-15 08:50:36", 
    "DAYS": "14 days, 1:42:24"
}
DEBUG 2021-07-01 07:08:13,577 - ####################################################################################################
DEBUG 2021-07-01 07:08:13,582 - DOMAIN INFO
INFO 2021-07-01 07:08:13,582 - {
    "DOMAIN": "www.12golf.com", 
    "EXPIRATION": "2021-07-15 08:50:36", 
    "DAYS": "14 days, 1:42:23"
}
DEBUG 2021-07-01 07:24:28,719 - ####################################################################################################
DEBUG 2021-07-01 07:24:28,725 - DOMAIN INFO
INFO 2021-07-01 07:24:28,725 - {
    "DOMAIN": "www.wukongchat.com", 
    "EXPIRATION": "2021-07-18 17:04:26", 
    "DAYS": "17 days, 9:39:58"
}
DEBUG 2021-07-01 07:32:20,815 - ####################################################################################################
DEBUG 2021-07-01 07:32:20,822 - DOMAIN INFO
INFO 2021-07-01 07:32:20,822 - {
    "DOMAIN": "tochat333.com", 
    "EXPIRATION": "2021-07-19 16:18:13", 
    "DAYS": "18 days, 8:45:53"
}
DEBUG 2021-07-01 07:32:23,351 - ####################################################################################################
DEBUG 2021-07-01 07:32:23,356 - DOMAIN INFO
INFO 2021-07-01 07:32:23,356 - {
    "DOMAIN": "jbl.live", 
    "EXPIRATION": "2021-07-19 20:00:00", 
    "DAYS": "18 days, 12:27:37"
}
DEBUG 2021-07-01 07:32:24,055 - ####################################################################################################
DEBUG 2021-07-01 07:32:24,061 - DOMAIN INFO
INFO 2021-07-01 07:32:24,061 - {
    "DOMAIN": "www.jbl.live", 
    "EXPIRATION": "2021-07-19 20:00:00", 
    "DAYS": "18 days, 12:27:36"
}
DEBUG 2021-07-01 07:53:10,129 - ####################################################################################################
DEBUG 2021-07-01 07:53:10,135 - DOMAIN INFO
INFO 2021-07-01 07:53:10,136 - {
    "DOMAIN": "hujidi.com", 
    "EXPIRATION": "2021-07-06 10:49:33", 
    "DAYS": "5 days, 2:56:23"
}
DEBUG 2021-07-01 08:02:47,690 - ####################################################################################################
DEBUG 2021-07-01 08:02:47,696 - DOMAIN INFO
INFO 2021-07-01 08:02:47,696 - {
    "DOMAIN": "wpc89.com", 
    "EXPIRATION": "2021-07-14 08:28:41", 
    "DAYS": "13 days, 0:25:54"
}
DEBUG 2021-07-01 08:02:47,852 - ####################################################################################################
DEBUG 2021-07-01 08:02:47,857 - DOMAIN INFO
INFO 2021-07-01 08:02:47,858 - {
    "DOMAIN": "www.wpc89.com", 
    "EXPIRATION": "2021-07-14 08:28:41", 
    "DAYS": "13 days, 0:25:54"
}
DEBUG 2021-07-01 08:08:11,139 - ####################################################################################################
DEBUG 2021-07-01 08:08:11,145 - DOMAIN INFO
INFO 2021-07-01 08:08:11,145 - {
    "DOMAIN": "12golf.com", 
    "EXPIRATION": "2021-07-15 08:50:36", 
    "DAYS": "14 days, 0:42:25"
}
DEBUG 2021-07-01 08:08:12,336 - ####################################################################################################
DEBUG 2021-07-01 08:08:12,342 - DOMAIN INFO
INFO 2021-07-01 08:08:12,343 - {
    "DOMAIN": "www.12golf.com", 
    "EXPIRATION": "2021-07-15 08:50:36", 
    "DAYS": "14 days, 0:42:24"
}
DEBUG 2021-07-01 08:24:29,762 - ####################################################################################################
DEBUG 2021-07-01 08:24:29,767 - DOMAIN INFO
INFO 2021-07-01 08:24:29,767 - {
    "DOMAIN": "www.wukongchat.com", 
    "EXPIRATION": "2021-07-18 17:04:26", 
    "DAYS": "17 days, 8:39:57"
}
DEBUG 2021-07-01 08:32:18,412 - ####################################################################################################
DEBUG 2021-07-01 08:32:18,419 - DOMAIN INFO
INFO 2021-07-01 08:32:18,419 - {
    "DOMAIN": "tochat333.com", 
    "EXPIRATION": "2021-07-19 16:18:13", 
    "DAYS": "18 days, 7:45:55"
}
DEBUG 2021-07-01 08:32:21,427 - ####################################################################################################
DEBUG 2021-07-01 08:32:21,433 - DOMAIN INFO
INFO 2021-07-01 08:32:21,433 - {
    "DOMAIN": "jbl.live", 
    "EXPIRATION": "2021-07-19 20:00:00", 
    "DAYS": "18 days, 11:27:39"
}
DEBUG 2021-07-01 08:32:21,588 - ####################################################################################################
DEBUG 2021-07-01 08:32:21,594 - DOMAIN INFO
INFO 2021-07-01 08:32:21,594 - {
    "DOMAIN": "www.jbl.live", 
    "EXPIRATION": "2021-07-19 20:00:00", 
    "DAYS": "18 days, 11:27:39"
}
DEBUG 2021-07-01 08:53:11,693 - ####################################################################################################
DEBUG 2021-07-01 08:53:11,699 - DOMAIN ERROR
INFO 2021-07-01 08:53:11,699 - {
    "DOMAIN": "hujidi.com", 
    "DOMAIN_CURL": 4, 
    "ERROR": "[Errno 110] Connection timed out"
}
DEBUG 2021-07-01 09:02:52,148 - ####################################################################################################
DEBUG 2021-07-01 09:02:52,154 - DOMAIN INFO
INFO 2021-07-01 09:02:52,154 - {
    "DOMAIN": "wpc89.com", 
    "EXPIRATION": "2021-07-14 08:28:41", 
    "DAYS": "12 days, 23:25:49"
}
DEBUG 2021-07-01 09:02:52,565 - ####################################################################################################
DEBUG 2021-07-01 09:02:52,572 - DOMAIN INFO
INFO 2021-07-01 09:02:52,572 - {
    "DOMAIN": "www.wpc89.com", 
    "EXPIRATION": "2021-07-14 08:28:41", 
    "DAYS": "12 days, 23:25:49"
}
DEBUG 2021-07-01 09:08:11,745 - ####################################################################################################
DEBUG 2021-07-01 09:08:11,751 - DOMAIN INFO
INFO 2021-07-01 09:08:11,751 - {
    "DOMAIN": "12golf.com", 
    "EXPIRATION": "2021-07-15 08:50:36", 
    "DAYS": "13 days, 23:42:25"
}
DEBUG 2021-07-01 09:08:13,504 - ####################################################################################################
DEBUG 2021-07-01 09:08:13,509 - DOMAIN INFO
INFO 2021-07-01 09:08:13,510 - {
    "DOMAIN": "www.12golf.com", 
    "EXPIRATION": "2021-07-15 08:50:36", 
    "DAYS": "13 days, 23:42:23"
}
DEBUG 2021-07-01 09:24:26,821 - ####################################################################################################
DEBUG 2021-07-01 09:24:26,826 - DOMAIN INFO
INFO 2021-07-01 09:24:26,826 - {
    "DOMAIN": "www.wukongchat.com", 
    "EXPIRATION": "2021-07-18 17:04:26", 
    "DAYS": "17 days, 7:40:00"
}
DEBUG 2021-07-01 09:32:21,028 - ####################################################################################################
DEBUG 2021-07-01 09:32:21,034 - DOMAIN INFO
INFO 2021-07-01 09:32:21,035 - {
    "DOMAIN": "tochat333.com", 
    "EXPIRATION": "2021-07-19 16:18:13", 
    "DAYS": "18 days, 6:45:52"
}
DEBUG 2021-07-01 09:32:23,069 - ####################################################################################################
DEBUG 2021-07-01 09:32:23,076 - DOMAIN INFO
INFO 2021-07-01 09:32:23,076 - {
    "DOMAIN": "jbl.live", 
    "EXPIRATION": "2021-07-19 20:00:00", 
    "DAYS": "18 days, 10:27:37"
}
DEBUG 2021-07-01 09:32:23,930 - ####################################################################################################
DEBUG 2021-07-01 09:32:23,935 - DOMAIN INFO
INFO 2021-07-01 09:32:23,935 - {
    "DOMAIN": "www.jbl.live", 
    "EXPIRATION": "2021-07-19 20:00:00", 
    "DAYS": "18 days, 10:27:37"
}
DEBUG 2021-07-01 09:53:09,674 - ####################################################################################################
DEBUG 2021-07-01 09:53:09,680 - DOMAIN INFO
INFO 2021-07-01 09:53:09,680 - {
    "DOMAIN": "hujidi.com", 
    "EXPIRATION": "2021-07-06 10:49:33", 
    "DAYS": "5 days, 0:56:24"
}
DEBUG 2021-07-01 10:02:45,019 - ####################################################################################################
DEBUG 2021-07-01 10:02:45,026 - DOMAIN INFO
INFO 2021-07-01 10:02:45,026 - {
    "DOMAIN": "wpc89.com", 
    "EXPIRATION": "2021-07-14 08:28:41", 
    "DAYS": "12 days, 22:25:56"
}
DEBUG 2021-07-01 10:02:46,469 - ####################################################################################################
DEBUG 2021-07-01 10:02:46,475 - DOMAIN INFO
INFO 2021-07-01 10:02:46,475 - {
    "DOMAIN": "www.wpc89.com", 
    "EXPIRATION": "2021-07-14 08:28:41", 
    "DAYS": "12 days, 22:25:55"
}
DEBUG 2021-07-01 10:08:12,594 - ####################################################################################################
DEBUG 2021-07-01 10:08:12,600 - DOMAIN INFO
INFO 2021-07-01 10:08:12,601 - {
    "DOMAIN": "12golf.com", 
    "EXPIRATION": "2021-09-27 23:37:15", 
    "DAYS": "88 days, 13:29:03"
}
DEBUG 2021-07-01 10:08:13,358 - ####################################################################################################
DEBUG 2021-07-01 10:08:13,364 - DOMAIN INFO
INFO 2021-07-01 10:08:13,364 - {
    "DOMAIN": "www.12golf.com", 
    "EXPIRATION": "2021-09-27 23:37:15", 
    "DAYS": "88 days, 13:29:02"
}
DEBUG 2021-07-01 10:24:28,611 - ####################################################################################################
DEBUG 2021-07-01 10:24:28,617 - DOMAIN INFO
INFO 2021-07-01 10:24:28,617 - {
    "DOMAIN": "www.wukongchat.com", 
    "EXPIRATION": "2021-07-18 17:04:26", 
    "DAYS": "17 days, 6:39:58"
}
DEBUG 2021-07-01 10:32:21,361 - ####################################################################################################
DEBUG 2021-07-01 10:32:21,367 - DOMAIN INFO
INFO 2021-07-01 10:32:21,368 - {
    "DOMAIN": "tochat333.com", 
    "EXPIRATION": "2021-07-19 16:18:13", 
    "DAYS": "18 days, 5:45:52"
}
DEBUG 2021-07-01 10:32:24,254 - ####################################################################################################
DEBUG 2021-07-01 10:32:24,260 - DOMAIN INFO
INFO 2021-07-01 10:32:24,261 - {
    "DOMAIN": "jbl.live", 
    "EXPIRATION": "2021-07-19 20:00:00", 
    "DAYS": "18 days, 9:27:36"
}
DEBUG 2021-07-01 10:32:24,800 - ####################################################################################################
DEBUG 2021-07-01 10:32:24,806 - DOMAIN INFO
INFO 2021-07-01 10:32:24,807 - {
    "DOMAIN": "www.jbl.live", 
    "EXPIRATION": "2021-07-19 20:00:00", 
    "DAYS": "18 days, 9:27:36"
}
DEBUG 2021-07-01 10:53:09,577 - ####################################################################################################
DEBUG 2021-07-01 10:53:09,582 - DOMAIN INFO
INFO 2021-07-01 10:53:09,583 - {
    "DOMAIN": "hujidi.com", 
    "EXPIRATION": "2021-07-06 10:49:33", 
    "DAYS": "4 days, 23:56:24"
}
DEBUG 2021-07-01 11:02:50,502 - ####################################################################################################
DEBUG 2021-07-01 11:02:50,508 - DOMAIN INFO
INFO 2021-07-01 11:02:50,509 - {
    "DOMAIN": "wpc89.com", 
    "EXPIRATION": "2021-07-14 08:28:41", 
    "DAYS": "12 days, 21:25:51"
}
DEBUG 2021-07-01 11:02:52,545 - ####################################################################################################
DEBUG 2021-07-01 11:02:52,551 - DOMAIN INFO
INFO 2021-07-01 11:02:52,551 - {
    "DOMAIN": "www.wpc89.com", 
    "EXPIRATION": "2021-07-14 08:28:41", 
    "DAYS": "12 days, 21:25:49"
}
DEBUG 2021-07-01 11:08:12,665 - ####################################################################################################
DEBUG 2021-07-01 11:08:12,671 - DOMAIN INFO
INFO 2021-07-01 11:08:12,672 - {
    "DOMAIN": "12golf.com", 
    "EXPIRATION": "2021-09-27 23:37:15", 
    "DAYS": "88 days, 12:29:03"
}
DEBUG 2021-07-01 11:08:13,860 - ####################################################################################################
DEBUG 2021-07-01 11:08:13,865 - DOMAIN INFO
INFO 2021-07-01 11:08:13,865 - {
    "DOMAIN": "www.12golf.com", 
    "EXPIRATION": "2021-09-27 23:37:15", 
    "DAYS": "88 days, 12:29:02"
}
DEBUG 2021-07-01 11:24:26,628 - ####################################################################################################
DEBUG 2021-07-01 11:24:26,634 - DOMAIN INFO
INFO 2021-07-01 11:24:26,634 - {
    "DOMAIN": "www.wukongchat.com", 
    "EXPIRATION": "2021-07-18 17:04:26", 
    "DAYS": "17 days, 5:40:00"
}
DEBUG 2021-07-01 11:32:21,057 - ####################################################################################################
DEBUG 2021-07-01 11:32:21,062 - DOMAIN INFO
INFO 2021-07-01 11:32:21,062 - {
    "DOMAIN": "tochat333.com", 
    "EXPIRATION": "2021-07-19 16:18:13", 
    "DAYS": "18 days, 4:45:52"
}
DEBUG 2021-07-01 11:32:23,592 - ####################################################################################################
DEBUG 2021-07-01 11:32:23,597 - DOMAIN INFO
INFO 2021-07-01 11:32:23,597 - {
    "DOMAIN": "jbl.live", 
    "EXPIRATION": "2021-07-19 20:00:00", 
    "DAYS": "18 days, 8:27:37"
}
DEBUG 2021-07-01 11:32:24,259 - ####################################################################################################
DEBUG 2021-07-01 11:32:24,264 - DOMAIN INFO
INFO 2021-07-01 11:32:24,264 - {
    "DOMAIN": "www.jbl.live", 
    "EXPIRATION": "2021-07-19 20:00:00", 
    "DAYS": "18 days, 8:27:36"
}
DEBUG 2021-07-01 11:53:09,918 - ####################################################################################################
DEBUG 2021-07-01 11:53:09,923 - DOMAIN INFO
INFO 2021-07-01 11:53:09,923 - {
    "DOMAIN": "hujidi.com", 
    "EXPIRATION": "2021-07-06 10:49:33", 
    "DAYS": "4 days, 22:56:24"
}
DEBUG 2021-07-01 12:02:48,683 - ####################################################################################################
DEBUG 2021-07-01 12:02:48,688 - DOMAIN INFO
INFO 2021-07-01 12:02:48,688 - {
    "DOMAIN": "wpc89.com", 
    "EXPIRATION": "2021-07-14 08:28:41", 
    "DAYS": "12 days, 20:25:53"
}
DEBUG 2021-07-01 12:02:49,294 - ####################################################################################################
DEBUG 2021-07-01 12:02:49,300 - DOMAIN INFO
INFO 2021-07-01 12:02:49,301 - {
    "DOMAIN": "www.wpc89.com", 
    "EXPIRATION": "2021-07-14 08:28:41", 
    "DAYS": "12 days, 20:25:52"
}
DEBUG 2021-07-01 12:08:13,908 - ####################################################################################################
DEBUG 2021-07-01 12:08:13,914 - DOMAIN INFO
INFO 2021-07-01 12:08:13,914 - {
    "DOMAIN": "12golf.com", 
    "EXPIRATION": "2021-09-27 23:37:15", 
    "DAYS": "88 days, 11:29:02"
}
DEBUG 2021-07-01 12:08:14,125 - ####################################################################################################
DEBUG 2021-07-01 12:08:14,131 - DOMAIN INFO
INFO 2021-07-01 12:08:14,131 - {
    "DOMAIN": "www.12golf.com", 
    "EXPIRATION": "2021-09-27 23:37:15", 
    "DAYS": "88 days, 11:29:01"
}
DEBUG 2021-07-01 12:24:28,773 - ####################################################################################################
DEBUG 2021-07-01 12:24:28,779 - DOMAIN INFO
INFO 2021-07-01 12:24:28,779 - {
    "DOMAIN": "www.wukongchat.com", 
    "EXPIRATION": "2021-07-18 17:04:26", 
    "DAYS": "17 days, 4:39:58"
}
DEBUG 2021-07-01 12:32:19,736 - ####################################################################################################
DEBUG 2021-07-01 12:32:19,742 - DOMAIN INFO
INFO 2021-07-01 12:32:19,742 - {
    "DOMAIN": "tochat333.com", 
    "EXPIRATION": "2021-07-19 16:18:13", 
    "DAYS": "18 days, 3:45:54"
}
DEBUG 2021-07-01 12:32:21,843 - ####################################################################################################
DEBUG 2021-07-01 12:32:21,849 - DOMAIN INFO
INFO 2021-07-01 12:32:21,849 - {
    "DOMAIN": "jbl.live", 
    "EXPIRATION": "2021-07-19 20:00:00", 
    "DAYS": "18 days, 7:27:39"
}
DEBUG 2021-07-01 12:32:22,742 - ####################################################################################################
DEBUG 2021-07-01 12:32:22,748 - DOMAIN INFO
INFO 2021-07-01 12:32:22,748 - {
    "DOMAIN": "www.jbl.live", 
    "EXPIRATION": "2021-07-19 20:00:00", 
    "DAYS": "18 days, 7:27:38"
}
DEBUG 2021-07-01 12:53:09,391 - ####################################################################################################
DEBUG 2021-07-01 12:53:09,398 - DOMAIN INFO
INFO 2021-07-01 12:53:09,398 - {
    "DOMAIN": "hujidi.com", 
    "EXPIRATION": "2021-07-06 10:49:33", 
    "DAYS": "4 days, 21:56:24"
}
DEBUG 2021-07-01 13:02:45,387 - ####################################################################################################
DEBUG 2021-07-01 13:02:45,391 - DOMAIN INFO
INFO 2021-07-01 13:02:45,392 - {
    "DOMAIN": "wpc89.com", 
    "EXPIRATION": "2021-07-14 08:28:41", 
    "DAYS": "12 days, 19:25:56"
}
DEBUG 2021-07-01 13:02:47,914 - ####################################################################################################
DEBUG 2021-07-01 13:02:47,919 - DOMAIN INFO
INFO 2021-07-01 13:02:47,920 - {
    "DOMAIN": "www.wpc89.com", 
    "EXPIRATION": "2021-07-14 08:28:41", 
    "DAYS": "12 days, 19:25:54"
}
DEBUG 2021-07-01 13:08:14,031 - ####################################################################################################
DEBUG 2021-07-01 13:08:14,037 - DOMAIN INFO
INFO 2021-07-01 13:08:14,037 - {
    "DOMAIN": "12golf.com", 
    "EXPIRATION": "2021-09-27 23:37:15", 
    "DAYS": "88 days, 10:29:01"
}
DEBUG 2021-07-01 13:08:14,845 - ####################################################################################################
DEBUG 2021-07-01 13:08:14,851 - DOMAIN INFO
INFO 2021-07-01 13:08:14,851 - {
    "DOMAIN": "www.12golf.com", 
    "EXPIRATION": "2021-09-27 23:37:15", 
    "DAYS": "88 days, 10:29:01"
}
DEBUG 2021-07-01 13:24:28,481 - ####################################################################################################
DEBUG 2021-07-01 13:24:28,487 - DOMAIN INFO
INFO 2021-07-01 13:24:28,487 - {
    "DOMAIN": "www.wukongchat.com", 
    "EXPIRATION": "2021-07-18 17:04:26", 
    "DAYS": "17 days, 3:39:58"
}
DEBUG 2021-07-01 13:32:22,560 - ####################################################################################################
DEBUG 2021-07-01 13:32:22,567 - DOMAIN INFO
INFO 2021-07-01 13:32:22,567 - {
    "DOMAIN": "tochat333.com", 
    "EXPIRATION": "2021-07-19 16:18:13", 
    "DAYS": "18 days, 2:45:51"
}
DEBUG 2021-07-01 13:32:25,253 - ####################################################################################################
DEBUG 2021-07-01 13:32:25,258 - DOMAIN INFO
INFO 2021-07-01 13:32:25,259 - {
    "DOMAIN": "jbl.live", 
    "EXPIRATION": "2021-07-19 20:00:00", 
    "DAYS": "18 days, 6:27:35"
}
DEBUG 2021-07-01 13:32:25,911 - ####################################################################################################
DEBUG 2021-07-01 13:32:25,916 - DOMAIN INFO
INFO 2021-07-01 13:32:25,916 - {
    "DOMAIN": "www.jbl.live", 
    "EXPIRATION": "2021-07-19 20:00:00", 
    "DAYS": "18 days, 6:27:35"
}
DEBUG 2021-07-01 13:53:10,237 - ####################################################################################################
DEBUG 2021-07-01 13:53:10,243 - DOMAIN INFO
INFO 2021-07-01 13:53:10,243 - {
    "DOMAIN": "hujidi.com", 
    "EXPIRATION": "2021-07-06 10:49:33", 
    "DAYS": "4 days, 20:56:23"
}
DEBUG 2021-07-01 14:02:52,672 - ####################################################################################################
DEBUG 2021-07-01 14:02:52,677 - DOMAIN INFO
INFO 2021-07-01 14:02:52,677 - {
    "DOMAIN": "wpc89.com", 
    "EXPIRATION": "2021-07-14 08:28:41", 
    "DAYS": "12 days, 18:25:49"
}
DEBUG 2021-07-01 14:02:53,158 - ####################################################################################################
DEBUG 2021-07-01 14:02:53,165 - DOMAIN INFO
INFO 2021-07-01 14:02:53,165 - {
    "DOMAIN": "www.wpc89.com", 
    "EXPIRATION": "2021-07-14 08:28:41", 
    "DAYS": "12 days, 18:25:48"
}
DEBUG 2021-07-01 14:08:15,702 - ####################################################################################################
DEBUG 2021-07-01 14:08:15,708 - DOMAIN INFO
INFO 2021-07-01 14:08:15,708 - {
    "DOMAIN": "12golf.com", 
    "EXPIRATION": "2021-09-27 23:37:15", 
    "DAYS": "88 days, 9:29:00"
}
DEBUG 2021-07-01 14:08:16,252 - ####################################################################################################
DEBUG 2021-07-01 14:08:16,257 - DOMAIN INFO
INFO 2021-07-01 14:08:16,258 - {
    "DOMAIN": "www.12golf.com", 
    "EXPIRATION": "2021-09-27 23:37:15", 
    "DAYS": "88 days, 9:28:59"
}
DEBUG 2021-07-01 14:24:30,918 - ####################################################################################################
DEBUG 2021-07-01 14:24:30,924 - DOMAIN INFO
INFO 2021-07-01 14:24:30,925 - {
    "DOMAIN": "www.wukongchat.com", 
    "EXPIRATION": "2021-07-18 17:04:26", 
    "DAYS": "17 days, 2:39:56"
}
DEBUG 2021-07-01 14:32:20,768 - ####################################################################################################
DEBUG 2021-07-01 14:32:20,774 - DOMAIN INFO
INFO 2021-07-01 14:32:20,774 - {
    "DOMAIN": "tochat333.com", 
    "EXPIRATION": "2021-07-19 16:18:13", 
    "DAYS": "18 days, 1:45:53"
}
DEBUG 2021-07-01 14:32:22,801 - ####################################################################################################
DEBUG 2021-07-01 14:32:22,807 - DOMAIN INFO
INFO 2021-07-01 14:32:22,808 - {
    "DOMAIN": "jbl.live", 
    "EXPIRATION": "2021-07-19 20:00:00", 
    "DAYS": "18 days, 5:27:38"
}
DEBUG 2021-07-01 14:32:23,137 - ####################################################################################################
DEBUG 2021-07-01 14:32:23,144 - DOMAIN INFO
INFO 2021-07-01 14:32:23,145 - {
    "DOMAIN": "www.jbl.live", 
    "EXPIRATION": "2021-07-19 20:00:00", 
    "DAYS": "18 days, 5:27:37"
}
DEBUG 2021-07-01 14:53:07,153 - ####################################################################################################
DEBUG 2021-07-01 14:53:07,160 - DOMAIN INFO
INFO 2021-07-01 14:53:07,161 - {
    "DOMAIN": "hujidi.com", 
    "EXPIRATION": "2021-07-06 10:49:33", 
    "DAYS": "4 days, 19:56:26"
}
DEBUG 2021-07-01 15:02:49,830 - ####################################################################################################
DEBUG 2021-07-01 15:02:49,835 - DOMAIN INFO
INFO 2021-07-01 15:02:49,835 - {
    "DOMAIN": "wpc89.com", 
    "EXPIRATION": "2021-07-14 08:28:41", 
    "DAYS": "12 days, 17:25:52"
}
DEBUG 2021-07-01 15:02:50,522 - ####################################################################################################
DEBUG 2021-07-01 15:02:50,528 - DOMAIN INFO
INFO 2021-07-01 15:02:50,528 - {
    "DOMAIN": "www.wpc89.com", 
    "EXPIRATION": "2021-07-14 08:28:41", 
    "DAYS": "12 days, 17:25:51"
}
DEBUG 2021-07-01 15:08:08,835 - ####################################################################################################
DEBUG 2021-07-01 15:08:08,841 - DOMAIN INFO
INFO 2021-07-01 15:08:08,841 - {
    "DOMAIN": "12golf.com", 
    "EXPIRATION": "2021-09-27 23:37:15", 
    "DAYS": "88 days, 8:29:07"
}
DEBUG 2021-07-01 15:08:11,361 - ####################################################################################################
DEBUG 2021-07-01 15:08:11,367 - DOMAIN INFO
INFO 2021-07-01 15:08:11,367 - {
    "DOMAIN": "www.12golf.com", 
    "EXPIRATION": "2021-09-27 23:37:15", 
    "DAYS": "88 days, 8:29:04"
}
DEBUG 2021-07-01 15:24:29,677 - ####################################################################################################
DEBUG 2021-07-01 15:24:29,682 - DOMAIN INFO
INFO 2021-07-01 15:24:29,682 - {
    "DOMAIN": "www.wukongchat.com", 
    "EXPIRATION": "2021-07-18 17:04:26", 
    "DAYS": "17 days, 1:39:57"
}
DEBUG 2021-07-01 15:32:19,870 - ####################################################################################################
DEBUG 2021-07-01 15:32:19,875 - DOMAIN INFO
INFO 2021-07-01 15:32:19,876 - {
    "DOMAIN": "tochat333.com", 
    "EXPIRATION": "2021-07-19 16:18:13", 
    "DAYS": "18 days, 0:45:54"
}
DEBUG 2021-07-01 15:32:22,089 - ####################################################################################################
DEBUG 2021-07-01 15:32:22,096 - DOMAIN INFO
INFO 2021-07-01 15:32:22,096 - {
    "DOMAIN": "jbl.live", 
    "EXPIRATION": "2021-07-19 20:00:00", 
    "DAYS": "18 days, 4:27:38"
}
DEBUG 2021-07-01 15:32:23,486 - ####################################################################################################
DEBUG 2021-07-01 15:32:23,491 - DOMAIN INFO
INFO 2021-07-01 15:32:23,491 - {
    "DOMAIN": "www.jbl.live", 
    "EXPIRATION": "2021-07-19 20:00:00", 
    "DAYS": "18 days, 4:27:37"
}
DEBUG 2021-07-01 15:53:08,089 - ####################################################################################################
DEBUG 2021-07-01 15:53:08,096 - DOMAIN INFO
INFO 2021-07-01 15:53:08,096 - {
    "DOMAIN": "hujidi.com", 
    "EXPIRATION": "2021-07-06 10:49:33", 
    "DAYS": "4 days, 18:56:25"
}
DEBUG 2021-07-01 16:02:49,394 - ####################################################################################################
DEBUG 2021-07-01 16:02:49,400 - DOMAIN INFO
INFO 2021-07-01 16:02:49,400 - {
    "DOMAIN": "wpc89.com", 
    "EXPIRATION": "2021-07-14 08:28:41", 
    "DAYS": "12 days, 16:25:52"
}
DEBUG 2021-07-01 16:02:50,749 - ####################################################################################################
DEBUG 2021-07-01 16:02:50,756 - DOMAIN INFO
INFO 2021-07-01 16:02:50,756 - {
    "DOMAIN": "www.wpc89.com", 
    "EXPIRATION": "2021-07-14 08:28:41", 
    "DAYS": "12 days, 16:25:51"
}
DEBUG 2021-07-01 16:08:10,540 - ####################################################################################################
DEBUG 2021-07-01 16:08:10,545 - DOMAIN INFO
INFO 2021-07-01 16:08:10,546 - {
    "DOMAIN": "12golf.com", 
    "EXPIRATION": "2021-09-27 23:37:15", 
    "DAYS": "88 days, 7:29:05"
}
DEBUG 2021-07-01 16:08:13,130 - ####################################################################################################
DEBUG 2021-07-01 16:08:13,136 - DOMAIN INFO
INFO 2021-07-01 16:08:13,136 - {
    "DOMAIN": "www.12golf.com", 
    "EXPIRATION": "2021-09-27 23:37:15", 
    "DAYS": "88 days, 7:29:02"
}
DEBUG 2021-07-01 16:24:28,107 - ####################################################################################################
DEBUG 2021-07-01 16:24:28,114 - DOMAIN INFO
INFO 2021-07-01 16:24:28,114 - {
    "DOMAIN": "www.wukongchat.com", 
    "EXPIRATION": "2021-07-18 17:04:26", 
    "DAYS": "17 days, 0:39:58"
}
DEBUG 2021-07-01 16:32:23,322 - ####################################################################################################
DEBUG 2021-07-01 16:32:23,329 - DOMAIN INFO
INFO 2021-07-01 16:32:23,329 - {
    "DOMAIN": "tochat333.com", 
    "EXPIRATION": "2021-07-19 16:18:13", 
    "DAYS": "17 days, 23:45:50"
}
DEBUG 2021-07-01 16:32:25,790 - ####################################################################################################
DEBUG 2021-07-01 16:32:25,796 - DOMAIN INFO
INFO 2021-07-01 16:32:25,796 - {
    "DOMAIN": "jbl.live", 
    "EXPIRATION": "2021-07-19 20:00:00", 
    "DAYS": "18 days, 3:27:35"
}
DEBUG 2021-07-01 16:32:26,848 - ####################################################################################################
DEBUG 2021-07-01 16:32:26,853 - DOMAIN INFO
INFO 2021-07-01 16:32:26,854 - {
    "DOMAIN": "www.jbl.live", 
    "EXPIRATION": "2021-07-19 20:00:00", 
    "DAYS": "18 days, 3:27:34"
}
DEBUG 2021-07-01 16:53:12,170 - ####################################################################################################
DEBUG 2021-07-01 16:53:12,176 - DOMAIN INFO
INFO 2021-07-01 16:53:12,176 - {
    "DOMAIN": "hujidi.com", 
    "EXPIRATION": "2021-07-06 10:49:33", 
    "DAYS": "4 days, 17:56:21"
}
DEBUG 2021-07-01 17:02:49,753 - ####################################################################################################
DEBUG 2021-07-01 17:02:49,759 - DOMAIN INFO
INFO 2021-07-01 17:02:49,759 - {
    "DOMAIN": "wpc89.com", 
    "EXPIRATION": "2021-07-14 08:28:41", 
    "DAYS": "12 days, 15:25:52"
}
DEBUG 2021-07-01 17:02:50,361 - ####################################################################################################
DEBUG 2021-07-01 17:02:50,367 - DOMAIN INFO
INFO 2021-07-01 17:02:50,367 - {
    "DOMAIN": "www.wpc89.com", 
    "EXPIRATION": "2021-07-14 08:28:41", 
    "DAYS": "12 days, 15:25:51"
}
DEBUG 2021-07-01 17:08:10,110 - ####################################################################################################
DEBUG 2021-07-01 17:08:10,115 - DOMAIN INFO
INFO 2021-07-01 17:08:10,115 - {
    "DOMAIN": "12golf.com", 
    "EXPIRATION": "2021-09-27 23:37:15", 
    "DAYS": "88 days, 6:29:05"
}
DEBUG 2021-07-01 17:08:11,348 - ####################################################################################################
DEBUG 2021-07-01 17:08:11,353 - DOMAIN INFO
INFO 2021-07-01 17:08:11,354 - {
    "DOMAIN": "www.12golf.com", 
    "EXPIRATION": "2021-09-27 23:37:15", 
    "DAYS": "88 days, 6:29:04"
}
DEBUG 2021-07-01 17:24:30,507 - ####################################################################################################
DEBUG 2021-07-01 17:24:30,512 - DOMAIN INFO
INFO 2021-07-01 17:24:30,512 - {
    "DOMAIN": "www.wukongchat.com", 
    "EXPIRATION": "2021-07-18 17:04:26", 
    "DAYS": "16 days, 23:39:56"
}
DEBUG 2021-07-01 17:32:21,834 - ####################################################################################################
DEBUG 2021-07-01 17:32:21,840 - DOMAIN INFO
INFO 2021-07-01 17:32:21,840 - {
    "DOMAIN": "tochat333.com", 
    "EXPIRATION": "2021-07-19 16:18:13", 
    "DAYS": "17 days, 22:45:52"
}
DEBUG 2021-07-01 17:32:23,612 - ####################################################################################################
DEBUG 2021-07-01 17:32:23,619 - DOMAIN INFO
INFO 2021-07-01 17:32:23,619 - {
    "DOMAIN": "jbl.live", 
    "EXPIRATION": "2021-07-19 20:00:00", 
    "DAYS": "18 days, 2:27:37"
}
DEBUG 2021-07-01 17:32:24,913 - ####################################################################################################
DEBUG 2021-07-01 17:32:24,919 - DOMAIN INFO
INFO 2021-07-01 17:32:24,920 - {
    "DOMAIN": "www.jbl.live", 
    "EXPIRATION": "2021-07-19 20:00:00", 
    "DAYS": "18 days, 2:27:36"
}
DEBUG 2021-07-01 17:53:09,916 - ####################################################################################################
DEBUG 2021-07-01 17:53:09,921 - DOMAIN INFO
INFO 2021-07-01 17:53:09,921 - {
    "DOMAIN": "hujidi.com", 
    "EXPIRATION": "2021-07-06 10:49:33", 
    "DAYS": "4 days, 16:56:24"
}
DEBUG 2021-07-01 18:02:52,049 - ####################################################################################################
DEBUG 2021-07-01 18:02:52,056 - DOMAIN INFO
INFO 2021-07-01 18:02:52,056 - {
    "DOMAIN": "wpc89.com", 
    "EXPIRATION": "2021-07-14 08:28:41", 
    "DAYS": "12 days, 14:25:49"
}
DEBUG 2021-07-01 18:02:52,848 - ####################################################################################################
DEBUG 2021-07-01 18:02:52,853 - DOMAIN INFO
INFO 2021-07-01 18:02:52,853 - {
    "DOMAIN": "www.wpc89.com", 
    "EXPIRATION": "2021-07-14 08:28:41", 
    "DAYS": "12 days, 14:25:49"
}
DEBUG 2021-07-01 18:08:10,440 - ####################################################################################################
DEBUG 2021-07-01 18:08:10,447 - DOMAIN INFO
INFO 2021-07-01 18:08:10,447 - {
    "DOMAIN": "12golf.com", 
    "EXPIRATION": "2021-09-27 23:37:15", 
    "DAYS": "88 days, 5:29:05"
}
DEBUG 2021-07-01 18:08:11,079 - ####################################################################################################
DEBUG 2021-07-01 18:08:11,084 - DOMAIN INFO
INFO 2021-07-01 18:08:11,084 - {
    "DOMAIN": "www.12golf.com", 
    "EXPIRATION": "2021-09-27 23:37:15", 
    "DAYS": "88 days, 5:29:04"
}
DEBUG 2021-07-01 18:24:28,539 - ####################################################################################################
DEBUG 2021-07-01 18:24:28,545 - DOMAIN INFO
INFO 2021-07-01 18:24:28,545 - {
    "DOMAIN": "www.wukongchat.com", 
    "EXPIRATION": "2021-07-18 17:04:26", 
    "DAYS": "16 days, 22:39:58"
}
DEBUG 2021-07-01 18:32:19,920 - ####################################################################################################
DEBUG 2021-07-01 18:32:19,925 - DOMAIN INFO
INFO 2021-07-01 18:32:19,925 - {
    "DOMAIN": "tochat333.com", 
    "EXPIRATION": "2021-07-19 16:18:13", 
    "DAYS": "17 days, 21:45:54"
}
DEBUG 2021-07-01 18:32:21,991 - ####################################################################################################
DEBUG 2021-07-01 18:32:21,998 - DOMAIN INFO
INFO 2021-07-01 18:32:21,998 - {
    "DOMAIN": "jbl.live", 
    "EXPIRATION": "2021-07-19 20:00:00", 
    "DAYS": "18 days, 1:27:39"
}
DEBUG 2021-07-01 18:32:22,821 - ####################################################################################################
DEBUG 2021-07-01 18:32:22,826 - DOMAIN INFO
INFO 2021-07-01 18:32:22,827 - {
    "DOMAIN": "www.jbl.live", 
    "EXPIRATION": "2021-07-19 20:00:00", 
    "DAYS": "18 days, 1:27:38"
}
DEBUG 2021-07-01 18:53:09,526 - ####################################################################################################
DEBUG 2021-07-01 18:53:09,532 - DOMAIN INFO
INFO 2021-07-01 18:53:09,533 - {
    "DOMAIN": "hujidi.com", 
    "EXPIRATION": "2021-07-06 10:49:33", 
    "DAYS": "4 days, 15:56:24"
}
DEBUG 2021-07-01 19:02:46,105 - ####################################################################################################
DEBUG 2021-07-01 19:02:46,112 - DOMAIN INFO
INFO 2021-07-01 19:02:46,112 - {
    "DOMAIN": "wpc89.com", 
    "EXPIRATION": "2021-07-14 08:28:41", 
    "DAYS": "12 days, 13:25:55"
}
DEBUG 2021-07-01 19:02:47,601 - ####################################################################################################
DEBUG 2021-07-01 19:02:47,607 - DOMAIN INFO
INFO 2021-07-01 19:02:47,607 - {
    "DOMAIN": "www.wpc89.com", 
    "EXPIRATION": "2021-07-14 08:28:41", 
    "DAYS": "12 days, 13:25:54"
}
DEBUG 2021-07-01 19:08:12,685 - ####################################################################################################
DEBUG 2021-07-01 19:08:12,692 - DOMAIN INFO
INFO 2021-07-01 19:08:12,692 - {
    "DOMAIN": "12golf.com", 
    "EXPIRATION": "2021-09-27 23:37:15", 
    "DAYS": "88 days, 4:29:03"
}
DEBUG 2021-07-01 19:08:13,474 - ####################################################################################################
DEBUG 2021-07-01 19:08:13,479 - DOMAIN INFO
INFO 2021-07-01 19:08:13,479 - {
    "DOMAIN": "www.12golf.com", 
    "EXPIRATION": "2021-09-27 23:37:15", 
    "DAYS": "88 days, 4:29:02"
}
DEBUG 2021-07-01 19:24:28,107 - ####################################################################################################
DEBUG 2021-07-01 19:24:28,112 - DOMAIN INFO
INFO 2021-07-01 19:24:28,112 - {
    "DOMAIN": "www.wukongchat.com", 
    "EXPIRATION": "2021-07-18 17:04:26", 
    "DAYS": "16 days, 21:39:58"
}
DEBUG 2021-07-01 19:32:18,872 - ####################################################################################################
DEBUG 2021-07-01 19:32:18,877 - DOMAIN INFO
INFO 2021-07-01 19:32:18,878 - {
    "DOMAIN": "tochat333.com", 
    "EXPIRATION": "2021-07-19 16:18:13", 
    "DAYS": "17 days, 20:45:55"
}
DEBUG 2021-07-01 19:32:21,336 - ####################################################################################################
DEBUG 2021-07-01 19:32:21,341 - DOMAIN INFO
INFO 2021-07-01 19:32:21,341 - {
    "DOMAIN": "jbl.live", 
    "EXPIRATION": "2021-07-19 20:00:00", 
    "DAYS": "18 days, 0:27:39"
}
DEBUG 2021-07-01 19:32:21,972 - ####################################################################################################
DEBUG 2021-07-01 19:32:21,978 - DOMAIN INFO
INFO 2021-07-01 19:32:21,978 - {
    "DOMAIN": "www.jbl.live", 
    "EXPIRATION": "2021-07-19 20:00:00", 
    "DAYS": "18 days, 0:27:39"
}
DEBUG 2021-07-01 19:53:07,047 - ####################################################################################################
DEBUG 2021-07-01 19:53:07,052 - DOMAIN INFO
INFO 2021-07-01 19:53:07,052 - {
    "DOMAIN": "hujidi.com", 
    "EXPIRATION": "2021-07-06 10:49:33", 
    "DAYS": "4 days, 14:56:26"
}
DEBUG 2021-07-01 20:02:49,321 - ####################################################################################################
DEBUG 2021-07-01 20:02:49,328 - DOMAIN INFO
INFO 2021-07-01 20:02:49,328 - {
    "DOMAIN": "wpc89.com", 
    "EXPIRATION": "2021-07-14 08:28:41", 
    "DAYS": "12 days, 12:25:52"
}
DEBUG 2021-07-01 20:02:50,175 - ####################################################################################################
DEBUG 2021-07-01 20:02:50,182 - DOMAIN INFO
INFO 2021-07-01 20:02:50,182 - {
    "DOMAIN": "www.wpc89.com", 
    "EXPIRATION": "2021-07-14 08:28:41", 
    "DAYS": "12 days, 12:25:51"
}
DEBUG 2021-07-01 20:08:11,944 - ####################################################################################################
DEBUG 2021-07-01 20:08:11,950 - DOMAIN INFO
INFO 2021-07-01 20:08:11,950 - {
    "DOMAIN": "12golf.com", 
    "EXPIRATION": "2021-09-27 23:37:15", 
    "DAYS": "88 days, 3:29:04"
}
DEBUG 2021-07-01 20:08:12,581 - ####################################################################################################
DEBUG 2021-07-01 20:08:12,586 - DOMAIN INFO
INFO 2021-07-01 20:08:12,586 - {
    "DOMAIN": "www.12golf.com", 
    "EXPIRATION": "2021-09-27 23:37:15", 
    "DAYS": "88 days, 3:29:03"
}
DEBUG 2021-07-01 20:24:28,016 - ####################################################################################################
DEBUG 2021-07-01 20:24:28,022 - DOMAIN INFO
INFO 2021-07-01 20:24:28,023 - {
    "DOMAIN": "www.wukongchat.com", 
    "EXPIRATION": "2021-07-18 17:04:26", 
    "DAYS": "16 days, 20:39:58"
}
DEBUG 2021-07-01 20:32:22,315 - ####################################################################################################
DEBUG 2021-07-01 20:32:22,321 - DOMAIN INFO
INFO 2021-07-01 20:32:22,321 - {
    "DOMAIN": "tochat333.com", 
    "EXPIRATION": "2021-07-19 16:18:13", 
    "DAYS": "17 days, 19:45:51"
}
DEBUG 2021-07-01 20:32:23,885 - ####################################################################################################
DEBUG 2021-07-01 20:32:23,892 - DOMAIN INFO
INFO 2021-07-01 20:32:23,892 - {
    "DOMAIN": "jbl.live", 
    "EXPIRATION": "2021-07-19 20:00:00", 
    "DAYS": "17 days, 23:27:37"
}
DEBUG 2021-07-01 20:32:24,269 - ####################################################################################################
DEBUG 2021-07-01 20:32:24,275 - DOMAIN INFO
INFO 2021-07-01 20:32:24,275 - {
    "DOMAIN": "www.jbl.live", 
    "EXPIRATION": "2021-07-19 20:00:00", 
    "DAYS": "17 days, 23:27:36"
}
DEBUG 2021-07-01 20:53:08,277 - ####################################################################################################
DEBUG 2021-07-01 20:53:08,284 - DOMAIN INFO
INFO 2021-07-01 20:53:08,285 - {
    "DOMAIN": "hujidi.com", 
    "EXPIRATION": "2021-07-06 10:49:33", 
    "DAYS": "4 days, 13:56:25"
}
DEBUG 2021-07-01 21:02:46,231 - ####################################################################################################
DEBUG 2021-07-01 21:02:46,237 - DOMAIN INFO
INFO 2021-07-01 21:02:46,238 - {
    "DOMAIN": "wpc89.com", 
    "EXPIRATION": "2021-07-14 08:28:41", 
    "DAYS": "12 days, 11:25:55"
}
DEBUG 2021-07-01 21:02:46,575 - ####################################################################################################
DEBUG 2021-07-01 21:02:46,580 - DOMAIN INFO
INFO 2021-07-01 21:02:46,581 - {
    "DOMAIN": "www.wpc89.com", 
    "EXPIRATION": "2021-07-14 08:28:41", 
    "DAYS": "12 days, 11:25:55"
}
DEBUG 2021-07-01 21:08:11,026 - ####################################################################################################
DEBUG 2021-07-01 21:08:11,031 - DOMAIN INFO
INFO 2021-07-01 21:08:11,031 - {
    "DOMAIN": "12golf.com", 
    "EXPIRATION": "2021-09-27 23:37:15", 
    "DAYS": "88 days, 2:29:04"
}
DEBUG 2021-07-01 21:08:11,664 - ####################################################################################################
DEBUG 2021-07-01 21:08:11,669 - DOMAIN INFO
INFO 2021-07-01 21:08:11,670 - {
    "DOMAIN": "www.12golf.com", 
    "EXPIRATION": "2021-09-27 23:37:15", 
    "DAYS": "88 days, 2:29:04"
}
DEBUG 2021-07-01 21:24:26,649 - ####################################################################################################
DEBUG 2021-07-01 21:24:26,655 - DOMAIN INFO
INFO 2021-07-01 21:24:26,655 - {
    "DOMAIN": "www.wukongchat.com", 
    "EXPIRATION": "2021-07-18 17:04:26", 
    "DAYS": "16 days, 19:40:00"
}
DEBUG 2021-07-01 21:32:20,931 - ####################################################################################################
DEBUG 2021-07-01 21:32:20,936 - DOMAIN INFO
INFO 2021-07-01 21:32:20,936 - {
    "DOMAIN": "tochat333.com", 
    "EXPIRATION": "2021-07-19 16:18:13", 
    "DAYS": "17 days, 18:45:53"
}
DEBUG 2021-07-01 21:32:22,986 - ####################################################################################################
DEBUG 2021-07-01 21:32:22,992 - DOMAIN INFO
INFO 2021-07-01 21:32:22,992 - {
    "DOMAIN": "jbl.live", 
    "EXPIRATION": "2021-07-19 20:00:00", 
    "DAYS": "17 days, 22:27:38"
}
DEBUG 2021-07-01 21:32:23,839 - ####################################################################################################
DEBUG 2021-07-01 21:32:23,844 - DOMAIN INFO
INFO 2021-07-01 21:32:23,845 - {
    "DOMAIN": "www.jbl.live", 
    "EXPIRATION": "2021-07-19 20:00:00", 
    "DAYS": "17 days, 22:27:37"
}
DEBUG 2021-07-01 21:53:08,658 - ####################################################################################################
DEBUG 2021-07-01 21:53:08,664 - DOMAIN INFO
INFO 2021-07-01 21:53:08,664 - {
    "DOMAIN": "hujidi.com", 
    "EXPIRATION": "2021-07-06 10:49:33", 
    "DAYS": "4 days, 12:56:25"
}
DEBUG 2021-07-01 22:02:50,824 - ####################################################################################################
DEBUG 2021-07-01 22:02:50,831 - DOMAIN INFO
INFO 2021-07-01 22:02:50,831 - {
    "DOMAIN": "wpc89.com", 
    "EXPIRATION": "2021-07-14 08:28:41", 
    "DAYS": "12 days, 10:25:51"
}
DEBUG 2021-07-01 22:02:51,887 - ####################################################################################################
DEBUG 2021-07-01 22:02:51,894 - DOMAIN INFO
INFO 2021-07-01 22:02:51,894 - {
    "DOMAIN": "www.wpc89.com", 
    "EXPIRATION": "2021-07-14 08:28:41", 
    "DAYS": "12 days, 10:25:50"
}
DEBUG 2021-07-01 22:08:11,448 - ####################################################################################################
DEBUG 2021-07-01 22:08:11,455 - DOMAIN INFO
INFO 2021-07-01 22:08:11,455 - {
    "DOMAIN": "12golf.com", 
    "EXPIRATION": "2021-09-27 23:37:15", 
    "DAYS": "88 days, 1:29:04"
}
DEBUG 2021-07-01 22:08:13,356 - ####################################################################################################
DEBUG 2021-07-01 22:08:13,361 - DOMAIN INFO
INFO 2021-07-01 22:08:13,362 - {
    "DOMAIN": "www.12golf.com", 
    "EXPIRATION": "2021-09-27 23:37:15", 
    "DAYS": "88 days, 1:29:02"
}
DEBUG 2021-07-01 22:24:28,269 - ####################################################################################################
DEBUG 2021-07-01 22:24:28,275 - DOMAIN INFO
INFO 2021-07-01 22:24:28,275 - {
    "DOMAIN": "www.wukongchat.com", 
    "EXPIRATION": "2021-07-18 17:04:26", 
    "DAYS": "16 days, 18:39:58"
}
DEBUG 2021-07-01 22:32:20,994 - ####################################################################################################
DEBUG 2021-07-01 22:32:21,000 - DOMAIN INFO
INFO 2021-07-01 22:32:21,000 - {
    "DOMAIN": "tochat333.com", 
    "EXPIRATION": "2021-07-19 16:18:13", 
    "DAYS": "17 days, 17:45:53"
}
DEBUG 2021-07-01 22:32:24,180 - ####################################################################################################
DEBUG 2021-07-01 22:32:24,185 - DOMAIN INFO
INFO 2021-07-01 22:32:24,185 - {
    "DOMAIN": "jbl.live", 
    "EXPIRATION": "2021-07-19 20:00:00", 
    "DAYS": "17 days, 21:27:36"
}
DEBUG 2021-07-01 22:32:24,830 - ####################################################################################################
DEBUG 2021-07-01 22:32:24,836 - DOMAIN INFO
INFO 2021-07-01 22:32:24,836 - {
    "DOMAIN": "www.jbl.live", 
    "EXPIRATION": "2021-07-19 20:00:00", 
    "DAYS": "17 days, 21:27:36"
}
DEBUG 2021-07-01 22:53:04,820 - ####################################################################################################
DEBUG 2021-07-01 22:53:04,826 - DOMAIN INFO
INFO 2021-07-01 22:53:04,827 - {
    "DOMAIN": "hujidi.com", 
    "EXPIRATION": "2021-07-06 10:49:33", 
    "DAYS": "4 days, 11:56:29"
}
DEBUG 2021-07-01 23:02:46,250 - ####################################################################################################
DEBUG 2021-07-01 23:02:46,257 - DOMAIN INFO
INFO 2021-07-01 23:02:46,257 - {
    "DOMAIN": "wpc89.com", 
    "EXPIRATION": "2021-07-14 08:28:41", 
    "DAYS": "12 days, 9:25:55"
}
DEBUG 2021-07-01 23:02:47,919 - ####################################################################################################
DEBUG 2021-07-01 23:02:47,925 - DOMAIN INFO
INFO 2021-07-01 23:02:47,925 - {
    "DOMAIN": "www.wpc89.com", 
    "EXPIRATION": "2021-07-14 08:28:41", 
    "DAYS": "12 days, 9:25:54"
}
DEBUG 2021-07-01 23:08:13,792 - ####################################################################################################
DEBUG 2021-07-01 23:08:13,797 - DOMAIN INFO
INFO 2021-07-01 23:08:13,798 - {
    "DOMAIN": "12golf.com", 
    "EXPIRATION": "2021-09-27 23:37:15", 
    "DAYS": "88 days, 0:29:02"
}
DEBUG 2021-07-01 23:08:14,332 - ####################################################################################################
DEBUG 2021-07-01 23:08:14,338 - DOMAIN INFO
INFO 2021-07-01 23:08:14,338 - {
    "DOMAIN": "www.12golf.com", 
    "EXPIRATION": "2021-09-27 23:37:15", 
    "DAYS": "88 days, 0:29:01"
}
DEBUG 2021-07-01 23:24:26,926 - ####################################################################################################
DEBUG 2021-07-01 23:24:26,931 - DOMAIN INFO
INFO 2021-07-01 23:24:26,932 - {
    "DOMAIN": "www.wukongchat.com", 
    "EXPIRATION": "2021-07-18 17:04:26", 
    "DAYS": "16 days, 17:40:00"
}
DEBUG 2021-07-01 23:32:20,435 - ####################################################################################################
DEBUG 2021-07-01 23:32:20,441 - DOMAIN INFO
INFO 2021-07-01 23:32:20,441 - {
    "DOMAIN": "tochat333.com", 
    "EXPIRATION": "2021-07-19 16:18:13", 
    "DAYS": "17 days, 16:45:53"
}
DEBUG 2021-07-01 23:32:21,837 - ####################################################################################################
DEBUG 2021-07-01 23:32:21,842 - DOMAIN INFO
INFO 2021-07-01 23:32:21,842 - {
    "DOMAIN": "jbl.live", 
    "EXPIRATION": "2021-07-19 20:00:00", 
    "DAYS": "17 days, 20:27:39"
}
DEBUG 2021-07-01 23:32:22,556 - ####################################################################################################
DEBUG 2021-07-01 23:32:22,563 - DOMAIN INFO
INFO 2021-07-01 23:32:22,563 - {
    "DOMAIN": "www.jbl.live", 
    "EXPIRATION": "2021-07-19 20:00:00", 
    "DAYS": "17 days, 20:27:38"
}
DEBUG 2021-07-01 23:53:09,162 - ####################################################################################################
DEBUG 2021-07-01 23:53:09,168 - DOMAIN INFO
INFO 2021-07-01 23:53:09,168 - {
    "DOMAIN": "hujidi.com", 
    "EXPIRATION": "2021-07-06 10:49:33", 
    "DAYS": "4 days, 10:56:24"
}
