DEBUG 2021-07-11 00:00:02,801 - ####################################################################################################
DEBUG 2021-07-11 00:00:02,806 - DOMAIN INFO
INFO 2021-07-11 00:00:02,806 - {
    "DOMAIN": "tv36.com", 
    "EXPIRATION": "2021-07-26 13:40:15", 
    "DAYS": "15 days, 13:40:13"
}
DEBUG 2021-07-11 00:08:37,215 - ####################################################################################################
DEBUG 2021-07-11 00:08:37,221 - DOMAIN INFO
INFO 2021-07-11 00:08:37,221 - {
    "DOMAIN": "12899888.com", 
    "EXPIRATION": "2021-09-27 23:11:58", 
    "DAYS": "78 days, 23:03:21"
}
DEBUG 2021-07-11 00:21:24,655 - ####################################################################################################
DEBUG 2021-07-11 00:21:24,661 - DOMAIN INFO
INFO 2021-07-11 00:21:24,661 - {
    "DOMAIN": "ebcn.chaodjia.com", 
    "EXPIRATION": "2021-12-29 07:59:59", 
    "DAYS": "171 days, 7:38:35"
}
DEBUG 2021-07-11 01:00:03,384 - ####################################################################################################
DEBUG 2021-07-11 01:00:03,390 - DOMAIN INFO
INFO 2021-07-11 01:00:03,390 - {
    "DOMAIN": "tv36.com", 
    "EXPIRATION": "2021-07-26 13:40:15", 
    "DAYS": "15 days, 12:40:12"
}
DEBUG 2021-07-11 01:08:37,213 - ####################################################################################################
DEBUG 2021-07-11 01:08:37,219 - DOMAIN INFO
INFO 2021-07-11 01:08:37,219 - {
    "DOMAIN": "12899888.com", 
    "EXPIRATION": "2021-09-27 23:11:58", 
    "DAYS": "78 days, 22:03:21"
}
DEBUG 2021-07-11 01:21:26,999 - ####################################################################################################
DEBUG 2021-07-11 01:21:27,004 - DOMAIN PYTHON ERROR
INFO 2021-07-11 01:21:27,004 - {
    "DOMAIN": "ebcn.chaodjia.com", 
    "PYTHON ERROR": "[Errno 104] Connection reset by peer", 
    "DOMAIN_CURL": 170
}
DEBUG 2021-07-11 02:00:04,564 - ####################################################################################################
DEBUG 2021-07-11 02:00:04,569 - DOMAIN INFO
INFO 2021-07-11 02:00:04,570 - {
    "DOMAIN": "tv36.com", 
    "EXPIRATION": "2021-07-26 13:40:15", 
    "DAYS": "15 days, 11:40:11"
}
DEBUG 2021-07-11 02:08:41,368 - ####################################################################################################
DEBUG 2021-07-11 02:08:41,374 - DOMAIN INFO
INFO 2021-07-11 02:08:41,375 - {
    "DOMAIN": "12899888.com", 
    "EXPIRATION": "2021-09-27 23:11:58", 
    "DAYS": "78 days, 21:03:17"
}
DEBUG 2021-07-11 02:21:40,632 - ####################################################################################################
DEBUG 2021-07-11 02:21:40,640 - DOMAIN PYTHON ERROR
INFO 2021-07-11 02:21:40,640 - {
    "DOMAIN": "ebcn.chaodjia.com", 
    "PYTHON ERROR": "[Errno 104] Connection reset by peer", 
    "DOMAIN_CURL": 0
}
DEBUG 2021-07-11 03:00:02,536 - ####################################################################################################
DEBUG 2021-07-11 03:00:02,544 - DOMAIN INFO
INFO 2021-07-11 03:00:02,544 - {
    "DOMAIN": "tv36.com", 
    "EXPIRATION": "2021-07-26 13:40:15", 
    "DAYS": "15 days, 10:40:13"
}
DEBUG 2021-07-11 03:08:43,925 - ####################################################################################################
DEBUG 2021-07-11 03:08:43,931 - DOMAIN INFO
INFO 2021-07-11 03:08:43,931 - {
    "DOMAIN": "12899888.com", 
    "EXPIRATION": "2021-09-27 23:11:58", 
    "DAYS": "78 days, 20:03:15"
}
DEBUG 2021-07-11 03:21:24,606 - ####################################################################################################
DEBUG 2021-07-11 03:21:24,613 - DOMAIN INFO
INFO 2021-07-11 03:21:24,614 - {
    "DOMAIN": "ebcn.chaodjia.com", 
    "EXPIRATION": "2021-12-29 07:59:59", 
    "DAYS": "171 days, 4:38:35"
}
DEBUG 2021-07-11 04:00:05,986 - ####################################################################################################
DEBUG 2021-07-11 04:00:05,991 - DOMAIN INFO
INFO 2021-07-11 04:00:05,992 - {
    "DOMAIN": "tv36.com", 
    "EXPIRATION": "2021-07-26 13:40:15", 
    "DAYS": "15 days, 9:40:10"
}
DEBUG 2021-07-11 04:08:46,546 - ####################################################################################################
DEBUG 2021-07-11 04:08:46,552 - DOMAIN INFO
INFO 2021-07-11 04:08:46,552 - {
    "DOMAIN": "12899888.com", 
    "EXPIRATION": "2021-09-27 23:11:58", 
    "DAYS": "78 days, 19:03:12"
}
DEBUG 2021-07-11 04:21:27,923 - ####################################################################################################
DEBUG 2021-07-11 04:21:27,930 - DOMAIN PYTHON ERROR
INFO 2021-07-11 04:21:27,931 - {
    "DOMAIN": "ebcn.chaodjia.com", 
    "PYTHON ERROR": "[Errno 104] Connection reset by peer", 
    "DOMAIN_CURL": 170
}
DEBUG 2021-07-11 05:00:06,133 - ####################################################################################################
DEBUG 2021-07-11 05:00:06,137 - DOMAIN INFO
INFO 2021-07-11 05:00:06,138 - {
    "DOMAIN": "tv36.com", 
    "EXPIRATION": "2021-07-26 13:40:15", 
    "DAYS": "15 days, 8:40:09"
}
DEBUG 2021-07-11 05:08:38,623 - ####################################################################################################
DEBUG 2021-07-11 05:08:38,629 - DOMAIN INFO
INFO 2021-07-11 05:08:38,629 - {
    "DOMAIN": "12899888.com", 
    "EXPIRATION": "2021-09-27 23:11:58", 
    "DAYS": "78 days, 18:03:20"
}
DEBUG 2021-07-11 05:21:25,674 - ####################################################################################################
DEBUG 2021-07-11 05:21:25,679 - DOMAIN PYTHON ERROR
INFO 2021-07-11 05:21:25,679 - {
    "DOMAIN": "ebcn.chaodjia.com", 
    "PYTHON ERROR": "[Errno 104] Connection reset by peer", 
    "DOMAIN_CURL": 170
}
DEBUG 2021-07-11 05:26:14,859 - ####################################################################################################
DEBUG 2021-07-11 05:26:14,864 - DOMAIN INFO
INFO 2021-07-11 05:26:14,865 - {
    "DOMAIN": "52020000.com", 
    "EXPIRATION": "2021-09-27 15:11:13", 
    "DAYS": "78 days, 9:44:59"
}
DEBUG 2021-07-11 05:26:16,103 - ####################################################################################################
DEBUG 2021-07-11 05:26:16,109 - DOMAIN INFO
INFO 2021-07-11 05:26:16,109 - {
    "DOMAIN": "xbet999.com", 
    "EXPIRATION": "2021-09-26 00:05:40", 
    "DAYS": "76 days, 18:39:24"
}
DEBUG 2021-07-11 05:26:16,231 - ####################################################################################################
DEBUG 2021-07-11 05:26:16,238 - DOMAIN INFO
INFO 2021-07-11 05:26:16,239 - {
    "DOMAIN": "xbet417.com", 
    "EXPIRATION": "2021-09-26 23:51:04", 
    "DAYS": "77 days, 18:24:48"
}
DEBUG 2021-07-11 05:26:16,976 - ####################################################################################################
DEBUG 2021-07-11 05:26:16,981 - DOMAIN INFO
INFO 2021-07-11 05:26:16,982 - {
    "DOMAIN": "jin172.com", 
    "EXPIRATION": "2021-09-27 10:38:24", 
    "DAYS": "78 days, 5:12:08"
}
DEBUG 2021-07-11 05:26:17,131 - ####################################################################################################
DEBUG 2021-07-11 05:26:17,137 - DOMAIN INFO
INFO 2021-07-11 05:26:17,137 - {
    "DOMAIN": "gci.987byh.com", 
    "EXPIRATION": "2021-07-30 07:59:59", 
    "DAYS": "19 days, 2:33:42"
}
DEBUG 2021-07-11 05:26:18,369 - ####################################################################################################
DEBUG 2021-07-11 05:26:18,376 - DOMAIN INFO
INFO 2021-07-11 05:26:18,376 - {
    "DOMAIN": "jsh521.com", 
    "EXPIRATION": "2021-09-27 14:32:43", 
    "DAYS": "78 days, 9:06:25"
}
DEBUG 2021-07-11 05:26:19,468 - ####################################################################################################
DEBUG 2021-07-11 05:26:19,474 - DOMAIN INFO
INFO 2021-07-11 05:26:19,474 - {
    "DOMAIN": "www.jsh521.com", 
    "EXPIRATION": "2021-09-27 14:32:43", 
    "DAYS": "78 days, 9:06:24"
}
DEBUG 2021-07-11 05:26:20,957 - ####################################################################################################
DEBUG 2021-07-11 05:26:20,964 - DOMAIN INFO
INFO 2021-07-11 05:26:20,964 - {
    "DOMAIN": "www.eu880.com", 
    "EXPIRATION": "2021-09-27 23:29:19", 
    "DAYS": "78 days, 18:02:59"
}
DEBUG 2021-07-11 05:26:21,821 - ####################################################################################################
DEBUG 2021-07-11 05:26:21,826 - DOMAIN INFO
INFO 2021-07-11 05:26:21,826 - {
    "DOMAIN": "www.eu590.com", 
    "EXPIRATION": "2021-09-27 23:04:45", 
    "DAYS": "78 days, 17:38:24"
}
DEBUG 2021-07-11 05:26:22,389 - ####################################################################################################
DEBUG 2021-07-11 05:26:22,394 - DOMAIN INFO
INFO 2021-07-11 05:26:22,394 - {
    "DOMAIN": "eu590.com", 
    "EXPIRATION": "2021-09-27 23:04:45", 
    "DAYS": "78 days, 17:38:23"
}
DEBUG 2021-07-11 06:00:01,704 - ####################################################################################################
DEBUG 2021-07-11 06:00:01,709 - DOMAIN INFO
INFO 2021-07-11 06:00:01,709 - {
    "DOMAIN": "tv36.com", 
    "EXPIRATION": "2021-07-26 13:40:15", 
    "DAYS": "15 days, 7:40:14"
}
DEBUG 2021-07-11 06:26:16,509 - ####################################################################################################
DEBUG 2021-07-11 06:26:16,515 - DOMAIN INFO
INFO 2021-07-11 06:26:16,515 - {
    "DOMAIN": "gci.987byh.com", 
    "EXPIRATION": "2021-07-30 07:59:59", 
    "DAYS": "19 days, 1:33:43"
}
DEBUG 2021-07-11 06:26:22,373 - ####################################################################################################
DEBUG 2021-07-11 06:26:22,379 - DOMAIN INFO
INFO 2021-07-11 06:26:22,379 - {
    "DOMAIN": "eu2222.com", 
    "EXPIRATION": "2021-09-27 03:35:09", 
    "DAYS": "77 days, 21:08:47"
}
DEBUG 2021-07-11 06:26:23,672 - ####################################################################################################
DEBUG 2021-07-11 06:26:23,677 - DOMAIN INFO
INFO 2021-07-11 06:26:23,678 - {
    "DOMAIN": "jblying888.com", 
    "EXPIRATION": "2021-09-25 23:54:34", 
    "DAYS": "76 days, 17:28:11"
}
DEBUG 2021-07-11 06:26:24,028 - ####################################################################################################
DEBUG 2021-07-11 06:26:24,034 - DOMAIN PYTHON ERROR
INFO 2021-07-11 06:26:24,035 - {
    "DOMAIN": "api.hotmeo.cn", 
    "PYTHON ERROR": "[Errno 104] Connection reset by peer", 
    "DOMAIN_CURL": 145
}
DEBUG 2021-07-11 06:26:25,223 - ####################################################################################################
DEBUG 2021-07-11 06:26:25,230 - DOMAIN INFO
INFO 2021-07-11 06:26:25,230 - {
    "DOMAIN": "ying88888.com", 
    "EXPIRATION": "2021-09-27 10:43:24", 
    "DAYS": "78 days, 4:16:59"
}
DEBUG 2021-07-11 06:26:25,867 - ####################################################################################################
DEBUG 2021-07-11 06:26:25,873 - DOMAIN INFO
INFO 2021-07-11 06:26:25,873 - {
    "DOMAIN": "eu2018.net", 
    "EXPIRATION": "2021-09-29 06:49:08", 
    "DAYS": "80 days, 0:22:43"
}
DEBUG 2021-07-11 07:00:02,314 - ####################################################################################################
DEBUG 2021-07-11 07:00:02,318 - DOMAIN INFO
INFO 2021-07-11 07:00:02,319 - {
    "DOMAIN": "tv36.com", 
    "EXPIRATION": "2021-07-26 13:40:15", 
    "DAYS": "15 days, 6:40:13"
}
DEBUG 2021-07-11 07:26:17,331 - ####################################################################################################
DEBUG 2021-07-11 07:26:17,337 - DOMAIN INFO
INFO 2021-07-11 07:26:17,337 - {
    "DOMAIN": "gci.987byh.com", 
    "EXPIRATION": "2021-07-30 07:59:59", 
    "DAYS": "19 days, 0:33:42"
}
DEBUG 2021-07-11 08:00:02,492 - ####################################################################################################
DEBUG 2021-07-11 08:00:02,498 - DOMAIN INFO
INFO 2021-07-11 08:00:02,498 - {
    "DOMAIN": "tv36.com", 
    "EXPIRATION": "2021-07-26 13:40:15", 
    "DAYS": "15 days, 5:40:13"
}
DEBUG 2021-07-11 08:26:15,450 - ####################################################################################################
DEBUG 2021-07-11 08:26:15,457 - DOMAIN INFO
INFO 2021-07-11 08:26:15,457 - {
    "DOMAIN": "gci.987byh.com", 
    "EXPIRATION": "2021-07-30 07:59:59", 
    "DAYS": "18 days, 23:33:44"
}
DEBUG 2021-07-11 09:00:03,181 - ####################################################################################################
DEBUG 2021-07-11 09:00:03,185 - DOMAIN INFO
INFO 2021-07-11 09:00:03,186 - {
    "DOMAIN": "tv36.com", 
    "EXPIRATION": "2021-07-26 13:40:15", 
    "DAYS": "15 days, 4:40:12"
}
DEBUG 2021-07-11 09:26:18,391 - ####################################################################################################
DEBUG 2021-07-11 09:26:18,397 - DOMAIN INFO
INFO 2021-07-11 09:26:18,397 - {
    "DOMAIN": "gci.987byh.com", 
    "EXPIRATION": "2021-07-30 07:59:59", 
    "DAYS": "18 days, 22:33:41"
}
DEBUG 2021-07-11 10:00:01,949 - ####################################################################################################
DEBUG 2021-07-11 10:00:01,957 - DOMAIN INFO
INFO 2021-07-11 10:00:01,957 - {
    "DOMAIN": "tv36.com", 
    "EXPIRATION": "2021-07-26 13:40:15", 
    "DAYS": "15 days, 3:40:14"
}
DEBUG 2021-07-11 10:26:19,380 - ####################################################################################################
DEBUG 2021-07-11 10:26:19,387 - DOMAIN INFO
INFO 2021-07-11 10:26:19,388 - {
    "DOMAIN": "gci.987byh.com", 
    "EXPIRATION": "2021-07-30 07:59:59", 
    "DAYS": "18 days, 21:33:40"
}
DEBUG 2021-07-11 11:00:02,540 - ####################################################################################################
DEBUG 2021-07-11 11:00:02,546 - DOMAIN INFO
INFO 2021-07-11 11:00:02,546 - {
    "DOMAIN": "tv36.com", 
    "EXPIRATION": "2021-07-26 13:40:15", 
    "DAYS": "15 days, 2:40:13"
}
DEBUG 2021-07-11 11:26:18,308 - ####################################################################################################
DEBUG 2021-07-11 11:26:18,314 - DOMAIN INFO
INFO 2021-07-11 11:26:18,315 - {
    "DOMAIN": "gci.987byh.com", 
    "EXPIRATION": "2021-07-30 07:59:59", 
    "DAYS": "18 days, 20:33:41"
}
DEBUG 2021-07-11 12:00:04,974 - ####################################################################################################
DEBUG 2021-07-11 12:00:04,980 - DOMAIN INFO
INFO 2021-07-11 12:00:04,980 - {
    "DOMAIN": "tv36.com", 
    "EXPIRATION": "2021-07-26 13:40:15", 
    "DAYS": "15 days, 1:40:11"
}
DEBUG 2021-07-11 12:26:19,785 - ####################################################################################################
DEBUG 2021-07-11 12:26:19,792 - DOMAIN INFO
INFO 2021-07-11 12:26:19,792 - {
    "DOMAIN": "gci.987byh.com", 
    "EXPIRATION": "2021-07-30 07:59:59", 
    "DAYS": "18 days, 19:33:40"
}
DEBUG 2021-07-11 13:00:03,901 - ####################################################################################################
DEBUG 2021-07-11 13:00:03,907 - DOMAIN INFO
INFO 2021-07-11 13:00:03,907 - {
    "DOMAIN": "tv36.com", 
    "EXPIRATION": "2021-07-26 13:40:15", 
    "DAYS": "15 days, 0:40:12"
}
DEBUG 2021-07-11 13:26:18,622 - ####################################################################################################
DEBUG 2021-07-11 13:26:18,629 - DOMAIN INFO
INFO 2021-07-11 13:26:18,629 - {
    "DOMAIN": "gci.987byh.com", 
    "EXPIRATION": "2021-07-30 07:59:59", 
    "DAYS": "18 days, 18:33:41"
}
DEBUG 2021-07-11 14:00:01,485 - ####################################################################################################
DEBUG 2021-07-11 14:00:01,491 - DOMAIN INFO
INFO 2021-07-11 14:00:01,491 - {
    "DOMAIN": "tv36.com", 
    "EXPIRATION": "2021-07-26 13:40:15", 
    "DAYS": "14 days, 23:40:14"
}
DEBUG 2021-07-11 14:26:18,396 - ####################################################################################################
DEBUG 2021-07-11 14:26:18,402 - DOMAIN INFO
INFO 2021-07-11 14:26:18,402 - {
    "DOMAIN": "gci.987byh.com", 
    "EXPIRATION": "2021-07-30 07:59:59", 
    "DAYS": "18 days, 17:33:41"
}
DEBUG 2021-07-11 15:00:02,469 - ####################################################################################################
DEBUG 2021-07-11 15:00:02,476 - DOMAIN INFO
INFO 2021-07-11 15:00:02,476 - {
    "DOMAIN": "tv36.com", 
    "EXPIRATION": "2021-07-26 13:40:15", 
    "DAYS": "14 days, 22:40:13"
}
DEBUG 2021-07-11 15:26:17,976 - ####################################################################################################
DEBUG 2021-07-11 15:26:17,982 - DOMAIN INFO
INFO 2021-07-11 15:26:17,982 - {
    "DOMAIN": "gci.987byh.com", 
    "EXPIRATION": "2021-07-30 07:59:59", 
    "DAYS": "18 days, 16:33:42"
}
DEBUG 2021-07-11 16:00:03,574 - ####################################################################################################
DEBUG 2021-07-11 16:00:03,580 - DOMAIN INFO
INFO 2021-07-11 16:00:03,580 - {
    "DOMAIN": "tv36.com", 
    "EXPIRATION": "2021-07-26 13:40:15", 
    "DAYS": "14 days, 21:40:12"
}
DEBUG 2021-07-11 16:26:16,608 - ####################################################################################################
DEBUG 2021-07-11 16:26:16,614 - DOMAIN INFO
INFO 2021-07-11 16:26:16,614 - {
    "DOMAIN": "gci.987byh.com", 
    "EXPIRATION": "2021-07-30 07:59:59", 
    "DAYS": "18 days, 15:33:43"
}
DEBUG 2021-07-11 17:00:03,573 - ####################################################################################################
DEBUG 2021-07-11 17:00:03,580 - DOMAIN INFO
INFO 2021-07-11 17:00:03,580 - {
    "DOMAIN": "tv36.com", 
    "EXPIRATION": "2021-07-26 13:40:15", 
    "DAYS": "14 days, 20:40:12"
}
DEBUG 2021-07-11 17:26:13,678 - ####################################################################################################
DEBUG 2021-07-11 17:26:13,684 - DOMAIN INFO
INFO 2021-07-11 17:26:13,685 - {
    "DOMAIN": "gci.987byh.com", 
    "EXPIRATION": "2021-07-30 07:59:59", 
    "DAYS": "18 days, 14:33:46"
}
DEBUG 2021-07-11 18:00:02,532 - ####################################################################################################
DEBUG 2021-07-11 18:00:02,537 - DOMAIN INFO
INFO 2021-07-11 18:00:02,538 - {
    "DOMAIN": "tv36.com", 
    "EXPIRATION": "2021-07-26 13:40:15", 
    "DAYS": "14 days, 19:40:13"
}
DEBUG 2021-07-11 18:26:17,397 - ####################################################################################################
DEBUG 2021-07-11 18:26:17,404 - DOMAIN INFO
INFO 2021-07-11 18:26:17,404 - {
    "DOMAIN": "gci.987byh.com", 
    "EXPIRATION": "2021-07-30 07:59:59", 
    "DAYS": "18 days, 13:33:42"
}
DEBUG 2021-07-11 19:00:03,240 - ####################################################################################################
DEBUG 2021-07-11 19:00:03,246 - DOMAIN INFO
INFO 2021-07-11 19:00:03,246 - {
    "DOMAIN": "tv36.com", 
    "EXPIRATION": "2021-07-26 13:40:15", 
    "DAYS": "14 days, 18:40:12"
}
DEBUG 2021-07-11 19:26:17,721 - ####################################################################################################
DEBUG 2021-07-11 19:26:17,727 - DOMAIN INFO
INFO 2021-07-11 19:26:17,727 - {
    "DOMAIN": "gci.987byh.com", 
    "EXPIRATION": "2021-07-30 07:59:59", 
    "DAYS": "18 days, 12:33:42"
}
DEBUG 2021-07-11 20:00:03,334 - ####################################################################################################
DEBUG 2021-07-11 20:00:03,339 - DOMAIN INFO
INFO 2021-07-11 20:00:03,339 - {
    "DOMAIN": "tv36.com", 
    "EXPIRATION": "2021-07-26 13:40:15", 
    "DAYS": "14 days, 17:40:12"
}
DEBUG 2021-07-11 20:26:18,064 - ####################################################################################################
DEBUG 2021-07-11 20:26:18,071 - DOMAIN INFO
INFO 2021-07-11 20:26:18,071 - {
    "DOMAIN": "gci.987byh.com", 
    "EXPIRATION": "2021-07-30 07:59:59", 
    "DAYS": "18 days, 11:33:41"
}
DEBUG 2021-07-11 21:00:02,640 - ####################################################################################################
DEBUG 2021-07-11 21:00:02,646 - DOMAIN INFO
INFO 2021-07-11 21:00:02,646 - {
    "DOMAIN": "tv36.com", 
    "EXPIRATION": "2021-07-26 13:40:15", 
    "DAYS": "14 days, 16:40:13"
}
DEBUG 2021-07-11 21:26:17,994 - ####################################################################################################
DEBUG 2021-07-11 21:26:18,000 - DOMAIN INFO
INFO 2021-07-11 21:26:18,001 - {
    "DOMAIN": "gci.987byh.com", 
    "EXPIRATION": "2021-07-30 07:59:59", 
    "DAYS": "18 days, 10:33:42"
}
DEBUG 2021-07-11 22:00:03,050 - ####################################################################################################
DEBUG 2021-07-11 22:00:03,056 - DOMAIN INFO
INFO 2021-07-11 22:00:03,056 - {
    "DOMAIN": "tv36.com", 
    "EXPIRATION": "2021-07-26 13:40:15", 
    "DAYS": "14 days, 15:40:12"
}
DEBUG 2021-07-11 22:26:21,303 - ####################################################################################################
DEBUG 2021-07-11 22:26:21,309 - DOMAIN INFO
INFO 2021-07-11 22:26:21,309 - {
    "DOMAIN": "gci.987byh.com", 
    "EXPIRATION": "2021-07-30 07:59:59", 
    "DAYS": "18 days, 9:33:38"
}
DEBUG 2021-07-11 23:00:03,803 - ####################################################################################################
DEBUG 2021-07-11 23:00:03,809 - DOMAIN INFO
INFO 2021-07-11 23:00:03,809 - {
    "DOMAIN": "tv36.com", 
    "EXPIRATION": "2021-07-26 13:40:15", 
    "DAYS": "14 days, 14:40:12"
}
DEBUG 2021-07-11 23:26:19,059 - ####################################################################################################
DEBUG 2021-07-11 23:26:19,065 - DOMAIN INFO
INFO 2021-07-11 23:26:19,066 - {
    "DOMAIN": "gci.987byh.com", 
    "EXPIRATION": "2021-07-30 07:59:59", 
    "DAYS": "18 days, 8:33:40"
}
