DEBUG 2021-06-13 00:06:16,905 - ####################################################################################################
DEBUG 2021-06-13 00:06:16,910 - DOMAIN INFO
INFO 2021-06-13 00:06:16,911 - {
    "DOMAIN": "eu2018.net", 
    "EXPIRATION": "2021-06-22 12:36:31", 
    "DAYS": "9 days, 12:30:15"
}
DEBUG 2021-06-13 00:25:56,866 - ####################################################################################################
DEBUG 2021-06-13 00:25:56,872 - DOMAIN ERROR
INFO 2021-06-13 00:25:56,872 - {
    "DOMAIN": "vpn19.co", 
    "DOMAIN_CURL": 0, 
    "ERROR": "[Errno 111] Connection refused"
}
DEBUG 2021-06-13 00:26:07,696 - ####################################################################################################
DEBUG 2021-06-13 00:26:07,701 - DOMAIN INFO
INFO 2021-06-13 00:26:07,701 - {
    "DOMAIN": "www.asiaroutes.com", 
    "EXPIRATION": "2021-06-23 16:11:35", 
    "DAYS": "10 days, 15:45:28"
}
DEBUG 2021-06-13 00:40:10,236 - ####################################################################################################
DEBUG 2021-06-13 00:40:10,241 - DOMAIN INFO
INFO 2021-06-13 00:40:10,242 - {
    "DOMAIN": "bakh5.xshny.com", 
    "EXPIRATION": "2021-06-24 20:00:00", 
    "DAYS": "11 days, 19:19:50"
}
DEBUG 2021-06-13 01:06:14,919 - ####################################################################################################
DEBUG 2021-06-13 01:06:14,925 - DOMAIN INFO
INFO 2021-06-13 01:06:14,925 - {
    "DOMAIN": "eu2018.net", 
    "EXPIRATION": "2021-06-22 12:36:31", 
    "DAYS": "9 days, 11:30:17"
}
DEBUG 2021-06-13 01:25:56,654 - ####################################################################################################
DEBUG 2021-06-13 01:25:56,660 - DOMAIN ERROR
INFO 2021-06-13 01:25:56,660 - {
    "DOMAIN": "vpn19.co", 
    "DOMAIN_CURL": 0, 
    "ERROR": "[Errno 111] Connection refused"
}
DEBUG 2021-06-13 01:26:10,622 - ####################################################################################################
DEBUG 2021-06-13 01:26:10,628 - DOMAIN INFO
INFO 2021-06-13 01:26:10,628 - {
    "DOMAIN": "www.asiaroutes.com", 
    "EXPIRATION": "2021-06-23 16:11:35", 
    "DAYS": "10 days, 14:45:25"
}
DEBUG 2021-06-13 01:40:09,922 - ####################################################################################################
DEBUG 2021-06-13 01:40:09,928 - DOMAIN INFO
INFO 2021-06-13 01:40:09,928 - {
    "DOMAIN": "bakh5.xshny.com", 
    "EXPIRATION": "2021-06-24 20:00:00", 
    "DAYS": "11 days, 18:19:51"
}
DEBUG 2021-06-13 02:06:14,920 - ####################################################################################################
DEBUG 2021-06-13 02:06:14,926 - DOMAIN INFO
INFO 2021-06-13 02:06:14,926 - {
    "DOMAIN": "eu2018.net", 
    "EXPIRATION": "2021-06-22 12:36:31", 
    "DAYS": "9 days, 10:30:17"
}
DEBUG 2021-06-13 02:25:56,156 - ####################################################################################################
DEBUG 2021-06-13 02:25:56,163 - DOMAIN ERROR
INFO 2021-06-13 02:25:56,163 - {
    "DOMAIN": "vpn19.co", 
    "DOMAIN_CURL": 0, 
    "ERROR": "[Errno 111] Connection refused"
}
DEBUG 2021-06-13 02:26:11,132 - ####################################################################################################
DEBUG 2021-06-13 02:26:11,138 - DOMAIN INFO
INFO 2021-06-13 02:26:11,138 - {
    "DOMAIN": "www.asiaroutes.com", 
    "EXPIRATION": "2021-06-23 16:11:35", 
    "DAYS": "10 days, 13:45:24"
}
DEBUG 2021-06-13 02:40:12,094 - ####################################################################################################
DEBUG 2021-06-13 02:40:12,100 - DOMAIN INFO
INFO 2021-06-13 02:40:12,100 - {
    "DOMAIN": "bakh5.xshny.com", 
    "EXPIRATION": "2021-06-24 20:00:00", 
    "DAYS": "11 days, 17:19:48"
}
DEBUG 2021-06-13 03:06:18,893 - ####################################################################################################
DEBUG 2021-06-13 03:06:18,899 - DOMAIN INFO
INFO 2021-06-13 03:06:18,899 - {
    "DOMAIN": "eu2018.net", 
    "EXPIRATION": "2021-06-22 12:36:31", 
    "DAYS": "9 days, 9:30:13"
}
DEBUG 2021-06-13 03:25:59,042 - ####################################################################################################
DEBUG 2021-06-13 03:25:59,047 - DOMAIN ERROR
INFO 2021-06-13 03:25:59,048 - {
    "DOMAIN": "vpn19.co", 
    "DOMAIN_CURL": 0, 
    "ERROR": "[Errno 111] Connection refused"
}
DEBUG 2021-06-13 03:26:13,854 - ####################################################################################################
DEBUG 2021-06-13 03:26:13,860 - DOMAIN INFO
INFO 2021-06-13 03:26:13,860 - {
    "DOMAIN": "www.asiaroutes.com", 
    "EXPIRATION": "2021-06-23 16:11:35", 
    "DAYS": "10 days, 12:45:22"
}
DEBUG 2021-06-13 03:40:16,150 - ####################################################################################################
DEBUG 2021-06-13 03:40:16,155 - DOMAIN INFO
INFO 2021-06-13 03:40:16,156 - {
    "DOMAIN": "bakh5.xshny.com", 
    "EXPIRATION": "2021-06-24 20:00:00", 
    "DAYS": "11 days, 16:19:44"
}
DEBUG 2021-06-13 04:06:22,339 - ####################################################################################################
DEBUG 2021-06-13 04:06:22,345 - DOMAIN INFO
INFO 2021-06-13 04:06:22,345 - {
    "DOMAIN": "eu2018.net", 
    "EXPIRATION": "2021-06-22 12:36:31", 
    "DAYS": "9 days, 8:30:09"
}
DEBUG 2021-06-13 04:25:59,910 - ####################################################################################################
DEBUG 2021-06-13 04:25:59,916 - DOMAIN ERROR
INFO 2021-06-13 04:25:59,916 - {
    "DOMAIN": "vpn19.co", 
    "DOMAIN_CURL": 0, 
    "ERROR": "[Errno 111] Connection refused"
}
DEBUG 2021-06-13 04:26:12,942 - ####################################################################################################
DEBUG 2021-06-13 04:26:12,947 - DOMAIN INFO
INFO 2021-06-13 04:26:12,947 - {
    "DOMAIN": "www.asiaroutes.com", 
    "EXPIRATION": "2021-06-23 16:11:35", 
    "DAYS": "10 days, 11:45:23"
}
DEBUG 2021-06-13 04:40:15,619 - ####################################################################################################
DEBUG 2021-06-13 04:40:15,624 - DOMAIN INFO
INFO 2021-06-13 04:40:15,624 - {
    "DOMAIN": "bakh5.xshny.com", 
    "EXPIRATION": "2021-06-24 20:00:00", 
    "DAYS": "11 days, 15:19:45"
}
DEBUG 2021-06-13 05:06:16,108 - ####################################################################################################
DEBUG 2021-06-13 05:06:16,114 - DOMAIN INFO
INFO 2021-06-13 05:06:16,114 - {
    "DOMAIN": "eu2018.net", 
    "EXPIRATION": "2021-06-22 12:36:31", 
    "DAYS": "9 days, 7:30:15"
}
DEBUG 2021-06-13 05:26:01,332 - ####################################################################################################
DEBUG 2021-06-13 05:26:01,337 - DOMAIN ERROR
INFO 2021-06-13 05:26:01,337 - {
    "DOMAIN": "vpn19.co", 
    "DOMAIN_CURL": 0, 
    "ERROR": "[Errno 111] Connection refused"
}
DEBUG 2021-06-13 05:30:25,646 - ####################################################################################################
DEBUG 2021-06-13 05:30:25,652 - DOMAIN INFO
INFO 2021-06-13 05:30:25,652 - {
    "DOMAIN": "kbl888.net", 
    "EXPIRATION": "2021-08-30 18:08:27", 
    "DAYS": "78 days, 12:38:02"
}
DEBUG 2021-06-13 05:30:26,366 - ####################################################################################################
DEBUG 2021-06-13 05:30:26,372 - DOMAIN INFO
INFO 2021-06-13 05:30:26,372 - {
    "DOMAIN": "jsh121.com", 
    "EXPIRATION": "2021-08-30 21:37:31", 
    "DAYS": "78 days, 16:07:05"
}
DEBUG 2021-06-13 05:30:27,436 - ####################################################################################################
DEBUG 2021-06-13 05:30:27,442 - DOMAIN INFO
INFO 2021-06-13 05:30:27,442 - {
    "DOMAIN": "jsh136.com", 
    "EXPIRATION": "2021-08-30 21:37:39", 
    "DAYS": "78 days, 16:07:12"
}
DEBUG 2021-06-13 05:30:27,673 - ####################################################################################################
DEBUG 2021-06-13 05:30:27,678 - DOMAIN INFO
INFO 2021-06-13 05:30:27,678 - {
    "DOMAIN": "jsh137.com", 
    "EXPIRATION": "2021-08-30 21:37:46", 
    "DAYS": "78 days, 16:07:19"
}
DEBUG 2021-06-13 05:30:28,507 - ####################################################################################################
DEBUG 2021-06-13 05:30:28,512 - DOMAIN INFO
INFO 2021-06-13 05:30:28,512 - {
    "DOMAIN": "xbet50.com", 
    "EXPIRATION": "2021-08-30 15:18:17", 
    "DAYS": "78 days, 9:47:49"
}
DEBUG 2021-06-13 05:30:31,950 - ####################################################################################################
DEBUG 2021-06-13 05:30:31,956 - DOMAIN INFO
INFO 2021-06-13 05:30:31,956 - {
    "DOMAIN": "10130.vip", 
    "EXPIRATION": "2021-08-30 22:05:14", 
    "DAYS": "78 days, 16:34:43"
}
DEBUG 2021-06-13 05:40:10,447 - ####################################################################################################
DEBUG 2021-06-13 05:40:10,453 - DOMAIN INFO
INFO 2021-06-13 05:40:10,453 - {
    "DOMAIN": "bakh5.xshny.com", 
    "EXPIRATION": "2021-06-24 20:00:00", 
    "DAYS": "11 days, 14:19:50"
}
DEBUG 2021-06-13 06:06:15,998 - ####################################################################################################
DEBUG 2021-06-13 06:06:16,004 - DOMAIN INFO
INFO 2021-06-13 06:06:16,004 - {
    "DOMAIN": "eu2018.net", 
    "EXPIRATION": "2021-06-22 12:36:31", 
    "DAYS": "9 days, 6:30:16"
}
DEBUG 2021-06-13 06:25:50,317 - ####################################################################################################
DEBUG 2021-06-13 06:25:50,325 - DOMAIN ERROR
INFO 2021-06-13 06:25:50,325 - {
    "DOMAIN": "vpn19.co", 
    "DOMAIN_CURL": 0, 
    "ERROR": "[Errno 111] Connection refused"
}
DEBUG 2021-06-13 06:31:08,624 - ####################################################################################################
DEBUG 2021-06-13 06:31:08,630 - DOMAIN INFO
INFO 2021-06-13 06:31:08,631 - {
    "DOMAIN": "kingbaly.social", 
    "EXPIRATION": "2021-08-30 10:27:25", 
    "DAYS": "78 days, 3:56:17"
}
DEBUG 2021-06-13 06:31:08,833 - ####################################################################################################
DEBUG 2021-06-13 06:31:08,840 - DOMAIN INFO
INFO 2021-06-13 06:31:08,840 - {
    "DOMAIN": "16810000.com", 
    "EXPIRATION": "2021-08-30 22:16:13", 
    "DAYS": "78 days, 15:45:05"
}
DEBUG 2021-06-13 06:31:09,871 - ####################################################################################################
DEBUG 2021-06-13 06:31:09,876 - DOMAIN INFO
INFO 2021-06-13 06:31:09,876 - {
    "DOMAIN": "188eu.net", 
    "EXPIRATION": "2021-08-30 10:57:48", 
    "DAYS": "78 days, 4:26:39"
}
DEBUG 2021-06-13 06:31:10,666 - ####################################################################################################
DEBUG 2021-06-13 06:31:10,672 - DOMAIN INFO
INFO 2021-06-13 06:31:10,672 - {
    "DOMAIN": "xtzr.com", 
    "EXPIRATION": "2021-08-30 08:07:06", 
    "DAYS": "78 days, 1:35:56"
}
DEBUG 2021-06-13 06:31:11,987 - ####################################################################################################
DEBUG 2021-06-13 06:31:11,993 - DOMAIN INFO
INFO 2021-06-13 06:31:11,993 - {
    "DOMAIN": "10755.vip", 
    "EXPIRATION": "2021-08-30 22:06:42", 
    "DAYS": "78 days, 15:35:31"
}
DEBUG 2021-06-13 06:31:12,150 - ####################################################################################################
DEBUG 2021-06-13 06:31:12,157 - DOMAIN INFO
INFO 2021-06-13 06:31:12,157 - {
    "DOMAIN": "www.59788000.com", 
    "EXPIRATION": "2021-08-31 01:06:57", 
    "DAYS": "78 days, 18:35:45"
}
DEBUG 2021-06-13 06:40:14,704 - ####################################################################################################
DEBUG 2021-06-13 06:40:14,712 - DOMAIN INFO
INFO 2021-06-13 06:40:14,712 - {
    "DOMAIN": "bakh5.xshny.com", 
    "EXPIRATION": "2021-06-24 20:00:00", 
    "DAYS": "11 days, 13:19:46"
}
DEBUG 2021-06-13 07:06:13,473 - ####################################################################################################
DEBUG 2021-06-13 07:06:13,479 - DOMAIN INFO
INFO 2021-06-13 07:06:13,479 - {
    "DOMAIN": "eu2018.net", 
    "EXPIRATION": "2021-06-22 12:36:31", 
    "DAYS": "9 days, 5:30:18"
}
DEBUG 2021-06-13 07:25:58,044 - ####################################################################################################
DEBUG 2021-06-13 07:25:58,051 - DOMAIN ERROR
INFO 2021-06-13 07:25:58,051 - {
    "DOMAIN": "vpn19.co", 
    "DOMAIN_CURL": 0, 
    "ERROR": "[Errno 111] Connection refused"
}
DEBUG 2021-06-13 07:26:09,899 - ####################################################################################################
DEBUG 2021-06-13 07:26:09,905 - DOMAIN INFO
INFO 2021-06-13 07:26:09,905 - {
    "DOMAIN": "www.asiaroutes.com", 
    "EXPIRATION": "2021-06-23 16:11:35", 
    "DAYS": "10 days, 8:45:26"
}
DEBUG 2021-06-13 07:40:11,558 - ####################################################################################################
DEBUG 2021-06-13 07:40:11,563 - DOMAIN INFO
INFO 2021-06-13 07:40:11,563 - {
    "DOMAIN": "bakh5.xshny.com", 
    "EXPIRATION": "2021-06-24 20:00:00", 
    "DAYS": "11 days, 12:19:49"
}
DEBUG 2021-06-13 08:06:15,403 - ####################################################################################################
DEBUG 2021-06-13 08:06:15,409 - DOMAIN INFO
INFO 2021-06-13 08:06:15,409 - {
    "DOMAIN": "eu2018.net", 
    "EXPIRATION": "2021-06-22 12:36:31", 
    "DAYS": "9 days, 4:30:16"
}
DEBUG 2021-06-13 08:26:09,860 - ####################################################################################################
DEBUG 2021-06-13 08:26:09,865 - DOMAIN INFO
INFO 2021-06-13 08:26:09,865 - {
    "DOMAIN": "www.asiaroutes.com", 
    "EXPIRATION": "2021-06-23 16:11:35", 
    "DAYS": "10 days, 7:45:26"
}
DEBUG 2021-06-13 08:40:12,443 - ####################################################################################################
DEBUG 2021-06-13 08:40:12,448 - DOMAIN INFO
INFO 2021-06-13 08:40:12,449 - {
    "DOMAIN": "bakh5.xshny.com", 
    "EXPIRATION": "2021-06-24 20:00:00", 
    "DAYS": "11 days, 11:19:48"
}
DEBUG 2021-06-13 09:06:19,738 - ####################################################################################################
DEBUG 2021-06-13 09:06:19,744 - DOMAIN ERROR
INFO 2021-06-13 09:06:19,744 - {
    "DOMAIN": "eu2018.net", 
    "DOMAIN_CURL": 8, 
    "ERROR": "[Errno 101] Network is unreachable"
}
DEBUG 2021-06-13 09:26:10,568 - ####################################################################################################
DEBUG 2021-06-13 09:26:10,573 - DOMAIN INFO
INFO 2021-06-13 09:26:10,573 - {
    "DOMAIN": "www.asiaroutes.com", 
    "EXPIRATION": "2021-06-23 16:11:35", 
    "DAYS": "10 days, 6:45:25"
}
DEBUG 2021-06-13 09:40:09,267 - ####################################################################################################
DEBUG 2021-06-13 09:40:09,274 - DOMAIN INFO
INFO 2021-06-13 09:40:09,274 - {
    "DOMAIN": "bakh5.xshny.com", 
    "EXPIRATION": "2021-06-24 20:00:00", 
    "DAYS": "11 days, 10:19:51"
}
DEBUG 2021-06-13 10:06:16,112 - ####################################################################################################
DEBUG 2021-06-13 10:06:16,118 - DOMAIN INFO
INFO 2021-06-13 10:06:16,118 - {
    "DOMAIN": "eu2018.net", 
    "EXPIRATION": "2021-06-22 12:36:31", 
    "DAYS": "9 days, 2:30:15"
}
DEBUG 2021-06-13 10:26:11,126 - ####################################################################################################
DEBUG 2021-06-13 10:26:11,132 - DOMAIN INFO
INFO 2021-06-13 10:26:11,133 - {
    "DOMAIN": "www.asiaroutes.com", 
    "EXPIRATION": "2021-06-23 16:11:35", 
    "DAYS": "10 days, 5:45:24"
}
DEBUG 2021-06-13 10:40:09,125 - ####################################################################################################
DEBUG 2021-06-13 10:40:09,131 - DOMAIN INFO
INFO 2021-06-13 10:40:09,131 - {
    "DOMAIN": "bakh5.xshny.com", 
    "EXPIRATION": "2021-06-24 20:00:00", 
    "DAYS": "11 days, 9:19:51"
}
DEBUG 2021-06-13 11:06:14,080 - ####################################################################################################
DEBUG 2021-06-13 11:06:14,085 - DOMAIN INFO
INFO 2021-06-13 11:06:14,086 - {
    "DOMAIN": "eu2018.net", 
    "EXPIRATION": "2021-06-22 12:36:31", 
    "DAYS": "9 days, 1:30:17"
}
DEBUG 2021-06-13 11:26:11,504 - ####################################################################################################
DEBUG 2021-06-13 11:26:11,510 - DOMAIN INFO
INFO 2021-06-13 11:26:11,510 - {
    "DOMAIN": "www.asiaroutes.com", 
    "EXPIRATION": "2021-06-23 16:11:35", 
    "DAYS": "10 days, 4:45:24"
}
DEBUG 2021-06-13 11:40:11,144 - ####################################################################################################
DEBUG 2021-06-13 11:40:11,150 - DOMAIN INFO
INFO 2021-06-13 11:40:11,151 - {
    "DOMAIN": "bakh5.xshny.com", 
    "EXPIRATION": "2021-06-24 20:00:00", 
    "DAYS": "11 days, 8:19:49"
}
DEBUG 2021-06-13 12:06:17,061 - ####################################################################################################
DEBUG 2021-06-13 12:06:17,067 - DOMAIN INFO
INFO 2021-06-13 12:06:17,067 - {
    "DOMAIN": "eu2018.net", 
    "EXPIRATION": "2021-06-22 12:36:31", 
    "DAYS": "9 days, 0:30:14"
}
DEBUG 2021-06-13 12:26:11,924 - ####################################################################################################
DEBUG 2021-06-13 12:26:11,929 - DOMAIN INFO
INFO 2021-06-13 12:26:11,929 - {
    "DOMAIN": "www.asiaroutes.com", 
    "EXPIRATION": "2021-06-23 16:11:35", 
    "DAYS": "10 days, 3:45:24"
}
DEBUG 2021-06-13 12:40:13,388 - ####################################################################################################
DEBUG 2021-06-13 12:40:13,394 - DOMAIN INFO
INFO 2021-06-13 12:40:13,394 - {
    "DOMAIN": "bakh5.xshny.com", 
    "EXPIRATION": "2021-06-24 20:00:00", 
    "DAYS": "11 days, 7:19:47"
}
DEBUG 2021-06-13 13:06:15,044 - ####################################################################################################
DEBUG 2021-06-13 13:06:15,049 - DOMAIN INFO
INFO 2021-06-13 13:06:15,049 - {
    "DOMAIN": "eu2018.net", 
    "EXPIRATION": "2021-06-22 12:36:31", 
    "DAYS": "8 days, 23:30:16"
}
DEBUG 2021-06-13 13:26:09,788 - ####################################################################################################
DEBUG 2021-06-13 13:26:09,793 - DOMAIN INFO
INFO 2021-06-13 13:26:09,793 - {
    "DOMAIN": "www.asiaroutes.com", 
    "EXPIRATION": "2021-06-23 16:11:35", 
    "DAYS": "10 days, 2:45:26"
}
DEBUG 2021-06-13 13:40:11,825 - ####################################################################################################
DEBUG 2021-06-13 13:40:11,831 - DOMAIN INFO
INFO 2021-06-13 13:40:11,831 - {
    "DOMAIN": "bakh5.xshny.com", 
    "EXPIRATION": "2021-06-24 20:00:00", 
    "DAYS": "11 days, 6:19:49"
}
DEBUG 2021-06-13 14:06:15,111 - ####################################################################################################
DEBUG 2021-06-13 14:06:15,118 - DOMAIN INFO
INFO 2021-06-13 14:06:15,118 - {
    "DOMAIN": "eu2018.net", 
    "EXPIRATION": "2021-06-22 12:36:31", 
    "DAYS": "8 days, 22:30:16"
}
DEBUG 2021-06-13 14:26:12,566 - ####################################################################################################
DEBUG 2021-06-13 14:26:12,572 - DOMAIN INFO
INFO 2021-06-13 14:26:12,572 - {
    "DOMAIN": "www.asiaroutes.com", 
    "EXPIRATION": "2021-06-23 16:11:35", 
    "DAYS": "10 days, 1:45:23"
}
DEBUG 2021-06-13 14:40:12,082 - ####################################################################################################
DEBUG 2021-06-13 14:40:12,088 - DOMAIN INFO
INFO 2021-06-13 14:40:12,088 - {
    "DOMAIN": "bakh5.xshny.com", 
    "EXPIRATION": "2021-06-24 20:00:00", 
    "DAYS": "11 days, 5:19:48"
}
DEBUG 2021-06-13 15:06:16,752 - ####################################################################################################
DEBUG 2021-06-13 15:06:16,758 - DOMAIN INFO
INFO 2021-06-13 15:06:16,758 - {
    "DOMAIN": "eu2018.net", 
    "EXPIRATION": "2021-06-22 12:36:31", 
    "DAYS": "8 days, 21:30:15"
}
DEBUG 2021-06-13 15:26:12,126 - ####################################################################################################
DEBUG 2021-06-13 15:26:12,132 - DOMAIN INFO
INFO 2021-06-13 15:26:12,132 - {
    "DOMAIN": "www.asiaroutes.com", 
    "EXPIRATION": "2021-06-23 16:11:35", 
    "DAYS": "10 days, 0:45:23"
}
DEBUG 2021-06-13 15:40:11,433 - ####################################################################################################
DEBUG 2021-06-13 15:40:11,439 - DOMAIN INFO
INFO 2021-06-13 15:40:11,439 - {
    "DOMAIN": "bakh5.xshny.com", 
    "EXPIRATION": "2021-06-24 20:00:00", 
    "DAYS": "11 days, 4:19:49"
}
DEBUG 2021-06-13 16:06:14,634 - ####################################################################################################
DEBUG 2021-06-13 16:06:14,641 - DOMAIN INFO
INFO 2021-06-13 16:06:14,642 - {
    "DOMAIN": "eu2018.net", 
    "EXPIRATION": "2021-06-22 12:36:31", 
    "DAYS": "8 days, 20:30:17"
}
DEBUG 2021-06-13 16:26:10,968 - ####################################################################################################
DEBUG 2021-06-13 16:26:10,973 - DOMAIN INFO
INFO 2021-06-13 16:26:10,973 - {
    "DOMAIN": "www.asiaroutes.com", 
    "EXPIRATION": "2021-06-23 16:11:35", 
    "DAYS": "9 days, 23:45:25"
}
DEBUG 2021-06-13 16:40:12,665 - ####################################################################################################
DEBUG 2021-06-13 16:40:12,671 - DOMAIN INFO
INFO 2021-06-13 16:40:12,672 - {
    "DOMAIN": "bakh5.xshny.com", 
    "EXPIRATION": "2021-06-24 20:00:00", 
    "DAYS": "11 days, 3:19:48"
}
DEBUG 2021-06-13 17:06:18,598 - ####################################################################################################
DEBUG 2021-06-13 17:06:18,603 - DOMAIN ERROR
INFO 2021-06-13 17:06:18,603 - {
    "DOMAIN": "eu2018.net", 
    "DOMAIN_CURL": 8, 
    "ERROR": "[Errno 101] Network is unreachable"
}
DEBUG 2021-06-13 17:26:12,378 - ####################################################################################################
DEBUG 2021-06-13 17:26:12,385 - DOMAIN INFO
INFO 2021-06-13 17:26:12,385 - {
    "DOMAIN": "www.asiaroutes.com", 
    "EXPIRATION": "2021-06-23 16:11:35", 
    "DAYS": "9 days, 22:45:23"
}
DEBUG 2021-06-13 17:40:13,348 - ####################################################################################################
DEBUG 2021-06-13 17:40:13,354 - DOMAIN INFO
INFO 2021-06-13 17:40:13,354 - {
    "DOMAIN": "bakh5.xshny.com", 
    "EXPIRATION": "2021-06-24 20:00:00", 
    "DAYS": "11 days, 2:19:47"
}
DEBUG 2021-06-13 18:06:17,655 - ####################################################################################################
DEBUG 2021-06-13 18:06:17,662 - DOMAIN INFO
INFO 2021-06-13 18:06:17,662 - {
    "DOMAIN": "eu2018.net", 
    "EXPIRATION": "2021-06-22 12:36:31", 
    "DAYS": "8 days, 18:30:14"
}
DEBUG 2021-06-13 18:26:13,114 - ####################################################################################################
DEBUG 2021-06-13 18:26:13,120 - DOMAIN INFO
INFO 2021-06-13 18:26:13,120 - {
    "DOMAIN": "www.asiaroutes.com", 
    "EXPIRATION": "2021-06-23 16:11:35", 
    "DAYS": "9 days, 21:45:22"
}
DEBUG 2021-06-13 18:40:11,536 - ####################################################################################################
DEBUG 2021-06-13 18:40:11,542 - DOMAIN INFO
INFO 2021-06-13 18:40:11,542 - {
    "DOMAIN": "bakh5.xshny.com", 
    "EXPIRATION": "2021-06-24 20:00:00", 
    "DAYS": "11 days, 1:19:49"
}
DEBUG 2021-06-13 19:06:18,072 - ####################################################################################################
DEBUG 2021-06-13 19:06:18,078 - DOMAIN INFO
INFO 2021-06-13 19:06:18,078 - {
    "DOMAIN": "eu2018.net", 
    "EXPIRATION": "2021-06-22 12:36:31", 
    "DAYS": "8 days, 17:30:13"
}
DEBUG 2021-06-13 19:26:10,901 - ####################################################################################################
DEBUG 2021-06-13 19:26:10,908 - DOMAIN INFO
INFO 2021-06-13 19:26:10,908 - {
    "DOMAIN": "www.asiaroutes.com", 
    "EXPIRATION": "2021-06-23 16:11:35", 
    "DAYS": "9 days, 20:45:25"
}
DEBUG 2021-06-13 19:40:12,034 - ####################################################################################################
DEBUG 2021-06-13 19:40:12,040 - DOMAIN INFO
INFO 2021-06-13 19:40:12,040 - {
    "DOMAIN": "bakh5.xshny.com", 
    "EXPIRATION": "2021-06-24 20:00:00", 
    "DAYS": "11 days, 0:19:48"
}
DEBUG 2021-06-13 20:06:15,149 - ####################################################################################################
DEBUG 2021-06-13 20:06:15,154 - DOMAIN INFO
INFO 2021-06-13 20:06:15,154 - {
    "DOMAIN": "eu2018.net", 
    "EXPIRATION": "2021-06-22 12:36:31", 
    "DAYS": "8 days, 16:30:16"
}
DEBUG 2021-06-13 20:26:08,646 - ####################################################################################################
DEBUG 2021-06-13 20:26:08,653 - DOMAIN INFO
INFO 2021-06-13 20:26:08,653 - {
    "DOMAIN": "www.asiaroutes.com", 
    "EXPIRATION": "2021-06-23 16:11:35", 
    "DAYS": "9 days, 19:45:27"
}
DEBUG 2021-06-13 20:40:12,251 - ####################################################################################################
DEBUG 2021-06-13 20:40:12,256 - DOMAIN INFO
INFO 2021-06-13 20:40:12,256 - {
    "DOMAIN": "bakh5.xshny.com", 
    "EXPIRATION": "2021-06-24 20:00:00", 
    "DAYS": "10 days, 23:19:48"
}
DEBUG 2021-06-13 21:06:14,009 - ####################################################################################################
DEBUG 2021-06-13 21:06:14,015 - DOMAIN INFO
INFO 2021-06-13 21:06:14,015 - {
    "DOMAIN": "eu2018.net", 
    "EXPIRATION": "2021-06-22 12:36:31", 
    "DAYS": "8 days, 15:30:17"
}
DEBUG 2021-06-13 21:26:13,046 - ####################################################################################################
DEBUG 2021-06-13 21:26:13,052 - DOMAIN INFO
INFO 2021-06-13 21:26:13,052 - {
    "DOMAIN": "www.asiaroutes.com", 
    "EXPIRATION": "2021-06-23 16:11:35", 
    "DAYS": "9 days, 18:45:22"
}
DEBUG 2021-06-13 21:40:11,481 - ####################################################################################################
DEBUG 2021-06-13 21:40:11,487 - DOMAIN INFO
INFO 2021-06-13 21:40:11,487 - {
    "DOMAIN": "bakh5.xshny.com", 
    "EXPIRATION": "2021-06-24 20:00:00", 
    "DAYS": "10 days, 22:19:49"
}
DEBUG 2021-06-13 22:06:16,378 - ####################################################################################################
DEBUG 2021-06-13 22:06:16,384 - DOMAIN INFO
INFO 2021-06-13 22:06:16,384 - {
    "DOMAIN": "eu2018.net", 
    "EXPIRATION": "2021-06-22 12:36:31", 
    "DAYS": "8 days, 14:30:15"
}
DEBUG 2021-06-13 22:26:09,005 - ####################################################################################################
DEBUG 2021-06-13 22:26:09,012 - DOMAIN INFO
INFO 2021-06-13 22:26:09,012 - {
    "DOMAIN": "www.asiaroutes.com", 
    "EXPIRATION": "2021-06-23 16:11:35", 
    "DAYS": "9 days, 17:45:27"
}
DEBUG 2021-06-13 22:40:10,440 - ####################################################################################################
DEBUG 2021-06-13 22:40:10,445 - DOMAIN INFO
INFO 2021-06-13 22:40:10,445 - {
    "DOMAIN": "bakh5.xshny.com", 
    "EXPIRATION": "2021-06-24 20:00:00", 
    "DAYS": "10 days, 21:19:50"
}
DEBUG 2021-06-13 23:06:16,437 - ####################################################################################################
DEBUG 2021-06-13 23:06:16,443 - DOMAIN INFO
INFO 2021-06-13 23:06:16,443 - {
    "DOMAIN": "eu2018.net", 
    "EXPIRATION": "2021-06-22 12:36:31", 
    "DAYS": "8 days, 13:30:15"
}
DEBUG 2021-06-13 23:26:07,836 - ####################################################################################################
DEBUG 2021-06-13 23:26:07,841 - DOMAIN INFO
INFO 2021-06-13 23:26:07,842 - {
    "DOMAIN": "www.asiaroutes.com", 
    "EXPIRATION": "2021-06-23 16:11:35", 
    "DAYS": "9 days, 16:45:28"
}
DEBUG 2021-06-13 23:40:12,815 - ####################################################################################################
DEBUG 2021-06-13 23:40:12,820 - DOMAIN INFO
INFO 2021-06-13 23:40:12,820 - {
    "DOMAIN": "bakh5.xshny.com", 
    "EXPIRATION": "2021-06-24 20:00:00", 
    "DAYS": "10 days, 20:19:48"
}
