DEBUG 2021-09-30 05:35:02,168 - ####################################################################################################
DEBUG 2021-09-30 05:35:02,174 - DOMAIN PYTHON ERROR
INFO 2021-09-30 05:35:02,174 - {
    "DOMAIN": "www.tochat700.com", 
    "PYTHON ERROR": "[Errno 110] Connection timed out", 
    "DOMAIN_CURL": 0
}
DEBUG 2021-09-30 06:34:35,307 - ####################################################################################################
DEBUG 2021-09-30 06:34:35,313 - DOMAIN INFO
INFO 2021-09-30 06:34:35,313 - {
    "DOMAIN": "youniyouwo.xyz", 
    "EXPIRATION": "2022-02-26 07:59:59", 
    "DAYS": "149 days, 1:25:24"
}
DEBUG 2021-09-30 06:35:00,775 - ####################################################################################################
DEBUG 2021-09-30 06:35:00,781 - DOMAIN PYTHON ERROR
INFO 2021-09-30 06:35:00,781 - {
    "DOMAIN": "www.tochat700.com", 
    "PYTHON ERROR": "[Errno 110] Connection timed out", 
    "DOMAIN_CURL": 0
}
DEBUG 2021-09-30 07:35:18,659 - ####################################################################################################
DEBUG 2021-09-30 07:35:18,664 - DOMAIN PYTHON ERROR
INFO 2021-09-30 07:35:18,664 - {
    "DOMAIN": "www.tochat700.com", 
    "PYTHON ERROR": "[Errno 110] Connection timed out", 
    "DOMAIN_CURL": 0
}
DEBUG 2021-09-30 08:34:57,407 - ####################################################################################################
DEBUG 2021-09-30 08:34:57,413 - DOMAIN PYTHON ERROR
INFO 2021-09-30 08:34:57,413 - {
    "DOMAIN": "www.tochat700.com", 
    "PYTHON ERROR": "[Errno 110] Connection timed out", 
    "DOMAIN_CURL": 0
}
DEBUG 2021-09-30 09:34:48,906 - ####################################################################################################
DEBUG 2021-09-30 09:34:48,912 - DOMAIN PYTHON ERROR
INFO 2021-09-30 09:34:48,912 - {
    "DOMAIN": "www.tochat700.com", 
    "PYTHON ERROR": "[Errno 110] Connection timed out", 
    "DOMAIN_CURL": 0
}
