DEBUG 2021-07-04 00:02:44,298 - ####################################################################################################
DEBUG 2021-07-04 00:02:44,304 - DOMAIN INFO
INFO 2021-07-04 00:02:44,304 - {
    "DOMAIN": "wpc89.com", 
    "EXPIRATION": "2021-07-14 08:28:41", 
    "DAYS": "10 days, 8:25:57"
}
DEBUG 2021-07-04 00:02:45,299 - ####################################################################################################
DEBUG 2021-07-04 00:02:45,305 - DOMAIN INFO
INFO 2021-07-04 00:02:45,305 - {
    "DOMAIN": "www.wpc89.com", 
    "EXPIRATION": "2021-07-14 08:28:41", 
    "DAYS": "10 days, 8:25:56"
}
DEBUG 2021-07-04 00:24:27,901 - ####################################################################################################
DEBUG 2021-07-04 00:24:27,907 - DOMAIN INFO
INFO 2021-07-04 00:24:27,907 - {
    "DOMAIN": "www.wukongchat.com", 
    "EXPIRATION": "2021-07-18 17:04:26", 
    "DAYS": "14 days, 16:39:59"
}
DEBUG 2021-07-04 00:32:17,296 - ####################################################################################################
DEBUG 2021-07-04 00:32:17,303 - DOMAIN INFO
INFO 2021-07-04 00:32:17,303 - {
    "DOMAIN": "tochat333.com", 
    "EXPIRATION": "2021-07-19 16:18:13", 
    "DAYS": "15 days, 15:45:56"
}
DEBUG 2021-07-04 00:32:19,398 - ####################################################################################################
DEBUG 2021-07-04 00:32:19,405 - DOMAIN INFO
INFO 2021-07-04 00:32:19,406 - {
    "DOMAIN": "jbl.live", 
    "EXPIRATION": "2021-07-19 20:00:00", 
    "DAYS": "15 days, 19:27:41"
}
DEBUG 2021-07-04 00:32:19,869 - ####################################################################################################
DEBUG 2021-07-04 00:32:19,876 - DOMAIN INFO
INFO 2021-07-04 00:32:19,876 - {
    "DOMAIN": "www.jbl.live", 
    "EXPIRATION": "2021-07-19 20:00:00", 
    "DAYS": "15 days, 19:27:41"
}
DEBUG 2021-07-04 01:02:44,475 - ####################################################################################################
DEBUG 2021-07-04 01:02:44,482 - DOMAIN INFO
INFO 2021-07-04 01:02:44,482 - {
    "DOMAIN": "wpc89.com", 
    "EXPIRATION": "2021-07-14 08:28:41", 
    "DAYS": "10 days, 7:25:57"
}
DEBUG 2021-07-04 01:02:44,805 - ####################################################################################################
DEBUG 2021-07-04 01:02:44,811 - DOMAIN INFO
INFO 2021-07-04 01:02:44,811 - {
    "DOMAIN": "www.wpc89.com", 
    "EXPIRATION": "2021-07-14 08:28:41", 
    "DAYS": "10 days, 7:25:57"
}
DEBUG 2021-07-04 01:24:26,177 - ####################################################################################################
DEBUG 2021-07-04 01:24:26,183 - DOMAIN INFO
INFO 2021-07-04 01:24:26,184 - {
    "DOMAIN": "www.wukongchat.com", 
    "EXPIRATION": "2021-07-18 17:04:26", 
    "DAYS": "14 days, 15:40:00"
}
DEBUG 2021-07-04 01:32:15,735 - ####################################################################################################
DEBUG 2021-07-04 01:32:15,741 - DOMAIN INFO
INFO 2021-07-04 01:32:15,741 - {
    "DOMAIN": "tochat333.com", 
    "EXPIRATION": "2021-07-19 16:18:13", 
    "DAYS": "15 days, 14:45:58"
}
DEBUG 2021-07-04 01:32:17,868 - ####################################################################################################
DEBUG 2021-07-04 01:32:17,874 - DOMAIN INFO
INFO 2021-07-04 01:32:17,874 - {
    "DOMAIN": "jbl.live", 
    "EXPIRATION": "2021-07-19 20:00:00", 
    "DAYS": "15 days, 18:27:43"
}
DEBUG 2021-07-04 01:32:18,327 - ####################################################################################################
DEBUG 2021-07-04 01:32:18,333 - DOMAIN INFO
INFO 2021-07-04 01:32:18,334 - {
    "DOMAIN": "www.jbl.live", 
    "EXPIRATION": "2021-07-19 20:00:00", 
    "DAYS": "15 days, 18:27:42"
}
DEBUG 2021-07-04 02:02:43,531 - ####################################################################################################
DEBUG 2021-07-04 02:02:43,537 - DOMAIN INFO
INFO 2021-07-04 02:02:43,537 - {
    "DOMAIN": "wpc89.com", 
    "EXPIRATION": "2021-07-14 08:28:41", 
    "DAYS": "10 days, 6:25:58"
}
DEBUG 2021-07-04 02:02:45,901 - ####################################################################################################
DEBUG 2021-07-04 02:02:45,907 - DOMAIN INFO
INFO 2021-07-04 02:02:45,907 - {
    "DOMAIN": "www.wpc89.com", 
    "EXPIRATION": "2021-07-14 08:28:41", 
    "DAYS": "10 days, 6:25:56"
}
DEBUG 2021-07-04 02:24:28,041 - ####################################################################################################
DEBUG 2021-07-04 02:24:28,046 - DOMAIN INFO
INFO 2021-07-04 02:24:28,046 - {
    "DOMAIN": "www.wukongchat.com", 
    "EXPIRATION": "2021-07-18 17:04:26", 
    "DAYS": "14 days, 14:39:58"
}
DEBUG 2021-07-04 02:32:18,720 - ####################################################################################################
DEBUG 2021-07-04 02:32:18,725 - DOMAIN INFO
INFO 2021-07-04 02:32:18,726 - {
    "DOMAIN": "tochat333.com", 
    "EXPIRATION": "2021-07-19 16:18:13", 
    "DAYS": "15 days, 13:45:55"
}
DEBUG 2021-07-04 02:32:21,487 - ####################################################################################################
DEBUG 2021-07-04 02:32:21,493 - DOMAIN INFO
INFO 2021-07-04 02:32:21,494 - {
    "DOMAIN": "jbl.live", 
    "EXPIRATION": "2021-07-19 20:00:00", 
    "DAYS": "15 days, 17:27:39"
}
DEBUG 2021-07-04 02:32:22,528 - ####################################################################################################
DEBUG 2021-07-04 02:32:22,534 - DOMAIN INFO
INFO 2021-07-04 02:32:22,534 - {
    "DOMAIN": "www.jbl.live", 
    "EXPIRATION": "2021-07-19 20:00:00", 
    "DAYS": "15 days, 17:27:38"
}
DEBUG 2021-07-04 03:02:47,543 - ####################################################################################################
DEBUG 2021-07-04 03:02:47,550 - DOMAIN INFO
INFO 2021-07-04 03:02:47,550 - {
    "DOMAIN": "wpc89.com", 
    "EXPIRATION": "2021-07-14 08:28:41", 
    "DAYS": "10 days, 5:25:54"
}
DEBUG 2021-07-04 03:02:49,131 - ####################################################################################################
DEBUG 2021-07-04 03:02:49,136 - DOMAIN INFO
INFO 2021-07-04 03:02:49,137 - {
    "DOMAIN": "www.wpc89.com", 
    "EXPIRATION": "2021-07-14 08:28:41", 
    "DAYS": "10 days, 5:25:52"
}
DEBUG 2021-07-04 03:24:34,309 - ####################################################################################################
DEBUG 2021-07-04 03:24:34,315 - DOMAIN INFO
INFO 2021-07-04 03:24:34,315 - {
    "DOMAIN": "www.wukongchat.com", 
    "EXPIRATION": "2021-07-18 17:04:26", 
    "DAYS": "14 days, 13:39:52"
}
DEBUG 2021-07-04 03:32:21,186 - ####################################################################################################
DEBUG 2021-07-04 03:32:21,192 - DOMAIN INFO
INFO 2021-07-04 03:32:21,192 - {
    "DOMAIN": "tochat333.com", 
    "EXPIRATION": "2021-07-19 16:18:13", 
    "DAYS": "15 days, 12:45:52"
}
DEBUG 2021-07-04 03:32:23,204 - ####################################################################################################
DEBUG 2021-07-04 03:32:23,210 - DOMAIN INFO
INFO 2021-07-04 03:32:23,210 - {
    "DOMAIN": "jbl.live", 
    "EXPIRATION": "2021-07-19 20:00:00", 
    "DAYS": "15 days, 16:27:37"
}
DEBUG 2021-07-04 03:32:24,006 - ####################################################################################################
DEBUG 2021-07-04 03:32:24,013 - DOMAIN INFO
INFO 2021-07-04 03:32:24,013 - {
    "DOMAIN": "www.jbl.live", 
    "EXPIRATION": "2021-07-19 20:00:00", 
    "DAYS": "15 days, 16:27:37"
}
DEBUG 2021-07-04 04:02:46,334 - ####################################################################################################
DEBUG 2021-07-04 04:02:46,340 - DOMAIN INFO
INFO 2021-07-04 04:02:46,340 - {
    "DOMAIN": "wpc89.com", 
    "EXPIRATION": "2021-07-14 08:28:41", 
    "DAYS": "10 days, 4:25:55"
}
DEBUG 2021-07-04 04:02:47,223 - ####################################################################################################
DEBUG 2021-07-04 04:02:47,229 - DOMAIN INFO
INFO 2021-07-04 04:02:47,230 - {
    "DOMAIN": "www.wpc89.com", 
    "EXPIRATION": "2021-07-14 08:28:41", 
    "DAYS": "10 days, 4:25:54"
}
DEBUG 2021-07-04 04:24:36,744 - ####################################################################################################
DEBUG 2021-07-04 04:24:36,751 - DOMAIN INFO
INFO 2021-07-04 04:24:36,751 - {
    "DOMAIN": "www.wukongchat.com", 
    "EXPIRATION": "2021-07-18 17:04:26", 
    "DAYS": "14 days, 12:39:50"
}
DEBUG 2021-07-04 04:32:22,417 - ####################################################################################################
DEBUG 2021-07-04 04:32:22,424 - DOMAIN INFO
INFO 2021-07-04 04:32:22,424 - {
    "DOMAIN": "tochat333.com", 
    "EXPIRATION": "2021-07-19 16:18:13", 
    "DAYS": "15 days, 11:45:51"
}
DEBUG 2021-07-04 04:32:24,995 - ####################################################################################################
DEBUG 2021-07-04 04:32:25,002 - DOMAIN INFO
INFO 2021-07-04 04:32:25,002 - {
    "DOMAIN": "jbl.live", 
    "EXPIRATION": "2021-07-19 20:00:00", 
    "DAYS": "15 days, 15:27:36"
}
DEBUG 2021-07-04 04:32:26,106 - ####################################################################################################
DEBUG 2021-07-04 04:32:26,111 - DOMAIN INFO
INFO 2021-07-04 04:32:26,111 - {
    "DOMAIN": "www.jbl.live", 
    "EXPIRATION": "2021-07-19 20:00:00", 
    "DAYS": "15 days, 15:27:34"
}
DEBUG 2021-07-04 05:02:42,964 - ####################################################################################################
DEBUG 2021-07-04 05:02:42,969 - DOMAIN INFO
INFO 2021-07-04 05:02:42,970 - {
    "DOMAIN": "wpc89.com", 
    "EXPIRATION": "2021-07-14 08:28:41", 
    "DAYS": "10 days, 3:25:59"
}
DEBUG 2021-07-04 05:02:43,760 - ####################################################################################################
DEBUG 2021-07-04 05:02:43,766 - DOMAIN INFO
INFO 2021-07-04 05:02:43,766 - {
    "DOMAIN": "www.wpc89.com", 
    "EXPIRATION": "2021-07-14 08:28:41", 
    "DAYS": "10 days, 3:25:58"
}
DEBUG 2021-07-04 05:09:53,878 - ####################################################################################################
DEBUG 2021-07-04 05:09:53,885 - DOMAIN INFO
INFO 2021-07-04 05:09:53,885 - {
    "DOMAIN": "king8887.com", 
    "EXPIRATION": "2021-09-27 10:54:31", 
    "DAYS": "85 days, 5:44:38"
}
DEBUG 2021-07-04 05:09:55,631 - ####################################################################################################
DEBUG 2021-07-04 05:09:55,638 - DOMAIN INFO
INFO 2021-07-04 05:09:55,638 - {
    "DOMAIN": "jsh7.co", 
    "EXPIRATION": "2021-09-26 23:36:50", 
    "DAYS": "84 days, 18:26:55"
}
DEBUG 2021-07-04 05:09:57,559 - ####################################################################################################
DEBUG 2021-07-04 05:09:57,565 - DOMAIN INFO
INFO 2021-07-04 05:09:57,565 - {
    "DOMAIN": "eu8004.com", 
    "EXPIRATION": "2021-09-27 06:59:31", 
    "DAYS": "85 days, 1:49:34"
}
DEBUG 2021-07-04 05:09:58,666 - ####################################################################################################
DEBUG 2021-07-04 05:09:58,672 - DOMAIN INFO
INFO 2021-07-04 05:09:58,673 - {
    "DOMAIN": "jbl8095.com", 
    "EXPIRATION": "2021-09-27 07:18:15", 
    "DAYS": "85 days, 2:08:17"
}
DEBUG 2021-07-04 05:10:00,161 - ####################################################################################################
DEBUG 2021-07-04 05:10:00,166 - DOMAIN INFO
INFO 2021-07-04 05:10:00,166 - {
    "DOMAIN": "jiabo139.com", 
    "EXPIRATION": "2021-08-30 10:36:04", 
    "DAYS": "57 days, 5:26:04"
}
DEBUG 2021-07-04 05:10:01,401 - ####################################################################################################
DEBUG 2021-07-04 05:10:01,406 - DOMAIN INFO
INFO 2021-07-04 05:10:01,406 - {
    "DOMAIN": "jin172.com", 
    "EXPIRATION": "2021-09-27 10:38:24", 
    "DAYS": "85 days, 5:28:23"
}
DEBUG 2021-07-04 05:10:04,696 - ####################################################################################################
DEBUG 2021-07-04 05:10:04,703 - DOMAIN ERROR
INFO 2021-07-04 05:10:04,703 - {
    "DOMAIN": "kefu.tochat800.com", 
    "DOMAIN_CURL": 208, 
    "ERROR": "hostname 'kefu.tochat800.com' doesn't match either of '*.bluehost.com', 'bluehost.com'"
}
DEBUG 2021-07-04 05:10:06,760 - ####################################################################################################
DEBUG 2021-07-04 05:10:06,766 - DOMAIN ERROR
INFO 2021-07-04 05:10:06,766 - {
    "DOMAIN": "www.jsh521.com", 
    "DOMAIN_CURL": 85, 
    "ERROR": "[Errno 111] Connection refused"
}
DEBUG 2021-07-04 05:10:07,653 - ####################################################################################################
DEBUG 2021-07-04 05:10:07,659 - DOMAIN ERROR
INFO 2021-07-04 05:10:07,660 - {
    "DOMAIN": "jsh521.com", 
    "DOMAIN_CURL": 85, 
    "ERROR": "[Errno 101] Network is unreachable"
}
DEBUG 2021-07-04 05:10:08,462 - ####################################################################################################
DEBUG 2021-07-04 05:10:08,469 - DOMAIN INFO
INFO 2021-07-04 05:10:08,469 - {
    "DOMAIN": "euv68.com", 
    "EXPIRATION": "2021-09-27 15:08:30", 
    "DAYS": "85 days, 9:58:22"
}
DEBUG 2021-07-04 05:10:10,454 - ####################################################################################################
DEBUG 2021-07-04 05:10:10,461 - DOMAIN ERROR
INFO 2021-07-04 05:10:10,461 - {
    "DOMAIN": "www.tochat800.com", 
    "DOMAIN_CURL": 208, 
    "ERROR": "hostname 'www.tochat800.com' doesn't match either of '*.bluehost.com', 'bluehost.com'"
}
DEBUG 2021-07-04 05:24:24,900 - ####################################################################################################
DEBUG 2021-07-04 05:24:24,906 - DOMAIN INFO
INFO 2021-07-04 05:24:24,907 - {
    "DOMAIN": "www.wukongchat.com", 
    "EXPIRATION": "2021-07-18 17:04:26", 
    "DAYS": "14 days, 11:40:02"
}
DEBUG 2021-07-04 05:32:18,207 - ####################################################################################################
DEBUG 2021-07-04 05:32:18,212 - DOMAIN INFO
INFO 2021-07-04 05:32:18,212 - {
    "DOMAIN": "tochat333.com", 
    "EXPIRATION": "2021-07-19 16:18:13", 
    "DAYS": "15 days, 10:45:55"
}
DEBUG 2021-07-04 05:32:19,636 - ####################################################################################################
DEBUG 2021-07-04 05:32:19,642 - DOMAIN INFO
INFO 2021-07-04 05:32:19,642 - {
    "DOMAIN": "jbl.live", 
    "EXPIRATION": "2021-07-19 20:00:00", 
    "DAYS": "15 days, 14:27:41"
}
DEBUG 2021-07-04 05:32:20,282 - ####################################################################################################
DEBUG 2021-07-04 05:32:20,288 - DOMAIN INFO
INFO 2021-07-04 05:32:20,288 - {
    "DOMAIN": "www.jbl.live", 
    "EXPIRATION": "2021-07-19 20:00:00", 
    "DAYS": "15 days, 14:27:40"
}
DEBUG 2021-07-04 06:02:41,620 - ####################################################################################################
DEBUG 2021-07-04 06:02:41,625 - DOMAIN INFO
INFO 2021-07-04 06:02:41,626 - {
    "DOMAIN": "wpc89.com", 
    "EXPIRATION": "2021-07-14 08:28:41", 
    "DAYS": "10 days, 2:26:00"
}
DEBUG 2021-07-04 06:02:41,633 - ####################################################################################################
DEBUG 2021-07-04 06:02:41,638 - DOMAIN INFO
INFO 2021-07-04 06:02:41,639 - {
    "DOMAIN": "www.wpc89.com", 
    "EXPIRATION": "2021-07-14 08:28:41", 
    "DAYS": "10 days, 2:26:00"
}
DEBUG 2021-07-04 06:10:03,236 - ####################################################################################################
DEBUG 2021-07-04 06:10:03,243 - DOMAIN ERROR
INFO 2021-07-04 06:10:03,243 - {
    "DOMAIN": "kefu.tochat800.com", 
    "DOMAIN_CURL": 208, 
    "ERROR": "hostname 'kefu.tochat800.com' doesn't match either of '*.bluehost.com', 'bluehost.com'"
}
DEBUG 2021-07-04 06:10:06,034 - ####################################################################################################
DEBUG 2021-07-04 06:10:06,041 - DOMAIN INFO
INFO 2021-07-04 06:10:06,041 - {
    "DOMAIN": "euv68.com", 
    "EXPIRATION": "2021-09-27 15:08:30", 
    "DAYS": "85 days, 8:58:24"
}
DEBUG 2021-07-04 06:10:07,945 - ####################################################################################################
DEBUG 2021-07-04 06:10:07,951 - DOMAIN ERROR
INFO 2021-07-04 06:10:07,951 - {
    "DOMAIN": "jsh521.com", 
    "DOMAIN_CURL": 85, 
    "ERROR": "[Errno 101] Network is unreachable"
}
DEBUG 2021-07-04 06:10:08,397 - ####################################################################################################
DEBUG 2021-07-04 06:10:08,403 - DOMAIN ERROR
INFO 2021-07-04 06:10:08,403 - {
    "DOMAIN": "www.tochat800.com", 
    "DOMAIN_CURL": 208, 
    "ERROR": "hostname 'www.tochat800.com' doesn't match either of '*.bluehost.com', 'bluehost.com'"
}
DEBUG 2021-07-04 06:10:17,417 - ####################################################################################################
DEBUG 2021-07-04 06:10:17,424 - DOMAIN ERROR
INFO 2021-07-04 06:10:17,424 - {
    "DOMAIN": "www.jsh521.com", 
    "DOMAIN_CURL": 85, 
    "ERROR": "[Errno 101] Network is unreachable"
}
DEBUG 2021-07-04 06:24:26,472 - ####################################################################################################
DEBUG 2021-07-04 06:24:26,478 - DOMAIN INFO
INFO 2021-07-04 06:24:26,478 - {
    "DOMAIN": "www.wukongchat.com", 
    "EXPIRATION": "2021-07-18 17:04:26", 
    "DAYS": "14 days, 10:40:00"
}
DEBUG 2021-07-04 06:32:16,587 - ####################################################################################################
DEBUG 2021-07-04 06:32:16,594 - DOMAIN INFO
INFO 2021-07-04 06:32:16,594 - {
    "DOMAIN": "tochat333.com", 
    "EXPIRATION": "2021-07-19 16:18:13", 
    "DAYS": "15 days, 9:45:57"
}
DEBUG 2021-07-04 06:32:18,863 - ####################################################################################################
DEBUG 2021-07-04 06:32:18,868 - DOMAIN INFO
INFO 2021-07-04 06:32:18,868 - {
    "DOMAIN": "jbl.live", 
    "EXPIRATION": "2021-07-19 20:00:00", 
    "DAYS": "15 days, 13:27:42"
}
DEBUG 2021-07-04 06:32:19,489 - ####################################################################################################
DEBUG 2021-07-04 06:32:19,496 - DOMAIN INFO
INFO 2021-07-04 06:32:19,496 - {
    "DOMAIN": "www.jbl.live", 
    "EXPIRATION": "2021-07-19 20:00:00", 
    "DAYS": "15 days, 13:27:41"
}
DEBUG 2021-07-04 07:02:40,506 - ####################################################################################################
DEBUG 2021-07-04 07:02:40,511 - DOMAIN INFO
INFO 2021-07-04 07:02:40,512 - {
    "DOMAIN": "wpc89.com", 
    "EXPIRATION": "2021-07-14 08:28:41", 
    "DAYS": "10 days, 1:26:01"
}
DEBUG 2021-07-04 07:02:42,100 - ####################################################################################################
DEBUG 2021-07-04 07:02:42,106 - DOMAIN INFO
INFO 2021-07-04 07:02:42,106 - {
    "DOMAIN": "www.wpc89.com", 
    "EXPIRATION": "2021-07-14 08:28:41", 
    "DAYS": "10 days, 1:25:59"
}
DEBUG 2021-07-04 07:10:04,253 - ####################################################################################################
DEBUG 2021-07-04 07:10:04,259 - DOMAIN ERROR
INFO 2021-07-04 07:10:04,260 - {
    "DOMAIN": "kefu.tochat800.com", 
    "DOMAIN_CURL": 208, 
    "ERROR": "hostname 'kefu.tochat800.com' doesn't match either of '*.bluehost.com', 'bluehost.com'"
}
DEBUG 2021-07-04 07:10:09,277 - ####################################################################################################
DEBUG 2021-07-04 07:10:09,283 - DOMAIN ERROR
INFO 2021-07-04 07:10:09,283 - {
    "DOMAIN": "www.tochat800.com", 
    "DOMAIN_CURL": 37, 
    "ERROR": "hostname 'www.tochat800.com' doesn't match either of '*.bluehost.com', 'bluehost.com'"
}
DEBUG 2021-07-04 07:24:25,204 - ####################################################################################################
DEBUG 2021-07-04 07:24:25,210 - DOMAIN INFO
INFO 2021-07-04 07:24:25,210 - {
    "DOMAIN": "www.wukongchat.com", 
    "EXPIRATION": "2021-07-18 17:04:26", 
    "DAYS": "14 days, 9:40:01"
}
DEBUG 2021-07-04 07:32:14,914 - ####################################################################################################
DEBUG 2021-07-04 07:32:14,921 - DOMAIN INFO
INFO 2021-07-04 07:32:14,921 - {
    "DOMAIN": "tochat333.com", 
    "EXPIRATION": "2021-07-19 16:18:13", 
    "DAYS": "15 days, 8:45:59"
}
DEBUG 2021-07-04 07:32:17,322 - ####################################################################################################
DEBUG 2021-07-04 07:32:17,328 - DOMAIN INFO
INFO 2021-07-04 07:32:17,328 - {
    "DOMAIN": "jbl.live", 
    "EXPIRATION": "2021-07-19 20:00:00", 
    "DAYS": "15 days, 12:27:43"
}
DEBUG 2021-07-04 07:32:18,692 - ####################################################################################################
DEBUG 2021-07-04 07:32:18,698 - DOMAIN INFO
INFO 2021-07-04 07:32:18,698 - {
    "DOMAIN": "www.jbl.live", 
    "EXPIRATION": "2021-07-19 20:00:00", 
    "DAYS": "15 days, 12:27:42"
}
DEBUG 2021-07-04 08:02:41,504 - ####################################################################################################
DEBUG 2021-07-04 08:02:41,510 - DOMAIN INFO
INFO 2021-07-04 08:02:41,510 - {
    "DOMAIN": "wpc89.com", 
    "EXPIRATION": "2021-07-14 08:28:41", 
    "DAYS": "10 days, 0:26:00"
}
DEBUG 2021-07-04 08:02:43,511 - ####################################################################################################
DEBUG 2021-07-04 08:02:43,516 - DOMAIN INFO
INFO 2021-07-04 08:02:43,517 - {
    "DOMAIN": "www.wpc89.com", 
    "EXPIRATION": "2021-07-14 08:28:41", 
    "DAYS": "10 days, 0:25:58"
}
DEBUG 2021-07-04 08:10:04,289 - ####################################################################################################
DEBUG 2021-07-04 08:10:04,296 - DOMAIN ERROR
INFO 2021-07-04 08:10:04,296 - {
    "DOMAIN": "kefu.tochat800.com", 
    "DOMAIN_CURL": 208, 
    "ERROR": "hostname 'kefu.tochat800.com' doesn't match either of '*.bluehost.com', 'bluehost.com'"
}
DEBUG 2021-07-04 08:10:06,809 - ####################################################################################################
DEBUG 2021-07-04 08:10:06,814 - DOMAIN ERROR
INFO 2021-07-04 08:10:06,814 - {
    "DOMAIN": "www.tochat800.com", 
    "DOMAIN_CURL": 208, 
    "ERROR": "hostname 'www.tochat800.com' doesn't match either of '*.bluehost.com', 'bluehost.com'"
}
DEBUG 2021-07-04 08:24:27,016 - ####################################################################################################
DEBUG 2021-07-04 08:24:27,022 - DOMAIN INFO
INFO 2021-07-04 08:24:27,022 - {
    "DOMAIN": "www.wukongchat.com", 
    "EXPIRATION": "2021-07-18 17:04:26", 
    "DAYS": "14 days, 8:39:59"
}
DEBUG 2021-07-04 08:32:16,838 - ####################################################################################################
DEBUG 2021-07-04 08:32:16,845 - DOMAIN INFO
INFO 2021-07-04 08:32:16,845 - {
    "DOMAIN": "tochat333.com", 
    "EXPIRATION": "2021-07-19 16:18:13", 
    "DAYS": "15 days, 7:45:57"
}
DEBUG 2021-07-04 08:32:20,527 - ####################################################################################################
DEBUG 2021-07-04 08:32:20,533 - DOMAIN INFO
INFO 2021-07-04 08:32:20,534 - {
    "DOMAIN": "jbl.live", 
    "EXPIRATION": "2021-07-19 20:00:00", 
    "DAYS": "15 days, 11:27:40"
}
DEBUG 2021-07-04 08:32:21,193 - ####################################################################################################
DEBUG 2021-07-04 08:32:21,200 - DOMAIN INFO
INFO 2021-07-04 08:32:21,200 - {
    "DOMAIN": "www.jbl.live", 
    "EXPIRATION": "2021-07-19 20:00:00", 
    "DAYS": "15 days, 11:27:39"
}
DEBUG 2021-07-04 09:02:41,117 - ####################################################################################################
DEBUG 2021-07-04 09:02:41,123 - DOMAIN INFO
INFO 2021-07-04 09:02:41,123 - {
    "DOMAIN": "wpc89.com", 
    "EXPIRATION": "2021-07-14 08:28:41", 
    "DAYS": "9 days, 23:26:00"
}
DEBUG 2021-07-04 09:02:43,053 - ####################################################################################################
DEBUG 2021-07-04 09:02:43,060 - DOMAIN INFO
INFO 2021-07-04 09:02:43,060 - {
    "DOMAIN": "www.wpc89.com", 
    "EXPIRATION": "2021-07-14 08:28:41", 
    "DAYS": "9 days, 23:25:58"
}
DEBUG 2021-07-04 09:10:04,589 - ####################################################################################################
DEBUG 2021-07-04 09:10:04,594 - DOMAIN ERROR
INFO 2021-07-04 09:10:04,594 - {
    "DOMAIN": "kefu.tochat800.com", 
    "DOMAIN_CURL": 208, 
    "ERROR": "hostname 'kefu.tochat800.com' doesn't match either of '*.bluehost.com', 'bluehost.com'"
}
DEBUG 2021-07-04 09:10:08,484 - ####################################################################################################
DEBUG 2021-07-04 09:10:08,491 - DOMAIN ERROR
INFO 2021-07-04 09:10:08,491 - {
    "DOMAIN": "www.tochat800.com", 
    "DOMAIN_CURL": 208, 
    "ERROR": "hostname 'www.tochat800.com' doesn't match either of '*.bluehost.com', 'bluehost.com'"
}
DEBUG 2021-07-04 09:24:26,336 - ####################################################################################################
DEBUG 2021-07-04 09:24:26,342 - DOMAIN INFO
INFO 2021-07-04 09:24:26,343 - {
    "DOMAIN": "www.wukongchat.com", 
    "EXPIRATION": "2021-07-18 17:04:26", 
    "DAYS": "14 days, 7:40:00"
}
DEBUG 2021-07-04 09:32:16,424 - ####################################################################################################
DEBUG 2021-07-04 09:32:16,430 - DOMAIN INFO
INFO 2021-07-04 09:32:16,430 - {
    "DOMAIN": "tochat333.com", 
    "EXPIRATION": "2021-07-19 16:18:13", 
    "DAYS": "15 days, 6:45:57"
}
DEBUG 2021-07-04 09:32:18,624 - ####################################################################################################
DEBUG 2021-07-04 09:32:18,630 - DOMAIN INFO
INFO 2021-07-04 09:32:18,630 - {
    "DOMAIN": "jbl.live", 
    "EXPIRATION": "2021-07-19 20:00:00", 
    "DAYS": "15 days, 10:27:42"
}
DEBUG 2021-07-04 09:32:19,413 - ####################################################################################################
DEBUG 2021-07-04 09:32:19,419 - DOMAIN INFO
INFO 2021-07-04 09:32:19,420 - {
    "DOMAIN": "www.jbl.live", 
    "EXPIRATION": "2021-07-19 20:00:00", 
    "DAYS": "15 days, 10:27:41"
}
DEBUG 2021-07-04 10:02:41,179 - ####################################################################################################
DEBUG 2021-07-04 10:02:41,184 - DOMAIN INFO
INFO 2021-07-04 10:02:41,184 - {
    "DOMAIN": "wpc89.com", 
    "EXPIRATION": "2021-07-14 08:28:41", 
    "DAYS": "9 days, 22:26:00"
}
DEBUG 2021-07-04 10:02:42,549 - ####################################################################################################
DEBUG 2021-07-04 10:02:42,555 - DOMAIN INFO
INFO 2021-07-04 10:02:42,555 - {
    "DOMAIN": "www.wpc89.com", 
    "EXPIRATION": "2021-07-14 08:28:41", 
    "DAYS": "9 days, 22:25:59"
}
DEBUG 2021-07-04 10:10:04,231 - ####################################################################################################
DEBUG 2021-07-04 10:10:04,236 - DOMAIN ERROR
INFO 2021-07-04 10:10:04,236 - {
    "DOMAIN": "kefu.tochat800.com", 
    "DOMAIN_CURL": 208, 
    "ERROR": "hostname 'kefu.tochat800.com' doesn't match either of '*.bluehost.com', 'bluehost.com'"
}
DEBUG 2021-07-04 10:10:10,230 - ####################################################################################################
DEBUG 2021-07-04 10:10:10,237 - DOMAIN ERROR
INFO 2021-07-04 10:10:10,238 - {
    "DOMAIN": "www.tochat800.com", 
    "DOMAIN_CURL": 208, 
    "ERROR": "hostname 'www.tochat800.com' doesn't match either of '*.bluehost.com', 'bluehost.com'"
}
DEBUG 2021-07-04 10:24:27,089 - ####################################################################################################
DEBUG 2021-07-04 10:24:27,095 - DOMAIN INFO
INFO 2021-07-04 10:24:27,095 - {
    "DOMAIN": "www.wukongchat.com", 
    "EXPIRATION": "2021-07-18 17:04:26", 
    "DAYS": "14 days, 6:39:59"
}
DEBUG 2021-07-04 10:32:15,281 - ####################################################################################################
DEBUG 2021-07-04 10:32:15,287 - DOMAIN INFO
INFO 2021-07-04 10:32:15,287 - {
    "DOMAIN": "tochat333.com", 
    "EXPIRATION": "2021-07-19 16:18:13", 
    "DAYS": "15 days, 5:45:58"
}
DEBUG 2021-07-04 10:32:18,829 - ####################################################################################################
DEBUG 2021-07-04 10:32:18,834 - DOMAIN INFO
INFO 2021-07-04 10:32:18,834 - {
    "DOMAIN": "jbl.live", 
    "EXPIRATION": "2021-07-19 20:00:00", 
    "DAYS": "15 days, 9:27:42"
}
DEBUG 2021-07-04 10:32:19,614 - ####################################################################################################
DEBUG 2021-07-04 10:32:19,621 - DOMAIN INFO
INFO 2021-07-04 10:32:19,621 - {
    "DOMAIN": "www.jbl.live", 
    "EXPIRATION": "2021-07-19 20:00:00", 
    "DAYS": "15 days, 9:27:41"
}
DEBUG 2021-07-04 11:02:43,244 - ####################################################################################################
DEBUG 2021-07-04 11:02:43,249 - DOMAIN INFO
INFO 2021-07-04 11:02:43,249 - {
    "DOMAIN": "wpc89.com", 
    "EXPIRATION": "2021-07-14 08:28:41", 
    "DAYS": "9 days, 21:25:58"
}
DEBUG 2021-07-04 11:02:43,574 - ####################################################################################################
DEBUG 2021-07-04 11:02:43,580 - DOMAIN INFO
INFO 2021-07-04 11:02:43,581 - {
    "DOMAIN": "www.wpc89.com", 
    "EXPIRATION": "2021-07-14 08:28:41", 
    "DAYS": "9 days, 21:25:58"
}
DEBUG 2021-07-04 11:10:04,912 - ####################################################################################################
DEBUG 2021-07-04 11:10:04,918 - DOMAIN ERROR
INFO 2021-07-04 11:10:04,918 - {
    "DOMAIN": "kefu.tochat800.com", 
    "DOMAIN_CURL": 208, 
    "ERROR": "hostname 'kefu.tochat800.com' doesn't match either of '*.bluehost.com', 'bluehost.com'"
}
DEBUG 2021-07-04 11:10:09,243 - ####################################################################################################
DEBUG 2021-07-04 11:10:09,249 - DOMAIN ERROR
INFO 2021-07-04 11:10:09,250 - {
    "DOMAIN": "www.tochat800.com", 
    "DOMAIN_CURL": 208, 
    "ERROR": "hostname 'www.tochat800.com' doesn't match either of '*.bluehost.com', 'bluehost.com'"
}
DEBUG 2021-07-04 11:24:27,813 - ####################################################################################################
DEBUG 2021-07-04 11:24:27,819 - DOMAIN INFO
INFO 2021-07-04 11:24:27,819 - {
    "DOMAIN": "www.wukongchat.com", 
    "EXPIRATION": "2021-07-18 17:04:26", 
    "DAYS": "14 days, 5:39:59"
}
DEBUG 2021-07-04 11:32:14,905 - ####################################################################################################
DEBUG 2021-07-04 11:32:14,911 - DOMAIN INFO
INFO 2021-07-04 11:32:14,911 - {
    "DOMAIN": "tochat333.com", 
    "EXPIRATION": "2021-07-19 16:18:13", 
    "DAYS": "15 days, 4:45:59"
}
DEBUG 2021-07-04 11:32:17,650 - ####################################################################################################
DEBUG 2021-07-04 11:32:17,657 - DOMAIN INFO
INFO 2021-07-04 11:32:17,657 - {
    "DOMAIN": "jbl.live", 
    "EXPIRATION": "2021-07-19 20:00:00", 
    "DAYS": "15 days, 8:27:43"
}
DEBUG 2021-07-04 11:32:18,649 - ####################################################################################################
DEBUG 2021-07-04 11:32:18,655 - DOMAIN INFO
INFO 2021-07-04 11:32:18,656 - {
    "DOMAIN": "www.jbl.live", 
    "EXPIRATION": "2021-07-19 20:00:00", 
    "DAYS": "15 days, 8:27:42"
}
DEBUG 2021-07-04 12:02:39,675 - ####################################################################################################
DEBUG 2021-07-04 12:02:39,682 - DOMAIN INFO
INFO 2021-07-04 12:02:39,682 - {
    "DOMAIN": "wpc89.com", 
    "EXPIRATION": "2021-07-14 08:28:41", 
    "DAYS": "9 days, 20:26:02"
}
DEBUG 2021-07-04 12:02:44,103 - ####################################################################################################
DEBUG 2021-07-04 12:02:44,110 - DOMAIN INFO
INFO 2021-07-04 12:02:44,110 - {
    "DOMAIN": "www.wpc89.com", 
    "EXPIRATION": "2021-07-14 08:28:41", 
    "DAYS": "9 days, 20:25:57"
}
DEBUG 2021-07-04 12:10:02,273 - ####################################################################################################
DEBUG 2021-07-04 12:10:02,279 - DOMAIN ERROR
INFO 2021-07-04 12:10:02,280 - {
    "DOMAIN": "kefu.tochat800.com", 
    "DOMAIN_CURL": 208, 
    "ERROR": "hostname 'kefu.tochat800.com' doesn't match either of '*.bluehost.com', 'bluehost.com'"
}
DEBUG 2021-07-04 12:10:07,560 - ####################################################################################################
DEBUG 2021-07-04 12:10:07,567 - DOMAIN ERROR
INFO 2021-07-04 12:10:07,567 - {
    "DOMAIN": "www.tochat800.com", 
    "DOMAIN_CURL": 208, 
    "ERROR": "hostname 'www.tochat800.com' doesn't match either of '*.bluehost.com', 'bluehost.com'"
}
DEBUG 2021-07-04 12:24:27,890 - ####################################################################################################
DEBUG 2021-07-04 12:24:27,896 - DOMAIN INFO
INFO 2021-07-04 12:24:27,897 - {
    "DOMAIN": "www.wukongchat.com", 
    "EXPIRATION": "2021-07-18 17:04:26", 
    "DAYS": "14 days, 4:39:59"
}
DEBUG 2021-07-04 12:32:17,688 - ####################################################################################################
DEBUG 2021-07-04 12:32:17,694 - DOMAIN INFO
INFO 2021-07-04 12:32:17,694 - {
    "DOMAIN": "tochat333.com", 
    "EXPIRATION": "2021-07-19 16:18:13", 
    "DAYS": "15 days, 3:45:56"
}
DEBUG 2021-07-04 12:32:19,133 - ####################################################################################################
DEBUG 2021-07-04 12:32:19,138 - DOMAIN INFO
INFO 2021-07-04 12:32:19,138 - {
    "DOMAIN": "jbl.live", 
    "EXPIRATION": "2021-07-19 20:00:00", 
    "DAYS": "15 days, 7:27:41"
}
DEBUG 2021-07-04 12:32:19,864 - ####################################################################################################
DEBUG 2021-07-04 12:32:19,871 - DOMAIN INFO
INFO 2021-07-04 12:32:19,871 - {
    "DOMAIN": "www.jbl.live", 
    "EXPIRATION": "2021-07-19 20:00:00", 
    "DAYS": "15 days, 7:27:41"
}
DEBUG 2021-07-04 13:02:44,553 - ####################################################################################################
DEBUG 2021-07-04 13:02:44,559 - DOMAIN INFO
INFO 2021-07-04 13:02:44,559 - {
    "DOMAIN": "wpc89.com", 
    "EXPIRATION": "2021-07-14 08:28:41", 
    "DAYS": "9 days, 19:25:57"
}
DEBUG 2021-07-04 13:02:45,236 - ####################################################################################################
DEBUG 2021-07-04 13:02:45,241 - DOMAIN INFO
INFO 2021-07-04 13:02:45,242 - {
    "DOMAIN": "www.wpc89.com", 
    "EXPIRATION": "2021-07-14 08:28:41", 
    "DAYS": "9 days, 19:25:56"
}
DEBUG 2021-07-04 13:24:26,558 - ####################################################################################################
DEBUG 2021-07-04 13:24:26,564 - DOMAIN INFO
INFO 2021-07-04 13:24:26,564 - {
    "DOMAIN": "www.wukongchat.com", 
    "EXPIRATION": "2021-07-18 17:04:26", 
    "DAYS": "14 days, 3:40:00"
}
DEBUG 2021-07-04 13:32:19,080 - ####################################################################################################
DEBUG 2021-07-04 13:32:19,086 - DOMAIN INFO
INFO 2021-07-04 13:32:19,086 - {
    "DOMAIN": "tochat333.com", 
    "EXPIRATION": "2021-07-19 16:18:13", 
    "DAYS": "15 days, 2:45:54"
}
DEBUG 2021-07-04 13:32:20,328 - ####################################################################################################
DEBUG 2021-07-04 13:32:20,334 - DOMAIN INFO
INFO 2021-07-04 13:32:20,334 - {
    "DOMAIN": "jbl.live", 
    "EXPIRATION": "2021-07-19 20:00:00", 
    "DAYS": "15 days, 6:27:40"
}
DEBUG 2021-07-04 13:32:21,175 - ####################################################################################################
DEBUG 2021-07-04 13:32:21,181 - DOMAIN INFO
INFO 2021-07-04 13:32:21,181 - {
    "DOMAIN": "www.jbl.live", 
    "EXPIRATION": "2021-07-19 20:00:00", 
    "DAYS": "15 days, 6:27:39"
}
DEBUG 2021-07-04 14:02:45,187 - ####################################################################################################
DEBUG 2021-07-04 14:02:45,193 - DOMAIN INFO
INFO 2021-07-04 14:02:45,194 - {
    "DOMAIN": "wpc89.com", 
    "EXPIRATION": "2021-07-14 08:28:41", 
    "DAYS": "9 days, 18:25:56"
}
DEBUG 2021-07-04 14:02:45,218 - ####################################################################################################
DEBUG 2021-07-04 14:02:45,224 - DOMAIN INFO
INFO 2021-07-04 14:02:45,224 - {
    "DOMAIN": "www.wpc89.com", 
    "EXPIRATION": "2021-07-14 08:28:41", 
    "DAYS": "9 days, 18:25:56"
}
DEBUG 2021-07-04 14:24:28,208 - ####################################################################################################
DEBUG 2021-07-04 14:24:28,216 - DOMAIN INFO
INFO 2021-07-04 14:24:28,216 - {
    "DOMAIN": "www.wukongchat.com", 
    "EXPIRATION": "2021-07-18 17:04:26", 
    "DAYS": "14 days, 2:39:58"
}
DEBUG 2021-07-04 14:32:17,184 - ####################################################################################################
DEBUG 2021-07-04 14:32:17,190 - DOMAIN INFO
INFO 2021-07-04 14:32:17,190 - {
    "DOMAIN": "tochat333.com", 
    "EXPIRATION": "2021-07-19 16:18:13", 
    "DAYS": "15 days, 1:45:56"
}
DEBUG 2021-07-04 14:32:18,742 - ####################################################################################################
DEBUG 2021-07-04 14:32:18,749 - DOMAIN INFO
INFO 2021-07-04 14:32:18,750 - {
    "DOMAIN": "jbl.live", 
    "EXPIRATION": "2021-07-19 20:00:00", 
    "DAYS": "15 days, 5:27:42"
}
DEBUG 2021-07-04 14:32:20,130 - ####################################################################################################
DEBUG 2021-07-04 14:32:20,136 - DOMAIN INFO
INFO 2021-07-04 14:32:20,137 - {
    "DOMAIN": "www.jbl.live", 
    "EXPIRATION": "2021-07-19 20:00:00", 
    "DAYS": "15 days, 5:27:40"
}
DEBUG 2021-07-04 15:02:45,577 - ####################################################################################################
DEBUG 2021-07-04 15:02:45,583 - DOMAIN INFO
INFO 2021-07-04 15:02:45,583 - {
    "DOMAIN": "wpc89.com", 
    "EXPIRATION": "2021-07-14 08:28:41", 
    "DAYS": "9 days, 17:25:56"
}
DEBUG 2021-07-04 15:02:45,880 - ####################################################################################################
DEBUG 2021-07-04 15:02:45,886 - DOMAIN INFO
INFO 2021-07-04 15:02:45,887 - {
    "DOMAIN": "www.wpc89.com", 
    "EXPIRATION": "2021-07-14 08:28:41", 
    "DAYS": "9 days, 17:25:56"
}
DEBUG 2021-07-04 15:24:28,079 - ####################################################################################################
DEBUG 2021-07-04 15:24:28,084 - DOMAIN INFO
INFO 2021-07-04 15:24:28,085 - {
    "DOMAIN": "www.wukongchat.com", 
    "EXPIRATION": "2021-07-18 17:04:26", 
    "DAYS": "14 days, 1:39:58"
}
DEBUG 2021-07-04 15:32:19,933 - ####################################################################################################
DEBUG 2021-07-04 15:32:19,940 - DOMAIN INFO
INFO 2021-07-04 15:32:19,940 - {
    "DOMAIN": "tochat333.com", 
    "EXPIRATION": "2021-07-19 16:18:13", 
    "DAYS": "15 days, 0:45:54"
}
DEBUG 2021-07-04 15:32:22,447 - ####################################################################################################
DEBUG 2021-07-04 15:32:22,454 - DOMAIN INFO
INFO 2021-07-04 15:32:22,454 - {
    "DOMAIN": "jbl.live", 
    "EXPIRATION": "2021-07-19 20:00:00", 
    "DAYS": "15 days, 4:27:38"
}
DEBUG 2021-07-04 15:32:24,273 - ####################################################################################################
DEBUG 2021-07-04 15:32:24,278 - DOMAIN INFO
INFO 2021-07-04 15:32:24,278 - {
    "DOMAIN": "www.jbl.live", 
    "EXPIRATION": "2021-07-19 20:00:00", 
    "DAYS": "15 days, 4:27:36"
}
DEBUG 2021-07-04 16:02:41,758 - ####################################################################################################
DEBUG 2021-07-04 16:02:41,764 - DOMAIN INFO
INFO 2021-07-04 16:02:41,765 - {
    "DOMAIN": "wpc89.com", 
    "EXPIRATION": "2021-07-14 08:28:41", 
    "DAYS": "9 days, 16:26:00"
}
DEBUG 2021-07-04 16:02:43,174 - ####################################################################################################
DEBUG 2021-07-04 16:02:43,180 - DOMAIN INFO
INFO 2021-07-04 16:02:43,181 - {
    "DOMAIN": "www.wpc89.com", 
    "EXPIRATION": "2021-07-14 08:28:41", 
    "DAYS": "9 days, 16:25:58"
}
DEBUG 2021-07-04 16:24:29,533 - ####################################################################################################
DEBUG 2021-07-04 16:24:29,538 - DOMAIN INFO
INFO 2021-07-04 16:24:29,539 - {
    "DOMAIN": "www.wukongchat.com", 
    "EXPIRATION": "2021-07-18 17:04:26", 
    "DAYS": "14 days, 0:39:57"
}
DEBUG 2021-07-04 16:32:13,463 - ####################################################################################################
DEBUG 2021-07-04 16:32:13,469 - DOMAIN INFO
INFO 2021-07-04 16:32:13,469 - {
    "DOMAIN": "tochat333.com", 
    "EXPIRATION": "2021-07-19 16:18:13", 
    "DAYS": "14 days, 23:46:00"
}
DEBUG 2021-07-04 16:32:16,777 - ####################################################################################################
DEBUG 2021-07-04 16:32:16,783 - DOMAIN INFO
INFO 2021-07-04 16:32:16,783 - {
    "DOMAIN": "jbl.live", 
    "EXPIRATION": "2021-07-19 20:00:00", 
    "DAYS": "15 days, 3:27:44"
}
DEBUG 2021-07-04 16:32:17,707 - ####################################################################################################
DEBUG 2021-07-04 16:32:17,713 - DOMAIN INFO
INFO 2021-07-04 16:32:17,713 - {
    "DOMAIN": "www.jbl.live", 
    "EXPIRATION": "2021-07-19 20:00:00", 
    "DAYS": "15 days, 3:27:43"
}
DEBUG 2021-07-04 17:02:44,526 - ####################################################################################################
DEBUG 2021-07-04 17:02:44,534 - DOMAIN INFO
INFO 2021-07-04 17:02:44,534 - {
    "DOMAIN": "wpc89.com", 
    "EXPIRATION": "2021-07-14 08:28:41", 
    "DAYS": "9 days, 15:25:57"
}
DEBUG 2021-07-04 17:02:45,952 - ####################################################################################################
DEBUG 2021-07-04 17:02:45,958 - DOMAIN INFO
INFO 2021-07-04 17:02:45,958 - {
    "DOMAIN": "www.wpc89.com", 
    "EXPIRATION": "2021-07-14 08:28:41", 
    "DAYS": "9 days, 15:25:56"
}
DEBUG 2021-07-04 17:24:29,874 - ####################################################################################################
DEBUG 2021-07-04 17:24:29,880 - DOMAIN INFO
INFO 2021-07-04 17:24:29,880 - {
    "DOMAIN": "www.wukongchat.com", 
    "EXPIRATION": "2021-07-18 17:04:26", 
    "DAYS": "13 days, 23:39:57"
}
DEBUG 2021-07-04 17:32:18,880 - ####################################################################################################
DEBUG 2021-07-04 17:32:18,886 - DOMAIN INFO
INFO 2021-07-04 17:32:18,886 - {
    "DOMAIN": "tochat333.com", 
    "EXPIRATION": "2021-07-19 16:18:13", 
    "DAYS": "14 days, 22:45:55"
}
DEBUG 2021-07-04 17:32:21,786 - ####################################################################################################
DEBUG 2021-07-04 17:32:21,793 - DOMAIN INFO
INFO 2021-07-04 17:32:21,793 - {
    "DOMAIN": "jbl.live", 
    "EXPIRATION": "2021-07-19 20:00:00", 
    "DAYS": "15 days, 2:27:39"
}
DEBUG 2021-07-04 17:32:22,900 - ####################################################################################################
DEBUG 2021-07-04 17:32:22,907 - DOMAIN INFO
INFO 2021-07-04 17:32:22,907 - {
    "DOMAIN": "www.jbl.live", 
    "EXPIRATION": "2021-07-19 20:00:00", 
    "DAYS": "15 days, 2:27:38"
}
DEBUG 2021-07-04 18:02:41,439 - ####################################################################################################
DEBUG 2021-07-04 18:02:41,445 - DOMAIN INFO
INFO 2021-07-04 18:02:41,445 - {
    "DOMAIN": "wpc89.com", 
    "EXPIRATION": "2021-07-14 08:28:41", 
    "DAYS": "9 days, 14:26:00"
}
DEBUG 2021-07-04 18:02:42,209 - ####################################################################################################
DEBUG 2021-07-04 18:02:42,216 - DOMAIN INFO
INFO 2021-07-04 18:02:42,216 - {
    "DOMAIN": "www.wpc89.com", 
    "EXPIRATION": "2021-07-14 08:28:41", 
    "DAYS": "9 days, 14:25:59"
}
DEBUG 2021-07-04 18:24:30,262 - ####################################################################################################
DEBUG 2021-07-04 18:24:30,267 - DOMAIN INFO
INFO 2021-07-04 18:24:30,268 - {
    "DOMAIN": "www.wukongchat.com", 
    "EXPIRATION": "2021-07-18 17:04:26", 
    "DAYS": "13 days, 22:39:56"
}
DEBUG 2021-07-04 18:32:16,419 - ####################################################################################################
DEBUG 2021-07-04 18:32:16,425 - DOMAIN INFO
INFO 2021-07-04 18:32:16,425 - {
    "DOMAIN": "tochat333.com", 
    "EXPIRATION": "2021-07-19 16:18:13", 
    "DAYS": "14 days, 21:45:57"
}
DEBUG 2021-07-04 18:32:19,526 - ####################################################################################################
DEBUG 2021-07-04 18:32:19,532 - DOMAIN INFO
INFO 2021-07-04 18:32:19,533 - {
    "DOMAIN": "jbl.live", 
    "EXPIRATION": "2021-07-19 20:00:00", 
    "DAYS": "15 days, 1:27:41"
}
DEBUG 2021-07-04 18:32:20,620 - ####################################################################################################
DEBUG 2021-07-04 18:32:20,627 - DOMAIN INFO
INFO 2021-07-04 18:32:20,628 - {
    "DOMAIN": "www.jbl.live", 
    "EXPIRATION": "2021-07-19 20:00:00", 
    "DAYS": "15 days, 1:27:40"
}
DEBUG 2021-07-04 19:02:44,050 - ####################################################################################################
DEBUG 2021-07-04 19:02:44,057 - DOMAIN INFO
INFO 2021-07-04 19:02:44,057 - {
    "DOMAIN": "wpc89.com", 
    "EXPIRATION": "2021-07-14 08:28:41", 
    "DAYS": "9 days, 13:25:57"
}
DEBUG 2021-07-04 19:02:44,792 - ####################################################################################################
DEBUG 2021-07-04 19:02:44,797 - DOMAIN INFO
INFO 2021-07-04 19:02:44,798 - {
    "DOMAIN": "www.wpc89.com", 
    "EXPIRATION": "2021-07-14 08:28:41", 
    "DAYS": "9 days, 13:25:57"
}
DEBUG 2021-07-04 19:24:27,809 - ####################################################################################################
DEBUG 2021-07-04 19:24:27,815 - DOMAIN INFO
INFO 2021-07-04 19:24:27,816 - {
    "DOMAIN": "www.wukongchat.com", 
    "EXPIRATION": "2021-07-18 17:04:26", 
    "DAYS": "13 days, 21:39:59"
}
DEBUG 2021-07-04 19:32:18,281 - ####################################################################################################
DEBUG 2021-07-04 19:32:18,287 - DOMAIN INFO
INFO 2021-07-04 19:32:18,287 - {
    "DOMAIN": "tochat333.com", 
    "EXPIRATION": "2021-07-19 16:18:13", 
    "DAYS": "14 days, 20:45:55"
}
DEBUG 2021-07-04 19:32:20,820 - ####################################################################################################
DEBUG 2021-07-04 19:32:20,825 - DOMAIN INFO
INFO 2021-07-04 19:32:20,826 - {
    "DOMAIN": "jbl.live", 
    "EXPIRATION": "2021-07-19 20:00:00", 
    "DAYS": "15 days, 0:27:40"
}
DEBUG 2021-07-04 19:32:21,484 - ####################################################################################################
DEBUG 2021-07-04 19:32:21,490 - DOMAIN INFO
INFO 2021-07-04 19:32:21,490 - {
    "DOMAIN": "www.jbl.live", 
    "EXPIRATION": "2021-07-19 20:00:00", 
    "DAYS": "15 days, 0:27:39"
}
DEBUG 2021-07-04 20:02:40,335 - ####################################################################################################
DEBUG 2021-07-04 20:02:40,341 - DOMAIN INFO
INFO 2021-07-04 20:02:40,341 - {
    "DOMAIN": "wpc89.com", 
    "EXPIRATION": "2021-07-14 08:28:41", 
    "DAYS": "9 days, 12:26:01"
}
DEBUG 2021-07-04 20:02:41,577 - ####################################################################################################
DEBUG 2021-07-04 20:02:41,584 - DOMAIN INFO
INFO 2021-07-04 20:02:41,584 - {
    "DOMAIN": "www.wpc89.com", 
    "EXPIRATION": "2021-07-14 08:28:41", 
    "DAYS": "9 days, 12:26:00"
}
DEBUG 2021-07-04 20:24:26,226 - ####################################################################################################
DEBUG 2021-07-04 20:24:26,232 - DOMAIN INFO
INFO 2021-07-04 20:24:26,232 - {
    "DOMAIN": "www.wukongchat.com", 
    "EXPIRATION": "2021-07-18 17:04:26", 
    "DAYS": "13 days, 20:40:00"
}
DEBUG 2021-07-04 20:32:16,774 - ####################################################################################################
DEBUG 2021-07-04 20:32:16,780 - DOMAIN INFO
INFO 2021-07-04 20:32:16,780 - {
    "DOMAIN": "tochat333.com", 
    "EXPIRATION": "2021-07-19 16:18:13", 
    "DAYS": "14 days, 19:45:57"
}
DEBUG 2021-07-04 20:32:19,335 - ####################################################################################################
DEBUG 2021-07-04 20:32:19,342 - DOMAIN INFO
INFO 2021-07-04 20:32:19,342 - {
    "DOMAIN": "jbl.live", 
    "EXPIRATION": "2021-07-19 20:00:00", 
    "DAYS": "14 days, 23:27:41"
}
DEBUG 2021-07-04 20:32:20,237 - ####################################################################################################
DEBUG 2021-07-04 20:32:20,244 - DOMAIN INFO
INFO 2021-07-04 20:32:20,244 - {
    "DOMAIN": "www.jbl.live", 
    "EXPIRATION": "2021-07-19 20:00:00", 
    "DAYS": "14 days, 23:27:40"
}
DEBUG 2021-07-04 21:02:41,226 - ####################################################################################################
DEBUG 2021-07-04 21:02:41,231 - DOMAIN INFO
INFO 2021-07-04 21:02:41,231 - {
    "DOMAIN": "wpc89.com", 
    "EXPIRATION": "2021-07-14 08:28:41", 
    "DAYS": "9 days, 11:26:00"
}
DEBUG 2021-07-04 21:02:41,360 - ####################################################################################################
DEBUG 2021-07-04 21:02:41,367 - DOMAIN INFO
INFO 2021-07-04 21:02:41,367 - {
    "DOMAIN": "www.wpc89.com", 
    "EXPIRATION": "2021-07-14 08:28:41", 
    "DAYS": "9 days, 11:26:00"
}
DEBUG 2021-07-04 21:24:30,854 - ####################################################################################################
DEBUG 2021-07-04 21:24:30,860 - DOMAIN INFO
INFO 2021-07-04 21:24:30,860 - {
    "DOMAIN": "www.wukongchat.com", 
    "EXPIRATION": "2021-07-18 17:04:26", 
    "DAYS": "13 days, 19:39:56"
}
DEBUG 2021-07-04 21:32:17,545 - ####################################################################################################
DEBUG 2021-07-04 21:32:17,550 - DOMAIN INFO
INFO 2021-07-04 21:32:17,551 - {
    "DOMAIN": "tochat333.com", 
    "EXPIRATION": "2021-07-19 16:18:13", 
    "DAYS": "14 days, 18:45:56"
}
DEBUG 2021-07-04 21:32:20,222 - ####################################################################################################
DEBUG 2021-07-04 21:32:20,229 - DOMAIN INFO
INFO 2021-07-04 21:32:20,229 - {
    "DOMAIN": "jbl.live", 
    "EXPIRATION": "2021-07-19 20:00:00", 
    "DAYS": "14 days, 22:27:40"
}
DEBUG 2021-07-04 21:32:21,490 - ####################################################################################################
DEBUG 2021-07-04 21:32:21,496 - DOMAIN INFO
INFO 2021-07-04 21:32:21,496 - {
    "DOMAIN": "www.jbl.live", 
    "EXPIRATION": "2021-07-19 20:00:00", 
    "DAYS": "14 days, 22:27:39"
}
DEBUG 2021-07-04 22:02:43,512 - ####################################################################################################
DEBUG 2021-07-04 22:02:43,518 - DOMAIN INFO
INFO 2021-07-04 22:02:43,519 - {
    "DOMAIN": "wpc89.com", 
    "EXPIRATION": "2021-07-14 08:28:41", 
    "DAYS": "9 days, 10:25:58"
}
DEBUG 2021-07-04 22:02:44,645 - ####################################################################################################
DEBUG 2021-07-04 22:02:44,650 - DOMAIN INFO
INFO 2021-07-04 22:02:44,650 - {
    "DOMAIN": "www.wpc89.com", 
    "EXPIRATION": "2021-07-14 08:28:41", 
    "DAYS": "9 days, 10:25:57"
}
DEBUG 2021-07-04 22:24:28,398 - ####################################################################################################
DEBUG 2021-07-04 22:24:28,404 - DOMAIN INFO
INFO 2021-07-04 22:24:28,404 - {
    "DOMAIN": "www.wukongchat.com", 
    "EXPIRATION": "2021-07-18 17:04:26", 
    "DAYS": "13 days, 18:39:58"
}
DEBUG 2021-07-04 22:32:15,933 - ####################################################################################################
DEBUG 2021-07-04 22:32:15,939 - DOMAIN INFO
INFO 2021-07-04 22:32:15,940 - {
    "DOMAIN": "tochat333.com", 
    "EXPIRATION": "2021-07-19 16:18:13", 
    "DAYS": "14 days, 17:45:58"
}
DEBUG 2021-07-04 22:32:18,366 - ####################################################################################################
DEBUG 2021-07-04 22:32:18,371 - DOMAIN INFO
INFO 2021-07-04 22:32:18,371 - {
    "DOMAIN": "jbl.live", 
    "EXPIRATION": "2021-07-19 20:00:00", 
    "DAYS": "14 days, 21:27:42"
}
DEBUG 2021-07-04 22:32:19,439 - ####################################################################################################
DEBUG 2021-07-04 22:32:19,445 - DOMAIN INFO
INFO 2021-07-04 22:32:19,445 - {
    "DOMAIN": "www.jbl.live", 
    "EXPIRATION": "2021-07-19 20:00:00", 
    "DAYS": "14 days, 21:27:41"
}
DEBUG 2021-07-04 23:02:42,981 - ####################################################################################################
DEBUG 2021-07-04 23:02:42,987 - DOMAIN INFO
INFO 2021-07-04 23:02:42,987 - {
    "DOMAIN": "wpc89.com", 
    "EXPIRATION": "2021-07-14 08:28:41", 
    "DAYS": "9 days, 9:25:59"
}
DEBUG 2021-07-04 23:02:43,994 - ####################################################################################################
DEBUG 2021-07-04 23:02:43,999 - DOMAIN INFO
INFO 2021-07-04 23:02:43,999 - {
    "DOMAIN": "www.wpc89.com", 
    "EXPIRATION": "2021-07-14 08:28:41", 
    "DAYS": "9 days, 9:25:58"
}
DEBUG 2021-07-04 23:24:26,943 - ####################################################################################################
DEBUG 2021-07-04 23:24:26,948 - DOMAIN INFO
INFO 2021-07-04 23:24:26,948 - {
    "DOMAIN": "www.wukongchat.com", 
    "EXPIRATION": "2021-07-18 17:04:26", 
    "DAYS": "13 days, 17:40:00"
}
DEBUG 2021-07-04 23:32:18,105 - ####################################################################################################
DEBUG 2021-07-04 23:32:18,111 - DOMAIN INFO
INFO 2021-07-04 23:32:18,111 - {
    "DOMAIN": "tochat333.com", 
    "EXPIRATION": "2021-07-19 16:18:13", 
    "DAYS": "14 days, 16:45:55"
}
DEBUG 2021-07-04 23:32:22,232 - ####################################################################################################
DEBUG 2021-07-04 23:32:22,238 - DOMAIN INFO
INFO 2021-07-04 23:32:22,238 - {
    "DOMAIN": "jbl.live", 
    "EXPIRATION": "2021-07-19 20:00:00", 
    "DAYS": "14 days, 20:27:38"
}
DEBUG 2021-07-04 23:32:23,789 - ####################################################################################################
DEBUG 2021-07-04 23:32:23,795 - DOMAIN INFO
INFO 2021-07-04 23:32:23,795 - {
    "DOMAIN": "www.jbl.live", 
    "EXPIRATION": "2021-07-19 20:00:00", 
    "DAYS": "14 days, 20:27:37"
}
