DEBUG 2021-07-14 00:26:16,229 - ####################################################################################################
DEBUG 2021-07-14 00:26:16,236 - DOMAIN INFO
INFO 2021-07-14 00:26:16,236 - {
    "DOMAIN": "gci.987byh.com", 
    "EXPIRATION": "2021-07-30 07:59:59", 
    "DAYS": "16 days, 7:33:43"
}
DEBUG 2021-07-14 00:31:17,834 - ####################################################################################################
DEBUG 2021-07-14 00:31:17,834 - ####################################################################################################
DEBUG 2021-07-14 00:31:17,839 - DOMAIN INFO
INFO 2021-07-14 00:31:17,840 - {
    "DOMAIN": "jsh521.com", 
    "EXPIRATION": "2021-09-27 14:32:43", 
    "DAYS": "75 days, 14:01:26"
}
DEBUG 2021-07-14 00:31:17,840 - DOMAIN INFO
INFO 2021-07-14 00:31:17,840 - {
    "DOMAIN": "www.jsh521.com", 
    "EXPIRATION": "2021-09-27 14:32:43", 
    "DAYS": "75 days, 14:01:26"
}
DEBUG 2021-07-14 00:31:30,578 - ####################################################################################################
DEBUG 2021-07-14 00:31:30,583 - DOMAIN INFO
INFO 2021-07-14 00:31:30,584 - {
    "DOMAIN": "www.eu590.com", 
    "EXPIRATION": "2021-09-27 23:04:45", 
    "DAYS": "75 days, 22:33:15"
}
DEBUG 2021-07-14 00:31:31,008 - ####################################################################################################
DEBUG 2021-07-14 00:31:31,014 - DOMAIN INFO
INFO 2021-07-14 00:31:31,014 - {
    "DOMAIN": "eu590.com", 
    "EXPIRATION": "2021-09-27 23:04:45", 
    "DAYS": "75 days, 22:33:15"
}
DEBUG 2021-07-14 00:36:50,248 - ####################################################################################################
DEBUG 2021-07-14 00:36:50,255 - DOMAIN PYTHON ERROR
INFO 2021-07-14 00:36:50,255 - {
    "DOMAIN": "eu2018.net", 
    "PYTHON ERROR": "hostname 'eu2018.net' doesn't match either of '*.facebook.com', '*.facebook.net', '*.fbcdn.net', '*.fbsbx.com', '*.m.facebook.com', '*.messenger.com', '*.xx.fbcdn.net', '*.xy.fbcdn.net', '*.xz.fbcdn.net', 'facebook.com', 'messenger.com'", 
    "DOMAIN_CURL": 76
}
DEBUG 2021-07-14 00:36:51,441 - ####################################################################################################
DEBUG 2021-07-14 00:36:51,447 - DOMAIN PYTHON ERROR
INFO 2021-07-14 00:36:51,448 - {
    "DOMAIN": "ying88888.com", 
    "PYTHON ERROR": "[Errno 101] Network is unreachable", 
    "DOMAIN_CURL": 75
}
DEBUG 2021-07-14 00:36:54,569 - ####################################################################################################
DEBUG 2021-07-14 00:36:54,575 - DOMAIN PYTHON ERROR
INFO 2021-07-14 00:36:54,575 - {
    "DOMAIN": "xt099.com", 
    "PYTHON ERROR": "[Errno -2] Name or service not known", 
    "DOMAIN_CURL": 74
}
DEBUG 2021-07-14 00:36:56,852 - ####################################################################################################
DEBUG 2021-07-14 00:36:56,859 - DOMAIN PYTHON ERROR
INFO 2021-07-14 00:36:56,859 - {
    "DOMAIN": "jin172.com", 
    "PYTHON ERROR": "[Errno 101] Network is unreachable", 
    "DOMAIN_CURL": 75
}
DEBUG 2021-07-14 00:39:20,122 - ####################################################################################################
DEBUG 2021-07-14 00:39:20,128 - DOMAIN PYTHON ERROR
INFO 2021-07-14 00:39:20,128 - {
    "DOMAIN": "a2202.com", 
    "PYTHON ERROR": "[Errno 110] Connection timed out", 
    "DOMAIN_CURL": 0
}
DEBUG 2021-07-14 01:26:13,760 - ####################################################################################################
DEBUG 2021-07-14 01:26:13,766 - DOMAIN INFO
INFO 2021-07-14 01:26:13,767 - {
    "DOMAIN": "gci.987byh.com", 
    "EXPIRATION": "2021-07-30 07:59:59", 
    "DAYS": "16 days, 6:33:46"
}
DEBUG 2021-07-14 01:31:22,452 - ####################################################################################################
DEBUG 2021-07-14 01:31:22,457 - DOMAIN INFO
INFO 2021-07-14 01:31:22,457 - {
    "DOMAIN": "jsh521.com", 
    "EXPIRATION": "2021-09-27 14:32:43", 
    "DAYS": "75 days, 13:01:21"
}
DEBUG 2021-07-14 01:31:22,915 - ####################################################################################################
DEBUG 2021-07-14 01:31:22,921 - DOMAIN INFO
INFO 2021-07-14 01:31:22,921 - {
    "DOMAIN": "www.jsh521.com", 
    "EXPIRATION": "2021-09-27 14:32:43", 
    "DAYS": "75 days, 13:01:21"
}
DEBUG 2021-07-14 01:31:33,080 - ####################################################################################################
DEBUG 2021-07-14 01:31:33,086 - DOMAIN INFO
INFO 2021-07-14 01:31:33,086 - {
    "DOMAIN": "www.eu590.com", 
    "EXPIRATION": "2021-09-27 23:04:45", 
    "DAYS": "75 days, 21:33:12"
}
DEBUG 2021-07-14 01:31:34,017 - ####################################################################################################
DEBUG 2021-07-14 01:31:34,024 - DOMAIN INFO
INFO 2021-07-14 01:31:34,024 - {
    "DOMAIN": "eu590.com", 
    "EXPIRATION": "2021-09-27 23:04:45", 
    "DAYS": "75 days, 21:33:11"
}
DEBUG 2021-07-14 01:36:55,416 - ####################################################################################################
DEBUG 2021-07-14 01:36:55,422 - DOMAIN INFO
INFO 2021-07-14 01:36:55,423 - {
    "DOMAIN": "ying88888.com", 
    "EXPIRATION": "2021-09-27 10:43:24", 
    "DAYS": "75 days, 9:06:29"
}
DEBUG 2021-07-14 01:36:59,903 - ####################################################################################################
DEBUG 2021-07-14 01:36:59,908 - DOMAIN PYTHON ERROR
INFO 2021-07-14 01:36:59,908 - {
    "DOMAIN": "eu2018.net", 
    "PYTHON ERROR": "[Errno 101] Network is unreachable", 
    "DOMAIN_CURL": 76
}
DEBUG 2021-07-14 01:37:03,019 - ####################################################################################################
DEBUG 2021-07-14 01:37:03,025 - DOMAIN PYTHON ERROR
INFO 2021-07-14 01:37:03,025 - {
    "DOMAIN": "xt099.com", 
    "PYTHON ERROR": "[Errno -2] Name or service not known", 
    "DOMAIN_CURL": 74
}
DEBUG 2021-07-14 01:37:08,923 - ####################################################################################################
DEBUG 2021-07-14 01:37:08,930 - DOMAIN PYTHON ERROR
INFO 2021-07-14 01:37:08,930 - {
    "DOMAIN": "jin172.com", 
    "PYTHON ERROR": "[Errno 101] Network is unreachable", 
    "DOMAIN_CURL": 75
}
DEBUG 2021-07-14 01:37:23,420 - ####################################################################################################
DEBUG 2021-07-14 01:37:23,426 - DOMAIN PYTHON ERROR
INFO 2021-07-14 01:37:23,426 - {
    "DOMAIN": "a2202.com", 
    "PYTHON ERROR": "[Errno 110] Connection timed out", 
    "DOMAIN_CURL": 0
}
DEBUG 2021-07-14 01:38:03,185 - ####################################################################################################
DEBUG 2021-07-14 01:38:03,192 - DOMAIN PYTHON ERROR
INFO 2021-07-14 01:38:03,192 - {
    "DOMAIN": "www.a2202.com", 
    "PYTHON ERROR": "[Errno 110] Connection timed out", 
    "DOMAIN_CURL": 0
}
DEBUG 2021-07-14 02:26:17,091 - ####################################################################################################
DEBUG 2021-07-14 02:26:17,097 - DOMAIN INFO
INFO 2021-07-14 02:26:17,097 - {
    "DOMAIN": "gci.987byh.com", 
    "EXPIRATION": "2021-07-30 07:59:59", 
    "DAYS": "16 days, 5:33:42"
}
DEBUG 2021-07-14 02:31:18,838 - ####################################################################################################
DEBUG 2021-07-14 02:31:18,843 - DOMAIN INFO
INFO 2021-07-14 02:31:18,843 - {
    "DOMAIN": "jsh521.com", 
    "EXPIRATION": "2021-09-27 14:32:43", 
    "DAYS": "75 days, 12:01:25"
}
DEBUG 2021-07-14 02:31:19,579 - ####################################################################################################
DEBUG 2021-07-14 02:31:19,585 - DOMAIN INFO
INFO 2021-07-14 02:31:19,585 - {
    "DOMAIN": "www.jsh521.com", 
    "EXPIRATION": "2021-09-27 14:32:43", 
    "DAYS": "75 days, 12:01:24"
}
DEBUG 2021-07-14 02:31:32,646 - ####################################################################################################
DEBUG 2021-07-14 02:31:32,651 - DOMAIN INFO
INFO 2021-07-14 02:31:32,651 - {
    "DOMAIN": "www.eu590.com", 
    "EXPIRATION": "2021-09-27 23:04:45", 
    "DAYS": "75 days, 20:33:13"
}
DEBUG 2021-07-14 02:31:32,868 - ####################################################################################################
DEBUG 2021-07-14 02:31:32,875 - DOMAIN INFO
INFO 2021-07-14 02:31:32,875 - {
    "DOMAIN": "eu590.com", 
    "EXPIRATION": "2021-09-27 23:04:45", 
    "DAYS": "75 days, 20:33:13"
}
DEBUG 2021-07-14 02:37:02,059 - ####################################################################################################
DEBUG 2021-07-14 02:37:02,064 - DOMAIN PYTHON ERROR
INFO 2021-07-14 02:37:02,064 - {
    "DOMAIN": "xt099.com", 
    "PYTHON ERROR": "[Errno -2] Name or service not known", 
    "DOMAIN_CURL": 74
}
DEBUG 2021-07-14 02:37:02,824 - ####################################################################################################
DEBUG 2021-07-14 02:37:02,831 - DOMAIN PYTHON ERROR
INFO 2021-07-14 02:37:02,831 - {
    "DOMAIN": "eu2018.net", 
    "PYTHON ERROR": "hostname 'eu2018.net' doesn't match either of '*.facebook.com', '*.facebook.net', '*.fbcdn.net', '*.fbsbx.com', '*.m.facebook.com', '*.messenger.com', '*.xx.fbcdn.net', '*.xy.fbcdn.net', '*.xz.fbcdn.net', 'facebook.com', 'messenger.com'", 
    "DOMAIN_CURL": 76
}
DEBUG 2021-07-14 02:37:05,457 - ####################################################################################################
DEBUG 2021-07-14 02:37:05,463 - DOMAIN PYTHON ERROR
INFO 2021-07-14 02:37:05,464 - {
    "DOMAIN": "ying88888.com", 
    "PYTHON ERROR": "('_ssl.c:602: The handshake operation timed out',)", 
    "DOMAIN_CURL": 75
}
DEBUG 2021-07-14 02:37:06,374 - ####################################################################################################
DEBUG 2021-07-14 02:37:06,380 - DOMAIN PYTHON ERROR
INFO 2021-07-14 02:37:06,380 - {
    "DOMAIN": "jin172.com", 
    "PYTHON ERROR": "hostname 'jin172.com' doesn't match either of 'dropbox.com', 'www.dropbox.com', 'support.dropbox.com', 'live.dropbox.com', 'opensource.dropbox.com', 'linux.dropbox.com', 'texter.dropbox.com'", 
    "DOMAIN_CURL": 75
}
DEBUG 2021-07-14 02:37:38,269 - ####################################################################################################
DEBUG 2021-07-14 02:37:38,275 - DOMAIN PYTHON ERROR
INFO 2021-07-14 02:37:38,275 - {
    "DOMAIN": "a2202.com", 
    "PYTHON ERROR": "[Errno 110] Connection timed out", 
    "DOMAIN_CURL": 0
}
DEBUG 2021-07-14 02:38:17,485 - ####################################################################################################
DEBUG 2021-07-14 02:38:17,491 - DOMAIN PYTHON ERROR
INFO 2021-07-14 02:38:17,491 - {
    "DOMAIN": "www.a2202.com", 
    "PYTHON ERROR": "[Errno 110] Connection timed out", 
    "DOMAIN_CURL": 0
}
DEBUG 2021-07-14 03:26:15,526 - ####################################################################################################
DEBUG 2021-07-14 03:26:15,533 - DOMAIN INFO
INFO 2021-07-14 03:26:15,533 - {
    "DOMAIN": "gci.987byh.com", 
    "EXPIRATION": "2021-07-30 07:59:59", 
    "DAYS": "16 days, 4:33:44"
}
DEBUG 2021-07-14 03:31:19,429 - ####################################################################################################
DEBUG 2021-07-14 03:31:19,434 - DOMAIN INFO
INFO 2021-07-14 03:31:19,435 - {
    "DOMAIN": "jsh521.com", 
    "EXPIRATION": "2021-09-27 14:32:43", 
    "DAYS": "75 days, 11:01:24"
}
DEBUG 2021-07-14 03:31:19,855 - ####################################################################################################
DEBUG 2021-07-14 03:31:19,860 - DOMAIN INFO
INFO 2021-07-14 03:31:19,860 - {
    "DOMAIN": "www.jsh521.com", 
    "EXPIRATION": "2021-09-27 14:32:43", 
    "DAYS": "75 days, 11:01:24"
}
DEBUG 2021-07-14 03:31:33,442 - ####################################################################################################
DEBUG 2021-07-14 03:31:33,448 - DOMAIN INFO
INFO 2021-07-14 03:31:33,449 - {
    "DOMAIN": "www.eu590.com", 
    "EXPIRATION": "2021-09-27 23:04:45", 
    "DAYS": "75 days, 19:33:12"
}
DEBUG 2021-07-14 03:31:33,869 - ####################################################################################################
DEBUG 2021-07-14 03:31:33,875 - DOMAIN INFO
INFO 2021-07-14 03:31:33,875 - {
    "DOMAIN": "eu590.com", 
    "EXPIRATION": "2021-09-27 23:04:45", 
    "DAYS": "75 days, 19:33:12"
}
DEBUG 2021-07-14 03:36:58,603 - ####################################################################################################
DEBUG 2021-07-14 03:36:58,609 - DOMAIN PYTHON ERROR
INFO 2021-07-14 03:36:58,609 - {
    "DOMAIN": "ying88888.com", 
    "PYTHON ERROR": "[Errno 110] Connection timed out", 
    "DOMAIN_CURL": 74
}
DEBUG 2021-07-14 03:37:02,489 - ####################################################################################################
DEBUG 2021-07-14 03:37:02,494 - DOMAIN PYTHON ERROR
INFO 2021-07-14 03:37:02,494 - {
    "DOMAIN": "eu2018.net", 
    "PYTHON ERROR": "[Errno 101] Network is unreachable", 
    "DOMAIN_CURL": 76
}
DEBUG 2021-07-14 03:37:02,709 - ####################################################################################################
DEBUG 2021-07-14 03:37:02,715 - DOMAIN PYTHON ERROR
INFO 2021-07-14 03:37:02,715 - {
    "DOMAIN": "xt099.com", 
    "PYTHON ERROR": "[Errno -2] Name or service not known", 
    "DOMAIN_CURL": 74
}
DEBUG 2021-07-14 03:37:10,189 - ####################################################################################################
DEBUG 2021-07-14 03:37:10,194 - DOMAIN PYTHON ERROR
INFO 2021-07-14 03:37:10,194 - {
    "DOMAIN": "jin172.com", 
    "PYTHON ERROR": "[Errno 101] Network is unreachable", 
    "DOMAIN_CURL": 74
}
DEBUG 2021-07-14 03:37:22,787 - ####################################################################################################
DEBUG 2021-07-14 03:37:22,792 - DOMAIN PYTHON ERROR
INFO 2021-07-14 03:37:22,792 - {
    "DOMAIN": "a2202.com", 
    "PYTHON ERROR": "[Errno 110] Connection timed out", 
    "DOMAIN_CURL": 0
}
DEBUG 2021-07-14 04:26:16,184 - ####################################################################################################
DEBUG 2021-07-14 04:26:16,191 - DOMAIN INFO
INFO 2021-07-14 04:26:16,191 - {
    "DOMAIN": "gci.987byh.com", 
    "EXPIRATION": "2021-07-30 07:59:59", 
    "DAYS": "16 days, 3:33:43"
}
DEBUG 2021-07-14 04:31:20,581 - ####################################################################################################
DEBUG 2021-07-14 04:31:20,587 - DOMAIN INFO
INFO 2021-07-14 04:31:20,587 - {
    "DOMAIN": "jsh521.com", 
    "EXPIRATION": "2021-09-27 14:32:43", 
    "DAYS": "75 days, 10:01:23"
}
DEBUG 2021-07-14 04:31:21,675 - ####################################################################################################
DEBUG 2021-07-14 04:31:21,681 - DOMAIN INFO
INFO 2021-07-14 04:31:21,681 - {
    "DOMAIN": "www.jsh521.com", 
    "EXPIRATION": "2021-09-27 14:32:43", 
    "DAYS": "75 days, 10:01:22"
}
DEBUG 2021-07-14 04:31:33,365 - ####################################################################################################
DEBUG 2021-07-14 04:31:33,372 - DOMAIN INFO
INFO 2021-07-14 04:31:33,372 - {
    "DOMAIN": "www.eu590.com", 
    "EXPIRATION": "2021-09-27 23:04:45", 
    "DAYS": "75 days, 18:33:12"
}
DEBUG 2021-07-14 04:31:33,860 - ####################################################################################################
DEBUG 2021-07-14 04:31:33,866 - DOMAIN INFO
INFO 2021-07-14 04:31:33,866 - {
    "DOMAIN": "eu590.com", 
    "EXPIRATION": "2021-09-27 23:04:45", 
    "DAYS": "75 days, 18:33:12"
}
DEBUG 2021-07-14 04:36:55,186 - ####################################################################################################
DEBUG 2021-07-14 04:36:55,192 - DOMAIN INFO
INFO 2021-07-14 04:36:55,193 - {
    "DOMAIN": "ying88888.com", 
    "EXPIRATION": "2021-09-27 10:43:24", 
    "DAYS": "75 days, 6:06:29"
}
DEBUG 2021-07-14 04:36:56,261 - ####################################################################################################
DEBUG 2021-07-14 04:36:56,266 - DOMAIN INFO
INFO 2021-07-14 04:36:56,266 - {
    "DOMAIN": "eu2018.net", 
    "EXPIRATION": "2021-09-29 06:49:08", 
    "DAYS": "77 days, 2:12:12"
}
DEBUG 2021-07-14 04:37:04,036 - ####################################################################################################
DEBUG 2021-07-14 04:37:04,042 - DOMAIN PYTHON ERROR
INFO 2021-07-14 04:37:04,042 - {
    "DOMAIN": "xt099.com", 
    "PYTHON ERROR": "[Errno -2] Name or service not known", 
    "DOMAIN_CURL": 74
}
DEBUG 2021-07-14 04:37:08,864 - ####################################################################################################
DEBUG 2021-07-14 04:37:08,870 - DOMAIN PYTHON ERROR
INFO 2021-07-14 04:37:08,870 - {
    "DOMAIN": "jin172.com", 
    "PYTHON ERROR": "[Errno 101] Network is unreachable", 
    "DOMAIN_CURL": 74
}
DEBUG 2021-07-14 04:37:22,882 - ####################################################################################################
DEBUG 2021-07-14 04:37:22,887 - DOMAIN PYTHON ERROR
INFO 2021-07-14 04:37:22,887 - {
    "DOMAIN": "a2202.com", 
    "PYTHON ERROR": "[Errno 110] Connection timed out", 
    "DOMAIN_CURL": 0
}
DEBUG 2021-07-14 04:38:02,050 - ####################################################################################################
DEBUG 2021-07-14 04:38:02,055 - DOMAIN PYTHON ERROR
INFO 2021-07-14 04:38:02,055 - {
    "DOMAIN": "www.a2202.com", 
    "PYTHON ERROR": "[Errno 110] Connection timed out", 
    "DOMAIN_CURL": 0
}
DEBUG 2021-07-14 05:26:18,188 - ####################################################################################################
DEBUG 2021-07-14 05:26:18,194 - DOMAIN INFO
INFO 2021-07-14 05:26:18,194 - {
    "DOMAIN": "gci.987byh.com", 
    "EXPIRATION": "2021-07-30 07:59:59", 
    "DAYS": "16 days, 2:33:41"
}
DEBUG 2021-07-14 05:31:18,357 - ####################################################################################################
DEBUG 2021-07-14 05:31:18,361 - DOMAIN INFO
INFO 2021-07-14 05:31:18,362 - {
    "DOMAIN": "jsh521.com", 
    "EXPIRATION": "2021-09-27 14:32:43", 
    "DAYS": "75 days, 9:01:25"
}
DEBUG 2021-07-14 05:31:18,568 - ####################################################################################################
DEBUG 2021-07-14 05:31:18,574 - DOMAIN INFO
INFO 2021-07-14 05:31:18,575 - {
    "DOMAIN": "www.jsh521.com", 
    "EXPIRATION": "2021-09-27 14:32:43", 
    "DAYS": "75 days, 9:01:25"
}
DEBUG 2021-07-14 05:36:59,423 - ####################################################################################################
DEBUG 2021-07-14 05:36:59,429 - DOMAIN PYTHON ERROR
INFO 2021-07-14 05:36:59,430 - {
    "DOMAIN": "ying88888.com", 
    "PYTHON ERROR": "[Errno 101] Network is unreachable", 
    "DOMAIN_CURL": 74
}
DEBUG 2021-07-14 05:37:00,926 - ####################################################################################################
DEBUG 2021-07-14 05:37:00,932 - DOMAIN PYTHON ERROR
INFO 2021-07-14 05:37:00,932 - {
    "DOMAIN": "eu2018.net", 
    "PYTHON ERROR": "[Errno 101] Network is unreachable", 
    "DOMAIN_CURL": 76
}
DEBUG 2021-07-14 05:37:02,188 - ####################################################################################################
DEBUG 2021-07-14 05:37:02,194 - DOMAIN PYTHON ERROR
INFO 2021-07-14 05:37:02,194 - {
    "DOMAIN": "xt099.com", 
    "PYTHON ERROR": "[Errno -2] Name or service not known", 
    "DOMAIN_CURL": 74
}
DEBUG 2021-07-14 05:37:23,790 - ####################################################################################################
DEBUG 2021-07-14 05:37:23,795 - DOMAIN PYTHON ERROR
INFO 2021-07-14 05:37:23,795 - {
    "DOMAIN": "a2202.com", 
    "PYTHON ERROR": "[Errno 110] Connection timed out", 
    "DOMAIN_CURL": 0
}
DEBUG 2021-07-14 05:41:56,918 - ####################################################################################################
DEBUG 2021-07-14 05:41:56,926 - DOMAIN INFO
INFO 2021-07-14 05:41:56,926 - {
    "DOMAIN": "52030000.com", 
    "EXPIRATION": "2021-09-27 15:11:53", 
    "DAYS": "75 days, 9:29:57"
}
DEBUG 2021-07-14 05:41:58,776 - ####################################################################################################
DEBUG 2021-07-14 05:41:58,782 - DOMAIN INFO
INFO 2021-07-14 05:41:58,782 - {
    "DOMAIN": "xindeli9.com", 
    "EXPIRATION": "2021-09-27 07:05:51", 
    "DAYS": "75 days, 1:23:53"
}
DEBUG 2021-07-14 05:42:02,213 - ####################################################################################################
DEBUG 2021-07-14 05:42:02,218 - DOMAIN INFO
INFO 2021-07-14 05:42:02,218 - {
    "DOMAIN": "jsh321.com", 
    "EXPIRATION": "2021-09-26 23:44:45", 
    "DAYS": "74 days, 18:02:43"
}
DEBUG 2021-07-14 05:42:02,374 - ####################################################################################################
DEBUG 2021-07-14 05:42:02,380 - DOMAIN INFO
INFO 2021-07-14 05:42:02,380 - {
    "DOMAIN": "b6363a.com", 
    "EXPIRATION": "2021-09-27 03:16:13", 
    "DAYS": "74 days, 21:34:11"
}
DEBUG 2021-07-14 05:42:03,030 - ####################################################################################################
DEBUG 2021-07-14 05:42:03,036 - DOMAIN PYTHON ERROR
INFO 2021-07-14 05:42:03,036 - {
    "DOMAIN": "eu55555.com", 
    "PYTHON ERROR": "[Errno -2] Name or service not known", 
    "DOMAIN_CURL": 0
}
DEBUG 2021-07-14 05:42:04,114 - ####################################################################################################
DEBUG 2021-07-14 05:42:04,120 - DOMAIN INFO
INFO 2021-07-14 05:42:04,121 - {
    "DOMAIN": "xbet007.com", 
    "EXPIRATION": "2021-09-26 23:49:49", 
    "DAYS": "74 days, 18:07:45"
}
DEBUG 2021-07-14 05:42:05,269 - ####################################################################################################
DEBUG 2021-07-14 05:42:05,275 - DOMAIN INFO
INFO 2021-07-14 05:42:05,275 - {
    "DOMAIN": "cf816.com", 
    "EXPIRATION": "2021-10-02 23:50:54", 
    "DAYS": "80 days, 18:08:49"
}
DEBUG 2021-07-14 06:26:15,901 - ####################################################################################################
DEBUG 2021-07-14 06:26:15,906 - DOMAIN INFO
INFO 2021-07-14 06:26:15,906 - {
    "DOMAIN": "gci.987byh.com", 
    "EXPIRATION": "2021-07-30 07:59:59", 
    "DAYS": "16 days, 1:33:44"
}
DEBUG 2021-07-14 06:31:18,979 - ####################################################################################################
DEBUG 2021-07-14 06:31:18,984 - DOMAIN INFO
INFO 2021-07-14 06:31:18,984 - {
    "DOMAIN": "jsh521.com", 
    "EXPIRATION": "2021-09-27 14:32:43", 
    "DAYS": "75 days, 8:01:25"
}
DEBUG 2021-07-14 06:31:19,338 - ####################################################################################################
DEBUG 2021-07-14 06:31:19,343 - DOMAIN INFO
INFO 2021-07-14 06:31:19,343 - {
    "DOMAIN": "www.jsh521.com", 
    "EXPIRATION": "2021-09-27 14:32:43", 
    "DAYS": "75 days, 8:01:24"
}
DEBUG 2021-07-14 06:36:52,363 - ####################################################################################################
DEBUG 2021-07-14 06:36:52,370 - DOMAIN INFO
INFO 2021-07-14 06:36:52,370 - {
    "DOMAIN": "ying88888.com", 
    "EXPIRATION": "2021-09-27 10:43:24", 
    "DAYS": "75 days, 4:06:32"
}
DEBUG 2021-07-14 06:36:58,349 - ####################################################################################################
DEBUG 2021-07-14 06:36:58,354 - DOMAIN PYTHON ERROR
INFO 2021-07-14 06:36:58,355 - {
    "DOMAIN": "eu2018.net", 
    "PYTHON ERROR": "[Errno 101] Network is unreachable", 
    "DOMAIN_CURL": 76
}
DEBUG 2021-07-14 06:37:01,728 - ####################################################################################################
DEBUG 2021-07-14 06:37:01,734 - DOMAIN PYTHON ERROR
INFO 2021-07-14 06:37:01,734 - {
    "DOMAIN": "xt099.com", 
    "PYTHON ERROR": "[Errno -2] Name or service not known", 
    "DOMAIN_CURL": 74
}
DEBUG 2021-07-14 06:37:22,634 - ####################################################################################################
DEBUG 2021-07-14 06:37:22,640 - DOMAIN PYTHON ERROR
INFO 2021-07-14 06:37:22,640 - {
    "DOMAIN": "a2202.com", 
    "PYTHON ERROR": "[Errno 110] Connection timed out", 
    "DOMAIN_CURL": 0
}
DEBUG 2021-07-14 06:38:02,759 - ####################################################################################################
DEBUG 2021-07-14 06:38:02,765 - DOMAIN PYTHON ERROR
INFO 2021-07-14 06:38:02,765 - {
    "DOMAIN": "www.a2202.com", 
    "PYTHON ERROR": "[Errno 110] Connection timed out", 
    "DOMAIN_CURL": 0
}
DEBUG 2021-07-14 06:41:54,960 - ####################################################################################################
DEBUG 2021-07-14 06:41:54,966 - DOMAIN PYTHON ERROR
INFO 2021-07-14 06:41:54,966 - {
    "DOMAIN": "eu55555.com", 
    "PYTHON ERROR": "[Errno -2] Name or service not known", 
    "DOMAIN_CURL": 0
}
DEBUG 2021-07-14 06:41:57,381 - ####################################################################################################
DEBUG 2021-07-14 06:41:57,388 - DOMAIN INFO
INFO 2021-07-14 06:41:57,388 - {
    "DOMAIN": "cf816.com", 
    "EXPIRATION": "2021-10-02 23:50:54", 
    "DAYS": "80 days, 17:08:57"
}
DEBUG 2021-07-14 06:42:02,200 - ####################################################################################################
DEBUG 2021-07-14 06:42:02,206 - DOMAIN INFO
INFO 2021-07-14 06:42:02,206 - {
    "DOMAIN": "rb168.net", 
    "EXPIRATION": "2021-09-27 10:56:24", 
    "DAYS": "75 days, 4:14:22"
}
DEBUG 2021-07-14 06:42:03,407 - ####################################################################################################
DEBUG 2021-07-14 06:42:03,413 - DOMAIN INFO
INFO 2021-07-14 06:42:03,413 - {
    "DOMAIN": "jinshihao6.com", 
    "EXPIRATION": "2021-09-26 23:46:54", 
    "DAYS": "74 days, 17:04:51"
}
DEBUG 2021-07-14 06:42:04,100 - ####################################################################################################
DEBUG 2021-07-14 06:42:04,106 - DOMAIN INFO
INFO 2021-07-14 06:42:04,106 - {
    "DOMAIN": "xbet999.com", 
    "EXPIRATION": "2021-09-26 00:05:40", 
    "DAYS": "73 days, 17:23:36"
}
DEBUG 2021-07-14 06:42:04,910 - ####################################################################################################
DEBUG 2021-07-14 06:42:04,916 - DOMAIN INFO
INFO 2021-07-14 06:42:04,916 - {
    "DOMAIN": "xindeli005.com", 
    "EXPIRATION": "2021-09-27 07:27:35", 
    "DAYS": "75 days, 0:45:31"
}
DEBUG 2021-07-14 06:42:06,869 - ####################################################################################################
DEBUG 2021-07-14 06:42:06,874 - DOMAIN INFO
INFO 2021-07-14 06:42:06,875 - {
    "DOMAIN": "55622000.com", 
    "EXPIRATION": "2021-09-27 23:16:40", 
    "DAYS": "75 days, 16:34:34"
}
DEBUG 2021-07-14 06:42:09,746 - ####################################################################################################
DEBUG 2021-07-14 06:42:09,753 - DOMAIN INFO
INFO 2021-07-14 06:42:09,753 - {
    "DOMAIN": "bzj222.com", 
    "EXPIRATION": "2021-09-27 14:45:12", 
    "DAYS": "75 days, 8:03:03"
}
DEBUG 2021-07-14 06:42:11,135 - ####################################################################################################
DEBUG 2021-07-14 06:42:11,141 - DOMAIN PYTHON ERROR
INFO 2021-07-14 06:42:11,141 - {
    "DOMAIN": "jin172.com", 
    "PYTHON ERROR": "[Errno 101] Network is unreachable", 
    "DOMAIN_CURL": 74
}
DEBUG 2021-07-14 06:42:13,585 - ####################################################################################################
DEBUG 2021-07-14 06:42:13,591 - DOMAIN PYTHON ERROR
INFO 2021-07-14 06:42:13,591 - {
    "DOMAIN": "www.eu590.com", 
    "PYTHON ERROR": "hostname 'www.eu590.com' doesn't match either of '*.facebook.com', '*.facebook.net', '*.fbcdn.net', '*.fbsbx.com', '*.m.facebook.com', '*.messenger.com', '*.xx.fbcdn.net', '*.xy.fbcdn.net', '*.xz.fbcdn.net', 'facebook.com', 'messenger.com'", 
    "DOMAIN_CURL": 75
}
DEBUG 2021-07-14 06:42:14,543 - ####################################################################################################
DEBUG 2021-07-14 06:42:14,550 - DOMAIN PYTHON ERROR
INFO 2021-07-14 06:42:14,550 - {
    "DOMAIN": "eu590.com", 
    "PYTHON ERROR": "hostname 'eu590.com' doesn't match either of '*.facebook.com', '*.facebook.net', '*.fbcdn.net', '*.fbsbx.com', '*.m.facebook.com', '*.messenger.com', '*.xx.fbcdn.net', '*.xy.fbcdn.net', '*.xz.fbcdn.net', 'facebook.com', 'messenger.com'", 
    "DOMAIN_CURL": 75
}
DEBUG 2021-07-14 07:26:15,209 - ####################################################################################################
DEBUG 2021-07-14 07:26:15,215 - DOMAIN INFO
INFO 2021-07-14 07:26:15,215 - {
    "DOMAIN": "gci.987byh.com", 
    "EXPIRATION": "2021-07-30 07:59:59", 
    "DAYS": "16 days, 0:33:44"
}
DEBUG 2021-07-14 07:36:58,343 - ####################################################################################################
DEBUG 2021-07-14 07:36:58,350 - DOMAIN PYTHON ERROR
INFO 2021-07-14 07:36:58,350 - {
    "DOMAIN": "eu2018.net", 
    "PYTHON ERROR": "[Errno 101] Network is unreachable", 
    "DOMAIN_CURL": 76
}
DEBUG 2021-07-14 07:37:02,837 - ####################################################################################################
DEBUG 2021-07-14 07:37:02,844 - DOMAIN PYTHON ERROR
INFO 2021-07-14 07:37:02,844 - {
    "DOMAIN": "xt099.com", 
    "PYTHON ERROR": "[Errno -2] Name or service not known", 
    "DOMAIN_CURL": 74
}
DEBUG 2021-07-14 07:37:23,396 - ####################################################################################################
DEBUG 2021-07-14 07:37:23,402 - DOMAIN PYTHON ERROR
INFO 2021-07-14 07:37:23,402 - {
    "DOMAIN": "a2202.com", 
    "PYTHON ERROR": "[Errno 110] Connection timed out", 
    "DOMAIN_CURL": 0
}
DEBUG 2021-07-14 07:42:09,275 - ####################################################################################################
DEBUG 2021-07-14 07:42:09,281 - DOMAIN PYTHON ERROR
INFO 2021-07-14 07:42:09,281 - {
    "DOMAIN": "eu55555.com", 
    "PYTHON ERROR": "[Errno -2] Name or service not known", 
    "DOMAIN_CURL": 0
}
DEBUG 2021-07-14 08:26:14,386 - ####################################################################################################
DEBUG 2021-07-14 08:26:14,393 - DOMAIN INFO
INFO 2021-07-14 08:26:14,393 - {
    "DOMAIN": "gci.987byh.com", 
    "EXPIRATION": "2021-07-30 07:59:59", 
    "DAYS": "15 days, 23:33:45"
}
DEBUG 2021-07-14 08:36:54,289 - ####################################################################################################
DEBUG 2021-07-14 08:36:54,294 - DOMAIN PYTHON ERROR
INFO 2021-07-14 08:36:54,295 - {
    "DOMAIN": "eu2018.net", 
    "PYTHON ERROR": "hostname 'eu2018.net' doesn't match either of '*.ntdtv.com', 'ntdtv.com'", 
    "DOMAIN_CURL": 76
}
DEBUG 2021-07-14 08:36:59,507 - ####################################################################################################
DEBUG 2021-07-14 08:36:59,513 - DOMAIN PYTHON ERROR
INFO 2021-07-14 08:36:59,513 - {
    "DOMAIN": "xt099.com", 
    "PYTHON ERROR": "[Errno -2] Name or service not known", 
    "DOMAIN_CURL": 74
}
DEBUG 2021-07-14 08:37:23,412 - ####################################################################################################
DEBUG 2021-07-14 08:37:23,417 - DOMAIN PYTHON ERROR
INFO 2021-07-14 08:37:23,418 - {
    "DOMAIN": "a2202.com", 
    "PYTHON ERROR": "[Errno 110] Connection timed out", 
    "DOMAIN_CURL": 0
}
DEBUG 2021-07-14 08:42:10,570 - ####################################################################################################
DEBUG 2021-07-14 08:42:10,576 - DOMAIN PYTHON ERROR
INFO 2021-07-14 08:42:10,577 - {
    "DOMAIN": "eu55555.com", 
    "PYTHON ERROR": "[Errno -2] Name or service not known", 
    "DOMAIN_CURL": 0
}
DEBUG 2021-07-14 09:26:16,741 - ####################################################################################################
DEBUG 2021-07-14 09:26:16,748 - DOMAIN INFO
INFO 2021-07-14 09:26:16,748 - {
    "DOMAIN": "gci.987byh.com", 
    "EXPIRATION": "2021-07-30 07:59:59", 
    "DAYS": "15 days, 22:33:43"
}
DEBUG 2021-07-14 09:36:58,766 - ####################################################################################################
DEBUG 2021-07-14 09:36:58,772 - DOMAIN PYTHON ERROR
INFO 2021-07-14 09:36:58,773 - {
    "DOMAIN": "eu2018.net", 
    "PYTHON ERROR": "[Errno 101] Network is unreachable", 
    "DOMAIN_CURL": 76
}
DEBUG 2021-07-14 09:37:03,545 - ####################################################################################################
DEBUG 2021-07-14 09:37:03,551 - DOMAIN PYTHON ERROR
INFO 2021-07-14 09:37:03,551 - {
    "DOMAIN": "xt099.com", 
    "PYTHON ERROR": "[Errno -2] Name or service not known", 
    "DOMAIN_CURL": 74
}
DEBUG 2021-07-14 09:37:22,700 - ####################################################################################################
DEBUG 2021-07-14 09:37:22,705 - DOMAIN PYTHON ERROR
INFO 2021-07-14 09:37:22,706 - {
    "DOMAIN": "a2202.com", 
    "PYTHON ERROR": "[Errno 110] Connection timed out", 
    "DOMAIN_CURL": 0
}
DEBUG 2021-07-14 09:42:07,912 - ####################################################################################################
DEBUG 2021-07-14 09:42:07,918 - DOMAIN PYTHON ERROR
INFO 2021-07-14 09:42:07,918 - {
    "DOMAIN": "eu55555.com", 
    "PYTHON ERROR": "[Errno -2] Name or service not known", 
    "DOMAIN_CURL": 0
}
DEBUG 2021-07-14 10:26:18,377 - ####################################################################################################
DEBUG 2021-07-14 10:26:18,383 - DOMAIN INFO
INFO 2021-07-14 10:26:18,383 - {
    "DOMAIN": "gci.987byh.com", 
    "EXPIRATION": "2021-07-30 07:59:59", 
    "DAYS": "15 days, 21:33:41"
}
DEBUG 2021-07-14 10:36:57,332 - ####################################################################################################
DEBUG 2021-07-14 10:36:57,339 - DOMAIN PYTHON ERROR
INFO 2021-07-14 10:36:57,339 - {
    "DOMAIN": "eu2018.net", 
    "PYTHON ERROR": "[Errno 101] Network is unreachable", 
    "DOMAIN_CURL": 76
}
DEBUG 2021-07-14 10:37:00,986 - ####################################################################################################
DEBUG 2021-07-14 10:37:00,993 - DOMAIN PYTHON ERROR
INFO 2021-07-14 10:37:00,993 - {
    "DOMAIN": "xt099.com", 
    "PYTHON ERROR": "[Errno -2] Name or service not known", 
    "DOMAIN_CURL": 74
}
DEBUG 2021-07-14 10:37:22,370 - ####################################################################################################
DEBUG 2021-07-14 10:37:22,375 - DOMAIN PYTHON ERROR
INFO 2021-07-14 10:37:22,376 - {
    "DOMAIN": "a2202.com", 
    "PYTHON ERROR": "[Errno 110] Connection timed out", 
    "DOMAIN_CURL": 0
}
DEBUG 2021-07-14 10:42:07,927 - ####################################################################################################
DEBUG 2021-07-14 10:42:07,933 - DOMAIN PYTHON ERROR
INFO 2021-07-14 10:42:07,934 - {
    "DOMAIN": "eu55555.com", 
    "PYTHON ERROR": "[Errno -2] Name or service not known", 
    "DOMAIN_CURL": 0
}
DEBUG 2021-07-14 11:26:21,685 - ####################################################################################################
DEBUG 2021-07-14 11:26:21,692 - DOMAIN INFO
INFO 2021-07-14 11:26:21,692 - {
    "DOMAIN": "gci.987byh.com", 
    "EXPIRATION": "2021-07-30 07:59:59", 
    "DAYS": "15 days, 20:33:38"
}
DEBUG 2021-07-14 11:36:58,256 - ####################################################################################################
DEBUG 2021-07-14 11:36:58,261 - DOMAIN PYTHON ERROR
INFO 2021-07-14 11:36:58,261 - {
    "DOMAIN": "eu2018.net", 
    "PYTHON ERROR": "hostname 'eu2018.net' doesn't match either of '*.gridserver.com', 'gridserver.com'", 
    "DOMAIN_CURL": 76
}
DEBUG 2021-07-14 11:37:04,082 - ####################################################################################################
DEBUG 2021-07-14 11:37:04,088 - DOMAIN PYTHON ERROR
INFO 2021-07-14 11:37:04,088 - {
    "DOMAIN": "xt099.com", 
    "PYTHON ERROR": "[Errno -2] Name or service not known", 
    "DOMAIN_CURL": 74
}
DEBUG 2021-07-14 11:37:23,208 - ####################################################################################################
DEBUG 2021-07-14 11:37:23,213 - DOMAIN PYTHON ERROR
INFO 2021-07-14 11:37:23,213 - {
    "DOMAIN": "a2202.com", 
    "PYTHON ERROR": "[Errno 110] Connection timed out", 
    "DOMAIN_CURL": 0
}
DEBUG 2021-07-14 11:38:03,023 - ####################################################################################################
DEBUG 2021-07-14 11:38:03,029 - DOMAIN PYTHON ERROR
INFO 2021-07-14 11:38:03,030 - {
    "DOMAIN": "www.a2202.com", 
    "PYTHON ERROR": "[Errno 110] Connection timed out", 
    "DOMAIN_CURL": 0
}
DEBUG 2021-07-14 11:42:07,915 - ####################################################################################################
DEBUG 2021-07-14 11:42:07,922 - DOMAIN PYTHON ERROR
INFO 2021-07-14 11:42:07,922 - {
    "DOMAIN": "eu55555.com", 
    "PYTHON ERROR": "[Errno -2] Name or service not known", 
    "DOMAIN_CURL": 0
}
DEBUG 2021-07-14 12:26:20,838 - ####################################################################################################
DEBUG 2021-07-14 12:26:20,845 - DOMAIN INFO
INFO 2021-07-14 12:26:20,845 - {
    "DOMAIN": "gci.987byh.com", 
    "EXPIRATION": "2021-07-30 07:59:59", 
    "DAYS": "15 days, 19:33:39"
}
DEBUG 2021-07-14 12:37:01,971 - ####################################################################################################
DEBUG 2021-07-14 12:37:01,977 - DOMAIN PYTHON ERROR
INFO 2021-07-14 12:37:01,977 - {
    "DOMAIN": "eu2018.net", 
    "PYTHON ERROR": "[Errno 101] Network is unreachable", 
    "DOMAIN_CURL": 76
}
DEBUG 2021-07-14 12:37:03,990 - ####################################################################################################
DEBUG 2021-07-14 12:37:03,996 - DOMAIN PYTHON ERROR
INFO 2021-07-14 12:37:03,996 - {
    "DOMAIN": "xt099.com", 
    "PYTHON ERROR": "[Errno -2] Name or service not known", 
    "DOMAIN_CURL": 74
}
DEBUG 2021-07-14 12:37:22,487 - ####################################################################################################
DEBUG 2021-07-14 12:37:22,493 - DOMAIN PYTHON ERROR
INFO 2021-07-14 12:37:22,493 - {
    "DOMAIN": "a2202.com", 
    "PYTHON ERROR": "[Errno 110] Connection timed out", 
    "DOMAIN_CURL": 0
}
DEBUG 2021-07-14 12:42:13,704 - ####################################################################################################
DEBUG 2021-07-14 12:42:13,710 - DOMAIN PYTHON ERROR
INFO 2021-07-14 12:42:13,711 - {
    "DOMAIN": "eu55555.com", 
    "PYTHON ERROR": "[Errno -2] Name or service not known", 
    "DOMAIN_CURL": 0
}
DEBUG 2021-07-14 13:26:16,465 - ####################################################################################################
DEBUG 2021-07-14 13:26:16,472 - DOMAIN INFO
INFO 2021-07-14 13:26:16,472 - {
    "DOMAIN": "gci.987byh.com", 
    "EXPIRATION": "2021-07-30 07:59:59", 
    "DAYS": "15 days, 18:33:43"
}
DEBUG 2021-07-14 13:36:59,969 - ####################################################################################################
DEBUG 2021-07-14 13:36:59,974 - DOMAIN PYTHON ERROR
INFO 2021-07-14 13:36:59,975 - {
    "DOMAIN": "xt099.com", 
    "PYTHON ERROR": "[Errno -2] Name or service not known", 
    "DOMAIN_CURL": 74
}
DEBUG 2021-07-14 13:37:03,865 - ####################################################################################################
DEBUG 2021-07-14 13:37:03,872 - DOMAIN PYTHON ERROR
INFO 2021-07-14 13:37:03,872 - {
    "DOMAIN": "eu2018.net", 
    "PYTHON ERROR": "('_ssl.c:602: The handshake operation timed out',)", 
    "DOMAIN_CURL": 76
}
DEBUG 2021-07-14 13:37:39,546 - ####################################################################################################
DEBUG 2021-07-14 13:37:39,553 - DOMAIN PYTHON ERROR
INFO 2021-07-14 13:37:39,553 - {
    "DOMAIN": "a2202.com", 
    "PYTHON ERROR": "[Errno 110] Connection timed out", 
    "DOMAIN_CURL": 0
}
DEBUG 2021-07-14 13:38:19,561 - ####################################################################################################
DEBUG 2021-07-14 13:38:19,567 - DOMAIN PYTHON ERROR
INFO 2021-07-14 13:38:19,567 - {
    "DOMAIN": "www.a2202.com", 
    "PYTHON ERROR": "[Errno 110] Connection timed out", 
    "DOMAIN_CURL": 0
}
DEBUG 2021-07-14 13:42:05,575 - ####################################################################################################
DEBUG 2021-07-14 13:42:05,581 - DOMAIN PYTHON ERROR
INFO 2021-07-14 13:42:05,581 - {
    "DOMAIN": "eu55555.com", 
    "PYTHON ERROR": "[Errno -2] Name or service not known", 
    "DOMAIN_CURL": 0
}
DEBUG 2021-07-14 14:26:17,210 - ####################################################################################################
DEBUG 2021-07-14 14:26:17,216 - DOMAIN INFO
INFO 2021-07-14 14:26:17,216 - {
    "DOMAIN": "gci.987byh.com", 
    "EXPIRATION": "2021-07-30 07:59:59", 
    "DAYS": "15 days, 17:33:42"
}
DEBUG 2021-07-14 14:36:56,145 - ####################################################################################################
DEBUG 2021-07-14 14:36:56,151 - DOMAIN PYTHON ERROR
INFO 2021-07-14 14:36:56,151 - {
    "DOMAIN": "eu2018.net", 
    "PYTHON ERROR": "hostname 'eu2018.net' doesn't match either of '*.atdmt.com', '*.atdmt2.com', '*.atlassbx.com', '*.atlassolutions.com', '*.xx.atlassbx.com', 'atdmt.com', 'atdmt2.com', 'atlassbx.com', 'atlassolutions.com', 'xx.atlassbx.com'", 
    "DOMAIN_CURL": 76
}
DEBUG 2021-07-14 14:37:02,429 - ####################################################################################################
DEBUG 2021-07-14 14:37:02,435 - DOMAIN PYTHON ERROR
INFO 2021-07-14 14:37:02,435 - {
    "DOMAIN": "xt099.com", 
    "PYTHON ERROR": "[Errno -2] Name or service not known", 
    "DOMAIN_CURL": 74
}
DEBUG 2021-07-14 14:37:22,691 - ####################################################################################################
DEBUG 2021-07-14 14:37:22,696 - DOMAIN PYTHON ERROR
INFO 2021-07-14 14:37:22,697 - {
    "DOMAIN": "a2202.com", 
    "PYTHON ERROR": "[Errno 110] Connection timed out", 
    "DOMAIN_CURL": 0
}
DEBUG 2021-07-14 14:42:09,756 - ####################################################################################################
DEBUG 2021-07-14 14:42:09,761 - DOMAIN PYTHON ERROR
INFO 2021-07-14 14:42:09,762 - {
    "DOMAIN": "eu55555.com", 
    "PYTHON ERROR": "[Errno -2] Name or service not known", 
    "DOMAIN_CURL": 0
}
DEBUG 2021-07-14 15:26:15,274 - ####################################################################################################
DEBUG 2021-07-14 15:26:15,279 - DOMAIN INFO
INFO 2021-07-14 15:26:15,280 - {
    "DOMAIN": "gci.987byh.com", 
    "EXPIRATION": "2021-07-30 07:59:59", 
    "DAYS": "15 days, 16:33:44"
}
DEBUG 2021-07-14 15:36:57,522 - ####################################################################################################
DEBUG 2021-07-14 15:36:57,528 - DOMAIN PYTHON ERROR
INFO 2021-07-14 15:36:57,528 - {
    "DOMAIN": "eu2018.net", 
    "PYTHON ERROR": "[Errno 101] Network is unreachable", 
    "DOMAIN_CURL": 76
}
DEBUG 2021-07-14 15:37:00,669 - ####################################################################################################
DEBUG 2021-07-14 15:37:00,675 - DOMAIN PYTHON ERROR
INFO 2021-07-14 15:37:00,675 - {
    "DOMAIN": "xt099.com", 
    "PYTHON ERROR": "[Errno -2] Name or service not known", 
    "DOMAIN_CURL": 74
}
DEBUG 2021-07-14 16:26:16,524 - ####################################################################################################
DEBUG 2021-07-14 16:26:16,530 - DOMAIN INFO
INFO 2021-07-14 16:26:16,530 - {
    "DOMAIN": "gci.987byh.com", 
    "EXPIRATION": "2021-07-30 07:59:59", 
    "DAYS": "15 days, 15:33:43"
}
DEBUG 2021-07-14 16:36:53,876 - ####################################################################################################
DEBUG 2021-07-14 16:36:53,881 - DOMAIN INFO
INFO 2021-07-14 16:36:53,882 - {
    "DOMAIN": "eu2018.net", 
    "EXPIRATION": "2021-09-29 06:49:08", 
    "DAYS": "76 days, 14:12:15"
}
DEBUG 2021-07-14 16:37:01,086 - ####################################################################################################
DEBUG 2021-07-14 16:37:01,092 - DOMAIN PYTHON ERROR
INFO 2021-07-14 16:37:01,092 - {
    "DOMAIN": "xt099.com", 
    "PYTHON ERROR": "[Errno -2] Name or service not known", 
    "DOMAIN_CURL": 73
}
DEBUG 2021-07-14 17:26:17,305 - ####################################################################################################
DEBUG 2021-07-14 17:26:17,311 - DOMAIN INFO
INFO 2021-07-14 17:26:17,311 - {
    "DOMAIN": "gci.987byh.com", 
    "EXPIRATION": "2021-07-30 07:59:59", 
    "DAYS": "15 days, 14:33:42"
}
DEBUG 2021-07-14 18:26:17,930 - ####################################################################################################
DEBUG 2021-07-14 18:26:17,937 - DOMAIN INFO
INFO 2021-07-14 18:26:17,937 - {
    "DOMAIN": "gci.987byh.com", 
    "EXPIRATION": "2021-07-30 07:59:59", 
    "DAYS": "15 days, 13:33:42"
}
DEBUG 2021-07-14 19:26:17,889 - ####################################################################################################
DEBUG 2021-07-14 19:26:17,895 - DOMAIN INFO
INFO 2021-07-14 19:26:17,896 - {
    "DOMAIN": "gci.987byh.com", 
    "EXPIRATION": "2021-07-30 07:59:59", 
    "DAYS": "15 days, 12:33:42"
}
DEBUG 2021-07-14 19:36:54,674 - ####################################################################################################
DEBUG 2021-07-14 19:36:54,680 - DOMAIN PYTHON ERROR
INFO 2021-07-14 19:36:54,680 - {
    "DOMAIN": "eu2018.net", 
    "PYTHON ERROR": "hostname 'eu2018.net' doesn't match either of '*.facebook.com', '*.facebook.net', '*.fbcdn.net', '*.fbsbx.com', '*.m.facebook.com', '*.messenger.com', '*.xx.fbcdn.net', '*.xy.fbcdn.net', '*.xz.fbcdn.net', 'facebook.com', 'messenger.com'", 
    "DOMAIN_CURL": 76
}
DEBUG 2021-07-14 19:37:01,365 - ####################################################################################################
DEBUG 2021-07-14 19:37:01,370 - DOMAIN PYTHON ERROR
INFO 2021-07-14 19:37:01,370 - {
    "DOMAIN": "xt099.com", 
    "PYTHON ERROR": "[Errno -2] Name or service not known", 
    "DOMAIN_CURL": 73
}
