DEBUG 2021-06-21 00:26:12,354 - ####################################################################################################
DEBUG 2021-06-21 00:26:12,360 - DOMAIN INFO
INFO 2021-06-21 00:26:12,360 - {
    "DOMAIN": "www.asiaroutes.com", 
    "EXPIRATION": "2021-06-23 16:11:35", 
    "DAYS": "2 days, 15:45:23"
}
DEBUG 2021-06-21 00:53:04,724 - ####################################################################################################
DEBUG 2021-06-21 00:53:04,730 - DOMAIN INFO
INFO 2021-06-21 00:53:04,730 - {
    "DOMAIN": "hujidi.com", 
    "EXPIRATION": "2021-07-06 10:49:33", 
    "DAYS": "15 days, 9:56:29"
}
DEBUG 2021-06-21 01:26:11,032 - ####################################################################################################
DEBUG 2021-06-21 01:26:11,038 - DOMAIN INFO
INFO 2021-06-21 01:26:11,038 - {
    "DOMAIN": "www.asiaroutes.com", 
    "EXPIRATION": "2021-06-23 16:11:35", 
    "DAYS": "2 days, 14:45:24"
}
DEBUG 2021-06-21 01:53:06,177 - ####################################################################################################
DEBUG 2021-06-21 01:53:06,183 - DOMAIN INFO
INFO 2021-06-21 01:53:06,183 - {
    "DOMAIN": "hujidi.com", 
    "EXPIRATION": "2021-07-06 10:49:33", 
    "DAYS": "15 days, 8:56:27"
}
DEBUG 2021-06-21 02:26:13,050 - ####################################################################################################
DEBUG 2021-06-21 02:26:13,056 - DOMAIN INFO
INFO 2021-06-21 02:26:13,056 - {
    "DOMAIN": "www.asiaroutes.com", 
    "EXPIRATION": "2021-06-23 16:11:35", 
    "DAYS": "2 days, 13:45:22"
}
DEBUG 2021-06-21 02:53:04,197 - ####################################################################################################
DEBUG 2021-06-21 02:53:04,203 - DOMAIN INFO
INFO 2021-06-21 02:53:04,203 - {
    "DOMAIN": "hujidi.com", 
    "EXPIRATION": "2021-07-06 10:49:33", 
    "DAYS": "15 days, 7:56:29"
}
DEBUG 2021-06-21 03:26:12,418 - ####################################################################################################
DEBUG 2021-06-21 03:26:12,424 - DOMAIN INFO
INFO 2021-06-21 03:26:12,424 - {
    "DOMAIN": "www.asiaroutes.com", 
    "EXPIRATION": "2021-06-23 16:11:35", 
    "DAYS": "2 days, 12:45:23"
}
DEBUG 2021-06-21 03:53:04,221 - ####################################################################################################
DEBUG 2021-06-21 03:53:04,228 - DOMAIN INFO
INFO 2021-06-21 03:53:04,228 - {
    "DOMAIN": "hujidi.com", 
    "EXPIRATION": "2021-07-06 10:49:33", 
    "DAYS": "15 days, 6:56:29"
}
DEBUG 2021-06-21 04:26:13,420 - ####################################################################################################
DEBUG 2021-06-21 04:26:13,426 - DOMAIN INFO
INFO 2021-06-21 04:26:13,426 - {
    "DOMAIN": "www.asiaroutes.com", 
    "EXPIRATION": "2021-06-23 16:11:35", 
    "DAYS": "2 days, 11:45:22"
}
DEBUG 2021-06-21 04:53:24,406 - ####################################################################################################
DEBUG 2021-06-21 04:53:24,411 - DOMAIN ERROR
INFO 2021-06-21 04:53:24,412 - {
    "DOMAIN": "hujidi.com", 
    "DOMAIN_CURL": 14, 
    "ERROR": "[Errno 110] Connection timed out"
}
DEBUG 2021-06-21 05:21:23,877 - ####################################################################################################
DEBUG 2021-06-21 05:21:23,883 - DOMAIN INFO
INFO 2021-06-21 05:21:23,883 - {
    "DOMAIN": "jin883.com", 
    "EXPIRATION": "2021-08-30 14:54:09", 
    "DAYS": "70 days, 9:32:46"
}
DEBUG 2021-06-21 05:21:23,926 - ####################################################################################################
DEBUG 2021-06-21 05:21:23,932 - DOMAIN INFO
INFO 2021-06-21 05:21:23,932 - {
    "DOMAIN": "jinshihao18.com", 
    "EXPIRATION": "2021-08-30 21:56:48", 
    "DAYS": "70 days, 16:35:25"
}
DEBUG 2021-06-21 05:21:24,606 - ####################################################################################################
DEBUG 2021-06-21 05:21:24,611 - DOMAIN INFO
INFO 2021-06-21 05:21:24,611 - {
    "DOMAIN": "jin72.com", 
    "EXPIRATION": "2021-08-30 07:35:14", 
    "DAYS": "70 days, 2:13:50"
}
DEBUG 2021-06-21 05:21:25,904 - ####################################################################################################
DEBUG 2021-06-21 05:21:25,909 - DOMAIN INFO
INFO 2021-06-21 05:21:25,909 - {
    "DOMAIN": "dianjingdidai.com", 
    "EXPIRATION": "2021-08-30 18:49:53", 
    "DAYS": "70 days, 13:28:28"
}
DEBUG 2021-06-21 05:21:27,224 - ####################################################################################################
DEBUG 2021-06-21 05:21:27,231 - DOMAIN INFO
INFO 2021-06-21 05:21:27,231 - {
    "DOMAIN": "www.ytsefeng.com", 
    "EXPIRATION": "2021-09-04 02:31:20", 
    "DAYS": "74 days, 21:09:53"
}
DEBUG 2021-06-21 05:21:29,675 - ####################################################################################################
DEBUG 2021-06-21 05:21:29,680 - DOMAIN ERROR
INFO 2021-06-21 05:21:29,680 - {
    "DOMAIN": "sdbosen.cn", 
    "DOMAIN_CURL": 0, 
    "ERROR": "[Errno -2] Name or service not known"
}
DEBUG 2021-06-21 05:21:32,908 - ####################################################################################################
DEBUG 2021-06-21 05:21:32,914 - DOMAIN ERROR
INFO 2021-06-21 05:21:32,914 - {
    "DOMAIN": "www.sdbosen.cn", 
    "DOMAIN_CURL": 0, 
    "ERROR": "[Errno -2] Name or service not known"
}
DEBUG 2021-06-21 05:21:36,275 - ####################################################################################################
DEBUG 2021-06-21 05:21:36,282 - DOMAIN INFO
INFO 2021-06-21 05:21:36,282 - {
    "DOMAIN": "jubolai.com", 
    "EXPIRATION": "2021-08-16 11:40:00", 
    "DAYS": "56 days, 6:18:24"
}
DEBUG 2021-06-21 05:21:37,277 - ####################################################################################################
DEBUG 2021-06-21 05:21:37,283 - DOMAIN ERROR
INFO 2021-06-21 05:21:37,283 - {
    "DOMAIN": "www.dianjingdidai.com", 
    "DOMAIN_CURL": 70, 
    "ERROR": "[Errno 110] Connection timed out"
}
DEBUG 2021-06-21 05:26:11,863 - ####################################################################################################
DEBUG 2021-06-21 05:26:11,870 - DOMAIN INFO
INFO 2021-06-21 05:26:11,870 - {
    "DOMAIN": "www.asiaroutes.com", 
    "EXPIRATION": "2021-06-23 16:11:35", 
    "DAYS": "2 days, 10:45:24"
}
DEBUG 2021-06-21 05:53:47,503 - ####################################################################################################
DEBUG 2021-06-21 05:53:47,509 - DOMAIN ERROR
INFO 2021-06-21 05:53:47,510 - {
    "DOMAIN": "hujidi.com", 
    "DOMAIN_CURL": 14, 
    "ERROR": "('_ssl.c:602: The handshake operation timed out',)"
}
DEBUG 2021-06-21 06:21:26,768 - ####################################################################################################
DEBUG 2021-06-21 06:21:26,773 - DOMAIN ERROR
INFO 2021-06-21 06:21:26,773 - {
    "DOMAIN": "sdbosen.cn", 
    "DOMAIN_CURL": 0, 
    "ERROR": "[Errno -2] Name or service not known"
}
DEBUG 2021-06-21 06:21:29,065 - ####################################################################################################
DEBUG 2021-06-21 06:21:29,070 - DOMAIN ERROR
INFO 2021-06-21 06:21:29,070 - {
    "DOMAIN": "www.sdbosen.cn", 
    "DOMAIN_CURL": 0, 
    "ERROR": "[Errno -2] Name or service not known"
}
DEBUG 2021-06-21 06:22:15,792 - ####################################################################################################
DEBUG 2021-06-21 06:22:15,799 - DOMAIN INFO
INFO 2021-06-21 06:22:15,799 - {
    "DOMAIN": "eu246.com", 
    "EXPIRATION": "2021-09-12 00:20:18", 
    "DAYS": "82 days, 17:58:03"
}
DEBUG 2021-06-21 06:22:16,982 - ####################################################################################################
DEBUG 2021-06-21 06:22:16,988 - DOMAIN INFO
INFO 2021-06-21 06:22:16,989 - {
    "DOMAIN": "55099000.com", 
    "EXPIRATION": "2021-09-13 23:25:50", 
    "DAYS": "84 days, 17:03:34"
}
DEBUG 2021-06-21 06:22:18,148 - ####################################################################################################
DEBUG 2021-06-21 06:22:18,153 - DOMAIN INFO
INFO 2021-06-21 06:22:18,153 - {
    "DOMAIN": "gci.npjag888.tech", 
    "EXPIRATION": "2022-04-17 07:59:59", 
    "DAYS": "300 days, 1:37:41"
}
DEBUG 2021-06-21 06:22:18,243 - ####################################################################################################
DEBUG 2021-06-21 06:22:18,249 - DOMAIN INFO
INFO 2021-06-21 06:22:18,250 - {
    "DOMAIN": "xbet2016.com", 
    "EXPIRATION": "2021-08-30 08:07:52", 
    "DAYS": "70 days, 1:45:34"
}
DEBUG 2021-06-21 06:22:19,805 - ####################################################################################################
DEBUG 2021-06-21 06:22:19,810 - DOMAIN INFO
INFO 2021-06-21 06:22:19,810 - {
    "DOMAIN": "www.cr701.com", 
    "EXPIRATION": "2021-09-06 23:57:03", 
    "DAYS": "77 days, 17:34:44"
}
DEBUG 2021-06-21 06:26:12,106 - ####################################################################################################
DEBUG 2021-06-21 06:26:12,113 - DOMAIN INFO
INFO 2021-06-21 06:26:12,113 - {
    "DOMAIN": "www.asiaroutes.com", 
    "EXPIRATION": "2021-06-23 16:11:35", 
    "DAYS": "2 days, 9:45:23"
}
DEBUG 2021-06-21 06:53:21,106 - ####################################################################################################
DEBUG 2021-06-21 06:53:21,111 - DOMAIN ERROR
INFO 2021-06-21 06:53:21,112 - {
    "DOMAIN": "hujidi.com", 
    "DOMAIN_CURL": 14, 
    "ERROR": "[Errno 110] Connection timed out"
}
DEBUG 2021-06-21 07:21:27,457 - ####################################################################################################
DEBUG 2021-06-21 07:21:27,462 - DOMAIN ERROR
INFO 2021-06-21 07:21:27,463 - {
    "DOMAIN": "sdbosen.cn", 
    "DOMAIN_CURL": 0, 
    "ERROR": "[Errno -2] Name or service not known"
}
DEBUG 2021-06-21 07:21:30,033 - ####################################################################################################
DEBUG 2021-06-21 07:21:30,038 - DOMAIN ERROR
INFO 2021-06-21 07:21:30,038 - {
    "DOMAIN": "www.sdbosen.cn", 
    "DOMAIN_CURL": 0, 
    "ERROR": "[Errno -2] Name or service not known"
}
DEBUG 2021-06-21 07:26:10,793 - ####################################################################################################
DEBUG 2021-06-21 07:26:10,798 - DOMAIN INFO
INFO 2021-06-21 07:26:10,798 - {
    "DOMAIN": "www.asiaroutes.com", 
    "EXPIRATION": "2021-06-23 16:11:35", 
    "DAYS": "2 days, 8:45:25"
}
DEBUG 2021-06-21 07:53:22,513 - ####################################################################################################
DEBUG 2021-06-21 07:53:22,518 - DOMAIN ERROR
INFO 2021-06-21 07:53:22,518 - {
    "DOMAIN": "hujidi.com", 
    "DOMAIN_CURL": 14, 
    "ERROR": "[Errno 110] Connection timed out"
}
DEBUG 2021-06-21 08:21:33,937 - ####################################################################################################
DEBUG 2021-06-21 08:21:33,942 - DOMAIN ERROR
INFO 2021-06-21 08:21:33,942 - {
    "DOMAIN": "sdbosen.cn", 
    "DOMAIN_CURL": 0, 
    "ERROR": "[Errno -2] Name or service not known"
}
DEBUG 2021-06-21 08:21:34,386 - ####################################################################################################
DEBUG 2021-06-21 08:21:34,392 - DOMAIN ERROR
INFO 2021-06-21 08:21:34,392 - {
    "DOMAIN": "www.sdbosen.cn", 
    "DOMAIN_CURL": 0, 
    "ERROR": "[Errno -2] Name or service not known"
}
DEBUG 2021-06-21 08:26:10,910 - ####################################################################################################
DEBUG 2021-06-21 08:26:10,915 - DOMAIN INFO
INFO 2021-06-21 08:26:10,916 - {
    "DOMAIN": "www.asiaroutes.com", 
    "EXPIRATION": "2021-06-23 16:11:35", 
    "DAYS": "2 days, 7:45:25"
}
DEBUG 2021-06-21 08:53:19,980 - ####################################################################################################
DEBUG 2021-06-21 08:53:19,985 - DOMAIN ERROR
INFO 2021-06-21 08:53:19,985 - {
    "DOMAIN": "hujidi.com", 
    "DOMAIN_CURL": 14, 
    "ERROR": "[Errno 110] Connection timed out"
}
DEBUG 2021-06-21 09:21:30,490 - ####################################################################################################
DEBUG 2021-06-21 09:21:30,496 - DOMAIN ERROR
INFO 2021-06-21 09:21:30,496 - {
    "DOMAIN": "sdbosen.cn", 
    "DOMAIN_CURL": 0, 
    "ERROR": "[Errno -2] Name or service not known"
}
DEBUG 2021-06-21 09:21:31,188 - ####################################################################################################
DEBUG 2021-06-21 09:21:31,194 - DOMAIN ERROR
INFO 2021-06-21 09:21:31,194 - {
    "DOMAIN": "www.sdbosen.cn", 
    "DOMAIN_CURL": 0, 
    "ERROR": "[Errno -2] Name or service not known"
}
DEBUG 2021-06-21 09:26:13,261 - ####################################################################################################
DEBUG 2021-06-21 09:26:13,266 - DOMAIN INFO
INFO 2021-06-21 09:26:13,266 - {
    "DOMAIN": "www.asiaroutes.com", 
    "EXPIRATION": "2021-06-23 16:11:35", 
    "DAYS": "2 days, 6:45:22"
}
DEBUG 2021-06-21 09:53:13,077 - ####################################################################################################
DEBUG 2021-06-21 09:53:13,083 - DOMAIN ERROR
INFO 2021-06-21 09:53:13,084 - {
    "DOMAIN": "hujidi.com", 
    "DOMAIN_CURL": 14, 
    "ERROR": "('_ssl.c:602: The handshake operation timed out',)"
}
DEBUG 2021-06-21 10:21:29,528 - ####################################################################################################
DEBUG 2021-06-21 10:21:29,533 - DOMAIN ERROR
INFO 2021-06-21 10:21:29,534 - {
    "DOMAIN": "sdbosen.cn", 
    "DOMAIN_CURL": 0, 
    "ERROR": "[Errno -2] Name or service not known"
}
DEBUG 2021-06-21 10:21:31,762 - ####################################################################################################
DEBUG 2021-06-21 10:21:31,768 - DOMAIN ERROR
INFO 2021-06-21 10:21:31,768 - {
    "DOMAIN": "www.sdbosen.cn", 
    "DOMAIN_CURL": 0, 
    "ERROR": "[Errno -2] Name or service not known"
}
DEBUG 2021-06-21 10:26:13,417 - ####################################################################################################
DEBUG 2021-06-21 10:26:13,423 - DOMAIN INFO
INFO 2021-06-21 10:26:13,423 - {
    "DOMAIN": "www.asiaroutes.com", 
    "EXPIRATION": "2021-06-23 16:11:35", 
    "DAYS": "2 days, 5:45:22"
}
DEBUG 2021-06-21 10:53:08,672 - ####################################################################################################
DEBUG 2021-06-21 10:53:08,679 - DOMAIN INFO
INFO 2021-06-21 10:53:08,679 - {
    "DOMAIN": "hujidi.com", 
    "EXPIRATION": "2021-07-06 10:49:33", 
    "DAYS": "14 days, 23:56:25"
}
DEBUG 2021-06-21 11:21:30,984 - ####################################################################################################
DEBUG 2021-06-21 11:21:30,989 - DOMAIN ERROR
INFO 2021-06-21 11:21:30,989 - {
    "DOMAIN": "sdbosen.cn", 
    "DOMAIN_CURL": 0, 
    "ERROR": "[Errno -2] Name or service not known"
}
DEBUG 2021-06-21 11:21:33,215 - ####################################################################################################
DEBUG 2021-06-21 11:21:33,220 - DOMAIN ERROR
INFO 2021-06-21 11:21:33,220 - {
    "DOMAIN": "www.sdbosen.cn", 
    "DOMAIN_CURL": 0, 
    "ERROR": "[Errno -2] Name or service not known"
}
DEBUG 2021-06-21 11:26:11,636 - ####################################################################################################
DEBUG 2021-06-21 11:26:11,641 - DOMAIN INFO
INFO 2021-06-21 11:26:11,642 - {
    "DOMAIN": "www.asiaroutes.com", 
    "EXPIRATION": "2021-06-23 16:11:35", 
    "DAYS": "2 days, 4:45:24"
}
DEBUG 2021-06-21 11:53:03,468 - ####################################################################################################
DEBUG 2021-06-21 11:53:03,474 - DOMAIN INFO
INFO 2021-06-21 11:53:03,474 - {
    "DOMAIN": "hujidi.com", 
    "EXPIRATION": "2021-07-06 10:49:33", 
    "DAYS": "14 days, 22:56:30"
}
DEBUG 2021-06-21 12:21:32,961 - ####################################################################################################
DEBUG 2021-06-21 12:21:32,966 - DOMAIN ERROR
INFO 2021-06-21 12:21:32,966 - {
    "DOMAIN": "sdbosen.cn", 
    "DOMAIN_CURL": 0, 
    "ERROR": "[Errno -2] Name or service not known"
}
DEBUG 2021-06-21 12:21:33,530 - ####################################################################################################
DEBUG 2021-06-21 12:21:33,536 - DOMAIN ERROR
INFO 2021-06-21 12:21:33,536 - {
    "DOMAIN": "www.sdbosen.cn", 
    "DOMAIN_CURL": 0, 
    "ERROR": "[Errno -2] Name or service not known"
}
DEBUG 2021-06-21 12:26:14,770 - ####################################################################################################
DEBUG 2021-06-21 12:26:14,775 - DOMAIN INFO
INFO 2021-06-21 12:26:14,775 - {
    "DOMAIN": "www.asiaroutes.com", 
    "EXPIRATION": "2021-06-23 16:11:35", 
    "DAYS": "2 days, 3:45:21"
}
DEBUG 2021-06-21 12:53:08,576 - ####################################################################################################
DEBUG 2021-06-21 12:53:08,581 - DOMAIN INFO
INFO 2021-06-21 12:53:08,582 - {
    "DOMAIN": "hujidi.com", 
    "EXPIRATION": "2021-07-06 10:49:33", 
    "DAYS": "14 days, 21:56:25"
}
DEBUG 2021-06-21 13:21:30,416 - ####################################################################################################
DEBUG 2021-06-21 13:21:30,422 - DOMAIN ERROR
INFO 2021-06-21 13:21:30,422 - {
    "DOMAIN": "sdbosen.cn", 
    "DOMAIN_CURL": 0, 
    "ERROR": "[Errno -2] Name or service not known"
}
DEBUG 2021-06-21 13:21:33,045 - ####################################################################################################
DEBUG 2021-06-21 13:21:33,050 - DOMAIN ERROR
INFO 2021-06-21 13:21:33,050 - {
    "DOMAIN": "www.sdbosen.cn", 
    "DOMAIN_CURL": 0, 
    "ERROR": "[Errno -2] Name or service not known"
}
DEBUG 2021-06-21 13:26:13,795 - ####################################################################################################
DEBUG 2021-06-21 13:26:13,801 - DOMAIN INFO
INFO 2021-06-21 13:26:13,801 - {
    "DOMAIN": "www.asiaroutes.com", 
    "EXPIRATION": "2021-06-23 16:11:35", 
    "DAYS": "2 days, 2:45:22"
}
DEBUG 2021-06-21 13:53:04,989 - ####################################################################################################
DEBUG 2021-06-21 13:53:04,995 - DOMAIN INFO
INFO 2021-06-21 13:53:04,995 - {
    "DOMAIN": "hujidi.com", 
    "EXPIRATION": "2021-07-06 10:49:33", 
    "DAYS": "14 days, 20:56:29"
}
DEBUG 2021-06-21 14:21:32,324 - ####################################################################################################
DEBUG 2021-06-21 14:21:32,331 - DOMAIN ERROR
INFO 2021-06-21 14:21:32,331 - {
    "DOMAIN": "www.sdbosen.cn", 
    "DOMAIN_CURL": 0, 
    "ERROR": "[Errno -2] Name or service not known"
}
DEBUG 2021-06-21 14:21:36,431 - ####################################################################################################
DEBUG 2021-06-21 14:21:36,437 - DOMAIN ERROR
INFO 2021-06-21 14:21:36,438 - {
    "DOMAIN": "sdbosen.cn", 
    "DOMAIN_CURL": 0, 
    "ERROR": "[Errno -2] Name or service not known"
}
DEBUG 2021-06-21 14:26:11,759 - ####################################################################################################
DEBUG 2021-06-21 14:26:11,765 - DOMAIN INFO
INFO 2021-06-21 14:26:11,765 - {
    "DOMAIN": "www.asiaroutes.com", 
    "EXPIRATION": "2021-06-23 16:11:35", 
    "DAYS": "2 days, 1:45:24"
}
DEBUG 2021-06-21 14:53:08,410 - ####################################################################################################
DEBUG 2021-06-21 14:53:08,417 - DOMAIN INFO
INFO 2021-06-21 14:53:08,417 - {
    "DOMAIN": "hujidi.com", 
    "EXPIRATION": "2021-07-06 10:49:33", 
    "DAYS": "14 days, 19:56:25"
}
DEBUG 2021-06-21 15:26:14,263 - ####################################################################################################
DEBUG 2021-06-21 15:26:14,268 - DOMAIN INFO
INFO 2021-06-21 15:26:14,268 - {
    "DOMAIN": "www.asiaroutes.com", 
    "EXPIRATION": "2021-06-23 16:11:35", 
    "DAYS": "2 days, 0:45:21"
}
DEBUG 2021-06-21 15:53:10,794 - ####################################################################################################
DEBUG 2021-06-21 15:53:10,800 - DOMAIN INFO
INFO 2021-06-21 15:53:10,800 - {
    "DOMAIN": "hujidi.com", 
    "EXPIRATION": "2021-07-06 10:49:33", 
    "DAYS": "14 days, 18:56:23"
}
DEBUG 2021-06-21 16:26:14,016 - ####################################################################################################
DEBUG 2021-06-21 16:26:14,021 - DOMAIN INFO
INFO 2021-06-21 16:26:14,021 - {
    "DOMAIN": "www.asiaroutes.com", 
    "EXPIRATION": "2021-06-23 16:11:35", 
    "DAYS": "1 day, 23:45:21"
}
DEBUG 2021-06-21 16:53:08,317 - ####################################################################################################
DEBUG 2021-06-21 16:53:08,323 - DOMAIN INFO
INFO 2021-06-21 16:53:08,324 - {
    "DOMAIN": "hujidi.com", 
    "EXPIRATION": "2021-07-06 10:49:33", 
    "DAYS": "14 days, 17:56:25"
}
DEBUG 2021-06-21 17:26:14,310 - ####################################################################################################
DEBUG 2021-06-21 17:26:14,316 - DOMAIN INFO
INFO 2021-06-21 17:26:14,316 - {
    "DOMAIN": "www.asiaroutes.com", 
    "EXPIRATION": "2021-06-23 16:11:35", 
    "DAYS": "1 day, 22:45:21"
}
DEBUG 2021-06-21 17:53:08,346 - ####################################################################################################
DEBUG 2021-06-21 17:53:08,352 - DOMAIN INFO
INFO 2021-06-21 17:53:08,352 - {
    "DOMAIN": "hujidi.com", 
    "EXPIRATION": "2021-07-06 10:49:33", 
    "DAYS": "14 days, 16:56:25"
}
DEBUG 2021-06-21 18:26:12,839 - ####################################################################################################
DEBUG 2021-06-21 18:26:12,846 - DOMAIN INFO
INFO 2021-06-21 18:26:12,846 - {
    "DOMAIN": "www.asiaroutes.com", 
    "EXPIRATION": "2021-06-23 16:11:35", 
    "DAYS": "1 day, 21:45:23"
}
DEBUG 2021-06-21 18:53:03,871 - ####################################################################################################
DEBUG 2021-06-21 18:53:03,876 - DOMAIN INFO
INFO 2021-06-21 18:53:03,877 - {
    "DOMAIN": "hujidi.com", 
    "EXPIRATION": "2021-07-06 10:49:33", 
    "DAYS": "14 days, 15:56:30"
}
DEBUG 2021-06-21 19:26:10,702 - ####################################################################################################
DEBUG 2021-06-21 19:26:10,708 - DOMAIN INFO
INFO 2021-06-21 19:26:10,708 - {
    "DOMAIN": "www.asiaroutes.com", 
    "EXPIRATION": "2021-06-23 16:11:35", 
    "DAYS": "1 day, 20:45:25"
}
DEBUG 2021-06-21 19:53:05,663 - ####################################################################################################
DEBUG 2021-06-21 19:53:05,670 - DOMAIN INFO
INFO 2021-06-21 19:53:05,670 - {
    "DOMAIN": "hujidi.com", 
    "EXPIRATION": "2021-07-06 10:49:33", 
    "DAYS": "14 days, 14:56:28"
}
DEBUG 2021-06-21 20:26:13,626 - ####################################################################################################
DEBUG 2021-06-21 20:26:13,632 - DOMAIN INFO
INFO 2021-06-21 20:26:13,632 - {
    "DOMAIN": "www.asiaroutes.com", 
    "EXPIRATION": "2021-06-23 16:11:35", 
    "DAYS": "1 day, 19:45:22"
}
DEBUG 2021-06-21 20:53:03,262 - ####################################################################################################
DEBUG 2021-06-21 20:53:03,269 - DOMAIN INFO
INFO 2021-06-21 20:53:03,269 - {
    "DOMAIN": "hujidi.com", 
    "EXPIRATION": "2021-07-06 10:49:33", 
    "DAYS": "14 days, 13:56:30"
}
DEBUG 2021-06-21 21:26:12,679 - ####################################################################################################
DEBUG 2021-06-21 21:26:12,685 - DOMAIN INFO
INFO 2021-06-21 21:26:12,685 - {
    "DOMAIN": "www.asiaroutes.com", 
    "EXPIRATION": "2021-06-23 16:11:35", 
    "DAYS": "1 day, 18:45:23"
}
DEBUG 2021-06-21 21:53:10,560 - ####################################################################################################
DEBUG 2021-06-21 21:53:10,566 - DOMAIN INFO
INFO 2021-06-21 21:53:10,566 - {
    "DOMAIN": "hujidi.com", 
    "EXPIRATION": "2021-07-06 10:49:33", 
    "DAYS": "14 days, 12:56:23"
}
DEBUG 2021-06-21 22:26:11,007 - ####################################################################################################
DEBUG 2021-06-21 22:26:11,012 - DOMAIN INFO
INFO 2021-06-21 22:26:11,013 - {
    "DOMAIN": "www.asiaroutes.com", 
    "EXPIRATION": "2021-06-23 16:11:35", 
    "DAYS": "1 day, 17:45:25"
}
DEBUG 2021-06-21 22:53:03,890 - ####################################################################################################
DEBUG 2021-06-21 22:53:03,896 - DOMAIN INFO
INFO 2021-06-21 22:53:03,897 - {
    "DOMAIN": "hujidi.com", 
    "EXPIRATION": "2021-07-06 10:49:33", 
    "DAYS": "14 days, 11:56:30"
}
DEBUG 2021-06-21 23:26:13,056 - ####################################################################################################
DEBUG 2021-06-21 23:26:13,061 - DOMAIN INFO
INFO 2021-06-21 23:26:13,062 - {
    "DOMAIN": "www.asiaroutes.com", 
    "EXPIRATION": "2021-06-23 16:11:35", 
    "DAYS": "1 day, 16:45:22"
}
DEBUG 2021-06-21 23:53:09,222 - ####################################################################################################
DEBUG 2021-06-21 23:53:09,228 - DOMAIN INFO
INFO 2021-06-21 23:53:09,228 - {
    "DOMAIN": "hujidi.com", 
    "EXPIRATION": "2021-07-06 10:49:33", 
    "DAYS": "14 days, 10:56:24"
}
