DEBUG 2021-06-23 00:26:10,313 - ####################################################################################################
DEBUG 2021-06-23 00:26:10,319 - DOMAIN INFO
INFO 2021-06-23 00:26:10,320 - {
    "DOMAIN": "www.asiaroutes.com", 
    "EXPIRATION": "2021-06-23 16:11:35", 
    "DAYS": "15:45:25"
}
DEBUG 2021-06-23 00:53:05,285 - ####################################################################################################
DEBUG 2021-06-23 00:53:05,290 - DOMAIN INFO
INFO 2021-06-23 00:53:05,291 - {
    "DOMAIN": "hujidi.com", 
    "EXPIRATION": "2021-07-06 10:49:33", 
    "DAYS": "13 days, 9:56:28"
}
DEBUG 2021-06-23 01:26:13,541 - ####################################################################################################
DEBUG 2021-06-23 01:26:13,547 - DOMAIN INFO
INFO 2021-06-23 01:26:13,547 - {
    "DOMAIN": "www.asiaroutes.com", 
    "EXPIRATION": "2021-06-23 16:11:35", 
    "DAYS": "14:45:22"
}
DEBUG 2021-06-23 01:53:05,262 - ####################################################################################################
DEBUG 2021-06-23 01:53:05,268 - DOMAIN INFO
INFO 2021-06-23 01:53:05,268 - {
    "DOMAIN": "hujidi.com", 
    "EXPIRATION": "2021-07-06 10:49:33", 
    "DAYS": "13 days, 8:56:28"
}
DEBUG 2021-06-23 02:26:10,241 - ####################################################################################################
DEBUG 2021-06-23 02:26:10,246 - DOMAIN INFO
INFO 2021-06-23 02:26:10,246 - {
    "DOMAIN": "www.asiaroutes.com", 
    "EXPIRATION": "2021-06-23 16:11:35", 
    "DAYS": "13:45:25"
}
DEBUG 2021-06-23 02:53:05,563 - ####################################################################################################
DEBUG 2021-06-23 02:53:05,569 - DOMAIN INFO
INFO 2021-06-23 02:53:05,570 - {
    "DOMAIN": "hujidi.com", 
    "EXPIRATION": "2021-07-06 10:49:33", 
    "DAYS": "13 days, 7:56:28"
}
DEBUG 2021-06-23 03:26:12,562 - ####################################################################################################
DEBUG 2021-06-23 03:26:12,569 - DOMAIN INFO
INFO 2021-06-23 03:26:12,569 - {
    "DOMAIN": "www.asiaroutes.com", 
    "EXPIRATION": "2021-06-23 16:11:35", 
    "DAYS": "12:45:23"
}
DEBUG 2021-06-23 03:53:02,737 - ####################################################################################################
DEBUG 2021-06-23 03:53:02,743 - DOMAIN INFO
INFO 2021-06-23 03:53:02,743 - {
    "DOMAIN": "hujidi.com", 
    "EXPIRATION": "2021-07-06 10:49:33", 
    "DAYS": "13 days, 6:56:31"
}
DEBUG 2021-06-23 04:26:11,437 - ####################################################################################################
DEBUG 2021-06-23 04:26:11,444 - DOMAIN INFO
INFO 2021-06-23 04:26:11,444 - {
    "DOMAIN": "www.asiaroutes.com", 
    "EXPIRATION": "2021-06-23 16:11:35", 
    "DAYS": "11:45:24"
}
DEBUG 2021-06-23 04:53:02,907 - ####################################################################################################
DEBUG 2021-06-23 04:53:02,913 - DOMAIN INFO
INFO 2021-06-23 04:53:02,913 - {
    "DOMAIN": "hujidi.com", 
    "EXPIRATION": "2021-07-06 10:49:33", 
    "DAYS": "13 days, 5:56:31"
}
DEBUG 2021-06-23 05:26:13,658 - ####################################################################################################
DEBUG 2021-06-23 05:26:13,665 - DOMAIN INFO
INFO 2021-06-23 05:26:13,665 - {
    "DOMAIN": "www.asiaroutes.com", 
    "EXPIRATION": "2021-06-23 16:11:35", 
    "DAYS": "10:45:22"
}
DEBUG 2021-06-23 05:44:05,035 - ####################################################################################################
DEBUG 2021-06-23 05:44:05,041 - DOMAIN INFO
INFO 2021-06-23 05:44:05,042 - {
    "DOMAIN": "202000000.com", 
    "EXPIRATION": "2021-08-30 22:16:23", 
    "DAYS": "68 days, 16:32:18"
}
DEBUG 2021-06-23 05:44:05,830 - ####################################################################################################
DEBUG 2021-06-23 05:44:05,835 - DOMAIN INFO
INFO 2021-06-23 05:44:05,836 - {
    "DOMAIN": "king8886.com", 
    "EXPIRATION": "2021-08-30 18:13:21", 
    "DAYS": "68 days, 12:29:16"
}
DEBUG 2021-06-23 05:44:07,454 - ####################################################################################################
DEBUG 2021-06-23 05:44:07,462 - DOMAIN INFO
INFO 2021-06-23 05:44:07,462 - {
    "DOMAIN": "jsh130.com", 
    "EXPIRATION": "2021-08-29 14:46:54", 
    "DAYS": "67 days, 9:02:47"
}
DEBUG 2021-06-23 05:44:08,270 - ####################################################################################################
DEBUG 2021-06-23 05:44:08,276 - DOMAIN INFO
INFO 2021-06-23 05:44:08,277 - {
    "DOMAIN": "byl5858.com", 
    "EXPIRATION": "2021-08-29 14:12:45", 
    "DAYS": "67 days, 8:28:37"
}
DEBUG 2021-06-23 05:44:08,590 - ####################################################################################################
DEBUG 2021-06-23 05:44:08,597 - DOMAIN INFO
INFO 2021-06-23 05:44:08,597 - {
    "DOMAIN": "55522000.com", 
    "EXPIRATION": "2021-08-31 00:57:56", 
    "DAYS": "68 days, 19:13:48"
}
DEBUG 2021-06-23 05:44:10,140 - ####################################################################################################
DEBUG 2021-06-23 05:44:10,146 - DOMAIN INFO
INFO 2021-06-23 05:44:10,147 - {
    "DOMAIN": "jin172.com", 
    "EXPIRATION": "2021-08-30 10:18:48", 
    "DAYS": "68 days, 4:34:38"
}
DEBUG 2021-06-23 05:44:11,042 - ####################################################################################################
DEBUG 2021-06-23 05:44:11,047 - DOMAIN INFO
INFO 2021-06-23 05:44:11,048 - {
    "DOMAIN": "npj08.com", 
    "EXPIRATION": "2021-08-30 18:54:51", 
    "DAYS": "68 days, 13:10:40"
}
DEBUG 2021-06-23 05:44:11,810 - ####################################################################################################
DEBUG 2021-06-23 05:44:11,816 - DOMAIN INFO
INFO 2021-06-23 05:44:11,817 - {
    "DOMAIN": "ytsefeng.com", 
    "EXPIRATION": "2021-09-04 02:31:20", 
    "DAYS": "72 days, 20:47:09"
}
DEBUG 2021-06-23 05:44:13,652 - ####################################################################################################
DEBUG 2021-06-23 05:44:13,657 - DOMAIN INFO
INFO 2021-06-23 05:44:13,658 - {
    "DOMAIN": "www.cf894.com", 
    "EXPIRATION": "2021-09-04 23:25:34", 
    "DAYS": "73 days, 17:41:21"
}
DEBUG 2021-06-23 05:53:01,892 - ####################################################################################################
DEBUG 2021-06-23 05:53:01,898 - DOMAIN INFO
INFO 2021-06-23 05:53:01,898 - {
    "DOMAIN": "hujidi.com", 
    "EXPIRATION": "2021-07-06 10:49:33", 
    "DAYS": "13 days, 4:56:32"
}
DEBUG 2021-06-23 06:26:12,756 - ####################################################################################################
DEBUG 2021-06-23 06:26:12,763 - DOMAIN INFO
INFO 2021-06-23 06:26:12,763 - {
    "DOMAIN": "www.asiaroutes.com", 
    "EXPIRATION": "2021-06-23 16:11:35", 
    "DAYS": "9:45:23"
}
DEBUG 2021-06-23 06:44:17,166 - ####################################################################################################
DEBUG 2021-06-23 06:44:17,171 - DOMAIN INFO
INFO 2021-06-23 06:44:17,172 - {
    "DOMAIN": "deli8877.com", 
    "EXPIRATION": "2022-06-19 07:59:59", 
    "DAYS": "361 days, 1:15:42"
}
DEBUG 2021-06-23 06:44:17,621 - ####################################################################################################
DEBUG 2021-06-23 06:44:17,627 - DOMAIN INFO
INFO 2021-06-23 06:44:17,627 - {
    "DOMAIN": "16830000.com", 
    "EXPIRATION": "2021-08-30 22:16:32", 
    "DAYS": "68 days, 15:32:15"
}
DEBUG 2021-06-23 06:44:18,206 - ####################################################################################################
DEBUG 2021-06-23 06:44:18,212 - DOMAIN INFO
INFO 2021-06-23 06:44:18,212 - {
    "DOMAIN": "king8887.com", 
    "EXPIRATION": "2021-08-30 18:14:02", 
    "DAYS": "68 days, 11:29:44"
}
DEBUG 2021-06-23 06:44:21,082 - ####################################################################################################
DEBUG 2021-06-23 06:44:21,089 - DOMAIN INFO
INFO 2021-06-23 06:44:21,089 - {
    "DOMAIN": "xbet087.com", 
    "EXPIRATION": "2021-08-30 08:08:00", 
    "DAYS": "68 days, 1:23:39"
}
DEBUG 2021-06-23 06:44:22,108 - ####################################################################################################
DEBUG 2021-06-23 06:44:22,114 - DOMAIN INFO
INFO 2021-06-23 06:44:22,114 - {
    "DOMAIN": "xbet009.com", 
    "EXPIRATION": "2021-08-30 07:52:28", 
    "DAYS": "68 days, 1:08:06"
}
DEBUG 2021-06-23 06:44:23,255 - ####################################################################################################
DEBUG 2021-06-23 06:44:23,262 - DOMAIN INFO
INFO 2021-06-23 06:44:23,262 - {
    "DOMAIN": "vpn19.org", 
    "EXPIRATION": "2022-06-08 07:59:59", 
    "DAYS": "350 days, 1:15:36"
}
DEBUG 2021-06-23 06:44:23,292 - ####################################################################################################
DEBUG 2021-06-23 06:44:23,297 - DOMAIN INFO
INFO 2021-06-23 06:44:23,298 - {
    "DOMAIN": "www.ytsefeng.com", 
    "EXPIRATION": "2021-09-04 02:31:20", 
    "DAYS": "72 days, 19:46:57"
}
DEBUG 2021-06-23 06:44:29,296 - ####################################################################################################
DEBUG 2021-06-23 06:44:29,302 - DOMAIN INFO
INFO 2021-06-23 06:44:29,302 - {
    "DOMAIN": "eu55555.com", 
    "EXPIRATION": "2022-06-02 07:59:59", 
    "DAYS": "344 days, 1:15:30"
}
DEBUG 2021-06-23 06:53:03,668 - ####################################################################################################
DEBUG 2021-06-23 06:53:03,674 - DOMAIN INFO
INFO 2021-06-23 06:53:03,674 - {
    "DOMAIN": "hujidi.com", 
    "EXPIRATION": "2021-07-06 10:49:33", 
    "DAYS": "13 days, 3:56:30"
}
DEBUG 2021-06-23 07:26:10,469 - ####################################################################################################
DEBUG 2021-06-23 07:26:10,475 - DOMAIN INFO
INFO 2021-06-23 07:26:10,475 - {
    "DOMAIN": "www.asiaroutes.com", 
    "EXPIRATION": "2021-06-23 16:11:35", 
    "DAYS": "8:45:25"
}
DEBUG 2021-06-23 07:44:20,224 - ####################################################################################################
DEBUG 2021-06-23 07:44:20,229 - DOMAIN INFO
INFO 2021-06-23 07:44:20,229 - {
    "DOMAIN": "www.ytsefeng.com", 
    "EXPIRATION": "2021-09-04 02:31:20", 
    "DAYS": "72 days, 18:47:00"
}
DEBUG 2021-06-23 07:53:02,482 - ####################################################################################################
DEBUG 2021-06-23 07:53:02,487 - DOMAIN INFO
INFO 2021-06-23 07:53:02,487 - {
    "DOMAIN": "hujidi.com", 
    "EXPIRATION": "2021-07-06 10:49:33", 
    "DAYS": "13 days, 2:56:31"
}
DEBUG 2021-06-23 08:26:11,766 - ####################################################################################################
DEBUG 2021-06-23 08:26:11,772 - DOMAIN INFO
INFO 2021-06-23 08:26:11,772 - {
    "DOMAIN": "www.asiaroutes.com", 
    "EXPIRATION": "2021-06-23 16:11:35", 
    "DAYS": "7:45:24"
}
DEBUG 2021-06-23 08:44:33,076 - ####################################################################################################
DEBUG 2021-06-23 08:44:33,081 - DOMAIN ERROR
INFO 2021-06-23 08:44:33,082 - {
    "DOMAIN": "www.ytsefeng.com", 
    "DOMAIN_CURL": 72, 
    "ERROR": "[Errno 110] Connection timed out"
}
DEBUG 2021-06-23 08:53:02,809 - ####################################################################################################
DEBUG 2021-06-23 08:53:02,815 - DOMAIN INFO
INFO 2021-06-23 08:53:02,815 - {
    "DOMAIN": "hujidi.com", 
    "EXPIRATION": "2021-07-06 10:49:33", 
    "DAYS": "13 days, 1:56:31"
}
DEBUG 2021-06-23 09:26:10,356 - ####################################################################################################
DEBUG 2021-06-23 09:26:10,363 - DOMAIN INFO
INFO 2021-06-23 09:26:10,363 - {
    "DOMAIN": "www.asiaroutes.com", 
    "EXPIRATION": "2021-06-23 16:11:35", 
    "DAYS": "6:45:25"
}
DEBUG 2021-06-23 09:44:20,569 - ####################################################################################################
DEBUG 2021-06-23 09:44:20,575 - DOMAIN INFO
INFO 2021-06-23 09:44:20,575 - {
    "DOMAIN": "www.ytsefeng.com", 
    "EXPIRATION": "2021-09-04 02:31:20", 
    "DAYS": "72 days, 16:47:00"
}
DEBUG 2021-06-23 09:53:01,727 - ####################################################################################################
DEBUG 2021-06-23 09:53:01,733 - DOMAIN INFO
INFO 2021-06-23 09:53:01,733 - {
    "DOMAIN": "hujidi.com", 
    "EXPIRATION": "2021-07-06 10:49:33", 
    "DAYS": "13 days, 0:56:32"
}
DEBUG 2021-06-23 10:26:13,752 - ####################################################################################################
DEBUG 2021-06-23 10:26:13,758 - DOMAIN INFO
INFO 2021-06-23 10:26:13,758 - {
    "DOMAIN": "www.asiaroutes.com", 
    "EXPIRATION": "2021-06-23 16:11:35", 
    "DAYS": "5:45:22"
}
DEBUG 2021-06-23 10:44:20,373 - ####################################################################################################
DEBUG 2021-06-23 10:44:20,379 - DOMAIN INFO
INFO 2021-06-23 10:44:20,379 - {
    "DOMAIN": "www.ytsefeng.com", 
    "EXPIRATION": "2021-09-04 02:31:20", 
    "DAYS": "72 days, 15:47:00"
}
DEBUG 2021-06-23 10:53:05,422 - ####################################################################################################
DEBUG 2021-06-23 10:53:05,428 - DOMAIN INFO
INFO 2021-06-23 10:53:05,428 - {
    "DOMAIN": "hujidi.com", 
    "EXPIRATION": "2021-07-06 10:49:33", 
    "DAYS": "12 days, 23:56:28"
}
DEBUG 2021-06-23 11:26:09,455 - ####################################################################################################
DEBUG 2021-06-23 11:26:09,462 - DOMAIN INFO
INFO 2021-06-23 11:26:09,462 - {
    "DOMAIN": "www.asiaroutes.com", 
    "EXPIRATION": "2021-06-23 16:11:35", 
    "DAYS": "4:45:26"
}
DEBUG 2021-06-23 11:44:25,803 - ####################################################################################################
DEBUG 2021-06-23 11:44:25,808 - DOMAIN ERROR
INFO 2021-06-23 11:44:25,809 - {
    "DOMAIN": "www.ytsefeng.com", 
    "DOMAIN_CURL": 72, 
    "ERROR": "[Errno 110] Connection timed out"
}
DEBUG 2021-06-23 11:53:03,453 - ####################################################################################################
DEBUG 2021-06-23 11:53:03,459 - DOMAIN INFO
INFO 2021-06-23 11:53:03,459 - {
    "DOMAIN": "hujidi.com", 
    "EXPIRATION": "2021-07-06 10:49:33", 
    "DAYS": "12 days, 22:56:30"
}
DEBUG 2021-06-23 12:26:13,516 - ####################################################################################################
DEBUG 2021-06-23 12:26:13,523 - DOMAIN INFO
INFO 2021-06-23 12:26:13,524 - {
    "DOMAIN": "www.asiaroutes.com", 
    "EXPIRATION": "2021-06-23 16:11:35", 
    "DAYS": "3:45:22"
}
DEBUG 2021-06-23 12:44:32,836 - ####################################################################################################
DEBUG 2021-06-23 12:44:32,841 - DOMAIN ERROR
INFO 2021-06-23 12:44:32,841 - {
    "DOMAIN": "www.ytsefeng.com", 
    "DOMAIN_CURL": 72, 
    "ERROR": "[Errno 110] Connection timed out"
}
DEBUG 2021-06-23 12:53:06,660 - ####################################################################################################
DEBUG 2021-06-23 12:53:06,666 - DOMAIN INFO
INFO 2021-06-23 12:53:06,666 - {
    "DOMAIN": "hujidi.com", 
    "EXPIRATION": "2021-07-06 10:49:33", 
    "DAYS": "12 days, 21:56:27"
}
DEBUG 2021-06-23 13:26:14,135 - ####################################################################################################
DEBUG 2021-06-23 13:26:14,142 - DOMAIN INFO
INFO 2021-06-23 13:26:14,142 - {
    "DOMAIN": "www.asiaroutes.com", 
    "EXPIRATION": "2021-06-23 16:11:35", 
    "DAYS": "2:45:21"
}
DEBUG 2021-06-23 13:44:21,894 - ####################################################################################################
DEBUG 2021-06-23 13:44:21,901 - DOMAIN INFO
INFO 2021-06-23 13:44:21,901 - {
    "DOMAIN": "www.ytsefeng.com", 
    "EXPIRATION": "2021-09-04 02:31:20", 
    "DAYS": "72 days, 12:46:59"
}
DEBUG 2021-06-23 13:53:02,817 - ####################################################################################################
DEBUG 2021-06-23 13:53:02,823 - DOMAIN INFO
INFO 2021-06-23 13:53:02,823 - {
    "DOMAIN": "hujidi.com", 
    "EXPIRATION": "2021-07-06 10:49:33", 
    "DAYS": "12 days, 20:56:31"
}
DEBUG 2021-06-23 14:26:13,590 - ####################################################################################################
DEBUG 2021-06-23 14:26:13,597 - DOMAIN INFO
INFO 2021-06-23 14:26:13,597 - {
    "DOMAIN": "www.asiaroutes.com", 
    "EXPIRATION": "2021-06-23 16:11:35", 
    "DAYS": "1:45:22"
}
DEBUG 2021-06-23 14:44:34,448 - ####################################################################################################
DEBUG 2021-06-23 14:44:34,455 - DOMAIN ERROR
INFO 2021-06-23 14:44:34,455 - {
    "DOMAIN": "www.ytsefeng.com", 
    "DOMAIN_CURL": 72, 
    "ERROR": "[Errno 110] Connection timed out"
}
DEBUG 2021-06-23 14:53:06,321 - ####################################################################################################
DEBUG 2021-06-23 14:53:06,326 - DOMAIN INFO
INFO 2021-06-23 14:53:06,326 - {
    "DOMAIN": "hujidi.com", 
    "EXPIRATION": "2021-07-06 10:49:33", 
    "DAYS": "12 days, 19:56:27"
}
DEBUG 2021-06-23 15:26:13,207 - ####################################################################################################
DEBUG 2021-06-23 15:26:13,214 - DOMAIN INFO
INFO 2021-06-23 15:26:13,214 - {
    "DOMAIN": "www.asiaroutes.com", 
    "EXPIRATION": "2021-06-23 16:11:35", 
    "DAYS": "0:45:22"
}
DEBUG 2021-06-23 15:44:27,645 - ####################################################################################################
DEBUG 2021-06-23 15:44:27,651 - DOMAIN ERROR
INFO 2021-06-23 15:44:27,652 - {
    "DOMAIN": "www.ytsefeng.com", 
    "DOMAIN_CURL": 72, 
    "ERROR": "[Errno 110] Connection timed out"
}
DEBUG 2021-06-23 15:53:02,894 - ####################################################################################################
DEBUG 2021-06-23 15:53:02,900 - DOMAIN INFO
INFO 2021-06-23 15:53:02,900 - {
    "DOMAIN": "hujidi.com", 
    "EXPIRATION": "2021-07-06 10:49:33", 
    "DAYS": "12 days, 18:56:31"
}
DEBUG 2021-06-23 16:26:10,863 - ####################################################################################################
DEBUG 2021-06-23 16:26:10,869 - DOMAIN ERROR
INFO 2021-06-23 16:26:10,869 - {
    "DOMAIN": "www.asiaroutes.com", 
    "DOMAIN_CURL": -1, 
    "ERROR": "[SSL: CERTIFICATE_VERIFY_FAILED] certificate verify failed (_ssl.c:618)"
}
DEBUG 2021-06-23 16:44:27,702 - ####################################################################################################
DEBUG 2021-06-23 16:44:27,708 - DOMAIN ERROR
INFO 2021-06-23 16:44:27,708 - {
    "DOMAIN": "www.ytsefeng.com", 
    "DOMAIN_CURL": 72, 
    "ERROR": "[Errno 110] Connection timed out"
}
DEBUG 2021-06-23 16:53:05,360 - ####################################################################################################
DEBUG 2021-06-23 16:53:05,366 - DOMAIN INFO
INFO 2021-06-23 16:53:05,367 - {
    "DOMAIN": "hujidi.com", 
    "EXPIRATION": "2021-07-06 10:49:33", 
    "DAYS": "12 days, 17:56:28"
}
DEBUG 2021-06-23 17:26:12,644 - ####################################################################################################
DEBUG 2021-06-23 17:26:12,650 - DOMAIN ERROR
INFO 2021-06-23 17:26:12,650 - {
    "DOMAIN": "www.asiaroutes.com", 
    "DOMAIN_CURL": -1, 
    "ERROR": "[SSL: CERTIFICATE_VERIFY_FAILED] certificate verify failed (_ssl.c:618)"
}
DEBUG 2021-06-23 17:44:23,950 - ####################################################################################################
DEBUG 2021-06-23 17:44:23,955 - DOMAIN ERROR
INFO 2021-06-23 17:44:23,955 - {
    "DOMAIN": "www.ytsefeng.com", 
    "DOMAIN_CURL": 72, 
    "ERROR": "[Errno 110] Connection timed out"
}
DEBUG 2021-06-23 17:53:02,464 - ####################################################################################################
DEBUG 2021-06-23 17:53:02,470 - DOMAIN INFO
INFO 2021-06-23 17:53:02,470 - {
    "DOMAIN": "hujidi.com", 
    "EXPIRATION": "2021-07-06 10:49:33", 
    "DAYS": "12 days, 16:56:31"
}
DEBUG 2021-06-23 18:26:13,397 - ####################################################################################################
DEBUG 2021-06-23 18:26:13,403 - DOMAIN ERROR
INFO 2021-06-23 18:26:13,403 - {
    "DOMAIN": "www.asiaroutes.com", 
    "DOMAIN_CURL": -1, 
    "ERROR": "[SSL: CERTIFICATE_VERIFY_FAILED] certificate verify failed (_ssl.c:618)"
}
DEBUG 2021-06-23 18:44:24,635 - ####################################################################################################
DEBUG 2021-06-23 18:44:24,641 - DOMAIN INFO
INFO 2021-06-23 18:44:24,641 - {
    "DOMAIN": "www.ytsefeng.com", 
    "EXPIRATION": "2021-09-04 02:31:20", 
    "DAYS": "72 days, 7:46:56"
}
DEBUG 2021-06-23 18:53:09,210 - ####################################################################################################
DEBUG 2021-06-23 18:53:09,217 - DOMAIN INFO
INFO 2021-06-23 18:53:09,218 - {
    "DOMAIN": "hujidi.com", 
    "EXPIRATION": "2021-07-06 10:49:33", 
    "DAYS": "12 days, 15:56:24"
}
DEBUG 2021-06-23 19:26:12,870 - ####################################################################################################
DEBUG 2021-06-23 19:26:12,876 - DOMAIN ERROR
INFO 2021-06-23 19:26:12,876 - {
    "DOMAIN": "www.asiaroutes.com", 
    "DOMAIN_CURL": -1, 
    "ERROR": "[SSL: CERTIFICATE_VERIFY_FAILED] certificate verify failed (_ssl.c:618)"
}
DEBUG 2021-06-23 19:44:22,425 - ####################################################################################################
DEBUG 2021-06-23 19:44:22,431 - DOMAIN INFO
INFO 2021-06-23 19:44:22,431 - {
    "DOMAIN": "www.ytsefeng.com", 
    "EXPIRATION": "2021-09-04 02:31:20", 
    "DAYS": "72 days, 6:46:58"
}
DEBUG 2021-06-23 19:53:04,674 - ####################################################################################################
DEBUG 2021-06-23 19:53:04,679 - DOMAIN INFO
INFO 2021-06-23 19:53:04,679 - {
    "DOMAIN": "hujidi.com", 
    "EXPIRATION": "2021-07-06 10:49:33", 
    "DAYS": "12 days, 14:56:29"
}
DEBUG 2021-06-23 20:26:14,065 - ####################################################################################################
DEBUG 2021-06-23 20:26:14,071 - DOMAIN ERROR
INFO 2021-06-23 20:26:14,071 - {
    "DOMAIN": "www.asiaroutes.com", 
    "DOMAIN_CURL": -1, 
    "ERROR": "[SSL: CERTIFICATE_VERIFY_FAILED] certificate verify failed (_ssl.c:618)"
}
DEBUG 2021-06-23 20:44:24,381 - ####################################################################################################
DEBUG 2021-06-23 20:44:24,386 - DOMAIN INFO
INFO 2021-06-23 20:44:24,387 - {
    "DOMAIN": "www.ytsefeng.com", 
    "EXPIRATION": "2021-09-04 02:31:20", 
    "DAYS": "72 days, 5:46:56"
}
DEBUG 2021-06-23 20:53:05,291 - ####################################################################################################
DEBUG 2021-06-23 20:53:05,297 - DOMAIN INFO
INFO 2021-06-23 20:53:05,297 - {
    "DOMAIN": "hujidi.com", 
    "EXPIRATION": "2021-07-06 10:49:33", 
    "DAYS": "12 days, 13:56:28"
}
DEBUG 2021-06-23 21:26:12,462 - ####################################################################################################
DEBUG 2021-06-23 21:26:12,467 - DOMAIN ERROR
INFO 2021-06-23 21:26:12,467 - {
    "DOMAIN": "www.asiaroutes.com", 
    "DOMAIN_CURL": -1, 
    "ERROR": "[SSL: CERTIFICATE_VERIFY_FAILED] certificate verify failed (_ssl.c:618)"
}
DEBUG 2021-06-23 21:44:22,439 - ####################################################################################################
DEBUG 2021-06-23 21:44:22,446 - DOMAIN INFO
INFO 2021-06-23 21:44:22,446 - {
    "DOMAIN": "www.ytsefeng.com", 
    "EXPIRATION": "2021-09-04 02:31:20", 
    "DAYS": "72 days, 4:46:58"
}
DEBUG 2021-06-23 21:53:06,014 - ####################################################################################################
DEBUG 2021-06-23 21:53:06,020 - DOMAIN INFO
INFO 2021-06-23 21:53:06,020 - {
    "DOMAIN": "hujidi.com", 
    "EXPIRATION": "2021-07-06 10:49:33", 
    "DAYS": "12 days, 12:56:27"
}
DEBUG 2021-06-23 22:26:14,423 - ####################################################################################################
DEBUG 2021-06-23 22:26:14,430 - DOMAIN ERROR
INFO 2021-06-23 22:26:14,431 - {
    "DOMAIN": "www.asiaroutes.com", 
    "DOMAIN_CURL": -1, 
    "ERROR": "[SSL: CERTIFICATE_VERIFY_FAILED] certificate verify failed (_ssl.c:618)"
}
DEBUG 2021-06-23 22:44:21,400 - ####################################################################################################
DEBUG 2021-06-23 22:44:21,407 - DOMAIN INFO
INFO 2021-06-23 22:44:21,407 - {
    "DOMAIN": "www.ytsefeng.com", 
    "EXPIRATION": "2021-09-04 02:31:20", 
    "DAYS": "72 days, 3:46:59"
}
DEBUG 2021-06-23 22:53:06,592 - ####################################################################################################
DEBUG 2021-06-23 22:53:06,598 - DOMAIN INFO
INFO 2021-06-23 22:53:06,598 - {
    "DOMAIN": "hujidi.com", 
    "EXPIRATION": "2021-07-06 10:49:33", 
    "DAYS": "12 days, 11:56:27"
}
DEBUG 2021-06-23 23:26:15,370 - ####################################################################################################
DEBUG 2021-06-23 23:26:15,376 - DOMAIN ERROR
INFO 2021-06-23 23:26:15,376 - {
    "DOMAIN": "www.asiaroutes.com", 
    "DOMAIN_CURL": -1, 
    "ERROR": "[SSL: CERTIFICATE_VERIFY_FAILED] certificate verify failed (_ssl.c:618)"
}
DEBUG 2021-06-23 23:44:20,410 - ####################################################################################################
DEBUG 2021-06-23 23:44:20,416 - DOMAIN INFO
INFO 2021-06-23 23:44:20,416 - {
    "DOMAIN": "www.ytsefeng.com", 
    "EXPIRATION": "2021-09-04 02:31:20", 
    "DAYS": "72 days, 2:47:00"
}
DEBUG 2021-06-23 23:53:08,382 - ####################################################################################################
DEBUG 2021-06-23 23:53:08,387 - DOMAIN INFO
INFO 2021-06-23 23:53:08,387 - {
    "DOMAIN": "hujidi.com", 
    "EXPIRATION": "2021-07-06 10:49:33", 
    "DAYS": "12 days, 10:56:25"
}
