DEBUG 2021-07-06 00:02:45,395 - ####################################################################################################
DEBUG 2021-07-06 00:02:45,402 - DOMAIN INFO
INFO 2021-07-06 00:02:45,402 - {
    "DOMAIN": "wpc89.com", 
    "EXPIRATION": "2021-07-14 08:28:41", 
    "DAYS": "8 days, 8:25:56"
}
DEBUG 2021-07-06 00:02:46,439 - ####################################################################################################
DEBUG 2021-07-06 00:02:46,445 - DOMAIN INFO
INFO 2021-07-06 00:02:46,445 - {
    "DOMAIN": "www.wpc89.com", 
    "EXPIRATION": "2021-07-14 08:28:41", 
    "DAYS": "8 days, 8:25:55"
}
DEBUG 2021-07-06 00:24:29,723 - ####################################################################################################
DEBUG 2021-07-06 00:24:29,729 - DOMAIN INFO
INFO 2021-07-06 00:24:29,729 - {
    "DOMAIN": "www.wukongchat.com", 
    "EXPIRATION": "2021-10-03 08:22:53", 
    "DAYS": "89 days, 7:58:24"
}
DEBUG 2021-07-06 00:32:19,135 - ####################################################################################################
DEBUG 2021-07-06 00:32:19,142 - DOMAIN INFO
INFO 2021-07-06 00:32:19,142 - {
    "DOMAIN": "tochat333.com", 
    "EXPIRATION": "2021-07-19 16:18:13", 
    "DAYS": "13 days, 15:45:54"
}
DEBUG 2021-07-06 00:32:21,559 - ####################################################################################################
DEBUG 2021-07-06 00:32:21,565 - DOMAIN INFO
INFO 2021-07-06 00:32:21,565 - {
    "DOMAIN": "jbl.live", 
    "EXPIRATION": "2021-07-19 20:00:00", 
    "DAYS": "13 days, 19:27:39"
}
DEBUG 2021-07-06 00:32:22,182 - ####################################################################################################
DEBUG 2021-07-06 00:32:22,188 - DOMAIN INFO
INFO 2021-07-06 00:32:22,188 - {
    "DOMAIN": "www.jbl.live", 
    "EXPIRATION": "2021-07-19 20:00:00", 
    "DAYS": "13 days, 19:27:38"
}
DEBUG 2021-07-06 01:02:42,138 - ####################################################################################################
DEBUG 2021-07-06 01:02:42,143 - DOMAIN INFO
INFO 2021-07-06 01:02:42,143 - {
    "DOMAIN": "wpc89.com", 
    "EXPIRATION": "2021-07-14 08:28:41", 
    "DAYS": "8 days, 7:25:59"
}
DEBUG 2021-07-06 01:02:42,566 - ####################################################################################################
DEBUG 2021-07-06 01:02:42,572 - DOMAIN INFO
INFO 2021-07-06 01:02:42,572 - {
    "DOMAIN": "www.wpc89.com", 
    "EXPIRATION": "2021-07-14 08:28:41", 
    "DAYS": "8 days, 7:25:59"
}
DEBUG 2021-07-06 01:24:27,247 - ####################################################################################################
DEBUG 2021-07-06 01:24:27,253 - DOMAIN INFO
INFO 2021-07-06 01:24:27,253 - {
    "DOMAIN": "www.wukongchat.com", 
    "EXPIRATION": "2021-10-03 08:22:53", 
    "DAYS": "89 days, 6:58:26"
}
DEBUG 2021-07-06 01:32:15,910 - ####################################################################################################
DEBUG 2021-07-06 01:32:15,916 - DOMAIN INFO
INFO 2021-07-06 01:32:15,916 - {
    "DOMAIN": "tochat333.com", 
    "EXPIRATION": "2021-07-19 16:18:13", 
    "DAYS": "13 days, 14:45:58"
}
DEBUG 2021-07-06 01:32:17,671 - ####################################################################################################
DEBUG 2021-07-06 01:32:17,677 - DOMAIN INFO
INFO 2021-07-06 01:32:17,677 - {
    "DOMAIN": "jbl.live", 
    "EXPIRATION": "2021-07-19 20:00:00", 
    "DAYS": "13 days, 18:27:43"
}
DEBUG 2021-07-06 01:32:17,982 - ####################################################################################################
DEBUG 2021-07-06 01:32:17,988 - DOMAIN INFO
INFO 2021-07-06 01:32:17,989 - {
    "DOMAIN": "www.jbl.live", 
    "EXPIRATION": "2021-07-19 20:00:00", 
    "DAYS": "13 days, 18:27:43"
}
DEBUG 2021-07-06 02:02:42,501 - ####################################################################################################
DEBUG 2021-07-06 02:02:42,507 - DOMAIN INFO
INFO 2021-07-06 02:02:42,507 - {
    "DOMAIN": "wpc89.com", 
    "EXPIRATION": "2021-07-14 08:28:41", 
    "DAYS": "8 days, 6:25:59"
}
DEBUG 2021-07-06 02:02:44,716 - ####################################################################################################
DEBUG 2021-07-06 02:02:44,722 - DOMAIN INFO
INFO 2021-07-06 02:02:44,722 - {
    "DOMAIN": "www.wpc89.com", 
    "EXPIRATION": "2021-07-14 08:28:41", 
    "DAYS": "8 days, 6:25:57"
}
DEBUG 2021-07-06 02:24:29,211 - ####################################################################################################
DEBUG 2021-07-06 02:24:29,218 - DOMAIN INFO
INFO 2021-07-06 02:24:29,218 - {
    "DOMAIN": "www.wukongchat.com", 
    "EXPIRATION": "2021-10-03 08:22:53", 
    "DAYS": "89 days, 5:58:24"
}
DEBUG 2021-07-06 02:32:15,679 - ####################################################################################################
DEBUG 2021-07-06 02:32:15,685 - DOMAIN INFO
INFO 2021-07-06 02:32:15,686 - {
    "DOMAIN": "tochat333.com", 
    "EXPIRATION": "2021-07-19 16:18:13", 
    "DAYS": "13 days, 13:45:58"
}
DEBUG 2021-07-06 02:32:18,709 - ####################################################################################################
DEBUG 2021-07-06 02:32:18,715 - DOMAIN INFO
INFO 2021-07-06 02:32:18,715 - {
    "DOMAIN": "jbl.live", 
    "EXPIRATION": "2021-07-19 20:00:00", 
    "DAYS": "13 days, 17:27:42"
}
DEBUG 2021-07-06 02:32:19,378 - ####################################################################################################
DEBUG 2021-07-06 02:32:19,383 - DOMAIN INFO
INFO 2021-07-06 02:32:19,384 - {
    "DOMAIN": "www.jbl.live", 
    "EXPIRATION": "2021-07-19 20:00:00", 
    "DAYS": "13 days, 17:27:41"
}
DEBUG 2021-07-06 03:02:41,763 - ####################################################################################################
DEBUG 2021-07-06 03:02:41,770 - DOMAIN INFO
INFO 2021-07-06 03:02:41,770 - {
    "DOMAIN": "wpc89.com", 
    "EXPIRATION": "2021-07-14 08:28:41", 
    "DAYS": "8 days, 5:26:00"
}
DEBUG 2021-07-06 03:02:43,482 - ####################################################################################################
DEBUG 2021-07-06 03:02:43,488 - DOMAIN INFO
INFO 2021-07-06 03:02:43,488 - {
    "DOMAIN": "www.wpc89.com", 
    "EXPIRATION": "2021-07-14 08:28:41", 
    "DAYS": "8 days, 5:25:58"
}
DEBUG 2021-07-06 03:24:26,166 - ####################################################################################################
DEBUG 2021-07-06 03:24:26,172 - DOMAIN INFO
INFO 2021-07-06 03:24:26,172 - {
    "DOMAIN": "www.wukongchat.com", 
    "EXPIRATION": "2021-10-03 08:22:53", 
    "DAYS": "89 days, 4:58:27"
}
DEBUG 2021-07-06 03:32:16,670 - ####################################################################################################
DEBUG 2021-07-06 03:32:16,676 - DOMAIN INFO
INFO 2021-07-06 03:32:16,676 - {
    "DOMAIN": "tochat333.com", 
    "EXPIRATION": "2021-07-19 16:18:13", 
    "DAYS": "13 days, 12:45:57"
}
DEBUG 2021-07-06 03:32:19,901 - ####################################################################################################
DEBUG 2021-07-06 03:32:19,907 - DOMAIN INFO
INFO 2021-07-06 03:32:19,907 - {
    "DOMAIN": "jbl.live", 
    "EXPIRATION": "2021-07-19 20:00:00", 
    "DAYS": "13 days, 16:27:41"
}
DEBUG 2021-07-06 03:32:20,405 - ####################################################################################################
DEBUG 2021-07-06 03:32:20,411 - DOMAIN INFO
INFO 2021-07-06 03:32:20,412 - {
    "DOMAIN": "www.jbl.live", 
    "EXPIRATION": "2021-07-19 20:00:00", 
    "DAYS": "13 days, 16:27:40"
}
DEBUG 2021-07-06 04:02:44,449 - ####################################################################################################
DEBUG 2021-07-06 04:02:44,455 - DOMAIN INFO
INFO 2021-07-06 04:02:44,456 - {
    "DOMAIN": "wpc89.com", 
    "EXPIRATION": "2021-07-14 08:28:41", 
    "DAYS": "8 days, 4:25:57"
}
DEBUG 2021-07-06 04:02:45,774 - ####################################################################################################
DEBUG 2021-07-06 04:02:45,779 - DOMAIN INFO
INFO 2021-07-06 04:02:45,779 - {
    "DOMAIN": "www.wpc89.com", 
    "EXPIRATION": "2021-07-14 08:28:41", 
    "DAYS": "8 days, 4:25:56"
}
DEBUG 2021-07-06 04:24:27,451 - ####################################################################################################
DEBUG 2021-07-06 04:24:27,458 - DOMAIN INFO
INFO 2021-07-06 04:24:27,458 - {
    "DOMAIN": "www.wukongchat.com", 
    "EXPIRATION": "2021-10-03 08:22:53", 
    "DAYS": "89 days, 3:58:26"
}
DEBUG 2021-07-06 04:32:17,394 - ####################################################################################################
DEBUG 2021-07-06 04:32:17,401 - DOMAIN INFO
INFO 2021-07-06 04:32:17,401 - {
    "DOMAIN": "tochat333.com", 
    "EXPIRATION": "2021-07-19 16:18:13", 
    "DAYS": "13 days, 11:45:56"
}
DEBUG 2021-07-06 04:32:19,626 - ####################################################################################################
DEBUG 2021-07-06 04:32:19,632 - DOMAIN INFO
INFO 2021-07-06 04:32:19,632 - {
    "DOMAIN": "jbl.live", 
    "EXPIRATION": "2021-07-19 20:00:00", 
    "DAYS": "13 days, 15:27:41"
}
DEBUG 2021-07-06 04:32:20,639 - ####################################################################################################
DEBUG 2021-07-06 04:32:20,644 - DOMAIN INFO
INFO 2021-07-06 04:32:20,645 - {
    "DOMAIN": "www.jbl.live", 
    "EXPIRATION": "2021-07-19 20:00:00", 
    "DAYS": "13 days, 15:27:40"
}
DEBUG 2021-07-06 05:02:45,409 - ####################################################################################################
DEBUG 2021-07-06 05:02:45,415 - DOMAIN INFO
INFO 2021-07-06 05:02:45,415 - {
    "DOMAIN": "wpc89.com", 
    "EXPIRATION": "2021-07-14 08:28:41", 
    "DAYS": "8 days, 3:25:56"
}
DEBUG 2021-07-06 05:02:46,236 - ####################################################################################################
DEBUG 2021-07-06 05:02:46,241 - DOMAIN INFO
INFO 2021-07-06 05:02:46,242 - {
    "DOMAIN": "www.wpc89.com", 
    "EXPIRATION": "2021-07-14 08:28:41", 
    "DAYS": "8 days, 3:25:55"
}
DEBUG 2021-07-06 05:24:28,939 - ####################################################################################################
DEBUG 2021-07-06 05:24:28,945 - DOMAIN INFO
INFO 2021-07-06 05:24:28,945 - {
    "DOMAIN": "www.wukongchat.com", 
    "EXPIRATION": "2021-10-03 08:22:53", 
    "DAYS": "89 days, 2:58:25"
}
DEBUG 2021-07-06 05:32:16,379 - ####################################################################################################
DEBUG 2021-07-06 05:32:16,384 - DOMAIN INFO
INFO 2021-07-06 05:32:16,384 - {
    "DOMAIN": "tochat333.com", 
    "EXPIRATION": "2021-07-19 16:18:13", 
    "DAYS": "13 days, 10:45:57"
}
DEBUG 2021-07-06 05:32:18,211 - ####################################################################################################
DEBUG 2021-07-06 05:32:18,217 - DOMAIN INFO
INFO 2021-07-06 05:32:18,218 - {
    "DOMAIN": "jbl.live", 
    "EXPIRATION": "2021-07-19 20:00:00", 
    "DAYS": "13 days, 14:27:42"
}
DEBUG 2021-07-06 05:32:19,157 - ####################################################################################################
DEBUG 2021-07-06 05:32:19,163 - DOMAIN INFO
INFO 2021-07-06 05:32:19,164 - {
    "DOMAIN": "www.jbl.live", 
    "EXPIRATION": "2021-07-19 20:00:00", 
    "DAYS": "13 days, 14:27:41"
}
DEBUG 2021-07-06 05:48:28,512 - ####################################################################################################
DEBUG 2021-07-06 05:48:28,518 - DOMAIN INFO
INFO 2021-07-06 05:48:28,518 - {
    "DOMAIN": "18185000.com", 
    "EXPIRATION": "2021-09-27 23:10:21", 
    "DAYS": "83 days, 17:21:53"
}
DEBUG 2021-07-06 05:48:29,026 - ####################################################################################################
DEBUG 2021-07-06 05:48:29,031 - DOMAIN INFO
INFO 2021-07-06 05:48:29,031 - {
    "DOMAIN": "jin113.com", 
    "EXPIRATION": "2021-09-26 00:12:35", 
    "DAYS": "81 days, 18:24:06"
}
DEBUG 2021-07-06 05:48:29,402 - ####################################################################################################
DEBUG 2021-07-06 05:48:29,407 - DOMAIN INFO
INFO 2021-07-06 05:48:29,407 - {
    "DOMAIN": "b6363a.com", 
    "EXPIRATION": "2021-09-27 03:16:13", 
    "DAYS": "82 days, 21:27:44"
}
DEBUG 2021-07-06 05:48:30,109 - ####################################################################################################
DEBUG 2021-07-06 05:48:30,116 - DOMAIN INFO
INFO 2021-07-06 05:48:30,116 - {
    "DOMAIN": "eu989.net", 
    "EXPIRATION": "2021-09-25 23:51:11", 
    "DAYS": "81 days, 18:02:41"
}
DEBUG 2021-07-06 05:48:30,732 - ####################################################################################################
DEBUG 2021-07-06 05:48:30,738 - DOMAIN INFO
INFO 2021-07-06 05:48:30,738 - {
    "DOMAIN": "ying88888.com", 
    "EXPIRATION": "2021-09-27 10:43:24", 
    "DAYS": "83 days, 4:54:54"
}
DEBUG 2021-07-06 05:48:31,151 - ####################################################################################################
DEBUG 2021-07-06 05:48:31,157 - DOMAIN INFO
INFO 2021-07-06 05:48:31,158 - {
    "DOMAIN": "eu2018.net", 
    "EXPIRATION": "2021-09-29 06:49:08", 
    "DAYS": "85 days, 1:00:37"
}
DEBUG 2021-07-06 05:48:32,030 - ####################################################################################################
DEBUG 2021-07-06 05:48:32,036 - DOMAIN INFO
INFO 2021-07-06 05:48:32,037 - {
    "DOMAIN": "jiabo99.com", 
    "EXPIRATION": "2021-08-30 10:44:27", 
    "DAYS": "55 days, 4:55:55"
}
DEBUG 2021-07-06 05:48:32,637 - ####################################################################################################
DEBUG 2021-07-06 05:48:32,644 - DOMAIN INFO
INFO 2021-07-06 05:48:32,644 - {
    "DOMAIN": "gabo666.com", 
    "EXPIRATION": "2021-08-30 18:24:37", 
    "DAYS": "55 days, 12:36:05"
}
DEBUG 2021-07-06 05:48:33,332 - ####################################################################################################
DEBUG 2021-07-06 05:48:33,338 - DOMAIN INFO
INFO 2021-07-06 05:48:33,338 - {
    "DOMAIN": "jin172.com", 
    "EXPIRATION": "2021-09-27 10:38:24", 
    "DAYS": "83 days, 4:49:51"
}
DEBUG 2021-07-06 06:02:42,776 - ####################################################################################################
DEBUG 2021-07-06 06:02:42,783 - DOMAIN INFO
INFO 2021-07-06 06:02:42,783 - {
    "DOMAIN": "wpc89.com", 
    "EXPIRATION": "2021-07-14 08:28:41", 
    "DAYS": "8 days, 2:25:59"
}
DEBUG 2021-07-06 06:02:43,354 - ####################################################################################################
DEBUG 2021-07-06 06:02:43,361 - DOMAIN INFO
INFO 2021-07-06 06:02:43,361 - {
    "DOMAIN": "www.wpc89.com", 
    "EXPIRATION": "2021-07-14 08:28:41", 
    "DAYS": "8 days, 2:25:58"
}
DEBUG 2021-07-06 06:32:18,638 - ####################################################################################################
DEBUG 2021-07-06 06:32:18,644 - DOMAIN INFO
INFO 2021-07-06 06:32:18,645 - {
    "DOMAIN": "tochat333.com", 
    "EXPIRATION": "2021-07-19 16:18:13", 
    "DAYS": "13 days, 9:45:55"
}
DEBUG 2021-07-06 06:32:21,582 - ####################################################################################################
DEBUG 2021-07-06 06:32:21,588 - DOMAIN INFO
INFO 2021-07-06 06:32:21,588 - {
    "DOMAIN": "jbl.live", 
    "EXPIRATION": "2021-07-19 20:00:00", 
    "DAYS": "13 days, 13:27:39"
}
DEBUG 2021-07-06 06:32:22,540 - ####################################################################################################
DEBUG 2021-07-06 06:32:22,546 - DOMAIN INFO
INFO 2021-07-06 06:32:22,546 - {
    "DOMAIN": "www.jbl.live", 
    "EXPIRATION": "2021-07-19 20:00:00", 
    "DAYS": "13 days, 13:27:38"
}
DEBUG 2021-07-06 06:48:32,872 - ####################################################################################################
DEBUG 2021-07-06 06:48:32,878 - DOMAIN INFO
INFO 2021-07-06 06:48:32,878 - {
    "DOMAIN": "jin172.com", 
    "EXPIRATION": "2021-09-27 10:38:24", 
    "DAYS": "83 days, 3:49:52"
}
DEBUG 2021-07-06 06:48:35,367 - ####################################################################################################
DEBUG 2021-07-06 06:48:35,374 - DOMAIN INFO
INFO 2021-07-06 06:48:35,374 - {
    "DOMAIN": "jbl788.com", 
    "EXPIRATION": "2021-09-26 00:04:59", 
    "DAYS": "81 days, 17:16:24"
}
DEBUG 2021-07-06 06:48:36,823 - ####################################################################################################
DEBUG 2021-07-06 06:48:36,828 - DOMAIN INFO
INFO 2021-07-06 06:48:36,828 - {
    "DOMAIN": "kblforum.com", 
    "EXPIRATION": "2021-09-27 10:53:40", 
    "DAYS": "83 days, 4:05:04"
}
DEBUG 2021-07-06 06:48:37,037 - ####################################################################################################
DEBUG 2021-07-06 06:48:37,043 - DOMAIN INFO
INFO 2021-07-06 06:48:37,044 - {
    "DOMAIN": "jsh3.me", 
    "EXPIRATION": "2021-09-26 23:34:56", 
    "DAYS": "82 days, 16:46:19"
}
DEBUG 2021-07-06 06:48:37,769 - ####################################################################################################
DEBUG 2021-07-06 06:48:37,775 - DOMAIN INFO
INFO 2021-07-06 06:48:37,776 - {
    "DOMAIN": "eulaohu.com", 
    "EXPIRATION": "2021-09-27 06:59:15", 
    "DAYS": "83 days, 0:10:38"
}
DEBUG 2021-07-06 06:48:38,843 - ####################################################################################################
DEBUG 2021-07-06 06:48:38,849 - DOMAIN INFO
INFO 2021-07-06 06:48:38,849 - {
    "DOMAIN": "xbet65.com", 
    "EXPIRATION": "2021-09-26 23:51:38", 
    "DAYS": "82 days, 17:03:00"
}
DEBUG 2021-07-06 06:48:39,981 - ####################################################################################################
DEBUG 2021-07-06 06:48:39,987 - DOMAIN INFO
INFO 2021-07-06 06:48:39,987 - {
    "DOMAIN": "xingtou777.com", 
    "EXPIRATION": "2021-09-26 23:50:29", 
    "DAYS": "82 days, 17:01:50"
}
DEBUG 2021-07-06 06:48:40,910 - ####################################################################################################
DEBUG 2021-07-06 06:48:40,916 - DOMAIN INFO
INFO 2021-07-06 06:48:40,916 - {
    "DOMAIN": "jsh521.com", 
    "EXPIRATION": "2021-09-27 14:32:43", 
    "DAYS": "83 days, 7:44:03"
}
DEBUG 2021-07-06 06:48:41,866 - ####################################################################################################
DEBUG 2021-07-06 06:48:41,872 - DOMAIN INFO
INFO 2021-07-06 06:48:41,872 - {
    "DOMAIN": "www.jsh521.com", 
    "EXPIRATION": "2021-09-27 14:32:43", 
    "DAYS": "83 days, 7:44:02"
}
DEBUG 2021-07-06 06:48:43,580 - ####################################################################################################
DEBUG 2021-07-06 06:48:43,586 - DOMAIN INFO
INFO 2021-07-06 06:48:43,586 - {
    "DOMAIN": "eu898.com", 
    "EXPIRATION": "2021-09-27 10:55:22", 
    "DAYS": "83 days, 4:06:39"
}
DEBUG 2021-07-06 06:48:43,621 - ####################################################################################################
DEBUG 2021-07-06 06:48:43,627 - DOMAIN INFO
INFO 2021-07-06 06:48:43,628 - {
    "DOMAIN": "ebetasia.net", 
    "EXPIRATION": "2022-02-14 07:59:59", 
    "DAYS": "223 days, 1:11:16"
}
DEBUG 2021-07-06 06:48:44,972 - ####################################################################################################
DEBUG 2021-07-06 06:48:44,977 - DOMAIN INFO
INFO 2021-07-06 06:48:44,978 - {
    "DOMAIN": "www.eu590.com", 
    "EXPIRATION": "2021-09-27 23:04:45", 
    "DAYS": "83 days, 16:16:01"
}
DEBUG 2021-07-06 06:48:45,092 - ####################################################################################################
DEBUG 2021-07-06 06:48:45,098 - DOMAIN INFO
INFO 2021-07-06 06:48:45,099 - {
    "DOMAIN": "eu590.com", 
    "EXPIRATION": "2021-09-27 23:04:45", 
    "DAYS": "83 days, 16:16:00"
}
DEBUG 2021-07-06 06:48:47,148 - ####################################################################################################
DEBUG 2021-07-06 06:48:47,155 - DOMAIN INFO
INFO 2021-07-06 06:48:47,155 - {
    "DOMAIN": "www.xdlv68.com", 
    "EXPIRATION": "2021-09-27 15:08:11", 
    "DAYS": "83 days, 8:19:24"
}
DEBUG 2021-07-06 06:48:47,835 - ####################################################################################################
DEBUG 2021-07-06 06:48:47,842 - DOMAIN INFO
INFO 2021-07-06 06:48:47,842 - {
    "DOMAIN": "jblzm01.com", 
    "EXPIRATION": "2021-09-27 10:53:17", 
    "DAYS": "83 days, 4:04:30"
}
DEBUG 2021-07-06 07:02:43,091 - ####################################################################################################
DEBUG 2021-07-06 07:02:43,097 - DOMAIN INFO
INFO 2021-07-06 07:02:43,097 - {
    "DOMAIN": "wpc89.com", 
    "EXPIRATION": "2021-07-14 08:28:41", 
    "DAYS": "8 days, 1:25:58"
}
DEBUG 2021-07-06 07:02:43,717 - ####################################################################################################
DEBUG 2021-07-06 07:02:43,723 - DOMAIN INFO
INFO 2021-07-06 07:02:43,723 - {
    "DOMAIN": "www.wpc89.com", 
    "EXPIRATION": "2021-07-14 08:28:41", 
    "DAYS": "8 days, 1:25:58"
}
DEBUG 2021-07-06 07:32:14,939 - ####################################################################################################
DEBUG 2021-07-06 07:32:14,946 - DOMAIN INFO
INFO 2021-07-06 07:32:14,946 - {
    "DOMAIN": "tochat333.com", 
    "EXPIRATION": "2021-07-19 16:18:13", 
    "DAYS": "13 days, 8:45:59"
}
DEBUG 2021-07-06 07:32:17,343 - ####################################################################################################
DEBUG 2021-07-06 07:32:17,349 - DOMAIN INFO
INFO 2021-07-06 07:32:17,349 - {
    "DOMAIN": "jbl.live", 
    "EXPIRATION": "2021-07-19 20:00:00", 
    "DAYS": "13 days, 12:27:43"
}
DEBUG 2021-07-06 07:32:18,000 - ####################################################################################################
DEBUG 2021-07-06 07:32:18,006 - DOMAIN INFO
INFO 2021-07-06 07:32:18,006 - {
    "DOMAIN": "www.jbl.live", 
    "EXPIRATION": "2021-07-19 20:00:00", 
    "DAYS": "13 days, 12:27:43"
}
DEBUG 2021-07-06 08:02:42,673 - ####################################################################################################
DEBUG 2021-07-06 08:02:42,679 - DOMAIN INFO
INFO 2021-07-06 08:02:42,679 - {
    "DOMAIN": "wpc89.com", 
    "EXPIRATION": "2021-07-14 08:28:41", 
    "DAYS": "8 days, 0:25:59"
}
DEBUG 2021-07-06 08:02:46,142 - ####################################################################################################
DEBUG 2021-07-06 08:02:46,148 - DOMAIN INFO
INFO 2021-07-06 08:02:46,148 - {
    "DOMAIN": "www.wpc89.com", 
    "EXPIRATION": "2021-07-14 08:28:41", 
    "DAYS": "8 days, 0:25:55"
}
DEBUG 2021-07-06 08:32:16,457 - ####################################################################################################
DEBUG 2021-07-06 08:32:16,464 - DOMAIN INFO
INFO 2021-07-06 08:32:16,464 - {
    "DOMAIN": "tochat333.com", 
    "EXPIRATION": "2021-07-19 16:18:13", 
    "DAYS": "13 days, 7:45:57"
}
DEBUG 2021-07-06 08:32:35,116 - ####################################################################################################
DEBUG 2021-07-06 08:32:35,123 - DOMAIN ERROR
INFO 2021-07-06 08:32:35,123 - {
    "DOMAIN": "jbl.live", 
    "DOMAIN_CURL": 0, 
    "ERROR": "[SSL: TLSV1_ALERT_INTERNAL_ERROR] tlsv1 alert internal error (_ssl.c:618)"
}
DEBUG 2021-07-06 08:32:35,967 - ####################################################################################################
DEBUG 2021-07-06 08:32:35,972 - DOMAIN ERROR
INFO 2021-07-06 08:32:35,973 - {
    "DOMAIN": "www.jbl.live", 
    "DOMAIN_CURL": 0, 
    "ERROR": "[SSL: TLSV1_ALERT_INTERNAL_ERROR] tlsv1 alert internal error (_ssl.c:618)"
}
DEBUG 2021-07-06 09:02:38,046 - ####################################################################################################
DEBUG 2021-07-06 09:02:38,053 - DOMAIN INFO
INFO 2021-07-06 09:02:38,053 - {
    "DOMAIN": "wpc89.com", 
    "EXPIRATION": "2021-07-14 08:28:41", 
    "DAYS": "7 days, 23:26:03"
}
DEBUG 2021-07-06 09:02:42,484 - ####################################################################################################
DEBUG 2021-07-06 09:02:42,490 - DOMAIN INFO
INFO 2021-07-06 09:02:42,490 - {
    "DOMAIN": "www.wpc89.com", 
    "EXPIRATION": "2021-07-14 08:28:41", 
    "DAYS": "7 days, 23:25:59"
}
DEBUG 2021-07-06 09:32:17,005 - ####################################################################################################
DEBUG 2021-07-06 09:32:17,011 - DOMAIN INFO
INFO 2021-07-06 09:32:17,011 - {
    "DOMAIN": "tochat333.com", 
    "EXPIRATION": "2021-07-19 16:18:13", 
    "DAYS": "13 days, 6:45:57"
}
DEBUG 2021-07-06 09:32:24,513 - ####################################################################################################
DEBUG 2021-07-06 09:32:24,519 - DOMAIN ERROR
INFO 2021-07-06 09:32:24,519 - {
    "DOMAIN": "jbl.live", 
    "DOMAIN_CURL": 365, 
    "ERROR": "[SSL: TLSV1_ALERT_INTERNAL_ERROR] tlsv1 alert internal error (_ssl.c:618)"
}
DEBUG 2021-07-06 09:32:24,787 - ####################################################################################################
DEBUG 2021-07-06 09:32:24,793 - DOMAIN ERROR
INFO 2021-07-06 09:32:24,793 - {
    "DOMAIN": "www.jbl.live", 
    "DOMAIN_CURL": 365, 
    "ERROR": "[SSL: TLSV1_ALERT_INTERNAL_ERROR] tlsv1 alert internal error (_ssl.c:618)"
}
DEBUG 2021-07-06 10:02:44,394 - ####################################################################################################
DEBUG 2021-07-06 10:02:44,400 - DOMAIN INFO
INFO 2021-07-06 10:02:44,400 - {
    "DOMAIN": "wpc89.com", 
    "EXPIRATION": "2021-07-14 08:28:41", 
    "DAYS": "7 days, 22:25:57"
}
DEBUG 2021-07-06 10:02:47,510 - ####################################################################################################
DEBUG 2021-07-06 10:02:47,515 - DOMAIN INFO
INFO 2021-07-06 10:02:47,516 - {
    "DOMAIN": "www.wpc89.com", 
    "EXPIRATION": "2021-07-14 08:28:41", 
    "DAYS": "7 days, 22:25:54"
}
DEBUG 2021-07-06 10:32:16,520 - ####################################################################################################
DEBUG 2021-07-06 10:32:16,527 - DOMAIN INFO
INFO 2021-07-06 10:32:16,527 - {
    "DOMAIN": "tochat333.com", 
    "EXPIRATION": "2021-07-19 16:18:13", 
    "DAYS": "13 days, 5:45:57"
}
DEBUG 2021-07-06 10:32:18,370 - ####################################################################################################
DEBUG 2021-07-06 10:32:18,377 - DOMAIN INFO
INFO 2021-07-06 10:32:18,377 - {
    "DOMAIN": "jbl.live", 
    "EXPIRATION": "2022-07-07 07:59:59", 
    "DAYS": "365 days, 21:27:41"
}
DEBUG 2021-07-06 10:32:18,532 - ####################################################################################################
DEBUG 2021-07-06 10:32:18,538 - DOMAIN INFO
INFO 2021-07-06 10:32:18,538 - {
    "DOMAIN": "www.jbl.live", 
    "EXPIRATION": "2022-07-07 07:59:59", 
    "DAYS": "365 days, 21:27:41"
}
DEBUG 2021-07-06 11:02:47,137 - ####################################################################################################
DEBUG 2021-07-06 11:02:47,143 - DOMAIN INFO
INFO 2021-07-06 11:02:47,144 - {
    "DOMAIN": "wpc89.com", 
    "EXPIRATION": "2021-07-14 08:28:41", 
    "DAYS": "7 days, 21:25:54"
}
DEBUG 2021-07-06 11:02:47,430 - ####################################################################################################
DEBUG 2021-07-06 11:02:47,436 - DOMAIN INFO
INFO 2021-07-06 11:02:47,436 - {
    "DOMAIN": "www.wpc89.com", 
    "EXPIRATION": "2021-07-14 08:28:41", 
    "DAYS": "7 days, 21:25:54"
}
DEBUG 2021-07-06 11:32:18,036 - ####################################################################################################
DEBUG 2021-07-06 11:32:18,043 - DOMAIN INFO
INFO 2021-07-06 11:32:18,044 - {
    "DOMAIN": "tochat333.com", 
    "EXPIRATION": "2021-07-19 16:18:13", 
    "DAYS": "13 days, 4:45:55"
}
DEBUG 2021-07-06 11:32:19,290 - ####################################################################################################
DEBUG 2021-07-06 11:32:19,298 - DOMAIN INFO
INFO 2021-07-06 11:32:19,298 - {
    "DOMAIN": "jbl.live", 
    "EXPIRATION": "2022-07-07 07:59:59", 
    "DAYS": "365 days, 20:27:40"
}
DEBUG 2021-07-06 11:32:20,765 - ####################################################################################################
DEBUG 2021-07-06 11:32:20,771 - DOMAIN INFO
INFO 2021-07-06 11:32:20,772 - {
    "DOMAIN": "www.jbl.live", 
    "EXPIRATION": "2022-07-07 07:59:59", 
    "DAYS": "365 days, 20:27:39"
}
DEBUG 2021-07-06 12:02:40,009 - ####################################################################################################
DEBUG 2021-07-06 12:02:40,017 - DOMAIN INFO
INFO 2021-07-06 12:02:40,017 - {
    "DOMAIN": "wpc89.com", 
    "EXPIRATION": "2021-07-14 08:28:41", 
    "DAYS": "7 days, 20:26:01"
}
DEBUG 2021-07-06 12:02:41,228 - ####################################################################################################
DEBUG 2021-07-06 12:02:41,234 - DOMAIN INFO
INFO 2021-07-06 12:02:41,235 - {
    "DOMAIN": "www.wpc89.com", 
    "EXPIRATION": "2021-07-14 08:28:41", 
    "DAYS": "7 days, 20:26:00"
}
DEBUG 2021-07-06 12:32:17,014 - ####################################################################################################
DEBUG 2021-07-06 12:32:17,019 - DOMAIN INFO
INFO 2021-07-06 12:32:17,020 - {
    "DOMAIN": "tochat333.com", 
    "EXPIRATION": "2021-07-19 16:18:13", 
    "DAYS": "13 days, 3:45:56"
}
DEBUG 2021-07-06 12:32:20,864 - ####################################################################################################
DEBUG 2021-07-06 12:32:20,869 - DOMAIN INFO
INFO 2021-07-06 12:32:20,869 - {
    "DOMAIN": "jbl.live", 
    "EXPIRATION": "2022-07-07 07:59:59", 
    "DAYS": "365 days, 19:27:39"
}
DEBUG 2021-07-06 12:32:21,633 - ####################################################################################################
DEBUG 2021-07-06 12:32:21,639 - DOMAIN INFO
INFO 2021-07-06 12:32:21,639 - {
    "DOMAIN": "www.jbl.live", 
    "EXPIRATION": "2022-07-07 07:59:59", 
    "DAYS": "365 days, 19:27:38"
}
DEBUG 2021-07-06 13:02:43,874 - ####################################################################################################
DEBUG 2021-07-06 13:02:43,880 - DOMAIN INFO
INFO 2021-07-06 13:02:43,881 - {
    "DOMAIN": "wpc89.com", 
    "EXPIRATION": "2021-07-14 08:28:41", 
    "DAYS": "7 days, 19:25:58"
}
DEBUG 2021-07-06 13:02:44,426 - ####################################################################################################
DEBUG 2021-07-06 13:02:44,431 - DOMAIN INFO
INFO 2021-07-06 13:02:44,431 - {
    "DOMAIN": "www.wpc89.com", 
    "EXPIRATION": "2021-07-14 08:28:41", 
    "DAYS": "7 days, 19:25:57"
}
DEBUG 2021-07-06 13:32:18,754 - ####################################################################################################
DEBUG 2021-07-06 13:32:18,760 - DOMAIN INFO
INFO 2021-07-06 13:32:18,760 - {
    "DOMAIN": "tochat333.com", 
    "EXPIRATION": "2021-07-19 16:18:13", 
    "DAYS": "13 days, 2:45:55"
}
DEBUG 2021-07-06 13:32:21,279 - ####################################################################################################
DEBUG 2021-07-06 13:32:21,286 - DOMAIN INFO
INFO 2021-07-06 13:32:21,287 - {
    "DOMAIN": "jbl.live", 
    "EXPIRATION": "2022-07-07 07:59:59", 
    "DAYS": "365 days, 18:27:38"
}
DEBUG 2021-07-06 13:32:22,345 - ####################################################################################################
DEBUG 2021-07-06 13:32:22,351 - DOMAIN INFO
INFO 2021-07-06 13:32:22,352 - {
    "DOMAIN": "www.jbl.live", 
    "EXPIRATION": "2022-07-07 07:59:59", 
    "DAYS": "365 days, 18:27:37"
}
DEBUG 2021-07-06 14:02:46,025 - ####################################################################################################
DEBUG 2021-07-06 14:02:46,031 - DOMAIN INFO
INFO 2021-07-06 14:02:46,031 - {
    "DOMAIN": "www.wpc89.com", 
    "EXPIRATION": "2021-07-14 08:28:41", 
    "DAYS": "7 days, 18:25:55"
}
DEBUG 2021-07-06 14:02:48,082 - ####################################################################################################
DEBUG 2021-07-06 14:02:48,089 - DOMAIN INFO
INFO 2021-07-06 14:02:48,089 - {
    "DOMAIN": "wpc89.com", 
    "EXPIRATION": "2021-07-14 08:28:41", 
    "DAYS": "7 days, 18:25:53"
}
DEBUG 2021-07-06 14:32:20,363 - ####################################################################################################
DEBUG 2021-07-06 14:32:20,370 - DOMAIN INFO
INFO 2021-07-06 14:32:20,370 - {
    "DOMAIN": "tochat333.com", 
    "EXPIRATION": "2021-07-19 16:18:13", 
    "DAYS": "13 days, 1:45:53"
}
DEBUG 2021-07-06 15:02:44,599 - ####################################################################################################
DEBUG 2021-07-06 15:02:44,605 - DOMAIN INFO
INFO 2021-07-06 15:02:44,605 - {
    "DOMAIN": "wpc89.com", 
    "EXPIRATION": "2021-07-14 08:28:41", 
    "DAYS": "7 days, 17:25:57"
}
DEBUG 2021-07-06 15:02:46,347 - ####################################################################################################
DEBUG 2021-07-06 15:02:46,353 - DOMAIN INFO
INFO 2021-07-06 15:02:46,353 - {
    "DOMAIN": "www.wpc89.com", 
    "EXPIRATION": "2021-07-14 08:28:41", 
    "DAYS": "7 days, 17:25:55"
}
DEBUG 2021-07-06 15:32:20,019 - ####################################################################################################
DEBUG 2021-07-06 15:32:20,026 - DOMAIN INFO
INFO 2021-07-06 15:32:20,026 - {
    "DOMAIN": "tochat333.com", 
    "EXPIRATION": "2021-07-19 16:18:13", 
    "DAYS": "13 days, 0:45:53"
}
DEBUG 2021-07-06 16:02:52,066 - ####################################################################################################
DEBUG 2021-07-06 16:02:52,073 - DOMAIN INFO
INFO 2021-07-06 16:02:52,073 - {
    "DOMAIN": "wpc89.com", 
    "EXPIRATION": "2021-07-14 08:28:41", 
    "DAYS": "7 days, 16:25:49"
}
DEBUG 2021-07-06 16:02:52,305 - ####################################################################################################
DEBUG 2021-07-06 16:02:52,311 - DOMAIN INFO
INFO 2021-07-06 16:02:52,311 - {
    "DOMAIN": "www.wpc89.com", 
    "EXPIRATION": "2021-07-14 08:28:41", 
    "DAYS": "7 days, 16:25:49"
}
DEBUG 2021-07-06 16:32:19,620 - ####################################################################################################
DEBUG 2021-07-06 16:32:19,626 - DOMAIN INFO
INFO 2021-07-06 16:32:19,626 - {
    "DOMAIN": "tochat333.com", 
    "EXPIRATION": "2021-07-19 16:18:13", 
    "DAYS": "12 days, 23:45:54"
}
DEBUG 2021-07-06 17:02:45,765 - ####################################################################################################
DEBUG 2021-07-06 17:02:45,771 - DOMAIN INFO
INFO 2021-07-06 17:02:45,771 - {
    "DOMAIN": "wpc89.com", 
    "EXPIRATION": "2021-07-14 08:28:41", 
    "DAYS": "7 days, 15:25:56"
}
DEBUG 2021-07-06 17:02:46,076 - ####################################################################################################
DEBUG 2021-07-06 17:02:46,082 - DOMAIN INFO
INFO 2021-07-06 17:02:46,083 - {
    "DOMAIN": "www.wpc89.com", 
    "EXPIRATION": "2021-07-14 08:28:41", 
    "DAYS": "7 days, 15:25:55"
}
DEBUG 2021-07-06 17:32:17,719 - ####################################################################################################
DEBUG 2021-07-06 17:32:17,725 - DOMAIN INFO
INFO 2021-07-06 17:32:17,725 - {
    "DOMAIN": "tochat333.com", 
    "EXPIRATION": "2021-07-19 16:18:13", 
    "DAYS": "12 days, 22:45:56"
}
DEBUG 2021-07-06 18:02:45,443 - ####################################################################################################
DEBUG 2021-07-06 18:02:45,450 - DOMAIN INFO
INFO 2021-07-06 18:02:45,450 - {
    "DOMAIN": "wpc89.com", 
    "EXPIRATION": "2021-10-04 16:16:02", 
    "DAYS": "89 days, 22:13:17"
}
DEBUG 2021-07-06 18:02:47,100 - ####################################################################################################
DEBUG 2021-07-06 18:02:47,106 - DOMAIN INFO
INFO 2021-07-06 18:02:47,106 - {
    "DOMAIN": "www.wpc89.com", 
    "EXPIRATION": "2021-10-04 16:16:02", 
    "DAYS": "89 days, 22:13:15"
}
DEBUG 2021-07-06 18:32:18,850 - ####################################################################################################
DEBUG 2021-07-06 18:32:18,856 - DOMAIN INFO
INFO 2021-07-06 18:32:18,856 - {
    "DOMAIN": "tochat333.com", 
    "EXPIRATION": "2021-07-19 16:18:13", 
    "DAYS": "12 days, 21:45:55"
}
DEBUG 2021-07-06 19:02:46,100 - ####################################################################################################
DEBUG 2021-07-06 19:02:46,106 - DOMAIN INFO
INFO 2021-07-06 19:02:46,106 - {
    "DOMAIN": "wpc89.com", 
    "EXPIRATION": "2021-10-04 16:16:02", 
    "DAYS": "89 days, 21:13:16"
}
DEBUG 2021-07-06 19:02:46,829 - ####################################################################################################
DEBUG 2021-07-06 19:02:46,836 - DOMAIN INFO
INFO 2021-07-06 19:02:46,837 - {
    "DOMAIN": "www.wpc89.com", 
    "EXPIRATION": "2021-10-04 16:16:02", 
    "DAYS": "89 days, 21:13:16"
}
DEBUG 2021-07-06 19:32:14,708 - ####################################################################################################
DEBUG 2021-07-06 19:32:14,714 - DOMAIN INFO
INFO 2021-07-06 19:32:14,715 - {
    "DOMAIN": "tochat333.com", 
    "EXPIRATION": "2021-07-19 16:18:13", 
    "DAYS": "12 days, 20:45:59"
}
DEBUG 2021-07-06 20:02:43,976 - ####################################################################################################
DEBUG 2021-07-06 20:02:43,981 - DOMAIN INFO
INFO 2021-07-06 20:02:43,982 - {
    "DOMAIN": "wpc89.com", 
    "EXPIRATION": "2021-10-04 16:16:02", 
    "DAYS": "89 days, 20:13:19"
}
DEBUG 2021-07-06 20:02:44,547 - ####################################################################################################
DEBUG 2021-07-06 20:02:44,553 - DOMAIN INFO
INFO 2021-07-06 20:02:44,553 - {
    "DOMAIN": "www.wpc89.com", 
    "EXPIRATION": "2021-10-04 16:16:02", 
    "DAYS": "89 days, 20:13:18"
}
DEBUG 2021-07-06 20:32:17,635 - ####################################################################################################
DEBUG 2021-07-06 20:32:17,642 - DOMAIN INFO
INFO 2021-07-06 20:32:17,642 - {
    "DOMAIN": "tochat333.com", 
    "EXPIRATION": "2021-07-19 16:18:13", 
    "DAYS": "12 days, 19:45:56"
}
DEBUG 2021-07-06 21:02:43,063 - ####################################################################################################
DEBUG 2021-07-06 21:02:43,070 - DOMAIN INFO
INFO 2021-07-06 21:02:43,071 - {
    "DOMAIN": "wpc89.com", 
    "EXPIRATION": "2021-10-04 16:16:02", 
    "DAYS": "89 days, 19:13:19"
}
DEBUG 2021-07-06 21:02:44,156 - ####################################################################################################
DEBUG 2021-07-06 21:02:44,162 - DOMAIN INFO
INFO 2021-07-06 21:02:44,162 - {
    "DOMAIN": "www.wpc89.com", 
    "EXPIRATION": "2021-10-04 16:16:02", 
    "DAYS": "89 days, 19:13:18"
}
DEBUG 2021-07-06 21:32:18,177 - ####################################################################################################
DEBUG 2021-07-06 21:32:18,183 - DOMAIN INFO
INFO 2021-07-06 21:32:18,183 - {
    "DOMAIN": "tochat333.com", 
    "EXPIRATION": "2021-07-19 16:18:13", 
    "DAYS": "12 days, 18:45:55"
}
DEBUG 2021-07-06 22:02:44,493 - ####################################################################################################
DEBUG 2021-07-06 22:02:44,499 - DOMAIN INFO
INFO 2021-07-06 22:02:44,500 - {
    "DOMAIN": "wpc89.com", 
    "EXPIRATION": "2021-10-04 16:16:02", 
    "DAYS": "89 days, 18:13:18"
}
DEBUG 2021-07-06 22:02:45,856 - ####################################################################################################
DEBUG 2021-07-06 22:02:45,862 - DOMAIN INFO
INFO 2021-07-06 22:02:45,863 - {
    "DOMAIN": "www.wpc89.com", 
    "EXPIRATION": "2021-10-04 16:16:02", 
    "DAYS": "89 days, 18:13:17"
}
DEBUG 2021-07-06 22:32:18,122 - ####################################################################################################
DEBUG 2021-07-06 22:32:18,128 - DOMAIN INFO
INFO 2021-07-06 22:32:18,128 - {
    "DOMAIN": "tochat333.com", 
    "EXPIRATION": "2021-07-19 16:18:13", 
    "DAYS": "12 days, 17:45:55"
}
DEBUG 2021-07-06 23:02:44,497 - ####################################################################################################
DEBUG 2021-07-06 23:02:44,504 - DOMAIN INFO
INFO 2021-07-06 23:02:44,504 - {
    "DOMAIN": "www.wpc89.com", 
    "EXPIRATION": "2021-10-04 16:16:02", 
    "DAYS": "89 days, 17:13:18"
}
DEBUG 2021-07-06 23:02:47,151 - ####################################################################################################
DEBUG 2021-07-06 23:02:47,157 - DOMAIN INFO
INFO 2021-07-06 23:02:47,157 - {
    "DOMAIN": "wpc89.com", 
    "EXPIRATION": "2021-10-04 16:16:02", 
    "DAYS": "89 days, 17:13:15"
}
DEBUG 2021-07-06 23:32:21,433 - ####################################################################################################
DEBUG 2021-07-06 23:32:21,439 - DOMAIN INFO
INFO 2021-07-06 23:32:21,439 - {
    "DOMAIN": "tochat333.com", 
    "EXPIRATION": "2021-07-19 16:18:13", 
    "DAYS": "12 days, 16:45:52"
}
