DEBUG 2021-06-24 00:26:14,851 - ####################################################################################################
DEBUG 2021-06-24 00:26:14,857 - DOMAIN ERROR
INFO 2021-06-24 00:26:14,857 - {
    "DOMAIN": "www.asiaroutes.com", 
    "DOMAIN_CURL": -1, 
    "ERROR": "[SSL: CERTIFICATE_VERIFY_FAILED] certificate verify failed (_ssl.c:618)"
}
DEBUG 2021-06-24 00:44:24,662 - ####################################################################################################
DEBUG 2021-06-24 00:44:24,668 - DOMAIN INFO
INFO 2021-06-24 00:44:24,668 - {
    "DOMAIN": "www.ytsefeng.com", 
    "EXPIRATION": "2021-09-04 02:31:20", 
    "DAYS": "72 days, 1:46:56"
}
DEBUG 2021-06-24 00:53:02,179 - ####################################################################################################
DEBUG 2021-06-24 00:53:02,186 - DOMAIN INFO
INFO 2021-06-24 00:53:02,186 - {
    "DOMAIN": "hujidi.com", 
    "EXPIRATION": "2021-07-06 10:49:33", 
    "DAYS": "12 days, 9:56:31"
}
DEBUG 2021-06-24 01:26:11,611 - ####################################################################################################
DEBUG 2021-06-24 01:26:11,617 - DOMAIN ERROR
INFO 2021-06-24 01:26:11,617 - {
    "DOMAIN": "www.asiaroutes.com", 
    "DOMAIN_CURL": -1, 
    "ERROR": "[SSL: CERTIFICATE_VERIFY_FAILED] certificate verify failed (_ssl.c:618)"
}
DEBUG 2021-06-24 01:44:22,629 - ####################################################################################################
DEBUG 2021-06-24 01:44:22,635 - DOMAIN INFO
INFO 2021-06-24 01:44:22,635 - {
    "DOMAIN": "www.ytsefeng.com", 
    "EXPIRATION": "2021-09-04 02:31:20", 
    "DAYS": "72 days, 0:46:58"
}
DEBUG 2021-06-24 01:53:06,610 - ####################################################################################################
DEBUG 2021-06-24 01:53:06,615 - DOMAIN INFO
INFO 2021-06-24 01:53:06,615 - {
    "DOMAIN": "hujidi.com", 
    "EXPIRATION": "2021-07-06 10:49:33", 
    "DAYS": "12 days, 8:56:27"
}
DEBUG 2021-06-24 02:26:12,745 - ####################################################################################################
DEBUG 2021-06-24 02:26:12,751 - DOMAIN ERROR
INFO 2021-06-24 02:26:12,751 - {
    "DOMAIN": "www.asiaroutes.com", 
    "DOMAIN_CURL": -1, 
    "ERROR": "[SSL: CERTIFICATE_VERIFY_FAILED] certificate verify failed (_ssl.c:618)"
}
DEBUG 2021-06-24 02:44:21,417 - ####################################################################################################
DEBUG 2021-06-24 02:44:21,424 - DOMAIN INFO
INFO 2021-06-24 02:44:21,424 - {
    "DOMAIN": "www.ytsefeng.com", 
    "EXPIRATION": "2021-09-04 02:31:20", 
    "DAYS": "71 days, 23:46:59"
}
DEBUG 2021-06-24 02:53:06,424 - ####################################################################################################
DEBUG 2021-06-24 02:53:06,430 - DOMAIN INFO
INFO 2021-06-24 02:53:06,430 - {
    "DOMAIN": "hujidi.com", 
    "EXPIRATION": "2021-07-06 10:49:33", 
    "DAYS": "12 days, 7:56:27"
}
DEBUG 2021-06-24 03:26:13,183 - ####################################################################################################
DEBUG 2021-06-24 03:26:13,189 - DOMAIN ERROR
INFO 2021-06-24 03:26:13,190 - {
    "DOMAIN": "www.asiaroutes.com", 
    "DOMAIN_CURL": -1, 
    "ERROR": "[SSL: CERTIFICATE_VERIFY_FAILED] certificate verify failed (_ssl.c:618)"
}
DEBUG 2021-06-24 03:44:23,063 - ####################################################################################################
DEBUG 2021-06-24 03:44:23,068 - DOMAIN INFO
INFO 2021-06-24 03:44:23,069 - {
    "DOMAIN": "www.ytsefeng.com", 
    "EXPIRATION": "2021-09-04 02:31:20", 
    "DAYS": "71 days, 22:46:57"
}
DEBUG 2021-06-24 03:53:06,566 - ####################################################################################################
DEBUG 2021-06-24 03:53:06,571 - DOMAIN INFO
INFO 2021-06-24 03:53:06,571 - {
    "DOMAIN": "hujidi.com", 
    "EXPIRATION": "2021-07-06 10:49:33", 
    "DAYS": "12 days, 6:56:27"
}
DEBUG 2021-06-24 04:26:11,758 - ####################################################################################################
DEBUG 2021-06-24 04:26:11,763 - DOMAIN ERROR
INFO 2021-06-24 04:26:11,764 - {
    "DOMAIN": "www.asiaroutes.com", 
    "DOMAIN_CURL": -1, 
    "ERROR": "[SSL: CERTIFICATE_VERIFY_FAILED] certificate verify failed (_ssl.c:618)"
}
DEBUG 2021-06-24 04:44:22,279 - ####################################################################################################
DEBUG 2021-06-24 04:44:22,285 - DOMAIN INFO
INFO 2021-06-24 04:44:22,285 - {
    "DOMAIN": "www.ytsefeng.com", 
    "EXPIRATION": "2021-09-04 02:31:20", 
    "DAYS": "71 days, 21:46:58"
}
DEBUG 2021-06-24 04:53:01,543 - ####################################################################################################
DEBUG 2021-06-24 04:53:01,549 - DOMAIN INFO
INFO 2021-06-24 04:53:01,549 - {
    "DOMAIN": "hujidi.com", 
    "EXPIRATION": "2021-07-06 10:49:33", 
    "DAYS": "12 days, 5:56:32"
}
DEBUG 2021-06-24 05:26:10,457 - ####################################################################################################
DEBUG 2021-06-24 05:26:10,464 - DOMAIN ERROR
INFO 2021-06-24 05:26:10,464 - {
    "DOMAIN": "www.asiaroutes.com", 
    "DOMAIN_CURL": -1, 
    "ERROR": "[SSL: CERTIFICATE_VERIFY_FAILED] certificate verify failed (_ssl.c:618)"
}
DEBUG 2021-06-24 05:53:06,114 - ####################################################################################################
DEBUG 2021-06-24 05:53:06,121 - DOMAIN INFO
INFO 2021-06-24 05:53:06,121 - {
    "DOMAIN": "hujidi.com", 
    "EXPIRATION": "2021-07-06 10:49:33", 
    "DAYS": "12 days, 4:56:27"
}
DEBUG 2021-06-24 05:54:20,615 - ####################################################################################################
DEBUG 2021-06-24 05:54:20,621 - DOMAIN INFO
INFO 2021-06-24 05:54:20,621 - {
    "DOMAIN": "jsh9.me", 
    "EXPIRATION": "2021-08-30 07:28:40", 
    "DAYS": "67 days, 1:34:20"
}
DEBUG 2021-06-24 05:54:20,891 - ####################################################################################################
DEBUG 2021-06-24 05:54:20,897 - DOMAIN INFO
INFO 2021-06-24 05:54:20,897 - {
    "DOMAIN": "518eu.net", 
    "EXPIRATION": "2021-09-13 03:15:17", 
    "DAYS": "80 days, 21:20:57"
}
DEBUG 2021-06-24 05:54:22,095 - ####################################################################################################
DEBUG 2021-06-24 05:54:22,101 - DOMAIN INFO
INFO 2021-06-24 05:54:22,102 - {
    "DOMAIN": "eu8.me", 
    "EXPIRATION": "2021-09-13 23:47:35", 
    "DAYS": "81 days, 17:53:13"
}
DEBUG 2021-06-24 05:54:22,162 - ####################################################################################################
DEBUG 2021-06-24 05:54:22,167 - DOMAIN INFO
INFO 2021-06-24 05:54:22,168 - {
    "DOMAIN": "xbet83.com", 
    "EXPIRATION": "2021-08-30 15:08:04", 
    "DAYS": "67 days, 9:13:42"
}
DEBUG 2021-06-24 05:54:23,020 - ####################################################################################################
DEBUG 2021-06-24 05:54:23,027 - DOMAIN INFO
INFO 2021-06-24 05:54:23,027 - {
    "DOMAIN": "bo.aaa9411.com", 
    "EXPIRATION": "2021-09-14 23:16:29", 
    "DAYS": "82 days, 17:22:06"
}
DEBUG 2021-06-24 05:54:24,113 - ####################################################################################################
DEBUG 2021-06-24 05:54:24,119 - DOMAIN INFO
INFO 2021-06-24 05:54:24,119 - {
    "DOMAIN": "bao5566.com", 
    "EXPIRATION": "2021-07-13 20:00:00", 
    "DAYS": "19 days, 14:05:36"
}
DEBUG 2021-06-24 05:54:24,482 - ####################################################################################################
DEBUG 2021-06-24 05:54:24,489 - DOMAIN INFO
INFO 2021-06-24 05:54:24,489 - {
    "DOMAIN": "www.bao5566.com", 
    "EXPIRATION": "2021-07-13 20:00:00", 
    "DAYS": "19 days, 14:05:36"
}
DEBUG 2021-06-24 05:54:25,115 - ####################################################################################################
DEBUG 2021-06-24 05:54:25,121 - DOMAIN INFO
INFO 2021-06-24 05:54:25,121 - {
    "DOMAIN": "bylv68.com", 
    "EXPIRATION": "2021-09-13 15:01:41", 
    "DAYS": "81 days, 9:07:16"
}
DEBUG 2021-06-24 06:26:13,010 - ####################################################################################################
DEBUG 2021-06-24 06:26:13,016 - DOMAIN ERROR
INFO 2021-06-24 06:26:13,017 - {
    "DOMAIN": "www.asiaroutes.com", 
    "DOMAIN_CURL": -1, 
    "ERROR": "[SSL: CERTIFICATE_VERIFY_FAILED] certificate verify failed (_ssl.c:618)"
}
DEBUG 2021-06-24 06:53:04,470 - ####################################################################################################
DEBUG 2021-06-24 06:53:04,476 - DOMAIN INFO
INFO 2021-06-24 06:53:04,476 - {
    "DOMAIN": "hujidi.com", 
    "EXPIRATION": "2021-07-06 10:49:33", 
    "DAYS": "12 days, 3:56:29"
}
DEBUG 2021-06-24 06:54:22,659 - ####################################################################################################
DEBUG 2021-06-24 06:54:22,665 - DOMAIN INFO
INFO 2021-06-24 06:54:22,665 - {
    "DOMAIN": "bao5566.com", 
    "EXPIRATION": "2021-07-13 20:00:00", 
    "DAYS": "19 days, 13:05:38"
}
DEBUG 2021-06-24 06:54:23,723 - ####################################################################################################
DEBUG 2021-06-24 06:54:23,730 - DOMAIN INFO
INFO 2021-06-24 06:54:23,730 - {
    "DOMAIN": "www.bao5566.com", 
    "EXPIRATION": "2021-07-13 20:00:00", 
    "DAYS": "19 days, 13:05:37"
}
DEBUG 2021-06-24 06:54:27,578 - ####################################################################################################
DEBUG 2021-06-24 06:54:27,584 - DOMAIN INFO
INFO 2021-06-24 06:54:27,585 - {
    "DOMAIN": "jin94.com", 
    "EXPIRATION": "2021-08-30 07:36:32", 
    "DAYS": "67 days, 0:42:05"
}
DEBUG 2021-06-24 06:54:27,829 - ####################################################################################################
DEBUG 2021-06-24 06:54:27,835 - DOMAIN INFO
INFO 2021-06-24 06:54:27,835 - {
    "DOMAIN": "jiabo9.com", 
    "EXPIRATION": "2021-08-30 10:44:36", 
    "DAYS": "67 days, 3:50:09"
}
DEBUG 2021-06-24 06:54:29,190 - ####################################################################################################
DEBUG 2021-06-24 06:54:29,197 - DOMAIN INFO
INFO 2021-06-24 06:54:29,197 - {
    "DOMAIN": "eubuyu788.com", 
    "EXPIRATION": "2021-09-13 23:39:53", 
    "DAYS": "81 days, 16:45:24"
}
DEBUG 2021-06-24 07:26:14,387 - ####################################################################################################
DEBUG 2021-06-24 07:26:14,392 - DOMAIN ERROR
INFO 2021-06-24 07:26:14,393 - {
    "DOMAIN": "www.asiaroutes.com", 
    "DOMAIN_CURL": -1, 
    "ERROR": "[SSL: CERTIFICATE_VERIFY_FAILED] certificate verify failed (_ssl.c:618)"
}
DEBUG 2021-06-24 07:53:06,752 - ####################################################################################################
DEBUG 2021-06-24 07:53:06,758 - DOMAIN INFO
INFO 2021-06-24 07:53:06,758 - {
    "DOMAIN": "hujidi.com", 
    "EXPIRATION": "2021-07-06 10:49:33", 
    "DAYS": "12 days, 2:56:27"
}
DEBUG 2021-06-24 07:54:25,160 - ####################################################################################################
DEBUG 2021-06-24 07:54:25,166 - DOMAIN INFO
INFO 2021-06-24 07:54:25,167 - {
    "DOMAIN": "bao5566.com", 
    "EXPIRATION": "2021-07-13 20:00:00", 
    "DAYS": "19 days, 12:05:35"
}
DEBUG 2021-06-24 07:54:25,559 - ####################################################################################################
DEBUG 2021-06-24 07:54:25,564 - DOMAIN INFO
INFO 2021-06-24 07:54:25,565 - {
    "DOMAIN": "www.bao5566.com", 
    "EXPIRATION": "2021-07-13 20:00:00", 
    "DAYS": "19 days, 12:05:35"
}
DEBUG 2021-06-24 08:26:12,831 - ####################################################################################################
DEBUG 2021-06-24 08:26:12,837 - DOMAIN ERROR
INFO 2021-06-24 08:26:12,838 - {
    "DOMAIN": "www.asiaroutes.com", 
    "DOMAIN_CURL": -2, 
    "ERROR": "[SSL: CERTIFICATE_VERIFY_FAILED] certificate verify failed (_ssl.c:618)"
}
DEBUG 2021-06-24 08:53:05,104 - ####################################################################################################
DEBUG 2021-06-24 08:53:05,109 - DOMAIN INFO
INFO 2021-06-24 08:53:05,110 - {
    "DOMAIN": "hujidi.com", 
    "EXPIRATION": "2021-07-06 10:49:33", 
    "DAYS": "12 days, 1:56:28"
}
DEBUG 2021-06-24 08:54:23,387 - ####################################################################################################
DEBUG 2021-06-24 08:54:23,393 - DOMAIN INFO
INFO 2021-06-24 08:54:23,394 - {
    "DOMAIN": "bao5566.com", 
    "EXPIRATION": "2021-07-13 20:00:00", 
    "DAYS": "19 days, 11:05:37"
}
DEBUG 2021-06-24 08:54:23,496 - ####################################################################################################
DEBUG 2021-06-24 08:54:23,502 - DOMAIN INFO
INFO 2021-06-24 08:54:23,502 - {
    "DOMAIN": "www.bao5566.com", 
    "EXPIRATION": "2021-07-13 20:00:00", 
    "DAYS": "19 days, 11:05:37"
}
DEBUG 2021-06-24 09:26:13,460 - ####################################################################################################
DEBUG 2021-06-24 09:26:13,465 - DOMAIN ERROR
INFO 2021-06-24 09:26:13,466 - {
    "DOMAIN": "www.asiaroutes.com", 
    "DOMAIN_CURL": -2, 
    "ERROR": "[SSL: CERTIFICATE_VERIFY_FAILED] certificate verify failed (_ssl.c:618)"
}
DEBUG 2021-06-24 09:53:05,798 - ####################################################################################################
DEBUG 2021-06-24 09:53:05,805 - DOMAIN INFO
INFO 2021-06-24 09:53:05,805 - {
    "DOMAIN": "hujidi.com", 
    "EXPIRATION": "2021-07-06 10:49:33", 
    "DAYS": "12 days, 0:56:28"
}
DEBUG 2021-06-24 09:54:25,206 - ####################################################################################################
DEBUG 2021-06-24 09:54:25,212 - DOMAIN INFO
INFO 2021-06-24 09:54:25,212 - {
    "DOMAIN": "bao5566.com", 
    "EXPIRATION": "2021-07-13 20:00:00", 
    "DAYS": "19 days, 10:05:35"
}
DEBUG 2021-06-24 09:54:25,237 - ####################################################################################################
DEBUG 2021-06-24 09:54:25,243 - DOMAIN INFO
INFO 2021-06-24 09:54:25,243 - {
    "DOMAIN": "www.bao5566.com", 
    "EXPIRATION": "2021-07-13 20:00:00", 
    "DAYS": "19 days, 10:05:35"
}
DEBUG 2021-06-24 10:26:09,626 - ####################################################################################################
DEBUG 2021-06-24 10:26:09,633 - DOMAIN ERROR
INFO 2021-06-24 10:26:09,634 - {
    "DOMAIN": "www.asiaroutes.com", 
    "DOMAIN_CURL": -2, 
    "ERROR": "[SSL: CERTIFICATE_VERIFY_FAILED] certificate verify failed (_ssl.c:618)"
}
DEBUG 2021-06-24 10:53:05,581 - ####################################################################################################
DEBUG 2021-06-24 10:53:05,587 - DOMAIN INFO
INFO 2021-06-24 10:53:05,588 - {
    "DOMAIN": "hujidi.com", 
    "EXPIRATION": "2021-07-06 10:49:33", 
    "DAYS": "11 days, 23:56:28"
}
DEBUG 2021-06-24 10:54:24,716 - ####################################################################################################
DEBUG 2021-06-24 10:54:24,722 - DOMAIN INFO
INFO 2021-06-24 10:54:24,723 - {
    "DOMAIN": "bao5566.com", 
    "EXPIRATION": "2021-07-13 20:00:00", 
    "DAYS": "19 days, 9:05:36"
}
DEBUG 2021-06-24 10:54:25,049 - ####################################################################################################
DEBUG 2021-06-24 10:54:25,055 - DOMAIN INFO
INFO 2021-06-24 10:54:25,055 - {
    "DOMAIN": "www.bao5566.com", 
    "EXPIRATION": "2021-07-13 20:00:00", 
    "DAYS": "19 days, 9:05:35"
}
DEBUG 2021-06-24 11:26:12,579 - ####################################################################################################
DEBUG 2021-06-24 11:26:12,584 - DOMAIN ERROR
INFO 2021-06-24 11:26:12,584 - {
    "DOMAIN": "www.asiaroutes.com", 
    "DOMAIN_CURL": -2, 
    "ERROR": "[SSL: CERTIFICATE_VERIFY_FAILED] certificate verify failed (_ssl.c:618)"
}
DEBUG 2021-06-24 11:53:01,712 - ####################################################################################################
DEBUG 2021-06-24 11:53:01,719 - DOMAIN INFO
INFO 2021-06-24 11:53:01,719 - {
    "DOMAIN": "hujidi.com", 
    "EXPIRATION": "2021-07-06 10:49:33", 
    "DAYS": "11 days, 22:56:32"
}
DEBUG 2021-06-24 11:54:24,990 - ####################################################################################################
DEBUG 2021-06-24 11:54:24,996 - DOMAIN INFO
INFO 2021-06-24 11:54:24,996 - {
    "DOMAIN": "bao5566.com", 
    "EXPIRATION": "2021-07-13 20:00:00", 
    "DAYS": "19 days, 8:05:36"
}
DEBUG 2021-06-24 11:54:26,449 - ####################################################################################################
DEBUG 2021-06-24 11:54:26,456 - DOMAIN INFO
INFO 2021-06-24 11:54:26,456 - {
    "DOMAIN": "www.bao5566.com", 
    "EXPIRATION": "2021-07-13 20:00:00", 
    "DAYS": "19 days, 8:05:34"
}
DEBUG 2021-06-24 12:26:11,731 - ####################################################################################################
DEBUG 2021-06-24 12:26:11,736 - DOMAIN ERROR
INFO 2021-06-24 12:26:11,737 - {
    "DOMAIN": "www.asiaroutes.com", 
    "DOMAIN_CURL": -2, 
    "ERROR": "[SSL: CERTIFICATE_VERIFY_FAILED] certificate verify failed (_ssl.c:618)"
}
DEBUG 2021-06-24 12:53:08,911 - ####################################################################################################
DEBUG 2021-06-24 12:53:08,918 - DOMAIN INFO
INFO 2021-06-24 12:53:08,918 - {
    "DOMAIN": "hujidi.com", 
    "EXPIRATION": "2021-07-06 10:49:33", 
    "DAYS": "11 days, 21:56:25"
}
DEBUG 2021-06-24 12:54:28,160 - ####################################################################################################
DEBUG 2021-06-24 12:54:28,167 - DOMAIN INFO
INFO 2021-06-24 12:54:28,167 - {
    "DOMAIN": "bao5566.com", 
    "EXPIRATION": "2021-07-13 20:00:00", 
    "DAYS": "19 days, 7:05:32"
}
DEBUG 2021-06-24 12:54:29,452 - ####################################################################################################
DEBUG 2021-06-24 12:54:29,459 - DOMAIN INFO
INFO 2021-06-24 12:54:29,459 - {
    "DOMAIN": "www.bao5566.com", 
    "EXPIRATION": "2021-07-13 20:00:00", 
    "DAYS": "19 days, 7:05:31"
}
DEBUG 2021-06-24 13:26:14,615 - ####################################################################################################
DEBUG 2021-06-24 13:26:14,621 - DOMAIN ERROR
INFO 2021-06-24 13:26:14,621 - {
    "DOMAIN": "www.asiaroutes.com", 
    "DOMAIN_CURL": -2, 
    "ERROR": "[SSL: CERTIFICATE_VERIFY_FAILED] certificate verify failed (_ssl.c:618)"
}
DEBUG 2021-06-24 13:53:08,753 - ####################################################################################################
DEBUG 2021-06-24 13:53:08,759 - DOMAIN INFO
INFO 2021-06-24 13:53:08,759 - {
    "DOMAIN": "hujidi.com", 
    "EXPIRATION": "2021-07-06 10:49:33", 
    "DAYS": "11 days, 20:56:25"
}
DEBUG 2021-06-24 13:54:30,534 - ####################################################################################################
DEBUG 2021-06-24 13:54:30,539 - DOMAIN INFO
INFO 2021-06-24 13:54:30,539 - {
    "DOMAIN": "bao5566.com", 
    "EXPIRATION": "2021-07-13 20:00:00", 
    "DAYS": "19 days, 6:05:30"
}
DEBUG 2021-06-24 13:54:32,481 - ####################################################################################################
DEBUG 2021-06-24 13:54:32,486 - DOMAIN INFO
INFO 2021-06-24 13:54:32,486 - {
    "DOMAIN": "www.bao5566.com", 
    "EXPIRATION": "2021-07-13 20:00:00", 
    "DAYS": "19 days, 6:05:28"
}
DEBUG 2021-06-24 14:26:14,123 - ####################################################################################################
DEBUG 2021-06-24 14:26:14,129 - DOMAIN ERROR
INFO 2021-06-24 14:26:14,130 - {
    "DOMAIN": "www.asiaroutes.com", 
    "DOMAIN_CURL": -2, 
    "ERROR": "[SSL: CERTIFICATE_VERIFY_FAILED] certificate verify failed (_ssl.c:618)"
}
DEBUG 2021-06-24 14:53:07,359 - ####################################################################################################
DEBUG 2021-06-24 14:53:07,364 - DOMAIN INFO
INFO 2021-06-24 14:53:07,365 - {
    "DOMAIN": "hujidi.com", 
    "EXPIRATION": "2021-07-06 10:49:33", 
    "DAYS": "11 days, 19:56:26"
}
DEBUG 2021-06-24 14:54:24,993 - ####################################################################################################
DEBUG 2021-06-24 14:54:24,999 - DOMAIN INFO
INFO 2021-06-24 14:54:25,000 - {
    "DOMAIN": "bao5566.com", 
    "EXPIRATION": "2021-07-13 20:00:00", 
    "DAYS": "19 days, 5:05:36"
}
DEBUG 2021-06-24 14:54:26,143 - ####################################################################################################
DEBUG 2021-06-24 14:54:26,150 - DOMAIN INFO
INFO 2021-06-24 14:54:26,150 - {
    "DOMAIN": "www.bao5566.com", 
    "EXPIRATION": "2021-07-13 20:00:00", 
    "DAYS": "19 days, 5:05:34"
}
DEBUG 2021-06-24 15:26:14,663 - ####################################################################################################
DEBUG 2021-06-24 15:26:14,669 - DOMAIN ERROR
INFO 2021-06-24 15:26:14,669 - {
    "DOMAIN": "www.asiaroutes.com", 
    "DOMAIN_CURL": -2, 
    "ERROR": "[SSL: CERTIFICATE_VERIFY_FAILED] certificate verify failed (_ssl.c:618)"
}
DEBUG 2021-06-24 15:53:04,420 - ####################################################################################################
DEBUG 2021-06-24 15:53:04,426 - DOMAIN INFO
INFO 2021-06-24 15:53:04,426 - {
    "DOMAIN": "hujidi.com", 
    "EXPIRATION": "2021-07-06 10:49:33", 
    "DAYS": "11 days, 18:56:29"
}
DEBUG 2021-06-24 15:54:18,832 - ####################################################################################################
DEBUG 2021-06-24 15:54:18,837 - DOMAIN INFO
INFO 2021-06-24 15:54:18,838 - {
    "DOMAIN": "bao5566.com", 
    "EXPIRATION": "2021-07-13 20:00:00", 
    "DAYS": "19 days, 4:05:42"
}
DEBUG 2021-06-24 15:54:20,085 - ####################################################################################################
DEBUG 2021-06-24 15:54:20,090 - DOMAIN INFO
INFO 2021-06-24 15:54:20,091 - {
    "DOMAIN": "www.bao5566.com", 
    "EXPIRATION": "2021-07-13 20:00:00", 
    "DAYS": "19 days, 4:05:40"
}
DEBUG 2021-06-24 16:26:12,554 - ####################################################################################################
DEBUG 2021-06-24 16:26:12,559 - DOMAIN ERROR
INFO 2021-06-24 16:26:12,559 - {
    "DOMAIN": "www.asiaroutes.com", 
    "DOMAIN_CURL": -2, 
    "ERROR": "[SSL: CERTIFICATE_VERIFY_FAILED] certificate verify failed (_ssl.c:618)"
}
DEBUG 2021-06-24 16:53:07,783 - ####################################################################################################
DEBUG 2021-06-24 16:53:07,790 - DOMAIN INFO
INFO 2021-06-24 16:53:07,790 - {
    "DOMAIN": "hujidi.com", 
    "EXPIRATION": "2021-07-06 10:49:33", 
    "DAYS": "11 days, 17:56:26"
}
DEBUG 2021-06-24 16:54:29,350 - ####################################################################################################
DEBUG 2021-06-24 16:54:29,355 - DOMAIN INFO
INFO 2021-06-24 16:54:29,356 - {
    "DOMAIN": "bao5566.com", 
    "EXPIRATION": "2021-07-13 20:00:00", 
    "DAYS": "19 days, 3:05:31"
}
DEBUG 2021-06-24 16:54:30,065 - ####################################################################################################
DEBUG 2021-06-24 16:54:30,071 - DOMAIN INFO
INFO 2021-06-24 16:54:30,072 - {
    "DOMAIN": "www.bao5566.com", 
    "EXPIRATION": "2021-07-13 20:00:00", 
    "DAYS": "19 days, 3:05:30"
}
DEBUG 2021-06-24 17:26:10,463 - ####################################################################################################
DEBUG 2021-06-24 17:26:10,469 - DOMAIN ERROR
INFO 2021-06-24 17:26:10,469 - {
    "DOMAIN": "www.asiaroutes.com", 
    "DOMAIN_CURL": -2, 
    "ERROR": "[SSL: CERTIFICATE_VERIFY_FAILED] certificate verify failed (_ssl.c:618)"
}
DEBUG 2021-06-24 17:53:08,810 - ####################################################################################################
DEBUG 2021-06-24 17:53:08,817 - DOMAIN INFO
INFO 2021-06-24 17:53:08,817 - {
    "DOMAIN": "hujidi.com", 
    "EXPIRATION": "2021-07-06 10:49:33", 
    "DAYS": "11 days, 16:56:25"
}
DEBUG 2021-06-24 17:54:26,641 - ####################################################################################################
DEBUG 2021-06-24 17:54:26,648 - DOMAIN INFO
INFO 2021-06-24 17:54:26,648 - {
    "DOMAIN": "bao5566.com", 
    "EXPIRATION": "2021-07-13 20:00:00", 
    "DAYS": "19 days, 2:05:34"
}
DEBUG 2021-06-24 17:54:30,729 - ####################################################################################################
DEBUG 2021-06-24 17:54:30,736 - DOMAIN INFO
INFO 2021-06-24 17:54:30,736 - {
    "DOMAIN": "www.bao5566.com", 
    "EXPIRATION": "2021-07-13 20:00:00", 
    "DAYS": "19 days, 2:05:30"
}
DEBUG 2021-06-24 18:26:13,760 - ####################################################################################################
DEBUG 2021-06-24 18:26:13,766 - DOMAIN ERROR
INFO 2021-06-24 18:26:13,766 - {
    "DOMAIN": "www.asiaroutes.com", 
    "DOMAIN_CURL": -2, 
    "ERROR": "[SSL: CERTIFICATE_VERIFY_FAILED] certificate verify failed (_ssl.c:618)"
}
DEBUG 2021-06-24 18:53:05,697 - ####################################################################################################
DEBUG 2021-06-24 18:53:05,703 - DOMAIN INFO
INFO 2021-06-24 18:53:05,703 - {
    "DOMAIN": "hujidi.com", 
    "EXPIRATION": "2021-07-06 10:49:33", 
    "DAYS": "11 days, 15:56:28"
}
DEBUG 2021-06-24 18:54:26,690 - ####################################################################################################
DEBUG 2021-06-24 18:54:26,698 - DOMAIN INFO
INFO 2021-06-24 18:54:26,698 - {
    "DOMAIN": "bao5566.com", 
    "EXPIRATION": "2021-07-13 20:00:00", 
    "DAYS": "19 days, 1:05:34"
}
DEBUG 2021-06-24 18:54:27,600 - ####################################################################################################
DEBUG 2021-06-24 18:54:27,606 - DOMAIN INFO
INFO 2021-06-24 18:54:27,607 - {
    "DOMAIN": "www.bao5566.com", 
    "EXPIRATION": "2021-07-13 20:00:00", 
    "DAYS": "19 days, 1:05:33"
}
DEBUG 2021-06-24 19:26:13,815 - ####################################################################################################
DEBUG 2021-06-24 19:26:13,821 - DOMAIN ERROR
INFO 2021-06-24 19:26:13,821 - {
    "DOMAIN": "www.asiaroutes.com", 
    "DOMAIN_CURL": -2, 
    "ERROR": "[SSL: CERTIFICATE_VERIFY_FAILED] certificate verify failed (_ssl.c:618)"
}
DEBUG 2021-06-24 19:53:06,127 - ####################################################################################################
DEBUG 2021-06-24 19:53:06,132 - DOMAIN INFO
INFO 2021-06-24 19:53:06,132 - {
    "DOMAIN": "hujidi.com", 
    "EXPIRATION": "2021-07-06 10:49:33", 
    "DAYS": "11 days, 14:56:27"
}
DEBUG 2021-06-24 19:54:27,033 - ####################################################################################################
DEBUG 2021-06-24 19:54:27,040 - DOMAIN INFO
INFO 2021-06-24 19:54:27,040 - {
    "DOMAIN": "bao5566.com", 
    "EXPIRATION": "2021-07-13 20:00:00", 
    "DAYS": "19 days, 0:05:33"
}
DEBUG 2021-06-24 19:54:27,209 - ####################################################################################################
DEBUG 2021-06-24 19:54:27,217 - DOMAIN INFO
INFO 2021-06-24 19:54:27,217 - {
    "DOMAIN": "www.bao5566.com", 
    "EXPIRATION": "2021-07-13 20:00:00", 
    "DAYS": "19 days, 0:05:33"
}
DEBUG 2021-06-24 20:26:12,913 - ####################################################################################################
DEBUG 2021-06-24 20:26:12,919 - DOMAIN ERROR
INFO 2021-06-24 20:26:12,920 - {
    "DOMAIN": "www.asiaroutes.com", 
    "DOMAIN_CURL": -2, 
    "ERROR": "[SSL: CERTIFICATE_VERIFY_FAILED] certificate verify failed (_ssl.c:618)"
}
DEBUG 2021-06-24 20:53:09,135 - ####################################################################################################
DEBUG 2021-06-24 20:53:09,141 - DOMAIN INFO
INFO 2021-06-24 20:53:09,141 - {
    "DOMAIN": "hujidi.com", 
    "EXPIRATION": "2021-07-06 10:49:33", 
    "DAYS": "11 days, 13:56:24"
}
DEBUG 2021-06-24 20:54:27,161 - ####################################################################################################
DEBUG 2021-06-24 20:54:27,167 - DOMAIN INFO
INFO 2021-06-24 20:54:27,167 - {
    "DOMAIN": "bao5566.com", 
    "EXPIRATION": "2021-07-13 20:00:00", 
    "DAYS": "18 days, 23:05:33"
}
DEBUG 2021-06-24 20:54:27,204 - ####################################################################################################
DEBUG 2021-06-24 20:54:27,210 - DOMAIN INFO
INFO 2021-06-24 20:54:27,210 - {
    "DOMAIN": "www.bao5566.com", 
    "EXPIRATION": "2021-07-13 20:00:00", 
    "DAYS": "18 days, 23:05:33"
}
DEBUG 2021-06-24 21:26:14,877 - ####################################################################################################
DEBUG 2021-06-24 21:26:14,882 - DOMAIN ERROR
INFO 2021-06-24 21:26:14,883 - {
    "DOMAIN": "www.asiaroutes.com", 
    "DOMAIN_CURL": -2, 
    "ERROR": "[SSL: CERTIFICATE_VERIFY_FAILED] certificate verify failed (_ssl.c:618)"
}
DEBUG 2021-06-24 21:53:07,007 - ####################################################################################################
DEBUG 2021-06-24 21:53:07,013 - DOMAIN INFO
INFO 2021-06-24 21:53:07,013 - {
    "DOMAIN": "hujidi.com", 
    "EXPIRATION": "2021-07-06 10:49:33", 
    "DAYS": "11 days, 12:56:27"
}
DEBUG 2021-06-24 21:54:28,096 - ####################################################################################################
DEBUG 2021-06-24 21:54:28,103 - DOMAIN INFO
INFO 2021-06-24 21:54:28,103 - {
    "DOMAIN": "bao5566.com", 
    "EXPIRATION": "2021-07-13 20:00:00", 
    "DAYS": "18 days, 22:05:32"
}
DEBUG 2021-06-24 21:54:29,417 - ####################################################################################################
DEBUG 2021-06-24 21:54:29,423 - DOMAIN INFO
INFO 2021-06-24 21:54:29,424 - {
    "DOMAIN": "www.bao5566.com", 
    "EXPIRATION": "2021-07-13 20:00:00", 
    "DAYS": "18 days, 22:05:31"
}
DEBUG 2021-06-24 22:26:13,130 - ####################################################################################################
DEBUG 2021-06-24 22:26:13,136 - DOMAIN ERROR
INFO 2021-06-24 22:26:13,136 - {
    "DOMAIN": "www.asiaroutes.com", 
    "DOMAIN_CURL": -2, 
    "ERROR": "[SSL: CERTIFICATE_VERIFY_FAILED] certificate verify failed (_ssl.c:618)"
}
DEBUG 2021-06-24 22:53:08,270 - ####################################################################################################
DEBUG 2021-06-24 22:53:08,276 - DOMAIN INFO
INFO 2021-06-24 22:53:08,276 - {
    "DOMAIN": "hujidi.com", 
    "EXPIRATION": "2021-07-06 10:49:33", 
    "DAYS": "11 days, 11:56:25"
}
DEBUG 2021-06-24 22:54:27,639 - ####################################################################################################
DEBUG 2021-06-24 22:54:27,645 - DOMAIN INFO
INFO 2021-06-24 22:54:27,645 - {
    "DOMAIN": "bao5566.com", 
    "EXPIRATION": "2021-07-13 20:00:00", 
    "DAYS": "18 days, 21:05:33"
}
DEBUG 2021-06-24 22:54:29,214 - ####################################################################################################
DEBUG 2021-06-24 22:54:29,220 - DOMAIN INFO
INFO 2021-06-24 22:54:29,221 - {
    "DOMAIN": "www.bao5566.com", 
    "EXPIRATION": "2021-07-13 20:00:00", 
    "DAYS": "18 days, 21:05:31"
}
DEBUG 2021-06-24 23:26:12,683 - ####################################################################################################
DEBUG 2021-06-24 23:26:12,688 - DOMAIN ERROR
INFO 2021-06-24 23:26:12,688 - {
    "DOMAIN": "www.asiaroutes.com", 
    "DOMAIN_CURL": -2, 
    "ERROR": "[SSL: CERTIFICATE_VERIFY_FAILED] certificate verify failed (_ssl.c:618)"
}
DEBUG 2021-06-24 23:53:10,402 - ####################################################################################################
DEBUG 2021-06-24 23:53:10,407 - DOMAIN INFO
INFO 2021-06-24 23:53:10,407 - {
    "DOMAIN": "hujidi.com", 
    "EXPIRATION": "2021-07-06 10:49:33", 
    "DAYS": "11 days, 10:56:23"
}
DEBUG 2021-06-24 23:54:26,578 - ####################################################################################################
DEBUG 2021-06-24 23:54:26,585 - DOMAIN INFO
INFO 2021-06-24 23:54:26,585 - {
    "DOMAIN": "bao5566.com", 
    "EXPIRATION": "2021-07-13 20:00:00", 
    "DAYS": "18 days, 20:05:34"
}
DEBUG 2021-06-24 23:54:27,669 - ####################################################################################################
DEBUG 2021-06-24 23:54:27,674 - DOMAIN INFO
INFO 2021-06-24 23:54:27,675 - {
    "DOMAIN": "www.bao5566.com", 
    "EXPIRATION": "2021-07-13 20:00:00", 
    "DAYS": "18 days, 20:05:33"
}
