DEBUG 2021-06-15 00:06:17,533 - ####################################################################################################
DEBUG 2021-06-15 00:06:17,540 - DOMAIN INFO
INFO 2021-06-15 00:06:17,540 - {
    "DOMAIN": "eu2018.net", 
    "EXPIRATION": "2021-06-22 12:36:31", 
    "DAYS": "7 days, 12:30:14"
}
DEBUG 2021-06-15 00:26:13,336 - ####################################################################################################
DEBUG 2021-06-15 00:26:13,341 - DOMAIN INFO
INFO 2021-06-15 00:26:13,341 - {
    "DOMAIN": "www.asiaroutes.com", 
    "EXPIRATION": "2021-06-23 16:11:35", 
    "DAYS": "8 days, 15:45:22"
}
DEBUG 2021-06-15 00:40:13,070 - ####################################################################################################
DEBUG 2021-06-15 00:40:13,077 - DOMAIN INFO
INFO 2021-06-15 00:40:13,077 - {
    "DOMAIN": "bakh5.xshny.com", 
    "EXPIRATION": "2021-06-24 20:00:00", 
    "DAYS": "9 days, 19:19:47"
}
DEBUG 2021-06-15 01:06:16,767 - ####################################################################################################
DEBUG 2021-06-15 01:06:16,774 - DOMAIN INFO
INFO 2021-06-15 01:06:16,774 - {
    "DOMAIN": "eu2018.net", 
    "EXPIRATION": "2021-06-22 12:36:31", 
    "DAYS": "7 days, 11:30:15"
}
DEBUG 2021-06-15 01:26:11,125 - ####################################################################################################
DEBUG 2021-06-15 01:26:11,131 - DOMAIN INFO
INFO 2021-06-15 01:26:11,131 - {
    "DOMAIN": "www.asiaroutes.com", 
    "EXPIRATION": "2021-06-23 16:11:35", 
    "DAYS": "8 days, 14:45:24"
}
DEBUG 2021-06-15 01:40:10,870 - ####################################################################################################
DEBUG 2021-06-15 01:40:10,875 - DOMAIN INFO
INFO 2021-06-15 01:40:10,875 - {
    "DOMAIN": "bakh5.xshny.com", 
    "EXPIRATION": "2021-06-24 20:00:00", 
    "DAYS": "9 days, 18:19:50"
}
DEBUG 2021-06-15 02:06:18,288 - ####################################################################################################
DEBUG 2021-06-15 02:06:18,294 - DOMAIN INFO
INFO 2021-06-15 02:06:18,295 - {
    "DOMAIN": "eu2018.net", 
    "EXPIRATION": "2021-06-22 12:36:31", 
    "DAYS": "7 days, 10:30:13"
}
DEBUG 2021-06-15 02:26:11,397 - ####################################################################################################
DEBUG 2021-06-15 02:26:11,404 - DOMAIN INFO
INFO 2021-06-15 02:26:11,404 - {
    "DOMAIN": "www.asiaroutes.com", 
    "EXPIRATION": "2021-06-23 16:11:35", 
    "DAYS": "8 days, 13:45:24"
}
DEBUG 2021-06-15 02:40:11,629 - ####################################################################################################
DEBUG 2021-06-15 02:40:11,635 - DOMAIN INFO
INFO 2021-06-15 02:40:11,635 - {
    "DOMAIN": "bakh5.xshny.com", 
    "EXPIRATION": "2021-06-24 20:00:00", 
    "DAYS": "9 days, 17:19:49"
}
DEBUG 2021-06-15 03:06:16,032 - ####################################################################################################
DEBUG 2021-06-15 03:06:16,038 - DOMAIN INFO
INFO 2021-06-15 03:06:16,038 - {
    "DOMAIN": "eu2018.net", 
    "EXPIRATION": "2021-06-22 12:36:31", 
    "DAYS": "7 days, 9:30:15"
}
DEBUG 2021-06-15 03:26:10,278 - ####################################################################################################
DEBUG 2021-06-15 03:26:10,283 - DOMAIN INFO
INFO 2021-06-15 03:26:10,283 - {
    "DOMAIN": "www.asiaroutes.com", 
    "EXPIRATION": "2021-06-23 16:11:35", 
    "DAYS": "8 days, 12:45:25"
}
DEBUG 2021-06-15 03:40:12,225 - ####################################################################################################
DEBUG 2021-06-15 03:40:12,230 - DOMAIN INFO
INFO 2021-06-15 03:40:12,231 - {
    "DOMAIN": "bakh5.xshny.com", 
    "EXPIRATION": "2021-06-24 20:00:00", 
    "DAYS": "9 days, 16:19:48"
}
DEBUG 2021-06-15 04:06:16,238 - ####################################################################################################
DEBUG 2021-06-15 04:06:16,245 - DOMAIN INFO
INFO 2021-06-15 04:06:16,245 - {
    "DOMAIN": "eu2018.net", 
    "EXPIRATION": "2021-06-22 12:36:31", 
    "DAYS": "7 days, 8:30:15"
}
DEBUG 2021-06-15 04:26:12,015 - ####################################################################################################
DEBUG 2021-06-15 04:26:12,021 - DOMAIN INFO
INFO 2021-06-15 04:26:12,021 - {
    "DOMAIN": "www.asiaroutes.com", 
    "EXPIRATION": "2021-06-23 16:11:35", 
    "DAYS": "8 days, 11:45:23"
}
DEBUG 2021-06-15 04:40:11,904 - ####################################################################################################
DEBUG 2021-06-15 04:40:11,911 - DOMAIN INFO
INFO 2021-06-15 04:40:11,911 - {
    "DOMAIN": "bakh5.xshny.com", 
    "EXPIRATION": "2021-06-24 20:00:00", 
    "DAYS": "9 days, 15:19:49"
}
DEBUG 2021-06-15 05:06:14,703 - ####################################################################################################
DEBUG 2021-06-15 05:06:14,708 - DOMAIN INFO
INFO 2021-06-15 05:06:14,709 - {
    "DOMAIN": "eu2018.net", 
    "EXPIRATION": "2021-06-22 12:36:31", 
    "DAYS": "7 days, 7:30:17"
}
DEBUG 2021-06-15 05:26:09,548 - ####################################################################################################
DEBUG 2021-06-15 05:26:09,555 - DOMAIN INFO
INFO 2021-06-15 05:26:09,556 - {
    "DOMAIN": "www.asiaroutes.com", 
    "EXPIRATION": "2021-06-23 16:11:35", 
    "DAYS": "8 days, 10:45:26"
}
DEBUG 2021-06-15 05:40:09,198 - ####################################################################################################
DEBUG 2021-06-15 05:40:09,203 - DOMAIN INFO
INFO 2021-06-15 05:40:09,204 - {
    "DOMAIN": "bakh5.xshny.com", 
    "EXPIRATION": "2021-06-24 20:00:00", 
    "DAYS": "9 days, 14:19:51"
}
DEBUG 2021-06-15 05:41:31,930 - ####################################################################################################
DEBUG 2021-06-15 05:41:31,935 - DOMAIN INFO
INFO 2021-06-15 05:41:31,935 - {
    "DOMAIN": "jin055.com", 
    "EXPIRATION": "2021-08-29 14:51:46", 
    "DAYS": "75 days, 9:10:15"
}
DEBUG 2021-06-15 05:41:32,586 - ####################################################################################################
DEBUG 2021-06-15 05:41:32,593 - DOMAIN INFO
INFO 2021-06-15 05:41:32,593 - {
    "DOMAIN": "36516899.com", 
    "EXPIRATION": "2021-08-31 00:46:16", 
    "DAYS": "76 days, 19:04:44"
}
DEBUG 2021-06-15 05:41:33,762 - ####################################################################################################
DEBUG 2021-06-15 05:41:33,768 - DOMAIN INFO
INFO 2021-06-15 05:41:33,768 - {
    "DOMAIN": "j66.me", 
    "EXPIRATION": "2021-08-30 18:41:27", 
    "DAYS": "76 days, 12:59:54"
}
DEBUG 2021-06-15 05:41:35,043 - ####################################################################################################
DEBUG 2021-06-15 05:41:35,048 - DOMAIN INFO
INFO 2021-06-15 05:41:35,048 - {
    "DOMAIN": "j67.me", 
    "EXPIRATION": "2021-08-30 18:41:35", 
    "DAYS": "76 days, 13:00:00"
}
DEBUG 2021-06-15 05:41:37,382 - ####################################################################################################
DEBUG 2021-06-15 05:41:37,388 - DOMAIN INFO
INFO 2021-06-15 05:41:37,388 - {
    "DOMAIN": "jinshihao.co", 
    "EXPIRATION": "2021-08-30 07:43:36", 
    "DAYS": "76 days, 2:01:59"
}
DEBUG 2021-06-15 05:41:38,076 - ####################################################################################################
DEBUG 2021-06-15 05:41:38,081 - DOMAIN INFO
INFO 2021-06-15 05:41:38,081 - {
    "DOMAIN": "jin883.com", 
    "EXPIRATION": "2021-08-30 14:54:09", 
    "DAYS": "76 days, 9:12:31"
}
DEBUG 2021-06-15 06:06:16,787 - ####################################################################################################
DEBUG 2021-06-15 06:06:16,793 - DOMAIN INFO
INFO 2021-06-15 06:06:16,793 - {
    "DOMAIN": "eu2018.net", 
    "EXPIRATION": "2021-06-22 12:36:31", 
    "DAYS": "7 days, 6:30:15"
}
DEBUG 2021-06-15 06:26:10,724 - ####################################################################################################
DEBUG 2021-06-15 06:26:10,730 - DOMAIN INFO
INFO 2021-06-15 06:26:10,731 - {
    "DOMAIN": "www.asiaroutes.com", 
    "EXPIRATION": "2021-06-23 16:11:35", 
    "DAYS": "8 days, 9:45:25"
}
DEBUG 2021-06-15 06:40:11,779 - ####################################################################################################
DEBUG 2021-06-15 06:40:11,785 - DOMAIN INFO
INFO 2021-06-15 06:40:11,785 - {
    "DOMAIN": "bakh5.xshny.com", 
    "EXPIRATION": "2021-06-24 20:00:00", 
    "DAYS": "9 days, 13:19:49"
}
DEBUG 2021-06-15 06:42:19,758 - ####################################################################################################
DEBUG 2021-06-15 06:42:19,764 - DOMAIN INFO
INFO 2021-06-15 06:42:19,764 - {
    "DOMAIN": "jsh222.net", 
    "EXPIRATION": "2021-08-30 10:19:13", 
    "DAYS": "76 days, 3:36:54"
}
DEBUG 2021-06-15 06:42:20,156 - ####################################################################################################
DEBUG 2021-06-15 06:42:20,161 - DOMAIN INFO
INFO 2021-06-15 06:42:20,161 - {
    "DOMAIN": "byl5858.com", 
    "EXPIRATION": "2021-08-29 14:12:45", 
    "DAYS": "75 days, 7:30:25"
}
DEBUG 2021-06-15 06:42:20,968 - ####################################################################################################
DEBUG 2021-06-15 06:42:20,973 - DOMAIN INFO
INFO 2021-06-15 06:42:20,974 - {
    "DOMAIN": "xbet087.com", 
    "EXPIRATION": "2021-08-30 08:08:00", 
    "DAYS": "76 days, 1:25:40"
}
DEBUG 2021-06-15 06:42:21,398 - ####################################################################################################
DEBUG 2021-06-15 06:42:21,403 - DOMAIN INFO
INFO 2021-06-15 06:42:21,404 - {
    "DOMAIN": "jiab168.com", 
    "EXPIRATION": "2021-08-30 10:37:22", 
    "DAYS": "76 days, 3:55:01"
}
DEBUG 2021-06-15 06:42:22,129 - ####################################################################################################
DEBUG 2021-06-15 06:42:22,135 - DOMAIN INFO
INFO 2021-06-15 06:42:22,135 - {
    "DOMAIN": "www.eu511.com", 
    "EXPIRATION": "2021-08-30 18:51:23", 
    "DAYS": "76 days, 12:09:01"
}
DEBUG 2021-06-15 07:06:16,748 - ####################################################################################################
DEBUG 2021-06-15 07:06:16,754 - DOMAIN INFO
INFO 2021-06-15 07:06:16,754 - {
    "DOMAIN": "eu2018.net", 
    "EXPIRATION": "2021-06-22 12:36:31", 
    "DAYS": "7 days, 5:30:15"
}
DEBUG 2021-06-15 07:26:12,021 - ####################################################################################################
DEBUG 2021-06-15 07:26:12,027 - DOMAIN INFO
INFO 2021-06-15 07:26:12,027 - {
    "DOMAIN": "www.asiaroutes.com", 
    "EXPIRATION": "2021-06-23 16:11:35", 
    "DAYS": "8 days, 8:45:23"
}
DEBUG 2021-06-15 07:40:12,027 - ####################################################################################################
DEBUG 2021-06-15 07:40:12,034 - DOMAIN INFO
INFO 2021-06-15 07:40:12,034 - {
    "DOMAIN": "bakh5.xshny.com", 
    "EXPIRATION": "2021-06-24 20:00:00", 
    "DAYS": "9 days, 12:19:48"
}
DEBUG 2021-06-15 08:06:18,030 - ####################################################################################################
DEBUG 2021-06-15 08:06:18,036 - DOMAIN INFO
INFO 2021-06-15 08:06:18,037 - {
    "DOMAIN": "eu2018.net", 
    "EXPIRATION": "2021-06-22 12:36:31", 
    "DAYS": "7 days, 4:30:13"
}
DEBUG 2021-06-15 08:26:11,911 - ####################################################################################################
DEBUG 2021-06-15 08:26:11,917 - DOMAIN INFO
INFO 2021-06-15 08:26:11,918 - {
    "DOMAIN": "www.asiaroutes.com", 
    "EXPIRATION": "2021-06-23 16:11:35", 
    "DAYS": "8 days, 7:45:24"
}
DEBUG 2021-06-15 08:40:13,367 - ####################################################################################################
DEBUG 2021-06-15 08:40:13,372 - DOMAIN INFO
INFO 2021-06-15 08:40:13,372 - {
    "DOMAIN": "bakh5.xshny.com", 
    "EXPIRATION": "2021-06-24 20:00:00", 
    "DAYS": "9 days, 11:19:47"
}
DEBUG 2021-06-15 09:06:15,566 - ####################################################################################################
DEBUG 2021-06-15 09:06:15,572 - DOMAIN INFO
INFO 2021-06-15 09:06:15,572 - {
    "DOMAIN": "eu2018.net", 
    "EXPIRATION": "2021-06-22 12:36:31", 
    "DAYS": "7 days, 3:30:16"
}
DEBUG 2021-06-15 09:26:09,150 - ####################################################################################################
DEBUG 2021-06-15 09:26:09,156 - DOMAIN INFO
INFO 2021-06-15 09:26:09,156 - {
    "DOMAIN": "www.asiaroutes.com", 
    "EXPIRATION": "2021-06-23 16:11:35", 
    "DAYS": "8 days, 6:45:26"
}
DEBUG 2021-06-15 09:40:11,494 - ####################################################################################################
DEBUG 2021-06-15 09:40:11,500 - DOMAIN INFO
INFO 2021-06-15 09:40:11,500 - {
    "DOMAIN": "bakh5.xshny.com", 
    "EXPIRATION": "2021-06-24 20:00:00", 
    "DAYS": "9 days, 10:19:49"
}
DEBUG 2021-06-15 10:06:17,759 - ####################################################################################################
DEBUG 2021-06-15 10:06:17,765 - DOMAIN INFO
INFO 2021-06-15 10:06:17,765 - {
    "DOMAIN": "eu2018.net", 
    "EXPIRATION": "2021-06-22 12:36:31", 
    "DAYS": "7 days, 2:30:14"
}
DEBUG 2021-06-15 10:26:12,122 - ####################################################################################################
DEBUG 2021-06-15 10:26:12,127 - DOMAIN INFO
INFO 2021-06-15 10:26:12,127 - {
    "DOMAIN": "www.asiaroutes.com", 
    "EXPIRATION": "2021-06-23 16:11:35", 
    "DAYS": "8 days, 5:45:23"
}
DEBUG 2021-06-15 10:40:12,943 - ####################################################################################################
DEBUG 2021-06-15 10:40:12,949 - DOMAIN INFO
INFO 2021-06-15 10:40:12,949 - {
    "DOMAIN": "bakh5.xshny.com", 
    "EXPIRATION": "2021-06-24 20:00:00", 
    "DAYS": "9 days, 9:19:48"
}
DEBUG 2021-06-15 11:06:16,543 - ####################################################################################################
DEBUG 2021-06-15 11:06:16,549 - DOMAIN INFO
INFO 2021-06-15 11:06:16,549 - {
    "DOMAIN": "eu2018.net", 
    "EXPIRATION": "2021-06-22 12:36:31", 
    "DAYS": "7 days, 1:30:15"
}
DEBUG 2021-06-15 11:26:08,703 - ####################################################################################################
DEBUG 2021-06-15 11:26:08,709 - DOMAIN INFO
INFO 2021-06-15 11:26:08,710 - {
    "DOMAIN": "www.asiaroutes.com", 
    "EXPIRATION": "2021-06-23 16:11:35", 
    "DAYS": "8 days, 4:45:27"
}
DEBUG 2021-06-15 11:40:14,723 - ####################################################################################################
DEBUG 2021-06-15 11:40:14,730 - DOMAIN INFO
INFO 2021-06-15 11:40:14,730 - {
    "DOMAIN": "bakh5.xshny.com", 
    "EXPIRATION": "2021-06-24 20:00:00", 
    "DAYS": "9 days, 8:19:46"
}
DEBUG 2021-06-15 12:06:14,138 - ####################################################################################################
DEBUG 2021-06-15 12:06:14,144 - DOMAIN INFO
INFO 2021-06-15 12:06:14,145 - {
    "DOMAIN": "eu2018.net", 
    "EXPIRATION": "2021-06-22 12:36:31", 
    "DAYS": "7 days, 0:30:17"
}
DEBUG 2021-06-15 12:26:13,213 - ####################################################################################################
DEBUG 2021-06-15 12:26:13,218 - DOMAIN INFO
INFO 2021-06-15 12:26:13,219 - {
    "DOMAIN": "www.asiaroutes.com", 
    "EXPIRATION": "2021-06-23 16:11:35", 
    "DAYS": "8 days, 3:45:22"
}
DEBUG 2021-06-15 12:40:13,443 - ####################################################################################################
DEBUG 2021-06-15 12:40:13,449 - DOMAIN INFO
INFO 2021-06-15 12:40:13,449 - {
    "DOMAIN": "bakh5.xshny.com", 
    "EXPIRATION": "2021-06-24 20:00:00", 
    "DAYS": "9 days, 7:19:47"
}
DEBUG 2021-06-15 13:06:15,806 - ####################################################################################################
DEBUG 2021-06-15 13:06:15,811 - DOMAIN INFO
INFO 2021-06-15 13:06:15,811 - {
    "DOMAIN": "eu2018.net", 
    "EXPIRATION": "2021-06-22 12:36:31", 
    "DAYS": "6 days, 23:30:16"
}
DEBUG 2021-06-15 13:26:09,994 - ####################################################################################################
DEBUG 2021-06-15 13:26:10,000 - DOMAIN INFO
INFO 2021-06-15 13:26:10,000 - {
    "DOMAIN": "www.asiaroutes.com", 
    "EXPIRATION": "2021-06-23 16:11:35", 
    "DAYS": "8 days, 2:45:26"
}
DEBUG 2021-06-15 13:40:10,888 - ####################################################################################################
DEBUG 2021-06-15 13:40:10,893 - DOMAIN INFO
INFO 2021-06-15 13:40:10,894 - {
    "DOMAIN": "bakh5.xshny.com", 
    "EXPIRATION": "2021-06-24 20:00:00", 
    "DAYS": "9 days, 6:19:50"
}
DEBUG 2021-06-15 14:06:22,018 - ####################################################################################################
DEBUG 2021-06-15 14:06:22,025 - DOMAIN ERROR
INFO 2021-06-15 14:06:22,025 - {
    "DOMAIN": "eu2018.net", 
    "DOMAIN_CURL": 6, 
    "ERROR": "[Errno 110] Connection timed out"
}
DEBUG 2021-06-15 14:26:13,192 - ####################################################################################################
DEBUG 2021-06-15 14:26:13,199 - DOMAIN INFO
INFO 2021-06-15 14:26:13,199 - {
    "DOMAIN": "www.asiaroutes.com", 
    "EXPIRATION": "2021-06-23 16:11:35", 
    "DAYS": "8 days, 1:45:22"
}
DEBUG 2021-06-15 14:40:12,172 - ####################################################################################################
DEBUG 2021-06-15 14:40:12,179 - DOMAIN INFO
INFO 2021-06-15 14:40:12,179 - {
    "DOMAIN": "bakh5.xshny.com", 
    "EXPIRATION": "2021-06-24 20:00:00", 
    "DAYS": "9 days, 5:19:48"
}
DEBUG 2021-06-15 15:06:16,805 - ####################################################################################################
DEBUG 2021-06-15 15:06:16,811 - DOMAIN INFO
INFO 2021-06-15 15:06:16,812 - {
    "DOMAIN": "eu2018.net", 
    "EXPIRATION": "2021-06-22 12:36:31", 
    "DAYS": "6 days, 21:30:15"
}
DEBUG 2021-06-15 15:26:10,324 - ####################################################################################################
DEBUG 2021-06-15 15:26:10,331 - DOMAIN INFO
INFO 2021-06-15 15:26:10,331 - {
    "DOMAIN": "www.asiaroutes.com", 
    "EXPIRATION": "2021-06-23 16:11:35", 
    "DAYS": "8 days, 0:45:25"
}
DEBUG 2021-06-15 15:40:13,324 - ####################################################################################################
DEBUG 2021-06-15 15:40:13,330 - DOMAIN INFO
INFO 2021-06-15 15:40:13,330 - {
    "DOMAIN": "bakh5.xshny.com", 
    "EXPIRATION": "2021-06-24 20:00:00", 
    "DAYS": "9 days, 4:19:47"
}
DEBUG 2021-06-15 16:06:17,555 - ####################################################################################################
DEBUG 2021-06-15 16:06:17,560 - DOMAIN INFO
INFO 2021-06-15 16:06:17,560 - {
    "DOMAIN": "eu2018.net", 
    "EXPIRATION": "2021-06-22 12:36:31", 
    "DAYS": "6 days, 20:30:14"
}
DEBUG 2021-06-15 16:26:12,587 - ####################################################################################################
DEBUG 2021-06-15 16:26:12,593 - DOMAIN INFO
INFO 2021-06-15 16:26:12,593 - {
    "DOMAIN": "www.asiaroutes.com", 
    "EXPIRATION": "2021-06-23 16:11:35", 
    "DAYS": "7 days, 23:45:23"
}
DEBUG 2021-06-15 16:40:14,674 - ####################################################################################################
DEBUG 2021-06-15 16:40:14,681 - DOMAIN INFO
INFO 2021-06-15 16:40:14,681 - {
    "DOMAIN": "bakh5.xshny.com", 
    "EXPIRATION": "2021-06-24 20:00:00", 
    "DAYS": "9 days, 3:19:46"
}
DEBUG 2021-06-15 17:06:19,539 - ####################################################################################################
DEBUG 2021-06-15 17:06:19,544 - DOMAIN INFO
INFO 2021-06-15 17:06:19,545 - {
    "DOMAIN": "eu2018.net", 
    "EXPIRATION": "2021-06-22 12:36:31", 
    "DAYS": "6 days, 19:30:12"
}
DEBUG 2021-06-15 17:26:11,426 - ####################################################################################################
DEBUG 2021-06-15 17:26:11,432 - DOMAIN INFO
INFO 2021-06-15 17:26:11,432 - {
    "DOMAIN": "www.asiaroutes.com", 
    "EXPIRATION": "2021-06-23 16:11:35", 
    "DAYS": "7 days, 22:45:24"
}
DEBUG 2021-06-15 17:40:14,391 - ####################################################################################################
DEBUG 2021-06-15 17:40:14,397 - DOMAIN INFO
INFO 2021-06-15 17:40:14,397 - {
    "DOMAIN": "bakh5.xshny.com", 
    "EXPIRATION": "2021-06-24 20:00:00", 
    "DAYS": "9 days, 2:19:46"
}
DEBUG 2021-06-15 18:06:17,774 - ####################################################################################################
DEBUG 2021-06-15 18:06:17,780 - DOMAIN INFO
INFO 2021-06-15 18:06:17,780 - {
    "DOMAIN": "eu2018.net", 
    "EXPIRATION": "2021-06-22 12:36:31", 
    "DAYS": "6 days, 18:30:14"
}
DEBUG 2021-06-15 18:26:08,724 - ####################################################################################################
DEBUG 2021-06-15 18:26:08,729 - DOMAIN INFO
INFO 2021-06-15 18:26:08,729 - {
    "DOMAIN": "www.asiaroutes.com", 
    "EXPIRATION": "2021-06-23 16:11:35", 
    "DAYS": "7 days, 21:45:27"
}
DEBUG 2021-06-15 18:40:12,736 - ####################################################################################################
DEBUG 2021-06-15 18:40:12,743 - DOMAIN INFO
INFO 2021-06-15 18:40:12,743 - {
    "DOMAIN": "bakh5.xshny.com", 
    "EXPIRATION": "2021-06-24 20:00:00", 
    "DAYS": "9 days, 1:19:48"
}
DEBUG 2021-06-15 19:06:15,917 - ####################################################################################################
DEBUG 2021-06-15 19:06:15,923 - DOMAIN INFO
INFO 2021-06-15 19:06:15,924 - {
    "DOMAIN": "eu2018.net", 
    "EXPIRATION": "2021-06-22 12:36:31", 
    "DAYS": "6 days, 17:30:16"
}
DEBUG 2021-06-15 19:26:11,960 - ####################################################################################################
DEBUG 2021-06-15 19:26:11,966 - DOMAIN INFO
INFO 2021-06-15 19:26:11,966 - {
    "DOMAIN": "www.asiaroutes.com", 
    "EXPIRATION": "2021-06-23 16:11:35", 
    "DAYS": "7 days, 20:45:24"
}
DEBUG 2021-06-15 19:40:11,881 - ####################################################################################################
DEBUG 2021-06-15 19:40:11,888 - DOMAIN INFO
INFO 2021-06-15 19:40:11,888 - {
    "DOMAIN": "bakh5.xshny.com", 
    "EXPIRATION": "2021-06-24 20:00:00", 
    "DAYS": "9 days, 0:19:49"
}
DEBUG 2021-06-15 20:06:16,500 - ####################################################################################################
DEBUG 2021-06-15 20:06:16,506 - DOMAIN INFO
INFO 2021-06-15 20:06:16,506 - {
    "DOMAIN": "eu2018.net", 
    "EXPIRATION": "2021-06-22 12:36:31", 
    "DAYS": "6 days, 16:30:15"
}
DEBUG 2021-06-15 20:26:11,950 - ####################################################################################################
DEBUG 2021-06-15 20:26:11,955 - DOMAIN INFO
INFO 2021-06-15 20:26:11,956 - {
    "DOMAIN": "www.asiaroutes.com", 
    "EXPIRATION": "2021-06-23 16:11:35", 
    "DAYS": "7 days, 19:45:24"
}
DEBUG 2021-06-15 20:40:09,980 - ####################################################################################################
DEBUG 2021-06-15 20:40:09,986 - DOMAIN INFO
INFO 2021-06-15 20:40:09,986 - {
    "DOMAIN": "bakh5.xshny.com", 
    "EXPIRATION": "2021-06-24 20:00:00", 
    "DAYS": "8 days, 23:19:51"
}
DEBUG 2021-06-15 21:06:16,535 - ####################################################################################################
DEBUG 2021-06-15 21:06:16,541 - DOMAIN INFO
INFO 2021-06-15 21:06:16,541 - {
    "DOMAIN": "eu2018.net", 
    "EXPIRATION": "2021-06-22 12:36:31", 
    "DAYS": "6 days, 15:30:15"
}
DEBUG 2021-06-15 21:26:10,751 - ####################################################################################################
DEBUG 2021-06-15 21:26:10,758 - DOMAIN INFO
INFO 2021-06-15 21:26:10,758 - {
    "DOMAIN": "www.asiaroutes.com", 
    "EXPIRATION": "2021-06-23 16:11:35", 
    "DAYS": "7 days, 18:45:25"
}
DEBUG 2021-06-15 21:40:12,744 - ####################################################################################################
DEBUG 2021-06-15 21:40:12,749 - DOMAIN INFO
INFO 2021-06-15 21:40:12,750 - {
    "DOMAIN": "bakh5.xshny.com", 
    "EXPIRATION": "2021-06-24 20:00:00", 
    "DAYS": "8 days, 22:19:48"
}
DEBUG 2021-06-15 22:06:19,500 - ####################################################################################################
DEBUG 2021-06-15 22:06:19,506 - DOMAIN INFO
INFO 2021-06-15 22:06:19,507 - {
    "DOMAIN": "eu2018.net", 
    "EXPIRATION": "2021-06-22 12:36:31", 
    "DAYS": "6 days, 14:30:12"
}
DEBUG 2021-06-15 22:26:10,582 - ####################################################################################################
DEBUG 2021-06-15 22:26:10,587 - DOMAIN INFO
INFO 2021-06-15 22:26:10,587 - {
    "DOMAIN": "www.asiaroutes.com", 
    "EXPIRATION": "2021-06-23 16:11:35", 
    "DAYS": "7 days, 17:45:25"
}
DEBUG 2021-06-15 22:40:08,883 - ####################################################################################################
DEBUG 2021-06-15 22:40:08,889 - DOMAIN INFO
INFO 2021-06-15 22:40:08,889 - {
    "DOMAIN": "bakh5.xshny.com", 
    "EXPIRATION": "2021-06-24 20:00:00", 
    "DAYS": "8 days, 21:19:52"
}
DEBUG 2021-06-15 23:06:14,220 - ####################################################################################################
DEBUG 2021-06-15 23:06:14,226 - DOMAIN INFO
INFO 2021-06-15 23:06:14,226 - {
    "DOMAIN": "eu2018.net", 
    "EXPIRATION": "2021-06-22 12:36:31", 
    "DAYS": "6 days, 13:30:17"
}
DEBUG 2021-06-15 23:26:12,132 - ####################################################################################################
DEBUG 2021-06-15 23:26:12,138 - DOMAIN INFO
INFO 2021-06-15 23:26:12,138 - {
    "DOMAIN": "www.asiaroutes.com", 
    "EXPIRATION": "2021-06-23 16:11:35", 
    "DAYS": "7 days, 16:45:23"
}
DEBUG 2021-06-15 23:40:12,639 - ####################################################################################################
DEBUG 2021-06-15 23:40:12,644 - DOMAIN INFO
INFO 2021-06-15 23:40:12,644 - {
    "DOMAIN": "bakh5.xshny.com", 
    "EXPIRATION": "2021-06-24 20:00:00", 
    "DAYS": "8 days, 20:19:48"
}
