DEBUG 2021-06-16 00:06:14,606 - ####################################################################################################
DEBUG 2021-06-16 00:06:14,612 - DOMAIN INFO
INFO 2021-06-16 00:06:14,612 - {
    "DOMAIN": "eu2018.net", 
    "EXPIRATION": "2021-06-22 12:36:31", 
    "DAYS": "6 days, 12:30:17"
}
DEBUG 2021-06-16 00:26:10,433 - ####################################################################################################
DEBUG 2021-06-16 00:26:10,438 - DOMAIN INFO
INFO 2021-06-16 00:26:10,439 - {
    "DOMAIN": "www.asiaroutes.com", 
    "EXPIRATION": "2021-06-23 16:11:35", 
    "DAYS": "7 days, 15:45:25"
}
DEBUG 2021-06-16 00:40:14,411 - ####################################################################################################
DEBUG 2021-06-16 00:40:14,417 - DOMAIN INFO
INFO 2021-06-16 00:40:14,417 - {
    "DOMAIN": "bakh5.xshny.com", 
    "EXPIRATION": "2021-06-24 20:00:00", 
    "DAYS": "8 days, 19:19:46"
}
DEBUG 2021-06-16 01:06:14,686 - ####################################################################################################
DEBUG 2021-06-16 01:06:14,692 - DOMAIN INFO
INFO 2021-06-16 01:06:14,692 - {
    "DOMAIN": "eu2018.net", 
    "EXPIRATION": "2021-06-22 12:36:31", 
    "DAYS": "6 days, 11:30:17"
}
DEBUG 2021-06-16 01:26:09,024 - ####################################################################################################
DEBUG 2021-06-16 01:26:09,029 - DOMAIN INFO
INFO 2021-06-16 01:26:09,029 - {
    "DOMAIN": "www.asiaroutes.com", 
    "EXPIRATION": "2021-06-23 16:11:35", 
    "DAYS": "7 days, 14:45:26"
}
DEBUG 2021-06-16 01:40:12,678 - ####################################################################################################
DEBUG 2021-06-16 01:40:12,684 - DOMAIN INFO
INFO 2021-06-16 01:40:12,684 - {
    "DOMAIN": "bakh5.xshny.com", 
    "EXPIRATION": "2021-06-24 20:00:00", 
    "DAYS": "8 days, 18:19:48"
}
DEBUG 2021-06-16 02:06:14,905 - ####################################################################################################
DEBUG 2021-06-16 02:06:14,910 - DOMAIN INFO
INFO 2021-06-16 02:06:14,910 - {
    "DOMAIN": "eu2018.net", 
    "EXPIRATION": "2021-06-22 12:36:31", 
    "DAYS": "6 days, 10:30:17"
}
DEBUG 2021-06-16 02:26:09,009 - ####################################################################################################
DEBUG 2021-06-16 02:26:09,015 - DOMAIN INFO
INFO 2021-06-16 02:26:09,015 - {
    "DOMAIN": "www.asiaroutes.com", 
    "EXPIRATION": "2021-06-23 16:11:35", 
    "DAYS": "7 days, 13:45:26"
}
DEBUG 2021-06-16 02:40:10,665 - ####################################################################################################
DEBUG 2021-06-16 02:40:10,671 - DOMAIN INFO
INFO 2021-06-16 02:40:10,671 - {
    "DOMAIN": "bakh5.xshny.com", 
    "EXPIRATION": "2021-06-24 20:00:00", 
    "DAYS": "8 days, 17:19:50"
}
DEBUG 2021-06-16 03:06:14,897 - ####################################################################################################
DEBUG 2021-06-16 03:06:14,904 - DOMAIN INFO
INFO 2021-06-16 03:06:14,904 - {
    "DOMAIN": "eu2018.net", 
    "EXPIRATION": "2021-06-22 12:36:31", 
    "DAYS": "6 days, 9:30:17"
}
DEBUG 2021-06-16 03:26:10,213 - ####################################################################################################
DEBUG 2021-06-16 03:26:10,218 - DOMAIN INFO
INFO 2021-06-16 03:26:10,218 - {
    "DOMAIN": "www.asiaroutes.com", 
    "EXPIRATION": "2021-06-23 16:11:35", 
    "DAYS": "7 days, 12:45:25"
}
DEBUG 2021-06-16 03:40:13,846 - ####################################################################################################
DEBUG 2021-06-16 03:40:13,852 - DOMAIN INFO
INFO 2021-06-16 03:40:13,853 - {
    "DOMAIN": "bakh5.xshny.com", 
    "EXPIRATION": "2021-06-24 20:00:00", 
    "DAYS": "8 days, 16:19:47"
}
DEBUG 2021-06-16 04:06:13,566 - ####################################################################################################
DEBUG 2021-06-16 04:06:13,572 - DOMAIN INFO
INFO 2021-06-16 04:06:13,573 - {
    "DOMAIN": "eu2018.net", 
    "EXPIRATION": "2021-06-22 12:36:31", 
    "DAYS": "6 days, 8:30:18"
}
DEBUG 2021-06-16 04:26:10,240 - ####################################################################################################
DEBUG 2021-06-16 04:26:10,246 - DOMAIN INFO
INFO 2021-06-16 04:26:10,246 - {
    "DOMAIN": "www.asiaroutes.com", 
    "EXPIRATION": "2021-06-23 16:11:35", 
    "DAYS": "7 days, 11:45:25"
}
DEBUG 2021-06-16 04:40:10,520 - ####################################################################################################
DEBUG 2021-06-16 04:40:10,525 - DOMAIN INFO
INFO 2021-06-16 04:40:10,526 - {
    "DOMAIN": "bakh5.xshny.com", 
    "EXPIRATION": "2021-06-24 20:00:00", 
    "DAYS": "8 days, 15:19:50"
}
DEBUG 2021-06-16 05:06:15,661 - ####################################################################################################
DEBUG 2021-06-16 05:06:15,666 - DOMAIN INFO
INFO 2021-06-16 05:06:15,666 - {
    "DOMAIN": "eu2018.net", 
    "EXPIRATION": "2021-06-22 12:36:31", 
    "DAYS": "6 days, 7:30:16"
}
DEBUG 2021-06-16 05:26:12,629 - ####################################################################################################
DEBUG 2021-06-16 05:26:12,635 - DOMAIN INFO
INFO 2021-06-16 05:26:12,635 - {
    "DOMAIN": "www.asiaroutes.com", 
    "EXPIRATION": "2021-06-23 16:11:35", 
    "DAYS": "7 days, 10:45:23"
}
DEBUG 2021-06-16 05:40:11,591 - ####################################################################################################
DEBUG 2021-06-16 05:40:11,598 - DOMAIN INFO
INFO 2021-06-16 05:40:11,598 - {
    "DOMAIN": "bakh5.xshny.com", 
    "EXPIRATION": "2021-06-24 20:00:00", 
    "DAYS": "8 days, 14:19:49"
}
DEBUG 2021-06-16 05:47:53,306 - ####################################################################################################
DEBUG 2021-06-16 05:47:53,312 - DOMAIN INFO
INFO 2021-06-16 05:47:53,312 - {
    "DOMAIN": "haomenapp.durtc.cn", 
    "EXPIRATION": "2021-08-31 01:29:16", 
    "DAYS": "75 days, 19:41:23"
}
DEBUG 2021-06-16 05:47:54,492 - ####################################################################################################
DEBUG 2021-06-16 05:47:54,499 - DOMAIN INFO
INFO 2021-06-16 05:47:54,499 - {
    "DOMAIN": "byl98.com", 
    "EXPIRATION": "2021-08-30 10:44:00", 
    "DAYS": "75 days, 4:56:06"
}
DEBUG 2021-06-16 05:47:54,528 - ####################################################################################################
DEBUG 2021-06-16 05:47:54,533 - DOMAIN INFO
INFO 2021-06-16 05:47:54,533 - {
    "DOMAIN": "api.hotmeo.cn", 
    "EXPIRATION": "2021-12-04 07:59:59", 
    "DAYS": "171 days, 2:12:05"
}
DEBUG 2021-06-16 05:47:55,744 - ####################################################################################################
DEBUG 2021-06-16 05:47:55,749 - DOMAIN INFO
INFO 2021-06-16 05:47:55,750 - {
    "DOMAIN": "www.npj02.com", 
    "EXPIRATION": "2021-08-30 18:54:34", 
    "DAYS": "75 days, 13:06:39"
}
DEBUG 2021-06-16 05:47:56,561 - ####################################################################################################
DEBUG 2021-06-16 05:47:56,567 - DOMAIN INFO
INFO 2021-06-16 05:47:56,567 - {
    "DOMAIN": "www.cf816.com", 
    "EXPIRATION": "2021-09-04 23:25:53", 
    "DAYS": "80 days, 17:37:57"
}
DEBUG 2021-06-16 06:06:16,222 - ####################################################################################################
DEBUG 2021-06-16 06:06:16,227 - DOMAIN INFO
INFO 2021-06-16 06:06:16,227 - {
    "DOMAIN": "eu2018.net", 
    "EXPIRATION": "2021-06-22 12:36:31", 
    "DAYS": "6 days, 6:30:15"
}
DEBUG 2021-06-16 06:26:11,046 - ####################################################################################################
DEBUG 2021-06-16 06:26:11,052 - DOMAIN INFO
INFO 2021-06-16 06:26:11,053 - {
    "DOMAIN": "www.asiaroutes.com", 
    "EXPIRATION": "2021-06-23 16:11:35", 
    "DAYS": "7 days, 9:45:24"
}
DEBUG 2021-06-16 06:40:09,706 - ####################################################################################################
DEBUG 2021-06-16 06:40:09,712 - DOMAIN INFO
INFO 2021-06-16 06:40:09,713 - {
    "DOMAIN": "bakh5.xshny.com", 
    "EXPIRATION": "2021-06-24 20:00:00", 
    "DAYS": "8 days, 13:19:51"
}
DEBUG 2021-06-16 06:48:30,448 - ####################################################################################################
DEBUG 2021-06-16 06:48:30,454 - DOMAIN INFO
INFO 2021-06-16 06:48:30,454 - {
    "DOMAIN": "jin883.com", 
    "EXPIRATION": "2021-08-30 14:54:09", 
    "DAYS": "75 days, 8:05:39"
}
DEBUG 2021-06-16 06:48:31,327 - ####################################################################################################
DEBUG 2021-06-16 06:48:31,332 - DOMAIN INFO
INFO 2021-06-16 06:48:31,333 - {
    "DOMAIN": "aa685.com", 
    "EXPIRATION": "2021-08-30 18:56:33", 
    "DAYS": "75 days, 12:08:02"
}
DEBUG 2021-06-16 06:48:32,695 - ####################################################################################################
DEBUG 2021-06-16 06:48:32,700 - DOMAIN INFO
INFO 2021-06-16 06:48:32,700 - {
    "DOMAIN": "xbet317.com", 
    "EXPIRATION": "2021-08-30 07:54:18", 
    "DAYS": "75 days, 1:05:46"
}
DEBUG 2021-06-16 06:48:33,551 - ####################################################################################################
DEBUG 2021-06-16 06:48:33,556 - DOMAIN INFO
INFO 2021-06-16 06:48:33,556 - {
    "DOMAIN": "55818000.com", 
    "EXPIRATION": "2021-08-31 00:58:52", 
    "DAYS": "75 days, 18:10:19"
}
DEBUG 2021-06-16 06:48:35,282 - ####################################################################################################
DEBUG 2021-06-16 06:48:35,287 - DOMAIN INFO
INFO 2021-06-16 06:48:35,287 - {
    "DOMAIN": "gtsc3.88xcf.top", 
    "EXPIRATION": "2021-08-05 20:00:00", 
    "DAYS": "50 days, 13:11:25"
}
DEBUG 2021-06-16 06:48:35,306 - ####################################################################################################
DEBUG 2021-06-16 06:48:35,312 - DOMAIN INFO
INFO 2021-06-16 06:48:35,312 - {
    "DOMAIN": "www.jsh518.com", 
    "EXPIRATION": "2021-08-31 01:22:27", 
    "DAYS": "75 days, 18:33:52"
}
DEBUG 2021-06-16 06:48:36,114 - ####################################################################################################
DEBUG 2021-06-16 06:48:36,120 - DOMAIN INFO
INFO 2021-06-16 06:48:36,120 - {
    "DOMAIN": "www.8889840.com", 
    "EXPIRATION": "2021-08-30 18:57:50", 
    "DAYS": "75 days, 12:09:14"
}
DEBUG 2021-06-16 06:48:38,096 - ####################################################################################################
DEBUG 2021-06-16 06:48:38,102 - DOMAIN INFO
INFO 2021-06-16 06:48:38,103 - {
    "DOMAIN": "www.1678520.com", 
    "EXPIRATION": "2021-08-31 01:02:38", 
    "DAYS": "75 days, 18:14:00"
}
DEBUG 2021-06-16 07:06:12,949 - ####################################################################################################
DEBUG 2021-06-16 07:06:12,955 - DOMAIN INFO
INFO 2021-06-16 07:06:12,955 - {
    "DOMAIN": "eu2018.net", 
    "EXPIRATION": "2021-06-22 12:36:31", 
    "DAYS": "6 days, 5:30:19"
}
DEBUG 2021-06-16 07:26:11,253 - ####################################################################################################
DEBUG 2021-06-16 07:26:11,258 - DOMAIN INFO
INFO 2021-06-16 07:26:11,259 - {
    "DOMAIN": "www.asiaroutes.com", 
    "EXPIRATION": "2021-06-23 16:11:35", 
    "DAYS": "7 days, 8:45:24"
}
DEBUG 2021-06-16 07:40:11,793 - ####################################################################################################
DEBUG 2021-06-16 07:40:11,799 - DOMAIN INFO
INFO 2021-06-16 07:40:11,799 - {
    "DOMAIN": "bakh5.xshny.com", 
    "EXPIRATION": "2021-06-24 20:00:00", 
    "DAYS": "8 days, 12:19:49"
}
DEBUG 2021-06-16 08:06:16,572 - ####################################################################################################
DEBUG 2021-06-16 08:06:16,577 - DOMAIN INFO
INFO 2021-06-16 08:06:16,577 - {
    "DOMAIN": "eu2018.net", 
    "EXPIRATION": "2021-06-22 12:36:31", 
    "DAYS": "6 days, 4:30:15"
}
DEBUG 2021-06-16 08:26:10,665 - ####################################################################################################
DEBUG 2021-06-16 08:26:10,671 - DOMAIN INFO
INFO 2021-06-16 08:26:10,671 - {
    "DOMAIN": "www.asiaroutes.com", 
    "EXPIRATION": "2021-06-23 16:11:35", 
    "DAYS": "7 days, 7:45:25"
}
DEBUG 2021-06-16 08:40:12,487 - ####################################################################################################
DEBUG 2021-06-16 08:40:12,492 - DOMAIN INFO
INFO 2021-06-16 08:40:12,493 - {
    "DOMAIN": "bakh5.xshny.com", 
    "EXPIRATION": "2021-06-24 20:00:00", 
    "DAYS": "8 days, 11:19:48"
}
DEBUG 2021-06-16 09:06:14,472 - ####################################################################################################
DEBUG 2021-06-16 09:06:14,479 - DOMAIN INFO
INFO 2021-06-16 09:06:14,480 - {
    "DOMAIN": "eu2018.net", 
    "EXPIRATION": "2021-06-22 12:36:31", 
    "DAYS": "6 days, 3:30:17"
}
DEBUG 2021-06-16 09:26:11,994 - ####################################################################################################
DEBUG 2021-06-16 09:26:12,001 - DOMAIN INFO
INFO 2021-06-16 09:26:12,001 - {
    "DOMAIN": "www.asiaroutes.com", 
    "EXPIRATION": "2021-06-23 16:11:35", 
    "DAYS": "7 days, 6:45:24"
}
DEBUG 2021-06-16 09:40:11,502 - ####################################################################################################
DEBUG 2021-06-16 09:40:11,507 - DOMAIN INFO
INFO 2021-06-16 09:40:11,508 - {
    "DOMAIN": "bakh5.xshny.com", 
    "EXPIRATION": "2021-06-24 20:00:00", 
    "DAYS": "8 days, 10:19:49"
}
DEBUG 2021-06-16 10:06:15,210 - ####################################################################################################
DEBUG 2021-06-16 10:06:15,215 - DOMAIN INFO
INFO 2021-06-16 10:06:15,216 - {
    "DOMAIN": "eu2018.net", 
    "EXPIRATION": "2021-06-22 12:36:31", 
    "DAYS": "6 days, 2:30:16"
}
DEBUG 2021-06-16 10:26:11,998 - ####################################################################################################
DEBUG 2021-06-16 10:26:12,005 - DOMAIN INFO
INFO 2021-06-16 10:26:12,006 - {
    "DOMAIN": "www.asiaroutes.com", 
    "EXPIRATION": "2021-06-23 16:11:35", 
    "DAYS": "7 days, 5:45:24"
}
DEBUG 2021-06-16 10:40:12,197 - ####################################################################################################
DEBUG 2021-06-16 10:40:12,203 - DOMAIN INFO
INFO 2021-06-16 10:40:12,204 - {
    "DOMAIN": "bakh5.xshny.com", 
    "EXPIRATION": "2021-06-24 20:00:00", 
    "DAYS": "8 days, 9:19:48"
}
DEBUG 2021-06-16 11:26:11,030 - ####################################################################################################
DEBUG 2021-06-16 11:26:11,037 - DOMAIN INFO
INFO 2021-06-16 11:26:11,037 - {
    "DOMAIN": "www.asiaroutes.com", 
    "EXPIRATION": "2021-06-23 16:11:35", 
    "DAYS": "7 days, 4:45:24"
}
DEBUG 2021-06-16 11:40:12,812 - ####################################################################################################
DEBUG 2021-06-16 11:40:12,818 - DOMAIN INFO
INFO 2021-06-16 11:40:12,819 - {
    "DOMAIN": "bakh5.xshny.com", 
    "EXPIRATION": "2021-06-24 20:00:00", 
    "DAYS": "8 days, 8:19:48"
}
DEBUG 2021-06-16 12:26:10,923 - ####################################################################################################
DEBUG 2021-06-16 12:26:10,929 - DOMAIN INFO
INFO 2021-06-16 12:26:10,929 - {
    "DOMAIN": "www.asiaroutes.com", 
    "EXPIRATION": "2021-06-23 16:11:35", 
    "DAYS": "7 days, 3:45:25"
}
DEBUG 2021-06-16 12:40:12,319 - ####################################################################################################
DEBUG 2021-06-16 12:40:12,324 - DOMAIN INFO
INFO 2021-06-16 12:40:12,325 - {
    "DOMAIN": "bakh5.xshny.com", 
    "EXPIRATION": "2021-06-24 20:00:00", 
    "DAYS": "8 days, 7:19:48"
}
DEBUG 2021-06-16 13:26:12,402 - ####################################################################################################
DEBUG 2021-06-16 13:26:12,409 - DOMAIN INFO
INFO 2021-06-16 13:26:12,409 - {
    "DOMAIN": "www.asiaroutes.com", 
    "EXPIRATION": "2021-06-23 16:11:35", 
    "DAYS": "7 days, 2:45:23"
}
DEBUG 2021-06-16 13:40:10,503 - ####################################################################################################
DEBUG 2021-06-16 13:40:10,509 - DOMAIN INFO
INFO 2021-06-16 13:40:10,509 - {
    "DOMAIN": "bakh5.xshny.com", 
    "EXPIRATION": "2021-06-24 20:00:00", 
    "DAYS": "8 days, 6:19:50"
}
DEBUG 2021-06-16 14:06:14,594 - ####################################################################################################
DEBUG 2021-06-16 14:06:14,600 - DOMAIN INFO
INFO 2021-06-16 14:06:14,600 - {
    "DOMAIN": "eu2018.net", 
    "EXPIRATION": "2021-06-22 12:36:31", 
    "DAYS": "5 days, 22:30:17"
}
DEBUG 2021-06-16 14:26:11,118 - ####################################################################################################
DEBUG 2021-06-16 14:26:11,123 - DOMAIN INFO
INFO 2021-06-16 14:26:11,123 - {
    "DOMAIN": "www.asiaroutes.com", 
    "EXPIRATION": "2021-06-23 16:11:35", 
    "DAYS": "7 days, 1:45:24"
}
DEBUG 2021-06-16 14:40:13,133 - ####################################################################################################
DEBUG 2021-06-16 14:40:13,139 - DOMAIN INFO
INFO 2021-06-16 14:40:13,139 - {
    "DOMAIN": "bakh5.xshny.com", 
    "EXPIRATION": "2021-06-24 20:00:00", 
    "DAYS": "8 days, 5:19:47"
}
DEBUG 2021-06-16 15:06:13,892 - ####################################################################################################
DEBUG 2021-06-16 15:06:13,899 - DOMAIN INFO
INFO 2021-06-16 15:06:13,900 - {
    "DOMAIN": "eu2018.net", 
    "EXPIRATION": "2021-06-22 12:36:31", 
    "DAYS": "5 days, 21:30:18"
}
DEBUG 2021-06-16 15:26:11,931 - ####################################################################################################
DEBUG 2021-06-16 15:26:11,937 - DOMAIN INFO
INFO 2021-06-16 15:26:11,937 - {
    "DOMAIN": "www.asiaroutes.com", 
    "EXPIRATION": "2021-06-23 16:11:35", 
    "DAYS": "7 days, 0:45:24"
}
DEBUG 2021-06-16 15:40:13,043 - ####################################################################################################
DEBUG 2021-06-16 15:40:13,049 - DOMAIN INFO
INFO 2021-06-16 15:40:13,049 - {
    "DOMAIN": "bakh5.xshny.com", 
    "EXPIRATION": "2021-06-24 20:00:00", 
    "DAYS": "8 days, 4:19:47"
}
DEBUG 2021-06-16 16:06:15,989 - ####################################################################################################
DEBUG 2021-06-16 16:06:15,995 - DOMAIN INFO
INFO 2021-06-16 16:06:15,995 - {
    "DOMAIN": "eu2018.net", 
    "EXPIRATION": "2021-09-01 12:30:08", 
    "DAYS": "76 days, 20:23:53"
}
DEBUG 2021-06-16 16:26:12,477 - ####################################################################################################
DEBUG 2021-06-16 16:26:12,483 - DOMAIN INFO
INFO 2021-06-16 16:26:12,483 - {
    "DOMAIN": "www.asiaroutes.com", 
    "EXPIRATION": "2021-06-23 16:11:35", 
    "DAYS": "6 days, 23:45:23"
}
DEBUG 2021-06-16 16:40:12,081 - ####################################################################################################
DEBUG 2021-06-16 16:40:12,087 - DOMAIN INFO
INFO 2021-06-16 16:40:12,087 - {
    "DOMAIN": "bakh5.xshny.com", 
    "EXPIRATION": "2021-06-24 20:00:00", 
    "DAYS": "8 days, 3:19:48"
}
DEBUG 2021-06-16 17:06:16,514 - ####################################################################################################
DEBUG 2021-06-16 17:06:16,519 - DOMAIN INFO
INFO 2021-06-16 17:06:16,519 - {
    "DOMAIN": "eu2018.net", 
    "EXPIRATION": "2021-09-01 12:30:08", 
    "DAYS": "76 days, 19:23:52"
}
DEBUG 2021-06-16 17:26:13,128 - ####################################################################################################
DEBUG 2021-06-16 17:26:13,134 - DOMAIN INFO
INFO 2021-06-16 17:26:13,135 - {
    "DOMAIN": "www.asiaroutes.com", 
    "EXPIRATION": "2021-06-23 16:11:35", 
    "DAYS": "6 days, 22:45:22"
}
DEBUG 2021-06-16 17:40:11,625 - ####################################################################################################
DEBUG 2021-06-16 17:40:11,631 - DOMAIN INFO
INFO 2021-06-16 17:40:11,632 - {
    "DOMAIN": "bakh5.xshny.com", 
    "EXPIRATION": "2021-06-24 20:00:00", 
    "DAYS": "8 days, 2:19:49"
}
DEBUG 2021-06-16 18:06:18,247 - ####################################################################################################
DEBUG 2021-06-16 18:06:18,253 - DOMAIN INFO
INFO 2021-06-16 18:06:18,254 - {
    "DOMAIN": "eu2018.net", 
    "EXPIRATION": "2021-09-01 12:30:08", 
    "DAYS": "76 days, 18:23:50"
}
DEBUG 2021-06-16 18:26:10,505 - ####################################################################################################
DEBUG 2021-06-16 18:26:10,510 - DOMAIN INFO
INFO 2021-06-16 18:26:10,510 - {
    "DOMAIN": "www.asiaroutes.com", 
    "EXPIRATION": "2021-06-23 16:11:35", 
    "DAYS": "6 days, 21:45:25"
}
DEBUG 2021-06-16 18:40:12,023 - ####################################################################################################
DEBUG 2021-06-16 18:40:12,029 - DOMAIN INFO
INFO 2021-06-16 18:40:12,029 - {
    "DOMAIN": "bakh5.xshny.com", 
    "EXPIRATION": "2021-06-24 20:00:00", 
    "DAYS": "8 days, 1:19:48"
}
DEBUG 2021-06-16 19:06:14,918 - ####################################################################################################
DEBUG 2021-06-16 19:06:14,924 - DOMAIN INFO
INFO 2021-06-16 19:06:14,925 - {
    "DOMAIN": "eu2018.net", 
    "EXPIRATION": "2021-09-01 12:30:08", 
    "DAYS": "76 days, 17:23:54"
}
DEBUG 2021-06-16 19:26:11,643 - ####################################################################################################
DEBUG 2021-06-16 19:26:11,649 - DOMAIN INFO
INFO 2021-06-16 19:26:11,649 - {
    "DOMAIN": "www.asiaroutes.com", 
    "EXPIRATION": "2021-06-23 16:11:35", 
    "DAYS": "6 days, 20:45:24"
}
DEBUG 2021-06-16 19:40:12,139 - ####################################################################################################
DEBUG 2021-06-16 19:40:12,145 - DOMAIN INFO
INFO 2021-06-16 19:40:12,145 - {
    "DOMAIN": "bakh5.xshny.com", 
    "EXPIRATION": "2021-06-24 20:00:00", 
    "DAYS": "8 days, 0:19:48"
}
DEBUG 2021-06-16 20:06:18,308 - ####################################################################################################
DEBUG 2021-06-16 20:06:18,314 - DOMAIN INFO
INFO 2021-06-16 20:06:18,314 - {
    "DOMAIN": "eu2018.net", 
    "EXPIRATION": "2021-09-01 12:30:08", 
    "DAYS": "76 days, 16:23:50"
}
DEBUG 2021-06-16 20:26:13,217 - ####################################################################################################
DEBUG 2021-06-16 20:26:13,223 - DOMAIN INFO
INFO 2021-06-16 20:26:13,223 - {
    "DOMAIN": "www.asiaroutes.com", 
    "EXPIRATION": "2021-06-23 16:11:35", 
    "DAYS": "6 days, 19:45:22"
}
DEBUG 2021-06-16 20:40:12,604 - ####################################################################################################
DEBUG 2021-06-16 20:40:12,610 - DOMAIN INFO
INFO 2021-06-16 20:40:12,610 - {
    "DOMAIN": "bakh5.xshny.com", 
    "EXPIRATION": "2021-06-24 20:00:00", 
    "DAYS": "7 days, 23:19:48"
}
DEBUG 2021-06-16 21:06:18,056 - ####################################################################################################
DEBUG 2021-06-16 21:06:18,062 - DOMAIN INFO
INFO 2021-06-16 21:06:18,063 - {
    "DOMAIN": "eu2018.net", 
    "EXPIRATION": "2021-09-01 12:30:08", 
    "DAYS": "76 days, 15:23:50"
}
DEBUG 2021-06-16 21:26:11,056 - ####################################################################################################
DEBUG 2021-06-16 21:26:11,062 - DOMAIN INFO
INFO 2021-06-16 21:26:11,062 - {
    "DOMAIN": "www.asiaroutes.com", 
    "EXPIRATION": "2021-06-23 16:11:35", 
    "DAYS": "6 days, 18:45:24"
}
DEBUG 2021-06-16 21:40:11,728 - ####################################################################################################
DEBUG 2021-06-16 21:40:11,734 - DOMAIN INFO
INFO 2021-06-16 21:40:11,734 - {
    "DOMAIN": "bakh5.xshny.com", 
    "EXPIRATION": "2021-06-24 20:00:00", 
    "DAYS": "7 days, 22:19:49"
}
DEBUG 2021-06-16 22:06:13,777 - ####################################################################################################
DEBUG 2021-06-16 22:06:13,782 - DOMAIN INFO
INFO 2021-06-16 22:06:13,782 - {
    "DOMAIN": "eu2018.net", 
    "EXPIRATION": "2021-09-01 12:30:08", 
    "DAYS": "76 days, 14:23:55"
}
DEBUG 2021-06-16 22:26:08,966 - ####################################################################################################
DEBUG 2021-06-16 22:26:08,971 - DOMAIN INFO
INFO 2021-06-16 22:26:08,971 - {
    "DOMAIN": "www.asiaroutes.com", 
    "EXPIRATION": "2021-06-23 16:11:35", 
    "DAYS": "6 days, 17:45:27"
}
DEBUG 2021-06-16 22:40:12,265 - ####################################################################################################
DEBUG 2021-06-16 22:40:12,272 - DOMAIN INFO
INFO 2021-06-16 22:40:12,272 - {
    "DOMAIN": "bakh5.xshny.com", 
    "EXPIRATION": "2021-06-24 20:00:00", 
    "DAYS": "7 days, 21:19:48"
}
DEBUG 2021-06-16 23:06:16,910 - ####################################################################################################
DEBUG 2021-06-16 23:06:16,917 - DOMAIN INFO
INFO 2021-06-16 23:06:16,917 - {
    "DOMAIN": "eu2018.net", 
    "EXPIRATION": "2021-09-01 12:30:08", 
    "DAYS": "76 days, 13:23:52"
}
DEBUG 2021-06-16 23:26:13,269 - ####################################################################################################
DEBUG 2021-06-16 23:26:13,274 - DOMAIN INFO
INFO 2021-06-16 23:26:13,275 - {
    "DOMAIN": "www.asiaroutes.com", 
    "EXPIRATION": "2021-06-23 16:11:35", 
    "DAYS": "6 days, 16:45:22"
}
DEBUG 2021-06-16 23:40:11,520 - ####################################################################################################
DEBUG 2021-06-16 23:40:11,525 - DOMAIN INFO
INFO 2021-06-16 23:40:11,526 - {
    "DOMAIN": "bakh5.xshny.com", 
    "EXPIRATION": "2021-06-24 20:00:00", 
    "DAYS": "7 days, 20:19:49"
}
