DEBUG 2021-09-28 00:12:37,377 - ####################################################################################################
DEBUG 2021-09-28 00:12:37,383 - DOMAIN INFO
INFO 2021-09-28 00:12:37,383 - {
    "DOMAIN": "573595.com", 
    "EXPIRATION": "2021-12-20 12:04:50", 
    "DAYS": "83 days, 11:52:13"
}
DEBUG 2021-09-28 00:12:37,932 - ####################################################################################################
DEBUG 2021-09-28 00:12:37,937 - DOMAIN INFO
INFO 2021-09-28 00:12:37,938 - {
    "DOMAIN": "www.573595.com", 
    "EXPIRATION": "2021-12-20 12:04:50", 
    "DAYS": "83 days, 11:52:13"
}
DEBUG 2021-09-28 00:12:38,526 - ####################################################################################################
DEBUG 2021-09-28 00:12:38,532 - DOMAIN INFO
INFO 2021-09-28 00:12:38,533 - {
    "DOMAIN": "579832.com", 
    "EXPIRATION": "2021-12-20 12:04:56", 
    "DAYS": "83 days, 11:52:18"
}
DEBUG 2021-09-28 00:12:39,270 - ####################################################################################################
DEBUG 2021-09-28 00:12:39,276 - DOMAIN INFO
INFO 2021-09-28 00:12:39,277 - {
    "DOMAIN": "www.579832.com", 
    "EXPIRATION": "2021-12-20 12:04:56", 
    "DAYS": "83 days, 11:52:17"
}
DEBUG 2021-09-28 00:26:50,713 - ####################################################################################################
DEBUG 2021-09-28 00:26:50,718 - DOMAIN INFO
INFO 2021-09-28 00:26:50,718 - {
    "DOMAIN": "delivip1.com", 
    "EXPIRATION": "2021-12-18 23:59:24", 
    "DAYS": "81 days, 23:32:34"
}
DEBUG 2021-09-28 01:12:39,371 - ####################################################################################################
DEBUG 2021-09-28 01:12:39,377 - DOMAIN INFO
INFO 2021-09-28 01:12:39,377 - {
    "DOMAIN": "573595.com", 
    "EXPIRATION": "2021-12-20 12:04:50", 
    "DAYS": "83 days, 10:52:11"
}
DEBUG 2021-09-28 01:12:39,896 - ####################################################################################################
DEBUG 2021-09-28 01:12:39,901 - DOMAIN INFO
INFO 2021-09-28 01:12:39,901 - {
    "DOMAIN": "www.573595.com", 
    "EXPIRATION": "2021-12-20 12:04:50", 
    "DAYS": "83 days, 10:52:11"
}
DEBUG 2021-09-28 01:12:40,365 - ####################################################################################################
DEBUG 2021-09-28 01:12:40,371 - DOMAIN INFO
INFO 2021-09-28 01:12:40,371 - {
    "DOMAIN": "579832.com", 
    "EXPIRATION": "2021-12-20 12:04:56", 
    "DAYS": "83 days, 10:52:16"
}
DEBUG 2021-09-28 01:12:40,799 - ####################################################################################################
DEBUG 2021-09-28 01:12:40,804 - DOMAIN INFO
INFO 2021-09-28 01:12:40,804 - {
    "DOMAIN": "www.579832.com", 
    "EXPIRATION": "2021-12-20 12:04:56", 
    "DAYS": "83 days, 10:52:16"
}
DEBUG 2021-09-28 01:26:50,946 - ####################################################################################################
DEBUG 2021-09-28 01:26:50,952 - DOMAIN INFO
INFO 2021-09-28 01:26:50,953 - {
    "DOMAIN": "delivip1.com", 
    "EXPIRATION": "2021-12-18 23:59:24", 
    "DAYS": "81 days, 22:32:34"
}
DEBUG 2021-09-28 02:12:39,168 - ####################################################################################################
DEBUG 2021-09-28 02:12:39,173 - DOMAIN INFO
INFO 2021-09-28 02:12:39,173 - {
    "DOMAIN": "573595.com", 
    "EXPIRATION": "2021-12-20 12:04:50", 
    "DAYS": "83 days, 9:52:11"
}
DEBUG 2021-09-28 02:12:39,329 - ####################################################################################################
DEBUG 2021-09-28 02:12:39,335 - DOMAIN INFO
INFO 2021-09-28 02:12:39,335 - {
    "DOMAIN": "www.573595.com", 
    "EXPIRATION": "2021-12-20 12:04:50", 
    "DAYS": "83 days, 9:52:11"
}
DEBUG 2021-09-28 02:12:40,140 - ####################################################################################################
DEBUG 2021-09-28 02:12:40,145 - DOMAIN INFO
INFO 2021-09-28 02:12:40,146 - {
    "DOMAIN": "579832.com", 
    "EXPIRATION": "2021-12-20 12:04:56", 
    "DAYS": "83 days, 9:52:16"
}
DEBUG 2021-09-28 02:12:40,618 - ####################################################################################################
DEBUG 2021-09-28 02:12:40,625 - DOMAIN INFO
INFO 2021-09-28 02:12:40,625 - {
    "DOMAIN": "www.579832.com", 
    "EXPIRATION": "2021-12-20 12:04:56", 
    "DAYS": "83 days, 9:52:16"
}
DEBUG 2021-09-28 02:26:50,853 - ####################################################################################################
DEBUG 2021-09-28 02:26:50,859 - DOMAIN INFO
INFO 2021-09-28 02:26:50,860 - {
    "DOMAIN": "delivip1.com", 
    "EXPIRATION": "2021-12-18 23:59:24", 
    "DAYS": "81 days, 21:32:34"
}
DEBUG 2021-09-28 03:12:37,394 - ####################################################################################################
DEBUG 2021-09-28 03:12:37,400 - DOMAIN INFO
INFO 2021-09-28 03:12:37,400 - {
    "DOMAIN": "573595.com", 
    "EXPIRATION": "2021-12-20 12:04:50", 
    "DAYS": "83 days, 8:52:13"
}
DEBUG 2021-09-28 03:12:38,221 - ####################################################################################################
DEBUG 2021-09-28 03:12:38,227 - DOMAIN INFO
INFO 2021-09-28 03:12:38,228 - {
    "DOMAIN": "www.573595.com", 
    "EXPIRATION": "2021-12-20 12:04:50", 
    "DAYS": "83 days, 8:52:12"
}
DEBUG 2021-09-28 03:12:38,523 - ####################################################################################################
DEBUG 2021-09-28 03:12:38,529 - DOMAIN INFO
INFO 2021-09-28 03:12:38,529 - {
    "DOMAIN": "579832.com", 
    "EXPIRATION": "2021-12-20 12:04:56", 
    "DAYS": "83 days, 8:52:18"
}
DEBUG 2021-09-28 03:12:39,025 - ####################################################################################################
DEBUG 2021-09-28 03:12:39,030 - DOMAIN INFO
INFO 2021-09-28 03:12:39,030 - {
    "DOMAIN": "www.579832.com", 
    "EXPIRATION": "2021-12-20 12:04:56", 
    "DAYS": "83 days, 8:52:17"
}
DEBUG 2021-09-28 03:26:49,255 - ####################################################################################################
DEBUG 2021-09-28 03:26:49,261 - DOMAIN INFO
INFO 2021-09-28 03:26:49,262 - {
    "DOMAIN": "delivip1.com", 
    "EXPIRATION": "2021-12-18 23:59:24", 
    "DAYS": "81 days, 20:32:35"
}
DEBUG 2021-09-28 04:12:39,433 - ####################################################################################################
DEBUG 2021-09-28 04:12:39,439 - DOMAIN INFO
INFO 2021-09-28 04:12:39,440 - {
    "DOMAIN": "573595.com", 
    "EXPIRATION": "2021-12-20 12:04:50", 
    "DAYS": "83 days, 7:52:11"
}
DEBUG 2021-09-28 04:12:40,311 - ####################################################################################################
DEBUG 2021-09-28 04:12:40,317 - DOMAIN INFO
INFO 2021-09-28 04:12:40,317 - {
    "DOMAIN": "www.573595.com", 
    "EXPIRATION": "2021-12-20 12:04:50", 
    "DAYS": "83 days, 7:52:10"
}
DEBUG 2021-09-28 04:12:40,672 - ####################################################################################################
DEBUG 2021-09-28 04:12:40,678 - DOMAIN INFO
INFO 2021-09-28 04:12:40,678 - {
    "DOMAIN": "579832.com", 
    "EXPIRATION": "2021-12-20 12:04:56", 
    "DAYS": "83 days, 7:52:16"
}
DEBUG 2021-09-28 04:12:41,401 - ####################################################################################################
DEBUG 2021-09-28 04:12:41,406 - DOMAIN INFO
INFO 2021-09-28 04:12:41,406 - {
    "DOMAIN": "www.579832.com", 
    "EXPIRATION": "2021-12-20 12:04:56", 
    "DAYS": "83 days, 7:52:15"
}
DEBUG 2021-09-28 04:26:50,415 - ####################################################################################################
DEBUG 2021-09-28 04:26:50,420 - DOMAIN INFO
INFO 2021-09-28 04:26:50,420 - {
    "DOMAIN": "delivip1.com", 
    "EXPIRATION": "2021-12-18 23:59:24", 
    "DAYS": "81 days, 19:32:34"
}
