DEBUG 2021-06-19 00:26:14,222 - ####################################################################################################
DEBUG 2021-06-19 00:26:14,227 - DOMAIN INFO
INFO 2021-06-19 00:26:14,228 - {
    "DOMAIN": "www.asiaroutes.com", 
    "EXPIRATION": "2021-06-23 16:11:35", 
    "DAYS": "4 days, 15:45:21"
}
DEBUG 2021-06-19 00:53:04,135 - ####################################################################################################
DEBUG 2021-06-19 00:53:04,141 - DOMAIN INFO
INFO 2021-06-19 00:53:04,142 - {
    "DOMAIN": "hujidi.com", 
    "EXPIRATION": "2021-07-06 10:49:33", 
    "DAYS": "17 days, 9:56:29"
}
DEBUG 2021-06-19 01:26:12,312 - ####################################################################################################
DEBUG 2021-06-19 01:26:12,318 - DOMAIN INFO
INFO 2021-06-19 01:26:12,319 - {
    "DOMAIN": "www.asiaroutes.com", 
    "EXPIRATION": "2021-06-23 16:11:35", 
    "DAYS": "4 days, 14:45:23"
}
DEBUG 2021-06-19 01:53:02,609 - ####################################################################################################
DEBUG 2021-06-19 01:53:02,615 - DOMAIN INFO
INFO 2021-06-19 01:53:02,615 - {
    "DOMAIN": "hujidi.com", 
    "EXPIRATION": "2021-07-06 10:49:33", 
    "DAYS": "17 days, 8:56:31"
}
DEBUG 2021-06-19 02:26:13,523 - ####################################################################################################
DEBUG 2021-06-19 02:26:13,530 - DOMAIN INFO
INFO 2021-06-19 02:26:13,530 - {
    "DOMAIN": "www.asiaroutes.com", 
    "EXPIRATION": "2021-06-23 16:11:35", 
    "DAYS": "4 days, 13:45:22"
}
DEBUG 2021-06-19 02:53:05,976 - ####################################################################################################
DEBUG 2021-06-19 02:53:05,982 - DOMAIN INFO
INFO 2021-06-19 02:53:05,982 - {
    "DOMAIN": "hujidi.com", 
    "EXPIRATION": "2021-07-06 10:49:33", 
    "DAYS": "17 days, 7:56:28"
}
DEBUG 2021-06-19 03:26:11,989 - ####################################################################################################
DEBUG 2021-06-19 03:26:11,995 - DOMAIN INFO
INFO 2021-06-19 03:26:11,996 - {
    "DOMAIN": "www.asiaroutes.com", 
    "EXPIRATION": "2021-06-23 16:11:35", 
    "DAYS": "4 days, 12:45:24"
}
DEBUG 2021-06-19 03:53:02,889 - ####################################################################################################
DEBUG 2021-06-19 03:53:02,894 - DOMAIN INFO
INFO 2021-06-19 03:53:02,894 - {
    "DOMAIN": "hujidi.com", 
    "EXPIRATION": "2021-07-06 10:49:33", 
    "DAYS": "17 days, 6:56:31"
}
DEBUG 2021-06-19 04:26:11,940 - ####################################################################################################
DEBUG 2021-06-19 04:26:11,946 - DOMAIN INFO
INFO 2021-06-19 04:26:11,946 - {
    "DOMAIN": "www.asiaroutes.com", 
    "EXPIRATION": "2021-06-23 16:11:35", 
    "DAYS": "4 days, 11:45:24"
}
DEBUG 2021-06-19 04:53:04,249 - ####################################################################################################
DEBUG 2021-06-19 04:53:04,255 - DOMAIN INFO
INFO 2021-06-19 04:53:04,255 - {
    "DOMAIN": "hujidi.com", 
    "EXPIRATION": "2021-07-06 10:49:33", 
    "DAYS": "17 days, 5:56:29"
}
DEBUG 2021-06-19 05:26:09,368 - ####################################################################################################
DEBUG 2021-06-19 05:26:09,373 - DOMAIN INFO
INFO 2021-06-19 05:26:09,373 - {
    "DOMAIN": "www.asiaroutes.com", 
    "EXPIRATION": "2021-06-23 16:11:35", 
    "DAYS": "4 days, 10:45:26"
}
DEBUG 2021-06-19 05:53:02,919 - ####################################################################################################
DEBUG 2021-06-19 05:53:02,926 - DOMAIN INFO
INFO 2021-06-19 05:53:02,926 - {
    "DOMAIN": "hujidi.com", 
    "EXPIRATION": "2021-07-06 10:49:33", 
    "DAYS": "17 days, 4:56:31"
}
DEBUG 2021-06-19 06:26:11,433 - ####################################################################################################
DEBUG 2021-06-19 06:26:11,438 - DOMAIN INFO
INFO 2021-06-19 06:26:11,439 - {
    "DOMAIN": "www.asiaroutes.com", 
    "EXPIRATION": "2021-06-23 16:11:35", 
    "DAYS": "4 days, 9:45:24"
}
DEBUG 2021-06-19 06:53:03,120 - ####################################################################################################
DEBUG 2021-06-19 06:53:03,126 - DOMAIN INFO
INFO 2021-06-19 06:53:03,126 - {
    "DOMAIN": "hujidi.com", 
    "EXPIRATION": "2021-07-06 10:49:33", 
    "DAYS": "17 days, 3:56:30"
}
DEBUG 2021-06-19 07:06:47,092 - ####################################################################################################
DEBUG 2021-06-19 07:06:47,098 - DOMAIN INFO
INFO 2021-06-19 07:06:47,099 - {
    "DOMAIN": "jsh132.com", 
    "EXPIRATION": "2021-08-29 14:47:26", 
    "DAYS": "71 days, 7:40:39"
}
DEBUG 2021-06-19 07:06:48,804 - ####################################################################################################
DEBUG 2021-06-19 07:06:48,808 - DOMAIN INFO
INFO 2021-06-19 07:06:48,809 - {
    "DOMAIN": "aa109.com", 
    "EXPIRATION": "2021-08-30 18:56:16", 
    "DAYS": "72 days, 11:49:28"
}
DEBUG 2021-06-19 07:06:49,307 - ####################################################################################################
DEBUG 2021-06-19 07:06:49,313 - DOMAIN INFO
INFO 2021-06-19 07:06:49,313 - {
    "DOMAIN": "eu8006.com", 
    "EXPIRATION": "2021-09-13 03:25:03", 
    "DAYS": "85 days, 20:18:14"
}
DEBUG 2021-06-19 07:06:49,778 - ####################################################################################################
DEBUG 2021-06-19 07:06:49,784 - DOMAIN INFO
INFO 2021-06-19 07:06:49,784 - {
    "DOMAIN": "eu558.com", 
    "EXPIRATION": "2021-09-13 23:40:54", 
    "DAYS": "86 days, 16:34:05"
}
DEBUG 2021-06-19 07:06:50,084 - ####################################################################################################
DEBUG 2021-06-19 07:06:50,090 - DOMAIN INFO
INFO 2021-06-19 07:06:50,090 - {
    "DOMAIN": "www.jsh711.com", 
    "EXPIRATION": "2021-08-31 01:26:12", 
    "DAYS": "72 days, 18:19:22"
}
DEBUG 2021-06-19 07:26:17,135 - ####################################################################################################
DEBUG 2021-06-19 07:26:17,141 - DOMAIN INFO
INFO 2021-06-19 07:26:17,141 - {
    "DOMAIN": "www.asiaroutes.com", 
    "EXPIRATION": "2021-06-23 16:11:35", 
    "DAYS": "4 days, 8:45:18"
}
DEBUG 2021-06-19 07:53:06,079 - ####################################################################################################
DEBUG 2021-06-19 07:53:06,085 - DOMAIN INFO
INFO 2021-06-19 07:53:06,085 - {
    "DOMAIN": "hujidi.com", 
    "EXPIRATION": "2021-07-06 10:49:33", 
    "DAYS": "17 days, 2:56:27"
}
DEBUG 2021-06-19 08:26:11,193 - ####################################################################################################
DEBUG 2021-06-19 08:26:11,198 - DOMAIN INFO
INFO 2021-06-19 08:26:11,198 - {
    "DOMAIN": "www.asiaroutes.com", 
    "EXPIRATION": "2021-06-23 16:11:35", 
    "DAYS": "4 days, 7:45:24"
}
DEBUG 2021-06-19 08:53:01,772 - ####################################################################################################
DEBUG 2021-06-19 08:53:01,778 - DOMAIN INFO
INFO 2021-06-19 08:53:01,778 - {
    "DOMAIN": "hujidi.com", 
    "EXPIRATION": "2021-07-06 10:49:33", 
    "DAYS": "17 days, 1:56:32"
}
DEBUG 2021-06-19 09:26:13,199 - ####################################################################################################
DEBUG 2021-06-19 09:26:13,205 - DOMAIN INFO
INFO 2021-06-19 09:26:13,205 - {
    "DOMAIN": "www.asiaroutes.com", 
    "EXPIRATION": "2021-06-23 16:11:35", 
    "DAYS": "4 days, 6:45:22"
}
DEBUG 2021-06-19 09:53:04,380 - ####################################################################################################
DEBUG 2021-06-19 09:53:04,385 - DOMAIN INFO
INFO 2021-06-19 09:53:04,386 - {
    "DOMAIN": "hujidi.com", 
    "EXPIRATION": "2021-07-06 10:49:33", 
    "DAYS": "17 days, 0:56:29"
}
DEBUG 2021-06-19 10:26:09,025 - ####################################################################################################
DEBUG 2021-06-19 10:26:09,031 - DOMAIN INFO
INFO 2021-06-19 10:26:09,031 - {
    "DOMAIN": "www.asiaroutes.com", 
    "EXPIRATION": "2021-06-23 16:11:35", 
    "DAYS": "4 days, 5:45:26"
}
DEBUG 2021-06-19 10:53:03,868 - ####################################################################################################
DEBUG 2021-06-19 10:53:03,875 - DOMAIN INFO
INFO 2021-06-19 10:53:03,875 - {
    "DOMAIN": "hujidi.com", 
    "EXPIRATION": "2021-07-06 10:49:33", 
    "DAYS": "16 days, 23:56:30"
}
DEBUG 2021-06-19 11:26:12,737 - ####################################################################################################
DEBUG 2021-06-19 11:26:12,742 - DOMAIN INFO
INFO 2021-06-19 11:26:12,742 - {
    "DOMAIN": "www.asiaroutes.com", 
    "EXPIRATION": "2021-06-23 16:11:35", 
    "DAYS": "4 days, 4:45:23"
}
DEBUG 2021-06-19 11:53:02,715 - ####################################################################################################
DEBUG 2021-06-19 11:53:02,721 - DOMAIN INFO
INFO 2021-06-19 11:53:02,721 - {
    "DOMAIN": "hujidi.com", 
    "EXPIRATION": "2021-07-06 10:49:33", 
    "DAYS": "16 days, 22:56:31"
}
DEBUG 2021-06-19 12:26:12,762 - ####################################################################################################
DEBUG 2021-06-19 12:26:12,768 - DOMAIN INFO
INFO 2021-06-19 12:26:12,769 - {
    "DOMAIN": "www.asiaroutes.com", 
    "EXPIRATION": "2021-06-23 16:11:35", 
    "DAYS": "4 days, 3:45:23"
}
DEBUG 2021-06-19 12:53:02,153 - ####################################################################################################
DEBUG 2021-06-19 12:53:02,159 - DOMAIN INFO
INFO 2021-06-19 12:53:02,160 - {
    "DOMAIN": "hujidi.com", 
    "EXPIRATION": "2021-07-06 10:49:33", 
    "DAYS": "16 days, 21:56:31"
}
DEBUG 2021-06-19 13:26:12,052 - ####################################################################################################
DEBUG 2021-06-19 13:26:12,058 - DOMAIN INFO
INFO 2021-06-19 13:26:12,058 - {
    "DOMAIN": "www.asiaroutes.com", 
    "EXPIRATION": "2021-06-23 16:11:35", 
    "DAYS": "4 days, 2:45:23"
}
DEBUG 2021-06-19 13:53:03,943 - ####################################################################################################
DEBUG 2021-06-19 13:53:03,948 - DOMAIN INFO
INFO 2021-06-19 13:53:03,949 - {
    "DOMAIN": "hujidi.com", 
    "EXPIRATION": "2021-07-06 10:49:33", 
    "DAYS": "16 days, 20:56:30"
}
DEBUG 2021-06-19 14:26:12,943 - ####################################################################################################
DEBUG 2021-06-19 14:26:12,949 - DOMAIN INFO
INFO 2021-06-19 14:26:12,949 - {
    "DOMAIN": "www.asiaroutes.com", 
    "EXPIRATION": "2021-06-23 16:11:35", 
    "DAYS": "4 days, 1:45:23"
}
DEBUG 2021-06-19 14:53:03,693 - ####################################################################################################
DEBUG 2021-06-19 14:53:03,699 - DOMAIN INFO
INFO 2021-06-19 14:53:03,699 - {
    "DOMAIN": "hujidi.com", 
    "EXPIRATION": "2021-07-06 10:49:33", 
    "DAYS": "16 days, 19:56:30"
}
DEBUG 2021-06-19 15:26:11,880 - ####################################################################################################
DEBUG 2021-06-19 15:26:11,887 - DOMAIN INFO
INFO 2021-06-19 15:26:11,887 - {
    "DOMAIN": "www.asiaroutes.com", 
    "EXPIRATION": "2021-06-23 16:11:35", 
    "DAYS": "4 days, 0:45:24"
}
DEBUG 2021-06-19 15:53:05,530 - ####################################################################################################
DEBUG 2021-06-19 15:53:05,536 - DOMAIN INFO
INFO 2021-06-19 15:53:05,537 - {
    "DOMAIN": "hujidi.com", 
    "EXPIRATION": "2021-07-06 10:49:33", 
    "DAYS": "16 days, 18:56:28"
}
DEBUG 2021-06-19 16:26:12,727 - ####################################################################################################
DEBUG 2021-06-19 16:26:12,732 - DOMAIN INFO
INFO 2021-06-19 16:26:12,733 - {
    "DOMAIN": "www.asiaroutes.com", 
    "EXPIRATION": "2021-06-23 16:11:35", 
    "DAYS": "3 days, 23:45:23"
}
DEBUG 2021-06-19 16:53:09,084 - ####################################################################################################
DEBUG 2021-06-19 16:53:09,089 - DOMAIN INFO
INFO 2021-06-19 16:53:09,090 - {
    "DOMAIN": "hujidi.com", 
    "EXPIRATION": "2021-07-06 10:49:33", 
    "DAYS": "16 days, 17:56:24"
}
DEBUG 2021-06-19 17:26:10,990 - ####################################################################################################
DEBUG 2021-06-19 17:26:10,996 - DOMAIN INFO
INFO 2021-06-19 17:26:10,996 - {
    "DOMAIN": "www.asiaroutes.com", 
    "EXPIRATION": "2021-06-23 16:11:35", 
    "DAYS": "3 days, 22:45:25"
}
DEBUG 2021-06-19 17:53:04,387 - ####################################################################################################
DEBUG 2021-06-19 17:53:04,393 - DOMAIN INFO
INFO 2021-06-19 17:53:04,393 - {
    "DOMAIN": "hujidi.com", 
    "EXPIRATION": "2021-07-06 10:49:33", 
    "DAYS": "16 days, 16:56:29"
}
DEBUG 2021-06-19 18:26:11,505 - ####################################################################################################
DEBUG 2021-06-19 18:26:11,510 - DOMAIN INFO
INFO 2021-06-19 18:26:11,511 - {
    "DOMAIN": "www.asiaroutes.com", 
    "EXPIRATION": "2021-06-23 16:11:35", 
    "DAYS": "3 days, 21:45:24"
}
DEBUG 2021-06-19 18:53:04,261 - ####################################################################################################
DEBUG 2021-06-19 18:53:04,268 - DOMAIN INFO
INFO 2021-06-19 18:53:04,268 - {
    "DOMAIN": "hujidi.com", 
    "EXPIRATION": "2021-07-06 10:49:33", 
    "DAYS": "16 days, 15:56:29"
}
DEBUG 2021-06-19 19:26:13,338 - ####################################################################################################
DEBUG 2021-06-19 19:26:13,345 - DOMAIN INFO
INFO 2021-06-19 19:26:13,345 - {
    "DOMAIN": "www.asiaroutes.com", 
    "EXPIRATION": "2021-06-23 16:11:35", 
    "DAYS": "3 days, 20:45:22"
}
DEBUG 2021-06-19 19:53:03,921 - ####################################################################################################
DEBUG 2021-06-19 19:53:03,926 - DOMAIN INFO
INFO 2021-06-19 19:53:03,927 - {
    "DOMAIN": "hujidi.com", 
    "EXPIRATION": "2021-07-06 10:49:33", 
    "DAYS": "16 days, 14:56:30"
}
DEBUG 2021-06-19 20:26:09,914 - ####################################################################################################
DEBUG 2021-06-19 20:26:09,920 - DOMAIN INFO
INFO 2021-06-19 20:26:09,921 - {
    "DOMAIN": "www.asiaroutes.com", 
    "EXPIRATION": "2021-06-23 16:11:35", 
    "DAYS": "3 days, 19:45:26"
}
DEBUG 2021-06-19 20:53:04,719 - ####################################################################################################
DEBUG 2021-06-19 20:53:04,725 - DOMAIN INFO
INFO 2021-06-19 20:53:04,726 - {
    "DOMAIN": "hujidi.com", 
    "EXPIRATION": "2021-07-06 10:49:33", 
    "DAYS": "16 days, 13:56:29"
}
DEBUG 2021-06-19 21:26:11,901 - ####################################################################################################
DEBUG 2021-06-19 21:26:11,908 - DOMAIN INFO
INFO 2021-06-19 21:26:11,908 - {
    "DOMAIN": "www.asiaroutes.com", 
    "EXPIRATION": "2021-06-23 16:11:35", 
    "DAYS": "3 days, 18:45:24"
}
DEBUG 2021-06-19 21:53:02,728 - ####################################################################################################
DEBUG 2021-06-19 21:53:02,733 - DOMAIN INFO
INFO 2021-06-19 21:53:02,733 - {
    "DOMAIN": "hujidi.com", 
    "EXPIRATION": "2021-07-06 10:49:33", 
    "DAYS": "16 days, 12:56:31"
}
DEBUG 2021-06-19 22:26:10,696 - ####################################################################################################
DEBUG 2021-06-19 22:26:10,702 - DOMAIN INFO
INFO 2021-06-19 22:26:10,702 - {
    "DOMAIN": "www.asiaroutes.com", 
    "EXPIRATION": "2021-06-23 16:11:35", 
    "DAYS": "3 days, 17:45:25"
}
DEBUG 2021-06-19 22:53:06,872 - ####################################################################################################
DEBUG 2021-06-19 22:53:06,878 - DOMAIN INFO
INFO 2021-06-19 22:53:06,878 - {
    "DOMAIN": "hujidi.com", 
    "EXPIRATION": "2021-07-06 10:49:33", 
    "DAYS": "16 days, 11:56:27"
}
DEBUG 2021-06-19 23:26:10,873 - ####################################################################################################
DEBUG 2021-06-19 23:26:10,880 - DOMAIN INFO
INFO 2021-06-19 23:26:10,880 - {
    "DOMAIN": "www.asiaroutes.com", 
    "EXPIRATION": "2021-06-23 16:11:35", 
    "DAYS": "3 days, 16:45:25"
}
DEBUG 2021-06-19 23:53:03,711 - ####################################################################################################
DEBUG 2021-06-19 23:53:03,717 - DOMAIN INFO
INFO 2021-06-19 23:53:03,718 - {
    "DOMAIN": "hujidi.com", 
    "EXPIRATION": "2021-07-06 10:49:33", 
    "DAYS": "16 days, 10:56:30"
}
