DEBUG 2021-06-17 00:06:17,680 - ####################################################################################################
DEBUG 2021-06-17 00:06:17,686 - DOMAIN INFO
INFO 2021-06-17 00:06:17,686 - {
    "DOMAIN": "eu2018.net", 
    "EXPIRATION": "2021-09-01 12:30:08", 
    "DAYS": "76 days, 12:23:51"
}
DEBUG 2021-06-17 00:26:11,257 - ####################################################################################################
DEBUG 2021-06-17 00:26:11,262 - DOMAIN INFO
INFO 2021-06-17 00:26:11,263 - {
    "DOMAIN": "www.asiaroutes.com", 
    "EXPIRATION": "2021-06-23 16:11:35", 
    "DAYS": "6 days, 15:45:24"
}
DEBUG 2021-06-17 00:40:11,491 - ####################################################################################################
DEBUG 2021-06-17 00:40:11,497 - DOMAIN INFO
INFO 2021-06-17 00:40:11,497 - {
    "DOMAIN": "bakh5.xshny.com", 
    "EXPIRATION": "2021-06-24 20:00:00", 
    "DAYS": "7 days, 19:19:49"
}
DEBUG 2021-06-17 01:06:15,775 - ####################################################################################################
DEBUG 2021-06-17 01:06:15,781 - DOMAIN INFO
INFO 2021-06-17 01:06:15,782 - {
    "DOMAIN": "eu2018.net", 
    "EXPIRATION": "2021-09-01 12:30:08", 
    "DAYS": "76 days, 11:23:53"
}
DEBUG 2021-06-17 01:26:11,083 - ####################################################################################################
DEBUG 2021-06-17 01:26:11,089 - DOMAIN INFO
INFO 2021-06-17 01:26:11,089 - {
    "DOMAIN": "www.asiaroutes.com", 
    "EXPIRATION": "2021-06-23 16:11:35", 
    "DAYS": "6 days, 14:45:24"
}
DEBUG 2021-06-17 01:40:09,794 - ####################################################################################################
DEBUG 2021-06-17 01:40:09,800 - DOMAIN INFO
INFO 2021-06-17 01:40:09,801 - {
    "DOMAIN": "bakh5.xshny.com", 
    "EXPIRATION": "2021-06-24 20:00:00", 
    "DAYS": "7 days, 18:19:51"
}
DEBUG 2021-06-17 02:06:17,832 - ####################################################################################################
DEBUG 2021-06-17 02:06:17,837 - DOMAIN INFO
INFO 2021-06-17 02:06:17,837 - {
    "DOMAIN": "eu2018.net", 
    "EXPIRATION": "2021-09-01 12:30:08", 
    "DAYS": "76 days, 10:23:51"
}
DEBUG 2021-06-17 02:26:12,397 - ####################################################################################################
DEBUG 2021-06-17 02:26:12,403 - DOMAIN INFO
INFO 2021-06-17 02:26:12,403 - {
    "DOMAIN": "www.asiaroutes.com", 
    "EXPIRATION": "2021-06-23 16:11:35", 
    "DAYS": "6 days, 13:45:23"
}
DEBUG 2021-06-17 02:40:12,013 - ####################################################################################################
DEBUG 2021-06-17 02:40:12,019 - DOMAIN INFO
INFO 2021-06-17 02:40:12,019 - {
    "DOMAIN": "bakh5.xshny.com", 
    "EXPIRATION": "2021-06-24 20:00:00", 
    "DAYS": "7 days, 17:19:48"
}
DEBUG 2021-06-17 03:06:16,468 - ####################################################################################################
DEBUG 2021-06-17 03:06:16,475 - DOMAIN INFO
INFO 2021-06-17 03:06:16,476 - {
    "DOMAIN": "eu2018.net", 
    "EXPIRATION": "2021-09-01 12:30:08", 
    "DAYS": "76 days, 9:23:52"
}
DEBUG 2021-06-17 03:26:09,811 - ####################################################################################################
DEBUG 2021-06-17 03:26:09,818 - DOMAIN INFO
INFO 2021-06-17 03:26:09,818 - {
    "DOMAIN": "www.asiaroutes.com", 
    "EXPIRATION": "2021-06-23 16:11:35", 
    "DAYS": "6 days, 12:45:26"
}
DEBUG 2021-06-17 03:40:10,322 - ####################################################################################################
DEBUG 2021-06-17 03:40:10,328 - DOMAIN INFO
INFO 2021-06-17 03:40:10,328 - {
    "DOMAIN": "bakh5.xshny.com", 
    "EXPIRATION": "2021-06-24 20:00:00", 
    "DAYS": "7 days, 16:19:50"
}
DEBUG 2021-06-17 04:06:12,842 - ####################################################################################################
DEBUG 2021-06-17 04:06:12,848 - DOMAIN INFO
INFO 2021-06-17 04:06:12,849 - {
    "DOMAIN": "eu2018.net", 
    "EXPIRATION": "2021-09-01 12:30:08", 
    "DAYS": "76 days, 8:23:56"
}
DEBUG 2021-06-17 04:26:10,967 - ####################################################################################################
DEBUG 2021-06-17 04:26:10,974 - DOMAIN INFO
INFO 2021-06-17 04:26:10,974 - {
    "DOMAIN": "www.asiaroutes.com", 
    "EXPIRATION": "2021-06-23 16:11:35", 
    "DAYS": "6 days, 11:45:25"
}
DEBUG 2021-06-17 04:40:11,914 - ####################################################################################################
DEBUG 2021-06-17 04:40:11,920 - DOMAIN INFO
INFO 2021-06-17 04:40:11,920 - {
    "DOMAIN": "bakh5.xshny.com", 
    "EXPIRATION": "2021-06-24 20:00:00", 
    "DAYS": "7 days, 15:19:49"
}
DEBUG 2021-06-17 05:06:14,184 - ####################################################################################################
DEBUG 2021-06-17 05:06:14,189 - DOMAIN INFO
INFO 2021-06-17 05:06:14,190 - {
    "DOMAIN": "eu2018.net", 
    "EXPIRATION": "2021-09-01 12:30:08", 
    "DAYS": "76 days, 7:23:54"
}
DEBUG 2021-06-17 05:26:10,448 - ####################################################################################################
DEBUG 2021-06-17 05:26:10,455 - DOMAIN INFO
INFO 2021-06-17 05:26:10,455 - {
    "DOMAIN": "www.asiaroutes.com", 
    "EXPIRATION": "2021-06-23 16:11:35", 
    "DAYS": "6 days, 10:45:25"
}
DEBUG 2021-06-17 05:40:09,780 - ####################################################################################################
DEBUG 2021-06-17 05:40:09,787 - DOMAIN INFO
INFO 2021-06-17 05:40:09,787 - {
    "DOMAIN": "bakh5.xshny.com", 
    "EXPIRATION": "2021-06-24 20:00:00", 
    "DAYS": "7 days, 14:19:51"
}
DEBUG 2021-06-17 05:52:56,102 - ####################################################################################################
DEBUG 2021-06-17 05:52:56,107 - DOMAIN INFO
INFO 2021-06-17 05:52:56,107 - {
    "DOMAIN": "eu168vip.net", 
    "EXPIRATION": "2021-09-12 00:17:32", 
    "DAYS": "86 days, 18:24:36"
}
DEBUG 2021-06-17 05:52:58,190 - ####################################################################################################
DEBUG 2021-06-17 05:52:58,196 - DOMAIN INFO
INFO 2021-06-17 05:52:58,196 - {
    "DOMAIN": "jbl8077.com", 
    "EXPIRATION": "2021-08-30 15:00:48", 
    "DAYS": "74 days, 9:07:50"
}
DEBUG 2021-06-17 05:52:58,761 - ####################################################################################################
DEBUG 2021-06-17 05:52:58,767 - DOMAIN INFO
INFO 2021-06-17 05:52:58,767 - {
    "DOMAIN": "bbasia8.com", 
    "EXPIRATION": "2021-08-30 07:27:14", 
    "DAYS": "74 days, 1:34:16"
}
DEBUG 2021-06-17 05:52:59,972 - ####################################################################################################
DEBUG 2021-06-17 05:52:59,979 - DOMAIN INFO
INFO 2021-06-17 05:52:59,979 - {
    "DOMAIN": "eu850.com", 
    "EXPIRATION": "2021-09-13 06:40:37", 
    "DAYS": "88 days, 0:47:38"
}
DEBUG 2021-06-17 05:53:02,559 - ####################################################################################################
DEBUG 2021-06-17 05:53:02,565 - DOMAIN INFO
INFO 2021-06-17 05:53:02,565 - {
    "DOMAIN": "hujidi.com", 
    "EXPIRATION": "2021-07-06 10:49:33", 
    "DAYS": "19 days, 4:56:31"
}
DEBUG 2021-06-17 05:53:03,234 - ####################################################################################################
DEBUG 2021-06-17 05:53:03,239 - DOMAIN INFO
INFO 2021-06-17 05:53:03,240 - {
    "DOMAIN": "www.xpj6.in", 
    "EXPIRATION": "2021-08-30 21:35:02", 
    "DAYS": "74 days, 15:41:59"
}
DEBUG 2021-06-17 05:53:04,258 - ####################################################################################################
DEBUG 2021-06-17 05:53:04,264 - DOMAIN INFO
INFO 2021-06-17 05:53:04,264 - {
    "DOMAIN": "www.eu616.com", 
    "EXPIRATION": "2021-09-13 23:41:26", 
    "DAYS": "88 days, 17:48:22"
}
DEBUG 2021-06-17 05:53:06,848 - ####################################################################################################
DEBUG 2021-06-17 05:53:06,854 - DOMAIN INFO
INFO 2021-06-17 05:53:06,854 - {
    "DOMAIN": "goldencai.net", 
    "EXPIRATION": "2022-02-26 07:59:59", 
    "DAYS": "254 days, 2:06:53"
}
DEBUG 2021-06-17 05:53:08,198 - ####################################################################################################
DEBUG 2021-06-17 05:53:08,204 - DOMAIN INFO
INFO 2021-06-17 05:53:08,204 - {
    "DOMAIN": "www.eu898.com", 
    "EXPIRATION": "2021-09-13 10:43:36", 
    "DAYS": "88 days, 4:50:28"
}
DEBUG 2021-06-17 06:26:09,521 - ####################################################################################################
DEBUG 2021-06-17 06:26:09,527 - DOMAIN INFO
INFO 2021-06-17 06:26:09,528 - {
    "DOMAIN": "www.asiaroutes.com", 
    "EXPIRATION": "2021-06-23 16:11:35", 
    "DAYS": "6 days, 9:45:26"
}
DEBUG 2021-06-17 06:40:10,761 - ####################################################################################################
DEBUG 2021-06-17 06:40:10,767 - DOMAIN INFO
INFO 2021-06-17 06:40:10,767 - {
    "DOMAIN": "bakh5.xshny.com", 
    "EXPIRATION": "2021-06-24 20:00:00", 
    "DAYS": "7 days, 13:19:50"
}
DEBUG 2021-06-17 06:53:03,007 - ####################################################################################################
DEBUG 2021-06-17 06:53:03,013 - DOMAIN INFO
INFO 2021-06-17 06:53:03,013 - {
    "DOMAIN": "hujidi.com", 
    "EXPIRATION": "2021-07-06 10:49:33", 
    "DAYS": "19 days, 3:56:31"
}
DEBUG 2021-06-17 06:53:40,210 - ####################################################################################################
DEBUG 2021-06-17 06:53:40,215 - DOMAIN INFO
INFO 2021-06-17 06:53:40,215 - {
    "DOMAIN": "bailimail.com", 
    "EXPIRATION": "2021-08-30 18:08:20", 
    "DAYS": "74 days, 11:14:40"
}
DEBUG 2021-06-17 06:53:40,391 - ####################################################################################################
DEBUG 2021-06-17 06:53:40,398 - DOMAIN INFO
INFO 2021-06-17 06:53:40,398 - {
    "DOMAIN": "xbet116.com", 
    "EXPIRATION": "2021-08-30 15:06:29", 
    "DAYS": "74 days, 8:12:49"
}
DEBUG 2021-06-17 06:53:41,817 - ####################################################################################################
DEBUG 2021-06-17 06:53:41,824 - DOMAIN INFO
INFO 2021-06-17 06:53:41,824 - {
    "DOMAIN": "jiabo68.net", 
    "EXPIRATION": "2021-08-30 10:37:31", 
    "DAYS": "74 days, 3:43:50"
}
DEBUG 2021-06-17 06:53:42,376 - ####################################################################################################
DEBUG 2021-06-17 06:53:42,380 - DOMAIN INFO
INFO 2021-06-17 06:53:42,381 - {
    "DOMAIN": "www.jin123.info", 
    "EXPIRATION": "2021-08-30 07:32:22", 
    "DAYS": "74 days, 0:38:40"
}
DEBUG 2021-06-17 07:26:07,765 - ####################################################################################################
DEBUG 2021-06-17 07:26:07,770 - DOMAIN INFO
INFO 2021-06-17 07:26:07,770 - {
    "DOMAIN": "www.asiaroutes.com", 
    "EXPIRATION": "2021-06-23 16:11:35", 
    "DAYS": "6 days, 8:45:28"
}
DEBUG 2021-06-17 07:40:10,844 - ####################################################################################################
DEBUG 2021-06-17 07:40:10,851 - DOMAIN INFO
INFO 2021-06-17 07:40:10,851 - {
    "DOMAIN": "bakh5.xshny.com", 
    "EXPIRATION": "2021-06-24 20:00:00", 
    "DAYS": "7 days, 12:19:50"
}
DEBUG 2021-06-17 07:52:59,841 - ####################################################################################################
DEBUG 2021-06-17 07:52:59,847 - DOMAIN INFO
INFO 2021-06-17 07:52:59,847 - {
    "DOMAIN": "hujidi.com", 
    "EXPIRATION": "2021-07-06 10:49:33", 
    "DAYS": "19 days, 2:56:34"
}
DEBUG 2021-06-17 08:26:12,279 - ####################################################################################################
DEBUG 2021-06-17 08:26:12,285 - DOMAIN INFO
INFO 2021-06-17 08:26:12,285 - {
    "DOMAIN": "www.asiaroutes.com", 
    "EXPIRATION": "2021-06-23 16:11:35", 
    "DAYS": "6 days, 7:45:23"
}
DEBUG 2021-06-17 08:40:13,633 - ####################################################################################################
DEBUG 2021-06-17 08:40:13,638 - DOMAIN INFO
INFO 2021-06-17 08:40:13,638 - {
    "DOMAIN": "bakh5.xshny.com", 
    "EXPIRATION": "2021-06-24 20:00:00", 
    "DAYS": "7 days, 11:19:47"
}
DEBUG 2021-06-17 08:53:02,650 - ####################################################################################################
DEBUG 2021-06-17 08:53:02,656 - DOMAIN INFO
INFO 2021-06-17 08:53:02,657 - {
    "DOMAIN": "hujidi.com", 
    "EXPIRATION": "2021-07-06 10:49:33", 
    "DAYS": "19 days, 1:56:31"
}
DEBUG 2021-06-17 09:26:08,463 - ####################################################################################################
DEBUG 2021-06-17 09:26:08,469 - DOMAIN INFO
INFO 2021-06-17 09:26:08,469 - {
    "DOMAIN": "www.asiaroutes.com", 
    "EXPIRATION": "2021-06-23 16:11:35", 
    "DAYS": "6 days, 6:45:27"
}
DEBUG 2021-06-17 09:40:10,443 - ####################################################################################################
DEBUG 2021-06-17 09:40:10,450 - DOMAIN INFO
INFO 2021-06-17 09:40:10,451 - {
    "DOMAIN": "bakh5.xshny.com", 
    "EXPIRATION": "2021-06-24 20:00:00", 
    "DAYS": "7 days, 10:19:50"
}
DEBUG 2021-06-17 09:53:03,755 - ####################################################################################################
DEBUG 2021-06-17 09:53:03,762 - DOMAIN INFO
INFO 2021-06-17 09:53:03,762 - {
    "DOMAIN": "hujidi.com", 
    "EXPIRATION": "2021-07-06 10:49:33", 
    "DAYS": "19 days, 0:56:30"
}
DEBUG 2021-06-17 10:26:09,922 - ####################################################################################################
DEBUG 2021-06-17 10:26:09,927 - DOMAIN INFO
INFO 2021-06-17 10:26:09,927 - {
    "DOMAIN": "www.asiaroutes.com", 
    "EXPIRATION": "2021-06-23 16:11:35", 
    "DAYS": "6 days, 5:45:26"
}
DEBUG 2021-06-17 10:40:11,962 - ####################################################################################################
DEBUG 2021-06-17 10:40:11,967 - DOMAIN INFO
INFO 2021-06-17 10:40:11,967 - {
    "DOMAIN": "bakh5.xshny.com", 
    "EXPIRATION": "2021-06-24 20:00:00", 
    "DAYS": "7 days, 9:19:49"
}
DEBUG 2021-06-17 10:53:07,562 - ####################################################################################################
DEBUG 2021-06-17 10:53:07,568 - DOMAIN INFO
INFO 2021-06-17 10:53:07,568 - {
    "DOMAIN": "hujidi.com", 
    "EXPIRATION": "2021-07-06 10:49:33", 
    "DAYS": "18 days, 23:56:26"
}
DEBUG 2021-06-17 11:26:11,693 - ####################################################################################################
DEBUG 2021-06-17 11:26:11,699 - DOMAIN INFO
INFO 2021-06-17 11:26:11,699 - {
    "DOMAIN": "www.asiaroutes.com", 
    "EXPIRATION": "2021-06-23 16:11:35", 
    "DAYS": "6 days, 4:45:24"
}
DEBUG 2021-06-17 11:40:13,526 - ####################################################################################################
DEBUG 2021-06-17 11:40:13,532 - DOMAIN INFO
INFO 2021-06-17 11:40:13,532 - {
    "DOMAIN": "bakh5.xshny.com", 
    "EXPIRATION": "2021-06-24 20:00:00", 
    "DAYS": "7 days, 8:19:47"
}
DEBUG 2021-06-17 11:53:07,394 - ####################################################################################################
DEBUG 2021-06-17 11:53:07,400 - DOMAIN INFO
INFO 2021-06-17 11:53:07,400 - {
    "DOMAIN": "hujidi.com", 
    "EXPIRATION": "2021-07-06 10:49:33", 
    "DAYS": "18 days, 22:56:26"
}
DEBUG 2021-06-17 12:26:11,985 - ####################################################################################################
DEBUG 2021-06-17 12:26:11,990 - DOMAIN INFO
INFO 2021-06-17 12:26:11,990 - {
    "DOMAIN": "www.asiaroutes.com", 
    "EXPIRATION": "2021-06-23 16:11:35", 
    "DAYS": "6 days, 3:45:24"
}
DEBUG 2021-06-17 12:40:12,113 - ####################################################################################################
DEBUG 2021-06-17 12:40:12,118 - DOMAIN INFO
INFO 2021-06-17 12:40:12,119 - {
    "DOMAIN": "bakh5.xshny.com", 
    "EXPIRATION": "2021-06-24 20:00:00", 
    "DAYS": "7 days, 7:19:48"
}
DEBUG 2021-06-17 12:53:05,716 - ####################################################################################################
DEBUG 2021-06-17 12:53:05,721 - DOMAIN INFO
INFO 2021-06-17 12:53:05,721 - {
    "DOMAIN": "hujidi.com", 
    "EXPIRATION": "2021-07-06 10:49:33", 
    "DAYS": "18 days, 21:56:28"
}
DEBUG 2021-06-17 13:26:13,985 - ####################################################################################################
DEBUG 2021-06-17 13:26:13,991 - DOMAIN INFO
INFO 2021-06-17 13:26:13,991 - {
    "DOMAIN": "www.asiaroutes.com", 
    "EXPIRATION": "2021-06-23 16:11:35", 
    "DAYS": "6 days, 2:45:22"
}
DEBUG 2021-06-17 13:40:10,417 - ####################################################################################################
DEBUG 2021-06-17 13:40:10,422 - DOMAIN INFO
INFO 2021-06-17 13:40:10,422 - {
    "DOMAIN": "bakh5.xshny.com", 
    "EXPIRATION": "2021-06-24 20:00:00", 
    "DAYS": "7 days, 6:19:50"
}
DEBUG 2021-06-17 13:53:05,649 - ####################################################################################################
DEBUG 2021-06-17 13:53:05,654 - DOMAIN INFO
INFO 2021-06-17 13:53:05,655 - {
    "DOMAIN": "hujidi.com", 
    "EXPIRATION": "2021-07-06 10:49:33", 
    "DAYS": "18 days, 20:56:28"
}
DEBUG 2021-06-17 14:26:09,397 - ####################################################################################################
DEBUG 2021-06-17 14:26:09,403 - DOMAIN INFO
INFO 2021-06-17 14:26:09,404 - {
    "DOMAIN": "www.asiaroutes.com", 
    "EXPIRATION": "2021-06-23 16:11:35", 
    "DAYS": "6 days, 1:45:26"
}
DEBUG 2021-06-17 14:40:13,093 - ####################################################################################################
DEBUG 2021-06-17 14:40:13,100 - DOMAIN INFO
INFO 2021-06-17 14:40:13,101 - {
    "DOMAIN": "bakh5.xshny.com", 
    "EXPIRATION": "2021-06-24 20:00:00", 
    "DAYS": "7 days, 5:19:47"
}
DEBUG 2021-06-17 14:53:06,274 - ####################################################################################################
DEBUG 2021-06-17 14:53:06,281 - DOMAIN INFO
INFO 2021-06-17 14:53:06,281 - {
    "DOMAIN": "hujidi.com", 
    "EXPIRATION": "2021-07-06 10:49:33", 
    "DAYS": "18 days, 19:56:27"
}
DEBUG 2021-06-17 15:26:02,185 - ####################################################################################################
DEBUG 2021-06-17 15:26:02,190 - DOMAIN INFO
INFO 2021-06-17 15:26:02,190 - {
    "DOMAIN": "www.asiaroutes.com", 
    "EXPIRATION": "2021-06-23 16:11:35", 
    "DAYS": "6 days, 0:45:33"
}
DEBUG 2021-06-17 15:40:13,261 - ####################################################################################################
DEBUG 2021-06-17 15:40:13,267 - DOMAIN INFO
INFO 2021-06-17 15:40:13,267 - {
    "DOMAIN": "bakh5.xshny.com", 
    "EXPIRATION": "2021-06-24 20:00:00", 
    "DAYS": "7 days, 4:19:47"
}
DEBUG 2021-06-17 15:53:02,920 - ####################################################################################################
DEBUG 2021-06-17 15:53:02,926 - DOMAIN INFO
INFO 2021-06-17 15:53:02,927 - {
    "DOMAIN": "hujidi.com", 
    "EXPIRATION": "2021-07-06 10:49:33", 
    "DAYS": "18 days, 18:56:31"
}
DEBUG 2021-06-17 16:26:12,283 - ####################################################################################################
DEBUG 2021-06-17 16:26:12,289 - DOMAIN INFO
INFO 2021-06-17 16:26:12,290 - {
    "DOMAIN": "www.asiaroutes.com", 
    "EXPIRATION": "2021-06-23 16:11:35", 
    "DAYS": "5 days, 23:45:23"
}
DEBUG 2021-06-17 16:40:13,016 - ####################################################################################################
DEBUG 2021-06-17 16:40:13,022 - DOMAIN INFO
INFO 2021-06-17 16:40:13,022 - {
    "DOMAIN": "bakh5.xshny.com", 
    "EXPIRATION": "2021-06-24 20:00:00", 
    "DAYS": "7 days, 3:19:47"
}
DEBUG 2021-06-17 16:53:02,474 - ####################################################################################################
DEBUG 2021-06-17 16:53:02,480 - DOMAIN INFO
INFO 2021-06-17 16:53:02,480 - {
    "DOMAIN": "hujidi.com", 
    "EXPIRATION": "2021-07-06 10:49:33", 
    "DAYS": "18 days, 17:56:31"
}
DEBUG 2021-06-17 17:26:10,623 - ####################################################################################################
DEBUG 2021-06-17 17:26:10,629 - DOMAIN INFO
INFO 2021-06-17 17:26:10,629 - {
    "DOMAIN": "www.asiaroutes.com", 
    "EXPIRATION": "2021-06-23 16:11:35", 
    "DAYS": "5 days, 22:45:25"
}
DEBUG 2021-06-17 17:40:13,758 - ####################################################################################################
DEBUG 2021-06-17 17:40:13,763 - DOMAIN INFO
INFO 2021-06-17 17:40:13,763 - {
    "DOMAIN": "bakh5.xshny.com", 
    "EXPIRATION": "2021-06-24 20:00:00", 
    "DAYS": "7 days, 2:19:47"
}
DEBUG 2021-06-17 17:53:06,566 - ####################################################################################################
DEBUG 2021-06-17 17:53:06,573 - DOMAIN INFO
INFO 2021-06-17 17:53:06,573 - {
    "DOMAIN": "hujidi.com", 
    "EXPIRATION": "2021-07-06 10:49:33", 
    "DAYS": "18 days, 16:56:27"
}
DEBUG 2021-06-17 18:26:11,263 - ####################################################################################################
DEBUG 2021-06-17 18:26:11,270 - DOMAIN INFO
INFO 2021-06-17 18:26:11,270 - {
    "DOMAIN": "www.asiaroutes.com", 
    "EXPIRATION": "2021-06-23 16:11:35", 
    "DAYS": "5 days, 21:45:24"
}
DEBUG 2021-06-17 18:40:12,788 - ####################################################################################################
DEBUG 2021-06-17 18:40:12,794 - DOMAIN INFO
INFO 2021-06-17 18:40:12,794 - {
    "DOMAIN": "bakh5.xshny.com", 
    "EXPIRATION": "2021-06-24 20:00:00", 
    "DAYS": "7 days, 1:19:48"
}
DEBUG 2021-06-17 18:53:02,750 - ####################################################################################################
DEBUG 2021-06-17 18:53:02,756 - DOMAIN INFO
INFO 2021-06-17 18:53:02,756 - {
    "DOMAIN": "hujidi.com", 
    "EXPIRATION": "2021-07-06 10:49:33", 
    "DAYS": "18 days, 15:56:31"
}
DEBUG 2021-06-17 19:26:12,989 - ####################################################################################################
DEBUG 2021-06-17 19:26:12,995 - DOMAIN INFO
INFO 2021-06-17 19:26:12,995 - {
    "DOMAIN": "www.asiaroutes.com", 
    "EXPIRATION": "2021-06-23 16:11:35", 
    "DAYS": "5 days, 20:45:23"
}
DEBUG 2021-06-17 19:40:14,461 - ####################################################################################################
DEBUG 2021-06-17 19:40:14,466 - DOMAIN INFO
INFO 2021-06-17 19:40:14,466 - {
    "DOMAIN": "bakh5.xshny.com", 
    "EXPIRATION": "2021-06-24 20:00:00", 
    "DAYS": "7 days, 0:19:46"
}
DEBUG 2021-06-17 19:53:00,742 - ####################################################################################################
DEBUG 2021-06-17 19:53:00,748 - DOMAIN INFO
INFO 2021-06-17 19:53:00,748 - {
    "DOMAIN": "hujidi.com", 
    "EXPIRATION": "2021-07-06 10:49:33", 
    "DAYS": "18 days, 14:56:33"
}
DEBUG 2021-06-17 20:26:13,426 - ####################################################################################################
DEBUG 2021-06-17 20:26:13,431 - DOMAIN INFO
INFO 2021-06-17 20:26:13,432 - {
    "DOMAIN": "www.asiaroutes.com", 
    "EXPIRATION": "2021-06-23 16:11:35", 
    "DAYS": "5 days, 19:45:22"
}
DEBUG 2021-06-17 20:40:12,481 - ####################################################################################################
DEBUG 2021-06-17 20:40:12,487 - DOMAIN INFO
INFO 2021-06-17 20:40:12,487 - {
    "DOMAIN": "bakh5.xshny.com", 
    "EXPIRATION": "2022-06-18 07:59:59", 
    "DAYS": "365 days, 11:19:47"
}
DEBUG 2021-06-17 20:53:04,852 - ####################################################################################################
DEBUG 2021-06-17 20:53:04,859 - DOMAIN INFO
INFO 2021-06-17 20:53:04,859 - {
    "DOMAIN": "hujidi.com", 
    "EXPIRATION": "2021-07-06 10:49:33", 
    "DAYS": "18 days, 13:56:29"
}
DEBUG 2021-06-17 21:26:10,670 - ####################################################################################################
DEBUG 2021-06-17 21:26:10,676 - DOMAIN INFO
INFO 2021-06-17 21:26:10,676 - {
    "DOMAIN": "www.asiaroutes.com", 
    "EXPIRATION": "2021-06-23 16:11:35", 
    "DAYS": "5 days, 18:45:25"
}
DEBUG 2021-06-17 21:40:13,214 - ####################################################################################################
DEBUG 2021-06-17 21:40:13,221 - DOMAIN INFO
INFO 2021-06-17 21:40:13,221 - {
    "DOMAIN": "bakh5.xshny.com", 
    "EXPIRATION": "2022-06-18 07:59:59", 
    "DAYS": "365 days, 10:19:46"
}
DEBUG 2021-06-17 21:53:01,959 - ####################################################################################################
DEBUG 2021-06-17 21:53:01,965 - DOMAIN INFO
INFO 2021-06-17 21:53:01,965 - {
    "DOMAIN": "hujidi.com", 
    "EXPIRATION": "2021-07-06 10:49:33", 
    "DAYS": "18 days, 12:56:32"
}
DEBUG 2021-06-17 22:26:13,098 - ####################################################################################################
DEBUG 2021-06-17 22:26:13,104 - DOMAIN INFO
INFO 2021-06-17 22:26:13,104 - {
    "DOMAIN": "www.asiaroutes.com", 
    "EXPIRATION": "2021-06-23 16:11:35", 
    "DAYS": "5 days, 17:45:22"
}
DEBUG 2021-06-17 22:40:13,657 - ####################################################################################################
DEBUG 2021-06-17 22:40:13,663 - DOMAIN INFO
INFO 2021-06-17 22:40:13,663 - {
    "DOMAIN": "bakh5.xshny.com", 
    "EXPIRATION": "2022-06-18 07:59:59", 
    "DAYS": "365 days, 9:19:46"
}
DEBUG 2021-06-17 22:53:01,841 - ####################################################################################################
DEBUG 2021-06-17 22:53:01,846 - DOMAIN INFO
INFO 2021-06-17 22:53:01,847 - {
    "DOMAIN": "hujidi.com", 
    "EXPIRATION": "2021-07-06 10:49:33", 
    "DAYS": "18 days, 11:56:32"
}
DEBUG 2021-06-17 23:26:12,173 - ####################################################################################################
DEBUG 2021-06-17 23:26:12,178 - DOMAIN INFO
INFO 2021-06-17 23:26:12,178 - {
    "DOMAIN": "www.asiaroutes.com", 
    "EXPIRATION": "2021-06-23 16:11:35", 
    "DAYS": "5 days, 16:45:23"
}
DEBUG 2021-06-17 23:40:13,811 - ####################################################################################################
DEBUG 2021-06-17 23:40:13,816 - DOMAIN INFO
INFO 2021-06-17 23:40:13,816 - {
    "DOMAIN": "bakh5.xshny.com", 
    "EXPIRATION": "2022-06-18 07:59:59", 
    "DAYS": "365 days, 8:19:46"
}
DEBUG 2021-06-17 23:53:05,341 - ####################################################################################################
DEBUG 2021-06-17 23:53:05,347 - DOMAIN INFO
INFO 2021-06-17 23:53:05,347 - {
    "DOMAIN": "hujidi.com", 
    "EXPIRATION": "2021-07-06 10:49:33", 
    "DAYS": "18 days, 10:56:28"
}
