DEBUG 2021-06-25 00:26:12,839 - ####################################################################################################
DEBUG 2021-06-25 00:26:12,844 - DOMAIN ERROR
INFO 2021-06-25 00:26:12,844 - {
    "DOMAIN": "www.asiaroutes.com", 
    "DOMAIN_CURL": -2, 
    "ERROR": "[SSL: CERTIFICATE_VERIFY_FAILED] certificate verify failed (_ssl.c:618)"
}
DEBUG 2021-06-25 00:53:06,413 - ####################################################################################################
DEBUG 2021-06-25 00:53:06,419 - DOMAIN INFO
INFO 2021-06-25 00:53:06,419 - {
    "DOMAIN": "hujidi.com", 
    "EXPIRATION": "2021-07-06 10:49:33", 
    "DAYS": "11 days, 9:56:27"
}
DEBUG 2021-06-25 00:54:25,997 - ####################################################################################################
DEBUG 2021-06-25 00:54:26,004 - DOMAIN INFO
INFO 2021-06-25 00:54:26,004 - {
    "DOMAIN": "bao5566.com", 
    "EXPIRATION": "2021-07-13 20:00:00", 
    "DAYS": "18 days, 19:05:35"
}
DEBUG 2021-06-25 00:54:27,300 - ####################################################################################################
DEBUG 2021-06-25 00:54:27,306 - DOMAIN INFO
INFO 2021-06-25 00:54:27,307 - {
    "DOMAIN": "www.bao5566.com", 
    "EXPIRATION": "2021-07-13 20:00:00", 
    "DAYS": "18 days, 19:05:33"
}
DEBUG 2021-06-25 01:26:14,039 - ####################################################################################################
DEBUG 2021-06-25 01:26:14,044 - DOMAIN ERROR
INFO 2021-06-25 01:26:14,045 - {
    "DOMAIN": "www.asiaroutes.com", 
    "DOMAIN_CURL": -2, 
    "ERROR": "[SSL: CERTIFICATE_VERIFY_FAILED] certificate verify failed (_ssl.c:618)"
}
DEBUG 2021-06-25 01:53:06,227 - ####################################################################################################
DEBUG 2021-06-25 01:53:06,234 - DOMAIN INFO
INFO 2021-06-25 01:53:06,234 - {
    "DOMAIN": "hujidi.com", 
    "EXPIRATION": "2021-07-06 10:49:33", 
    "DAYS": "11 days, 8:56:27"
}
DEBUG 2021-06-25 01:54:25,889 - ####################################################################################################
DEBUG 2021-06-25 01:54:25,894 - DOMAIN INFO
INFO 2021-06-25 01:54:25,895 - {
    "DOMAIN": "bao5566.com", 
    "EXPIRATION": "2021-07-13 20:00:00", 
    "DAYS": "18 days, 18:05:35"
}
DEBUG 2021-06-25 01:54:26,367 - ####################################################################################################
DEBUG 2021-06-25 01:54:26,373 - DOMAIN INFO
INFO 2021-06-25 01:54:26,373 - {
    "DOMAIN": "www.bao5566.com", 
    "EXPIRATION": "2021-07-13 20:00:00", 
    "DAYS": "18 days, 18:05:34"
}
DEBUG 2021-06-25 02:26:11,639 - ####################################################################################################
DEBUG 2021-06-25 02:26:11,645 - DOMAIN ERROR
INFO 2021-06-25 02:26:11,645 - {
    "DOMAIN": "www.asiaroutes.com", 
    "DOMAIN_CURL": -2, 
    "ERROR": "[SSL: CERTIFICATE_VERIFY_FAILED] certificate verify failed (_ssl.c:618)"
}
DEBUG 2021-06-25 02:53:04,838 - ####################################################################################################
DEBUG 2021-06-25 02:53:04,844 - DOMAIN INFO
INFO 2021-06-25 02:53:04,844 - {
    "DOMAIN": "hujidi.com", 
    "EXPIRATION": "2021-07-06 10:49:33", 
    "DAYS": "11 days, 7:56:29"
}
DEBUG 2021-06-25 02:54:26,508 - ####################################################################################################
DEBUG 2021-06-25 02:54:26,514 - DOMAIN INFO
INFO 2021-06-25 02:54:26,514 - {
    "DOMAIN": "bao5566.com", 
    "EXPIRATION": "2021-07-13 20:00:00", 
    "DAYS": "18 days, 17:05:34"
}
DEBUG 2021-06-25 02:54:26,949 - ####################################################################################################
DEBUG 2021-06-25 02:54:26,955 - DOMAIN INFO
INFO 2021-06-25 02:54:26,955 - {
    "DOMAIN": "www.bao5566.com", 
    "EXPIRATION": "2021-07-13 20:00:00", 
    "DAYS": "18 days, 17:05:34"
}
DEBUG 2021-06-25 03:26:11,179 - ####################################################################################################
DEBUG 2021-06-25 03:26:11,185 - DOMAIN ERROR
INFO 2021-06-25 03:26:11,185 - {
    "DOMAIN": "www.asiaroutes.com", 
    "DOMAIN_CURL": -2, 
    "ERROR": "[SSL: CERTIFICATE_VERIFY_FAILED] certificate verify failed (_ssl.c:618)"
}
DEBUG 2021-06-25 03:53:06,424 - ####################################################################################################
DEBUG 2021-06-25 03:53:06,431 - DOMAIN INFO
INFO 2021-06-25 03:53:06,431 - {
    "DOMAIN": "hujidi.com", 
    "EXPIRATION": "2021-07-06 10:49:33", 
    "DAYS": "11 days, 6:56:27"
}
DEBUG 2021-06-25 03:54:25,661 - ####################################################################################################
DEBUG 2021-06-25 03:54:25,666 - DOMAIN INFO
INFO 2021-06-25 03:54:25,667 - {
    "DOMAIN": "bao5566.com", 
    "EXPIRATION": "2021-07-13 20:00:00", 
    "DAYS": "18 days, 16:05:35"
}
DEBUG 2021-06-25 03:54:26,791 - ####################################################################################################
DEBUG 2021-06-25 03:54:26,797 - DOMAIN INFO
INFO 2021-06-25 03:54:26,797 - {
    "DOMAIN": "www.bao5566.com", 
    "EXPIRATION": "2021-07-13 20:00:00", 
    "DAYS": "18 days, 16:05:34"
}
DEBUG 2021-06-25 04:26:10,883 - ####################################################################################################
DEBUG 2021-06-25 04:26:10,889 - DOMAIN ERROR
INFO 2021-06-25 04:26:10,889 - {
    "DOMAIN": "www.asiaroutes.com", 
    "DOMAIN_CURL": -2, 
    "ERROR": "[SSL: CERTIFICATE_VERIFY_FAILED] certificate verify failed (_ssl.c:618)"
}
DEBUG 2021-06-25 04:53:04,676 - ####################################################################################################
DEBUG 2021-06-25 04:53:04,682 - DOMAIN INFO
INFO 2021-06-25 04:53:04,682 - {
    "DOMAIN": "hujidi.com", 
    "EXPIRATION": "2021-07-06 10:49:33", 
    "DAYS": "11 days, 5:56:29"
}
DEBUG 2021-06-25 04:54:24,495 - ####################################################################################################
DEBUG 2021-06-25 04:54:24,502 - DOMAIN INFO
INFO 2021-06-25 04:54:24,502 - {
    "DOMAIN": "bao5566.com", 
    "EXPIRATION": "2021-07-13 20:00:00", 
    "DAYS": "18 days, 15:05:36"
}
DEBUG 2021-06-25 04:54:24,701 - ####################################################################################################
DEBUG 2021-06-25 04:54:24,707 - DOMAIN INFO
INFO 2021-06-25 04:54:24,708 - {
    "DOMAIN": "www.bao5566.com", 
    "EXPIRATION": "2021-07-13 20:00:00", 
    "DAYS": "18 days, 15:05:36"
}
DEBUG 2021-06-25 05:26:14,487 - ####################################################################################################
DEBUG 2021-06-25 05:26:14,494 - DOMAIN ERROR
INFO 2021-06-25 05:26:14,495 - {
    "DOMAIN": "www.asiaroutes.com", 
    "DOMAIN_CURL": -2, 
    "ERROR": "[SSL: CERTIFICATE_VERIFY_FAILED] certificate verify failed (_ssl.c:618)"
}
DEBUG 2021-06-25 05:53:03,451 - ####################################################################################################
DEBUG 2021-06-25 05:53:03,457 - DOMAIN INFO
INFO 2021-06-25 05:53:03,458 - {
    "DOMAIN": "hujidi.com", 
    "EXPIRATION": "2021-07-06 10:49:33", 
    "DAYS": "11 days, 4:56:30"
}
DEBUG 2021-06-25 05:54:24,919 - ####################################################################################################
DEBUG 2021-06-25 05:54:24,926 - DOMAIN INFO
INFO 2021-06-25 05:54:24,926 - {
    "DOMAIN": "www.bao5566.com", 
    "EXPIRATION": "2021-07-13 20:00:00", 
    "DAYS": "18 days, 14:05:36"
}
DEBUG 2021-06-25 05:54:24,999 - ####################################################################################################
DEBUG 2021-06-25 05:54:25,005 - DOMAIN INFO
INFO 2021-06-25 05:54:25,005 - {
    "DOMAIN": "bao5566.com", 
    "EXPIRATION": "2021-07-13 20:00:00", 
    "DAYS": "18 days, 14:05:36"
}
DEBUG 2021-06-25 06:02:46,075 - ####################################################################################################
DEBUG 2021-06-25 06:02:46,081 - DOMAIN INFO
INFO 2021-06-25 06:02:46,081 - {
    "DOMAIN": "xbet98765.com", 
    "EXPIRATION": "2021-08-30 10:42:05", 
    "DAYS": "66 days, 4:39:19"
}
DEBUG 2021-06-25 06:02:47,222 - ####################################################################################################
DEBUG 2021-06-25 06:02:47,228 - DOMAIN INFO
INFO 2021-06-25 06:02:47,229 - {
    "DOMAIN": "jsh278.com", 
    "EXPIRATION": "2021-08-30 21:38:09", 
    "DAYS": "66 days, 15:35:22"
}
DEBUG 2021-06-25 06:02:47,943 - ####################################################################################################
DEBUG 2021-06-25 06:02:47,949 - DOMAIN INFO
INFO 2021-06-25 06:02:47,949 - {
    "DOMAIN": "www.jsh17.com", 
    "EXPIRATION": "2021-08-31 01:16:26", 
    "DAYS": "66 days, 19:13:39"
}
DEBUG 2021-06-25 06:02:48,608 - ####################################################################################################
DEBUG 2021-06-25 06:02:48,614 - DOMAIN INFO
INFO 2021-06-25 06:02:48,614 - {
    "DOMAIN": "wpc89.com", 
    "EXPIRATION": "2021-07-14 08:28:41", 
    "DAYS": "19 days, 2:25:53"
}
DEBUG 2021-06-25 06:02:49,991 - ####################################################################################################
DEBUG 2021-06-25 06:02:49,997 - DOMAIN INFO
INFO 2021-06-25 06:02:49,997 - {
    "DOMAIN": "www.wpc89.com", 
    "EXPIRATION": "2021-07-14 08:28:41", 
    "DAYS": "19 days, 2:25:52"
}
DEBUG 2021-06-25 06:26:13,245 - ####################################################################################################
DEBUG 2021-06-25 06:26:13,253 - DOMAIN ERROR
INFO 2021-06-25 06:26:13,253 - {
    "DOMAIN": "www.asiaroutes.com", 
    "DOMAIN_CURL": -2, 
    "ERROR": "[SSL: CERTIFICATE_VERIFY_FAILED] certificate verify failed (_ssl.c:618)"
}
DEBUG 2021-06-25 06:53:04,227 - ####################################################################################################
DEBUG 2021-06-25 06:53:04,233 - DOMAIN INFO
INFO 2021-06-25 06:53:04,233 - {
    "DOMAIN": "hujidi.com", 
    "EXPIRATION": "2021-07-06 10:49:33", 
    "DAYS": "11 days, 3:56:29"
}
DEBUG 2021-06-25 06:54:24,567 - ####################################################################################################
DEBUG 2021-06-25 06:54:24,574 - DOMAIN INFO
INFO 2021-06-25 06:54:24,574 - {
    "DOMAIN": "bao5566.com", 
    "EXPIRATION": "2021-07-13 20:00:00", 
    "DAYS": "18 days, 13:05:36"
}
DEBUG 2021-06-25 06:54:24,964 - ####################################################################################################
DEBUG 2021-06-25 06:54:24,969 - DOMAIN INFO
INFO 2021-06-25 06:54:24,969 - {
    "DOMAIN": "www.bao5566.com", 
    "EXPIRATION": "2021-07-13 20:00:00", 
    "DAYS": "18 days, 13:05:36"
}
DEBUG 2021-06-25 07:02:46,621 - ####################################################################################################
DEBUG 2021-06-25 07:02:46,627 - DOMAIN INFO
INFO 2021-06-25 07:02:46,628 - {
    "DOMAIN": "wpc89.com", 
    "EXPIRATION": "2021-07-14 08:28:41", 
    "DAYS": "19 days, 1:25:55"
}
DEBUG 2021-06-25 07:02:47,825 - ####################################################################################################
DEBUG 2021-06-25 07:02:47,832 - DOMAIN INFO
INFO 2021-06-25 07:02:47,832 - {
    "DOMAIN": "www.wpc89.com", 
    "EXPIRATION": "2021-07-14 08:28:41", 
    "DAYS": "19 days, 1:25:54"
}
DEBUG 2021-06-25 07:02:48,709 - ####################################################################################################
DEBUG 2021-06-25 07:02:48,715 - DOMAIN INFO
INFO 2021-06-25 07:02:48,715 - {
    "DOMAIN": "jin058.com", 
    "EXPIRATION": "2021-08-29 14:51:55", 
    "DAYS": "65 days, 7:49:07"
}
DEBUG 2021-06-25 07:02:48,991 - ####################################################################################################
DEBUG 2021-06-25 07:02:48,997 - DOMAIN INFO
INFO 2021-06-25 07:02:48,998 - {
    "DOMAIN": "callback.saba.authapi.net", 
    "EXPIRATION": "2021-08-30 18:24:21", 
    "DAYS": "66 days, 11:21:33"
}
DEBUG 2021-06-25 07:02:49,469 - ####################################################################################################
DEBUG 2021-06-25 07:02:49,474 - DOMAIN INFO
INFO 2021-06-25 07:02:49,475 - {
    "DOMAIN": "jsh129.com", 
    "EXPIRATION": "2021-08-29 14:46:30", 
    "DAYS": "65 days, 7:43:41"
}
DEBUG 2021-06-25 07:02:49,638 - ####################################################################################################
DEBUG 2021-06-25 07:02:49,644 - DOMAIN INFO
INFO 2021-06-25 07:02:49,644 - {
    "DOMAIN": "jbl8092.com", 
    "EXPIRATION": "2021-08-30 17:54:45", 
    "DAYS": "66 days, 10:51:56"
}
DEBUG 2021-06-25 07:02:50,125 - ####################################################################################################
DEBUG 2021-06-25 07:02:50,130 - DOMAIN INFO
INFO 2021-06-25 07:02:50,130 - {
    "DOMAIN": "tianhe911.com", 
    "EXPIRATION": "2021-08-30 10:34:24", 
    "DAYS": "66 days, 3:31:34"
}
DEBUG 2021-06-25 07:26:14,170 - ####################################################################################################
DEBUG 2021-06-25 07:26:14,176 - DOMAIN ERROR
INFO 2021-06-25 07:26:14,176 - {
    "DOMAIN": "www.asiaroutes.com", 
    "DOMAIN_CURL": -2, 
    "ERROR": "[SSL: CERTIFICATE_VERIFY_FAILED] certificate verify failed (_ssl.c:618)"
}
DEBUG 2021-06-25 07:53:03,284 - ####################################################################################################
DEBUG 2021-06-25 07:53:03,290 - DOMAIN INFO
INFO 2021-06-25 07:53:03,290 - {
    "DOMAIN": "hujidi.com", 
    "EXPIRATION": "2021-07-06 10:49:33", 
    "DAYS": "11 days, 2:56:30"
}
DEBUG 2021-06-25 07:54:26,544 - ####################################################################################################
DEBUG 2021-06-25 07:54:26,551 - DOMAIN INFO
INFO 2021-06-25 07:54:26,551 - {
    "DOMAIN": "www.bao5566.com", 
    "EXPIRATION": "2021-07-13 20:00:00", 
    "DAYS": "18 days, 12:05:34"
}
DEBUG 2021-06-25 07:54:26,862 - ####################################################################################################
DEBUG 2021-06-25 07:54:26,868 - DOMAIN INFO
INFO 2021-06-25 07:54:26,868 - {
    "DOMAIN": "bao5566.com", 
    "EXPIRATION": "2021-07-13 20:00:00", 
    "DAYS": "18 days, 12:05:34"
}
DEBUG 2021-06-25 08:02:44,650 - ####################################################################################################
DEBUG 2021-06-25 08:02:44,656 - DOMAIN INFO
INFO 2021-06-25 08:02:44,657 - {
    "DOMAIN": "wpc89.com", 
    "EXPIRATION": "2021-07-14 08:28:41", 
    "DAYS": "19 days, 0:25:57"
}
DEBUG 2021-06-25 08:02:45,392 - ####################################################################################################
DEBUG 2021-06-25 08:02:45,398 - DOMAIN INFO
INFO 2021-06-25 08:02:45,399 - {
    "DOMAIN": "www.wpc89.com", 
    "EXPIRATION": "2021-07-14 08:28:41", 
    "DAYS": "19 days, 0:25:56"
}
DEBUG 2021-06-25 08:26:13,484 - ####################################################################################################
DEBUG 2021-06-25 08:26:13,490 - DOMAIN ERROR
INFO 2021-06-25 08:26:13,490 - {
    "DOMAIN": "www.asiaroutes.com", 
    "DOMAIN_CURL": -3, 
    "ERROR": "[SSL: CERTIFICATE_VERIFY_FAILED] certificate verify failed (_ssl.c:618)"
}
DEBUG 2021-06-25 08:53:06,601 - ####################################################################################################
DEBUG 2021-06-25 08:53:06,607 - DOMAIN INFO
INFO 2021-06-25 08:53:06,608 - {
    "DOMAIN": "hujidi.com", 
    "EXPIRATION": "2021-07-06 10:49:33", 
    "DAYS": "11 days, 1:56:27"
}
DEBUG 2021-06-25 08:54:25,211 - ####################################################################################################
DEBUG 2021-06-25 08:54:25,217 - DOMAIN INFO
INFO 2021-06-25 08:54:25,217 - {
    "DOMAIN": "bao5566.com", 
    "EXPIRATION": "2021-07-13 20:00:00", 
    "DAYS": "18 days, 11:05:35"
}
DEBUG 2021-06-25 08:54:25,413 - ####################################################################################################
DEBUG 2021-06-25 08:54:25,420 - DOMAIN INFO
INFO 2021-06-25 08:54:25,420 - {
    "DOMAIN": "www.bao5566.com", 
    "EXPIRATION": "2021-07-13 20:00:00", 
    "DAYS": "18 days, 11:05:35"
}
DEBUG 2021-06-25 09:02:43,806 - ####################################################################################################
DEBUG 2021-06-25 09:02:43,811 - DOMAIN INFO
INFO 2021-06-25 09:02:43,812 - {
    "DOMAIN": "wpc89.com", 
    "EXPIRATION": "2021-07-14 08:28:41", 
    "DAYS": "18 days, 23:25:58"
}
DEBUG 2021-06-25 09:02:44,178 - ####################################################################################################
DEBUG 2021-06-25 09:02:44,184 - DOMAIN INFO
INFO 2021-06-25 09:02:44,184 - {
    "DOMAIN": "www.wpc89.com", 
    "EXPIRATION": "2021-07-14 08:28:41", 
    "DAYS": "18 days, 23:25:57"
}
DEBUG 2021-06-25 09:26:11,784 - ####################################################################################################
DEBUG 2021-06-25 09:26:11,789 - DOMAIN ERROR
INFO 2021-06-25 09:26:11,789 - {
    "DOMAIN": "www.asiaroutes.com", 
    "DOMAIN_CURL": -3, 
    "ERROR": "[SSL: CERTIFICATE_VERIFY_FAILED] certificate verify failed (_ssl.c:618)"
}
DEBUG 2021-06-25 09:53:04,826 - ####################################################################################################
DEBUG 2021-06-25 09:53:04,832 - DOMAIN INFO
INFO 2021-06-25 09:53:04,832 - {
    "DOMAIN": "hujidi.com", 
    "EXPIRATION": "2021-07-06 10:49:33", 
    "DAYS": "11 days, 0:56:29"
}
DEBUG 2021-06-25 09:54:25,005 - ####################################################################################################
DEBUG 2021-06-25 09:54:25,010 - DOMAIN INFO
INFO 2021-06-25 09:54:25,011 - {
    "DOMAIN": "bao5566.com", 
    "EXPIRATION": "2021-07-13 20:00:00", 
    "DAYS": "18 days, 10:05:36"
}
DEBUG 2021-06-25 09:54:26,506 - ####################################################################################################
DEBUG 2021-06-25 09:54:26,512 - DOMAIN INFO
INFO 2021-06-25 09:54:26,512 - {
    "DOMAIN": "www.bao5566.com", 
    "EXPIRATION": "2021-07-13 20:00:00", 
    "DAYS": "18 days, 10:05:34"
}
DEBUG 2021-06-25 10:02:45,474 - ####################################################################################################
DEBUG 2021-06-25 10:02:45,480 - DOMAIN INFO
INFO 2021-06-25 10:02:45,480 - {
    "DOMAIN": "wpc89.com", 
    "EXPIRATION": "2021-07-14 08:28:41", 
    "DAYS": "18 days, 22:25:56"
}
DEBUG 2021-06-25 10:02:46,506 - ####################################################################################################
DEBUG 2021-06-25 10:02:46,512 - DOMAIN INFO
INFO 2021-06-25 10:02:46,512 - {
    "DOMAIN": "www.wpc89.com", 
    "EXPIRATION": "2021-07-14 08:28:41", 
    "DAYS": "18 days, 22:25:55"
}
DEBUG 2021-06-25 10:26:13,864 - ####################################################################################################
DEBUG 2021-06-25 10:26:13,870 - DOMAIN ERROR
INFO 2021-06-25 10:26:13,870 - {
    "DOMAIN": "www.asiaroutes.com", 
    "DOMAIN_CURL": -3, 
    "ERROR": "[SSL: CERTIFICATE_VERIFY_FAILED] certificate verify failed (_ssl.c:618)"
}
DEBUG 2021-06-25 10:53:08,332 - ####################################################################################################
DEBUG 2021-06-25 10:53:08,337 - DOMAIN INFO
INFO 2021-06-25 10:53:08,338 - {
    "DOMAIN": "hujidi.com", 
    "EXPIRATION": "2021-07-06 10:49:33", 
    "DAYS": "10 days, 23:56:25"
}
DEBUG 2021-06-25 10:54:27,601 - ####################################################################################################
DEBUG 2021-06-25 10:54:27,607 - DOMAIN INFO
INFO 2021-06-25 10:54:27,607 - {
    "DOMAIN": "bao5566.com", 
    "EXPIRATION": "2021-07-13 20:00:00", 
    "DAYS": "18 days, 9:05:33"
}
DEBUG 2021-06-25 10:54:28,208 - ####################################################################################################
DEBUG 2021-06-25 10:54:28,216 - DOMAIN INFO
INFO 2021-06-25 10:54:28,216 - {
    "DOMAIN": "www.bao5566.com", 
    "EXPIRATION": "2021-07-13 20:00:00", 
    "DAYS": "18 days, 9:05:32"
}
DEBUG 2021-06-25 11:02:47,968 - ####################################################################################################
DEBUG 2021-06-25 11:02:47,974 - DOMAIN INFO
INFO 2021-06-25 11:02:47,975 - {
    "DOMAIN": "wpc89.com", 
    "EXPIRATION": "2021-07-14 08:28:41", 
    "DAYS": "18 days, 21:25:54"
}
DEBUG 2021-06-25 11:02:49,053 - ####################################################################################################
DEBUG 2021-06-25 11:02:49,059 - DOMAIN INFO
INFO 2021-06-25 11:02:49,059 - {
    "DOMAIN": "www.wpc89.com", 
    "EXPIRATION": "2021-07-14 08:28:41", 
    "DAYS": "18 days, 21:25:52"
}
DEBUG 2021-06-25 11:26:14,656 - ####################################################################################################
DEBUG 2021-06-25 11:26:14,662 - DOMAIN ERROR
INFO 2021-06-25 11:26:14,662 - {
    "DOMAIN": "www.asiaroutes.com", 
    "DOMAIN_CURL": -3, 
    "ERROR": "[SSL: CERTIFICATE_VERIFY_FAILED] certificate verify failed (_ssl.c:618)"
}
DEBUG 2021-06-25 11:53:03,345 - ####################################################################################################
DEBUG 2021-06-25 11:53:03,351 - DOMAIN INFO
INFO 2021-06-25 11:53:03,352 - {
    "DOMAIN": "hujidi.com", 
    "EXPIRATION": "2021-07-06 10:49:33", 
    "DAYS": "10 days, 22:56:30"
}
DEBUG 2021-06-25 11:54:25,819 - ####################################################################################################
DEBUG 2021-06-25 11:54:25,824 - DOMAIN INFO
INFO 2021-06-25 11:54:25,825 - {
    "DOMAIN": "bao5566.com", 
    "EXPIRATION": "2021-07-13 20:00:00", 
    "DAYS": "18 days, 8:05:35"
}
DEBUG 2021-06-25 11:54:26,767 - ####################################################################################################
DEBUG 2021-06-25 11:54:26,773 - DOMAIN INFO
INFO 2021-06-25 11:54:26,773 - {
    "DOMAIN": "www.bao5566.com", 
    "EXPIRATION": "2021-07-13 20:00:00", 
    "DAYS": "18 days, 8:05:34"
}
DEBUG 2021-06-25 12:02:44,833 - ####################################################################################################
DEBUG 2021-06-25 12:02:44,839 - DOMAIN INFO
INFO 2021-06-25 12:02:44,839 - {
    "DOMAIN": "wpc89.com", 
    "EXPIRATION": "2021-07-14 08:28:41", 
    "DAYS": "18 days, 20:25:57"
}
DEBUG 2021-06-25 12:02:46,410 - ####################################################################################################
DEBUG 2021-06-25 12:02:46,415 - DOMAIN INFO
INFO 2021-06-25 12:02:46,416 - {
    "DOMAIN": "www.wpc89.com", 
    "EXPIRATION": "2021-07-14 08:28:41", 
    "DAYS": "18 days, 20:25:55"
}
DEBUG 2021-06-25 12:53:09,953 - ####################################################################################################
DEBUG 2021-06-25 12:53:09,959 - DOMAIN INFO
INFO 2021-06-25 12:53:09,960 - {
    "DOMAIN": "hujidi.com", 
    "EXPIRATION": "2021-07-06 10:49:33", 
    "DAYS": "10 days, 21:56:24"
}
DEBUG 2021-06-25 12:54:26,992 - ####################################################################################################
DEBUG 2021-06-25 12:54:26,999 - DOMAIN INFO
INFO 2021-06-25 12:54:26,999 - {
    "DOMAIN": "bao5566.com", 
    "EXPIRATION": "2021-07-13 20:00:00", 
    "DAYS": "18 days, 7:05:34"
}
DEBUG 2021-06-25 12:54:27,983 - ####################################################################################################
DEBUG 2021-06-25 12:54:27,989 - DOMAIN INFO
INFO 2021-06-25 12:54:27,989 - {
    "DOMAIN": "www.bao5566.com", 
    "EXPIRATION": "2021-07-13 20:00:00", 
    "DAYS": "18 days, 7:05:33"
}
DEBUG 2021-06-25 13:02:47,493 - ####################################################################################################
DEBUG 2021-06-25 13:02:47,493 - ####################################################################################################
DEBUG 2021-06-25 13:02:47,498 - DOMAIN INFO
INFO 2021-06-25 13:02:47,498 - {
    "DOMAIN": "wpc89.com", 
    "EXPIRATION": "2021-07-14 08:28:41", 
    "DAYS": "18 days, 19:25:54"
}
DEBUG 2021-06-25 13:02:47,498 - DOMAIN INFO
INFO 2021-06-25 13:02:47,499 - {
    "DOMAIN": "www.wpc89.com", 
    "EXPIRATION": "2021-07-14 08:28:41", 
    "DAYS": "18 days, 19:25:54"
}
DEBUG 2021-06-25 13:53:08,975 - ####################################################################################################
DEBUG 2021-06-25 13:53:08,980 - DOMAIN INFO
INFO 2021-06-25 13:53:08,980 - {
    "DOMAIN": "hujidi.com", 
    "EXPIRATION": "2021-07-06 10:49:33", 
    "DAYS": "10 days, 20:56:25"
}
DEBUG 2021-06-25 13:54:29,855 - ####################################################################################################
DEBUG 2021-06-25 13:54:29,861 - DOMAIN INFO
INFO 2021-06-25 13:54:29,861 - {
    "DOMAIN": "bao5566.com", 
    "EXPIRATION": "2021-07-13 20:00:00", 
    "DAYS": "18 days, 6:05:31"
}
DEBUG 2021-06-25 13:54:31,427 - ####################################################################################################
DEBUG 2021-06-25 13:54:31,433 - DOMAIN INFO
INFO 2021-06-25 13:54:31,434 - {
    "DOMAIN": "www.bao5566.com", 
    "EXPIRATION": "2021-07-13 20:00:00", 
    "DAYS": "18 days, 6:05:29"
}
DEBUG 2021-06-25 14:02:47,394 - ####################################################################################################
DEBUG 2021-06-25 14:02:47,401 - DOMAIN INFO
INFO 2021-06-25 14:02:47,401 - {
    "DOMAIN": "wpc89.com", 
    "EXPIRATION": "2021-07-14 08:28:41", 
    "DAYS": "18 days, 18:25:54"
}
DEBUG 2021-06-25 14:02:47,728 - ####################################################################################################
DEBUG 2021-06-25 14:02:47,734 - DOMAIN INFO
INFO 2021-06-25 14:02:47,735 - {
    "DOMAIN": "www.wpc89.com", 
    "EXPIRATION": "2021-07-14 08:28:41", 
    "DAYS": "18 days, 18:25:54"
}
DEBUG 2021-06-25 14:53:08,934 - ####################################################################################################
DEBUG 2021-06-25 14:53:08,940 - DOMAIN INFO
INFO 2021-06-25 14:53:08,941 - {
    "DOMAIN": "hujidi.com", 
    "EXPIRATION": "2021-07-06 10:49:33", 
    "DAYS": "10 days, 19:56:25"
}
DEBUG 2021-06-25 14:54:26,920 - ####################################################################################################
DEBUG 2021-06-25 14:54:26,924 - DOMAIN INFO
INFO 2021-06-25 14:54:26,925 - {
    "DOMAIN": "bao5566.com", 
    "EXPIRATION": "2021-07-13 20:00:00", 
    "DAYS": "18 days, 5:05:34"
}
DEBUG 2021-06-25 14:54:27,135 - ####################################################################################################
DEBUG 2021-06-25 14:54:27,141 - DOMAIN INFO
INFO 2021-06-25 14:54:27,141 - {
    "DOMAIN": "www.bao5566.com", 
    "EXPIRATION": "2021-07-13 20:00:00", 
    "DAYS": "18 days, 5:05:33"
}
DEBUG 2021-06-25 15:02:45,840 - ####################################################################################################
DEBUG 2021-06-25 15:02:45,848 - DOMAIN INFO
INFO 2021-06-25 15:02:45,849 - {
    "DOMAIN": "wpc89.com", 
    "EXPIRATION": "2021-07-14 08:28:41", 
    "DAYS": "18 days, 17:25:56"
}
DEBUG 2021-06-25 15:02:46,260 - ####################################################################################################
DEBUG 2021-06-25 15:02:46,264 - DOMAIN INFO
INFO 2021-06-25 15:02:46,265 - {
    "DOMAIN": "www.wpc89.com", 
    "EXPIRATION": "2021-07-14 08:28:41", 
    "DAYS": "18 days, 17:25:55"
}
DEBUG 2021-06-25 15:53:09,415 - ####################################################################################################
DEBUG 2021-06-25 15:53:09,421 - DOMAIN INFO
INFO 2021-06-25 15:53:09,421 - {
    "DOMAIN": "hujidi.com", 
    "EXPIRATION": "2021-07-06 10:49:33", 
    "DAYS": "10 days, 18:56:24"
}
DEBUG 2021-06-25 15:54:29,288 - ####################################################################################################
DEBUG 2021-06-25 15:54:29,294 - DOMAIN INFO
INFO 2021-06-25 15:54:29,294 - {
    "DOMAIN": "bao5566.com", 
    "EXPIRATION": "2021-07-13 20:00:00", 
    "DAYS": "18 days, 4:05:31"
}
DEBUG 2021-06-25 15:54:30,749 - ####################################################################################################
DEBUG 2021-06-25 15:54:30,754 - DOMAIN INFO
INFO 2021-06-25 15:54:30,754 - {
    "DOMAIN": "www.bao5566.com", 
    "EXPIRATION": "2021-07-13 20:00:00", 
    "DAYS": "18 days, 4:05:30"
}
DEBUG 2021-06-25 16:02:52,361 - ####################################################################################################
DEBUG 2021-06-25 16:02:52,368 - DOMAIN INFO
INFO 2021-06-25 16:02:52,368 - {
    "DOMAIN": "wpc89.com", 
    "EXPIRATION": "2021-07-14 08:28:41", 
    "DAYS": "18 days, 16:25:49"
}
DEBUG 2021-06-25 16:02:53,674 - ####################################################################################################
DEBUG 2021-06-25 16:02:53,680 - DOMAIN INFO
INFO 2021-06-25 16:02:53,680 - {
    "DOMAIN": "www.wpc89.com", 
    "EXPIRATION": "2021-07-14 08:28:41", 
    "DAYS": "18 days, 16:25:48"
}
DEBUG 2021-06-25 16:53:04,454 - ####################################################################################################
DEBUG 2021-06-25 16:53:04,460 - DOMAIN INFO
INFO 2021-06-25 16:53:04,461 - {
    "DOMAIN": "hujidi.com", 
    "EXPIRATION": "2021-07-06 10:49:33", 
    "DAYS": "10 days, 17:56:29"
}
DEBUG 2021-06-25 16:54:26,292 - ####################################################################################################
DEBUG 2021-06-25 16:54:26,298 - DOMAIN INFO
INFO 2021-06-25 16:54:26,298 - {
    "DOMAIN": "bao5566.com", 
    "EXPIRATION": "2021-07-13 20:00:00", 
    "DAYS": "18 days, 3:05:34"
}
DEBUG 2021-06-25 16:54:26,614 - ####################################################################################################
DEBUG 2021-06-25 16:54:26,620 - DOMAIN INFO
INFO 2021-06-25 16:54:26,620 - {
    "DOMAIN": "www.bao5566.com", 
    "EXPIRATION": "2021-07-13 20:00:00", 
    "DAYS": "18 days, 3:05:34"
}
DEBUG 2021-06-25 17:02:46,267 - ####################################################################################################
DEBUG 2021-06-25 17:02:46,274 - DOMAIN INFO
INFO 2021-06-25 17:02:46,274 - {
    "DOMAIN": "wpc89.com", 
    "EXPIRATION": "2021-07-14 08:28:41", 
    "DAYS": "18 days, 15:25:55"
}
DEBUG 2021-06-25 17:02:46,955 - ####################################################################################################
DEBUG 2021-06-25 17:02:46,961 - DOMAIN INFO
INFO 2021-06-25 17:02:46,961 - {
    "DOMAIN": "www.wpc89.com", 
    "EXPIRATION": "2021-07-14 08:28:41", 
    "DAYS": "18 days, 15:25:55"
}
DEBUG 2021-06-25 17:53:06,606 - ####################################################################################################
DEBUG 2021-06-25 17:53:06,611 - DOMAIN INFO
INFO 2021-06-25 17:53:06,611 - {
    "DOMAIN": "hujidi.com", 
    "EXPIRATION": "2021-07-06 10:49:33", 
    "DAYS": "10 days, 16:56:27"
}
DEBUG 2021-06-25 17:54:27,096 - ####################################################################################################
DEBUG 2021-06-25 17:54:27,103 - DOMAIN INFO
INFO 2021-06-25 17:54:27,104 - {
    "DOMAIN": "bao5566.com", 
    "EXPIRATION": "2021-07-13 20:00:00", 
    "DAYS": "18 days, 2:05:33"
}
DEBUG 2021-06-25 17:54:27,268 - ####################################################################################################
DEBUG 2021-06-25 17:54:27,275 - DOMAIN INFO
INFO 2021-06-25 17:54:27,275 - {
    "DOMAIN": "www.bao5566.com", 
    "EXPIRATION": "2021-07-13 20:00:00", 
    "DAYS": "18 days, 2:05:33"
}
DEBUG 2021-06-25 18:02:44,533 - ####################################################################################################
DEBUG 2021-06-25 18:02:44,539 - DOMAIN INFO
INFO 2021-06-25 18:02:44,539 - {
    "DOMAIN": "wpc89.com", 
    "EXPIRATION": "2021-07-14 08:28:41", 
    "DAYS": "18 days, 14:25:57"
}
DEBUG 2021-06-25 18:02:45,686 - ####################################################################################################
DEBUG 2021-06-25 18:02:45,691 - DOMAIN INFO
INFO 2021-06-25 18:02:45,692 - {
    "DOMAIN": "www.wpc89.com", 
    "EXPIRATION": "2021-07-14 08:28:41", 
    "DAYS": "18 days, 14:25:56"
}
DEBUG 2021-06-25 18:53:09,537 - ####################################################################################################
DEBUG 2021-06-25 18:53:09,544 - DOMAIN INFO
INFO 2021-06-25 18:53:09,544 - {
    "DOMAIN": "hujidi.com", 
    "EXPIRATION": "2021-07-06 10:49:33", 
    "DAYS": "10 days, 15:56:24"
}
DEBUG 2021-06-25 18:54:27,183 - ####################################################################################################
DEBUG 2021-06-25 18:54:27,189 - DOMAIN INFO
INFO 2021-06-25 18:54:27,189 - {
    "DOMAIN": "bao5566.com", 
    "EXPIRATION": "2021-07-13 20:00:00", 
    "DAYS": "18 days, 1:05:33"
}
DEBUG 2021-06-25 18:54:27,911 - ####################################################################################################
DEBUG 2021-06-25 18:54:27,918 - DOMAIN INFO
INFO 2021-06-25 18:54:27,918 - {
    "DOMAIN": "www.bao5566.com", 
    "EXPIRATION": "2021-07-13 20:00:00", 
    "DAYS": "18 days, 1:05:33"
}
DEBUG 2021-06-25 19:02:48,647 - ####################################################################################################
DEBUG 2021-06-25 19:02:48,654 - DOMAIN INFO
INFO 2021-06-25 19:02:48,655 - {
    "DOMAIN": "wpc89.com", 
    "EXPIRATION": "2021-07-14 08:28:41", 
    "DAYS": "18 days, 13:25:53"
}
DEBUG 2021-06-25 19:02:49,017 - ####################################################################################################
DEBUG 2021-06-25 19:02:49,023 - DOMAIN INFO
INFO 2021-06-25 19:02:49,023 - {
    "DOMAIN": "www.wpc89.com", 
    "EXPIRATION": "2021-07-14 08:28:41", 
    "DAYS": "18 days, 13:25:52"
}
DEBUG 2021-06-25 19:53:08,008 - ####################################################################################################
DEBUG 2021-06-25 19:53:08,013 - DOMAIN INFO
INFO 2021-06-25 19:53:08,013 - {
    "DOMAIN": "hujidi.com", 
    "EXPIRATION": "2021-07-06 10:49:33", 
    "DAYS": "10 days, 14:56:25"
}
DEBUG 2021-06-25 19:54:26,953 - ####################################################################################################
DEBUG 2021-06-25 19:54:26,959 - DOMAIN INFO
INFO 2021-06-25 19:54:26,959 - {
    "DOMAIN": "bao5566.com", 
    "EXPIRATION": "2021-07-13 20:00:00", 
    "DAYS": "18 days, 0:05:34"
}
DEBUG 2021-06-25 19:54:27,606 - ####################################################################################################
DEBUG 2021-06-25 19:54:27,613 - DOMAIN INFO
INFO 2021-06-25 19:54:27,613 - {
    "DOMAIN": "www.bao5566.com", 
    "EXPIRATION": "2021-07-13 20:00:00", 
    "DAYS": "18 days, 0:05:33"
}
DEBUG 2021-06-25 20:02:46,468 - ####################################################################################################
DEBUG 2021-06-25 20:02:46,473 - DOMAIN INFO
INFO 2021-06-25 20:02:46,473 - {
    "DOMAIN": "wpc89.com", 
    "EXPIRATION": "2021-07-14 08:28:41", 
    "DAYS": "18 days, 12:25:55"
}
DEBUG 2021-06-25 20:02:48,738 - ####################################################################################################
DEBUG 2021-06-25 20:02:48,745 - DOMAIN INFO
INFO 2021-06-25 20:02:48,745 - {
    "DOMAIN": "www.wpc89.com", 
    "EXPIRATION": "2021-07-14 08:28:41", 
    "DAYS": "18 days, 12:25:53"
}
DEBUG 2021-06-25 20:53:03,272 - ####################################################################################################
DEBUG 2021-06-25 20:53:03,278 - DOMAIN INFO
INFO 2021-06-25 20:53:03,278 - {
    "DOMAIN": "hujidi.com", 
    "EXPIRATION": "2021-07-06 10:49:33", 
    "DAYS": "10 days, 13:56:30"
}
DEBUG 2021-06-25 20:54:26,082 - ####################################################################################################
DEBUG 2021-06-25 20:54:26,088 - DOMAIN INFO
INFO 2021-06-25 20:54:26,088 - {
    "DOMAIN": "bao5566.com", 
    "EXPIRATION": "2021-07-13 20:00:00", 
    "DAYS": "17 days, 23:05:34"
}
DEBUG 2021-06-25 20:54:26,955 - ####################################################################################################
DEBUG 2021-06-25 20:54:26,961 - DOMAIN INFO
INFO 2021-06-25 20:54:26,961 - {
    "DOMAIN": "www.bao5566.com", 
    "EXPIRATION": "2021-07-13 20:00:00", 
    "DAYS": "17 days, 23:05:34"
}
DEBUG 2021-06-25 21:02:44,878 - ####################################################################################################
DEBUG 2021-06-25 21:02:44,885 - DOMAIN INFO
INFO 2021-06-25 21:02:44,885 - {
    "DOMAIN": "wpc89.com", 
    "EXPIRATION": "2021-07-14 08:28:41", 
    "DAYS": "18 days, 11:25:57"
}
DEBUG 2021-06-25 21:02:46,188 - ####################################################################################################
DEBUG 2021-06-25 21:02:46,194 - DOMAIN INFO
INFO 2021-06-25 21:02:46,194 - {
    "DOMAIN": "www.wpc89.com", 
    "EXPIRATION": "2021-07-14 08:28:41", 
    "DAYS": "18 days, 11:25:55"
}
DEBUG 2021-06-25 21:53:09,635 - ####################################################################################################
DEBUG 2021-06-25 21:53:09,642 - DOMAIN INFO
INFO 2021-06-25 21:53:09,642 - {
    "DOMAIN": "hujidi.com", 
    "EXPIRATION": "2021-07-06 10:49:33", 
    "DAYS": "10 days, 12:56:24"
}
DEBUG 2021-06-25 21:54:26,657 - ####################################################################################################
DEBUG 2021-06-25 21:54:26,663 - DOMAIN INFO
INFO 2021-06-25 21:54:26,663 - {
    "DOMAIN": "bao5566.com", 
    "EXPIRATION": "2021-07-13 20:00:00", 
    "DAYS": "17 days, 22:05:34"
}
DEBUG 2021-06-25 21:54:27,893 - ####################################################################################################
DEBUG 2021-06-25 21:54:27,898 - DOMAIN INFO
INFO 2021-06-25 21:54:27,898 - {
    "DOMAIN": "www.bao5566.com", 
    "EXPIRATION": "2021-07-13 20:00:00", 
    "DAYS": "17 days, 22:05:33"
}
DEBUG 2021-06-25 22:02:46,542 - ####################################################################################################
DEBUG 2021-06-25 22:02:46,547 - DOMAIN INFO
INFO 2021-06-25 22:02:46,548 - {
    "DOMAIN": "wpc89.com", 
    "EXPIRATION": "2021-07-14 08:28:41", 
    "DAYS": "18 days, 10:25:55"
}
DEBUG 2021-06-25 22:02:48,028 - ####################################################################################################
DEBUG 2021-06-25 22:02:48,034 - DOMAIN INFO
INFO 2021-06-25 22:02:48,034 - {
    "DOMAIN": "www.wpc89.com", 
    "EXPIRATION": "2021-07-14 08:28:41", 
    "DAYS": "18 days, 10:25:53"
}
DEBUG 2021-06-25 22:53:08,106 - ####################################################################################################
DEBUG 2021-06-25 22:53:08,111 - DOMAIN INFO
INFO 2021-06-25 22:53:08,112 - {
    "DOMAIN": "hujidi.com", 
    "EXPIRATION": "2021-07-06 10:49:33", 
    "DAYS": "10 days, 11:56:25"
}
DEBUG 2021-06-25 22:54:28,028 - ####################################################################################################
DEBUG 2021-06-25 22:54:28,033 - DOMAIN INFO
INFO 2021-06-25 22:54:28,033 - {
    "DOMAIN": "bao5566.com", 
    "EXPIRATION": "2021-07-13 20:00:00", 
    "DAYS": "17 days, 21:05:32"
}
DEBUG 2021-06-25 22:54:29,751 - ####################################################################################################
DEBUG 2021-06-25 22:54:29,756 - DOMAIN INFO
INFO 2021-06-25 22:54:29,756 - {
    "DOMAIN": "www.bao5566.com", 
    "EXPIRATION": "2021-07-13 20:00:00", 
    "DAYS": "17 days, 21:05:31"
}
DEBUG 2021-06-25 23:02:48,003 - ####################################################################################################
DEBUG 2021-06-25 23:02:48,009 - DOMAIN INFO
INFO 2021-06-25 23:02:48,009 - {
    "DOMAIN": "wpc89.com", 
    "EXPIRATION": "2021-07-14 08:28:41", 
    "DAYS": "18 days, 9:25:54"
}
DEBUG 2021-06-25 23:02:49,463 - ####################################################################################################
DEBUG 2021-06-25 23:02:49,469 - DOMAIN INFO
INFO 2021-06-25 23:02:49,469 - {
    "DOMAIN": "www.wpc89.com", 
    "EXPIRATION": "2021-07-14 08:28:41", 
    "DAYS": "18 days, 9:25:52"
}
DEBUG 2021-06-25 23:53:08,644 - ####################################################################################################
DEBUG 2021-06-25 23:53:08,652 - DOMAIN INFO
INFO 2021-06-25 23:53:08,652 - {
    "DOMAIN": "hujidi.com", 
    "EXPIRATION": "2021-07-06 10:49:33", 
    "DAYS": "10 days, 10:56:25"
}
DEBUG 2021-06-25 23:54:25,726 - ####################################################################################################
DEBUG 2021-06-25 23:54:25,733 - DOMAIN INFO
INFO 2021-06-25 23:54:25,733 - {
    "DOMAIN": "bao5566.com", 
    "EXPIRATION": "2021-07-13 20:00:00", 
    "DAYS": "17 days, 20:05:35"
}
DEBUG 2021-06-25 23:54:26,539 - ####################################################################################################
DEBUG 2021-06-25 23:54:26,545 - DOMAIN INFO
INFO 2021-06-25 23:54:26,545 - {
    "DOMAIN": "www.bao5566.com", 
    "EXPIRATION": "2021-07-13 20:00:00", 
    "DAYS": "17 days, 20:05:34"
}
