DEBUG 2021-06-26 00:02:55,199 - ####################################################################################################
DEBUG 2021-06-26 00:02:55,205 - DOMAIN INFO
INFO 2021-06-26 00:02:55,205 - {
    "DOMAIN": "wpc89.com", 
    "EXPIRATION": "2021-07-14 08:28:41", 
    "DAYS": "18 days, 8:25:46"
}
DEBUG 2021-06-26 00:02:56,101 - ####################################################################################################
DEBUG 2021-06-26 00:02:56,107 - DOMAIN INFO
INFO 2021-06-26 00:02:56,108 - {
    "DOMAIN": "www.wpc89.com", 
    "EXPIRATION": "2021-07-14 08:28:41", 
    "DAYS": "18 days, 8:25:45"
}
DEBUG 2021-06-26 00:53:05,088 - ####################################################################################################
DEBUG 2021-06-26 00:53:05,093 - DOMAIN INFO
INFO 2021-06-26 00:53:05,093 - {
    "DOMAIN": "hujidi.com", 
    "EXPIRATION": "2021-07-06 10:49:33", 
    "DAYS": "10 days, 9:56:28"
}
DEBUG 2021-06-26 00:54:26,677 - ####################################################################################################
DEBUG 2021-06-26 00:54:26,684 - DOMAIN INFO
INFO 2021-06-26 00:54:26,684 - {
    "DOMAIN": "bao5566.com", 
    "EXPIRATION": "2021-07-13 20:00:00", 
    "DAYS": "17 days, 19:05:34"
}
DEBUG 2021-06-26 00:54:27,145 - ####################################################################################################
DEBUG 2021-06-26 00:54:27,151 - DOMAIN INFO
INFO 2021-06-26 00:54:27,151 - {
    "DOMAIN": "www.bao5566.com", 
    "EXPIRATION": "2021-07-13 20:00:00", 
    "DAYS": "17 days, 19:05:33"
}
DEBUG 2021-06-26 01:02:48,296 - ####################################################################################################
DEBUG 2021-06-26 01:02:48,302 - DOMAIN INFO
INFO 2021-06-26 01:02:48,302 - {
    "DOMAIN": "wpc89.com", 
    "EXPIRATION": "2021-07-14 08:28:41", 
    "DAYS": "18 days, 7:25:53"
}
DEBUG 2021-06-26 01:02:49,671 - ####################################################################################################
DEBUG 2021-06-26 01:02:49,676 - DOMAIN INFO
INFO 2021-06-26 01:02:49,677 - {
    "DOMAIN": "www.wpc89.com", 
    "EXPIRATION": "2021-07-14 08:28:41", 
    "DAYS": "18 days, 7:25:52"
}
DEBUG 2021-06-26 01:53:05,306 - ####################################################################################################
DEBUG 2021-06-26 01:53:05,312 - DOMAIN INFO
INFO 2021-06-26 01:53:05,313 - {
    "DOMAIN": "hujidi.com", 
    "EXPIRATION": "2021-07-06 10:49:33", 
    "DAYS": "10 days, 8:56:28"
}
DEBUG 2021-06-26 01:54:27,118 - ####################################################################################################
DEBUG 2021-06-26 01:54:27,124 - DOMAIN INFO
INFO 2021-06-26 01:54:27,124 - {
    "DOMAIN": "bao5566.com", 
    "EXPIRATION": "2021-07-13 20:00:00", 
    "DAYS": "17 days, 18:05:33"
}
DEBUG 2021-06-26 01:54:27,453 - ####################################################################################################
DEBUG 2021-06-26 01:54:27,459 - DOMAIN INFO
INFO 2021-06-26 01:54:27,459 - {
    "DOMAIN": "www.bao5566.com", 
    "EXPIRATION": "2021-07-13 20:00:00", 
    "DAYS": "17 days, 18:05:33"
}
DEBUG 2021-06-26 02:02:50,874 - ####################################################################################################
DEBUG 2021-06-26 02:02:50,881 - DOMAIN INFO
INFO 2021-06-26 02:02:50,881 - {
    "DOMAIN": "wpc89.com", 
    "EXPIRATION": "2021-07-14 08:28:41", 
    "DAYS": "18 days, 6:25:51"
}
DEBUG 2021-06-26 02:02:51,396 - ####################################################################################################
DEBUG 2021-06-26 02:02:51,403 - DOMAIN INFO
INFO 2021-06-26 02:02:51,403 - {
    "DOMAIN": "www.wpc89.com", 
    "EXPIRATION": "2021-07-14 08:28:41", 
    "DAYS": "18 days, 6:25:50"
}
DEBUG 2021-06-26 02:53:05,644 - ####################################################################################################
DEBUG 2021-06-26 02:53:05,651 - DOMAIN INFO
INFO 2021-06-26 02:53:05,652 - {
    "DOMAIN": "hujidi.com", 
    "EXPIRATION": "2021-07-06 10:49:33", 
    "DAYS": "10 days, 7:56:28"
}
DEBUG 2021-06-26 02:54:25,771 - ####################################################################################################
DEBUG 2021-06-26 02:54:25,777 - DOMAIN INFO
INFO 2021-06-26 02:54:25,778 - {
    "DOMAIN": "bao5566.com", 
    "EXPIRATION": "2021-07-13 20:00:00", 
    "DAYS": "17 days, 17:05:35"
}
DEBUG 2021-06-26 02:54:26,111 - ####################################################################################################
DEBUG 2021-06-26 02:54:26,117 - DOMAIN INFO
INFO 2021-06-26 02:54:26,117 - {
    "DOMAIN": "www.bao5566.com", 
    "EXPIRATION": "2021-07-13 20:00:00", 
    "DAYS": "17 days, 17:05:34"
}
DEBUG 2021-06-26 03:02:47,791 - ####################################################################################################
DEBUG 2021-06-26 03:02:47,796 - DOMAIN INFO
INFO 2021-06-26 03:02:47,797 - {
    "DOMAIN": "wpc89.com", 
    "EXPIRATION": "2021-07-14 08:28:41", 
    "DAYS": "18 days, 5:25:54"
}
DEBUG 2021-06-26 03:02:49,791 - ####################################################################################################
DEBUG 2021-06-26 03:02:49,797 - DOMAIN INFO
INFO 2021-06-26 03:02:49,797 - {
    "DOMAIN": "www.wpc89.com", 
    "EXPIRATION": "2021-07-14 08:28:41", 
    "DAYS": "18 days, 5:25:52"
}
DEBUG 2021-06-26 03:53:05,096 - ####################################################################################################
DEBUG 2021-06-26 03:53:05,101 - DOMAIN INFO
INFO 2021-06-26 03:53:05,101 - {
    "DOMAIN": "hujidi.com", 
    "EXPIRATION": "2021-07-06 10:49:33", 
    "DAYS": "10 days, 6:56:28"
}
DEBUG 2021-06-26 03:54:24,600 - ####################################################################################################
DEBUG 2021-06-26 03:54:24,606 - DOMAIN INFO
INFO 2021-06-26 03:54:24,606 - {
    "DOMAIN": "bao5566.com", 
    "EXPIRATION": "2021-07-13 20:00:00", 
    "DAYS": "17 days, 16:05:36"
}
DEBUG 2021-06-26 03:54:25,664 - ####################################################################################################
DEBUG 2021-06-26 03:54:25,670 - DOMAIN INFO
INFO 2021-06-26 03:54:25,671 - {
    "DOMAIN": "www.bao5566.com", 
    "EXPIRATION": "2021-07-13 20:00:00", 
    "DAYS": "17 days, 16:05:35"
}
DEBUG 2021-06-26 04:02:47,328 - ####################################################################################################
DEBUG 2021-06-26 04:02:47,334 - DOMAIN INFO
INFO 2021-06-26 04:02:47,334 - {
    "DOMAIN": "wpc89.com", 
    "EXPIRATION": "2021-07-14 08:28:41", 
    "DAYS": "18 days, 4:25:54"
}
DEBUG 2021-06-26 04:02:48,695 - ####################################################################################################
DEBUG 2021-06-26 04:02:48,700 - DOMAIN INFO
INFO 2021-06-26 04:02:48,701 - {
    "DOMAIN": "www.wpc89.com", 
    "EXPIRATION": "2021-07-14 08:28:41", 
    "DAYS": "18 days, 4:25:53"
}
DEBUG 2021-06-26 04:53:06,951 - ####################################################################################################
DEBUG 2021-06-26 04:53:06,957 - DOMAIN INFO
INFO 2021-06-26 04:53:06,957 - {
    "DOMAIN": "hujidi.com", 
    "EXPIRATION": "2021-07-06 10:49:33", 
    "DAYS": "10 days, 5:56:27"
}
DEBUG 2021-06-26 04:54:27,401 - ####################################################################################################
DEBUG 2021-06-26 04:54:27,407 - DOMAIN INFO
INFO 2021-06-26 04:54:27,407 - {
    "DOMAIN": "bao5566.com", 
    "EXPIRATION": "2021-07-13 20:00:00", 
    "DAYS": "17 days, 15:05:33"
}
DEBUG 2021-06-26 04:54:27,541 - ####################################################################################################
DEBUG 2021-06-26 04:54:27,547 - DOMAIN INFO
INFO 2021-06-26 04:54:27,547 - {
    "DOMAIN": "www.bao5566.com", 
    "EXPIRATION": "2021-07-13 20:00:00", 
    "DAYS": "17 days, 15:05:33"
}
DEBUG 2021-06-26 05:02:44,215 - ####################################################################################################
DEBUG 2021-06-26 05:02:44,221 - DOMAIN INFO
INFO 2021-06-26 05:02:44,221 - {
    "DOMAIN": "wpc89.com", 
    "EXPIRATION": "2021-07-14 08:28:41", 
    "DAYS": "18 days, 3:25:57"
}
DEBUG 2021-06-26 05:02:44,989 - ####################################################################################################
DEBUG 2021-06-26 05:02:44,996 - DOMAIN INFO
INFO 2021-06-26 05:02:44,996 - {
    "DOMAIN": "www.wpc89.com", 
    "EXPIRATION": "2021-07-14 08:28:41", 
    "DAYS": "18 days, 3:25:57"
}
DEBUG 2021-06-26 05:53:03,711 - ####################################################################################################
DEBUG 2021-06-26 05:53:03,717 - DOMAIN INFO
INFO 2021-06-26 05:53:03,717 - {
    "DOMAIN": "hujidi.com", 
    "EXPIRATION": "2021-07-06 10:49:33", 
    "DAYS": "10 days, 4:56:30"
}
DEBUG 2021-06-26 05:54:25,821 - ####################################################################################################
DEBUG 2021-06-26 05:54:25,827 - DOMAIN INFO
INFO 2021-06-26 05:54:25,827 - {
    "DOMAIN": "bao5566.com", 
    "EXPIRATION": "2021-07-13 20:00:00", 
    "DAYS": "17 days, 14:05:35"
}
DEBUG 2021-06-26 05:54:27,083 - ####################################################################################################
DEBUG 2021-06-26 05:54:27,090 - DOMAIN INFO
INFO 2021-06-26 05:54:27,090 - {
    "DOMAIN": "www.bao5566.com", 
    "EXPIRATION": "2021-07-13 20:00:00", 
    "DAYS": "17 days, 14:05:33"
}
DEBUG 2021-06-26 06:02:48,830 - ####################################################################################################
DEBUG 2021-06-26 06:02:48,835 - DOMAIN INFO
INFO 2021-06-26 06:02:48,835 - {
    "DOMAIN": "wpc89.com", 
    "EXPIRATION": "2021-07-14 08:28:41", 
    "DAYS": "18 days, 2:25:53"
}
DEBUG 2021-06-26 06:02:49,914 - ####################################################################################################
DEBUG 2021-06-26 06:02:49,919 - DOMAIN INFO
INFO 2021-06-26 06:02:49,919 - {
    "DOMAIN": "www.wpc89.com", 
    "EXPIRATION": "2021-07-14 08:28:41", 
    "DAYS": "18 days, 2:25:52"
}
DEBUG 2021-06-26 06:08:03,909 - ####################################################################################################
DEBUG 2021-06-26 06:08:03,916 - DOMAIN INFO
INFO 2021-06-26 06:08:03,917 - {
    "DOMAIN": "jsh136.com", 
    "EXPIRATION": "2021-08-30 21:37:39", 
    "DAYS": "65 days, 15:29:36"
}
DEBUG 2021-06-26 06:08:05,678 - ####################################################################################################
DEBUG 2021-06-26 06:08:05,682 - DOMAIN INFO
INFO 2021-06-26 06:08:05,683 - {
    "DOMAIN": "jsh137.com", 
    "EXPIRATION": "2021-08-30 21:37:46", 
    "DAYS": "65 days, 15:29:41"
}
DEBUG 2021-06-26 06:08:07,374 - ####################################################################################################
DEBUG 2021-06-26 06:08:07,380 - DOMAIN INFO
INFO 2021-06-26 06:08:07,380 - {
    "DOMAIN": "xbet087.com", 
    "EXPIRATION": "2021-08-30 08:08:00", 
    "DAYS": "65 days, 1:59:53"
}
DEBUG 2021-06-26 06:08:12,222 - ####################################################################################################
DEBUG 2021-06-26 06:08:12,227 - DOMAIN INFO
INFO 2021-06-26 06:08:12,228 - {
    "DOMAIN": "jin172.com", 
    "EXPIRATION": "2021-08-30 10:18:48", 
    "DAYS": "65 days, 4:10:36"
}
DEBUG 2021-06-26 06:08:13,165 - ####################################################################################################
DEBUG 2021-06-26 06:08:13,171 - DOMAIN INFO
INFO 2021-06-26 06:08:13,171 - {
    "DOMAIN": "12golf.com", 
    "EXPIRATION": "2021-07-15 08:50:36", 
    "DAYS": "19 days, 2:42:23"
}
DEBUG 2021-06-26 06:08:13,392 - ####################################################################################################
DEBUG 2021-06-26 06:08:13,398 - DOMAIN INFO
INFO 2021-06-26 06:08:13,399 - {
    "DOMAIN": "www.12golf.com", 
    "EXPIRATION": "2021-07-15 08:50:36", 
    "DAYS": "19 days, 2:42:23"
}
DEBUG 2021-06-26 06:53:03,452 - ####################################################################################################
DEBUG 2021-06-26 06:53:03,458 - DOMAIN INFO
INFO 2021-06-26 06:53:03,459 - {
    "DOMAIN": "hujidi.com", 
    "EXPIRATION": "2021-07-06 10:49:33", 
    "DAYS": "10 days, 3:56:30"
}
DEBUG 2021-06-26 06:54:27,417 - ####################################################################################################
DEBUG 2021-06-26 06:54:27,423 - DOMAIN INFO
INFO 2021-06-26 06:54:27,423 - {
    "DOMAIN": "bao5566.com", 
    "EXPIRATION": "2021-07-13 20:00:00", 
    "DAYS": "17 days, 13:05:33"
}
DEBUG 2021-06-26 06:54:27,963 - ####################################################################################################
DEBUG 2021-06-26 06:54:27,969 - DOMAIN INFO
INFO 2021-06-26 06:54:27,969 - {
    "DOMAIN": "www.bao5566.com", 
    "EXPIRATION": "2021-07-13 20:00:00", 
    "DAYS": "17 days, 13:05:33"
}
DEBUG 2021-06-26 07:02:43,831 - ####################################################################################################
DEBUG 2021-06-26 07:02:43,837 - DOMAIN INFO
INFO 2021-06-26 07:02:43,837 - {
    "DOMAIN": "wpc89.com", 
    "EXPIRATION": "2021-07-14 08:28:41", 
    "DAYS": "18 days, 1:25:58"
}
DEBUG 2021-06-26 07:02:44,239 - ####################################################################################################
DEBUG 2021-06-26 07:02:44,245 - DOMAIN INFO
INFO 2021-06-26 07:02:44,246 - {
    "DOMAIN": "www.wpc89.com", 
    "EXPIRATION": "2021-07-14 08:28:41", 
    "DAYS": "18 days, 1:25:57"
}
DEBUG 2021-06-26 07:08:10,473 - ####################################################################################################
DEBUG 2021-06-26 07:08:10,479 - DOMAIN INFO
INFO 2021-06-26 07:08:10,479 - {
    "DOMAIN": "12golf.com", 
    "EXPIRATION": "2021-07-15 08:50:36", 
    "DAYS": "19 days, 1:42:26"
}
DEBUG 2021-06-26 07:08:10,785 - ####################################################################################################
DEBUG 2021-06-26 07:08:10,791 - DOMAIN INFO
INFO 2021-06-26 07:08:10,791 - {
    "DOMAIN": "www.12golf.com", 
    "EXPIRATION": "2021-07-15 08:50:36", 
    "DAYS": "19 days, 1:42:26"
}
DEBUG 2021-06-26 07:08:12,387 - ####################################################################################################
DEBUG 2021-06-26 07:08:12,391 - DOMAIN INFO
INFO 2021-06-26 07:08:12,392 - {
    "DOMAIN": "12877777.com", 
    "EXPIRATION": "2021-08-31 00:47:45", 
    "DAYS": "65 days, 17:39:33"
}
DEBUG 2021-06-26 07:08:12,586 - ####################################################################################################
DEBUG 2021-06-26 07:08:12,592 - DOMAIN INFO
INFO 2021-06-26 07:08:12,592 - {
    "DOMAIN": "18187000.com", 
    "EXPIRATION": "2021-09-13 23:22:28", 
    "DAYS": "79 days, 16:14:16"
}
DEBUG 2021-06-26 07:08:13,429 - ####################################################################################################
DEBUG 2021-06-26 07:08:13,436 - DOMAIN INFO
INFO 2021-06-26 07:08:13,436 - {
    "DOMAIN": "jsh121.com", 
    "EXPIRATION": "2021-08-30 21:37:31", 
    "DAYS": "65 days, 14:29:18"
}
DEBUG 2021-06-26 07:08:13,696 - ####################################################################################################
DEBUG 2021-06-26 07:08:13,702 - DOMAIN INFO
INFO 2021-06-26 07:08:13,703 - {
    "DOMAIN": "eu2222.com", 
    "EXPIRATION": "2021-09-13 03:17:14", 
    "DAYS": "78 days, 20:09:01"
}
DEBUG 2021-06-26 07:08:14,089 - ####################################################################################################
DEBUG 2021-06-26 07:08:14,094 - DOMAIN INFO
INFO 2021-06-26 07:08:14,095 - {
    "DOMAIN": "statt.maxpartner.cn", 
    "EXPIRATION": "2022-01-06 07:59:59", 
    "DAYS": "194 days, 0:51:45"
}
DEBUG 2021-06-26 07:53:08,457 - ####################################################################################################
DEBUG 2021-06-26 07:53:08,462 - DOMAIN INFO
INFO 2021-06-26 07:53:08,462 - {
    "DOMAIN": "hujidi.com", 
    "EXPIRATION": "2021-07-06 10:49:33", 
    "DAYS": "10 days, 2:56:25"
}
DEBUG 2021-06-26 07:54:26,374 - ####################################################################################################
DEBUG 2021-06-26 07:54:26,379 - DOMAIN INFO
INFO 2021-06-26 07:54:26,380 - {
    "DOMAIN": "bao5566.com", 
    "EXPIRATION": "2021-07-13 20:00:00", 
    "DAYS": "17 days, 12:05:34"
}
DEBUG 2021-06-26 07:54:27,201 - ####################################################################################################
DEBUG 2021-06-26 07:54:27,207 - DOMAIN INFO
INFO 2021-06-26 07:54:27,207 - {
    "DOMAIN": "www.bao5566.com", 
    "EXPIRATION": "2021-07-13 20:00:00", 
    "DAYS": "17 days, 12:05:33"
}
DEBUG 2021-06-26 08:02:45,028 - ####################################################################################################
DEBUG 2021-06-26 08:02:45,034 - DOMAIN INFO
INFO 2021-06-26 08:02:45,034 - {
    "DOMAIN": "wpc89.com", 
    "EXPIRATION": "2021-07-14 08:28:41", 
    "DAYS": "18 days, 0:25:56"
}
DEBUG 2021-06-26 08:02:45,334 - ####################################################################################################
DEBUG 2021-06-26 08:02:45,339 - DOMAIN INFO
INFO 2021-06-26 08:02:45,340 - {
    "DOMAIN": "www.wpc89.com", 
    "EXPIRATION": "2021-07-14 08:28:41", 
    "DAYS": "18 days, 0:25:56"
}
DEBUG 2021-06-26 08:08:07,302 - ####################################################################################################
DEBUG 2021-06-26 08:08:07,308 - DOMAIN INFO
INFO 2021-06-26 08:08:07,308 - {
    "DOMAIN": "12golf.com", 
    "EXPIRATION": "2021-07-15 08:50:36", 
    "DAYS": "19 days, 0:42:29"
}
DEBUG 2021-06-26 08:08:08,554 - ####################################################################################################
DEBUG 2021-06-26 08:08:08,559 - DOMAIN INFO
INFO 2021-06-26 08:08:08,559 - {
    "DOMAIN": "www.12golf.com", 
    "EXPIRATION": "2021-07-15 08:50:36", 
    "DAYS": "19 days, 0:42:28"
}
DEBUG 2021-06-26 08:53:04,826 - ####################################################################################################
DEBUG 2021-06-26 08:53:04,832 - DOMAIN INFO
INFO 2021-06-26 08:53:04,833 - {
    "DOMAIN": "hujidi.com", 
    "EXPIRATION": "2021-07-06 10:49:33", 
    "DAYS": "10 days, 1:56:29"
}
DEBUG 2021-06-26 08:54:26,687 - ####################################################################################################
DEBUG 2021-06-26 08:54:26,693 - DOMAIN ERROR
INFO 2021-06-26 08:54:26,693 - {
    "DOMAIN": "bao5566.com", 
    "DOMAIN_CURL": 17, 
    "ERROR": "EOF occurred in violation of protocol (_ssl.c:618)"
}
DEBUG 2021-06-26 08:54:27,576 - ####################################################################################################
DEBUG 2021-06-26 08:54:27,582 - DOMAIN INFO
INFO 2021-06-26 08:54:27,583 - {
    "DOMAIN": "www.bao5566.com", 
    "EXPIRATION": "2021-07-13 20:00:00", 
    "DAYS": "17 days, 11:05:33"
}
DEBUG 2021-06-26 09:02:43,942 - ####################################################################################################
DEBUG 2021-06-26 09:02:43,948 - DOMAIN INFO
INFO 2021-06-26 09:02:43,949 - {
    "DOMAIN": "wpc89.com", 
    "EXPIRATION": "2021-07-14 08:28:41", 
    "DAYS": "17 days, 23:25:58"
}
DEBUG 2021-06-26 09:02:45,768 - ####################################################################################################
DEBUG 2021-06-26 09:02:45,773 - DOMAIN INFO
INFO 2021-06-26 09:02:45,774 - {
    "DOMAIN": "www.wpc89.com", 
    "EXPIRATION": "2021-07-14 08:28:41", 
    "DAYS": "17 days, 23:25:56"
}
DEBUG 2021-06-26 09:08:13,914 - ####################################################################################################
DEBUG 2021-06-26 09:08:13,921 - DOMAIN INFO
INFO 2021-06-26 09:08:13,921 - {
    "DOMAIN": "12golf.com", 
    "EXPIRATION": "2021-07-15 08:50:36", 
    "DAYS": "18 days, 23:42:23"
}
DEBUG 2021-06-26 09:08:14,896 - ####################################################################################################
DEBUG 2021-06-26 09:08:14,903 - DOMAIN INFO
INFO 2021-06-26 09:08:14,903 - {
    "DOMAIN": "www.12golf.com", 
    "EXPIRATION": "2021-07-15 08:50:36", 
    "DAYS": "18 days, 23:42:22"
}
DEBUG 2021-06-26 09:53:07,983 - ####################################################################################################
DEBUG 2021-06-26 09:53:07,989 - DOMAIN INFO
INFO 2021-06-26 09:53:07,989 - {
    "DOMAIN": "hujidi.com", 
    "EXPIRATION": "2021-07-06 10:49:33", 
    "DAYS": "10 days, 0:56:26"
}
DEBUG 2021-06-26 09:54:27,430 - ####################################################################################################
DEBUG 2021-06-26 09:54:27,436 - DOMAIN INFO
INFO 2021-06-26 09:54:27,436 - {
    "DOMAIN": "www.bao5566.com", 
    "EXPIRATION": "2021-07-13 20:00:00", 
    "DAYS": "17 days, 10:05:33"
}
DEBUG 2021-06-26 09:54:27,814 - ####################################################################################################
DEBUG 2021-06-26 09:54:27,820 - DOMAIN ERROR
INFO 2021-06-26 09:54:27,820 - {
    "DOMAIN": "bao5566.com", 
    "DOMAIN_CURL": 17, 
    "ERROR": "[Errno 104] Connection reset by peer"
}
DEBUG 2021-06-26 10:02:43,924 - ####################################################################################################
DEBUG 2021-06-26 10:02:43,931 - DOMAIN INFO
INFO 2021-06-26 10:02:43,931 - {
    "DOMAIN": "wpc89.com", 
    "EXPIRATION": "2021-07-14 08:28:41", 
    "DAYS": "17 days, 22:25:58"
}
DEBUG 2021-06-26 10:02:45,639 - ####################################################################################################
DEBUG 2021-06-26 10:02:45,644 - DOMAIN INFO
INFO 2021-06-26 10:02:45,645 - {
    "DOMAIN": "www.wpc89.com", 
    "EXPIRATION": "2021-07-14 08:28:41", 
    "DAYS": "17 days, 22:25:56"
}
DEBUG 2021-06-26 10:08:12,523 - ####################################################################################################
DEBUG 2021-06-26 10:08:12,529 - DOMAIN INFO
INFO 2021-06-26 10:08:12,530 - {
    "DOMAIN": "12golf.com", 
    "EXPIRATION": "2021-07-15 08:50:36", 
    "DAYS": "18 days, 22:42:24"
}
DEBUG 2021-06-26 10:08:13,203 - ####################################################################################################
DEBUG 2021-06-26 10:08:13,209 - DOMAIN INFO
INFO 2021-06-26 10:08:13,209 - {
    "DOMAIN": "www.12golf.com", 
    "EXPIRATION": "2021-07-15 08:50:36", 
    "DAYS": "18 days, 22:42:23"
}
DEBUG 2021-06-26 10:53:09,944 - ####################################################################################################
DEBUG 2021-06-26 10:53:09,951 - DOMAIN INFO
INFO 2021-06-26 10:53:09,951 - {
    "DOMAIN": "hujidi.com", 
    "EXPIRATION": "2021-07-06 10:49:33", 
    "DAYS": "9 days, 23:56:24"
}
DEBUG 2021-06-26 10:54:25,980 - ####################################################################################################
DEBUG 2021-06-26 10:54:25,986 - DOMAIN INFO
INFO 2021-06-26 10:54:25,986 - {
    "DOMAIN": "bao5566.com", 
    "EXPIRATION": "2021-07-13 20:00:00", 
    "DAYS": "17 days, 9:05:35"
}
DEBUG 2021-06-26 10:54:28,174 - ####################################################################################################
DEBUG 2021-06-26 10:54:28,180 - DOMAIN INFO
INFO 2021-06-26 10:54:28,180 - {
    "DOMAIN": "www.bao5566.com", 
    "EXPIRATION": "2021-07-13 20:00:00", 
    "DAYS": "17 days, 9:05:32"
}
DEBUG 2021-06-26 11:02:51,036 - ####################################################################################################
DEBUG 2021-06-26 11:02:51,042 - DOMAIN INFO
INFO 2021-06-26 11:02:51,042 - {
    "DOMAIN": "wpc89.com", 
    "EXPIRATION": "2021-07-14 08:28:41", 
    "DAYS": "17 days, 21:25:50"
}
DEBUG 2021-06-26 11:02:52,233 - ####################################################################################################
DEBUG 2021-06-26 11:02:52,238 - DOMAIN INFO
INFO 2021-06-26 11:02:52,238 - {
    "DOMAIN": "www.wpc89.com", 
    "EXPIRATION": "2021-07-14 08:28:41", 
    "DAYS": "17 days, 21:25:49"
}
DEBUG 2021-06-26 11:08:12,281 - ####################################################################################################
DEBUG 2021-06-26 11:08:12,286 - DOMAIN INFO
INFO 2021-06-26 11:08:12,287 - {
    "DOMAIN": "12golf.com", 
    "EXPIRATION": "2021-07-15 08:50:36", 
    "DAYS": "18 days, 21:42:24"
}
DEBUG 2021-06-26 11:08:12,937 - ####################################################################################################
DEBUG 2021-06-26 11:08:12,942 - DOMAIN INFO
INFO 2021-06-26 11:08:12,942 - {
    "DOMAIN": "www.12golf.com", 
    "EXPIRATION": "2021-07-15 08:50:36", 
    "DAYS": "18 days, 21:42:24"
}
DEBUG 2021-06-26 11:53:10,834 - ####################################################################################################
DEBUG 2021-06-26 11:53:10,840 - DOMAIN INFO
INFO 2021-06-26 11:53:10,841 - {
    "DOMAIN": "hujidi.com", 
    "EXPIRATION": "2021-07-06 10:49:33", 
    "DAYS": "9 days, 22:56:23"
}
DEBUG 2021-06-26 11:54:26,529 - ####################################################################################################
DEBUG 2021-06-26 11:54:26,535 - DOMAIN INFO
INFO 2021-06-26 11:54:26,535 - {
    "DOMAIN": "bao5566.com", 
    "EXPIRATION": "2021-07-13 20:00:00", 
    "DAYS": "17 days, 8:05:34"
}
DEBUG 2021-06-26 11:54:28,200 - ####################################################################################################
DEBUG 2021-06-26 11:54:28,206 - DOMAIN ERROR
INFO 2021-06-26 11:54:28,206 - {
    "DOMAIN": "www.bao5566.com", 
    "DOMAIN_CURL": 17, 
    "ERROR": "EOF occurred in violation of protocol (_ssl.c:618)"
}
DEBUG 2021-06-26 12:02:47,911 - ####################################################################################################
DEBUG 2021-06-26 12:02:47,917 - DOMAIN INFO
INFO 2021-06-26 12:02:47,917 - {
    "DOMAIN": "wpc89.com", 
    "EXPIRATION": "2021-07-14 08:28:41", 
    "DAYS": "17 days, 20:25:54"
}
DEBUG 2021-06-26 12:02:48,415 - ####################################################################################################
DEBUG 2021-06-26 12:02:48,420 - DOMAIN INFO
INFO 2021-06-26 12:02:48,421 - {
    "DOMAIN": "www.wpc89.com", 
    "EXPIRATION": "2021-07-14 08:28:41", 
    "DAYS": "17 days, 20:25:53"
}
DEBUG 2021-06-26 12:08:01,211 - ####################################################################################################
DEBUG 2021-06-26 12:08:01,216 - DOMAIN INFO
INFO 2021-06-26 12:08:01,216 - {
    "DOMAIN": "12golf.com", 
    "EXPIRATION": "2021-07-15 08:50:36", 
    "DAYS": "18 days, 20:42:35"
}
DEBUG 2021-06-26 12:08:01,397 - ####################################################################################################
DEBUG 2021-06-26 12:08:01,403 - DOMAIN INFO
INFO 2021-06-26 12:08:01,403 - {
    "DOMAIN": "www.12golf.com", 
    "EXPIRATION": "2021-07-15 08:50:36", 
    "DAYS": "18 days, 20:42:35"
}
DEBUG 2021-06-26 12:53:07,800 - ####################################################################################################
DEBUG 2021-06-26 12:53:07,806 - DOMAIN INFO
INFO 2021-06-26 12:53:07,806 - {
    "DOMAIN": "hujidi.com", 
    "EXPIRATION": "2021-07-06 10:49:33", 
    "DAYS": "9 days, 21:56:26"
}
DEBUG 2021-06-26 12:54:25,838 - ####################################################################################################
DEBUG 2021-06-26 12:54:25,844 - DOMAIN INFO
INFO 2021-06-26 12:54:25,844 - {
    "DOMAIN": "bao5566.com", 
    "EXPIRATION": "2021-07-13 20:00:00", 
    "DAYS": "17 days, 7:05:35"
}
DEBUG 2021-06-26 12:54:25,917 - ####################################################################################################
DEBUG 2021-06-26 12:54:25,923 - DOMAIN INFO
INFO 2021-06-26 12:54:25,923 - {
    "DOMAIN": "www.bao5566.com", 
    "EXPIRATION": "2021-07-13 20:00:00", 
    "DAYS": "17 days, 7:05:35"
}
DEBUG 2021-06-26 13:02:48,170 - ####################################################################################################
DEBUG 2021-06-26 13:02:48,175 - DOMAIN INFO
INFO 2021-06-26 13:02:48,176 - {
    "DOMAIN": "wpc89.com", 
    "EXPIRATION": "2021-07-14 08:28:41", 
    "DAYS": "17 days, 19:25:53"
}
DEBUG 2021-06-26 13:02:48,392 - ####################################################################################################
DEBUG 2021-06-26 13:02:48,398 - DOMAIN INFO
INFO 2021-06-26 13:02:48,398 - {
    "DOMAIN": "www.wpc89.com", 
    "EXPIRATION": "2021-07-14 08:28:41", 
    "DAYS": "17 days, 19:25:53"
}
DEBUG 2021-06-26 13:08:09,757 - ####################################################################################################
DEBUG 2021-06-26 13:08:09,762 - DOMAIN INFO
INFO 2021-06-26 13:08:09,763 - {
    "DOMAIN": "12golf.com", 
    "EXPIRATION": "2021-07-15 08:50:36", 
    "DAYS": "18 days, 19:42:27"
}
DEBUG 2021-06-26 13:08:10,277 - ####################################################################################################
DEBUG 2021-06-26 13:08:10,283 - DOMAIN INFO
INFO 2021-06-26 13:08:10,283 - {
    "DOMAIN": "www.12golf.com", 
    "EXPIRATION": "2021-07-15 08:50:36", 
    "DAYS": "18 days, 19:42:26"
}
DEBUG 2021-06-26 13:53:07,579 - ####################################################################################################
DEBUG 2021-06-26 13:53:07,585 - DOMAIN INFO
INFO 2021-06-26 13:53:07,585 - {
    "DOMAIN": "hujidi.com", 
    "EXPIRATION": "2021-07-06 10:49:33", 
    "DAYS": "9 days, 20:56:26"
}
DEBUG 2021-06-26 13:54:27,551 - ####################################################################################################
DEBUG 2021-06-26 13:54:27,557 - DOMAIN INFO
INFO 2021-06-26 13:54:27,557 - {
    "DOMAIN": "bao5566.com", 
    "EXPIRATION": "2021-07-13 20:00:00", 
    "DAYS": "17 days, 6:05:33"
}
DEBUG 2021-06-26 13:54:29,178 - ####################################################################################################
DEBUG 2021-06-26 13:54:29,185 - DOMAIN INFO
INFO 2021-06-26 13:54:29,185 - {
    "DOMAIN": "www.bao5566.com", 
    "EXPIRATION": "2021-07-13 20:00:00", 
    "DAYS": "17 days, 6:05:31"
}
DEBUG 2021-06-26 14:02:44,888 - ####################################################################################################
DEBUG 2021-06-26 14:02:44,894 - DOMAIN INFO
INFO 2021-06-26 14:02:44,894 - {
    "DOMAIN": "wpc89.com", 
    "EXPIRATION": "2021-07-14 08:28:41", 
    "DAYS": "17 days, 18:25:57"
}
DEBUG 2021-06-26 14:02:47,626 - ####################################################################################################
DEBUG 2021-06-26 14:02:47,631 - DOMAIN INFO
INFO 2021-06-26 14:02:47,631 - {
    "DOMAIN": "www.wpc89.com", 
    "EXPIRATION": "2021-07-14 08:28:41", 
    "DAYS": "17 days, 18:25:54"
}
DEBUG 2021-06-26 14:08:10,783 - ####################################################################################################
DEBUG 2021-06-26 14:08:10,789 - DOMAIN INFO
INFO 2021-06-26 14:08:10,789 - {
    "DOMAIN": "12golf.com", 
    "EXPIRATION": "2021-07-15 08:50:36", 
    "DAYS": "18 days, 18:42:26"
}
DEBUG 2021-06-26 14:08:10,936 - ####################################################################################################
DEBUG 2021-06-26 14:08:10,942 - DOMAIN INFO
INFO 2021-06-26 14:08:10,942 - {
    "DOMAIN": "www.12golf.com", 
    "EXPIRATION": "2021-07-15 08:50:36", 
    "DAYS": "18 days, 18:42:26"
}
DEBUG 2021-06-26 14:53:09,265 - ####################################################################################################
DEBUG 2021-06-26 14:53:09,271 - DOMAIN INFO
INFO 2021-06-26 14:53:09,271 - {
    "DOMAIN": "hujidi.com", 
    "EXPIRATION": "2021-07-06 10:49:33", 
    "DAYS": "9 days, 19:56:24"
}
DEBUG 2021-06-26 14:54:27,518 - ####################################################################################################
DEBUG 2021-06-26 14:54:27,524 - DOMAIN INFO
INFO 2021-06-26 14:54:27,525 - {
    "DOMAIN": "bao5566.com", 
    "EXPIRATION": "2021-07-13 20:00:00", 
    "DAYS": "17 days, 5:05:33"
}
DEBUG 2021-06-26 14:54:28,569 - ####################################################################################################
DEBUG 2021-06-26 14:54:28,574 - DOMAIN INFO
INFO 2021-06-26 14:54:28,575 - {
    "DOMAIN": "www.bao5566.com", 
    "EXPIRATION": "2021-07-13 20:00:00", 
    "DAYS": "17 days, 5:05:32"
}
DEBUG 2021-06-26 15:02:45,934 - ####################################################################################################
DEBUG 2021-06-26 15:02:45,940 - DOMAIN INFO
INFO 2021-06-26 15:02:45,940 - {
    "DOMAIN": "wpc89.com", 
    "EXPIRATION": "2021-07-14 08:28:41", 
    "DAYS": "17 days, 17:25:56"
}
DEBUG 2021-06-26 15:02:46,351 - ####################################################################################################
DEBUG 2021-06-26 15:02:46,357 - DOMAIN INFO
INFO 2021-06-26 15:02:46,357 - {
    "DOMAIN": "www.wpc89.com", 
    "EXPIRATION": "2021-07-14 08:28:41", 
    "DAYS": "17 days, 17:25:55"
}
DEBUG 2021-06-26 15:08:10,437 - ####################################################################################################
DEBUG 2021-06-26 15:08:10,443 - DOMAIN INFO
INFO 2021-06-26 15:08:10,444 - {
    "DOMAIN": "12golf.com", 
    "EXPIRATION": "2021-07-15 08:50:36", 
    "DAYS": "18 days, 17:42:26"
}
DEBUG 2021-06-26 15:08:12,223 - ####################################################################################################
DEBUG 2021-06-26 15:08:12,229 - DOMAIN INFO
INFO 2021-06-26 15:08:12,229 - {
    "DOMAIN": "www.12golf.com", 
    "EXPIRATION": "2021-07-15 08:50:36", 
    "DAYS": "18 days, 17:42:24"
}
DEBUG 2021-06-26 15:53:07,411 - ####################################################################################################
DEBUG 2021-06-26 15:53:07,416 - DOMAIN INFO
INFO 2021-06-26 15:53:07,416 - {
    "DOMAIN": "hujidi.com", 
    "EXPIRATION": "2021-07-06 10:49:33", 
    "DAYS": "9 days, 18:56:26"
}
DEBUG 2021-06-26 15:54:27,200 - ####################################################################################################
DEBUG 2021-06-26 15:54:27,205 - DOMAIN INFO
INFO 2021-06-26 15:54:27,206 - {
    "DOMAIN": "bao5566.com", 
    "EXPIRATION": "2021-07-13 20:00:00", 
    "DAYS": "17 days, 4:05:33"
}
DEBUG 2021-06-26 15:54:29,181 - ####################################################################################################
DEBUG 2021-06-26 15:54:29,188 - DOMAIN INFO
INFO 2021-06-26 15:54:29,188 - {
    "DOMAIN": "www.bao5566.com", 
    "EXPIRATION": "2021-07-13 20:00:00", 
    "DAYS": "17 days, 4:05:31"
}
DEBUG 2021-06-26 16:02:48,547 - ####################################################################################################
DEBUG 2021-06-26 16:02:48,547 - ####################################################################################################
DEBUG 2021-06-26 16:02:48,552 - DOMAIN INFO
DEBUG 2021-06-26 16:02:48,552 - DOMAIN INFO
INFO 2021-06-26 16:02:48,552 - {
    "DOMAIN": "wpc89.com", 
    "EXPIRATION": "2021-07-14 08:28:41", 
    "DAYS": "17 days, 16:25:53"
}
INFO 2021-06-26 16:02:48,552 - {
    "DOMAIN": "www.wpc89.com", 
    "EXPIRATION": "2021-07-14 08:28:41", 
    "DAYS": "17 days, 16:25:53"
}
DEBUG 2021-06-26 16:08:08,984 - ####################################################################################################
DEBUG 2021-06-26 16:08:08,991 - DOMAIN INFO
INFO 2021-06-26 16:08:08,991 - {
    "DOMAIN": "12golf.com", 
    "EXPIRATION": "2021-07-15 08:50:36", 
    "DAYS": "18 days, 16:42:28"
}
DEBUG 2021-06-26 16:08:10,040 - ####################################################################################################
DEBUG 2021-06-26 16:08:10,045 - DOMAIN INFO
INFO 2021-06-26 16:08:10,046 - {
    "DOMAIN": "www.12golf.com", 
    "EXPIRATION": "2021-07-15 08:50:36", 
    "DAYS": "18 days, 16:42:26"
}
DEBUG 2021-06-26 16:53:05,994 - ####################################################################################################
DEBUG 2021-06-26 16:53:06,000 - DOMAIN INFO
INFO 2021-06-26 16:53:06,001 - {
    "DOMAIN": "hujidi.com", 
    "EXPIRATION": "2021-07-06 10:49:33", 
    "DAYS": "9 days, 17:56:28"
}
DEBUG 2021-06-26 16:54:27,200 - ####################################################################################################
DEBUG 2021-06-26 16:54:27,205 - DOMAIN INFO
INFO 2021-06-26 16:54:27,205 - {
    "DOMAIN": "bao5566.com", 
    "EXPIRATION": "2021-07-13 20:00:00", 
    "DAYS": "17 days, 3:05:33"
}
DEBUG 2021-06-26 16:54:27,426 - ####################################################################################################
DEBUG 2021-06-26 16:54:27,432 - DOMAIN INFO
INFO 2021-06-26 16:54:27,432 - {
    "DOMAIN": "www.bao5566.com", 
    "EXPIRATION": "2021-07-13 20:00:00", 
    "DAYS": "17 days, 3:05:33"
}
DEBUG 2021-06-26 17:02:47,777 - ####################################################################################################
DEBUG 2021-06-26 17:02:47,783 - DOMAIN INFO
INFO 2021-06-26 17:02:47,784 - {
    "DOMAIN": "wpc89.com", 
    "EXPIRATION": "2021-07-14 08:28:41", 
    "DAYS": "17 days, 15:25:54"
}
DEBUG 2021-06-26 17:02:48,277 - ####################################################################################################
DEBUG 2021-06-26 17:02:48,284 - DOMAIN INFO
INFO 2021-06-26 17:02:48,284 - {
    "DOMAIN": "www.wpc89.com", 
    "EXPIRATION": "2021-07-14 08:28:41", 
    "DAYS": "17 days, 15:25:53"
}
DEBUG 2021-06-26 17:08:09,051 - ####################################################################################################
DEBUG 2021-06-26 17:08:09,058 - DOMAIN INFO
INFO 2021-06-26 17:08:09,058 - {
    "DOMAIN": "12golf.com", 
    "EXPIRATION": "2021-07-15 08:50:36", 
    "DAYS": "18 days, 15:42:27"
}
DEBUG 2021-06-26 17:08:09,905 - ####################################################################################################
DEBUG 2021-06-26 17:08:09,910 - DOMAIN INFO
INFO 2021-06-26 17:08:09,911 - {
    "DOMAIN": "www.12golf.com", 
    "EXPIRATION": "2021-07-15 08:50:36", 
    "DAYS": "18 days, 15:42:27"
}
DEBUG 2021-06-26 17:53:09,858 - ####################################################################################################
DEBUG 2021-06-26 17:53:09,864 - DOMAIN INFO
INFO 2021-06-26 17:53:09,864 - {
    "DOMAIN": "hujidi.com", 
    "EXPIRATION": "2021-07-06 10:49:33", 
    "DAYS": "9 days, 16:56:24"
}
DEBUG 2021-06-26 17:54:28,122 - ####################################################################################################
DEBUG 2021-06-26 17:54:28,128 - DOMAIN INFO
INFO 2021-06-26 17:54:28,128 - {
    "DOMAIN": "bao5566.com", 
    "EXPIRATION": "2021-07-13 20:00:00", 
    "DAYS": "17 days, 2:05:32"
}
DEBUG 2021-06-26 17:54:29,538 - ####################################################################################################
DEBUG 2021-06-26 17:54:29,543 - DOMAIN INFO
INFO 2021-06-26 17:54:29,543 - {
    "DOMAIN": "www.bao5566.com", 
    "EXPIRATION": "2021-07-13 20:00:00", 
    "DAYS": "17 days, 2:05:31"
}
DEBUG 2021-06-26 18:02:46,599 - ####################################################################################################
DEBUG 2021-06-26 18:02:46,605 - DOMAIN INFO
INFO 2021-06-26 18:02:46,606 - {
    "DOMAIN": "wpc89.com", 
    "EXPIRATION": "2021-07-14 08:28:41", 
    "DAYS": "17 days, 14:25:55"
}
DEBUG 2021-06-26 18:02:47,822 - ####################################################################################################
DEBUG 2021-06-26 18:02:47,828 - DOMAIN INFO
INFO 2021-06-26 18:02:47,828 - {
    "DOMAIN": "www.wpc89.com", 
    "EXPIRATION": "2021-07-14 08:28:41", 
    "DAYS": "17 days, 14:25:54"
}
DEBUG 2021-06-26 18:08:10,537 - ####################################################################################################
DEBUG 2021-06-26 18:08:10,542 - DOMAIN INFO
INFO 2021-06-26 18:08:10,542 - {
    "DOMAIN": "12golf.com", 
    "EXPIRATION": "2021-07-15 08:50:36", 
    "DAYS": "18 days, 14:42:26"
}
DEBUG 2021-06-26 18:08:11,294 - ####################################################################################################
DEBUG 2021-06-26 18:08:11,299 - DOMAIN INFO
INFO 2021-06-26 18:08:11,299 - {
    "DOMAIN": "www.12golf.com", 
    "EXPIRATION": "2021-07-15 08:50:36", 
    "DAYS": "18 days, 14:42:25"
}
DEBUG 2021-06-26 18:53:02,584 - ####################################################################################################
DEBUG 2021-06-26 18:53:02,589 - DOMAIN INFO
INFO 2021-06-26 18:53:02,590 - {
    "DOMAIN": "hujidi.com", 
    "EXPIRATION": "2021-07-06 10:49:33", 
    "DAYS": "9 days, 15:56:31"
}
DEBUG 2021-06-26 18:54:27,098 - ####################################################################################################
DEBUG 2021-06-26 18:54:27,105 - DOMAIN INFO
INFO 2021-06-26 18:54:27,105 - {
    "DOMAIN": "bao5566.com", 
    "EXPIRATION": "2021-07-13 20:00:00", 
    "DAYS": "17 days, 1:05:33"
}
DEBUG 2021-06-26 18:54:28,004 - ####################################################################################################
DEBUG 2021-06-26 18:54:28,010 - DOMAIN INFO
INFO 2021-06-26 18:54:28,010 - {
    "DOMAIN": "www.bao5566.com", 
    "EXPIRATION": "2021-07-13 20:00:00", 
    "DAYS": "17 days, 1:05:33"
}
DEBUG 2021-06-26 19:02:45,293 - ####################################################################################################
DEBUG 2021-06-26 19:02:45,298 - DOMAIN INFO
INFO 2021-06-26 19:02:45,299 - {
    "DOMAIN": "wpc89.com", 
    "EXPIRATION": "2021-07-14 08:28:41", 
    "DAYS": "17 days, 13:25:56"
}
DEBUG 2021-06-26 19:02:46,725 - ####################################################################################################
DEBUG 2021-06-26 19:02:46,731 - DOMAIN INFO
INFO 2021-06-26 19:02:46,731 - {
    "DOMAIN": "www.wpc89.com", 
    "EXPIRATION": "2021-07-14 08:28:41", 
    "DAYS": "17 days, 13:25:55"
}
DEBUG 2021-06-26 19:08:08,457 - ####################################################################################################
DEBUG 2021-06-26 19:08:08,462 - DOMAIN INFO
INFO 2021-06-26 19:08:08,462 - {
    "DOMAIN": "12golf.com", 
    "EXPIRATION": "2021-07-15 08:50:36", 
    "DAYS": "18 days, 13:42:28"
}
DEBUG 2021-06-26 19:08:09,111 - ####################################################################################################
DEBUG 2021-06-26 19:08:09,116 - DOMAIN INFO
INFO 2021-06-26 19:08:09,116 - {
    "DOMAIN": "www.12golf.com", 
    "EXPIRATION": "2021-07-15 08:50:36", 
    "DAYS": "18 days, 13:42:27"
}
DEBUG 2021-06-26 19:53:09,560 - ####################################################################################################
DEBUG 2021-06-26 19:53:09,566 - DOMAIN INFO
INFO 2021-06-26 19:53:09,566 - {
    "DOMAIN": "hujidi.com", 
    "EXPIRATION": "2021-07-06 10:49:33", 
    "DAYS": "9 days, 14:56:24"
}
DEBUG 2021-06-26 19:54:26,119 - ####################################################################################################
DEBUG 2021-06-26 19:54:26,124 - DOMAIN INFO
INFO 2021-06-26 19:54:26,124 - {
    "DOMAIN": "bao5566.com", 
    "EXPIRATION": "2021-07-13 20:00:00", 
    "DAYS": "17 days, 0:05:34"
}
DEBUG 2021-06-26 19:54:26,624 - ####################################################################################################
DEBUG 2021-06-26 19:54:26,630 - DOMAIN INFO
INFO 2021-06-26 19:54:26,630 - {
    "DOMAIN": "www.bao5566.com", 
    "EXPIRATION": "2021-07-13 20:00:00", 
    "DAYS": "17 days, 0:05:34"
}
DEBUG 2021-06-26 20:02:46,659 - ####################################################################################################
DEBUG 2021-06-26 20:02:46,665 - DOMAIN INFO
INFO 2021-06-26 20:02:46,666 - {
    "DOMAIN": "wpc89.com", 
    "EXPIRATION": "2021-07-14 08:28:41", 
    "DAYS": "17 days, 12:25:55"
}
DEBUG 2021-06-26 20:02:48,446 - ####################################################################################################
DEBUG 2021-06-26 20:02:48,452 - DOMAIN INFO
INFO 2021-06-26 20:02:48,452 - {
    "DOMAIN": "www.wpc89.com", 
    "EXPIRATION": "2021-07-14 08:28:41", 
    "DAYS": "17 days, 12:25:53"
}
DEBUG 2021-06-26 20:08:02,934 - ####################################################################################################
DEBUG 2021-06-26 20:08:02,940 - DOMAIN INFO
INFO 2021-06-26 20:08:02,940 - {
    "DOMAIN": "12golf.com", 
    "EXPIRATION": "2021-07-15 08:50:36", 
    "DAYS": "18 days, 12:42:34"
}
DEBUG 2021-06-26 20:08:03,603 - ####################################################################################################
DEBUG 2021-06-26 20:08:03,610 - DOMAIN INFO
INFO 2021-06-26 20:08:03,610 - {
    "DOMAIN": "www.12golf.com", 
    "EXPIRATION": "2021-07-15 08:50:36", 
    "DAYS": "18 days, 12:42:33"
}
DEBUG 2021-06-26 20:53:08,998 - ####################################################################################################
DEBUG 2021-06-26 20:53:09,004 - DOMAIN INFO
INFO 2021-06-26 20:53:09,004 - {
    "DOMAIN": "hujidi.com", 
    "EXPIRATION": "2021-07-06 10:49:33", 
    "DAYS": "9 days, 13:56:25"
}
DEBUG 2021-06-26 20:54:25,580 - ####################################################################################################
DEBUG 2021-06-26 20:54:25,587 - DOMAIN INFO
INFO 2021-06-26 20:54:25,587 - {
    "DOMAIN": "bao5566.com", 
    "EXPIRATION": "2021-07-13 20:00:00", 
    "DAYS": "16 days, 23:05:35"
}
DEBUG 2021-06-26 20:54:25,865 - ####################################################################################################
DEBUG 2021-06-26 20:54:25,871 - DOMAIN INFO
INFO 2021-06-26 20:54:25,872 - {
    "DOMAIN": "www.bao5566.com", 
    "EXPIRATION": "2021-07-13 20:00:00", 
    "DAYS": "16 days, 23:05:35"
}
DEBUG 2021-06-26 21:02:47,183 - ####################################################################################################
DEBUG 2021-06-26 21:02:47,190 - DOMAIN INFO
INFO 2021-06-26 21:02:47,190 - {
    "DOMAIN": "wpc89.com", 
    "EXPIRATION": "2021-07-14 08:28:41", 
    "DAYS": "17 days, 11:25:54"
}
DEBUG 2021-06-26 21:02:47,706 - ####################################################################################################
DEBUG 2021-06-26 21:02:47,712 - DOMAIN INFO
INFO 2021-06-26 21:02:47,712 - {
    "DOMAIN": "www.wpc89.com", 
    "EXPIRATION": "2021-07-14 08:28:41", 
    "DAYS": "17 days, 11:25:54"
}
DEBUG 2021-06-26 21:08:14,497 - ####################################################################################################
DEBUG 2021-06-26 21:08:14,503 - DOMAIN INFO
INFO 2021-06-26 21:08:14,503 - {
    "DOMAIN": "12golf.com", 
    "EXPIRATION": "2021-07-15 08:50:36", 
    "DAYS": "18 days, 11:42:22"
}
DEBUG 2021-06-26 21:08:14,803 - ####################################################################################################
DEBUG 2021-06-26 21:08:14,809 - DOMAIN INFO
INFO 2021-06-26 21:08:14,809 - {
    "DOMAIN": "www.12golf.com", 
    "EXPIRATION": "2021-07-15 08:50:36", 
    "DAYS": "18 days, 11:42:22"
}
DEBUG 2021-06-26 21:53:08,617 - ####################################################################################################
DEBUG 2021-06-26 21:53:08,623 - DOMAIN INFO
INFO 2021-06-26 21:53:08,624 - {
    "DOMAIN": "hujidi.com", 
    "EXPIRATION": "2021-07-06 10:49:33", 
    "DAYS": "9 days, 12:56:25"
}
DEBUG 2021-06-26 21:54:27,173 - ####################################################################################################
DEBUG 2021-06-26 21:54:27,178 - DOMAIN INFO
INFO 2021-06-26 21:54:27,179 - {
    "DOMAIN": "bao5566.com", 
    "EXPIRATION": "2021-07-13 20:00:00", 
    "DAYS": "16 days, 22:05:33"
}
DEBUG 2021-06-26 21:54:27,800 - ####################################################################################################
DEBUG 2021-06-26 21:54:27,807 - DOMAIN INFO
INFO 2021-06-26 21:54:27,807 - {
    "DOMAIN": "www.bao5566.com", 
    "EXPIRATION": "2021-07-13 20:00:00", 
    "DAYS": "16 days, 22:05:33"
}
DEBUG 2021-06-26 22:02:43,486 - ####################################################################################################
DEBUG 2021-06-26 22:02:43,493 - DOMAIN INFO
INFO 2021-06-26 22:02:43,494 - {
    "DOMAIN": "wpc89.com", 
    "EXPIRATION": "2021-07-14 08:28:41", 
    "DAYS": "17 days, 10:25:58"
}
DEBUG 2021-06-26 22:02:44,917 - ####################################################################################################
DEBUG 2021-06-26 22:02:44,924 - DOMAIN INFO
INFO 2021-06-26 22:02:44,924 - {
    "DOMAIN": "www.wpc89.com", 
    "EXPIRATION": "2021-07-14 08:28:41", 
    "DAYS": "17 days, 10:25:57"
}
DEBUG 2021-06-26 22:08:11,210 - ####################################################################################################
DEBUG 2021-06-26 22:08:11,215 - DOMAIN INFO
INFO 2021-06-26 22:08:11,216 - {
    "DOMAIN": "12golf.com", 
    "EXPIRATION": "2021-07-15 08:50:36", 
    "DAYS": "18 days, 10:42:25"
}
DEBUG 2021-06-26 22:08:11,755 - ####################################################################################################
DEBUG 2021-06-26 22:08:11,760 - DOMAIN INFO
INFO 2021-06-26 22:08:11,760 - {
    "DOMAIN": "www.12golf.com", 
    "EXPIRATION": "2021-07-15 08:50:36", 
    "DAYS": "18 days, 10:42:25"
}
DEBUG 2021-06-26 22:53:09,454 - ####################################################################################################
DEBUG 2021-06-26 22:53:09,458 - DOMAIN INFO
INFO 2021-06-26 22:53:09,458 - {
    "DOMAIN": "hujidi.com", 
    "EXPIRATION": "2021-07-06 10:49:33", 
    "DAYS": "9 days, 11:56:24"
}
DEBUG 2021-06-26 22:54:26,678 - ####################################################################################################
DEBUG 2021-06-26 22:54:26,684 - DOMAIN INFO
INFO 2021-06-26 22:54:26,685 - {
    "DOMAIN": "bao5566.com", 
    "EXPIRATION": "2021-07-13 20:00:00", 
    "DAYS": "16 days, 21:05:34"
}
DEBUG 2021-06-26 22:54:28,589 - ####################################################################################################
DEBUG 2021-06-26 22:54:28,594 - DOMAIN INFO
INFO 2021-06-26 22:54:28,595 - {
    "DOMAIN": "www.bao5566.com", 
    "EXPIRATION": "2021-07-13 20:00:00", 
    "DAYS": "16 days, 21:05:32"
}
DEBUG 2021-06-26 23:02:48,404 - ####################################################################################################
DEBUG 2021-06-26 23:02:48,410 - DOMAIN INFO
INFO 2021-06-26 23:02:48,410 - {
    "DOMAIN": "wpc89.com", 
    "EXPIRATION": "2021-07-14 08:28:41", 
    "DAYS": "17 days, 9:25:53"
}
DEBUG 2021-06-26 23:02:48,812 - ####################################################################################################
DEBUG 2021-06-26 23:02:48,817 - DOMAIN INFO
INFO 2021-06-26 23:02:48,817 - {
    "DOMAIN": "www.wpc89.com", 
    "EXPIRATION": "2021-07-14 08:28:41", 
    "DAYS": "17 days, 9:25:53"
}
DEBUG 2021-06-26 23:08:10,332 - ####################################################################################################
DEBUG 2021-06-26 23:08:10,339 - DOMAIN INFO
INFO 2021-06-26 23:08:10,339 - {
    "DOMAIN": "12golf.com", 
    "EXPIRATION": "2021-07-15 08:50:36", 
    "DAYS": "18 days, 9:42:26"
}
DEBUG 2021-06-26 23:08:11,717 - ####################################################################################################
DEBUG 2021-06-26 23:08:11,722 - DOMAIN INFO
INFO 2021-06-26 23:08:11,722 - {
    "DOMAIN": "www.12golf.com", 
    "EXPIRATION": "2021-07-15 08:50:36", 
    "DAYS": "18 days, 9:42:25"
}
DEBUG 2021-06-26 23:53:05,423 - ####################################################################################################
DEBUG 2021-06-26 23:53:05,428 - DOMAIN INFO
INFO 2021-06-26 23:53:05,428 - {
    "DOMAIN": "hujidi.com", 
    "EXPIRATION": "2021-07-06 10:49:33", 
    "DAYS": "9 days, 10:56:28"
}
DEBUG 2021-06-26 23:54:27,321 - ####################################################################################################
DEBUG 2021-06-26 23:54:27,328 - DOMAIN INFO
INFO 2021-06-26 23:54:27,329 - {
    "DOMAIN": "bao5566.com", 
    "EXPIRATION": "2021-07-13 20:00:00", 
    "DAYS": "16 days, 20:05:33"
}
DEBUG 2021-06-26 23:54:28,491 - ####################################################################################################
DEBUG 2021-06-26 23:54:28,497 - DOMAIN INFO
INFO 2021-06-26 23:54:28,497 - {
    "DOMAIN": "www.bao5566.com", 
    "EXPIRATION": "2021-07-13 20:00:00", 
    "DAYS": "16 days, 20:05:32"
}
