DEBUG 2021-06-22 00:26:13,564 - ####################################################################################################
DEBUG 2021-06-22 00:26:13,570 - DOMAIN INFO
INFO 2021-06-22 00:26:13,570 - {
    "DOMAIN": "www.asiaroutes.com", 
    "EXPIRATION": "2021-06-23 16:11:35", 
    "DAYS": "1 day, 15:45:22"
}
DEBUG 2021-06-22 00:53:06,921 - ####################################################################################################
DEBUG 2021-06-22 00:53:06,927 - DOMAIN INFO
INFO 2021-06-22 00:53:06,928 - {
    "DOMAIN": "hujidi.com", 
    "EXPIRATION": "2021-07-06 10:49:33", 
    "DAYS": "14 days, 9:56:27"
}
DEBUG 2021-06-22 01:26:11,618 - ####################################################################################################
DEBUG 2021-06-22 01:26:11,624 - DOMAIN INFO
INFO 2021-06-22 01:26:11,625 - {
    "DOMAIN": "www.asiaroutes.com", 
    "EXPIRATION": "2021-06-23 16:11:35", 
    "DAYS": "1 day, 14:45:24"
}
DEBUG 2021-06-22 01:53:03,522 - ####################################################################################################
DEBUG 2021-06-22 01:53:03,528 - DOMAIN INFO
INFO 2021-06-22 01:53:03,528 - {
    "DOMAIN": "hujidi.com", 
    "EXPIRATION": "2021-07-06 10:49:33", 
    "DAYS": "14 days, 8:56:30"
}
DEBUG 2021-06-22 02:26:12,918 - ####################################################################################################
DEBUG 2021-06-22 02:26:12,924 - DOMAIN INFO
INFO 2021-06-22 02:26:12,924 - {
    "DOMAIN": "www.asiaroutes.com", 
    "EXPIRATION": "2021-06-23 16:11:35", 
    "DAYS": "1 day, 13:45:23"
}
DEBUG 2021-06-22 02:53:03,602 - ####################################################################################################
DEBUG 2021-06-22 02:53:03,608 - DOMAIN INFO
INFO 2021-06-22 02:53:03,608 - {
    "DOMAIN": "hujidi.com", 
    "EXPIRATION": "2021-07-06 10:49:33", 
    "DAYS": "14 days, 7:56:30"
}
DEBUG 2021-06-22 03:26:09,527 - ####################################################################################################
DEBUG 2021-06-22 03:26:09,534 - DOMAIN INFO
INFO 2021-06-22 03:26:09,534 - {
    "DOMAIN": "www.asiaroutes.com", 
    "EXPIRATION": "2021-06-23 16:11:35", 
    "DAYS": "1 day, 12:45:26"
}
DEBUG 2021-06-22 03:53:02,418 - ####################################################################################################
DEBUG 2021-06-22 03:53:02,423 - DOMAIN INFO
INFO 2021-06-22 03:53:02,423 - {
    "DOMAIN": "hujidi.com", 
    "EXPIRATION": "2021-07-06 10:49:33", 
    "DAYS": "14 days, 6:56:31"
}
DEBUG 2021-06-22 04:26:14,006 - ####################################################################################################
DEBUG 2021-06-22 04:26:14,012 - DOMAIN INFO
INFO 2021-06-22 04:26:14,012 - {
    "DOMAIN": "www.asiaroutes.com", 
    "EXPIRATION": "2021-06-23 16:11:35", 
    "DAYS": "1 day, 11:45:22"
}
DEBUG 2021-06-22 04:52:59,741 - ####################################################################################################
DEBUG 2021-06-22 04:52:59,747 - DOMAIN INFO
INFO 2021-06-22 04:52:59,747 - {
    "DOMAIN": "hujidi.com", 
    "EXPIRATION": "2021-07-06 10:49:33", 
    "DAYS": "14 days, 5:56:34"
}
DEBUG 2021-06-22 05:26:09,460 - ####################################################################################################
DEBUG 2021-06-22 05:26:09,466 - DOMAIN INFO
INFO 2021-06-22 05:26:09,466 - {
    "DOMAIN": "www.asiaroutes.com", 
    "EXPIRATION": "2021-06-23 16:11:35", 
    "DAYS": "1 day, 10:45:26"
}
DEBUG 2021-06-22 05:32:21,071 - ####################################################################################################
DEBUG 2021-06-22 05:32:21,077 - DOMAIN INFO
INFO 2021-06-22 05:32:21,077 - {
    "DOMAIN": "jsh8.me", 
    "EXPIRATION": "2021-08-30 07:28:15", 
    "DAYS": "69 days, 1:55:54"
}
DEBUG 2021-06-22 05:53:02,843 - ####################################################################################################
DEBUG 2021-06-22 05:53:02,850 - DOMAIN INFO
INFO 2021-06-22 05:53:02,850 - {
    "DOMAIN": "hujidi.com", 
    "EXPIRATION": "2021-07-06 10:49:33", 
    "DAYS": "14 days, 4:56:31"
}
DEBUG 2021-06-22 06:26:11,889 - ####################################################################################################
DEBUG 2021-06-22 06:26:11,894 - DOMAIN INFO
INFO 2021-06-22 06:26:11,895 - {
    "DOMAIN": "www.asiaroutes.com", 
    "EXPIRATION": "2021-06-23 16:11:35", 
    "DAYS": "1 day, 9:45:24"
}
DEBUG 2021-06-22 06:32:51,362 - ####################################################################################################
DEBUG 2021-06-22 06:32:51,368 - DOMAIN INFO
INFO 2021-06-22 06:32:51,368 - {
    "DOMAIN": "jin71.com", 
    "EXPIRATION": "2021-08-30 07:48:36", 
    "DAYS": "69 days, 1:15:45"
}
DEBUG 2021-06-22 06:32:52,514 - ####################################################################################################
DEBUG 2021-06-22 06:32:52,519 - DOMAIN INFO
INFO 2021-06-22 06:32:52,520 - {
    "DOMAIN": "xindeli030.com", 
    "EXPIRATION": "2021-08-30 18:02:07", 
    "DAYS": "69 days, 11:29:15"
}
DEBUG 2021-06-22 06:32:53,971 - ####################################################################################################
DEBUG 2021-06-22 06:32:53,977 - DOMAIN INFO
INFO 2021-06-22 06:32:53,977 - {
    "DOMAIN": "eu138.com", 
    "EXPIRATION": "2021-09-13 23:41:16", 
    "DAYS": "83 days, 17:08:23"
}
DEBUG 2021-06-22 06:53:05,620 - ####################################################################################################
DEBUG 2021-06-22 06:53:05,626 - DOMAIN INFO
INFO 2021-06-22 06:53:05,626 - {
    "DOMAIN": "hujidi.com", 
    "EXPIRATION": "2021-07-06 10:49:33", 
    "DAYS": "14 days, 3:56:28"
}
DEBUG 2021-06-22 07:26:10,730 - ####################################################################################################
DEBUG 2021-06-22 07:26:10,736 - DOMAIN INFO
INFO 2021-06-22 07:26:10,737 - {
    "DOMAIN": "www.asiaroutes.com", 
    "EXPIRATION": "2021-06-23 16:11:35", 
    "DAYS": "1 day, 8:45:25"
}
DEBUG 2021-06-22 07:53:05,361 - ####################################################################################################
DEBUG 2021-06-22 07:53:05,367 - DOMAIN INFO
INFO 2021-06-22 07:53:05,368 - {
    "DOMAIN": "hujidi.com", 
    "EXPIRATION": "2021-07-06 10:49:33", 
    "DAYS": "14 days, 2:56:28"
}
DEBUG 2021-06-22 08:26:11,017 - ####################################################################################################
DEBUG 2021-06-22 08:26:11,023 - DOMAIN INFO
INFO 2021-06-22 08:26:11,024 - {
    "DOMAIN": "www.asiaroutes.com", 
    "EXPIRATION": "2021-06-23 16:11:35", 
    "DAYS": "1 day, 7:45:24"
}
DEBUG 2021-06-22 08:52:58,501 - ####################################################################################################
DEBUG 2021-06-22 08:52:58,507 - DOMAIN INFO
INFO 2021-06-22 08:52:58,507 - {
    "DOMAIN": "hujidi.com", 
    "EXPIRATION": "2021-07-06 10:49:33", 
    "DAYS": "14 days, 1:56:35"
}
DEBUG 2021-06-22 09:26:12,620 - ####################################################################################################
DEBUG 2021-06-22 09:26:12,626 - DOMAIN INFO
INFO 2021-06-22 09:26:12,626 - {
    "DOMAIN": "www.asiaroutes.com", 
    "EXPIRATION": "2021-06-23 16:11:35", 
    "DAYS": "1 day, 6:45:23"
}
DEBUG 2021-06-22 09:53:05,121 - ####################################################################################################
DEBUG 2021-06-22 09:53:05,127 - DOMAIN INFO
INFO 2021-06-22 09:53:05,127 - {
    "DOMAIN": "hujidi.com", 
    "EXPIRATION": "2021-07-06 10:49:33", 
    "DAYS": "14 days, 0:56:28"
}
DEBUG 2021-06-22 10:26:11,058 - ####################################################################################################
DEBUG 2021-06-22 10:26:11,064 - DOMAIN INFO
INFO 2021-06-22 10:26:11,064 - {
    "DOMAIN": "www.asiaroutes.com", 
    "EXPIRATION": "2021-06-23 16:11:35", 
    "DAYS": "1 day, 5:45:24"
}
DEBUG 2021-06-22 10:53:04,162 - ####################################################################################################
DEBUG 2021-06-22 10:53:04,168 - DOMAIN INFO
INFO 2021-06-22 10:53:04,168 - {
    "DOMAIN": "hujidi.com", 
    "EXPIRATION": "2021-07-06 10:49:33", 
    "DAYS": "13 days, 23:56:29"
}
DEBUG 2021-06-22 11:26:13,852 - ####################################################################################################
DEBUG 2021-06-22 11:26:13,857 - DOMAIN INFO
INFO 2021-06-22 11:26:13,858 - {
    "DOMAIN": "www.asiaroutes.com", 
    "EXPIRATION": "2021-06-23 16:11:35", 
    "DAYS": "1 day, 4:45:22"
}
DEBUG 2021-06-22 11:53:04,488 - ####################################################################################################
DEBUG 2021-06-22 11:53:04,493 - DOMAIN INFO
INFO 2021-06-22 11:53:04,494 - {
    "DOMAIN": "hujidi.com", 
    "EXPIRATION": "2021-07-06 10:49:33", 
    "DAYS": "13 days, 22:56:29"
}
DEBUG 2021-06-22 12:53:06,425 - ####################################################################################################
DEBUG 2021-06-22 12:53:06,430 - DOMAIN INFO
INFO 2021-06-22 12:53:06,431 - {
    "DOMAIN": "hujidi.com", 
    "EXPIRATION": "2021-07-06 10:49:33", 
    "DAYS": "13 days, 21:56:27"
}
DEBUG 2021-06-22 13:53:03,700 - ####################################################################################################
DEBUG 2021-06-22 13:53:03,705 - DOMAIN INFO
INFO 2021-06-22 13:53:03,706 - {
    "DOMAIN": "hujidi.com", 
    "EXPIRATION": "2021-07-06 10:49:33", 
    "DAYS": "13 days, 20:56:30"
}
DEBUG 2021-06-22 14:26:12,144 - ####################################################################################################
DEBUG 2021-06-22 14:26:12,150 - DOMAIN INFO
INFO 2021-06-22 14:26:12,151 - {
    "DOMAIN": "www.asiaroutes.com", 
    "EXPIRATION": "2021-06-23 16:11:35", 
    "DAYS": "1 day, 1:45:23"
}
DEBUG 2021-06-22 14:53:06,181 - ####################################################################################################
DEBUG 2021-06-22 14:53:06,186 - DOMAIN INFO
INFO 2021-06-22 14:53:06,187 - {
    "DOMAIN": "hujidi.com", 
    "EXPIRATION": "2021-07-06 10:49:33", 
    "DAYS": "13 days, 19:56:27"
}
DEBUG 2021-06-22 15:26:13,081 - ####################################################################################################
DEBUG 2021-06-22 15:26:13,088 - DOMAIN INFO
INFO 2021-06-22 15:26:13,088 - {
    "DOMAIN": "www.asiaroutes.com", 
    "EXPIRATION": "2021-06-23 16:11:35", 
    "DAYS": "1 day, 0:45:22"
}
DEBUG 2021-06-22 15:53:09,389 - ####################################################################################################
DEBUG 2021-06-22 15:53:09,394 - DOMAIN INFO
INFO 2021-06-22 15:53:09,394 - {
    "DOMAIN": "hujidi.com", 
    "EXPIRATION": "2021-07-06 10:49:33", 
    "DAYS": "13 days, 18:56:24"
}
DEBUG 2021-06-22 16:26:10,873 - ####################################################################################################
DEBUG 2021-06-22 16:26:10,881 - DOMAIN INFO
INFO 2021-06-22 16:26:10,881 - {
    "DOMAIN": "www.asiaroutes.com", 
    "EXPIRATION": "2021-06-23 16:11:35", 
    "DAYS": "23:45:25"
}
DEBUG 2021-06-22 16:53:05,229 - ####################################################################################################
DEBUG 2021-06-22 16:53:05,236 - DOMAIN INFO
INFO 2021-06-22 16:53:05,236 - {
    "DOMAIN": "hujidi.com", 
    "EXPIRATION": "2021-07-06 10:49:33", 
    "DAYS": "13 days, 17:56:28"
}
DEBUG 2021-06-22 17:26:11,021 - ####################################################################################################
DEBUG 2021-06-22 17:26:11,028 - DOMAIN INFO
INFO 2021-06-22 17:26:11,028 - {
    "DOMAIN": "www.asiaroutes.com", 
    "EXPIRATION": "2021-06-23 16:11:35", 
    "DAYS": "22:45:24"
}
DEBUG 2021-06-22 17:53:06,616 - ####################################################################################################
DEBUG 2021-06-22 17:53:06,622 - DOMAIN INFO
INFO 2021-06-22 17:53:06,622 - {
    "DOMAIN": "hujidi.com", 
    "EXPIRATION": "2021-07-06 10:49:33", 
    "DAYS": "13 days, 16:56:27"
}
DEBUG 2021-06-22 18:26:10,386 - ####################################################################################################
DEBUG 2021-06-22 18:26:10,393 - DOMAIN INFO
INFO 2021-06-22 18:26:10,394 - {
    "DOMAIN": "www.asiaroutes.com", 
    "EXPIRATION": "2021-06-23 16:11:35", 
    "DAYS": "21:45:25"
}
DEBUG 2021-06-22 18:53:01,634 - ####################################################################################################
DEBUG 2021-06-22 18:53:01,639 - DOMAIN INFO
INFO 2021-06-22 18:53:01,640 - {
    "DOMAIN": "hujidi.com", 
    "EXPIRATION": "2021-07-06 10:49:33", 
    "DAYS": "13 days, 15:56:32"
}
DEBUG 2021-06-22 19:26:11,847 - ####################################################################################################
DEBUG 2021-06-22 19:26:11,854 - DOMAIN INFO
INFO 2021-06-22 19:26:11,854 - {
    "DOMAIN": "www.asiaroutes.com", 
    "EXPIRATION": "2021-06-23 16:11:35", 
    "DAYS": "20:45:24"
}
DEBUG 2021-06-22 19:53:03,980 - ####################################################################################################
DEBUG 2021-06-22 19:53:03,987 - DOMAIN INFO
INFO 2021-06-22 19:53:03,987 - {
    "DOMAIN": "hujidi.com", 
    "EXPIRATION": "2021-07-06 10:49:33", 
    "DAYS": "13 days, 14:56:30"
}
DEBUG 2021-06-22 20:26:08,912 - ####################################################################################################
DEBUG 2021-06-22 20:26:08,917 - DOMAIN INFO
INFO 2021-06-22 20:26:08,918 - {
    "DOMAIN": "www.asiaroutes.com", 
    "EXPIRATION": "2021-06-23 16:11:35", 
    "DAYS": "19:45:27"
}
DEBUG 2021-06-22 20:53:04,423 - ####################################################################################################
DEBUG 2021-06-22 20:53:04,428 - DOMAIN INFO
INFO 2021-06-22 20:53:04,429 - {
    "DOMAIN": "hujidi.com", 
    "EXPIRATION": "2021-07-06 10:49:33", 
    "DAYS": "13 days, 13:56:29"
}
DEBUG 2021-06-22 21:26:10,361 - ####################################################################################################
DEBUG 2021-06-22 21:26:10,367 - DOMAIN INFO
INFO 2021-06-22 21:26:10,367 - {
    "DOMAIN": "www.asiaroutes.com", 
    "EXPIRATION": "2021-06-23 16:11:35", 
    "DAYS": "18:45:25"
}
DEBUG 2021-06-22 21:53:03,182 - ####################################################################################################
DEBUG 2021-06-22 21:53:03,187 - DOMAIN INFO
INFO 2021-06-22 21:53:03,188 - {
    "DOMAIN": "hujidi.com", 
    "EXPIRATION": "2021-07-06 10:49:33", 
    "DAYS": "13 days, 12:56:30"
}
DEBUG 2021-06-22 22:26:14,133 - ####################################################################################################
DEBUG 2021-06-22 22:26:14,140 - DOMAIN INFO
INFO 2021-06-22 22:26:14,140 - {
    "DOMAIN": "www.asiaroutes.com", 
    "EXPIRATION": "2021-06-23 16:11:35", 
    "DAYS": "17:45:21"
}
DEBUG 2021-06-22 22:53:03,291 - ####################################################################################################
DEBUG 2021-06-22 22:53:03,297 - DOMAIN INFO
INFO 2021-06-22 22:53:03,297 - {
    "DOMAIN": "hujidi.com", 
    "EXPIRATION": "2021-07-06 10:49:33", 
    "DAYS": "13 days, 11:56:30"
}
DEBUG 2021-06-22 23:26:12,703 - ####################################################################################################
DEBUG 2021-06-22 23:26:12,709 - DOMAIN INFO
INFO 2021-06-22 23:26:12,709 - {
    "DOMAIN": "www.asiaroutes.com", 
    "EXPIRATION": "2021-06-23 16:11:35", 
    "DAYS": "16:45:23"
}
DEBUG 2021-06-22 23:53:05,041 - ####################################################################################################
DEBUG 2021-06-22 23:53:05,047 - DOMAIN INFO
INFO 2021-06-22 23:53:05,048 - {
    "DOMAIN": "hujidi.com", 
    "EXPIRATION": "2021-07-06 10:49:33", 
    "DAYS": "13 days, 10:56:28"
}
