DEBUG 2021-07-02 00:02:55,634 - ####################################################################################################
DEBUG 2021-07-02 00:02:55,639 - DOMAIN INFO
INFO 2021-07-02 00:02:55,639 - {
    "DOMAIN": "www.wpc89.com", 
    "EXPIRATION": "2021-07-14 08:28:41", 
    "DAYS": "12 days, 8:25:46"
}
DEBUG 2021-07-02 00:02:58,160 - ####################################################################################################
DEBUG 2021-07-02 00:02:58,165 - DOMAIN ERROR
INFO 2021-07-02 00:02:58,166 - {
    "DOMAIN": "wpc89.com", 
    "DOMAIN_CURL": 12, 
    "ERROR": "[Errno 110] Connection timed out"
}
DEBUG 2021-07-02 00:08:16,890 - ####################################################################################################
DEBUG 2021-07-02 00:08:16,895 - DOMAIN INFO
INFO 2021-07-02 00:08:16,896 - {
    "DOMAIN": "12golf.com", 
    "EXPIRATION": "2021-09-27 23:37:15", 
    "DAYS": "87 days, 23:28:59"
}
DEBUG 2021-07-02 00:08:17,367 - ####################################################################################################
DEBUG 2021-07-02 00:08:17,373 - DOMAIN INFO
INFO 2021-07-02 00:08:17,373 - {
    "DOMAIN": "www.12golf.com", 
    "EXPIRATION": "2021-09-27 23:37:15", 
    "DAYS": "87 days, 23:28:58"
}
DEBUG 2021-07-02 00:24:26,401 - ####################################################################################################
DEBUG 2021-07-02 00:24:26,407 - DOMAIN INFO
INFO 2021-07-02 00:24:26,408 - {
    "DOMAIN": "www.wukongchat.com", 
    "EXPIRATION": "2021-07-18 17:04:26", 
    "DAYS": "16 days, 16:40:00"
}
DEBUG 2021-07-02 00:32:20,014 - ####################################################################################################
DEBUG 2021-07-02 00:32:20,020 - DOMAIN INFO
INFO 2021-07-02 00:32:20,021 - {
    "DOMAIN": "tochat333.com", 
    "EXPIRATION": "2021-07-19 16:18:13", 
    "DAYS": "17 days, 15:45:53"
}
DEBUG 2021-07-02 00:32:22,754 - ####################################################################################################
DEBUG 2021-07-02 00:32:22,761 - DOMAIN INFO
INFO 2021-07-02 00:32:22,761 - {
    "DOMAIN": "jbl.live", 
    "EXPIRATION": "2021-07-19 20:00:00", 
    "DAYS": "17 days, 19:27:38"
}
DEBUG 2021-07-02 00:32:23,167 - ####################################################################################################
DEBUG 2021-07-02 00:32:23,173 - DOMAIN INFO
INFO 2021-07-02 00:32:23,174 - {
    "DOMAIN": "www.jbl.live", 
    "EXPIRATION": "2021-07-19 20:00:00", 
    "DAYS": "17 days, 19:27:37"
}
DEBUG 2021-07-02 00:53:07,955 - ####################################################################################################
DEBUG 2021-07-02 00:53:07,961 - DOMAIN INFO
INFO 2021-07-02 00:53:07,961 - {
    "DOMAIN": "hujidi.com", 
    "EXPIRATION": "2021-07-06 10:49:33", 
    "DAYS": "4 days, 9:56:26"
}
DEBUG 2021-07-02 01:02:47,108 - ####################################################################################################
DEBUG 2021-07-02 01:02:47,114 - DOMAIN INFO
INFO 2021-07-02 01:02:47,115 - {
    "DOMAIN": "wpc89.com", 
    "EXPIRATION": "2021-07-14 08:28:41", 
    "DAYS": "12 days, 7:25:54"
}
DEBUG 2021-07-02 01:02:49,714 - ####################################################################################################
DEBUG 2021-07-02 01:02:49,720 - DOMAIN INFO
INFO 2021-07-02 01:02:49,720 - {
    "DOMAIN": "www.wpc89.com", 
    "EXPIRATION": "2021-07-14 08:28:41", 
    "DAYS": "12 days, 7:25:52"
}
DEBUG 2021-07-02 01:08:12,141 - ####################################################################################################
DEBUG 2021-07-02 01:08:12,146 - DOMAIN INFO
INFO 2021-07-02 01:08:12,146 - {
    "DOMAIN": "12golf.com", 
    "EXPIRATION": "2021-09-27 23:37:15", 
    "DAYS": "87 days, 22:29:03"
}
DEBUG 2021-07-02 01:08:13,581 - ####################################################################################################
DEBUG 2021-07-02 01:08:13,586 - DOMAIN INFO
INFO 2021-07-02 01:08:13,586 - {
    "DOMAIN": "www.12golf.com", 
    "EXPIRATION": "2021-09-27 23:37:15", 
    "DAYS": "87 days, 22:29:02"
}
DEBUG 2021-07-02 01:24:27,906 - ####################################################################################################
DEBUG 2021-07-02 01:24:27,913 - DOMAIN INFO
INFO 2021-07-02 01:24:27,913 - {
    "DOMAIN": "www.wukongchat.com", 
    "EXPIRATION": "2021-07-18 17:04:26", 
    "DAYS": "16 days, 15:39:59"
}
DEBUG 2021-07-02 01:32:19,262 - ####################################################################################################
DEBUG 2021-07-02 01:32:19,268 - DOMAIN INFO
INFO 2021-07-02 01:32:19,269 - {
    "DOMAIN": "tochat333.com", 
    "EXPIRATION": "2021-07-19 16:18:13", 
    "DAYS": "17 days, 14:45:54"
}
DEBUG 2021-07-02 01:32:21,688 - ####################################################################################################
DEBUG 2021-07-02 01:32:21,693 - DOMAIN INFO
INFO 2021-07-02 01:32:21,693 - {
    "DOMAIN": "jbl.live", 
    "EXPIRATION": "2021-07-19 20:00:00", 
    "DAYS": "17 days, 18:27:39"
}
DEBUG 2021-07-02 01:32:22,500 - ####################################################################################################
DEBUG 2021-07-02 01:32:22,505 - DOMAIN INFO
INFO 2021-07-02 01:32:22,506 - {
    "DOMAIN": "www.jbl.live", 
    "EXPIRATION": "2021-07-19 20:00:00", 
    "DAYS": "17 days, 18:27:38"
}
DEBUG 2021-07-02 01:53:08,868 - ####################################################################################################
DEBUG 2021-07-02 01:53:08,873 - DOMAIN INFO
INFO 2021-07-02 01:53:08,873 - {
    "DOMAIN": "hujidi.com", 
    "EXPIRATION": "2021-07-06 10:49:33", 
    "DAYS": "4 days, 8:56:25"
}
DEBUG 2021-07-02 02:02:44,413 - ####################################################################################################
DEBUG 2021-07-02 02:02:44,421 - DOMAIN INFO
INFO 2021-07-02 02:02:44,421 - {
    "DOMAIN": "wpc89.com", 
    "EXPIRATION": "2021-07-14 08:28:41", 
    "DAYS": "12 days, 6:25:57"
}
DEBUG 2021-07-02 02:02:45,845 - ####################################################################################################
DEBUG 2021-07-02 02:02:45,849 - DOMAIN INFO
INFO 2021-07-02 02:02:45,849 - {
    "DOMAIN": "www.wpc89.com", 
    "EXPIRATION": "2021-07-14 08:28:41", 
    "DAYS": "12 days, 6:25:56"
}
DEBUG 2021-07-02 02:08:09,697 - ####################################################################################################
DEBUG 2021-07-02 02:08:09,703 - DOMAIN INFO
INFO 2021-07-02 02:08:09,703 - {
    "DOMAIN": "12golf.com", 
    "EXPIRATION": "2021-09-27 23:37:15", 
    "DAYS": "87 days, 21:29:06"
}
DEBUG 2021-07-02 02:08:10,661 - ####################################################################################################
DEBUG 2021-07-02 02:08:10,666 - DOMAIN INFO
INFO 2021-07-02 02:08:10,666 - {
    "DOMAIN": "www.12golf.com", 
    "EXPIRATION": "2021-09-27 23:37:15", 
    "DAYS": "87 days, 21:29:05"
}
DEBUG 2021-07-02 02:24:28,300 - ####################################################################################################
DEBUG 2021-07-02 02:24:28,306 - DOMAIN INFO
INFO 2021-07-02 02:24:28,306 - {
    "DOMAIN": "www.wukongchat.com", 
    "EXPIRATION": "2021-07-18 17:04:26", 
    "DAYS": "16 days, 14:39:58"
}
DEBUG 2021-07-02 02:32:20,230 - ####################################################################################################
DEBUG 2021-07-02 02:32:20,237 - DOMAIN INFO
INFO 2021-07-02 02:32:20,237 - {
    "DOMAIN": "tochat333.com", 
    "EXPIRATION": "2021-07-19 16:18:13", 
    "DAYS": "17 days, 13:45:53"
}
DEBUG 2021-07-02 02:32:22,777 - ####################################################################################################
DEBUG 2021-07-02 02:32:22,782 - DOMAIN INFO
INFO 2021-07-02 02:32:22,782 - {
    "DOMAIN": "jbl.live", 
    "EXPIRATION": "2021-07-19 20:00:00", 
    "DAYS": "17 days, 17:27:38"
}
DEBUG 2021-07-02 02:32:23,606 - ####################################################################################################
DEBUG 2021-07-02 02:32:23,613 - DOMAIN INFO
INFO 2021-07-02 02:32:23,613 - {
    "DOMAIN": "www.jbl.live", 
    "EXPIRATION": "2021-07-19 20:00:00", 
    "DAYS": "17 days, 17:27:37"
}
DEBUG 2021-07-02 02:53:09,724 - ####################################################################################################
DEBUG 2021-07-02 02:53:09,729 - DOMAIN INFO
INFO 2021-07-02 02:53:09,730 - {
    "DOMAIN": "hujidi.com", 
    "EXPIRATION": "2021-07-06 10:49:33", 
    "DAYS": "4 days, 7:56:24"
}
DEBUG 2021-07-02 03:02:48,630 - ####################################################################################################
DEBUG 2021-07-02 03:02:48,636 - DOMAIN INFO
INFO 2021-07-02 03:02:48,636 - {
    "DOMAIN": "wpc89.com", 
    "EXPIRATION": "2021-07-14 08:28:41", 
    "DAYS": "12 days, 5:25:53"
}
DEBUG 2021-07-02 03:02:49,960 - ####################################################################################################
DEBUG 2021-07-02 03:02:49,966 - DOMAIN INFO
INFO 2021-07-02 03:02:49,966 - {
    "DOMAIN": "www.wpc89.com", 
    "EXPIRATION": "2021-07-14 08:28:41", 
    "DAYS": "12 days, 5:25:52"
}
DEBUG 2021-07-02 03:08:12,565 - ####################################################################################################
DEBUG 2021-07-02 03:08:12,571 - DOMAIN INFO
INFO 2021-07-02 03:08:12,571 - {
    "DOMAIN": "12golf.com", 
    "EXPIRATION": "2021-09-27 23:37:15", 
    "DAYS": "87 days, 20:29:03"
}
DEBUG 2021-07-02 03:08:13,638 - ####################################################################################################
DEBUG 2021-07-02 03:08:13,643 - DOMAIN INFO
INFO 2021-07-02 03:08:13,644 - {
    "DOMAIN": "www.12golf.com", 
    "EXPIRATION": "2021-09-27 23:37:15", 
    "DAYS": "87 days, 20:29:02"
}
DEBUG 2021-07-02 03:24:26,644 - ####################################################################################################
DEBUG 2021-07-02 03:24:26,649 - DOMAIN INFO
INFO 2021-07-02 03:24:26,649 - {
    "DOMAIN": "www.wukongchat.com", 
    "EXPIRATION": "2021-07-18 17:04:26", 
    "DAYS": "16 days, 13:40:00"
}
DEBUG 2021-07-02 03:32:20,445 - ####################################################################################################
DEBUG 2021-07-02 03:32:20,452 - DOMAIN INFO
INFO 2021-07-02 03:32:20,452 - {
    "DOMAIN": "tochat333.com", 
    "EXPIRATION": "2021-07-19 16:18:13", 
    "DAYS": "17 days, 12:45:53"
}
DEBUG 2021-07-02 03:32:22,565 - ####################################################################################################
DEBUG 2021-07-02 03:32:22,570 - DOMAIN INFO
INFO 2021-07-02 03:32:22,571 - {
    "DOMAIN": "jbl.live", 
    "EXPIRATION": "2021-07-19 20:00:00", 
    "DAYS": "17 days, 16:27:38"
}
DEBUG 2021-07-02 03:32:22,968 - ####################################################################################################
DEBUG 2021-07-02 03:32:22,974 - DOMAIN INFO
INFO 2021-07-02 03:32:22,975 - {
    "DOMAIN": "www.jbl.live", 
    "EXPIRATION": "2021-07-19 20:00:00", 
    "DAYS": "17 days, 16:27:38"
}
DEBUG 2021-07-02 03:53:05,171 - ####################################################################################################
DEBUG 2021-07-02 03:53:05,178 - DOMAIN INFO
INFO 2021-07-02 03:53:05,179 - {
    "DOMAIN": "hujidi.com", 
    "EXPIRATION": "2021-07-06 10:49:33", 
    "DAYS": "4 days, 6:56:28"
}
DEBUG 2021-07-02 04:02:48,064 - ####################################################################################################
DEBUG 2021-07-02 04:02:48,070 - DOMAIN INFO
INFO 2021-07-02 04:02:48,070 - {
    "DOMAIN": "wpc89.com", 
    "EXPIRATION": "2021-07-14 08:28:41", 
    "DAYS": "12 days, 4:25:53"
}
DEBUG 2021-07-02 04:02:48,481 - ####################################################################################################
DEBUG 2021-07-02 04:02:48,487 - DOMAIN INFO
INFO 2021-07-02 04:02:48,487 - {
    "DOMAIN": "www.wpc89.com", 
    "EXPIRATION": "2021-07-14 08:28:41", 
    "DAYS": "12 days, 4:25:53"
}
DEBUG 2021-07-02 04:08:10,246 - ####################################################################################################
DEBUG 2021-07-02 04:08:10,252 - DOMAIN INFO
INFO 2021-07-02 04:08:10,252 - {
    "DOMAIN": "12golf.com", 
    "EXPIRATION": "2021-09-27 23:37:15", 
    "DAYS": "87 days, 19:29:05"
}
DEBUG 2021-07-02 04:08:11,184 - ####################################################################################################
DEBUG 2021-07-02 04:08:11,190 - DOMAIN INFO
INFO 2021-07-02 04:08:11,191 - {
    "DOMAIN": "www.12golf.com", 
    "EXPIRATION": "2021-09-27 23:37:15", 
    "DAYS": "87 days, 19:29:04"
}
DEBUG 2021-07-02 04:24:26,449 - ####################################################################################################
DEBUG 2021-07-02 04:24:26,454 - DOMAIN INFO
INFO 2021-07-02 04:24:26,455 - {
    "DOMAIN": "www.wukongchat.com", 
    "EXPIRATION": "2021-07-18 17:04:26", 
    "DAYS": "16 days, 12:40:00"
}
DEBUG 2021-07-02 04:32:19,856 - ####################################################################################################
DEBUG 2021-07-02 04:32:19,862 - DOMAIN INFO
INFO 2021-07-02 04:32:19,862 - {
    "DOMAIN": "tochat333.com", 
    "EXPIRATION": "2021-07-19 16:18:13", 
    "DAYS": "17 days, 11:45:54"
}
DEBUG 2021-07-02 04:32:22,245 - ####################################################################################################
DEBUG 2021-07-02 04:32:22,251 - DOMAIN INFO
INFO 2021-07-02 04:32:22,251 - {
    "DOMAIN": "jbl.live", 
    "EXPIRATION": "2021-07-19 20:00:00", 
    "DAYS": "17 days, 15:27:38"
}
DEBUG 2021-07-02 04:32:22,587 - ####################################################################################################
DEBUG 2021-07-02 04:32:22,594 - DOMAIN INFO
INFO 2021-07-02 04:32:22,594 - {
    "DOMAIN": "www.jbl.live", 
    "EXPIRATION": "2021-07-19 20:00:00", 
    "DAYS": "17 days, 15:27:38"
}
DEBUG 2021-07-02 04:53:06,628 - ####################################################################################################
DEBUG 2021-07-02 04:53:06,633 - DOMAIN INFO
INFO 2021-07-02 04:53:06,634 - {
    "DOMAIN": "hujidi.com", 
    "EXPIRATION": "2021-07-06 10:49:33", 
    "DAYS": "4 days, 5:56:27"
}
DEBUG 2021-07-02 05:02:48,875 - ####################################################################################################
DEBUG 2021-07-02 05:02:48,881 - DOMAIN INFO
INFO 2021-07-02 05:02:48,881 - {
    "DOMAIN": "wpc89.com", 
    "EXPIRATION": "2021-07-14 08:28:41", 
    "DAYS": "12 days, 3:25:53"
}
DEBUG 2021-07-02 05:02:50,732 - ####################################################################################################
DEBUG 2021-07-02 05:02:50,736 - DOMAIN INFO
INFO 2021-07-02 05:02:50,736 - {
    "DOMAIN": "www.wpc89.com", 
    "EXPIRATION": "2021-07-14 08:28:41", 
    "DAYS": "12 days, 3:25:51"
}
DEBUG 2021-07-02 05:08:12,793 - ####################################################################################################
DEBUG 2021-07-02 05:08:12,799 - DOMAIN INFO
INFO 2021-07-02 05:08:12,799 - {
    "DOMAIN": "12golf.com", 
    "EXPIRATION": "2021-09-27 23:37:15", 
    "DAYS": "87 days, 18:29:03"
}
DEBUG 2021-07-02 05:08:13,245 - ####################################################################################################
DEBUG 2021-07-02 05:08:13,251 - DOMAIN INFO
INFO 2021-07-02 05:08:13,252 - {
    "DOMAIN": "www.12golf.com", 
    "EXPIRATION": "2021-09-27 23:37:15", 
    "DAYS": "87 days, 18:29:02"
}
DEBUG 2021-07-02 05:24:26,269 - ####################################################################################################
DEBUG 2021-07-02 05:24:26,275 - DOMAIN INFO
INFO 2021-07-02 05:24:26,275 - {
    "DOMAIN": "www.wukongchat.com", 
    "EXPIRATION": "2021-07-18 17:04:26", 
    "DAYS": "16 days, 11:40:00"
}
DEBUG 2021-07-02 05:32:19,971 - ####################################################################################################
DEBUG 2021-07-02 05:32:19,977 - DOMAIN INFO
INFO 2021-07-02 05:32:19,977 - {
    "DOMAIN": "tochat333.com", 
    "EXPIRATION": "2021-07-19 16:18:13", 
    "DAYS": "17 days, 10:45:54"
}
DEBUG 2021-07-02 05:32:22,716 - ####################################################################################################
DEBUG 2021-07-02 05:32:22,722 - DOMAIN INFO
INFO 2021-07-02 05:32:22,722 - {
    "DOMAIN": "jbl.live", 
    "EXPIRATION": "2021-07-19 20:00:00", 
    "DAYS": "17 days, 14:27:38"
}
DEBUG 2021-07-02 05:32:24,068 - ####################################################################################################
DEBUG 2021-07-02 05:32:24,074 - DOMAIN INFO
INFO 2021-07-02 05:32:24,074 - {
    "DOMAIN": "www.jbl.live", 
    "EXPIRATION": "2021-07-19 20:00:00", 
    "DAYS": "17 days, 14:27:36"
}
DEBUG 2021-07-02 05:53:04,643 - ####################################################################################################
DEBUG 2021-07-02 05:53:04,648 - DOMAIN INFO
INFO 2021-07-02 05:53:04,648 - {
    "DOMAIN": "hujidi.com", 
    "EXPIRATION": "2021-07-06 10:49:33", 
    "DAYS": "4 days, 4:56:29"
}
DEBUG 2021-07-02 05:58:07,890 - ####################################################################################################
DEBUG 2021-07-02 05:58:07,897 - DOMAIN INFO
INFO 2021-07-02 05:58:07,897 - {
    "DOMAIN": "jsh181.com", 
    "EXPIRATION": "2021-09-27 14:47:54", 
    "DAYS": "87 days, 8:49:47"
}
DEBUG 2021-07-02 05:58:08,950 - ####################################################################################################
DEBUG 2021-07-02 05:58:08,956 - DOMAIN INFO
INFO 2021-07-02 05:58:08,956 - {
    "DOMAIN": "jsh182.com", 
    "EXPIRATION": "2021-09-27 14:47:59", 
    "DAYS": "87 days, 8:49:51"
}
DEBUG 2021-07-02 05:58:10,945 - ####################################################################################################
DEBUG 2021-07-02 05:58:10,951 - DOMAIN INFO
INFO 2021-07-02 05:58:10,951 - {
    "DOMAIN": "jin282.com", 
    "EXPIRATION": "2021-09-26 00:10:44", 
    "DAYS": "85 days, 18:12:34"
}
DEBUG 2021-07-02 05:58:14,911 - ####################################################################################################
DEBUG 2021-07-02 05:58:14,916 - DOMAIN ERROR
INFO 2021-07-02 05:58:14,916 - {
    "DOMAIN": "ying88888.com", 
    "DOMAIN_CURL": 86, 
    "ERROR": "[Errno 101] Network is unreachable"
}
DEBUG 2021-07-02 05:58:14,993 - ####################################################################################################
DEBUG 2021-07-02 05:58:14,999 - DOMAIN ERROR
INFO 2021-07-02 05:58:14,999 - {
    "DOMAIN": "eu2018.net", 
    "DOMAIN_CURL": 88, 
    "ERROR": "hostname 'eu2018.net' doesn't match either of '*.facebook.com', '*.facebook.net', '*.fbcdn.net', '*.fbsbx.com', '*.m.facebook.com', '*.messenger.com', '*.xx.fbcdn.net', '*.xy.fbcdn.net', '*.xz.fbcdn.net', 'facebook.com', 'messenger.com'"
}
DEBUG 2021-07-02 06:02:47,981 - ####################################################################################################
DEBUG 2021-07-02 06:02:47,987 - DOMAIN INFO
INFO 2021-07-02 06:02:47,987 - {
    "DOMAIN": "wpc89.com", 
    "EXPIRATION": "2021-07-14 08:28:41", 
    "DAYS": "12 days, 2:25:54"
}
DEBUG 2021-07-02 06:02:49,616 - ####################################################################################################
DEBUG 2021-07-02 06:02:49,622 - DOMAIN INFO
INFO 2021-07-02 06:02:49,622 - {
    "DOMAIN": "www.wpc89.com", 
    "EXPIRATION": "2021-07-14 08:28:41", 
    "DAYS": "12 days, 2:25:52"
}
DEBUG 2021-07-02 06:24:26,325 - ####################################################################################################
DEBUG 2021-07-02 06:24:26,332 - DOMAIN INFO
INFO 2021-07-02 06:24:26,332 - {
    "DOMAIN": "www.wukongchat.com", 
    "EXPIRATION": "2021-07-18 17:04:26", 
    "DAYS": "16 days, 10:40:00"
}
DEBUG 2021-07-02 06:32:20,809 - ####################################################################################################
DEBUG 2021-07-02 06:32:20,815 - DOMAIN INFO
INFO 2021-07-02 06:32:20,815 - {
    "DOMAIN": "tochat333.com", 
    "EXPIRATION": "2021-07-19 16:18:13", 
    "DAYS": "17 days, 9:45:53"
}
DEBUG 2021-07-02 06:32:22,568 - ####################################################################################################
DEBUG 2021-07-02 06:32:22,574 - DOMAIN INFO
INFO 2021-07-02 06:32:22,574 - {
    "DOMAIN": "jbl.live", 
    "EXPIRATION": "2021-07-19 20:00:00", 
    "DAYS": "17 days, 13:27:38"
}
DEBUG 2021-07-02 06:32:23,453 - ####################################################################################################
DEBUG 2021-07-02 06:32:23,460 - DOMAIN INFO
INFO 2021-07-02 06:32:23,460 - {
    "DOMAIN": "www.jbl.live", 
    "EXPIRATION": "2021-07-19 20:00:00", 
    "DAYS": "17 days, 13:27:37"
}
DEBUG 2021-07-02 06:53:10,236 - ####################################################################################################
DEBUG 2021-07-02 06:53:10,242 - DOMAIN INFO
INFO 2021-07-02 06:53:10,242 - {
    "DOMAIN": "hujidi.com", 
    "EXPIRATION": "2021-07-06 10:49:33", 
    "DAYS": "4 days, 3:56:23"
}
DEBUG 2021-07-02 06:58:13,268 - ####################################################################################################
DEBUG 2021-07-02 06:58:13,275 - DOMAIN INFO
INFO 2021-07-02 06:58:13,275 - {
    "DOMAIN": "kbl6666.com", 
    "EXPIRATION": "2021-09-28 05:47:36", 
    "DAYS": "87 days, 22:49:23"
}
DEBUG 2021-07-02 06:58:14,436 - ####################################################################################################
DEBUG 2021-07-02 06:58:14,442 - DOMAIN INFO
INFO 2021-07-02 06:58:14,442 - {
    "DOMAIN": "jsh24.com", 
    "EXPIRATION": "2021-09-27 07:11:01", 
    "DAYS": "87 days, 0:12:47"
}
DEBUG 2021-07-02 06:58:14,881 - ####################################################################################################
DEBUG 2021-07-02 06:58:14,887 - DOMAIN INFO
INFO 2021-07-02 06:58:14,888 - {
    "DOMAIN": "00666.me", 
    "EXPIRATION": "2021-09-26 23:38:06", 
    "DAYS": "86 days, 16:39:52"
}
DEBUG 2021-07-02 06:58:16,400 - ####################################################################################################
DEBUG 2021-07-02 06:58:16,406 - DOMAIN INFO
INFO 2021-07-02 06:58:16,406 - {
    "DOMAIN": "www.jsh17.com", 
    "EXPIRATION": "2021-09-27 23:27:27", 
    "DAYS": "87 days, 16:29:11"
}
DEBUG 2021-07-02 06:58:16,806 - ####################################################################################################
DEBUG 2021-07-02 06:58:16,813 - DOMAIN INFO
INFO 2021-07-02 06:58:16,813 - {
    "DOMAIN": "cokfigt31.com", 
    "EXPIRATION": "2021-09-13 23:49:09", 
    "DAYS": "73 days, 16:50:53"
}
DEBUG 2021-07-02 07:02:46,276 - ####################################################################################################
DEBUG 2021-07-02 07:02:46,282 - DOMAIN INFO
INFO 2021-07-02 07:02:46,282 - {
    "DOMAIN": "wpc89.com", 
    "EXPIRATION": "2021-07-14 08:28:41", 
    "DAYS": "12 days, 1:25:55"
}
DEBUG 2021-07-02 07:02:46,973 - ####################################################################################################
DEBUG 2021-07-02 07:02:46,978 - DOMAIN INFO
INFO 2021-07-02 07:02:46,979 - {
    "DOMAIN": "www.wpc89.com", 
    "EXPIRATION": "2021-07-14 08:28:41", 
    "DAYS": "12 days, 1:25:55"
}
DEBUG 2021-07-02 07:24:26,394 - ####################################################################################################
DEBUG 2021-07-02 07:24:26,400 - DOMAIN INFO
INFO 2021-07-02 07:24:26,401 - {
    "DOMAIN": "www.wukongchat.com", 
    "EXPIRATION": "2021-07-18 17:04:26", 
    "DAYS": "16 days, 9:40:00"
}
DEBUG 2021-07-02 07:32:19,727 - ####################################################################################################
DEBUG 2021-07-02 07:32:19,733 - DOMAIN INFO
INFO 2021-07-02 07:32:19,733 - {
    "DOMAIN": "tochat333.com", 
    "EXPIRATION": "2021-07-19 16:18:13", 
    "DAYS": "17 days, 8:45:54"
}
DEBUG 2021-07-02 07:32:22,022 - ####################################################################################################
DEBUG 2021-07-02 07:32:22,027 - DOMAIN INFO
INFO 2021-07-02 07:32:22,027 - {
    "DOMAIN": "jbl.live", 
    "EXPIRATION": "2021-07-19 20:00:00", 
    "DAYS": "17 days, 12:27:38"
}
DEBUG 2021-07-02 07:32:22,419 - ####################################################################################################
DEBUG 2021-07-02 07:32:22,424 - DOMAIN INFO
INFO 2021-07-02 07:32:22,424 - {
    "DOMAIN": "www.jbl.live", 
    "EXPIRATION": "2021-07-19 20:00:00", 
    "DAYS": "17 days, 12:27:38"
}
DEBUG 2021-07-02 07:53:07,873 - ####################################################################################################
DEBUG 2021-07-02 07:53:07,880 - DOMAIN INFO
INFO 2021-07-02 07:53:07,880 - {
    "DOMAIN": "hujidi.com", 
    "EXPIRATION": "2021-07-06 10:49:33", 
    "DAYS": "4 days, 2:56:26"
}
DEBUG 2021-07-02 08:02:47,154 - ####################################################################################################
DEBUG 2021-07-02 08:02:47,160 - DOMAIN INFO
INFO 2021-07-02 08:02:47,160 - {
    "DOMAIN": "wpc89.com", 
    "EXPIRATION": "2021-07-14 08:28:41", 
    "DAYS": "12 days, 0:25:54"
}
DEBUG 2021-07-02 08:02:48,158 - ####################################################################################################
DEBUG 2021-07-02 08:02:48,164 - DOMAIN INFO
INFO 2021-07-02 08:02:48,164 - {
    "DOMAIN": "www.wpc89.com", 
    "EXPIRATION": "2021-07-14 08:28:41", 
    "DAYS": "12 days, 0:25:53"
}
DEBUG 2021-07-02 08:24:24,895 - ####################################################################################################
DEBUG 2021-07-02 08:24:24,900 - DOMAIN INFO
INFO 2021-07-02 08:24:24,900 - {
    "DOMAIN": "www.wukongchat.com", 
    "EXPIRATION": "2021-07-18 17:04:26", 
    "DAYS": "16 days, 8:40:02"
}
DEBUG 2021-07-02 08:32:19,631 - ####################################################################################################
DEBUG 2021-07-02 08:32:19,637 - DOMAIN INFO
INFO 2021-07-02 08:32:19,637 - {
    "DOMAIN": "tochat333.com", 
    "EXPIRATION": "2021-07-19 16:18:13", 
    "DAYS": "17 days, 7:45:54"
}
DEBUG 2021-07-02 08:32:21,915 - ####################################################################################################
DEBUG 2021-07-02 08:32:21,921 - DOMAIN INFO
INFO 2021-07-02 08:32:21,922 - {
    "DOMAIN": "jbl.live", 
    "EXPIRATION": "2021-07-19 20:00:00", 
    "DAYS": "17 days, 11:27:39"
}
DEBUG 2021-07-02 08:32:22,409 - ####################################################################################################
DEBUG 2021-07-02 08:32:22,415 - DOMAIN INFO
INFO 2021-07-02 08:32:22,415 - {
    "DOMAIN": "www.jbl.live", 
    "EXPIRATION": "2021-07-19 20:00:00", 
    "DAYS": "17 days, 11:27:38"
}
DEBUG 2021-07-02 08:53:08,878 - ####################################################################################################
DEBUG 2021-07-02 08:53:08,884 - DOMAIN INFO
INFO 2021-07-02 08:53:08,884 - {
    "DOMAIN": "hujidi.com", 
    "EXPIRATION": "2021-07-06 10:49:33", 
    "DAYS": "4 days, 1:56:25"
}
DEBUG 2021-07-02 09:02:48,707 - ####################################################################################################
DEBUG 2021-07-02 09:02:48,712 - DOMAIN INFO
INFO 2021-07-02 09:02:48,713 - {
    "DOMAIN": "wpc89.com", 
    "EXPIRATION": "2021-07-14 08:28:41", 
    "DAYS": "11 days, 23:25:53"
}
DEBUG 2021-07-02 09:02:49,623 - ####################################################################################################
DEBUG 2021-07-02 09:02:49,629 - DOMAIN INFO
INFO 2021-07-02 09:02:49,630 - {
    "DOMAIN": "www.wpc89.com", 
    "EXPIRATION": "2021-07-14 08:28:41", 
    "DAYS": "11 days, 23:25:52"
}
DEBUG 2021-07-02 09:24:27,530 - ####################################################################################################
DEBUG 2021-07-02 09:24:27,536 - DOMAIN INFO
INFO 2021-07-02 09:24:27,537 - {
    "DOMAIN": "www.wukongchat.com", 
    "EXPIRATION": "2021-07-18 17:04:26", 
    "DAYS": "16 days, 7:39:59"
}
DEBUG 2021-07-02 09:32:19,619 - ####################################################################################################
DEBUG 2021-07-02 09:32:19,626 - DOMAIN INFO
INFO 2021-07-02 09:32:19,626 - {
    "DOMAIN": "tochat333.com", 
    "EXPIRATION": "2021-07-19 16:18:13", 
    "DAYS": "17 days, 6:45:54"
}
DEBUG 2021-07-02 09:32:22,584 - ####################################################################################################
DEBUG 2021-07-02 09:32:22,589 - DOMAIN INFO
INFO 2021-07-02 09:32:22,589 - {
    "DOMAIN": "jbl.live", 
    "EXPIRATION": "2021-07-19 20:00:00", 
    "DAYS": "17 days, 10:27:38"
}
DEBUG 2021-07-02 09:32:23,484 - ####################################################################################################
DEBUG 2021-07-02 09:32:23,489 - DOMAIN INFO
INFO 2021-07-02 09:32:23,490 - {
    "DOMAIN": "www.jbl.live", 
    "EXPIRATION": "2021-07-19 20:00:00", 
    "DAYS": "17 days, 10:27:37"
}
DEBUG 2021-07-02 09:53:07,952 - ####################################################################################################
DEBUG 2021-07-02 09:53:07,957 - DOMAIN INFO
INFO 2021-07-02 09:53:07,958 - {
    "DOMAIN": "hujidi.com", 
    "EXPIRATION": "2021-07-06 10:49:33", 
    "DAYS": "4 days, 0:56:26"
}
DEBUG 2021-07-02 10:02:45,239 - ####################################################################################################
DEBUG 2021-07-02 10:02:45,246 - DOMAIN INFO
INFO 2021-07-02 10:02:45,246 - {
    "DOMAIN": "wpc89.com", 
    "EXPIRATION": "2021-07-14 08:28:41", 
    "DAYS": "11 days, 22:25:56"
}
DEBUG 2021-07-02 10:02:46,325 - ####################################################################################################
DEBUG 2021-07-02 10:02:46,331 - DOMAIN INFO
INFO 2021-07-02 10:02:46,331 - {
    "DOMAIN": "www.wpc89.com", 
    "EXPIRATION": "2021-07-14 08:28:41", 
    "DAYS": "11 days, 22:25:55"
}
DEBUG 2021-07-02 10:24:28,710 - ####################################################################################################
DEBUG 2021-07-02 10:24:28,716 - DOMAIN INFO
INFO 2021-07-02 10:24:28,717 - {
    "DOMAIN": "www.wukongchat.com", 
    "EXPIRATION": "2021-07-18 17:04:26", 
    "DAYS": "16 days, 6:39:58"
}
DEBUG 2021-07-02 10:32:19,769 - ####################################################################################################
DEBUG 2021-07-02 10:32:19,776 - DOMAIN INFO
INFO 2021-07-02 10:32:19,776 - {
    "DOMAIN": "tochat333.com", 
    "EXPIRATION": "2021-07-19 16:18:13", 
    "DAYS": "17 days, 5:45:54"
}
DEBUG 2021-07-02 10:32:21,939 - ####################################################################################################
DEBUG 2021-07-02 10:32:21,946 - DOMAIN INFO
INFO 2021-07-02 10:32:21,946 - {
    "DOMAIN": "jbl.live", 
    "EXPIRATION": "2021-07-19 20:00:00", 
    "DAYS": "17 days, 9:27:39"
}
DEBUG 2021-07-02 10:32:22,937 - ####################################################################################################
DEBUG 2021-07-02 10:32:22,944 - DOMAIN INFO
INFO 2021-07-02 10:32:22,944 - {
    "DOMAIN": "www.jbl.live", 
    "EXPIRATION": "2021-07-19 20:00:00", 
    "DAYS": "17 days, 9:27:38"
}
DEBUG 2021-07-02 10:53:06,127 - ####################################################################################################
DEBUG 2021-07-02 10:53:06,131 - DOMAIN INFO
INFO 2021-07-02 10:53:06,132 - {
    "DOMAIN": "hujidi.com", 
    "EXPIRATION": "2021-07-06 10:49:33", 
    "DAYS": "3 days, 23:56:27"
}
DEBUG 2021-07-02 11:02:44,037 - ####################################################################################################
DEBUG 2021-07-02 11:02:44,043 - DOMAIN INFO
INFO 2021-07-02 11:02:44,043 - {
    "DOMAIN": "wpc89.com", 
    "EXPIRATION": "2021-07-14 08:28:41", 
    "DAYS": "11 days, 21:25:57"
}
DEBUG 2021-07-02 11:02:45,245 - ####################################################################################################
DEBUG 2021-07-02 11:02:45,250 - DOMAIN INFO
INFO 2021-07-02 11:02:45,251 - {
    "DOMAIN": "www.wpc89.com", 
    "EXPIRATION": "2021-07-14 08:28:41", 
    "DAYS": "11 days, 21:25:56"
}
DEBUG 2021-07-02 11:24:29,347 - ####################################################################################################
DEBUG 2021-07-02 11:24:29,353 - DOMAIN INFO
INFO 2021-07-02 11:24:29,353 - {
    "DOMAIN": "www.wukongchat.com", 
    "EXPIRATION": "2021-07-18 17:04:26", 
    "DAYS": "16 days, 5:39:57"
}
DEBUG 2021-07-02 11:32:21,976 - ####################################################################################################
DEBUG 2021-07-02 11:32:21,982 - DOMAIN INFO
INFO 2021-07-02 11:32:21,982 - {
    "DOMAIN": "tochat333.com", 
    "EXPIRATION": "2021-07-19 16:18:13", 
    "DAYS": "17 days, 4:45:52"
}
DEBUG 2021-07-02 11:32:23,835 - ####################################################################################################
DEBUG 2021-07-02 11:32:23,842 - DOMAIN INFO
INFO 2021-07-02 11:32:23,842 - {
    "DOMAIN": "jbl.live", 
    "EXPIRATION": "2021-07-19 20:00:00", 
    "DAYS": "17 days, 8:27:37"
}
DEBUG 2021-07-02 11:32:24,127 - ####################################################################################################
DEBUG 2021-07-02 11:32:24,133 - DOMAIN INFO
INFO 2021-07-02 11:32:24,133 - {
    "DOMAIN": "www.jbl.live", 
    "EXPIRATION": "2021-07-19 20:00:00", 
    "DAYS": "17 days, 8:27:36"
}
DEBUG 2021-07-02 11:53:08,422 - ####################################################################################################
DEBUG 2021-07-02 11:53:08,428 - DOMAIN INFO
INFO 2021-07-02 11:53:08,428 - {
    "DOMAIN": "hujidi.com", 
    "EXPIRATION": "2021-09-30 09:53:42", 
    "DAYS": "89 days, 22:00:34"
}
DEBUG 2021-07-02 12:02:47,696 - ####################################################################################################
DEBUG 2021-07-02 12:02:47,703 - DOMAIN INFO
INFO 2021-07-02 12:02:47,703 - {
    "DOMAIN": "wpc89.com", 
    "EXPIRATION": "2021-07-14 08:28:41", 
    "DAYS": "11 days, 20:25:54"
}
DEBUG 2021-07-02 12:02:48,341 - ####################################################################################################
DEBUG 2021-07-02 12:02:48,347 - DOMAIN INFO
INFO 2021-07-02 12:02:48,347 - {
    "DOMAIN": "www.wpc89.com", 
    "EXPIRATION": "2021-07-14 08:28:41", 
    "DAYS": "11 days, 20:25:53"
}
DEBUG 2021-07-02 12:24:28,079 - ####################################################################################################
DEBUG 2021-07-02 12:24:28,085 - DOMAIN INFO
INFO 2021-07-02 12:24:28,086 - {
    "DOMAIN": "www.wukongchat.com", 
    "EXPIRATION": "2021-07-18 17:04:26", 
    "DAYS": "16 days, 4:39:58"
}
DEBUG 2021-07-02 12:32:16,821 - ####################################################################################################
DEBUG 2021-07-02 12:32:16,827 - DOMAIN INFO
INFO 2021-07-02 12:32:16,827 - {
    "DOMAIN": "tochat333.com", 
    "EXPIRATION": "2021-07-19 16:18:13", 
    "DAYS": "17 days, 3:45:57"
}
DEBUG 2021-07-02 12:32:18,738 - ####################################################################################################
DEBUG 2021-07-02 12:32:18,744 - DOMAIN INFO
INFO 2021-07-02 12:32:18,744 - {
    "DOMAIN": "jbl.live", 
    "EXPIRATION": "2021-07-19 20:00:00", 
    "DAYS": "17 days, 7:27:42"
}
DEBUG 2021-07-02 12:32:19,762 - ####################################################################################################
DEBUG 2021-07-02 12:32:19,768 - DOMAIN INFO
INFO 2021-07-02 12:32:19,768 - {
    "DOMAIN": "www.jbl.live", 
    "EXPIRATION": "2021-07-19 20:00:00", 
    "DAYS": "17 days, 7:27:41"
}
DEBUG 2021-07-02 12:53:09,866 - ####################################################################################################
DEBUG 2021-07-02 12:53:09,872 - DOMAIN INFO
INFO 2021-07-02 12:53:09,872 - {
    "DOMAIN": "hujidi.com", 
    "EXPIRATION": "2021-09-30 09:53:42", 
    "DAYS": "89 days, 21:00:33"
}
DEBUG 2021-07-02 13:02:46,041 - ####################################################################################################
DEBUG 2021-07-02 13:02:46,047 - DOMAIN INFO
INFO 2021-07-02 13:02:46,047 - {
    "DOMAIN": "wpc89.com", 
    "EXPIRATION": "2021-07-14 08:28:41", 
    "DAYS": "11 days, 19:25:55"
}
DEBUG 2021-07-02 13:02:46,800 - ####################################################################################################
DEBUG 2021-07-02 13:02:46,806 - DOMAIN INFO
INFO 2021-07-02 13:02:46,806 - {
    "DOMAIN": "www.wpc89.com", 
    "EXPIRATION": "2021-07-14 08:28:41", 
    "DAYS": "11 days, 19:25:55"
}
DEBUG 2021-07-02 13:24:30,374 - ####################################################################################################
DEBUG 2021-07-02 13:24:30,378 - DOMAIN INFO
INFO 2021-07-02 13:24:30,379 - {
    "DOMAIN": "www.wukongchat.com", 
    "EXPIRATION": "2021-07-18 17:04:26", 
    "DAYS": "16 days, 3:39:56"
}
DEBUG 2021-07-02 13:32:20,882 - ####################################################################################################
DEBUG 2021-07-02 13:32:20,887 - DOMAIN INFO
INFO 2021-07-02 13:32:20,887 - {
    "DOMAIN": "tochat333.com", 
    "EXPIRATION": "2021-07-19 16:18:13", 
    "DAYS": "17 days, 2:45:53"
}
DEBUG 2021-07-02 13:32:23,410 - ####################################################################################################
DEBUG 2021-07-02 13:32:23,416 - DOMAIN INFO
INFO 2021-07-02 13:32:23,417 - {
    "DOMAIN": "jbl.live", 
    "EXPIRATION": "2021-07-19 20:00:00", 
    "DAYS": "17 days, 6:27:37"
}
DEBUG 2021-07-02 13:32:23,723 - ####################################################################################################
DEBUG 2021-07-02 13:32:23,729 - DOMAIN INFO
INFO 2021-07-02 13:32:23,729 - {
    "DOMAIN": "www.jbl.live", 
    "EXPIRATION": "2021-07-19 20:00:00", 
    "DAYS": "17 days, 6:27:37"
}
DEBUG 2021-07-02 13:53:10,047 - ####################################################################################################
DEBUG 2021-07-02 13:53:10,052 - DOMAIN INFO
INFO 2021-07-02 13:53:10,052 - {
    "DOMAIN": "hujidi.com", 
    "EXPIRATION": "2021-09-30 09:53:42", 
    "DAYS": "89 days, 20:00:32"
}
DEBUG 2021-07-02 14:02:50,343 - ####################################################################################################
DEBUG 2021-07-02 14:02:50,349 - DOMAIN INFO
INFO 2021-07-02 14:02:50,349 - {
    "DOMAIN": "wpc89.com", 
    "EXPIRATION": "2021-07-14 08:28:41", 
    "DAYS": "11 days, 18:25:51"
}
DEBUG 2021-07-02 14:02:51,400 - ####################################################################################################
DEBUG 2021-07-02 14:02:51,405 - DOMAIN INFO
INFO 2021-07-02 14:02:51,406 - {
    "DOMAIN": "www.wpc89.com", 
    "EXPIRATION": "2021-07-14 08:28:41", 
    "DAYS": "11 days, 18:25:50"
}
DEBUG 2021-07-02 14:24:28,586 - ####################################################################################################
DEBUG 2021-07-02 14:24:28,591 - DOMAIN INFO
INFO 2021-07-02 14:24:28,592 - {
    "DOMAIN": "www.wukongchat.com", 
    "EXPIRATION": "2021-07-18 17:04:26", 
    "DAYS": "16 days, 2:39:58"
}
DEBUG 2021-07-02 14:32:21,354 - ####################################################################################################
DEBUG 2021-07-02 14:32:21,360 - DOMAIN INFO
INFO 2021-07-02 14:32:21,360 - {
    "DOMAIN": "tochat333.com", 
    "EXPIRATION": "2021-07-19 16:18:13", 
    "DAYS": "17 days, 1:45:52"
}
DEBUG 2021-07-02 14:32:24,041 - ####################################################################################################
DEBUG 2021-07-02 14:32:24,047 - DOMAIN INFO
INFO 2021-07-02 14:32:24,048 - {
    "DOMAIN": "jbl.live", 
    "EXPIRATION": "2021-07-19 20:00:00", 
    "DAYS": "17 days, 5:27:36"
}
DEBUG 2021-07-02 14:32:25,265 - ####################################################################################################
DEBUG 2021-07-02 14:32:25,271 - DOMAIN INFO
INFO 2021-07-02 14:32:25,271 - {
    "DOMAIN": "www.jbl.live", 
    "EXPIRATION": "2021-07-19 20:00:00", 
    "DAYS": "17 days, 5:27:35"
}
DEBUG 2021-07-02 14:53:09,086 - ####################################################################################################
DEBUG 2021-07-02 14:53:09,092 - DOMAIN INFO
INFO 2021-07-02 14:53:09,092 - {
    "DOMAIN": "hujidi.com", 
    "EXPIRATION": "2021-09-30 09:53:42", 
    "DAYS": "89 days, 19:00:33"
}
DEBUG 2021-07-02 15:02:50,871 - ####################################################################################################
DEBUG 2021-07-02 15:02:50,877 - DOMAIN INFO
INFO 2021-07-02 15:02:50,877 - {
    "DOMAIN": "wpc89.com", 
    "EXPIRATION": "2021-07-14 08:28:41", 
    "DAYS": "11 days, 17:25:51"
}
DEBUG 2021-07-02 15:02:51,089 - ####################################################################################################
DEBUG 2021-07-02 15:02:51,094 - DOMAIN INFO
INFO 2021-07-02 15:02:51,095 - {
    "DOMAIN": "www.wpc89.com", 
    "EXPIRATION": "2021-07-14 08:28:41", 
    "DAYS": "11 days, 17:25:50"
}
DEBUG 2021-07-02 15:24:28,773 - ####################################################################################################
DEBUG 2021-07-02 15:24:28,779 - DOMAIN INFO
INFO 2021-07-02 15:24:28,779 - {
    "DOMAIN": "www.wukongchat.com", 
    "EXPIRATION": "2021-07-18 17:04:26", 
    "DAYS": "16 days, 1:39:58"
}
DEBUG 2021-07-02 15:32:14,769 - ####################################################################################################
DEBUG 2021-07-02 15:32:14,775 - DOMAIN INFO
INFO 2021-07-02 15:32:14,775 - {
    "DOMAIN": "tochat333.com", 
    "EXPIRATION": "2021-07-19 16:18:13", 
    "DAYS": "17 days, 0:45:59"
}
DEBUG 2021-07-02 15:32:18,125 - ####################################################################################################
DEBUG 2021-07-02 15:32:18,131 - DOMAIN INFO
INFO 2021-07-02 15:32:18,131 - {
    "DOMAIN": "jbl.live", 
    "EXPIRATION": "2021-07-19 20:00:00", 
    "DAYS": "17 days, 4:27:42"
}
DEBUG 2021-07-02 15:32:19,317 - ####################################################################################################
DEBUG 2021-07-02 15:32:19,325 - DOMAIN INFO
INFO 2021-07-02 15:32:19,325 - {
    "DOMAIN": "www.jbl.live", 
    "EXPIRATION": "2021-07-19 20:00:00", 
    "DAYS": "17 days, 4:27:41"
}
DEBUG 2021-07-02 15:53:03,979 - ####################################################################################################
DEBUG 2021-07-02 15:53:03,985 - DOMAIN INFO
INFO 2021-07-02 15:53:03,985 - {
    "DOMAIN": "hujidi.com", 
    "EXPIRATION": "2021-09-30 09:53:42", 
    "DAYS": "89 days, 18:00:39"
}
DEBUG 2021-07-02 16:02:43,335 - ####################################################################################################
DEBUG 2021-07-02 16:02:43,341 - DOMAIN INFO
INFO 2021-07-02 16:02:43,341 - {
    "DOMAIN": "wpc89.com", 
    "EXPIRATION": "2021-07-14 08:28:41", 
    "DAYS": "11 days, 16:25:58"
}
DEBUG 2021-07-02 16:02:45,721 - ####################################################################################################
DEBUG 2021-07-02 16:02:45,727 - DOMAIN INFO
INFO 2021-07-02 16:02:45,727 - {
    "DOMAIN": "www.wpc89.com", 
    "EXPIRATION": "2021-07-14 08:28:41", 
    "DAYS": "11 days, 16:25:56"
}
DEBUG 2021-07-02 16:24:28,416 - ####################################################################################################
DEBUG 2021-07-02 16:24:28,421 - DOMAIN INFO
INFO 2021-07-02 16:24:28,422 - {
    "DOMAIN": "www.wukongchat.com", 
    "EXPIRATION": "2021-07-18 17:04:26", 
    "DAYS": "16 days, 0:39:58"
}
DEBUG 2021-07-02 16:32:17,825 - ####################################################################################################
DEBUG 2021-07-02 16:32:17,831 - DOMAIN INFO
INFO 2021-07-02 16:32:17,831 - {
    "DOMAIN": "tochat333.com", 
    "EXPIRATION": "2021-07-19 16:18:13", 
    "DAYS": "16 days, 23:45:56"
}
DEBUG 2021-07-02 16:32:19,499 - ####################################################################################################
DEBUG 2021-07-02 16:32:19,504 - DOMAIN INFO
INFO 2021-07-02 16:32:19,504 - {
    "DOMAIN": "jbl.live", 
    "EXPIRATION": "2021-07-19 20:00:00", 
    "DAYS": "17 days, 3:27:41"
}
DEBUG 2021-07-02 16:32:20,403 - ####################################################################################################
DEBUG 2021-07-02 16:32:20,409 - DOMAIN INFO
INFO 2021-07-02 16:32:20,409 - {
    "DOMAIN": "www.jbl.live", 
    "EXPIRATION": "2021-07-19 20:00:00", 
    "DAYS": "17 days, 3:27:40"
}
DEBUG 2021-07-02 16:53:03,488 - ####################################################################################################
DEBUG 2021-07-02 16:53:03,493 - DOMAIN INFO
INFO 2021-07-02 16:53:03,494 - {
    "DOMAIN": "hujidi.com", 
    "EXPIRATION": "2021-09-30 09:53:42", 
    "DAYS": "89 days, 17:00:39"
}
DEBUG 2021-07-02 17:02:42,793 - ####################################################################################################
DEBUG 2021-07-02 17:02:42,800 - DOMAIN INFO
INFO 2021-07-02 17:02:42,800 - {
    "DOMAIN": "wpc89.com", 
    "EXPIRATION": "2021-07-14 08:28:41", 
    "DAYS": "11 days, 15:25:59"
}
DEBUG 2021-07-02 17:02:43,468 - ####################################################################################################
DEBUG 2021-07-02 17:02:43,474 - DOMAIN INFO
INFO 2021-07-02 17:02:43,474 - {
    "DOMAIN": "www.wpc89.com", 
    "EXPIRATION": "2021-07-14 08:28:41", 
    "DAYS": "11 days, 15:25:58"
}
DEBUG 2021-07-02 17:24:28,135 - ####################################################################################################
DEBUG 2021-07-02 17:24:28,140 - DOMAIN INFO
INFO 2021-07-02 17:24:28,140 - {
    "DOMAIN": "www.wukongchat.com", 
    "EXPIRATION": "2021-07-18 17:04:26", 
    "DAYS": "15 days, 23:39:58"
}
DEBUG 2021-07-02 17:32:16,361 - ####################################################################################################
DEBUG 2021-07-02 17:32:16,368 - DOMAIN INFO
INFO 2021-07-02 17:32:16,368 - {
    "DOMAIN": "tochat333.com", 
    "EXPIRATION": "2021-07-19 16:18:13", 
    "DAYS": "16 days, 22:45:57"
}
DEBUG 2021-07-02 17:32:19,789 - ####################################################################################################
DEBUG 2021-07-02 17:32:19,794 - DOMAIN INFO
INFO 2021-07-02 17:32:19,794 - {
    "DOMAIN": "jbl.live", 
    "EXPIRATION": "2021-07-19 20:00:00", 
    "DAYS": "17 days, 2:27:41"
}
DEBUG 2021-07-02 17:32:20,313 - ####################################################################################################
DEBUG 2021-07-02 17:32:20,321 - DOMAIN INFO
INFO 2021-07-02 17:32:20,321 - {
    "DOMAIN": "www.jbl.live", 
    "EXPIRATION": "2021-07-19 20:00:00", 
    "DAYS": "17 days, 2:27:40"
}
DEBUG 2021-07-02 17:53:02,361 - ####################################################################################################
DEBUG 2021-07-02 17:53:02,367 - DOMAIN INFO
INFO 2021-07-02 17:53:02,367 - {
    "DOMAIN": "hujidi.com", 
    "EXPIRATION": "2021-09-30 09:53:42", 
    "DAYS": "89 days, 16:00:40"
}
DEBUG 2021-07-02 18:02:41,550 - ####################################################################################################
DEBUG 2021-07-02 18:02:41,554 - DOMAIN INFO
INFO 2021-07-02 18:02:41,555 - {
    "DOMAIN": "wpc89.com", 
    "EXPIRATION": "2021-07-14 08:28:41", 
    "DAYS": "11 days, 14:26:00"
}
DEBUG 2021-07-02 18:02:42,556 - ####################################################################################################
DEBUG 2021-07-02 18:02:42,562 - DOMAIN INFO
INFO 2021-07-02 18:02:42,562 - {
    "DOMAIN": "www.wpc89.com", 
    "EXPIRATION": "2021-07-14 08:28:41", 
    "DAYS": "11 days, 14:25:59"
}
DEBUG 2021-07-02 18:24:27,105 - ####################################################################################################
DEBUG 2021-07-02 18:24:27,110 - DOMAIN INFO
INFO 2021-07-02 18:24:27,111 - {
    "DOMAIN": "www.wukongchat.com", 
    "EXPIRATION": "2021-07-18 17:04:26", 
    "DAYS": "15 days, 22:39:59"
}
DEBUG 2021-07-02 18:32:18,319 - ####################################################################################################
DEBUG 2021-07-02 18:32:18,324 - DOMAIN INFO
INFO 2021-07-02 18:32:18,324 - {
    "DOMAIN": "tochat333.com", 
    "EXPIRATION": "2021-07-19 16:18:13", 
    "DAYS": "16 days, 21:45:55"
}
DEBUG 2021-07-02 18:32:21,220 - ####################################################################################################
DEBUG 2021-07-02 18:32:21,227 - DOMAIN INFO
INFO 2021-07-02 18:32:21,227 - {
    "DOMAIN": "jbl.live", 
    "EXPIRATION": "2021-07-19 20:00:00", 
    "DAYS": "17 days, 1:27:39"
}
DEBUG 2021-07-02 18:32:21,632 - ####################################################################################################
DEBUG 2021-07-02 18:32:21,637 - DOMAIN INFO
INFO 2021-07-02 18:32:21,638 - {
    "DOMAIN": "www.jbl.live", 
    "EXPIRATION": "2021-07-19 20:00:00", 
    "DAYS": "17 days, 1:27:39"
}
DEBUG 2021-07-02 18:53:02,798 - ####################################################################################################
DEBUG 2021-07-02 18:53:02,804 - DOMAIN INFO
INFO 2021-07-02 18:53:02,804 - {
    "DOMAIN": "hujidi.com", 
    "EXPIRATION": "2021-09-30 09:53:42", 
    "DAYS": "89 days, 15:00:40"
}
DEBUG 2021-07-02 19:02:41,436 - ####################################################################################################
DEBUG 2021-07-02 19:02:41,441 - DOMAIN INFO
INFO 2021-07-02 19:02:41,442 - {
    "DOMAIN": "wpc89.com", 
    "EXPIRATION": "2021-07-14 08:28:41", 
    "DAYS": "11 days, 13:26:00"
}
DEBUG 2021-07-02 19:02:41,627 - ####################################################################################################
DEBUG 2021-07-02 19:02:41,632 - DOMAIN INFO
INFO 2021-07-02 19:02:41,633 - {
    "DOMAIN": "www.wpc89.com", 
    "EXPIRATION": "2021-07-14 08:28:41", 
    "DAYS": "11 days, 13:26:00"
}
DEBUG 2021-07-02 19:24:27,205 - ####################################################################################################
DEBUG 2021-07-02 19:24:27,210 - DOMAIN INFO
INFO 2021-07-02 19:24:27,210 - {
    "DOMAIN": "www.wukongchat.com", 
    "EXPIRATION": "2021-07-18 17:04:26", 
    "DAYS": "15 days, 21:39:59"
}
DEBUG 2021-07-02 19:32:16,096 - ####################################################################################################
DEBUG 2021-07-02 19:32:16,101 - DOMAIN INFO
INFO 2021-07-02 19:32:16,101 - {
    "DOMAIN": "tochat333.com", 
    "EXPIRATION": "2021-07-19 16:18:13", 
    "DAYS": "16 days, 20:45:57"
}
DEBUG 2021-07-02 19:32:17,975 - ####################################################################################################
DEBUG 2021-07-02 19:32:17,980 - DOMAIN INFO
INFO 2021-07-02 19:32:17,980 - {
    "DOMAIN": "jbl.live", 
    "EXPIRATION": "2021-07-19 20:00:00", 
    "DAYS": "17 days, 0:27:43"
}
DEBUG 2021-07-02 19:32:18,735 - ####################################################################################################
DEBUG 2021-07-02 19:32:18,740 - DOMAIN INFO
INFO 2021-07-02 19:32:18,740 - {
    "DOMAIN": "www.jbl.live", 
    "EXPIRATION": "2021-07-19 20:00:00", 
    "DAYS": "17 days, 0:27:42"
}
DEBUG 2021-07-02 19:53:04,746 - ####################################################################################################
DEBUG 2021-07-02 19:53:04,752 - DOMAIN INFO
INFO 2021-07-02 19:53:04,752 - {
    "DOMAIN": "hujidi.com", 
    "EXPIRATION": "2021-09-30 09:53:42", 
    "DAYS": "89 days, 14:00:38"
}
DEBUG 2021-07-02 20:02:43,479 - ####################################################################################################
DEBUG 2021-07-02 20:02:43,486 - DOMAIN INFO
INFO 2021-07-02 20:02:43,486 - {
    "DOMAIN": "wpc89.com", 
    "EXPIRATION": "2021-07-14 08:28:41", 
    "DAYS": "11 days, 12:25:58"
}
DEBUG 2021-07-02 20:02:45,597 - ####################################################################################################
DEBUG 2021-07-02 20:02:45,603 - DOMAIN INFO
INFO 2021-07-02 20:02:45,603 - {
    "DOMAIN": "www.wpc89.com", 
    "EXPIRATION": "2021-07-14 08:28:41", 
    "DAYS": "11 days, 12:25:56"
}
DEBUG 2021-07-02 20:24:26,882 - ####################################################################################################
DEBUG 2021-07-02 20:24:26,887 - DOMAIN INFO
INFO 2021-07-02 20:24:26,888 - {
    "DOMAIN": "www.wukongchat.com", 
    "EXPIRATION": "2021-07-18 17:04:26", 
    "DAYS": "15 days, 20:40:00"
}
DEBUG 2021-07-02 20:32:15,460 - ####################################################################################################
DEBUG 2021-07-02 20:32:15,466 - DOMAIN INFO
INFO 2021-07-02 20:32:15,466 - {
    "DOMAIN": "tochat333.com", 
    "EXPIRATION": "2021-07-19 16:18:13", 
    "DAYS": "16 days, 19:45:58"
}
DEBUG 2021-07-02 20:32:17,389 - ####################################################################################################
DEBUG 2021-07-02 20:32:17,394 - DOMAIN INFO
INFO 2021-07-02 20:32:17,394 - {
    "DOMAIN": "jbl.live", 
    "EXPIRATION": "2021-07-19 20:00:00", 
    "DAYS": "16 days, 23:27:43"
}
DEBUG 2021-07-02 20:32:18,493 - ####################################################################################################
DEBUG 2021-07-02 20:32:18,499 - DOMAIN INFO
INFO 2021-07-02 20:32:18,499 - {
    "DOMAIN": "www.jbl.live", 
    "EXPIRATION": "2021-07-19 20:00:00", 
    "DAYS": "16 days, 23:27:42"
}
DEBUG 2021-07-02 20:53:05,083 - ####################################################################################################
DEBUG 2021-07-02 20:53:05,090 - DOMAIN INFO
INFO 2021-07-02 20:53:05,090 - {
    "DOMAIN": "hujidi.com", 
    "EXPIRATION": "2021-09-30 09:53:42", 
    "DAYS": "89 days, 13:00:37"
}
DEBUG 2021-07-02 21:02:44,854 - ####################################################################################################
DEBUG 2021-07-02 21:02:44,860 - DOMAIN INFO
INFO 2021-07-02 21:02:44,860 - {
    "DOMAIN": "wpc89.com", 
    "EXPIRATION": "2021-07-14 08:28:41", 
    "DAYS": "11 days, 11:25:57"
}
DEBUG 2021-07-02 21:02:47,410 - ####################################################################################################
DEBUG 2021-07-02 21:02:47,416 - DOMAIN INFO
INFO 2021-07-02 21:02:47,416 - {
    "DOMAIN": "www.wpc89.com", 
    "EXPIRATION": "2021-07-14 08:28:41", 
    "DAYS": "11 days, 11:25:54"
}
DEBUG 2021-07-02 21:24:28,300 - ####################################################################################################
DEBUG 2021-07-02 21:24:28,305 - DOMAIN INFO
INFO 2021-07-02 21:24:28,305 - {
    "DOMAIN": "www.wukongchat.com", 
    "EXPIRATION": "2021-07-18 17:04:26", 
    "DAYS": "15 days, 19:39:58"
}
DEBUG 2021-07-02 21:32:18,283 - ####################################################################################################
DEBUG 2021-07-02 21:32:18,288 - DOMAIN INFO
INFO 2021-07-02 21:32:18,288 - {
    "DOMAIN": "tochat333.com", 
    "EXPIRATION": "2021-07-19 16:18:13", 
    "DAYS": "16 days, 18:45:55"
}
DEBUG 2021-07-02 21:32:20,786 - ####################################################################################################
DEBUG 2021-07-02 21:32:20,791 - DOMAIN INFO
INFO 2021-07-02 21:32:20,791 - {
    "DOMAIN": "jbl.live", 
    "EXPIRATION": "2021-07-19 20:00:00", 
    "DAYS": "16 days, 22:27:40"
}
DEBUG 2021-07-02 21:32:26,592 - ####################################################################################################
DEBUG 2021-07-02 21:32:26,597 - DOMAIN INFO
INFO 2021-07-02 21:32:26,598 - {
    "DOMAIN": "www.jbl.live", 
    "EXPIRATION": "2021-07-19 20:00:00", 
    "DAYS": "16 days, 22:27:34"
}
DEBUG 2021-07-02 21:53:04,600 - ####################################################################################################
DEBUG 2021-07-02 21:53:04,606 - DOMAIN INFO
INFO 2021-07-02 21:53:04,606 - {
    "DOMAIN": "hujidi.com", 
    "EXPIRATION": "2021-09-30 09:53:42", 
    "DAYS": "89 days, 12:00:38"
}
DEBUG 2021-07-02 22:02:40,405 - ####################################################################################################
DEBUG 2021-07-02 22:02:40,411 - DOMAIN INFO
INFO 2021-07-02 22:02:40,412 - {
    "DOMAIN": "wpc89.com", 
    "EXPIRATION": "2021-07-14 08:28:41", 
    "DAYS": "11 days, 10:26:01"
}
DEBUG 2021-07-02 22:02:41,145 - ####################################################################################################
DEBUG 2021-07-02 22:02:41,150 - DOMAIN INFO
INFO 2021-07-02 22:02:41,150 - {
    "DOMAIN": "www.wpc89.com", 
    "EXPIRATION": "2021-07-14 08:28:41", 
    "DAYS": "11 days, 10:26:00"
}
DEBUG 2021-07-02 22:24:29,636 - ####################################################################################################
DEBUG 2021-07-02 22:24:29,641 - DOMAIN INFO
INFO 2021-07-02 22:24:29,641 - {
    "DOMAIN": "www.wukongchat.com", 
    "EXPIRATION": "2021-07-18 17:04:26", 
    "DAYS": "15 days, 18:39:57"
}
DEBUG 2021-07-02 22:32:16,442 - ####################################################################################################
DEBUG 2021-07-02 22:32:16,449 - DOMAIN INFO
INFO 2021-07-02 22:32:16,449 - {
    "DOMAIN": "tochat333.com", 
    "EXPIRATION": "2021-07-19 16:18:13", 
    "DAYS": "16 days, 17:45:57"
}
DEBUG 2021-07-02 22:32:19,006 - ####################################################################################################
DEBUG 2021-07-02 22:32:19,012 - DOMAIN INFO
INFO 2021-07-02 22:32:19,012 - {
    "DOMAIN": "jbl.live", 
    "EXPIRATION": "2021-07-19 20:00:00", 
    "DAYS": "16 days, 21:27:42"
}
DEBUG 2021-07-02 22:32:19,371 - ####################################################################################################
DEBUG 2021-07-02 22:32:19,377 - DOMAIN INFO
INFO 2021-07-02 22:32:19,377 - {
    "DOMAIN": "www.jbl.live", 
    "EXPIRATION": "2021-07-19 20:00:00", 
    "DAYS": "16 days, 21:27:41"
}
DEBUG 2021-07-02 22:53:03,258 - ####################################################################################################
DEBUG 2021-07-02 22:53:03,263 - DOMAIN INFO
INFO 2021-07-02 22:53:03,264 - {
    "DOMAIN": "hujidi.com", 
    "EXPIRATION": "2021-09-30 09:53:42", 
    "DAYS": "89 days, 11:00:39"
}
DEBUG 2021-07-02 23:02:43,462 - ####################################################################################################
DEBUG 2021-07-02 23:02:43,468 - DOMAIN INFO
INFO 2021-07-02 23:02:43,468 - {
    "DOMAIN": "wpc89.com", 
    "EXPIRATION": "2021-07-14 08:28:41", 
    "DAYS": "11 days, 9:25:58"
}
DEBUG 2021-07-02 23:02:44,508 - ####################################################################################################
DEBUG 2021-07-02 23:02:44,513 - DOMAIN INFO
INFO 2021-07-02 23:02:44,514 - {
    "DOMAIN": "www.wpc89.com", 
    "EXPIRATION": "2021-07-14 08:28:41", 
    "DAYS": "11 days, 9:25:57"
}
DEBUG 2021-07-02 23:24:23,160 - ####################################################################################################
DEBUG 2021-07-02 23:24:23,165 - DOMAIN INFO
INFO 2021-07-02 23:24:23,166 - {
    "DOMAIN": "www.wukongchat.com", 
    "EXPIRATION": "2021-07-18 17:04:26", 
    "DAYS": "15 days, 17:40:03"
}
DEBUG 2021-07-02 23:32:16,815 - ####################################################################################################
DEBUG 2021-07-02 23:32:16,820 - DOMAIN INFO
INFO 2021-07-02 23:32:16,820 - {
    "DOMAIN": "tochat333.com", 
    "EXPIRATION": "2021-07-19 16:18:13", 
    "DAYS": "16 days, 16:45:57"
}
DEBUG 2021-07-02 23:32:18,744 - ####################################################################################################
DEBUG 2021-07-02 23:32:18,749 - DOMAIN INFO
INFO 2021-07-02 23:32:18,750 - {
    "DOMAIN": "jbl.live", 
    "EXPIRATION": "2021-07-19 20:00:00", 
    "DAYS": "16 days, 20:27:42"
}
DEBUG 2021-07-02 23:32:20,427 - ####################################################################################################
DEBUG 2021-07-02 23:32:20,433 - DOMAIN INFO
INFO 2021-07-02 23:32:20,433 - {
    "DOMAIN": "www.jbl.live", 
    "EXPIRATION": "2021-07-19 20:00:00", 
    "DAYS": "16 days, 20:27:40"
}
DEBUG 2021-07-02 23:53:04,232 - ####################################################################################################
DEBUG 2021-07-02 23:53:04,239 - DOMAIN INFO
INFO 2021-07-02 23:53:04,239 - {
    "DOMAIN": "hujidi.com", 
    "EXPIRATION": "2021-09-30 09:53:42", 
    "DAYS": "89 days, 10:00:38"
}
