DEBUG 2021-10-22 00:04:02,983 - ####################################################################################################
DEBUG 2021-10-22 00:04:02,989 - DOMAIN PYTHON ERROR
INFO 2021-10-22 00:04:02,989 - {
    "DOMAIN": "mg.snapplog.com", 
    "PYTHON ERROR": "[SSL: CERTIFICATE_VERIFY_FAILED] certificate verify failed (_ssl.c:618)", 
    "DOMAIN_CURL": 17
}
DEBUG 2021-10-22 00:04:08,287 - ####################################################################################################
DEBUG 2021-10-22 00:04:08,293 - DOMAIN PYTHON ERROR
INFO 2021-10-22 00:04:08,293 - {
    "DOMAIN": "jubolai.com", 
    "PYTHON ERROR": "[SSL: CERTIFICATE_VERIFY_FAILED] certificate verify failed (_ssl.c:618)", 
    "DOMAIN_CURL": 17
}
DEBUG 2021-10-22 00:04:09,750 - ####################################################################################################
DEBUG 2021-10-22 00:04:09,756 - DOMAIN PYTHON ERROR
INFO 2021-10-22 00:04:09,756 - {
    "DOMAIN": "mgb.snapplog.com", 
    "PYTHON ERROR": "[SSL: CERTIFICATE_VERIFY_FAILED] certificate verify failed (_ssl.c:618)", 
    "DOMAIN_CURL": 17
}
DEBUG 2021-10-22 00:04:11,363 - ####################################################################################################
DEBUG 2021-10-22 00:04:11,368 - DOMAIN PYTHON ERROR
INFO 2021-10-22 00:04:11,369 - {
    "DOMAIN": "mgbtest.snapplog.com", 
    "PYTHON ERROR": "[SSL: CERTIFICATE_VERIFY_FAILED] certificate verify failed (_ssl.c:618)", 
    "DOMAIN_CURL": 17
}
DEBUG 2021-10-22 00:04:13,044 - ####################################################################################################
DEBUG 2021-10-22 00:04:13,049 - DOMAIN PYTHON ERROR
INFO 2021-10-22 00:04:13,049 - {
    "DOMAIN": "vpn19.com", 
    "PYTHON ERROR": "[SSL: CERTIFICATE_VERIFY_FAILED] certificate verify failed (_ssl.c:618)", 
    "DOMAIN_CURL": 17
}
DEBUG 2021-10-22 00:04:13,080 - ####################################################################################################
DEBUG 2021-10-22 00:04:13,085 - DOMAIN PYTHON ERROR
INFO 2021-10-22 00:04:13,085 - {
    "DOMAIN": "jiabbo98.net", 
    "PYTHON ERROR": "[SSL: CERTIFICATE_VERIFY_FAILED] certificate verify failed (_ssl.c:618)", 
    "DOMAIN_CURL": 17
}
DEBUG 2021-10-22 00:04:14,955 - ####################################################################################################
DEBUG 2021-10-22 00:04:14,961 - DOMAIN PYTHON ERROR
INFO 2021-10-22 00:04:14,961 - {
    "DOMAIN": "jiabo28.net", 
    "PYTHON ERROR": "[SSL: CERTIFICATE_VERIFY_FAILED] certificate verify failed (_ssl.c:618)", 
    "DOMAIN_CURL": 17
}
DEBUG 2021-10-22 00:04:15,920 - ####################################################################################################
DEBUG 2021-10-22 00:04:15,925 - DOMAIN PYTHON ERROR
INFO 2021-10-22 00:04:15,925 - {
    "DOMAIN": "gstechhk.com", 
    "PYTHON ERROR": "[SSL: CERTIFICATE_VERIFY_FAILED] certificate verify failed (_ssl.c:618)", 
    "DOMAIN_CURL": 17
}
DEBUG 2021-10-22 00:04:17,258 - ####################################################################################################
DEBUG 2021-10-22 00:04:17,264 - DOMAIN PYTHON ERROR
INFO 2021-10-22 00:04:17,264 - {
    "DOMAIN": "yishengbet.com", 
    "PYTHON ERROR": "[SSL: CERTIFICATE_VERIFY_FAILED] certificate verify failed (_ssl.c:618)", 
    "DOMAIN_CURL": 17
}
DEBUG 2021-10-22 01:04:04,925 - ####################################################################################################
DEBUG 2021-10-22 01:04:04,930 - DOMAIN PYTHON ERROR
INFO 2021-10-22 01:04:04,930 - {
    "DOMAIN": "mg.snapplog.com", 
    "PYTHON ERROR": "[SSL: CERTIFICATE_VERIFY_FAILED] certificate verify failed (_ssl.c:618)", 
    "DOMAIN_CURL": 17
}
DEBUG 2021-10-22 01:04:06,446 - ####################################################################################################
DEBUG 2021-10-22 01:04:06,451 - DOMAIN PYTHON ERROR
INFO 2021-10-22 01:04:06,451 - {
    "DOMAIN": "jubolai.com", 
    "PYTHON ERROR": "[SSL: CERTIFICATE_VERIFY_FAILED] certificate verify failed (_ssl.c:618)", 
    "DOMAIN_CURL": 17
}
DEBUG 2021-10-22 01:04:09,267 - ####################################################################################################
DEBUG 2021-10-22 01:04:09,272 - DOMAIN PYTHON ERROR
INFO 2021-10-22 01:04:09,272 - {
    "DOMAIN": "mgb.snapplog.com", 
    "PYTHON ERROR": "[SSL: CERTIFICATE_VERIFY_FAILED] certificate verify failed (_ssl.c:618)", 
    "DOMAIN_CURL": 17
}
DEBUG 2021-10-22 01:04:09,760 - ####################################################################################################
DEBUG 2021-10-22 01:04:09,766 - DOMAIN PYTHON ERROR
INFO 2021-10-22 01:04:09,767 - {
    "DOMAIN": "mgbtest.snapplog.com", 
    "PYTHON ERROR": "[SSL: CERTIFICATE_VERIFY_FAILED] certificate verify failed (_ssl.c:618)", 
    "DOMAIN_CURL": 17
}
DEBUG 2021-10-22 01:04:12,376 - ####################################################################################################
DEBUG 2021-10-22 01:04:12,381 - DOMAIN PYTHON ERROR
INFO 2021-10-22 01:04:12,381 - {
    "DOMAIN": "jiabbo98.net", 
    "PYTHON ERROR": "[SSL: CERTIFICATE_VERIFY_FAILED] certificate verify failed (_ssl.c:618)", 
    "DOMAIN_CURL": 17
}
DEBUG 2021-10-22 01:04:12,519 - ####################################################################################################
DEBUG 2021-10-22 01:04:12,525 - DOMAIN PYTHON ERROR
INFO 2021-10-22 01:04:12,525 - {
    "DOMAIN": "vpn19.com", 
    "PYTHON ERROR": "[SSL: CERTIFICATE_VERIFY_FAILED] certificate verify failed (_ssl.c:618)", 
    "DOMAIN_CURL": 17
}
DEBUG 2021-10-22 01:04:13,225 - ####################################################################################################
DEBUG 2021-10-22 01:04:13,230 - DOMAIN PYTHON ERROR
INFO 2021-10-22 01:04:13,231 - {
    "DOMAIN": "jiabo28.net", 
    "PYTHON ERROR": "[SSL: CERTIFICATE_VERIFY_FAILED] certificate verify failed (_ssl.c:618)", 
    "DOMAIN_CURL": 17
}
DEBUG 2021-10-22 01:04:14,326 - ####################################################################################################
DEBUG 2021-10-22 01:04:14,331 - DOMAIN PYTHON ERROR
INFO 2021-10-22 01:04:14,332 - {
    "DOMAIN": "gstechhk.com", 
    "PYTHON ERROR": "[SSL: CERTIFICATE_VERIFY_FAILED] certificate verify failed (_ssl.c:618)", 
    "DOMAIN_CURL": 17
}
DEBUG 2021-10-22 01:04:14,629 - ####################################################################################################
DEBUG 2021-10-22 01:04:14,635 - DOMAIN PYTHON ERROR
INFO 2021-10-22 01:04:14,635 - {
    "DOMAIN": "yishengbet.com", 
    "PYTHON ERROR": "[SSL: CERTIFICATE_VERIFY_FAILED] certificate verify failed (_ssl.c:618)", 
    "DOMAIN_CURL": 17
}
DEBUG 2021-10-22 02:04:04,718 - ####################################################################################################
DEBUG 2021-10-22 02:04:04,724 - DOMAIN PYTHON ERROR
INFO 2021-10-22 02:04:04,725 - {
    "DOMAIN": "mg.snapplog.com", 
    "PYTHON ERROR": "[SSL: CERTIFICATE_VERIFY_FAILED] certificate verify failed (_ssl.c:618)", 
    "DOMAIN_CURL": 17
}
DEBUG 2021-10-22 02:04:07,421 - ####################################################################################################
DEBUG 2021-10-22 02:04:07,426 - DOMAIN PYTHON ERROR
INFO 2021-10-22 02:04:07,426 - {
    "DOMAIN": "jubolai.com", 
    "PYTHON ERROR": "[SSL: CERTIFICATE_VERIFY_FAILED] certificate verify failed (_ssl.c:618)", 
    "DOMAIN_CURL": 17
}
DEBUG 2021-10-22 02:04:10,057 - ####################################################################################################
DEBUG 2021-10-22 02:04:10,063 - DOMAIN PYTHON ERROR
INFO 2021-10-22 02:04:10,063 - {
    "DOMAIN": "mgb.snapplog.com", 
    "PYTHON ERROR": "[SSL: CERTIFICATE_VERIFY_FAILED] certificate verify failed (_ssl.c:618)", 
    "DOMAIN_CURL": 17
}
DEBUG 2021-10-22 02:04:10,787 - ####################################################################################################
DEBUG 2021-10-22 02:04:10,792 - DOMAIN PYTHON ERROR
INFO 2021-10-22 02:04:10,793 - {
    "DOMAIN": "mgbtest.snapplog.com", 
    "PYTHON ERROR": "[SSL: CERTIFICATE_VERIFY_FAILED] certificate verify failed (_ssl.c:618)", 
    "DOMAIN_CURL": 17
}
DEBUG 2021-10-22 02:04:12,843 - ####################################################################################################
DEBUG 2021-10-22 02:04:12,850 - DOMAIN PYTHON ERROR
INFO 2021-10-22 02:04:12,850 - {
    "DOMAIN": "jiabbo98.net", 
    "PYTHON ERROR": "[SSL: CERTIFICATE_VERIFY_FAILED] certificate verify failed (_ssl.c:618)", 
    "DOMAIN_CURL": 17
}
DEBUG 2021-10-22 02:04:13,217 - ####################################################################################################
DEBUG 2021-10-22 02:04:13,224 - DOMAIN PYTHON ERROR
INFO 2021-10-22 02:04:13,224 - {
    "DOMAIN": "vpn19.com", 
    "PYTHON ERROR": "[SSL: CERTIFICATE_VERIFY_FAILED] certificate verify failed (_ssl.c:618)", 
    "DOMAIN_CURL": 17
}
DEBUG 2021-10-22 02:04:14,109 - ####################################################################################################
DEBUG 2021-10-22 02:04:14,115 - DOMAIN PYTHON ERROR
INFO 2021-10-22 02:04:14,115 - {
    "DOMAIN": "jiabo28.net", 
    "PYTHON ERROR": "[SSL: CERTIFICATE_VERIFY_FAILED] certificate verify failed (_ssl.c:618)", 
    "DOMAIN_CURL": 17
}
DEBUG 2021-10-22 02:04:14,548 - ####################################################################################################
DEBUG 2021-10-22 02:04:14,553 - DOMAIN PYTHON ERROR
INFO 2021-10-22 02:04:14,554 - {
    "DOMAIN": "gstechhk.com", 
    "PYTHON ERROR": "[SSL: CERTIFICATE_VERIFY_FAILED] certificate verify failed (_ssl.c:618)", 
    "DOMAIN_CURL": 17
}
DEBUG 2021-10-22 02:04:16,393 - ####################################################################################################
DEBUG 2021-10-22 02:04:16,400 - DOMAIN PYTHON ERROR
INFO 2021-10-22 02:04:16,400 - {
    "DOMAIN": "yishengbet.com", 
    "PYTHON ERROR": "[SSL: CERTIFICATE_VERIFY_FAILED] certificate verify failed (_ssl.c:618)", 
    "DOMAIN_CURL": 17
}
DEBUG 2021-10-22 03:03:58,690 - ####################################################################################################
DEBUG 2021-10-22 03:03:58,697 - DOMAIN PYTHON ERROR
INFO 2021-10-22 03:03:58,697 - {
    "DOMAIN": "mg.snapplog.com", 
    "PYTHON ERROR": "[SSL: CERTIFICATE_VERIFY_FAILED] certificate verify failed (_ssl.c:618)", 
    "DOMAIN_CURL": 17
}
DEBUG 2021-10-22 03:04:05,049 - ####################################################################################################
DEBUG 2021-10-22 03:04:05,055 - DOMAIN PYTHON ERROR
INFO 2021-10-22 03:04:05,055 - {
    "DOMAIN": "jubolai.com", 
    "PYTHON ERROR": "[SSL: CERTIFICATE_VERIFY_FAILED] certificate verify failed (_ssl.c:618)", 
    "DOMAIN_CURL": 17
}
DEBUG 2021-10-22 03:04:06,357 - ####################################################################################################
DEBUG 2021-10-22 03:04:06,364 - DOMAIN PYTHON ERROR
INFO 2021-10-22 03:04:06,364 - {
    "DOMAIN": "mgb.snapplog.com", 
    "PYTHON ERROR": "[SSL: CERTIFICATE_VERIFY_FAILED] certificate verify failed (_ssl.c:618)", 
    "DOMAIN_CURL": 17
}
DEBUG 2021-10-22 03:04:07,470 - ####################################################################################################
DEBUG 2021-10-22 03:04:07,477 - DOMAIN PYTHON ERROR
INFO 2021-10-22 03:04:07,477 - {
    "DOMAIN": "mgbtest.snapplog.com", 
    "PYTHON ERROR": "[SSL: CERTIFICATE_VERIFY_FAILED] certificate verify failed (_ssl.c:618)", 
    "DOMAIN_CURL": 17
}
DEBUG 2021-10-22 03:04:11,194 - ####################################################################################################
DEBUG 2021-10-22 03:04:11,201 - DOMAIN PYTHON ERROR
INFO 2021-10-22 03:04:11,201 - {
    "DOMAIN": "vpn19.com", 
    "PYTHON ERROR": "[SSL: CERTIFICATE_VERIFY_FAILED] certificate verify failed (_ssl.c:618)", 
    "DOMAIN_CURL": 17
}
DEBUG 2021-10-22 03:04:12,098 - ####################################################################################################
DEBUG 2021-10-22 03:04:12,104 - DOMAIN PYTHON ERROR
INFO 2021-10-22 03:04:12,104 - {
    "DOMAIN": "jiabbo98.net", 
    "PYTHON ERROR": "[SSL: CERTIFICATE_VERIFY_FAILED] certificate verify failed (_ssl.c:618)", 
    "DOMAIN_CURL": 17
}
DEBUG 2021-10-22 03:04:12,783 - ####################################################################################################
DEBUG 2021-10-22 03:04:12,789 - DOMAIN PYTHON ERROR
INFO 2021-10-22 03:04:12,790 - {
    "DOMAIN": "jiabo28.net", 
    "PYTHON ERROR": "[SSL: CERTIFICATE_VERIFY_FAILED] certificate verify failed (_ssl.c:618)", 
    "DOMAIN_CURL": 17
}
DEBUG 2021-10-22 03:04:14,415 - ####################################################################################################
DEBUG 2021-10-22 03:04:14,420 - DOMAIN PYTHON ERROR
INFO 2021-10-22 03:04:14,421 - {
    "DOMAIN": "gstechhk.com", 
    "PYTHON ERROR": "[SSL: CERTIFICATE_VERIFY_FAILED] certificate verify failed (_ssl.c:618)", 
    "DOMAIN_CURL": 17
}
DEBUG 2021-10-22 03:04:16,361 - ####################################################################################################
DEBUG 2021-10-22 03:04:16,368 - DOMAIN PYTHON ERROR
INFO 2021-10-22 03:04:16,368 - {
    "DOMAIN": "yishengbet.com", 
    "PYTHON ERROR": "[SSL: CERTIFICATE_VERIFY_FAILED] certificate verify failed (_ssl.c:618)", 
    "DOMAIN_CURL": 17
}
DEBUG 2021-10-22 04:04:02,955 - ####################################################################################################
DEBUG 2021-10-22 04:04:02,960 - DOMAIN PYTHON ERROR
INFO 2021-10-22 04:04:02,961 - {
    "DOMAIN": "mg.snapplog.com", 
    "PYTHON ERROR": "[SSL: CERTIFICATE_VERIFY_FAILED] certificate verify failed (_ssl.c:618)", 
    "DOMAIN_CURL": 17
}
DEBUG 2021-10-22 04:04:08,327 - ####################################################################################################
DEBUG 2021-10-22 04:04:08,333 - DOMAIN PYTHON ERROR
INFO 2021-10-22 04:04:08,333 - {
    "DOMAIN": "jubolai.com", 
    "PYTHON ERROR": "[SSL: CERTIFICATE_VERIFY_FAILED] certificate verify failed (_ssl.c:618)", 
    "DOMAIN_CURL": 16
}
DEBUG 2021-10-22 04:04:10,414 - ####################################################################################################
DEBUG 2021-10-22 04:04:10,421 - DOMAIN PYTHON ERROR
INFO 2021-10-22 04:04:10,421 - {
    "DOMAIN": "mgb.snapplog.com", 
    "PYTHON ERROR": "[SSL: CERTIFICATE_VERIFY_FAILED] certificate verify failed (_ssl.c:618)", 
    "DOMAIN_CURL": 17
}
DEBUG 2021-10-22 04:04:11,056 - ####################################################################################################
DEBUG 2021-10-22 04:04:11,062 - DOMAIN PYTHON ERROR
INFO 2021-10-22 04:04:11,062 - {
    "DOMAIN": "mgbtest.snapplog.com", 
    "PYTHON ERROR": "[SSL: CERTIFICATE_VERIFY_FAILED] certificate verify failed (_ssl.c:618)", 
    "DOMAIN_CURL": 17
}
DEBUG 2021-10-22 04:04:13,570 - ####################################################################################################
DEBUG 2021-10-22 04:04:13,576 - DOMAIN PYTHON ERROR
INFO 2021-10-22 04:04:13,576 - {
    "DOMAIN": "jiabbo98.net", 
    "PYTHON ERROR": "[SSL: CERTIFICATE_VERIFY_FAILED] certificate verify failed (_ssl.c:618)", 
    "DOMAIN_CURL": 16
}
DEBUG 2021-10-22 04:04:13,836 - ####################################################################################################
DEBUG 2021-10-22 04:04:13,843 - DOMAIN PYTHON ERROR
INFO 2021-10-22 04:04:13,843 - {
    "DOMAIN": "vpn19.com", 
    "PYTHON ERROR": "[SSL: CERTIFICATE_VERIFY_FAILED] certificate verify failed (_ssl.c:618)", 
    "DOMAIN_CURL": 16
}
DEBUG 2021-10-22 04:04:15,057 - ####################################################################################################
DEBUG 2021-10-22 04:04:15,063 - DOMAIN PYTHON ERROR
INFO 2021-10-22 04:04:15,063 - {
    "DOMAIN": "jiabo28.net", 
    "PYTHON ERROR": "[SSL: CERTIFICATE_VERIFY_FAILED] certificate verify failed (_ssl.c:618)", 
    "DOMAIN_CURL": 16
}
DEBUG 2021-10-22 04:04:16,048 - ####################################################################################################
DEBUG 2021-10-22 04:04:16,053 - DOMAIN PYTHON ERROR
INFO 2021-10-22 04:04:16,054 - {
    "DOMAIN": "gstechhk.com", 
    "PYTHON ERROR": "[SSL: CERTIFICATE_VERIFY_FAILED] certificate verify failed (_ssl.c:618)", 
    "DOMAIN_CURL": 17
}
DEBUG 2021-10-22 04:04:16,697 - ####################################################################################################
DEBUG 2021-10-22 04:04:16,702 - DOMAIN PYTHON ERROR
INFO 2021-10-22 04:04:16,703 - {
    "DOMAIN": "yishengbet.com", 
    "PYTHON ERROR": "[SSL: CERTIFICATE_VERIFY_FAILED] certificate verify failed (_ssl.c:618)", 
    "DOMAIN_CURL": 16
}
DEBUG 2021-10-22 05:04:02,946 - ####################################################################################################
DEBUG 2021-10-22 05:04:02,952 - DOMAIN PYTHON ERROR
INFO 2021-10-22 05:04:02,952 - {
    "DOMAIN": "mg.snapplog.com", 
    "PYTHON ERROR": "[SSL: CERTIFICATE_VERIFY_FAILED] certificate verify failed (_ssl.c:618)", 
    "DOMAIN_CURL": 17
}
DEBUG 2021-10-22 05:04:06,021 - ####################################################################################################
DEBUG 2021-10-22 05:04:06,028 - DOMAIN PYTHON ERROR
INFO 2021-10-22 05:04:06,028 - {
    "DOMAIN": "jubolai.com", 
    "PYTHON ERROR": "[SSL: CERTIFICATE_VERIFY_FAILED] certificate verify failed (_ssl.c:618)", 
    "DOMAIN_CURL": 16
}
DEBUG 2021-10-22 05:04:09,319 - ####################################################################################################
DEBUG 2021-10-22 05:04:09,325 - DOMAIN PYTHON ERROR
INFO 2021-10-22 05:04:09,325 - {
    "DOMAIN": "mgb.snapplog.com", 
    "PYTHON ERROR": "[SSL: CERTIFICATE_VERIFY_FAILED] certificate verify failed (_ssl.c:618)", 
    "DOMAIN_CURL": 17
}
DEBUG 2021-10-22 05:04:10,843 - ####################################################################################################
DEBUG 2021-10-22 05:04:10,850 - DOMAIN PYTHON ERROR
INFO 2021-10-22 05:04:10,850 - {
    "DOMAIN": "mgbtest.snapplog.com", 
    "PYTHON ERROR": "[SSL: CERTIFICATE_VERIFY_FAILED] certificate verify failed (_ssl.c:618)", 
    "DOMAIN_CURL": 17
}
DEBUG 2021-10-22 05:04:13,047 - ####################################################################################################
DEBUG 2021-10-22 05:04:13,053 - DOMAIN PYTHON ERROR
INFO 2021-10-22 05:04:13,053 - {
    "DOMAIN": "vpn19.com", 
    "PYTHON ERROR": "[SSL: CERTIFICATE_VERIFY_FAILED] certificate verify failed (_ssl.c:618)", 
    "DOMAIN_CURL": 16
}
DEBUG 2021-10-22 05:04:14,259 - ####################################################################################################
DEBUG 2021-10-22 05:04:14,264 - DOMAIN PYTHON ERROR
INFO 2021-10-22 05:04:14,264 - {
    "DOMAIN": "jiabbo98.net", 
    "PYTHON ERROR": "[SSL: CERTIFICATE_VERIFY_FAILED] certificate verify failed (_ssl.c:618)", 
    "DOMAIN_CURL": 16
}
DEBUG 2021-10-22 05:04:14,569 - ####################################################################################################
DEBUG 2021-10-22 05:04:14,574 - DOMAIN PYTHON ERROR
INFO 2021-10-22 05:04:14,574 - {
    "DOMAIN": "jiabo28.net", 
    "PYTHON ERROR": "[SSL: CERTIFICATE_VERIFY_FAILED] certificate verify failed (_ssl.c:618)", 
    "DOMAIN_CURL": 16
}
DEBUG 2021-10-22 05:04:16,035 - ####################################################################################################
DEBUG 2021-10-22 05:04:16,040 - DOMAIN PYTHON ERROR
INFO 2021-10-22 05:04:16,040 - {
    "DOMAIN": "gstechhk.com", 
    "PYTHON ERROR": "[SSL: CERTIFICATE_VERIFY_FAILED] certificate verify failed (_ssl.c:618)", 
    "DOMAIN_CURL": 17
}
DEBUG 2021-10-22 05:04:17,924 - ####################################################################################################
DEBUG 2021-10-22 05:04:17,929 - DOMAIN PYTHON ERROR
INFO 2021-10-22 05:04:17,929 - {
    "DOMAIN": "yishengbet.com", 
    "PYTHON ERROR": "[SSL: CERTIFICATE_VERIFY_FAILED] certificate verify failed (_ssl.c:618)", 
    "DOMAIN_CURL": 16
}
DEBUG 2021-10-22 05:22:53,341 - ####################################################################################################
DEBUG 2021-10-22 05:22:53,348 - DOMAIN PYTHON ERROR
INFO 2021-10-22 05:22:53,348 - {
    "DOMAIN": "delivip1.com", 
    "PYTHON ERROR": "[SSL: CERTIFICATE_VERIFY_FAILED] certificate verify failed (_ssl.c:618)", 
    "DOMAIN_CURL": 85
}
DEBUG 2021-10-22 05:22:53,898 - ####################################################################################################
DEBUG 2021-10-22 05:22:53,904 - DOMAIN PYTHON ERROR
INFO 2021-10-22 05:22:53,904 - {
    "DOMAIN": "eu7.com", 
    "PYTHON ERROR": "[SSL: CERTIFICATE_VERIFY_FAILED] certificate verify failed (_ssl.c:618)", 
    "DOMAIN_CURL": 87
}
DEBUG 2021-10-22 05:22:54,019 - ####################################################################################################
DEBUG 2021-10-22 05:22:54,025 - DOMAIN PYTHON ERROR
INFO 2021-10-22 05:22:54,025 - {
    "DOMAIN": "138eu.net", 
    "PYTHON ERROR": "[SSL: CERTIFICATE_VERIFY_FAILED] certificate verify failed (_ssl.c:618)", 
    "DOMAIN_CURL": 87
}
DEBUG 2021-10-22 06:03:58,352 - ####################################################################################################
DEBUG 2021-10-22 06:03:58,358 - DOMAIN PYTHON ERROR
INFO 2021-10-22 06:03:58,358 - {
    "DOMAIN": "mg.snapplog.com", 
    "PYTHON ERROR": "[SSL: CERTIFICATE_VERIFY_FAILED] certificate verify failed (_ssl.c:618)", 
    "DOMAIN_CURL": 17
}
DEBUG 2021-10-22 06:04:03,653 - ####################################################################################################
DEBUG 2021-10-22 06:04:03,659 - DOMAIN PYTHON ERROR
INFO 2021-10-22 06:04:03,659 - {
    "DOMAIN": "jubolai.com", 
    "PYTHON ERROR": "[SSL: CERTIFICATE_VERIFY_FAILED] certificate verify failed (_ssl.c:618)", 
    "DOMAIN_CURL": 16
}
DEBUG 2021-10-22 06:04:06,857 - ####################################################################################################
DEBUG 2021-10-22 06:04:06,862 - DOMAIN PYTHON ERROR
INFO 2021-10-22 06:04:06,863 - {
    "DOMAIN": "mgb.snapplog.com", 
    "PYTHON ERROR": "[SSL: CERTIFICATE_VERIFY_FAILED] certificate verify failed (_ssl.c:618)", 
    "DOMAIN_CURL": 17
}
DEBUG 2021-10-22 06:04:08,777 - ####################################################################################################
DEBUG 2021-10-22 06:04:08,782 - DOMAIN PYTHON ERROR
INFO 2021-10-22 06:04:08,782 - {
    "DOMAIN": "mgbtest.snapplog.com", 
    "PYTHON ERROR": "[SSL: CERTIFICATE_VERIFY_FAILED] certificate verify failed (_ssl.c:618)", 
    "DOMAIN_CURL": 17
}
DEBUG 2021-10-22 06:04:10,669 - ####################################################################################################
DEBUG 2021-10-22 06:04:10,675 - DOMAIN PYTHON ERROR
INFO 2021-10-22 06:04:10,675 - {
    "DOMAIN": "jiabbo98.net", 
    "PYTHON ERROR": "[SSL: CERTIFICATE_VERIFY_FAILED] certificate verify failed (_ssl.c:618)", 
    "DOMAIN_CURL": 16
}
DEBUG 2021-10-22 06:04:11,095 - ####################################################################################################
DEBUG 2021-10-22 06:04:11,100 - DOMAIN PYTHON ERROR
INFO 2021-10-22 06:04:11,100 - {
    "DOMAIN": "vpn19.com", 
    "PYTHON ERROR": "[SSL: CERTIFICATE_VERIFY_FAILED] certificate verify failed (_ssl.c:618)", 
    "DOMAIN_CURL": 16
}
DEBUG 2021-10-22 06:04:12,541 - ####################################################################################################
DEBUG 2021-10-22 06:04:12,546 - DOMAIN PYTHON ERROR
INFO 2021-10-22 06:04:12,546 - {
    "DOMAIN": "jiabo28.net", 
    "PYTHON ERROR": "[SSL: CERTIFICATE_VERIFY_FAILED] certificate verify failed (_ssl.c:618)", 
    "DOMAIN_CURL": 16
}
DEBUG 2021-10-22 06:04:14,540 - ####################################################################################################
DEBUG 2021-10-22 06:04:14,546 - DOMAIN PYTHON ERROR
INFO 2021-10-22 06:04:14,546 - {
    "DOMAIN": "gstechhk.com", 
    "PYTHON ERROR": "[SSL: CERTIFICATE_VERIFY_FAILED] certificate verify failed (_ssl.c:618)", 
    "DOMAIN_CURL": 17
}
DEBUG 2021-10-22 06:04:15,724 - ####################################################################################################
DEBUG 2021-10-22 06:04:15,728 - DOMAIN PYTHON ERROR
INFO 2021-10-22 06:04:15,729 - {
    "DOMAIN": "yishengbet.com", 
    "PYTHON ERROR": "[SSL: CERTIFICATE_VERIFY_FAILED] certificate verify failed (_ssl.c:618)", 
    "DOMAIN_CURL": 16
}
DEBUG 2021-10-22 06:22:52,970 - ####################################################################################################
DEBUG 2021-10-22 06:22:52,975 - DOMAIN PYTHON ERROR
INFO 2021-10-22 06:22:52,975 - {
    "DOMAIN": "delivip1.com", 
    "PYTHON ERROR": "[SSL: CERTIFICATE_VERIFY_FAILED] certificate verify failed (_ssl.c:618)", 
    "DOMAIN_CURL": 85
}
DEBUG 2021-10-22 07:04:01,906 - ####################################################################################################
DEBUG 2021-10-22 07:04:01,912 - DOMAIN PYTHON ERROR
INFO 2021-10-22 07:04:01,912 - {
    "DOMAIN": "mg.snapplog.com", 
    "PYTHON ERROR": "[SSL: CERTIFICATE_VERIFY_FAILED] certificate verify failed (_ssl.c:618)", 
    "DOMAIN_CURL": 17
}
DEBUG 2021-10-22 07:04:06,573 - ####################################################################################################
DEBUG 2021-10-22 07:04:06,578 - DOMAIN PYTHON ERROR
INFO 2021-10-22 07:04:06,579 - {
    "DOMAIN": "jubolai.com", 
    "PYTHON ERROR": "[SSL: CERTIFICATE_VERIFY_FAILED] certificate verify failed (_ssl.c:618)", 
    "DOMAIN_CURL": 16
}
DEBUG 2021-10-22 07:04:10,186 - ####################################################################################################
DEBUG 2021-10-22 07:04:10,191 - DOMAIN PYTHON ERROR
INFO 2021-10-22 07:04:10,191 - {
    "DOMAIN": "mgb.snapplog.com", 
    "PYTHON ERROR": "[SSL: CERTIFICATE_VERIFY_FAILED] certificate verify failed (_ssl.c:618)", 
    "DOMAIN_CURL": 17
}
DEBUG 2021-10-22 07:04:11,831 - ####################################################################################################
DEBUG 2021-10-22 07:04:11,837 - DOMAIN PYTHON ERROR
INFO 2021-10-22 07:04:11,837 - {
    "DOMAIN": "mgbtest.snapplog.com", 
    "PYTHON ERROR": "[SSL: CERTIFICATE_VERIFY_FAILED] certificate verify failed (_ssl.c:618)", 
    "DOMAIN_CURL": 17
}
DEBUG 2021-10-22 07:04:14,127 - ####################################################################################################
DEBUG 2021-10-22 07:04:14,134 - DOMAIN PYTHON ERROR
INFO 2021-10-22 07:04:14,134 - {
    "DOMAIN": "jiabbo98.net", 
    "PYTHON ERROR": "[SSL: CERTIFICATE_VERIFY_FAILED] certificate verify failed (_ssl.c:618)", 
    "DOMAIN_CURL": 16
}
DEBUG 2021-10-22 07:04:14,217 - ####################################################################################################
DEBUG 2021-10-22 07:04:14,222 - DOMAIN PYTHON ERROR
INFO 2021-10-22 07:04:14,223 - {
    "DOMAIN": "vpn19.com", 
    "PYTHON ERROR": "[SSL: CERTIFICATE_VERIFY_FAILED] certificate verify failed (_ssl.c:618)", 
    "DOMAIN_CURL": 16
}
DEBUG 2021-10-22 07:04:15,068 - ####################################################################################################
DEBUG 2021-10-22 07:04:15,073 - DOMAIN PYTHON ERROR
INFO 2021-10-22 07:04:15,074 - {
    "DOMAIN": "jiabo28.net", 
    "PYTHON ERROR": "[SSL: CERTIFICATE_VERIFY_FAILED] certificate verify failed (_ssl.c:618)", 
    "DOMAIN_CURL": 16
}
DEBUG 2021-10-22 07:04:16,090 - ####################################################################################################
DEBUG 2021-10-22 07:04:16,095 - DOMAIN PYTHON ERROR
INFO 2021-10-22 07:04:16,095 - {
    "DOMAIN": "gstechhk.com", 
    "PYTHON ERROR": "[SSL: CERTIFICATE_VERIFY_FAILED] certificate verify failed (_ssl.c:618)", 
    "DOMAIN_CURL": 17
}
DEBUG 2021-10-22 07:04:16,414 - ####################################################################################################
DEBUG 2021-10-22 07:04:16,420 - DOMAIN PYTHON ERROR
INFO 2021-10-22 07:04:16,420 - {
    "DOMAIN": "yishengbet.com", 
    "PYTHON ERROR": "[SSL: CERTIFICATE_VERIFY_FAILED] certificate verify failed (_ssl.c:618)", 
    "DOMAIN_CURL": 16
}
DEBUG 2021-10-22 08:04:00,131 - ####################################################################################################
DEBUG 2021-10-22 08:04:00,137 - DOMAIN PYTHON ERROR
INFO 2021-10-22 08:04:00,137 - {
    "DOMAIN": "mg.snapplog.com", 
    "PYTHON ERROR": "[SSL: CERTIFICATE_VERIFY_FAILED] certificate verify failed (_ssl.c:618)", 
    "DOMAIN_CURL": 17
}
DEBUG 2021-10-22 08:04:06,230 - ####################################################################################################
DEBUG 2021-10-22 08:04:06,235 - DOMAIN PYTHON ERROR
INFO 2021-10-22 08:04:06,235 - {
    "DOMAIN": "jubolai.com", 
    "PYTHON ERROR": "[SSL: CERTIFICATE_VERIFY_FAILED] certificate verify failed (_ssl.c:618)", 
    "DOMAIN_CURL": 16
}
DEBUG 2021-10-22 08:04:07,352 - ####################################################################################################
DEBUG 2021-10-22 08:04:07,359 - DOMAIN PYTHON ERROR
INFO 2021-10-22 08:04:07,360 - {
    "DOMAIN": "mgb.snapplog.com", 
    "PYTHON ERROR": "[SSL: CERTIFICATE_VERIFY_FAILED] certificate verify failed (_ssl.c:618)", 
    "DOMAIN_CURL": 17
}
DEBUG 2021-10-22 08:04:09,116 - ####################################################################################################
DEBUG 2021-10-22 08:04:09,122 - DOMAIN PYTHON ERROR
INFO 2021-10-22 08:04:09,122 - {
    "DOMAIN": "mgbtest.snapplog.com", 
    "PYTHON ERROR": "[SSL: CERTIFICATE_VERIFY_FAILED] certificate verify failed (_ssl.c:618)", 
    "DOMAIN_CURL": 17
}
DEBUG 2021-10-22 08:04:11,419 - ####################################################################################################
DEBUG 2021-10-22 08:04:11,424 - DOMAIN PYTHON ERROR
INFO 2021-10-22 08:04:11,424 - {
    "DOMAIN": "jiabbo98.net", 
    "PYTHON ERROR": "[SSL: CERTIFICATE_VERIFY_FAILED] certificate verify failed (_ssl.c:618)", 
    "DOMAIN_CURL": 16
}
DEBUG 2021-10-22 08:04:11,571 - ####################################################################################################
DEBUG 2021-10-22 08:04:11,577 - DOMAIN PYTHON ERROR
INFO 2021-10-22 08:04:11,577 - {
    "DOMAIN": "vpn19.com", 
    "PYTHON ERROR": "[SSL: CERTIFICATE_VERIFY_FAILED] certificate verify failed (_ssl.c:618)", 
    "DOMAIN_CURL": 16
}
DEBUG 2021-10-22 08:04:12,651 - ####################################################################################################
DEBUG 2021-10-22 08:04:12,657 - DOMAIN PYTHON ERROR
INFO 2021-10-22 08:04:12,657 - {
    "DOMAIN": "jiabo28.net", 
    "PYTHON ERROR": "[SSL: CERTIFICATE_VERIFY_FAILED] certificate verify failed (_ssl.c:618)", 
    "DOMAIN_CURL": 16
}
DEBUG 2021-10-22 08:04:14,245 - ####################################################################################################
DEBUG 2021-10-22 08:04:14,251 - DOMAIN PYTHON ERROR
INFO 2021-10-22 08:04:14,252 - {
    "DOMAIN": "gstechhk.com", 
    "PYTHON ERROR": "[SSL: CERTIFICATE_VERIFY_FAILED] certificate verify failed (_ssl.c:618)", 
    "DOMAIN_CURL": 17
}
DEBUG 2021-10-22 08:04:16,893 - ####################################################################################################
DEBUG 2021-10-22 08:04:16,900 - DOMAIN PYTHON ERROR
INFO 2021-10-22 08:04:16,900 - {
    "DOMAIN": "yishengbet.com", 
    "PYTHON ERROR": "[SSL: CERTIFICATE_VERIFY_FAILED] certificate verify failed (_ssl.c:618)", 
    "DOMAIN_CURL": 16
}
DEBUG 2021-10-22 09:04:02,507 - ####################################################################################################
DEBUG 2021-10-22 09:04:02,514 - DOMAIN PYTHON ERROR
INFO 2021-10-22 09:04:02,514 - {
    "DOMAIN": "mg.snapplog.com", 
    "PYTHON ERROR": "[SSL: CERTIFICATE_VERIFY_FAILED] certificate verify failed (_ssl.c:618)", 
    "DOMAIN_CURL": 17
}
DEBUG 2021-10-22 09:04:05,887 - ####################################################################################################
DEBUG 2021-10-22 09:04:05,893 - DOMAIN PYTHON ERROR
INFO 2021-10-22 09:04:05,893 - {
    "DOMAIN": "jubolai.com", 
    "PYTHON ERROR": "[SSL: CERTIFICATE_VERIFY_FAILED] certificate verify failed (_ssl.c:618)", 
    "DOMAIN_CURL": 16
}
DEBUG 2021-10-22 09:04:10,125 - ####################################################################################################
DEBUG 2021-10-22 09:04:10,132 - DOMAIN PYTHON ERROR
INFO 2021-10-22 09:04:10,132 - {
    "DOMAIN": "mgb.snapplog.com", 
    "PYTHON ERROR": "[SSL: CERTIFICATE_VERIFY_FAILED] certificate verify failed (_ssl.c:618)", 
    "DOMAIN_CURL": 17
}
DEBUG 2021-10-22 09:04:11,622 - ####################################################################################################
DEBUG 2021-10-22 09:04:11,627 - DOMAIN PYTHON ERROR
INFO 2021-10-22 09:04:11,628 - {
    "DOMAIN": "mgbtest.snapplog.com", 
    "PYTHON ERROR": "[SSL: CERTIFICATE_VERIFY_FAILED] certificate verify failed (_ssl.c:618)", 
    "DOMAIN_CURL": 17
}
DEBUG 2021-10-22 09:04:14,267 - ####################################################################################################
DEBUG 2021-10-22 09:04:14,272 - DOMAIN PYTHON ERROR
INFO 2021-10-22 09:04:14,273 - {
    "DOMAIN": "vpn19.com", 
    "PYTHON ERROR": "[SSL: CERTIFICATE_VERIFY_FAILED] certificate verify failed (_ssl.c:618)", 
    "DOMAIN_CURL": 16
}
DEBUG 2021-10-22 09:04:14,478 - ####################################################################################################
DEBUG 2021-10-22 09:04:14,484 - DOMAIN PYTHON ERROR
INFO 2021-10-22 09:04:14,484 - {
    "DOMAIN": "jiabbo98.net", 
    "PYTHON ERROR": "[SSL: CERTIFICATE_VERIFY_FAILED] certificate verify failed (_ssl.c:618)", 
    "DOMAIN_CURL": 16
}
DEBUG 2021-10-22 09:04:15,465 - ####################################################################################################
DEBUG 2021-10-22 09:04:15,471 - DOMAIN PYTHON ERROR
INFO 2021-10-22 09:04:15,472 - {
    "DOMAIN": "jiabo28.net", 
    "PYTHON ERROR": "[SSL: CERTIFICATE_VERIFY_FAILED] certificate verify failed (_ssl.c:618)", 
    "DOMAIN_CURL": 16
}
DEBUG 2021-10-22 09:04:16,552 - ####################################################################################################
DEBUG 2021-10-22 09:04:16,558 - DOMAIN PYTHON ERROR
INFO 2021-10-22 09:04:16,558 - {
    "DOMAIN": "gstechhk.com", 
    "PYTHON ERROR": "[SSL: CERTIFICATE_VERIFY_FAILED] certificate verify failed (_ssl.c:618)", 
    "DOMAIN_CURL": 17
}
DEBUG 2021-10-22 09:04:16,921 - ####################################################################################################
DEBUG 2021-10-22 09:04:16,926 - DOMAIN PYTHON ERROR
INFO 2021-10-22 09:04:16,927 - {
    "DOMAIN": "yishengbet.com", 
    "PYTHON ERROR": "[SSL: CERTIFICATE_VERIFY_FAILED] certificate verify failed (_ssl.c:618)", 
    "DOMAIN_CURL": 16
}
DEBUG 2021-10-22 10:04:01,754 - ####################################################################################################
DEBUG 2021-10-22 10:04:01,760 - DOMAIN PYTHON ERROR
INFO 2021-10-22 10:04:01,760 - {
    "DOMAIN": "mg.snapplog.com", 
    "PYTHON ERROR": "[SSL: CERTIFICATE_VERIFY_FAILED] certificate verify failed (_ssl.c:618)", 
    "DOMAIN_CURL": 17
}
DEBUG 2021-10-22 10:04:03,081 - ####################################################################################################
DEBUG 2021-10-22 10:04:03,086 - DOMAIN PYTHON ERROR
INFO 2021-10-22 10:04:03,087 - {
    "DOMAIN": "jubolai.com", 
    "PYTHON ERROR": "[SSL: CERTIFICATE_VERIFY_FAILED] certificate verify failed (_ssl.c:618)", 
    "DOMAIN_CURL": 16
}
DEBUG 2021-10-22 10:04:04,045 - ####################################################################################################
DEBUG 2021-10-22 10:04:04,050 - DOMAIN PYTHON ERROR
INFO 2021-10-22 10:04:04,050 - {
    "DOMAIN": "mgb.snapplog.com", 
    "PYTHON ERROR": "[SSL: CERTIFICATE_VERIFY_FAILED] certificate verify failed (_ssl.c:618)", 
    "DOMAIN_CURL": 17
}
DEBUG 2021-10-22 10:04:05,128 - ####################################################################################################
DEBUG 2021-10-22 10:04:05,134 - DOMAIN PYTHON ERROR
INFO 2021-10-22 10:04:05,134 - {
    "DOMAIN": "mgbtest.snapplog.com", 
    "PYTHON ERROR": "[SSL: CERTIFICATE_VERIFY_FAILED] certificate verify failed (_ssl.c:618)", 
    "DOMAIN_CURL": 17
}
DEBUG 2021-10-22 10:04:06,452 - ####################################################################################################
DEBUG 2021-10-22 10:04:06,458 - DOMAIN PYTHON ERROR
INFO 2021-10-22 10:04:06,458 - {
    "DOMAIN": "vpn19.com", 
    "PYTHON ERROR": "[SSL: CERTIFICATE_VERIFY_FAILED] certificate verify failed (_ssl.c:618)", 
    "DOMAIN_CURL": 16
}
DEBUG 2021-10-22 10:04:07,871 - ####################################################################################################
DEBUG 2021-10-22 10:04:07,878 - DOMAIN PYTHON ERROR
INFO 2021-10-22 10:04:07,878 - {
    "DOMAIN": "jiabbo98.net", 
    "PYTHON ERROR": "[SSL: CERTIFICATE_VERIFY_FAILED] certificate verify failed (_ssl.c:618)", 
    "DOMAIN_CURL": 16
}
DEBUG 2021-10-22 10:04:10,961 - ####################################################################################################
DEBUG 2021-10-22 10:04:10,967 - DOMAIN PYTHON ERROR
INFO 2021-10-22 10:04:10,967 - {
    "DOMAIN": "jiabo28.net", 
    "PYTHON ERROR": "[SSL: CERTIFICATE_VERIFY_FAILED] certificate verify failed (_ssl.c:618)", 
    "DOMAIN_CURL": 16
}
DEBUG 2021-10-22 10:04:11,771 - ####################################################################################################
DEBUG 2021-10-22 10:04:11,777 - DOMAIN PYTHON ERROR
INFO 2021-10-22 10:04:11,777 - {
    "DOMAIN": "gstechhk.com", 
    "PYTHON ERROR": "[SSL: CERTIFICATE_VERIFY_FAILED] certificate verify failed (_ssl.c:618)", 
    "DOMAIN_CURL": 17
}
DEBUG 2021-10-22 10:04:13,053 - ####################################################################################################
DEBUG 2021-10-22 10:04:13,058 - DOMAIN PYTHON ERROR
INFO 2021-10-22 10:04:13,058 - {
    "DOMAIN": "yishengbet.com", 
    "PYTHON ERROR": "[SSL: CERTIFICATE_VERIFY_FAILED] certificate verify failed (_ssl.c:618)", 
    "DOMAIN_CURL": 16
}
DEBUG 2021-10-22 11:04:03,332 - ####################################################################################################
DEBUG 2021-10-22 11:04:03,338 - DOMAIN PYTHON ERROR
INFO 2021-10-22 11:04:03,338 - {
    "DOMAIN": "mg.snapplog.com", 
    "PYTHON ERROR": "[SSL: CERTIFICATE_VERIFY_FAILED] certificate verify failed (_ssl.c:618)", 
    "DOMAIN_CURL": 17
}
DEBUG 2021-10-22 11:04:08,102 - ####################################################################################################
DEBUG 2021-10-22 11:04:08,108 - DOMAIN PYTHON ERROR
INFO 2021-10-22 11:04:08,108 - {
    "DOMAIN": "jubolai.com", 
    "PYTHON ERROR": "[SSL: CERTIFICATE_VERIFY_FAILED] certificate verify failed (_ssl.c:618)", 
    "DOMAIN_CURL": 16
}
DEBUG 2021-10-22 11:04:10,327 - ####################################################################################################
DEBUG 2021-10-22 11:04:10,333 - DOMAIN PYTHON ERROR
INFO 2021-10-22 11:04:10,333 - {
    "DOMAIN": "mgb.snapplog.com", 
    "PYTHON ERROR": "[SSL: CERTIFICATE_VERIFY_FAILED] certificate verify failed (_ssl.c:618)", 
    "DOMAIN_CURL": 17
}
DEBUG 2021-10-22 11:04:11,557 - ####################################################################################################
DEBUG 2021-10-22 11:04:11,562 - DOMAIN PYTHON ERROR
INFO 2021-10-22 11:04:11,562 - {
    "DOMAIN": "mgbtest.snapplog.com", 
    "PYTHON ERROR": "[SSL: CERTIFICATE_VERIFY_FAILED] certificate verify failed (_ssl.c:618)", 
    "DOMAIN_CURL": 17
}
DEBUG 2021-10-22 11:04:13,873 - ####################################################################################################
DEBUG 2021-10-22 11:04:13,879 - DOMAIN PYTHON ERROR
INFO 2021-10-22 11:04:13,880 - {
    "DOMAIN": "jiabbo98.net", 
    "PYTHON ERROR": "[SSL: CERTIFICATE_VERIFY_FAILED] certificate verify failed (_ssl.c:618)", 
    "DOMAIN_CURL": 16
}
DEBUG 2021-10-22 11:04:14,433 - ####################################################################################################
DEBUG 2021-10-22 11:04:14,438 - DOMAIN PYTHON ERROR
INFO 2021-10-22 11:04:14,438 - {
    "DOMAIN": "vpn19.com", 
    "PYTHON ERROR": "[SSL: CERTIFICATE_VERIFY_FAILED] certificate verify failed (_ssl.c:618)", 
    "DOMAIN_CURL": 16
}
DEBUG 2021-10-22 11:04:14,857 - ####################################################################################################
DEBUG 2021-10-22 11:04:14,865 - DOMAIN PYTHON ERROR
INFO 2021-10-22 11:04:14,865 - {
    "DOMAIN": "jiabo28.net", 
    "PYTHON ERROR": "[SSL: CERTIFICATE_VERIFY_FAILED] certificate verify failed (_ssl.c:618)", 
    "DOMAIN_CURL": 16
}
DEBUG 2021-10-22 11:04:16,110 - ####################################################################################################
DEBUG 2021-10-22 11:04:16,116 - DOMAIN PYTHON ERROR
INFO 2021-10-22 11:04:16,116 - {
    "DOMAIN": "gstechhk.com", 
    "PYTHON ERROR": "[SSL: CERTIFICATE_VERIFY_FAILED] certificate verify failed (_ssl.c:618)", 
    "DOMAIN_CURL": 17
}
DEBUG 2021-10-22 11:04:16,559 - ####################################################################################################
DEBUG 2021-10-22 11:04:16,566 - DOMAIN PYTHON ERROR
INFO 2021-10-22 11:04:16,566 - {
    "DOMAIN": "yishengbet.com", 
    "PYTHON ERROR": "[SSL: CERTIFICATE_VERIFY_FAILED] certificate verify failed (_ssl.c:618)", 
    "DOMAIN_CURL": 16
}
DEBUG 2021-10-22 12:04:00,542 - ####################################################################################################
DEBUG 2021-10-22 12:04:00,548 - DOMAIN PYTHON ERROR
INFO 2021-10-22 12:04:00,549 - {
    "DOMAIN": "mg.snapplog.com", 
    "PYTHON ERROR": "[SSL: CERTIFICATE_VERIFY_FAILED] certificate verify failed (_ssl.c:618)", 
    "DOMAIN_CURL": 17
}
DEBUG 2021-10-22 12:04:06,097 - ####################################################################################################
DEBUG 2021-10-22 12:04:06,102 - DOMAIN PYTHON ERROR
INFO 2021-10-22 12:04:06,102 - {
    "DOMAIN": "jubolai.com", 
    "PYTHON ERROR": "[SSL: CERTIFICATE_VERIFY_FAILED] certificate verify failed (_ssl.c:618)", 
    "DOMAIN_CURL": 16
}
DEBUG 2021-10-22 12:04:08,361 - ####################################################################################################
DEBUG 2021-10-22 12:04:08,366 - DOMAIN PYTHON ERROR
INFO 2021-10-22 12:04:08,367 - {
    "DOMAIN": "mgb.snapplog.com", 
    "PYTHON ERROR": "[SSL: CERTIFICATE_VERIFY_FAILED] certificate verify failed (_ssl.c:618)", 
    "DOMAIN_CURL": 17
}
DEBUG 2021-10-22 12:04:09,316 - ####################################################################################################
DEBUG 2021-10-22 12:04:09,322 - DOMAIN PYTHON ERROR
INFO 2021-10-22 12:04:09,322 - {
    "DOMAIN": "mgbtest.snapplog.com", 
    "PYTHON ERROR": "[SSL: CERTIFICATE_VERIFY_FAILED] certificate verify failed (_ssl.c:618)", 
    "DOMAIN_CURL": 17
}
DEBUG 2021-10-22 12:04:12,074 - ####################################################################################################
DEBUG 2021-10-22 12:04:12,080 - DOMAIN PYTHON ERROR
INFO 2021-10-22 12:04:12,080 - {
    "DOMAIN": "vpn19.com", 
    "PYTHON ERROR": "[SSL: CERTIFICATE_VERIFY_FAILED] certificate verify failed (_ssl.c:618)", 
    "DOMAIN_CURL": 16
}
DEBUG 2021-10-22 12:04:12,648 - ####################################################################################################
DEBUG 2021-10-22 12:04:12,654 - DOMAIN PYTHON ERROR
INFO 2021-10-22 12:04:12,654 - {
    "DOMAIN": "jiabbo98.net", 
    "PYTHON ERROR": "[SSL: CERTIFICATE_VERIFY_FAILED] certificate verify failed (_ssl.c:618)", 
    "DOMAIN_CURL": 16
}
DEBUG 2021-10-22 12:04:14,792 - ####################################################################################################
DEBUG 2021-10-22 12:04:14,798 - DOMAIN PYTHON ERROR
INFO 2021-10-22 12:04:14,798 - {
    "DOMAIN": "jiabo28.net", 
    "PYTHON ERROR": "[SSL: CERTIFICATE_VERIFY_FAILED] certificate verify failed (_ssl.c:618)", 
    "DOMAIN_CURL": 16
}
DEBUG 2021-10-22 12:04:15,385 - ####################################################################################################
DEBUG 2021-10-22 12:04:15,391 - DOMAIN PYTHON ERROR
INFO 2021-10-22 12:04:15,391 - {
    "DOMAIN": "gstechhk.com", 
    "PYTHON ERROR": "[SSL: CERTIFICATE_VERIFY_FAILED] certificate verify failed (_ssl.c:618)", 
    "DOMAIN_CURL": 17
}
DEBUG 2021-10-22 12:04:16,636 - ####################################################################################################
DEBUG 2021-10-22 12:04:16,642 - DOMAIN PYTHON ERROR
INFO 2021-10-22 12:04:16,642 - {
    "DOMAIN": "yishengbet.com", 
    "PYTHON ERROR": "[SSL: CERTIFICATE_VERIFY_FAILED] certificate verify failed (_ssl.c:618)", 
    "DOMAIN_CURL": 16
}
DEBUG 2021-10-22 13:04:02,729 - ####################################################################################################
DEBUG 2021-10-22 13:04:02,734 - DOMAIN PYTHON ERROR
INFO 2021-10-22 13:04:02,735 - {
    "DOMAIN": "mg.snapplog.com", 
    "PYTHON ERROR": "[SSL: CERTIFICATE_VERIFY_FAILED] certificate verify failed (_ssl.c:618)", 
    "DOMAIN_CURL": 17
}
DEBUG 2021-10-22 13:04:07,899 - ####################################################################################################
DEBUG 2021-10-22 13:04:07,904 - DOMAIN PYTHON ERROR
INFO 2021-10-22 13:04:07,904 - {
    "DOMAIN": "jubolai.com", 
    "PYTHON ERROR": "[SSL: CERTIFICATE_VERIFY_FAILED] certificate verify failed (_ssl.c:618)", 
    "DOMAIN_CURL": 16
}
DEBUG 2021-10-22 13:04:11,055 - ####################################################################################################
DEBUG 2021-10-22 13:04:11,061 - DOMAIN PYTHON ERROR
INFO 2021-10-22 13:04:11,062 - {
    "DOMAIN": "mgb.snapplog.com", 
    "PYTHON ERROR": "[SSL: CERTIFICATE_VERIFY_FAILED] certificate verify failed (_ssl.c:618)", 
    "DOMAIN_CURL": 17
}
DEBUG 2021-10-22 13:04:11,827 - ####################################################################################################
DEBUG 2021-10-22 13:04:11,833 - DOMAIN PYTHON ERROR
INFO 2021-10-22 13:04:11,833 - {
    "DOMAIN": "mgbtest.snapplog.com", 
    "PYTHON ERROR": "[SSL: CERTIFICATE_VERIFY_FAILED] certificate verify failed (_ssl.c:618)", 
    "DOMAIN_CURL": 17
}
DEBUG 2021-10-22 13:04:13,791 - ####################################################################################################
DEBUG 2021-10-22 13:04:13,797 - DOMAIN PYTHON ERROR
INFO 2021-10-22 13:04:13,797 - {
    "DOMAIN": "vpn19.com", 
    "PYTHON ERROR": "[SSL: CERTIFICATE_VERIFY_FAILED] certificate verify failed (_ssl.c:618)", 
    "DOMAIN_CURL": 16
}
DEBUG 2021-10-22 13:04:14,474 - ####################################################################################################
DEBUG 2021-10-22 13:04:14,479 - DOMAIN PYTHON ERROR
INFO 2021-10-22 13:04:14,479 - {
    "DOMAIN": "jiabbo98.net", 
    "PYTHON ERROR": "[SSL: CERTIFICATE_VERIFY_FAILED] certificate verify failed (_ssl.c:618)", 
    "DOMAIN_CURL": 16
}
DEBUG 2021-10-22 13:04:14,952 - ####################################################################################################
DEBUG 2021-10-22 13:04:14,957 - DOMAIN PYTHON ERROR
INFO 2021-10-22 13:04:14,958 - {
    "DOMAIN": "jiabo28.net", 
    "PYTHON ERROR": "[SSL: CERTIFICATE_VERIFY_FAILED] certificate verify failed (_ssl.c:618)", 
    "DOMAIN_CURL": 16
}
DEBUG 2021-10-22 13:04:15,764 - ####################################################################################################
DEBUG 2021-10-22 13:04:15,770 - DOMAIN PYTHON ERROR
INFO 2021-10-22 13:04:15,770 - {
    "DOMAIN": "gstechhk.com", 
    "PYTHON ERROR": "[SSL: CERTIFICATE_VERIFY_FAILED] certificate verify failed (_ssl.c:618)", 
    "DOMAIN_CURL": 17
}
DEBUG 2021-10-22 13:04:17,682 - ####################################################################################################
DEBUG 2021-10-22 13:04:17,689 - DOMAIN PYTHON ERROR
INFO 2021-10-22 13:04:17,689 - {
    "DOMAIN": "yishengbet.com", 
    "PYTHON ERROR": "[SSL: CERTIFICATE_VERIFY_FAILED] certificate verify failed (_ssl.c:618)", 
    "DOMAIN_CURL": 16
}
DEBUG 2021-10-22 14:04:02,872 - ####################################################################################################
DEBUG 2021-10-22 14:04:02,878 - DOMAIN PYTHON ERROR
INFO 2021-10-22 14:04:02,879 - {
    "DOMAIN": "mg.snapplog.com", 
    "PYTHON ERROR": "[SSL: CERTIFICATE_VERIFY_FAILED] certificate verify failed (_ssl.c:618)", 
    "DOMAIN_CURL": 17
}
DEBUG 2021-10-22 14:04:07,044 - ####################################################################################################
DEBUG 2021-10-22 14:04:07,051 - DOMAIN PYTHON ERROR
INFO 2021-10-22 14:04:07,051 - {
    "DOMAIN": "jubolai.com", 
    "PYTHON ERROR": "[SSL: CERTIFICATE_VERIFY_FAILED] certificate verify failed (_ssl.c:618)", 
    "DOMAIN_CURL": 16
}
DEBUG 2021-10-22 14:04:08,854 - ####################################################################################################
DEBUG 2021-10-22 14:04:08,860 - DOMAIN PYTHON ERROR
INFO 2021-10-22 14:04:08,860 - {
    "DOMAIN": "mgb.snapplog.com", 
    "PYTHON ERROR": "[SSL: CERTIFICATE_VERIFY_FAILED] certificate verify failed (_ssl.c:618)", 
    "DOMAIN_CURL": 17
}
DEBUG 2021-10-22 14:04:11,647 - ####################################################################################################
DEBUG 2021-10-22 14:04:11,652 - DOMAIN PYTHON ERROR
INFO 2021-10-22 14:04:11,652 - {
    "DOMAIN": "mgbtest.snapplog.com", 
    "PYTHON ERROR": "[SSL: CERTIFICATE_VERIFY_FAILED] certificate verify failed (_ssl.c:618)", 
    "DOMAIN_CURL": 17
}
DEBUG 2021-10-22 14:04:13,382 - ####################################################################################################
DEBUG 2021-10-22 14:04:13,388 - DOMAIN PYTHON ERROR
INFO 2021-10-22 14:04:13,388 - {
    "DOMAIN": "jiabbo98.net", 
    "PYTHON ERROR": "[SSL: CERTIFICATE_VERIFY_FAILED] certificate verify failed (_ssl.c:618)", 
    "DOMAIN_CURL": 16
}
DEBUG 2021-10-22 14:04:13,401 - ####################################################################################################
DEBUG 2021-10-22 14:04:13,408 - DOMAIN PYTHON ERROR
INFO 2021-10-22 14:04:13,408 - {
    "DOMAIN": "vpn19.com", 
    "PYTHON ERROR": "[SSL: CERTIFICATE_VERIFY_FAILED] certificate verify failed (_ssl.c:618)", 
    "DOMAIN_CURL": 16
}
DEBUG 2021-10-22 14:04:14,136 - ####################################################################################################
DEBUG 2021-10-22 14:04:14,141 - DOMAIN PYTHON ERROR
INFO 2021-10-22 14:04:14,141 - {
    "DOMAIN": "jiabo28.net", 
    "PYTHON ERROR": "[SSL: CERTIFICATE_VERIFY_FAILED] certificate verify failed (_ssl.c:618)", 
    "DOMAIN_CURL": 16
}
DEBUG 2021-10-22 14:04:15,143 - ####################################################################################################
DEBUG 2021-10-22 14:04:15,148 - DOMAIN PYTHON ERROR
INFO 2021-10-22 14:04:15,148 - {
    "DOMAIN": "gstechhk.com", 
    "PYTHON ERROR": "[SSL: CERTIFICATE_VERIFY_FAILED] certificate verify failed (_ssl.c:618)", 
    "DOMAIN_CURL": 17
}
DEBUG 2021-10-22 14:04:18,142 - ####################################################################################################
DEBUG 2021-10-22 14:04:18,148 - DOMAIN PYTHON ERROR
INFO 2021-10-22 14:04:18,148 - {
    "DOMAIN": "yishengbet.com", 
    "PYTHON ERROR": "[SSL: CERTIFICATE_VERIFY_FAILED] certificate verify failed (_ssl.c:618)", 
    "DOMAIN_CURL": 16
}
DEBUG 2021-10-22 15:04:04,390 - ####################################################################################################
DEBUG 2021-10-22 15:04:04,397 - DOMAIN PYTHON ERROR
INFO 2021-10-22 15:04:04,397 - {
    "DOMAIN": "mg.snapplog.com", 
    "PYTHON ERROR": "[SSL: CERTIFICATE_VERIFY_FAILED] certificate verify failed (_ssl.c:618)", 
    "DOMAIN_CURL": 17
}
DEBUG 2021-10-22 15:04:06,758 - ####################################################################################################
DEBUG 2021-10-22 15:04:06,764 - DOMAIN PYTHON ERROR
INFO 2021-10-22 15:04:06,764 - {
    "DOMAIN": "jubolai.com", 
    "PYTHON ERROR": "[SSL: CERTIFICATE_VERIFY_FAILED] certificate verify failed (_ssl.c:618)", 
    "DOMAIN_CURL": 16
}
DEBUG 2021-10-22 15:04:10,092 - ####################################################################################################
DEBUG 2021-10-22 15:04:10,097 - DOMAIN PYTHON ERROR
INFO 2021-10-22 15:04:10,098 - {
    "DOMAIN": "mgb.snapplog.com", 
    "PYTHON ERROR": "[SSL: CERTIFICATE_VERIFY_FAILED] certificate verify failed (_ssl.c:618)", 
    "DOMAIN_CURL": 17
}
DEBUG 2021-10-22 15:04:10,783 - ####################################################################################################
DEBUG 2021-10-22 15:04:10,789 - DOMAIN PYTHON ERROR
INFO 2021-10-22 15:04:10,789 - {
    "DOMAIN": "mgbtest.snapplog.com", 
    "PYTHON ERROR": "[SSL: CERTIFICATE_VERIFY_FAILED] certificate verify failed (_ssl.c:618)", 
    "DOMAIN_CURL": 17
}
DEBUG 2021-10-22 15:04:13,332 - ####################################################################################################
DEBUG 2021-10-22 15:04:13,337 - DOMAIN PYTHON ERROR
INFO 2021-10-22 15:04:13,337 - {
    "DOMAIN": "vpn19.com", 
    "PYTHON ERROR": "[SSL: CERTIFICATE_VERIFY_FAILED] certificate verify failed (_ssl.c:618)", 
    "DOMAIN_CURL": 16
}
DEBUG 2021-10-22 15:04:13,754 - ####################################################################################################
DEBUG 2021-10-22 15:04:13,760 - DOMAIN PYTHON ERROR
INFO 2021-10-22 15:04:13,760 - {
    "DOMAIN": "jiabbo98.net", 
    "PYTHON ERROR": "[SSL: CERTIFICATE_VERIFY_FAILED] certificate verify failed (_ssl.c:618)", 
    "DOMAIN_CURL": 16
}
DEBUG 2021-10-22 15:04:14,651 - ####################################################################################################
DEBUG 2021-10-22 15:04:14,657 - DOMAIN PYTHON ERROR
INFO 2021-10-22 15:04:14,658 - {
    "DOMAIN": "jiabo28.net", 
    "PYTHON ERROR": "[SSL: CERTIFICATE_VERIFY_FAILED] certificate verify failed (_ssl.c:618)", 
    "DOMAIN_CURL": 16
}
DEBUG 2021-10-22 15:04:14,980 - ####################################################################################################
DEBUG 2021-10-22 15:04:14,986 - DOMAIN PYTHON ERROR
INFO 2021-10-22 15:04:14,986 - {
    "DOMAIN": "gstechhk.com", 
    "PYTHON ERROR": "[SSL: CERTIFICATE_VERIFY_FAILED] certificate verify failed (_ssl.c:618)", 
    "DOMAIN_CURL": 17
}
DEBUG 2021-10-22 15:04:15,796 - ####################################################################################################
DEBUG 2021-10-22 15:04:15,801 - DOMAIN PYTHON ERROR
INFO 2021-10-22 15:04:15,801 - {
    "DOMAIN": "yishengbet.com", 
    "PYTHON ERROR": "[SSL: CERTIFICATE_VERIFY_FAILED] certificate verify failed (_ssl.c:618)", 
    "DOMAIN_CURL": 16
}
DEBUG 2021-10-22 16:04:03,133 - ####################################################################################################
DEBUG 2021-10-22 16:04:03,139 - DOMAIN PYTHON ERROR
INFO 2021-10-22 16:04:03,139 - {
    "DOMAIN": "mg.snapplog.com", 
    "PYTHON ERROR": "[SSL: CERTIFICATE_VERIFY_FAILED] certificate verify failed (_ssl.c:618)", 
    "DOMAIN_CURL": 17
}
DEBUG 2021-10-22 16:04:07,344 - ####################################################################################################
DEBUG 2021-10-22 16:04:07,350 - DOMAIN PYTHON ERROR
INFO 2021-10-22 16:04:07,350 - {
    "DOMAIN": "jubolai.com", 
    "PYTHON ERROR": "[SSL: CERTIFICATE_VERIFY_FAILED] certificate verify failed (_ssl.c:618)", 
    "DOMAIN_CURL": 16
}
DEBUG 2021-10-22 16:04:09,988 - ####################################################################################################
DEBUG 2021-10-22 16:04:09,994 - DOMAIN PYTHON ERROR
INFO 2021-10-22 16:04:09,994 - {
    "DOMAIN": "mgb.snapplog.com", 
    "PYTHON ERROR": "[SSL: CERTIFICATE_VERIFY_FAILED] certificate verify failed (_ssl.c:618)", 
    "DOMAIN_CURL": 17
}
DEBUG 2021-10-22 16:04:11,976 - ####################################################################################################
DEBUG 2021-10-22 16:04:11,982 - DOMAIN PYTHON ERROR
INFO 2021-10-22 16:04:11,982 - {
    "DOMAIN": "mgbtest.snapplog.com", 
    "PYTHON ERROR": "[SSL: CERTIFICATE_VERIFY_FAILED] certificate verify failed (_ssl.c:618)", 
    "DOMAIN_CURL": 17
}
DEBUG 2021-10-22 16:04:14,340 - ####################################################################################################
DEBUG 2021-10-22 16:04:14,346 - DOMAIN PYTHON ERROR
INFO 2021-10-22 16:04:14,346 - {
    "DOMAIN": "jiabbo98.net", 
    "PYTHON ERROR": "[SSL: CERTIFICATE_VERIFY_FAILED] certificate verify failed (_ssl.c:618)", 
    "DOMAIN_CURL": 16
}
DEBUG 2021-10-22 16:04:14,908 - ####################################################################################################
DEBUG 2021-10-22 16:04:14,915 - DOMAIN PYTHON ERROR
INFO 2021-10-22 16:04:14,915 - {
    "DOMAIN": "vpn19.com", 
    "PYTHON ERROR": "[SSL: CERTIFICATE_VERIFY_FAILED] certificate verify failed (_ssl.c:618)", 
    "DOMAIN_CURL": 16
}
DEBUG 2021-10-22 16:04:15,663 - ####################################################################################################
DEBUG 2021-10-22 16:04:15,668 - DOMAIN PYTHON ERROR
INFO 2021-10-22 16:04:15,668 - {
    "DOMAIN": "jiabo28.net", 
    "PYTHON ERROR": "[SSL: CERTIFICATE_VERIFY_FAILED] certificate verify failed (_ssl.c:618)", 
    "DOMAIN_CURL": 16
}
DEBUG 2021-10-22 16:04:16,061 - ####################################################################################################
DEBUG 2021-10-22 16:04:16,067 - DOMAIN PYTHON ERROR
INFO 2021-10-22 16:04:16,067 - {
    "DOMAIN": "gstechhk.com", 
    "PYTHON ERROR": "[SSL: CERTIFICATE_VERIFY_FAILED] certificate verify failed (_ssl.c:618)", 
    "DOMAIN_CURL": 16
}
DEBUG 2021-10-22 16:04:17,289 - ####################################################################################################
DEBUG 2021-10-22 16:04:17,295 - DOMAIN PYTHON ERROR
INFO 2021-10-22 16:04:17,295 - {
    "DOMAIN": "yishengbet.com", 
    "PYTHON ERROR": "[SSL: CERTIFICATE_VERIFY_FAILED] certificate verify failed (_ssl.c:618)", 
    "DOMAIN_CURL": 16
}
DEBUG 2021-10-22 17:04:03,103 - ####################################################################################################
DEBUG 2021-10-22 17:04:03,109 - DOMAIN PYTHON ERROR
INFO 2021-10-22 17:04:03,109 - {
    "DOMAIN": "mg.snapplog.com", 
    "PYTHON ERROR": "[SSL: CERTIFICATE_VERIFY_FAILED] certificate verify failed (_ssl.c:618)", 
    "DOMAIN_CURL": 16
}
DEBUG 2021-10-22 17:04:06,441 - ####################################################################################################
DEBUG 2021-10-22 17:04:06,447 - DOMAIN PYTHON ERROR
INFO 2021-10-22 17:04:06,448 - {
    "DOMAIN": "jubolai.com", 
    "PYTHON ERROR": "[SSL: CERTIFICATE_VERIFY_FAILED] certificate verify failed (_ssl.c:618)", 
    "DOMAIN_CURL": 16
}
DEBUG 2021-10-22 17:04:08,370 - ####################################################################################################
DEBUG 2021-10-22 17:04:08,377 - DOMAIN PYTHON ERROR
INFO 2021-10-22 17:04:08,377 - {
    "DOMAIN": "mgb.snapplog.com", 
    "PYTHON ERROR": "[SSL: CERTIFICATE_VERIFY_FAILED] certificate verify failed (_ssl.c:618)", 
    "DOMAIN_CURL": 16
}
DEBUG 2021-10-22 17:04:11,140 - ####################################################################################################
DEBUG 2021-10-22 17:04:11,146 - DOMAIN PYTHON ERROR
INFO 2021-10-22 17:04:11,146 - {
    "DOMAIN": "mgbtest.snapplog.com", 
    "PYTHON ERROR": "[SSL: CERTIFICATE_VERIFY_FAILED] certificate verify failed (_ssl.c:618)", 
    "DOMAIN_CURL": 16
}
DEBUG 2021-10-22 17:04:13,092 - ####################################################################################################
DEBUG 2021-10-22 17:04:13,098 - DOMAIN PYTHON ERROR
INFO 2021-10-22 17:04:13,098 - {
    "DOMAIN": "vpn19.com", 
    "PYTHON ERROR": "[SSL: CERTIFICATE_VERIFY_FAILED] certificate verify failed (_ssl.c:618)", 
    "DOMAIN_CURL": 16
}
DEBUG 2021-10-22 17:04:13,905 - ####################################################################################################
DEBUG 2021-10-22 17:04:13,911 - DOMAIN PYTHON ERROR
INFO 2021-10-22 17:04:13,911 - {
    "DOMAIN": "jiabbo98.net", 
    "PYTHON ERROR": "[SSL: CERTIFICATE_VERIFY_FAILED] certificate verify failed (_ssl.c:618)", 
    "DOMAIN_CURL": 16
}
DEBUG 2021-10-22 17:04:14,440 - ####################################################################################################
DEBUG 2021-10-22 17:04:14,445 - DOMAIN PYTHON ERROR
INFO 2021-10-22 17:04:14,446 - {
    "DOMAIN": "jiabo28.net", 
    "PYTHON ERROR": "[SSL: CERTIFICATE_VERIFY_FAILED] certificate verify failed (_ssl.c:618)", 
    "DOMAIN_CURL": 16
}
DEBUG 2021-10-22 17:04:16,469 - ####################################################################################################
DEBUG 2021-10-22 17:04:16,475 - DOMAIN PYTHON ERROR
INFO 2021-10-22 17:04:16,475 - {
    "DOMAIN": "gstechhk.com", 
    "PYTHON ERROR": "[SSL: CERTIFICATE_VERIFY_FAILED] certificate verify failed (_ssl.c:618)", 
    "DOMAIN_CURL": 16
}
DEBUG 2021-10-22 17:04:20,744 - ####################################################################################################
DEBUG 2021-10-22 17:04:20,750 - DOMAIN PYTHON ERROR
INFO 2021-10-22 17:04:20,751 - {
    "DOMAIN": "yishengbet.com", 
    "PYTHON ERROR": "[SSL: CERTIFICATE_VERIFY_FAILED] certificate verify failed (_ssl.c:618)", 
    "DOMAIN_CURL": 16
}
DEBUG 2021-10-22 18:04:00,280 - ####################################################################################################
DEBUG 2021-10-22 18:04:00,286 - DOMAIN PYTHON ERROR
INFO 2021-10-22 18:04:00,287 - {
    "DOMAIN": "mg.snapplog.com", 
    "PYTHON ERROR": "[SSL: CERTIFICATE_VERIFY_FAILED] certificate verify failed (_ssl.c:618)", 
    "DOMAIN_CURL": 16
}
DEBUG 2021-10-22 18:04:06,753 - ####################################################################################################
DEBUG 2021-10-22 18:04:06,758 - DOMAIN PYTHON ERROR
INFO 2021-10-22 18:04:06,759 - {
    "DOMAIN": "jubolai.com", 
    "PYTHON ERROR": "[SSL: CERTIFICATE_VERIFY_FAILED] certificate verify failed (_ssl.c:618)", 
    "DOMAIN_CURL": 16
}
DEBUG 2021-10-22 18:04:09,039 - ####################################################################################################
DEBUG 2021-10-22 18:04:09,044 - DOMAIN PYTHON ERROR
INFO 2021-10-22 18:04:09,044 - {
    "DOMAIN": "mgb.snapplog.com", 
    "PYTHON ERROR": "[SSL: CERTIFICATE_VERIFY_FAILED] certificate verify failed (_ssl.c:618)", 
    "DOMAIN_CURL": 16
}
DEBUG 2021-10-22 18:04:09,745 - ####################################################################################################
DEBUG 2021-10-22 18:04:09,750 - DOMAIN PYTHON ERROR
INFO 2021-10-22 18:04:09,750 - {
    "DOMAIN": "mgbtest.snapplog.com", 
    "PYTHON ERROR": "[SSL: CERTIFICATE_VERIFY_FAILED] certificate verify failed (_ssl.c:618)", 
    "DOMAIN_CURL": 16
}
DEBUG 2021-10-22 18:04:11,466 - ####################################################################################################
DEBUG 2021-10-22 18:04:11,472 - DOMAIN PYTHON ERROR
INFO 2021-10-22 18:04:11,472 - {
    "DOMAIN": "jiabbo98.net", 
    "PYTHON ERROR": "[SSL: CERTIFICATE_VERIFY_FAILED] certificate verify failed (_ssl.c:618)", 
    "DOMAIN_CURL": 16
}
DEBUG 2021-10-22 18:04:13,732 - ####################################################################################################
DEBUG 2021-10-22 18:04:13,737 - DOMAIN PYTHON ERROR
INFO 2021-10-22 18:04:13,737 - {
    "DOMAIN": "vpn19.com", 
    "PYTHON ERROR": "[SSL: CERTIFICATE_VERIFY_FAILED] certificate verify failed (_ssl.c:618)", 
    "DOMAIN_CURL": 16
}
DEBUG 2021-10-22 18:04:14,153 - ####################################################################################################
DEBUG 2021-10-22 18:04:14,158 - DOMAIN PYTHON ERROR
INFO 2021-10-22 18:04:14,159 - {
    "DOMAIN": "jiabo28.net", 
    "PYTHON ERROR": "[SSL: CERTIFICATE_VERIFY_FAILED] certificate verify failed (_ssl.c:618)", 
    "DOMAIN_CURL": 16
}
DEBUG 2021-10-22 18:04:16,143 - ####################################################################################################
DEBUG 2021-10-22 18:04:16,148 - DOMAIN PYTHON ERROR
INFO 2021-10-22 18:04:16,148 - {
    "DOMAIN": "gstechhk.com", 
    "PYTHON ERROR": "[SSL: CERTIFICATE_VERIFY_FAILED] certificate verify failed (_ssl.c:618)", 
    "DOMAIN_CURL": 16
}
DEBUG 2021-10-22 18:04:18,051 - ####################################################################################################
DEBUG 2021-10-22 18:04:18,056 - DOMAIN PYTHON ERROR
INFO 2021-10-22 18:04:18,056 - {
    "DOMAIN": "yishengbet.com", 
    "PYTHON ERROR": "[SSL: CERTIFICATE_VERIFY_FAILED] certificate verify failed (_ssl.c:618)", 
    "DOMAIN_CURL": 16
}
DEBUG 2021-10-22 19:04:01,409 - ####################################################################################################
DEBUG 2021-10-22 19:04:01,415 - DOMAIN PYTHON ERROR
INFO 2021-10-22 19:04:01,415 - {
    "DOMAIN": "mg.snapplog.com", 
    "PYTHON ERROR": "[SSL: CERTIFICATE_VERIFY_FAILED] certificate verify failed (_ssl.c:618)", 
    "DOMAIN_CURL": 16
}
DEBUG 2021-10-22 19:04:06,888 - ####################################################################################################
DEBUG 2021-10-22 19:04:06,893 - DOMAIN PYTHON ERROR
INFO 2021-10-22 19:04:06,893 - {
    "DOMAIN": "jubolai.com", 
    "PYTHON ERROR": "[SSL: CERTIFICATE_VERIFY_FAILED] certificate verify failed (_ssl.c:618)", 
    "DOMAIN_CURL": 16
}
DEBUG 2021-10-22 19:04:08,257 - ####################################################################################################
DEBUG 2021-10-22 19:04:08,263 - DOMAIN PYTHON ERROR
INFO 2021-10-22 19:04:08,263 - {
    "DOMAIN": "mgb.snapplog.com", 
    "PYTHON ERROR": "[SSL: CERTIFICATE_VERIFY_FAILED] certificate verify failed (_ssl.c:618)", 
    "DOMAIN_CURL": 16
}
DEBUG 2021-10-22 19:04:09,627 - ####################################################################################################
DEBUG 2021-10-22 19:04:09,633 - DOMAIN PYTHON ERROR
INFO 2021-10-22 19:04:09,633 - {
    "DOMAIN": "mgbtest.snapplog.com", 
    "PYTHON ERROR": "[SSL: CERTIFICATE_VERIFY_FAILED] certificate verify failed (_ssl.c:618)", 
    "DOMAIN_CURL": 16
}
DEBUG 2021-10-22 19:04:13,064 - ####################################################################################################
DEBUG 2021-10-22 19:04:13,070 - DOMAIN PYTHON ERROR
INFO 2021-10-22 19:04:13,070 - {
    "DOMAIN": "jiabbo98.net", 
    "PYTHON ERROR": "[SSL: CERTIFICATE_VERIFY_FAILED] certificate verify failed (_ssl.c:618)", 
    "DOMAIN_CURL": 16
}
DEBUG 2021-10-22 19:04:13,236 - ####################################################################################################
DEBUG 2021-10-22 19:04:13,242 - DOMAIN PYTHON ERROR
INFO 2021-10-22 19:04:13,242 - {
    "DOMAIN": "vpn19.com", 
    "PYTHON ERROR": "[SSL: CERTIFICATE_VERIFY_FAILED] certificate verify failed (_ssl.c:618)", 
    "DOMAIN_CURL": 16
}
DEBUG 2021-10-22 19:04:14,120 - ####################################################################################################
DEBUG 2021-10-22 19:04:14,125 - DOMAIN PYTHON ERROR
INFO 2021-10-22 19:04:14,126 - {
    "DOMAIN": "jiabo28.net", 
    "PYTHON ERROR": "[SSL: CERTIFICATE_VERIFY_FAILED] certificate verify failed (_ssl.c:618)", 
    "DOMAIN_CURL": 16
}
DEBUG 2021-10-22 19:04:15,530 - ####################################################################################################
DEBUG 2021-10-22 19:04:15,536 - DOMAIN PYTHON ERROR
INFO 2021-10-22 19:04:15,536 - {
    "DOMAIN": "gstechhk.com", 
    "PYTHON ERROR": "[SSL: CERTIFICATE_VERIFY_FAILED] certificate verify failed (_ssl.c:618)", 
    "DOMAIN_CURL": 16
}
DEBUG 2021-10-22 19:04:18,288 - ####################################################################################################
DEBUG 2021-10-22 19:04:18,294 - DOMAIN PYTHON ERROR
INFO 2021-10-22 19:04:18,294 - {
    "DOMAIN": "yishengbet.com", 
    "PYTHON ERROR": "[SSL: CERTIFICATE_VERIFY_FAILED] certificate verify failed (_ssl.c:618)", 
    "DOMAIN_CURL": 16
}
DEBUG 2021-10-22 20:04:02,440 - ####################################################################################################
DEBUG 2021-10-22 20:04:02,445 - DOMAIN PYTHON ERROR
INFO 2021-10-22 20:04:02,446 - {
    "DOMAIN": "mg.snapplog.com", 
    "PYTHON ERROR": "[SSL: CERTIFICATE_VERIFY_FAILED] certificate verify failed (_ssl.c:618)", 
    "DOMAIN_CURL": 16
}
DEBUG 2021-10-22 20:04:04,154 - ####################################################################################################
DEBUG 2021-10-22 20:04:04,159 - DOMAIN PYTHON ERROR
INFO 2021-10-22 20:04:04,160 - {
    "DOMAIN": "jubolai.com", 
    "PYTHON ERROR": "[SSL: CERTIFICATE_VERIFY_FAILED] certificate verify failed (_ssl.c:618)", 
    "DOMAIN_CURL": 16
}
DEBUG 2021-10-22 20:04:05,504 - ####################################################################################################
DEBUG 2021-10-22 20:04:05,511 - DOMAIN PYTHON ERROR
INFO 2021-10-22 20:04:05,512 - {
    "DOMAIN": "mgb.snapplog.com", 
    "PYTHON ERROR": "[SSL: CERTIFICATE_VERIFY_FAILED] certificate verify failed (_ssl.c:618)", 
    "DOMAIN_CURL": 16
}
DEBUG 2021-10-22 20:04:05,971 - ####################################################################################################
DEBUG 2021-10-22 20:04:05,977 - DOMAIN PYTHON ERROR
INFO 2021-10-22 20:04:05,977 - {
    "DOMAIN": "mgbtest.snapplog.com", 
    "PYTHON ERROR": "[SSL: CERTIFICATE_VERIFY_FAILED] certificate verify failed (_ssl.c:618)", 
    "DOMAIN_CURL": 16
}
DEBUG 2021-10-22 20:04:10,650 - ####################################################################################################
DEBUG 2021-10-22 20:04:10,656 - DOMAIN PYTHON ERROR
INFO 2021-10-22 20:04:10,656 - {
    "DOMAIN": "vpn19.com", 
    "PYTHON ERROR": "[SSL: CERTIFICATE_VERIFY_FAILED] certificate verify failed (_ssl.c:618)", 
    "DOMAIN_CURL": 16
}
DEBUG 2021-10-22 20:04:11,635 - ####################################################################################################
DEBUG 2021-10-22 20:04:11,641 - DOMAIN PYTHON ERROR
INFO 2021-10-22 20:04:11,641 - {
    "DOMAIN": "jiabbo98.net", 
    "PYTHON ERROR": "[SSL: CERTIFICATE_VERIFY_FAILED] certificate verify failed (_ssl.c:618)", 
    "DOMAIN_CURL": 16
}
DEBUG 2021-10-22 20:04:12,435 - ####################################################################################################
DEBUG 2021-10-22 20:04:12,440 - DOMAIN PYTHON ERROR
INFO 2021-10-22 20:04:12,440 - {
    "DOMAIN": "jiabo28.net", 
    "PYTHON ERROR": "[SSL: CERTIFICATE_VERIFY_FAILED] certificate verify failed (_ssl.c:618)", 
    "DOMAIN_CURL": 16
}
DEBUG 2021-10-22 20:04:13,528 - ####################################################################################################
DEBUG 2021-10-22 20:04:13,533 - DOMAIN PYTHON ERROR
INFO 2021-10-22 20:04:13,533 - {
    "DOMAIN": "gstechhk.com", 
    "PYTHON ERROR": "[SSL: CERTIFICATE_VERIFY_FAILED] certificate verify failed (_ssl.c:618)", 
    "DOMAIN_CURL": 16
}
DEBUG 2021-10-22 20:04:15,493 - ####################################################################################################
DEBUG 2021-10-22 20:04:15,499 - DOMAIN PYTHON ERROR
INFO 2021-10-22 20:04:15,499 - {
    "DOMAIN": "yishengbet.com", 
    "PYTHON ERROR": "[SSL: CERTIFICATE_VERIFY_FAILED] certificate verify failed (_ssl.c:618)", 
    "DOMAIN_CURL": 16
}
DEBUG 2021-10-22 21:04:03,088 - ####################################################################################################
DEBUG 2021-10-22 21:04:03,094 - DOMAIN PYTHON ERROR
INFO 2021-10-22 21:04:03,095 - {
    "DOMAIN": "mg.snapplog.com", 
    "PYTHON ERROR": "[SSL: CERTIFICATE_VERIFY_FAILED] certificate verify failed (_ssl.c:618)", 
    "DOMAIN_CURL": 16
}
DEBUG 2021-10-22 21:04:07,562 - ####################################################################################################
DEBUG 2021-10-22 21:04:07,567 - DOMAIN PYTHON ERROR
INFO 2021-10-22 21:04:07,567 - {
    "DOMAIN": "jubolai.com", 
    "PYTHON ERROR": "[SSL: CERTIFICATE_VERIFY_FAILED] certificate verify failed (_ssl.c:618)", 
    "DOMAIN_CURL": 16
}
DEBUG 2021-10-22 21:04:11,003 - ####################################################################################################
DEBUG 2021-10-22 21:04:11,008 - DOMAIN PYTHON ERROR
INFO 2021-10-22 21:04:11,008 - {
    "DOMAIN": "mgb.snapplog.com", 
    "PYTHON ERROR": "[SSL: CERTIFICATE_VERIFY_FAILED] certificate verify failed (_ssl.c:618)", 
    "DOMAIN_CURL": 16
}
DEBUG 2021-10-22 21:04:12,868 - ####################################################################################################
DEBUG 2021-10-22 21:04:12,875 - DOMAIN PYTHON ERROR
INFO 2021-10-22 21:04:12,876 - {
    "DOMAIN": "mgbtest.snapplog.com", 
    "PYTHON ERROR": "[SSL: CERTIFICATE_VERIFY_FAILED] certificate verify failed (_ssl.c:618)", 
    "DOMAIN_CURL": 16
}
DEBUG 2021-10-22 21:04:15,539 - ####################################################################################################
DEBUG 2021-10-22 21:04:15,545 - DOMAIN PYTHON ERROR
INFO 2021-10-22 21:04:15,546 - {
    "DOMAIN": "vpn19.com", 
    "PYTHON ERROR": "[SSL: CERTIFICATE_VERIFY_FAILED] certificate verify failed (_ssl.c:618)", 
    "DOMAIN_CURL": 16
}
DEBUG 2021-10-22 21:04:15,913 - ####################################################################################################
DEBUG 2021-10-22 21:04:15,918 - DOMAIN PYTHON ERROR
INFO 2021-10-22 21:04:15,919 - {
    "DOMAIN": "jiabbo98.net", 
    "PYTHON ERROR": "[SSL: CERTIFICATE_VERIFY_FAILED] certificate verify failed (_ssl.c:618)", 
    "DOMAIN_CURL": 16
}
DEBUG 2021-10-22 21:04:16,281 - ####################################################################################################
DEBUG 2021-10-22 21:04:16,288 - DOMAIN PYTHON ERROR
INFO 2021-10-22 21:04:16,288 - {
    "DOMAIN": "jiabo28.net", 
    "PYTHON ERROR": "[SSL: CERTIFICATE_VERIFY_FAILED] certificate verify failed (_ssl.c:618)", 
    "DOMAIN_CURL": 16
}
DEBUG 2021-10-22 21:04:17,231 - ####################################################################################################
DEBUG 2021-10-22 21:04:17,235 - DOMAIN PYTHON ERROR
INFO 2021-10-22 21:04:17,236 - {
    "DOMAIN": "gstechhk.com", 
    "PYTHON ERROR": "[SSL: CERTIFICATE_VERIFY_FAILED] certificate verify failed (_ssl.c:618)", 
    "DOMAIN_CURL": 16
}
DEBUG 2021-10-22 21:04:17,400 - ####################################################################################################
DEBUG 2021-10-22 21:04:17,405 - DOMAIN PYTHON ERROR
INFO 2021-10-22 21:04:17,405 - {
    "DOMAIN": "yishengbet.com", 
    "PYTHON ERROR": "[SSL: CERTIFICATE_VERIFY_FAILED] certificate verify failed (_ssl.c:618)", 
    "DOMAIN_CURL": 16
}
DEBUG 2021-10-22 22:04:05,111 - ####################################################################################################
DEBUG 2021-10-22 22:04:05,116 - DOMAIN PYTHON ERROR
INFO 2021-10-22 22:04:05,116 - {
    "DOMAIN": "mg.snapplog.com", 
    "PYTHON ERROR": "[SSL: CERTIFICATE_VERIFY_FAILED] certificate verify failed (_ssl.c:618)", 
    "DOMAIN_CURL": 16
}
DEBUG 2021-10-22 22:04:07,739 - ####################################################################################################
DEBUG 2021-10-22 22:04:07,745 - DOMAIN PYTHON ERROR
INFO 2021-10-22 22:04:07,745 - {
    "DOMAIN": "jubolai.com", 
    "PYTHON ERROR": "[SSL: CERTIFICATE_VERIFY_FAILED] certificate verify failed (_ssl.c:618)", 
    "DOMAIN_CURL": 16
}
DEBUG 2021-10-22 22:04:10,129 - ####################################################################################################
DEBUG 2021-10-22 22:04:10,135 - DOMAIN PYTHON ERROR
INFO 2021-10-22 22:04:10,135 - {
    "DOMAIN": "mgb.snapplog.com", 
    "PYTHON ERROR": "[SSL: CERTIFICATE_VERIFY_FAILED] certificate verify failed (_ssl.c:618)", 
    "DOMAIN_CURL": 16
}
DEBUG 2021-10-22 22:04:10,767 - ####################################################################################################
DEBUG 2021-10-22 22:04:10,772 - DOMAIN PYTHON ERROR
INFO 2021-10-22 22:04:10,772 - {
    "DOMAIN": "mgbtest.snapplog.com", 
    "PYTHON ERROR": "[SSL: CERTIFICATE_VERIFY_FAILED] certificate verify failed (_ssl.c:618)", 
    "DOMAIN_CURL": 16
}
DEBUG 2021-10-22 22:04:13,444 - ####################################################################################################
DEBUG 2021-10-22 22:04:13,451 - DOMAIN PYTHON ERROR
INFO 2021-10-22 22:04:13,451 - {
    "DOMAIN": "vpn19.com", 
    "PYTHON ERROR": "[SSL: CERTIFICATE_VERIFY_FAILED] certificate verify failed (_ssl.c:618)", 
    "DOMAIN_CURL": 16
}
DEBUG 2021-10-22 22:04:14,454 - ####################################################################################################
DEBUG 2021-10-22 22:04:14,461 - DOMAIN PYTHON ERROR
INFO 2021-10-22 22:04:14,462 - {
    "DOMAIN": "jiabbo98.net", 
    "PYTHON ERROR": "[SSL: CERTIFICATE_VERIFY_FAILED] certificate verify failed (_ssl.c:618)", 
    "DOMAIN_CURL": 16
}
DEBUG 2021-10-22 22:04:15,924 - ####################################################################################################
DEBUG 2021-10-22 22:04:15,928 - DOMAIN PYTHON ERROR
INFO 2021-10-22 22:04:15,928 - {
    "DOMAIN": "jiabo28.net", 
    "PYTHON ERROR": "[SSL: CERTIFICATE_VERIFY_FAILED] certificate verify failed (_ssl.c:618)", 
    "DOMAIN_CURL": 16
}
DEBUG 2021-10-22 22:04:16,479 - ####################################################################################################
DEBUG 2021-10-22 22:04:16,485 - DOMAIN PYTHON ERROR
INFO 2021-10-22 22:04:16,486 - {
    "DOMAIN": "gstechhk.com", 
    "PYTHON ERROR": "[SSL: CERTIFICATE_VERIFY_FAILED] certificate verify failed (_ssl.c:618)", 
    "DOMAIN_CURL": 16
}
DEBUG 2021-10-22 22:04:17,348 - ####################################################################################################
DEBUG 2021-10-22 22:04:17,354 - DOMAIN PYTHON ERROR
INFO 2021-10-22 22:04:17,355 - {
    "DOMAIN": "yishengbet.com", 
    "PYTHON ERROR": "[SSL: CERTIFICATE_VERIFY_FAILED] certificate verify failed (_ssl.c:618)", 
    "DOMAIN_CURL": 16
}
DEBUG 2021-10-22 23:03:59,664 - ####################################################################################################
DEBUG 2021-10-22 23:03:59,670 - DOMAIN PYTHON ERROR
INFO 2021-10-22 23:03:59,670 - {
    "DOMAIN": "mg.snapplog.com", 
    "PYTHON ERROR": "[SSL: CERTIFICATE_VERIFY_FAILED] certificate verify failed (_ssl.c:618)", 
    "DOMAIN_CURL": 16
}
DEBUG 2021-10-22 23:04:05,779 - ####################################################################################################
DEBUG 2021-10-22 23:04:05,785 - DOMAIN PYTHON ERROR
INFO 2021-10-22 23:04:05,785 - {
    "DOMAIN": "jubolai.com", 
    "PYTHON ERROR": "[SSL: CERTIFICATE_VERIFY_FAILED] certificate verify failed (_ssl.c:618)", 
    "DOMAIN_CURL": 16
}
DEBUG 2021-10-22 23:04:07,711 - ####################################################################################################
DEBUG 2021-10-22 23:04:07,716 - DOMAIN PYTHON ERROR
INFO 2021-10-22 23:04:07,716 - {
    "DOMAIN": "mgb.snapplog.com", 
    "PYTHON ERROR": "[SSL: CERTIFICATE_VERIFY_FAILED] certificate verify failed (_ssl.c:618)", 
    "DOMAIN_CURL": 16
}
DEBUG 2021-10-22 23:04:08,893 - ####################################################################################################
DEBUG 2021-10-22 23:04:08,898 - DOMAIN PYTHON ERROR
INFO 2021-10-22 23:04:08,898 - {
    "DOMAIN": "mgbtest.snapplog.com", 
    "PYTHON ERROR": "[SSL: CERTIFICATE_VERIFY_FAILED] certificate verify failed (_ssl.c:618)", 
    "DOMAIN_CURL": 16
}
DEBUG 2021-10-22 23:04:11,799 - ####################################################################################################
DEBUG 2021-10-22 23:04:11,804 - DOMAIN PYTHON ERROR
INFO 2021-10-22 23:04:11,805 - {
    "DOMAIN": "vpn19.com", 
    "PYTHON ERROR": "[SSL: CERTIFICATE_VERIFY_FAILED] certificate verify failed (_ssl.c:618)", 
    "DOMAIN_CURL": 16
}
DEBUG 2021-10-22 23:04:12,933 - ####################################################################################################
DEBUG 2021-10-22 23:04:12,939 - DOMAIN PYTHON ERROR
INFO 2021-10-22 23:04:12,940 - {
    "DOMAIN": "jiabbo98.net", 
    "PYTHON ERROR": "[SSL: CERTIFICATE_VERIFY_FAILED] certificate verify failed (_ssl.c:618)", 
    "DOMAIN_CURL": 16
}
DEBUG 2021-10-22 23:04:14,372 - ####################################################################################################
DEBUG 2021-10-22 23:04:14,378 - DOMAIN PYTHON ERROR
INFO 2021-10-22 23:04:14,378 - {
    "DOMAIN": "jiabo28.net", 
    "PYTHON ERROR": "[SSL: CERTIFICATE_VERIFY_FAILED] certificate verify failed (_ssl.c:618)", 
    "DOMAIN_CURL": 16
}
DEBUG 2021-10-22 23:04:14,654 - ####################################################################################################
DEBUG 2021-10-22 23:04:14,659 - DOMAIN PYTHON ERROR
INFO 2021-10-22 23:04:14,659 - {
    "DOMAIN": "gstechhk.com", 
    "PYTHON ERROR": "[SSL: CERTIFICATE_VERIFY_FAILED] certificate verify failed (_ssl.c:618)", 
    "DOMAIN_CURL": 16
}
DEBUG 2021-10-22 23:04:16,658 - ####################################################################################################
DEBUG 2021-10-22 23:04:16,663 - DOMAIN PYTHON ERROR
INFO 2021-10-22 23:04:16,663 - {
    "DOMAIN": "yishengbet.com", 
    "PYTHON ERROR": "[SSL: CERTIFICATE_VERIFY_FAILED] certificate verify failed (_ssl.c:618)", 
    "DOMAIN_CURL": 16
}
