DEBUG 2021-06-28 00:02:48,649 - ####################################################################################################
DEBUG 2021-06-28 00:02:48,655 - DOMAIN INFO
INFO 2021-06-28 00:02:48,655 - {
    "DOMAIN": "wpc89.com", 
    "EXPIRATION": "2021-07-14 08:28:41", 
    "DAYS": "16 days, 8:25:53"
}
DEBUG 2021-06-28 00:02:48,841 - ####################################################################################################
DEBUG 2021-06-28 00:02:48,846 - DOMAIN INFO
INFO 2021-06-28 00:02:48,846 - {
    "DOMAIN": "www.wpc89.com", 
    "EXPIRATION": "2021-07-14 08:28:41", 
    "DAYS": "16 days, 8:25:53"
}
DEBUG 2021-06-28 00:08:11,933 - ####################################################################################################
DEBUG 2021-06-28 00:08:11,939 - DOMAIN INFO
INFO 2021-06-28 00:08:11,939 - {
    "DOMAIN": "12golf.com", 
    "EXPIRATION": "2021-07-15 08:50:36", 
    "DAYS": "17 days, 8:42:25"
}
DEBUG 2021-06-28 00:08:13,134 - ####################################################################################################
DEBUG 2021-06-28 00:08:13,138 - DOMAIN INFO
INFO 2021-06-28 00:08:13,139 - {
    "DOMAIN": "www.12golf.com", 
    "EXPIRATION": "2021-07-15 08:50:36", 
    "DAYS": "17 days, 8:42:23"
}
DEBUG 2021-06-28 00:53:09,570 - ####################################################################################################
DEBUG 2021-06-28 00:53:09,577 - DOMAIN INFO
INFO 2021-06-28 00:53:09,577 - {
    "DOMAIN": "hujidi.com", 
    "EXPIRATION": "2021-07-06 10:49:33", 
    "DAYS": "8 days, 9:56:24"
}
DEBUG 2021-06-28 00:54:27,123 - ####################################################################################################
DEBUG 2021-06-28 00:54:27,129 - DOMAIN INFO
INFO 2021-06-28 00:54:27,129 - {
    "DOMAIN": "bao5566.com", 
    "EXPIRATION": "2021-07-13 20:00:00", 
    "DAYS": "15 days, 19:05:33"
}
DEBUG 2021-06-28 00:54:29,195 - ####################################################################################################
DEBUG 2021-06-28 00:54:29,201 - DOMAIN INFO
INFO 2021-06-28 00:54:29,201 - {
    "DOMAIN": "www.bao5566.com", 
    "EXPIRATION": "2021-07-13 20:00:00", 
    "DAYS": "15 days, 19:05:31"
}
DEBUG 2021-06-28 01:02:42,864 - ####################################################################################################
DEBUG 2021-06-28 01:02:42,870 - DOMAIN INFO
INFO 2021-06-28 01:02:42,870 - {
    "DOMAIN": "wpc89.com", 
    "EXPIRATION": "2021-07-14 08:28:41", 
    "DAYS": "16 days, 7:25:59"
}
DEBUG 2021-06-28 01:02:44,030 - ####################################################################################################
DEBUG 2021-06-28 01:02:44,036 - DOMAIN INFO
INFO 2021-06-28 01:02:44,037 - {
    "DOMAIN": "www.wpc89.com", 
    "EXPIRATION": "2021-07-14 08:28:41", 
    "DAYS": "16 days, 7:25:57"
}
DEBUG 2021-06-28 01:08:10,763 - ####################################################################################################
DEBUG 2021-06-28 01:08:10,768 - DOMAIN INFO
INFO 2021-06-28 01:08:10,768 - {
    "DOMAIN": "12golf.com", 
    "EXPIRATION": "2021-07-15 08:50:36", 
    "DAYS": "17 days, 7:42:26"
}
DEBUG 2021-06-28 01:08:10,883 - ####################################################################################################
DEBUG 2021-06-28 01:08:10,889 - DOMAIN INFO
INFO 2021-06-28 01:08:10,889 - {
    "DOMAIN": "www.12golf.com", 
    "EXPIRATION": "2021-07-15 08:50:36", 
    "DAYS": "17 days, 7:42:26"
}
DEBUG 2021-06-28 01:53:06,558 - ####################################################################################################
DEBUG 2021-06-28 01:53:06,564 - DOMAIN INFO
INFO 2021-06-28 01:53:06,564 - {
    "DOMAIN": "hujidi.com", 
    "EXPIRATION": "2021-07-06 10:49:33", 
    "DAYS": "8 days, 8:56:27"
}
DEBUG 2021-06-28 01:54:26,304 - ####################################################################################################
DEBUG 2021-06-28 01:54:26,310 - DOMAIN INFO
INFO 2021-06-28 01:54:26,310 - {
    "DOMAIN": "bao5566.com", 
    "EXPIRATION": "2021-07-13 20:00:00", 
    "DAYS": "15 days, 18:05:34"
}
DEBUG 2021-06-28 01:54:27,812 - ####################################################################################################
DEBUG 2021-06-28 01:54:27,819 - DOMAIN INFO
INFO 2021-06-28 01:54:27,819 - {
    "DOMAIN": "www.bao5566.com", 
    "EXPIRATION": "2021-07-13 20:00:00", 
    "DAYS": "15 days, 18:05:33"
}
DEBUG 2021-06-28 02:02:47,732 - ####################################################################################################
DEBUG 2021-06-28 02:02:47,737 - DOMAIN INFO
INFO 2021-06-28 02:02:47,738 - {
    "DOMAIN": "wpc89.com", 
    "EXPIRATION": "2021-07-14 08:28:41", 
    "DAYS": "16 days, 6:25:54"
}
DEBUG 2021-06-28 02:02:48,794 - ####################################################################################################
DEBUG 2021-06-28 02:02:48,800 - DOMAIN INFO
INFO 2021-06-28 02:02:48,800 - {
    "DOMAIN": "www.wpc89.com", 
    "EXPIRATION": "2021-07-14 08:28:41", 
    "DAYS": "16 days, 6:25:53"
}
DEBUG 2021-06-28 02:08:12,436 - ####################################################################################################
DEBUG 2021-06-28 02:08:12,441 - DOMAIN INFO
INFO 2021-06-28 02:08:12,441 - {
    "DOMAIN": "12golf.com", 
    "EXPIRATION": "2021-07-15 08:50:36", 
    "DAYS": "17 days, 6:42:24"
}
DEBUG 2021-06-28 02:08:13,626 - ####################################################################################################
DEBUG 2021-06-28 02:08:13,632 - DOMAIN INFO
INFO 2021-06-28 02:08:13,632 - {
    "DOMAIN": "www.12golf.com", 
    "EXPIRATION": "2021-07-15 08:50:36", 
    "DAYS": "17 days, 6:42:23"
}
DEBUG 2021-06-28 02:53:05,197 - ####################################################################################################
DEBUG 2021-06-28 02:53:05,204 - DOMAIN INFO
INFO 2021-06-28 02:53:05,204 - {
    "DOMAIN": "hujidi.com", 
    "EXPIRATION": "2021-07-06 10:49:33", 
    "DAYS": "8 days, 7:56:28"
}
DEBUG 2021-06-28 02:54:27,412 - ####################################################################################################
DEBUG 2021-06-28 02:54:27,419 - DOMAIN INFO
INFO 2021-06-28 02:54:27,419 - {
    "DOMAIN": "bao5566.com", 
    "EXPIRATION": "2021-07-13 20:00:00", 
    "DAYS": "15 days, 17:05:33"
}
DEBUG 2021-06-28 02:54:27,514 - ####################################################################################################
DEBUG 2021-06-28 02:54:27,521 - DOMAIN INFO
INFO 2021-06-28 02:54:27,521 - {
    "DOMAIN": "www.bao5566.com", 
    "EXPIRATION": "2021-07-13 20:00:00", 
    "DAYS": "15 days, 17:05:33"
}
DEBUG 2021-06-28 03:02:51,728 - ####################################################################################################
DEBUG 2021-06-28 03:02:51,734 - DOMAIN INFO
INFO 2021-06-28 03:02:51,734 - {
    "DOMAIN": "wpc89.com", 
    "EXPIRATION": "2021-07-14 08:28:41", 
    "DAYS": "16 days, 5:25:50"
}
DEBUG 2021-06-28 03:02:52,234 - ####################################################################################################
DEBUG 2021-06-28 03:02:52,240 - DOMAIN INFO
INFO 2021-06-28 03:02:52,240 - {
    "DOMAIN": "www.wpc89.com", 
    "EXPIRATION": "2021-07-14 08:28:41", 
    "DAYS": "16 days, 5:25:49"
}
DEBUG 2021-06-28 03:08:08,004 - ####################################################################################################
DEBUG 2021-06-28 03:08:08,009 - DOMAIN INFO
INFO 2021-06-28 03:08:08,010 - {
    "DOMAIN": "12golf.com", 
    "EXPIRATION": "2021-07-15 08:50:36", 
    "DAYS": "17 days, 5:42:29"
}
DEBUG 2021-06-28 03:08:08,961 - ####################################################################################################
DEBUG 2021-06-28 03:08:08,966 - DOMAIN INFO
INFO 2021-06-28 03:08:08,966 - {
    "DOMAIN": "www.12golf.com", 
    "EXPIRATION": "2021-07-15 08:50:36", 
    "DAYS": "17 days, 5:42:28"
}
DEBUG 2021-06-28 03:53:08,167 - ####################################################################################################
DEBUG 2021-06-28 03:53:08,172 - DOMAIN INFO
INFO 2021-06-28 03:53:08,172 - {
    "DOMAIN": "hujidi.com", 
    "EXPIRATION": "2021-07-06 10:49:33", 
    "DAYS": "8 days, 6:56:25"
}
DEBUG 2021-06-28 03:54:26,386 - ####################################################################################################
DEBUG 2021-06-28 03:54:26,391 - DOMAIN INFO
INFO 2021-06-28 03:54:26,391 - {
    "DOMAIN": "bao5566.com", 
    "EXPIRATION": "2021-07-13 20:00:00", 
    "DAYS": "15 days, 16:05:34"
}
DEBUG 2021-06-28 03:54:27,133 - ####################################################################################################
DEBUG 2021-06-28 03:54:27,138 - DOMAIN INFO
INFO 2021-06-28 03:54:27,138 - {
    "DOMAIN": "www.bao5566.com", 
    "EXPIRATION": "2021-07-13 20:00:00", 
    "DAYS": "15 days, 16:05:33"
}
DEBUG 2021-06-28 04:02:43,888 - ####################################################################################################
DEBUG 2021-06-28 04:02:43,894 - DOMAIN INFO
INFO 2021-06-28 04:02:43,894 - {
    "DOMAIN": "wpc89.com", 
    "EXPIRATION": "2021-07-14 08:28:41", 
    "DAYS": "16 days, 4:25:58"
}
DEBUG 2021-06-28 04:02:44,167 - ####################################################################################################
DEBUG 2021-06-28 04:02:44,173 - DOMAIN INFO
INFO 2021-06-28 04:02:44,173 - {
    "DOMAIN": "www.wpc89.com", 
    "EXPIRATION": "2021-07-14 08:28:41", 
    "DAYS": "16 days, 4:25:57"
}
DEBUG 2021-06-28 04:08:09,377 - ####################################################################################################
DEBUG 2021-06-28 04:08:09,383 - DOMAIN INFO
INFO 2021-06-28 04:08:09,384 - {
    "DOMAIN": "12golf.com", 
    "EXPIRATION": "2021-07-15 08:50:36", 
    "DAYS": "17 days, 4:42:27"
}
DEBUG 2021-06-28 04:08:10,966 - ####################################################################################################
DEBUG 2021-06-28 04:08:10,972 - DOMAIN INFO
INFO 2021-06-28 04:08:10,972 - {
    "DOMAIN": "www.12golf.com", 
    "EXPIRATION": "2021-07-15 08:50:36", 
    "DAYS": "17 days, 4:42:26"
}
DEBUG 2021-06-28 04:53:05,258 - ####################################################################################################
DEBUG 2021-06-28 04:53:05,263 - DOMAIN INFO
INFO 2021-06-28 04:53:05,263 - {
    "DOMAIN": "hujidi.com", 
    "EXPIRATION": "2021-07-06 10:49:33", 
    "DAYS": "8 days, 5:56:28"
}
DEBUG 2021-06-28 04:54:25,627 - ####################################################################################################
DEBUG 2021-06-28 04:54:25,632 - DOMAIN INFO
INFO 2021-06-28 04:54:25,632 - {
    "DOMAIN": "bao5566.com", 
    "EXPIRATION": "2021-07-13 20:00:00", 
    "DAYS": "15 days, 15:05:35"
}
DEBUG 2021-06-28 04:54:26,401 - ####################################################################################################
DEBUG 2021-06-28 04:54:26,407 - DOMAIN INFO
INFO 2021-06-28 04:54:26,407 - {
    "DOMAIN": "www.bao5566.com", 
    "EXPIRATION": "2021-07-13 20:00:00", 
    "DAYS": "15 days, 15:05:34"
}
DEBUG 2021-06-28 05:02:48,395 - ####################################################################################################
DEBUG 2021-06-28 05:02:48,401 - DOMAIN INFO
INFO 2021-06-28 05:02:48,401 - {
    "DOMAIN": "wpc89.com", 
    "EXPIRATION": "2021-07-14 08:28:41", 
    "DAYS": "16 days, 3:25:53"
}
DEBUG 2021-06-28 05:02:49,339 - ####################################################################################################
DEBUG 2021-06-28 05:02:49,345 - DOMAIN INFO
INFO 2021-06-28 05:02:49,346 - {
    "DOMAIN": "www.wpc89.com", 
    "EXPIRATION": "2021-07-14 08:28:41", 
    "DAYS": "16 days, 3:25:52"
}
DEBUG 2021-06-28 05:08:13,431 - ####################################################################################################
DEBUG 2021-06-28 05:08:13,437 - DOMAIN INFO
INFO 2021-06-28 05:08:13,437 - {
    "DOMAIN": "12golf.com", 
    "EXPIRATION": "2021-07-15 08:50:36", 
    "DAYS": "17 days, 3:42:23"
}
DEBUG 2021-06-28 05:08:13,506 - ####################################################################################################
DEBUG 2021-06-28 05:08:13,513 - DOMAIN INFO
INFO 2021-06-28 05:08:13,513 - {
    "DOMAIN": "www.12golf.com", 
    "EXPIRATION": "2021-07-15 08:50:36", 
    "DAYS": "17 days, 3:42:23"
}
DEBUG 2021-06-28 05:17:57,945 - ####################################################################################################
DEBUG 2021-06-28 05:17:57,952 - DOMAIN INFO
INFO 2021-06-28 05:17:57,953 - {
    "DOMAIN": "5203000.com", 
    "EXPIRATION": "2021-08-30 22:17:37", 
    "DAYS": "63 days, 16:59:40"
}
DEBUG 2021-06-28 05:17:58,857 - ####################################################################################################
DEBUG 2021-06-28 05:17:58,863 - DOMAIN INFO
INFO 2021-06-28 05:17:58,863 - {
    "DOMAIN": "xindeli007.com", 
    "EXPIRATION": "2021-08-30 18:00:09", 
    "DAYS": "63 days, 12:42:11"
}
DEBUG 2021-06-28 05:18:00,176 - ####################################################################################################
DEBUG 2021-06-28 05:18:00,181 - DOMAIN INFO
INFO 2021-06-28 05:18:00,181 - {
    "DOMAIN": "jsh121.com", 
    "EXPIRATION": "2021-08-30 21:37:31", 
    "DAYS": "63 days, 16:19:31"
}
DEBUG 2021-06-28 05:18:01,079 - ####################################################################################################
DEBUG 2021-06-28 05:18:01,085 - DOMAIN INFO
INFO 2021-06-28 05:18:01,085 - {
    "DOMAIN": "jsh136.com", 
    "EXPIRATION": "2021-08-30 21:37:39", 
    "DAYS": "63 days, 16:19:38"
}
DEBUG 2021-06-28 05:18:02,986 - ####################################################################################################
DEBUG 2021-06-28 05:18:02,993 - DOMAIN INFO
INFO 2021-06-28 05:18:02,993 - {
    "DOMAIN": "jinshihao6.com", 
    "EXPIRATION": "2021-08-30 07:46:29", 
    "DAYS": "63 days, 2:28:27"
}
DEBUG 2021-06-28 05:18:03,693 - ####################################################################################################
DEBUG 2021-06-28 05:18:03,699 - DOMAIN INFO
INFO 2021-06-28 05:18:03,699 - {
    "DOMAIN": "xbet.support", 
    "EXPIRATION": "2021-08-30 18:18:25", 
    "DAYS": "63 days, 13:00:22"
}
DEBUG 2021-06-28 05:18:06,364 - ####################################################################################################
DEBUG 2021-06-28 05:18:06,370 - DOMAIN INFO
INFO 2021-06-28 05:18:06,371 - {
    "DOMAIN": "xbet018.com", 
    "EXPIRATION": "2021-08-30 10:43:51", 
    "DAYS": "63 days, 5:25:45"
}
DEBUG 2021-06-28 05:18:06,797 - ####################################################################################################
DEBUG 2021-06-28 05:18:06,803 - DOMAIN INFO
INFO 2021-06-28 05:18:06,803 - {
    "DOMAIN": "xbet522.com", 
    "EXPIRATION": "2021-08-30 17:58:43", 
    "DAYS": "63 days, 12:40:37"
}
DEBUG 2021-06-28 05:18:09,900 - ####################################################################################################
DEBUG 2021-06-28 05:18:09,905 - DOMAIN INFO
INFO 2021-06-28 05:18:09,905 - {
    "DOMAIN": "xbet83.com", 
    "EXPIRATION": "2021-08-30 15:08:04", 
    "DAYS": "63 days, 9:49:55"
}
DEBUG 2021-06-28 05:18:12,592 - ####################################################################################################
DEBUG 2021-06-28 05:18:12,598 - DOMAIN INFO
INFO 2021-06-28 05:18:12,598 - {
    "DOMAIN": "58089.vip", 
    "EXPIRATION": "2021-08-30 22:09:34", 
    "DAYS": "63 days, 16:51:22"
}
DEBUG 2021-06-28 05:53:07,491 - ####################################################################################################
DEBUG 2021-06-28 05:53:07,496 - DOMAIN INFO
INFO 2021-06-28 05:53:07,497 - {
    "DOMAIN": "hujidi.com", 
    "EXPIRATION": "2021-07-06 10:49:33", 
    "DAYS": "8 days, 4:56:26"
}
DEBUG 2021-06-28 05:54:26,264 - ####################################################################################################
DEBUG 2021-06-28 05:54:26,271 - DOMAIN INFO
INFO 2021-06-28 05:54:26,271 - {
    "DOMAIN": "bao5566.com", 
    "EXPIRATION": "2021-07-13 20:00:00", 
    "DAYS": "15 days, 14:05:34"
}
DEBUG 2021-06-28 05:54:26,394 - ####################################################################################################
DEBUG 2021-06-28 05:54:26,400 - DOMAIN INFO
INFO 2021-06-28 05:54:26,400 - {
    "DOMAIN": "www.bao5566.com", 
    "EXPIRATION": "2021-07-13 20:00:00", 
    "DAYS": "15 days, 14:05:34"
}
DEBUG 2021-06-28 06:02:41,401 - ####################################################################################################
DEBUG 2021-06-28 06:02:41,407 - DOMAIN INFO
INFO 2021-06-28 06:02:41,407 - {
    "DOMAIN": "wpc89.com", 
    "EXPIRATION": "2021-07-14 08:28:41", 
    "DAYS": "16 days, 2:26:00"
}
DEBUG 2021-06-28 06:02:41,802 - ####################################################################################################
DEBUG 2021-06-28 06:02:41,808 - DOMAIN INFO
INFO 2021-06-28 06:02:41,808 - {
    "DOMAIN": "www.wpc89.com", 
    "EXPIRATION": "2021-07-14 08:28:41", 
    "DAYS": "16 days, 2:26:00"
}
DEBUG 2021-06-28 06:08:09,258 - ####################################################################################################
DEBUG 2021-06-28 06:08:09,264 - DOMAIN INFO
INFO 2021-06-28 06:08:09,264 - {
    "DOMAIN": "12golf.com", 
    "EXPIRATION": "2021-07-15 08:50:36", 
    "DAYS": "17 days, 2:42:27"
}
DEBUG 2021-06-28 06:08:11,021 - ####################################################################################################
DEBUG 2021-06-28 06:08:11,026 - DOMAIN INFO
INFO 2021-06-28 06:08:11,026 - {
    "DOMAIN": "www.12golf.com", 
    "EXPIRATION": "2021-07-15 08:50:36", 
    "DAYS": "17 days, 2:42:25"
}
DEBUG 2021-06-28 06:18:12,064 - ####################################################################################################
DEBUG 2021-06-28 06:18:12,070 - DOMAIN INFO
INFO 2021-06-28 06:18:12,070 - {
    "DOMAIN": "xdl7788.com", 
    "EXPIRATION": "2021-08-30 14:30:11", 
    "DAYS": "63 days, 8:11:59"
}
DEBUG 2021-06-28 06:18:12,435 - ####################################################################################################
DEBUG 2021-06-28 06:18:12,441 - DOMAIN INFO
INFO 2021-06-28 06:18:12,441 - {
    "DOMAIN": "00777.me", 
    "EXPIRATION": "2021-08-30 07:29:41", 
    "DAYS": "63 days, 1:11:29"
}
DEBUG 2021-06-28 06:18:13,433 - ####################################################################################################
DEBUG 2021-06-28 06:18:13,439 - DOMAIN INFO
INFO 2021-06-28 06:18:13,440 - {
    "DOMAIN": "eu180.net", 
    "EXPIRATION": "2021-09-13 03:20:26", 
    "DAYS": "76 days, 21:02:13"
}
DEBUG 2021-06-28 06:18:14,701 - ####################################################################################################
DEBUG 2021-06-28 06:18:14,707 - DOMAIN INFO
INFO 2021-06-28 06:18:14,707 - {
    "DOMAIN": "xbetdianwan.com", 
    "EXPIRATION": "2021-08-30 18:18:33", 
    "DAYS": "63 days, 12:00:19"
}
DEBUG 2021-06-28 06:18:15,329 - ####################################################################################################
DEBUG 2021-06-28 06:18:15,335 - DOMAIN INFO
INFO 2021-06-28 06:18:15,335 - {
    "DOMAIN": "8889846.com", 
    "EXPIRATION": "2021-08-30 18:58:29", 
    "DAYS": "63 days, 12:40:14"
}
DEBUG 2021-06-28 06:53:07,480 - ####################################################################################################
DEBUG 2021-06-28 06:53:07,486 - DOMAIN INFO
INFO 2021-06-28 06:53:07,486 - {
    "DOMAIN": "hujidi.com", 
    "EXPIRATION": "2021-07-06 10:49:33", 
    "DAYS": "8 days, 3:56:26"
}
DEBUG 2021-06-28 06:54:26,803 - ####################################################################################################
DEBUG 2021-06-28 06:54:26,809 - DOMAIN INFO
INFO 2021-06-28 06:54:26,809 - {
    "DOMAIN": "bao5566.com", 
    "EXPIRATION": "2021-07-13 20:00:00", 
    "DAYS": "15 days, 13:05:34"
}
DEBUG 2021-06-28 06:54:27,284 - ####################################################################################################
DEBUG 2021-06-28 06:54:27,290 - DOMAIN INFO
INFO 2021-06-28 06:54:27,290 - {
    "DOMAIN": "www.bao5566.com", 
    "EXPIRATION": "2021-07-13 20:00:00", 
    "DAYS": "15 days, 13:05:33"
}
DEBUG 2021-06-28 07:02:41,621 - ####################################################################################################
DEBUG 2021-06-28 07:02:41,627 - DOMAIN INFO
INFO 2021-06-28 07:02:41,627 - {
    "DOMAIN": "wpc89.com", 
    "EXPIRATION": "2021-07-14 08:28:41", 
    "DAYS": "16 days, 1:26:00"
}
DEBUG 2021-06-28 07:02:45,465 - ####################################################################################################
DEBUG 2021-06-28 07:02:45,470 - DOMAIN INFO
INFO 2021-06-28 07:02:45,470 - {
    "DOMAIN": "www.wpc89.com", 
    "EXPIRATION": "2021-07-14 08:28:41", 
    "DAYS": "16 days, 1:25:56"
}
DEBUG 2021-06-28 07:08:11,155 - ####################################################################################################
DEBUG 2021-06-28 07:08:11,160 - DOMAIN INFO
INFO 2021-06-28 07:08:11,161 - {
    "DOMAIN": "12golf.com", 
    "EXPIRATION": "2021-07-15 08:50:36", 
    "DAYS": "17 days, 1:42:25"
}
DEBUG 2021-06-28 07:08:12,028 - ####################################################################################################
DEBUG 2021-06-28 07:08:12,033 - DOMAIN INFO
INFO 2021-06-28 07:08:12,034 - {
    "DOMAIN": "www.12golf.com", 
    "EXPIRATION": "2021-07-15 08:50:36", 
    "DAYS": "17 days, 1:42:24"
}
DEBUG 2021-06-28 07:53:04,157 - ####################################################################################################
DEBUG 2021-06-28 07:53:04,162 - DOMAIN INFO
INFO 2021-06-28 07:53:04,162 - {
    "DOMAIN": "hujidi.com", 
    "EXPIRATION": "2021-07-06 10:49:33", 
    "DAYS": "8 days, 2:56:29"
}
DEBUG 2021-06-28 07:54:26,769 - ####################################################################################################
DEBUG 2021-06-28 07:54:26,774 - DOMAIN INFO
INFO 2021-06-28 07:54:26,775 - {
    "DOMAIN": "bao5566.com", 
    "EXPIRATION": "2021-07-13 20:00:00", 
    "DAYS": "15 days, 12:05:34"
}
DEBUG 2021-06-28 07:54:26,890 - ####################################################################################################
DEBUG 2021-06-28 07:54:26,896 - DOMAIN INFO
INFO 2021-06-28 07:54:26,896 - {
    "DOMAIN": "www.bao5566.com", 
    "EXPIRATION": "2021-07-13 20:00:00", 
    "DAYS": "15 days, 12:05:34"
}
DEBUG 2021-06-28 08:02:45,115 - ####################################################################################################
DEBUG 2021-06-28 08:02:45,122 - DOMAIN INFO
INFO 2021-06-28 08:02:45,122 - {
    "DOMAIN": "wpc89.com", 
    "EXPIRATION": "2021-07-14 08:28:41", 
    "DAYS": "16 days, 0:25:56"
}
DEBUG 2021-06-28 08:02:46,903 - ####################################################################################################
DEBUG 2021-06-28 08:02:46,909 - DOMAIN INFO
INFO 2021-06-28 08:02:46,909 - {
    "DOMAIN": "www.wpc89.com", 
    "EXPIRATION": "2021-07-14 08:28:41", 
    "DAYS": "16 days, 0:25:55"
}
DEBUG 2021-06-28 08:08:11,415 - ####################################################################################################
DEBUG 2021-06-28 08:08:11,421 - DOMAIN INFO
INFO 2021-06-28 08:08:11,421 - {
    "DOMAIN": "12golf.com", 
    "EXPIRATION": "2021-07-15 08:50:36", 
    "DAYS": "17 days, 0:42:25"
}
DEBUG 2021-06-28 08:08:11,619 - ####################################################################################################
DEBUG 2021-06-28 08:08:11,624 - DOMAIN INFO
INFO 2021-06-28 08:08:11,624 - {
    "DOMAIN": "www.12golf.com", 
    "EXPIRATION": "2021-07-15 08:50:36", 
    "DAYS": "17 days, 0:42:25"
}
DEBUG 2021-06-28 08:53:08,101 - ####################################################################################################
DEBUG 2021-06-28 08:53:08,108 - DOMAIN INFO
INFO 2021-06-28 08:53:08,108 - {
    "DOMAIN": "hujidi.com", 
    "EXPIRATION": "2021-07-06 10:49:33", 
    "DAYS": "8 days, 1:56:25"
}
DEBUG 2021-06-28 08:54:26,127 - ####################################################################################################
DEBUG 2021-06-28 08:54:26,134 - DOMAIN INFO
INFO 2021-06-28 08:54:26,134 - {
    "DOMAIN": "bao5566.com", 
    "EXPIRATION": "2021-07-13 20:00:00", 
    "DAYS": "15 days, 11:05:34"
}
DEBUG 2021-06-28 08:54:26,301 - ####################################################################################################
DEBUG 2021-06-28 08:54:26,307 - DOMAIN INFO
INFO 2021-06-28 08:54:26,307 - {
    "DOMAIN": "www.bao5566.com", 
    "EXPIRATION": "2021-07-13 20:00:00", 
    "DAYS": "15 days, 11:05:34"
}
DEBUG 2021-06-28 09:02:50,443 - ####################################################################################################
DEBUG 2021-06-28 09:02:50,449 - DOMAIN INFO
INFO 2021-06-28 09:02:50,449 - {
    "DOMAIN": "wpc89.com", 
    "EXPIRATION": "2021-07-14 08:28:41", 
    "DAYS": "15 days, 23:25:51"
}
DEBUG 2021-06-28 09:02:51,299 - ####################################################################################################
DEBUG 2021-06-28 09:02:51,305 - DOMAIN INFO
INFO 2021-06-28 09:02:51,306 - {
    "DOMAIN": "www.wpc89.com", 
    "EXPIRATION": "2021-07-14 08:28:41", 
    "DAYS": "15 days, 23:25:50"
}
DEBUG 2021-06-28 09:08:12,275 - ####################################################################################################
DEBUG 2021-06-28 09:08:12,282 - DOMAIN INFO
INFO 2021-06-28 09:08:12,282 - {
    "DOMAIN": "12golf.com", 
    "EXPIRATION": "2021-07-15 08:50:36", 
    "DAYS": "16 days, 23:42:24"
}
DEBUG 2021-06-28 09:08:13,452 - ####################################################################################################
DEBUG 2021-06-28 09:08:13,458 - DOMAIN INFO
INFO 2021-06-28 09:08:13,459 - {
    "DOMAIN": "www.12golf.com", 
    "EXPIRATION": "2021-07-15 08:50:36", 
    "DAYS": "16 days, 23:42:23"
}
DEBUG 2021-06-28 09:53:06,806 - ####################################################################################################
DEBUG 2021-06-28 09:53:06,812 - DOMAIN INFO
INFO 2021-06-28 09:53:06,812 - {
    "DOMAIN": "hujidi.com", 
    "EXPIRATION": "2021-07-06 10:49:33", 
    "DAYS": "8 days, 0:56:27"
}
DEBUG 2021-06-28 09:54:27,064 - ####################################################################################################
DEBUG 2021-06-28 09:54:27,070 - DOMAIN INFO
INFO 2021-06-28 09:54:27,071 - {
    "DOMAIN": "bao5566.com", 
    "EXPIRATION": "2021-07-13 20:00:00", 
    "DAYS": "15 days, 10:05:33"
}
DEBUG 2021-06-28 09:54:27,569 - ####################################################################################################
DEBUG 2021-06-28 09:54:27,575 - DOMAIN INFO
INFO 2021-06-28 09:54:27,575 - {
    "DOMAIN": "www.bao5566.com", 
    "EXPIRATION": "2021-07-13 20:00:00", 
    "DAYS": "15 days, 10:05:33"
}
DEBUG 2021-06-28 10:02:50,732 - ####################################################################################################
DEBUG 2021-06-28 10:02:50,738 - DOMAIN INFO
INFO 2021-06-28 10:02:50,739 - {
    "DOMAIN": "wpc89.com", 
    "EXPIRATION": "2021-07-14 08:28:41", 
    "DAYS": "15 days, 22:25:51"
}
DEBUG 2021-06-28 10:02:51,510 - ####################################################################################################
DEBUG 2021-06-28 10:02:51,516 - DOMAIN INFO
INFO 2021-06-28 10:02:51,516 - {
    "DOMAIN": "www.wpc89.com", 
    "EXPIRATION": "2021-07-14 08:28:41", 
    "DAYS": "15 days, 22:25:50"
}
DEBUG 2021-06-28 10:08:12,431 - ####################################################################################################
DEBUG 2021-06-28 10:08:12,437 - DOMAIN INFO
INFO 2021-06-28 10:08:12,437 - {
    "DOMAIN": "12golf.com", 
    "EXPIRATION": "2021-07-15 08:50:36", 
    "DAYS": "16 days, 22:42:24"
}
DEBUG 2021-06-28 10:08:13,271 - ####################################################################################################
DEBUG 2021-06-28 10:08:13,276 - DOMAIN INFO
INFO 2021-06-28 10:08:13,277 - {
    "DOMAIN": "www.12golf.com", 
    "EXPIRATION": "2021-07-15 08:50:36", 
    "DAYS": "16 days, 22:42:23"
}
DEBUG 2021-06-28 10:53:08,990 - ####################################################################################################
DEBUG 2021-06-28 10:53:08,995 - DOMAIN INFO
INFO 2021-06-28 10:53:08,995 - {
    "DOMAIN": "hujidi.com", 
    "EXPIRATION": "2021-07-06 10:49:33", 
    "DAYS": "7 days, 23:56:25"
}
DEBUG 2021-06-28 10:54:28,348 - ####################################################################################################
DEBUG 2021-06-28 10:54:28,354 - DOMAIN INFO
INFO 2021-06-28 10:54:28,355 - {
    "DOMAIN": "bao5566.com", 
    "EXPIRATION": "2021-07-13 20:00:00", 
    "DAYS": "15 days, 9:05:32"
}
DEBUG 2021-06-28 10:54:29,319 - ####################################################################################################
DEBUG 2021-06-28 10:54:29,325 - DOMAIN INFO
INFO 2021-06-28 10:54:29,325 - {
    "DOMAIN": "www.bao5566.com", 
    "EXPIRATION": "2021-07-13 20:00:00", 
    "DAYS": "15 days, 9:05:31"
}
DEBUG 2021-06-28 11:02:49,798 - ####################################################################################################
DEBUG 2021-06-28 11:02:49,803 - DOMAIN INFO
INFO 2021-06-28 11:02:49,803 - {
    "DOMAIN": "wpc89.com", 
    "EXPIRATION": "2021-07-14 08:28:41", 
    "DAYS": "15 days, 21:25:52"
}
DEBUG 2021-06-28 11:02:50,390 - ####################################################################################################
DEBUG 2021-06-28 11:02:50,396 - DOMAIN INFO
INFO 2021-06-28 11:02:50,396 - {
    "DOMAIN": "www.wpc89.com", 
    "EXPIRATION": "2021-07-14 08:28:41", 
    "DAYS": "15 days, 21:25:51"
}
DEBUG 2021-06-28 11:08:07,265 - ####################################################################################################
DEBUG 2021-06-28 11:08:07,271 - DOMAIN INFO
INFO 2021-06-28 11:08:07,272 - {
    "DOMAIN": "12golf.com", 
    "EXPIRATION": "2021-07-15 08:50:36", 
    "DAYS": "16 days, 21:42:29"
}
DEBUG 2021-06-28 11:08:12,152 - ####################################################################################################
DEBUG 2021-06-28 11:08:12,158 - DOMAIN INFO
INFO 2021-06-28 11:08:12,158 - {
    "DOMAIN": "www.12golf.com", 
    "EXPIRATION": "2021-07-15 08:50:36", 
    "DAYS": "16 days, 21:42:24"
}
DEBUG 2021-06-28 11:53:09,119 - ####################################################################################################
DEBUG 2021-06-28 11:53:09,125 - DOMAIN INFO
INFO 2021-06-28 11:53:09,125 - {
    "DOMAIN": "hujidi.com", 
    "EXPIRATION": "2021-07-06 10:49:33", 
    "DAYS": "7 days, 22:56:24"
}
DEBUG 2021-06-28 11:54:25,984 - ####################################################################################################
DEBUG 2021-06-28 11:54:25,991 - DOMAIN INFO
INFO 2021-06-28 11:54:25,991 - {
    "DOMAIN": "bao5566.com", 
    "EXPIRATION": "2021-07-13 20:00:00", 
    "DAYS": "15 days, 8:05:35"
}
DEBUG 2021-06-28 11:54:30,647 - ####################################################################################################
DEBUG 2021-06-28 11:54:30,653 - DOMAIN ERROR
INFO 2021-06-28 11:54:30,654 - {
    "DOMAIN": "www.bao5566.com", 
    "DOMAIN_CURL": 15, 
    "ERROR": "[Errno 110] Connection timed out"
}
DEBUG 2021-06-28 12:02:47,221 - ####################################################################################################
DEBUG 2021-06-28 12:02:47,228 - DOMAIN INFO
INFO 2021-06-28 12:02:47,228 - {
    "DOMAIN": "wpc89.com", 
    "EXPIRATION": "2021-07-14 08:28:41", 
    "DAYS": "15 days, 20:25:54"
}
DEBUG 2021-06-28 12:02:47,871 - ####################################################################################################
DEBUG 2021-06-28 12:02:47,877 - DOMAIN INFO
INFO 2021-06-28 12:02:47,877 - {
    "DOMAIN": "www.wpc89.com", 
    "EXPIRATION": "2021-07-14 08:28:41", 
    "DAYS": "15 days, 20:25:54"
}
DEBUG 2021-06-28 12:08:11,458 - ####################################################################################################
DEBUG 2021-06-28 12:08:11,463 - DOMAIN INFO
INFO 2021-06-28 12:08:11,463 - {
    "DOMAIN": "12golf.com", 
    "EXPIRATION": "2021-07-15 08:50:36", 
    "DAYS": "16 days, 20:42:25"
}
DEBUG 2021-06-28 12:08:13,310 - ####################################################################################################
DEBUG 2021-06-28 12:08:13,315 - DOMAIN INFO
INFO 2021-06-28 12:08:13,316 - {
    "DOMAIN": "www.12golf.com", 
    "EXPIRATION": "2021-07-15 08:50:36", 
    "DAYS": "16 days, 20:42:23"
}
DEBUG 2021-06-28 12:53:10,092 - ####################################################################################################
DEBUG 2021-06-28 12:53:10,097 - DOMAIN INFO
INFO 2021-06-28 12:53:10,097 - {
    "DOMAIN": "hujidi.com", 
    "EXPIRATION": "2021-07-06 10:49:33", 
    "DAYS": "7 days, 21:56:23"
}
DEBUG 2021-06-28 12:54:27,500 - ####################################################################################################
DEBUG 2021-06-28 12:54:27,506 - DOMAIN INFO
INFO 2021-06-28 12:54:27,506 - {
    "DOMAIN": "bao5566.com", 
    "EXPIRATION": "2021-07-13 20:00:00", 
    "DAYS": "15 days, 7:05:33"
}
DEBUG 2021-06-28 12:54:28,931 - ####################################################################################################
DEBUG 2021-06-28 12:54:28,937 - DOMAIN INFO
INFO 2021-06-28 12:54:28,938 - {
    "DOMAIN": "www.bao5566.com", 
    "EXPIRATION": "2021-07-13 20:00:00", 
    "DAYS": "15 days, 7:05:32"
}
DEBUG 2021-06-28 13:02:44,418 - ####################################################################################################
DEBUG 2021-06-28 13:02:44,424 - DOMAIN INFO
INFO 2021-06-28 13:02:44,424 - {
    "DOMAIN": "wpc89.com", 
    "EXPIRATION": "2021-07-14 08:28:41", 
    "DAYS": "15 days, 19:25:57"
}
DEBUG 2021-06-28 13:02:45,047 - ####################################################################################################
DEBUG 2021-06-28 13:02:45,053 - DOMAIN INFO
INFO 2021-06-28 13:02:45,053 - {
    "DOMAIN": "www.wpc89.com", 
    "EXPIRATION": "2021-07-14 08:28:41", 
    "DAYS": "15 days, 19:25:56"
}
DEBUG 2021-06-28 13:08:13,270 - ####################################################################################################
DEBUG 2021-06-28 13:08:13,276 - DOMAIN INFO
INFO 2021-06-28 13:08:13,276 - {
    "DOMAIN": "12golf.com", 
    "EXPIRATION": "2021-07-15 08:50:36", 
    "DAYS": "16 days, 19:42:23"
}
DEBUG 2021-06-28 13:08:13,563 - ####################################################################################################
DEBUG 2021-06-28 13:08:13,569 - DOMAIN INFO
INFO 2021-06-28 13:08:13,569 - {
    "DOMAIN": "www.12golf.com", 
    "EXPIRATION": "2021-07-15 08:50:36", 
    "DAYS": "16 days, 19:42:23"
}
DEBUG 2021-06-28 13:53:08,282 - ####################################################################################################
DEBUG 2021-06-28 13:53:08,288 - DOMAIN INFO
INFO 2021-06-28 13:53:08,288 - {
    "DOMAIN": "hujidi.com", 
    "EXPIRATION": "2021-07-06 10:49:33", 
    "DAYS": "7 days, 20:56:25"
}
DEBUG 2021-06-28 13:54:26,523 - ####################################################################################################
DEBUG 2021-06-28 13:54:26,530 - DOMAIN INFO
INFO 2021-06-28 13:54:26,531 - {
    "DOMAIN": "bao5566.com", 
    "EXPIRATION": "2021-07-13 20:00:00", 
    "DAYS": "15 days, 6:05:34"
}
DEBUG 2021-06-28 13:54:26,567 - ####################################################################################################
DEBUG 2021-06-28 13:54:26,572 - DOMAIN INFO
INFO 2021-06-28 13:54:26,572 - {
    "DOMAIN": "www.bao5566.com", 
    "EXPIRATION": "2021-07-13 20:00:00", 
    "DAYS": "15 days, 6:05:34"
}
DEBUG 2021-06-28 14:02:46,389 - ####################################################################################################
DEBUG 2021-06-28 14:02:46,396 - DOMAIN INFO
INFO 2021-06-28 14:02:46,396 - {
    "DOMAIN": "wpc89.com", 
    "EXPIRATION": "2021-07-14 08:28:41", 
    "DAYS": "15 days, 18:25:55"
}
DEBUG 2021-06-28 14:02:46,884 - ####################################################################################################
DEBUG 2021-06-28 14:02:46,889 - DOMAIN INFO
INFO 2021-06-28 14:02:46,889 - {
    "DOMAIN": "www.wpc89.com", 
    "EXPIRATION": "2021-07-14 08:28:41", 
    "DAYS": "15 days, 18:25:55"
}
DEBUG 2021-06-28 14:08:10,523 - ####################################################################################################
DEBUG 2021-06-28 14:08:10,529 - DOMAIN INFO
INFO 2021-06-28 14:08:10,529 - {
    "DOMAIN": "12golf.com", 
    "EXPIRATION": "2021-07-15 08:50:36", 
    "DAYS": "16 days, 18:42:26"
}
DEBUG 2021-06-28 14:08:11,781 - ####################################################################################################
DEBUG 2021-06-28 14:08:11,787 - DOMAIN INFO
INFO 2021-06-28 14:08:11,787 - {
    "DOMAIN": "www.12golf.com", 
    "EXPIRATION": "2021-07-15 08:50:36", 
    "DAYS": "16 days, 18:42:25"
}
DEBUG 2021-06-28 14:53:09,409 - ####################################################################################################
DEBUG 2021-06-28 14:53:09,414 - DOMAIN INFO
INFO 2021-06-28 14:53:09,414 - {
    "DOMAIN": "hujidi.com", 
    "EXPIRATION": "2021-07-06 10:49:33", 
    "DAYS": "7 days, 19:56:24"
}
DEBUG 2021-06-28 14:54:27,898 - ####################################################################################################
DEBUG 2021-06-28 14:54:27,903 - DOMAIN INFO
INFO 2021-06-28 14:54:27,904 - {
    "DOMAIN": "bao5566.com", 
    "EXPIRATION": "2021-07-13 20:00:00", 
    "DAYS": "15 days, 5:05:33"
}
DEBUG 2021-06-28 14:54:29,074 - ####################################################################################################
DEBUG 2021-06-28 14:54:29,079 - DOMAIN INFO
INFO 2021-06-28 14:54:29,080 - {
    "DOMAIN": "www.bao5566.com", 
    "EXPIRATION": "2021-07-13 20:00:00", 
    "DAYS": "15 days, 5:05:31"
}
DEBUG 2021-06-28 15:02:50,727 - ####################################################################################################
DEBUG 2021-06-28 15:02:50,733 - DOMAIN INFO
INFO 2021-06-28 15:02:50,733 - {
    "DOMAIN": "wpc89.com", 
    "EXPIRATION": "2021-07-14 08:28:41", 
    "DAYS": "15 days, 17:25:51"
}
DEBUG 2021-06-28 15:02:51,697 - ####################################################################################################
DEBUG 2021-06-28 15:02:51,703 - DOMAIN INFO
INFO 2021-06-28 15:02:51,703 - {
    "DOMAIN": "www.wpc89.com", 
    "EXPIRATION": "2021-07-14 08:28:41", 
    "DAYS": "15 days, 17:25:50"
}
DEBUG 2021-06-28 15:08:09,504 - ####################################################################################################
DEBUG 2021-06-28 15:08:09,509 - DOMAIN INFO
INFO 2021-06-28 15:08:09,510 - {
    "DOMAIN": "12golf.com", 
    "EXPIRATION": "2021-07-15 08:50:36", 
    "DAYS": "16 days, 17:42:27"
}
DEBUG 2021-06-28 15:08:11,413 - ####################################################################################################
DEBUG 2021-06-28 15:08:11,419 - DOMAIN INFO
INFO 2021-06-28 15:08:11,419 - {
    "DOMAIN": "www.12golf.com", 
    "EXPIRATION": "2021-07-15 08:50:36", 
    "DAYS": "16 days, 17:42:25"
}
DEBUG 2021-06-28 15:53:11,193 - ####################################################################################################
DEBUG 2021-06-28 15:53:11,198 - DOMAIN INFO
INFO 2021-06-28 15:53:11,198 - {
    "DOMAIN": "hujidi.com", 
    "EXPIRATION": "2021-07-06 10:49:33", 
    "DAYS": "7 days, 18:56:22"
}
DEBUG 2021-06-28 15:54:29,161 - ####################################################################################################
DEBUG 2021-06-28 15:54:29,166 - DOMAIN INFO
INFO 2021-06-28 15:54:29,167 - {
    "DOMAIN": "bao5566.com", 
    "EXPIRATION": "2021-07-13 20:00:00", 
    "DAYS": "15 days, 4:05:31"
}
DEBUG 2021-06-28 15:54:31,507 - ####################################################################################################
DEBUG 2021-06-28 15:54:31,513 - DOMAIN INFO
INFO 2021-06-28 15:54:31,513 - {
    "DOMAIN": "www.bao5566.com", 
    "EXPIRATION": "2021-07-13 20:00:00", 
    "DAYS": "15 days, 4:05:29"
}
DEBUG 2021-06-28 16:02:45,508 - ####################################################################################################
DEBUG 2021-06-28 16:02:45,514 - DOMAIN INFO
INFO 2021-06-28 16:02:45,515 - {
    "DOMAIN": "wpc89.com", 
    "EXPIRATION": "2021-07-14 08:28:41", 
    "DAYS": "15 days, 16:25:56"
}
DEBUG 2021-06-28 16:02:46,027 - ####################################################################################################
DEBUG 2021-06-28 16:02:46,033 - DOMAIN INFO
INFO 2021-06-28 16:02:46,033 - {
    "DOMAIN": "www.wpc89.com", 
    "EXPIRATION": "2021-07-14 08:28:41", 
    "DAYS": "15 days, 16:25:55"
}
DEBUG 2021-06-28 16:08:12,990 - ####################################################################################################
DEBUG 2021-06-28 16:08:12,998 - DOMAIN INFO
INFO 2021-06-28 16:08:12,998 - {
    "DOMAIN": "12golf.com", 
    "EXPIRATION": "2021-07-15 08:50:36", 
    "DAYS": "16 days, 16:42:24"
}
DEBUG 2021-06-28 16:08:13,930 - ####################################################################################################
DEBUG 2021-06-28 16:08:13,936 - DOMAIN INFO
INFO 2021-06-28 16:08:13,937 - {
    "DOMAIN": "www.12golf.com", 
    "EXPIRATION": "2021-07-15 08:50:36", 
    "DAYS": "16 days, 16:42:23"
}
DEBUG 2021-06-28 16:53:08,646 - ####################################################################################################
DEBUG 2021-06-28 16:53:08,651 - DOMAIN INFO
INFO 2021-06-28 16:53:08,652 - {
    "DOMAIN": "hujidi.com", 
    "EXPIRATION": "2021-07-06 10:49:33", 
    "DAYS": "7 days, 17:56:25"
}
DEBUG 2021-06-28 16:54:29,188 - ####################################################################################################
DEBUG 2021-06-28 16:54:29,194 - DOMAIN INFO
INFO 2021-06-28 16:54:29,195 - {
    "DOMAIN": "bao5566.com", 
    "EXPIRATION": "2021-07-13 20:00:00", 
    "DAYS": "15 days, 3:05:31"
}
DEBUG 2021-06-28 16:54:30,209 - ####################################################################################################
DEBUG 2021-06-28 16:54:30,215 - DOMAIN INFO
INFO 2021-06-28 16:54:30,216 - {
    "DOMAIN": "www.bao5566.com", 
    "EXPIRATION": "2021-07-13 20:00:00", 
    "DAYS": "15 days, 3:05:30"
}
DEBUG 2021-06-28 17:02:43,777 - ####################################################################################################
DEBUG 2021-06-28 17:02:43,783 - DOMAIN INFO
INFO 2021-06-28 17:02:43,783 - {
    "DOMAIN": "wpc89.com", 
    "EXPIRATION": "2021-07-14 08:28:41", 
    "DAYS": "15 days, 15:25:58"
}
DEBUG 2021-06-28 17:02:48,031 - ####################################################################################################
DEBUG 2021-06-28 17:02:48,036 - DOMAIN ERROR
INFO 2021-06-28 17:02:48,036 - {
    "DOMAIN": "www.wpc89.com", 
    "DOMAIN_CURL": 15, 
    "ERROR": "[Errno 110] Connection timed out"
}
DEBUG 2021-06-28 17:08:10,977 - ####################################################################################################
DEBUG 2021-06-28 17:08:10,983 - DOMAIN INFO
INFO 2021-06-28 17:08:10,983 - {
    "DOMAIN": "12golf.com", 
    "EXPIRATION": "2021-07-15 08:50:36", 
    "DAYS": "16 days, 15:42:26"
}
DEBUG 2021-06-28 17:08:11,067 - ####################################################################################################
DEBUG 2021-06-28 17:08:11,073 - DOMAIN INFO
INFO 2021-06-28 17:08:11,073 - {
    "DOMAIN": "www.12golf.com", 
    "EXPIRATION": "2021-07-15 08:50:36", 
    "DAYS": "16 days, 15:42:25"
}
DEBUG 2021-06-28 17:53:09,829 - ####################################################################################################
DEBUG 2021-06-28 17:53:09,836 - DOMAIN INFO
INFO 2021-06-28 17:53:09,836 - {
    "DOMAIN": "hujidi.com", 
    "EXPIRATION": "2021-07-06 10:49:33", 
    "DAYS": "7 days, 16:56:24"
}
DEBUG 2021-06-28 17:54:29,276 - ####################################################################################################
DEBUG 2021-06-28 17:54:29,284 - DOMAIN INFO
INFO 2021-06-28 17:54:29,284 - {
    "DOMAIN": "bao5566.com", 
    "EXPIRATION": "2021-07-13 20:00:00", 
    "DAYS": "15 days, 2:05:31"
}
DEBUG 2021-06-28 17:54:29,548 - ####################################################################################################
DEBUG 2021-06-28 17:54:29,553 - DOMAIN INFO
INFO 2021-06-28 17:54:29,554 - {
    "DOMAIN": "www.bao5566.com", 
    "EXPIRATION": "2021-07-13 20:00:00", 
    "DAYS": "15 days, 2:05:31"
}
DEBUG 2021-06-28 18:02:46,378 - ####################################################################################################
DEBUG 2021-06-28 18:02:46,383 - DOMAIN INFO
INFO 2021-06-28 18:02:46,384 - {
    "DOMAIN": "wpc89.com", 
    "EXPIRATION": "2021-07-14 08:28:41", 
    "DAYS": "15 days, 14:25:55"
}
DEBUG 2021-06-28 18:02:46,392 - ####################################################################################################
DEBUG 2021-06-28 18:02:46,397 - DOMAIN INFO
INFO 2021-06-28 18:02:46,398 - {
    "DOMAIN": "www.wpc89.com", 
    "EXPIRATION": "2021-07-14 08:28:41", 
    "DAYS": "15 days, 14:25:55"
}
DEBUG 2021-06-28 18:08:11,036 - ####################################################################################################
DEBUG 2021-06-28 18:08:11,041 - DOMAIN INFO
INFO 2021-06-28 18:08:11,041 - {
    "DOMAIN": "12golf.com", 
    "EXPIRATION": "2021-07-15 08:50:36", 
    "DAYS": "16 days, 14:42:25"
}
DEBUG 2021-06-28 18:08:11,500 - ####################################################################################################
DEBUG 2021-06-28 18:08:11,506 - DOMAIN INFO
INFO 2021-06-28 18:08:11,506 - {
    "DOMAIN": "www.12golf.com", 
    "EXPIRATION": "2021-07-15 08:50:36", 
    "DAYS": "16 days, 14:42:25"
}
DEBUG 2021-06-28 18:53:06,721 - ####################################################################################################
DEBUG 2021-06-28 18:53:06,726 - DOMAIN INFO
INFO 2021-06-28 18:53:06,726 - {
    "DOMAIN": "hujidi.com", 
    "EXPIRATION": "2021-07-06 10:49:33", 
    "DAYS": "7 days, 15:56:27"
}
DEBUG 2021-06-28 18:54:27,622 - ####################################################################################################
DEBUG 2021-06-28 18:54:27,628 - DOMAIN INFO
INFO 2021-06-28 18:54:27,629 - {
    "DOMAIN": "bao5566.com", 
    "EXPIRATION": "2021-07-13 20:00:00", 
    "DAYS": "15 days, 1:05:33"
}
DEBUG 2021-06-28 18:54:28,740 - ####################################################################################################
DEBUG 2021-06-28 18:54:28,747 - DOMAIN INFO
INFO 2021-06-28 18:54:28,747 - {
    "DOMAIN": "www.bao5566.com", 
    "EXPIRATION": "2021-07-13 20:00:00", 
    "DAYS": "15 days, 1:05:32"
}
DEBUG 2021-06-28 19:02:53,887 - ####################################################################################################
DEBUG 2021-06-28 19:02:53,893 - DOMAIN INFO
INFO 2021-06-28 19:02:53,893 - {
    "DOMAIN": "wpc89.com", 
    "EXPIRATION": "2021-07-14 08:28:41", 
    "DAYS": "15 days, 13:25:48"
}
DEBUG 2021-06-28 19:02:55,034 - ####################################################################################################
DEBUG 2021-06-28 19:02:55,040 - DOMAIN INFO
INFO 2021-06-28 19:02:55,041 - {
    "DOMAIN": "www.wpc89.com", 
    "EXPIRATION": "2021-07-14 08:28:41", 
    "DAYS": "15 days, 13:25:46"
}
DEBUG 2021-06-28 19:08:11,534 - ####################################################################################################
DEBUG 2021-06-28 19:08:11,539 - DOMAIN INFO
INFO 2021-06-28 19:08:11,539 - {
    "DOMAIN": "12golf.com", 
    "EXPIRATION": "2021-07-15 08:50:36", 
    "DAYS": "16 days, 13:42:25"
}
DEBUG 2021-06-28 19:08:13,046 - ####################################################################################################
DEBUG 2021-06-28 19:08:13,053 - DOMAIN INFO
INFO 2021-06-28 19:08:13,053 - {
    "DOMAIN": "www.12golf.com", 
    "EXPIRATION": "2021-07-15 08:50:36", 
    "DAYS": "16 days, 13:42:23"
}
DEBUG 2021-06-28 19:53:07,727 - ####################################################################################################
DEBUG 2021-06-28 19:53:07,732 - DOMAIN INFO
INFO 2021-06-28 19:53:07,732 - {
    "DOMAIN": "hujidi.com", 
    "EXPIRATION": "2021-07-06 10:49:33", 
    "DAYS": "7 days, 14:56:26"
}
DEBUG 2021-06-28 19:54:28,237 - ####################################################################################################
DEBUG 2021-06-28 19:54:28,244 - DOMAIN INFO
INFO 2021-06-28 19:54:28,244 - {
    "DOMAIN": "bao5566.com", 
    "EXPIRATION": "2021-07-13 20:00:00", 
    "DAYS": "15 days, 0:05:32"
}
DEBUG 2021-06-28 19:54:28,390 - ####################################################################################################
DEBUG 2021-06-28 19:54:28,396 - DOMAIN INFO
INFO 2021-06-28 19:54:28,396 - {
    "DOMAIN": "www.bao5566.com", 
    "EXPIRATION": "2021-07-13 20:00:00", 
    "DAYS": "15 days, 0:05:32"
}
DEBUG 2021-06-28 20:02:51,403 - ####################################################################################################
DEBUG 2021-06-28 20:02:51,408 - DOMAIN INFO
INFO 2021-06-28 20:02:51,409 - {
    "DOMAIN": "wpc89.com", 
    "EXPIRATION": "2021-07-14 08:28:41", 
    "DAYS": "15 days, 12:25:50"
}
DEBUG 2021-06-28 20:02:53,301 - ####################################################################################################
DEBUG 2021-06-28 20:02:53,306 - DOMAIN INFO
INFO 2021-06-28 20:02:53,306 - {
    "DOMAIN": "www.wpc89.com", 
    "EXPIRATION": "2021-07-14 08:28:41", 
    "DAYS": "15 days, 12:25:48"
}
DEBUG 2021-06-28 20:08:11,289 - ####################################################################################################
DEBUG 2021-06-28 20:08:11,295 - DOMAIN INFO
INFO 2021-06-28 20:08:11,296 - {
    "DOMAIN": "12golf.com", 
    "EXPIRATION": "2021-07-15 08:50:36", 
    "DAYS": "16 days, 12:42:25"
}
DEBUG 2021-06-28 20:08:12,478 - ####################################################################################################
DEBUG 2021-06-28 20:08:12,484 - DOMAIN INFO
INFO 2021-06-28 20:08:12,484 - {
    "DOMAIN": "www.12golf.com", 
    "EXPIRATION": "2021-07-15 08:50:36", 
    "DAYS": "16 days, 12:42:24"
}
DEBUG 2021-06-28 20:53:10,060 - ####################################################################################################
DEBUG 2021-06-28 20:53:10,066 - DOMAIN INFO
INFO 2021-06-28 20:53:10,066 - {
    "DOMAIN": "hujidi.com", 
    "EXPIRATION": "2021-07-06 10:49:33", 
    "DAYS": "7 days, 13:56:23"
}
DEBUG 2021-06-28 20:54:28,533 - ####################################################################################################
DEBUG 2021-06-28 20:54:28,538 - DOMAIN INFO
INFO 2021-06-28 20:54:28,538 - {
    "DOMAIN": "bao5566.com", 
    "EXPIRATION": "2021-07-13 20:00:00", 
    "DAYS": "14 days, 23:05:32"
}
DEBUG 2021-06-28 20:54:30,221 - ####################################################################################################
DEBUG 2021-06-28 20:54:30,227 - DOMAIN INFO
INFO 2021-06-28 20:54:30,227 - {
    "DOMAIN": "www.bao5566.com", 
    "EXPIRATION": "2021-07-13 20:00:00", 
    "DAYS": "14 days, 23:05:30"
}
DEBUG 2021-06-28 21:02:45,600 - ####################################################################################################
DEBUG 2021-06-28 21:02:45,606 - DOMAIN INFO
INFO 2021-06-28 21:02:45,607 - {
    "DOMAIN": "wpc89.com", 
    "EXPIRATION": "2021-07-14 08:28:41", 
    "DAYS": "15 days, 11:25:56"
}
DEBUG 2021-06-28 21:02:46,727 - ####################################################################################################
DEBUG 2021-06-28 21:02:46,733 - DOMAIN INFO
INFO 2021-06-28 21:02:46,733 - {
    "DOMAIN": "www.wpc89.com", 
    "EXPIRATION": "2021-07-14 08:28:41", 
    "DAYS": "15 days, 11:25:55"
}
DEBUG 2021-06-28 21:08:12,346 - ####################################################################################################
DEBUG 2021-06-28 21:08:12,352 - DOMAIN INFO
INFO 2021-06-28 21:08:12,353 - {
    "DOMAIN": "12golf.com", 
    "EXPIRATION": "2021-07-15 08:50:36", 
    "DAYS": "16 days, 11:42:24"
}
DEBUG 2021-06-28 21:08:12,610 - ####################################################################################################
DEBUG 2021-06-28 21:08:12,616 - DOMAIN INFO
INFO 2021-06-28 21:08:12,616 - {
    "DOMAIN": "www.12golf.com", 
    "EXPIRATION": "2021-07-15 08:50:36", 
    "DAYS": "16 days, 11:42:24"
}
DEBUG 2021-06-28 21:53:10,330 - ####################################################################################################
DEBUG 2021-06-28 21:53:10,336 - DOMAIN INFO
INFO 2021-06-28 21:53:10,336 - {
    "DOMAIN": "hujidi.com", 
    "EXPIRATION": "2021-07-06 10:49:33", 
    "DAYS": "7 days, 12:56:23"
}
DEBUG 2021-06-28 21:54:30,896 - ####################################################################################################
DEBUG 2021-06-28 21:54:30,900 - DOMAIN INFO
INFO 2021-06-28 21:54:30,901 - {
    "DOMAIN": "bao5566.com", 
    "EXPIRATION": "2021-07-13 20:00:00", 
    "DAYS": "14 days, 22:05:30"
}
DEBUG 2021-06-28 21:54:31,677 - ####################################################################################################
DEBUG 2021-06-28 21:54:31,684 - DOMAIN INFO
INFO 2021-06-28 21:54:31,684 - {
    "DOMAIN": "www.bao5566.com", 
    "EXPIRATION": "2021-07-13 20:00:00", 
    "DAYS": "14 days, 22:05:29"
}
DEBUG 2021-06-28 22:02:48,420 - ####################################################################################################
DEBUG 2021-06-28 22:02:48,426 - DOMAIN INFO
INFO 2021-06-28 22:02:48,426 - {
    "DOMAIN": "wpc89.com", 
    "EXPIRATION": "2021-07-14 08:28:41", 
    "DAYS": "15 days, 10:25:53"
}
DEBUG 2021-06-28 22:02:49,630 - ####################################################################################################
DEBUG 2021-06-28 22:02:49,635 - DOMAIN INFO
INFO 2021-06-28 22:02:49,636 - {
    "DOMAIN": "www.wpc89.com", 
    "EXPIRATION": "2021-07-14 08:28:41", 
    "DAYS": "15 days, 10:25:52"
}
DEBUG 2021-06-28 22:08:11,834 - ####################################################################################################
DEBUG 2021-06-28 22:08:11,840 - DOMAIN INFO
INFO 2021-06-28 22:08:11,840 - {
    "DOMAIN": "12golf.com", 
    "EXPIRATION": "2021-07-15 08:50:36", 
    "DAYS": "16 days, 10:42:25"
}
DEBUG 2021-06-28 22:08:13,155 - ####################################################################################################
DEBUG 2021-06-28 22:08:13,162 - DOMAIN INFO
INFO 2021-06-28 22:08:13,162 - {
    "DOMAIN": "www.12golf.com", 
    "EXPIRATION": "2021-07-15 08:50:36", 
    "DAYS": "16 days, 10:42:23"
}
DEBUG 2021-06-28 22:52:56,783 - ####################################################################################################
DEBUG 2021-06-28 22:52:56,788 - DOMAIN INFO
INFO 2021-06-28 22:52:56,789 - {
    "DOMAIN": "hujidi.com", 
    "EXPIRATION": "2021-07-06 10:49:33", 
    "DAYS": "7 days, 11:56:37"
}
DEBUG 2021-06-28 22:54:24,328 - ####################################################################################################
DEBUG 2021-06-28 22:54:24,334 - DOMAIN INFO
INFO 2021-06-28 22:54:24,334 - {
    "DOMAIN": "bao5566.com", 
    "EXPIRATION": "2021-07-13 20:00:00", 
    "DAYS": "14 days, 21:05:36"
}
DEBUG 2021-06-28 22:54:25,928 - ####################################################################################################
DEBUG 2021-06-28 22:54:25,934 - DOMAIN INFO
INFO 2021-06-28 22:54:25,934 - {
    "DOMAIN": "www.bao5566.com", 
    "EXPIRATION": "2021-07-13 20:00:00", 
    "DAYS": "14 days, 21:05:35"
}
DEBUG 2021-06-28 23:02:48,162 - ####################################################################################################
DEBUG 2021-06-28 23:02:48,168 - DOMAIN INFO
INFO 2021-06-28 23:02:48,168 - {
    "DOMAIN": "wpc89.com", 
    "EXPIRATION": "2021-07-14 08:28:41", 
    "DAYS": "15 days, 9:25:53"
}
DEBUG 2021-06-28 23:02:48,482 - ####################################################################################################
DEBUG 2021-06-28 23:02:48,488 - DOMAIN INFO
INFO 2021-06-28 23:02:48,489 - {
    "DOMAIN": "www.wpc89.com", 
    "EXPIRATION": "2021-07-14 08:28:41", 
    "DAYS": "15 days, 9:25:53"
}
DEBUG 2021-06-28 23:08:11,982 - ####################################################################################################
DEBUG 2021-06-28 23:08:11,988 - DOMAIN INFO
INFO 2021-06-28 23:08:11,988 - {
    "DOMAIN": "www.12golf.com", 
    "EXPIRATION": "2021-07-15 08:50:36", 
    "DAYS": "16 days, 9:42:25"
}
DEBUG 2021-06-28 23:08:15,107 - ####################################################################################################
DEBUG 2021-06-28 23:08:15,114 - DOMAIN INFO
INFO 2021-06-28 23:08:15,114 - {
    "DOMAIN": "12golf.com", 
    "EXPIRATION": "2021-07-15 08:50:36", 
    "DAYS": "16 days, 9:42:21"
}
DEBUG 2021-06-28 23:53:05,709 - ####################################################################################################
DEBUG 2021-06-28 23:53:05,715 - DOMAIN INFO
INFO 2021-06-28 23:53:05,715 - {
    "DOMAIN": "hujidi.com", 
    "EXPIRATION": "2021-07-06 10:49:33", 
    "DAYS": "7 days, 10:56:28"
}
DEBUG 2021-06-28 23:54:28,012 - ####################################################################################################
DEBUG 2021-06-28 23:54:28,017 - DOMAIN INFO
INFO 2021-06-28 23:54:28,017 - {
    "DOMAIN": "bao5566.com", 
    "EXPIRATION": "2021-07-13 20:00:00", 
    "DAYS": "14 days, 20:05:32"
}
DEBUG 2021-06-28 23:54:28,190 - ####################################################################################################
DEBUG 2021-06-28 23:54:28,196 - DOMAIN INFO
INFO 2021-06-28 23:54:28,197 - {
    "DOMAIN": "www.bao5566.com", 
    "EXPIRATION": "2021-07-13 20:00:00", 
    "DAYS": "14 days, 20:05:32"
}
