DEBUG 2021-06-20 00:26:10,908 - ####################################################################################################
DEBUG 2021-06-20 00:26:10,914 - DOMAIN INFO
INFO 2021-06-20 00:26:10,915 - {
    "DOMAIN": "www.asiaroutes.com", 
    "EXPIRATION": "2021-06-23 16:11:35", 
    "DAYS": "3 days, 15:45:25"
}
DEBUG 2021-06-20 00:53:06,398 - ####################################################################################################
DEBUG 2021-06-20 00:53:06,404 - DOMAIN INFO
INFO 2021-06-20 00:53:06,404 - {
    "DOMAIN": "hujidi.com", 
    "EXPIRATION": "2021-07-06 10:49:33", 
    "DAYS": "16 days, 9:56:27"
}
DEBUG 2021-06-20 01:26:11,143 - ####################################################################################################
DEBUG 2021-06-20 01:26:11,149 - DOMAIN INFO
INFO 2021-06-20 01:26:11,149 - {
    "DOMAIN": "www.asiaroutes.com", 
    "EXPIRATION": "2021-06-23 16:11:35", 
    "DAYS": "3 days, 14:45:24"
}
DEBUG 2021-06-20 01:53:05,118 - ####################################################################################################
DEBUG 2021-06-20 01:53:05,124 - DOMAIN INFO
INFO 2021-06-20 01:53:05,124 - {
    "DOMAIN": "hujidi.com", 
    "EXPIRATION": "2021-07-06 10:49:33", 
    "DAYS": "16 days, 8:56:28"
}
DEBUG 2021-06-20 02:26:13,070 - ####################################################################################################
DEBUG 2021-06-20 02:26:13,076 - DOMAIN INFO
INFO 2021-06-20 02:26:13,076 - {
    "DOMAIN": "www.asiaroutes.com", 
    "EXPIRATION": "2021-06-23 16:11:35", 
    "DAYS": "3 days, 13:45:22"
}
DEBUG 2021-06-20 02:53:06,178 - ####################################################################################################
DEBUG 2021-06-20 02:53:06,184 - DOMAIN INFO
INFO 2021-06-20 02:53:06,184 - {
    "DOMAIN": "hujidi.com", 
    "EXPIRATION": "2021-07-06 10:49:33", 
    "DAYS": "16 days, 7:56:27"
}
DEBUG 2021-06-20 03:26:19,364 - ####################################################################################################
DEBUG 2021-06-20 03:26:19,371 - DOMAIN INFO
INFO 2021-06-20 03:26:19,371 - {
    "DOMAIN": "www.asiaroutes.com", 
    "EXPIRATION": "2021-06-23 16:11:35", 
    "DAYS": "3 days, 12:45:16"
}
DEBUG 2021-06-20 03:53:14,391 - ####################################################################################################
DEBUG 2021-06-20 03:53:14,396 - DOMAIN INFO
INFO 2021-06-20 03:53:14,397 - {
    "DOMAIN": "hujidi.com", 
    "EXPIRATION": "2021-07-06 10:49:33", 
    "DAYS": "16 days, 6:56:19"
}
DEBUG 2021-06-20 04:26:18,594 - ####################################################################################################
DEBUG 2021-06-20 04:26:18,600 - DOMAIN INFO
INFO 2021-06-20 04:26:18,600 - {
    "DOMAIN": "www.asiaroutes.com", 
    "EXPIRATION": "2021-06-23 16:11:35", 
    "DAYS": "3 days, 11:45:17"
}
DEBUG 2021-06-20 04:53:11,057 - ####################################################################################################
DEBUG 2021-06-20 04:53:11,063 - DOMAIN INFO
INFO 2021-06-20 04:53:11,063 - {
    "DOMAIN": "hujidi.com", 
    "EXPIRATION": "2021-07-06 10:49:33", 
    "DAYS": "16 days, 5:56:22"
}
DEBUG 2021-06-20 05:12:16,539 - ####################################################################################################
DEBUG 2021-06-20 05:12:16,545 - DOMAIN INFO
INFO 2021-06-20 05:12:16,545 - {
    "DOMAIN": "jiabo99.com", 
    "EXPIRATION": "2021-08-30 10:44:27", 
    "DAYS": "71 days, 5:32:11"
}
DEBUG 2021-06-20 05:12:17,271 - ####################################################################################################
DEBUG 2021-06-20 05:12:17,277 - DOMAIN INFO
INFO 2021-06-20 05:12:17,277 - {
    "DOMAIN": "hkc.glzhan.cn", 
    "EXPIRATION": "2021-08-10 20:00:00", 
    "DAYS": "51 days, 14:47:43"
}
DEBUG 2021-06-20 05:26:12,144 - ####################################################################################################
DEBUG 2021-06-20 05:26:12,150 - DOMAIN INFO
INFO 2021-06-20 05:26:12,151 - {
    "DOMAIN": "www.asiaroutes.com", 
    "EXPIRATION": "2021-06-23 16:11:35", 
    "DAYS": "3 days, 10:45:23"
}
DEBUG 2021-06-20 05:53:00,321 - ####################################################################################################
DEBUG 2021-06-20 05:53:00,327 - DOMAIN INFO
INFO 2021-06-20 05:53:00,327 - {
    "DOMAIN": "hujidi.com", 
    "EXPIRATION": "2021-07-06 10:49:33", 
    "DAYS": "16 days, 4:56:33"
}
DEBUG 2021-06-20 06:12:43,276 - ####################################################################################################
DEBUG 2021-06-20 06:12:43,281 - DOMAIN INFO
INFO 2021-06-20 06:12:43,282 - {
    "DOMAIN": "eu708.com", 
    "EXPIRATION": "2021-09-13 03:22:20", 
    "DAYS": "84 days, 21:09:37"
}
DEBUG 2021-06-20 06:12:43,843 - ####################################################################################################
DEBUG 2021-06-20 06:12:43,848 - DOMAIN INFO
INFO 2021-06-20 06:12:43,849 - {
    "DOMAIN": "xt090.com", 
    "EXPIRATION": "2021-08-30 08:04:53", 
    "DAYS": "71 days, 1:52:10"
}
DEBUG 2021-06-20 06:12:46,227 - ####################################################################################################
DEBUG 2021-06-20 06:12:46,233 - DOMAIN INFO
INFO 2021-06-20 06:12:46,233 - {
    "DOMAIN": "api.hotmeo.cn", 
    "EXPIRATION": "2021-12-04 07:59:59", 
    "DAYS": "167 days, 1:47:13"
}
DEBUG 2021-06-20 06:26:11,536 - ####################################################################################################
DEBUG 2021-06-20 06:26:11,541 - DOMAIN INFO
INFO 2021-06-20 06:26:11,541 - {
    "DOMAIN": "www.asiaroutes.com", 
    "EXPIRATION": "2021-06-23 16:11:35", 
    "DAYS": "3 days, 9:45:24"
}
DEBUG 2021-06-20 06:53:03,384 - ####################################################################################################
DEBUG 2021-06-20 06:53:03,390 - DOMAIN INFO
INFO 2021-06-20 06:53:03,391 - {
    "DOMAIN": "hujidi.com", 
    "EXPIRATION": "2021-07-06 10:49:33", 
    "DAYS": "16 days, 3:56:30"
}
DEBUG 2021-06-20 07:26:10,828 - ####################################################################################################
DEBUG 2021-06-20 07:26:10,834 - DOMAIN INFO
INFO 2021-06-20 07:26:10,834 - {
    "DOMAIN": "www.asiaroutes.com", 
    "EXPIRATION": "2021-06-23 16:11:35", 
    "DAYS": "3 days, 8:45:25"
}
DEBUG 2021-06-20 07:53:04,291 - ####################################################################################################
DEBUG 2021-06-20 07:53:04,297 - DOMAIN INFO
INFO 2021-06-20 07:53:04,297 - {
    "DOMAIN": "hujidi.com", 
    "EXPIRATION": "2021-07-06 10:49:33", 
    "DAYS": "16 days, 2:56:29"
}
DEBUG 2021-06-20 08:26:11,584 - ####################################################################################################
DEBUG 2021-06-20 08:26:11,591 - DOMAIN INFO
INFO 2021-06-20 08:26:11,591 - {
    "DOMAIN": "www.asiaroutes.com", 
    "EXPIRATION": "2021-06-23 16:11:35", 
    "DAYS": "3 days, 7:45:24"
}
DEBUG 2021-06-20 08:53:04,293 - ####################################################################################################
DEBUG 2021-06-20 08:53:04,299 - DOMAIN INFO
INFO 2021-06-20 08:53:04,299 - {
    "DOMAIN": "hujidi.com", 
    "EXPIRATION": "2021-07-06 10:49:33", 
    "DAYS": "16 days, 1:56:29"
}
DEBUG 2021-06-20 09:26:10,264 - ####################################################################################################
DEBUG 2021-06-20 09:26:10,270 - DOMAIN INFO
INFO 2021-06-20 09:26:10,270 - {
    "DOMAIN": "www.asiaroutes.com", 
    "EXPIRATION": "2021-06-23 16:11:35", 
    "DAYS": "3 days, 6:45:25"
}
DEBUG 2021-06-20 09:53:01,768 - ####################################################################################################
DEBUG 2021-06-20 09:53:01,774 - DOMAIN INFO
INFO 2021-06-20 09:53:01,774 - {
    "DOMAIN": "hujidi.com", 
    "EXPIRATION": "2021-07-06 10:49:33", 
    "DAYS": "16 days, 0:56:32"
}
DEBUG 2021-06-20 10:26:12,373 - ####################################################################################################
DEBUG 2021-06-20 10:26:12,380 - DOMAIN INFO
INFO 2021-06-20 10:26:12,380 - {
    "DOMAIN": "www.asiaroutes.com", 
    "EXPIRATION": "2021-06-23 16:11:35", 
    "DAYS": "3 days, 5:45:23"
}
DEBUG 2021-06-20 10:53:03,190 - ####################################################################################################
DEBUG 2021-06-20 10:53:03,196 - DOMAIN INFO
INFO 2021-06-20 10:53:03,196 - {
    "DOMAIN": "hujidi.com", 
    "EXPIRATION": "2021-07-06 10:49:33", 
    "DAYS": "15 days, 23:56:30"
}
DEBUG 2021-06-20 11:26:11,507 - ####################################################################################################
DEBUG 2021-06-20 11:26:11,514 - DOMAIN INFO
INFO 2021-06-20 11:26:11,515 - {
    "DOMAIN": "www.asiaroutes.com", 
    "EXPIRATION": "2021-06-23 16:11:35", 
    "DAYS": "3 days, 4:45:24"
}
DEBUG 2021-06-20 11:53:07,376 - ####################################################################################################
DEBUG 2021-06-20 11:53:07,382 - DOMAIN INFO
INFO 2021-06-20 11:53:07,382 - {
    "DOMAIN": "hujidi.com", 
    "EXPIRATION": "2021-07-06 10:49:33", 
    "DAYS": "15 days, 22:56:26"
}
DEBUG 2021-06-20 12:26:09,932 - ####################################################################################################
DEBUG 2021-06-20 12:26:09,938 - DOMAIN INFO
INFO 2021-06-20 12:26:09,938 - {
    "DOMAIN": "www.asiaroutes.com", 
    "EXPIRATION": "2021-06-23 16:11:35", 
    "DAYS": "3 days, 3:45:26"
}
DEBUG 2021-06-20 12:53:06,467 - ####################################################################################################
DEBUG 2021-06-20 12:53:06,472 - DOMAIN INFO
INFO 2021-06-20 12:53:06,473 - {
    "DOMAIN": "hujidi.com", 
    "EXPIRATION": "2021-07-06 10:49:33", 
    "DAYS": "15 days, 21:56:27"
}
DEBUG 2021-06-20 13:26:08,483 - ####################################################################################################
DEBUG 2021-06-20 13:26:08,489 - DOMAIN INFO
INFO 2021-06-20 13:26:08,490 - {
    "DOMAIN": "www.asiaroutes.com", 
    "EXPIRATION": "2021-06-23 16:11:35", 
    "DAYS": "3 days, 2:45:27"
}
DEBUG 2021-06-20 13:53:05,329 - ####################################################################################################
DEBUG 2021-06-20 13:53:05,336 - DOMAIN INFO
INFO 2021-06-20 13:53:05,336 - {
    "DOMAIN": "hujidi.com", 
    "EXPIRATION": "2021-07-06 10:49:33", 
    "DAYS": "15 days, 20:56:28"
}
DEBUG 2021-06-20 14:26:13,617 - ####################################################################################################
DEBUG 2021-06-20 14:26:13,623 - DOMAIN INFO
INFO 2021-06-20 14:26:13,624 - {
    "DOMAIN": "www.asiaroutes.com", 
    "EXPIRATION": "2021-06-23 16:11:35", 
    "DAYS": "3 days, 1:45:22"
}
DEBUG 2021-06-20 14:53:06,603 - ####################################################################################################
DEBUG 2021-06-20 14:53:06,609 - DOMAIN INFO
INFO 2021-06-20 14:53:06,610 - {
    "DOMAIN": "hujidi.com", 
    "EXPIRATION": "2021-07-06 10:49:33", 
    "DAYS": "15 days, 19:56:27"
}
DEBUG 2021-06-20 15:26:10,916 - ####################################################################################################
DEBUG 2021-06-20 15:26:10,922 - DOMAIN INFO
INFO 2021-06-20 15:26:10,923 - {
    "DOMAIN": "www.asiaroutes.com", 
    "EXPIRATION": "2021-06-23 16:11:35", 
    "DAYS": "3 days, 0:45:25"
}
DEBUG 2021-06-20 15:53:05,050 - ####################################################################################################
DEBUG 2021-06-20 15:53:05,056 - DOMAIN INFO
INFO 2021-06-20 15:53:05,056 - {
    "DOMAIN": "hujidi.com", 
    "EXPIRATION": "2021-07-06 10:49:33", 
    "DAYS": "15 days, 18:56:28"
}
DEBUG 2021-06-20 16:26:10,028 - ####################################################################################################
DEBUG 2021-06-20 16:26:10,033 - DOMAIN INFO
INFO 2021-06-20 16:26:10,034 - {
    "DOMAIN": "www.asiaroutes.com", 
    "EXPIRATION": "2021-06-23 16:11:35", 
    "DAYS": "2 days, 23:45:25"
}
DEBUG 2021-06-20 16:53:02,751 - ####################################################################################################
DEBUG 2021-06-20 16:53:02,758 - DOMAIN INFO
INFO 2021-06-20 16:53:02,758 - {
    "DOMAIN": "hujidi.com", 
    "EXPIRATION": "2021-07-06 10:49:33", 
    "DAYS": "15 days, 17:56:31"
}
DEBUG 2021-06-20 17:26:12,480 - ####################################################################################################
DEBUG 2021-06-20 17:26:12,487 - DOMAIN INFO
INFO 2021-06-20 17:26:12,487 - {
    "DOMAIN": "www.asiaroutes.com", 
    "EXPIRATION": "2021-06-23 16:11:35", 
    "DAYS": "2 days, 22:45:23"
}
DEBUG 2021-06-20 17:53:06,540 - ####################################################################################################
DEBUG 2021-06-20 17:53:06,545 - DOMAIN INFO
INFO 2021-06-20 17:53:06,546 - {
    "DOMAIN": "hujidi.com", 
    "EXPIRATION": "2021-07-06 10:49:33", 
    "DAYS": "15 days, 16:56:27"
}
DEBUG 2021-06-20 18:26:08,611 - ####################################################################################################
DEBUG 2021-06-20 18:26:08,616 - DOMAIN INFO
INFO 2021-06-20 18:26:08,617 - {
    "DOMAIN": "www.asiaroutes.com", 
    "EXPIRATION": "2021-06-23 16:11:35", 
    "DAYS": "2 days, 21:45:27"
}
DEBUG 2021-06-20 18:53:07,033 - ####################################################################################################
DEBUG 2021-06-20 18:53:07,039 - DOMAIN INFO
INFO 2021-06-20 18:53:07,039 - {
    "DOMAIN": "hujidi.com", 
    "EXPIRATION": "2021-07-06 10:49:33", 
    "DAYS": "15 days, 15:56:26"
}
DEBUG 2021-06-20 19:26:13,285 - ####################################################################################################
DEBUG 2021-06-20 19:26:13,292 - DOMAIN INFO
INFO 2021-06-20 19:26:13,292 - {
    "DOMAIN": "www.asiaroutes.com", 
    "EXPIRATION": "2021-06-23 16:11:35", 
    "DAYS": "2 days, 20:45:22"
}
DEBUG 2021-06-20 19:53:04,047 - ####################################################################################################
DEBUG 2021-06-20 19:53:04,053 - DOMAIN INFO
INFO 2021-06-20 19:53:04,053 - {
    "DOMAIN": "hujidi.com", 
    "EXPIRATION": "2021-07-06 10:49:33", 
    "DAYS": "15 days, 14:56:29"
}
DEBUG 2021-06-20 20:26:13,248 - ####################################################################################################
DEBUG 2021-06-20 20:26:13,254 - DOMAIN INFO
INFO 2021-06-20 20:26:13,254 - {
    "DOMAIN": "www.asiaroutes.com", 
    "EXPIRATION": "2021-06-23 16:11:35", 
    "DAYS": "2 days, 19:45:22"
}
DEBUG 2021-06-20 20:53:04,089 - ####################################################################################################
DEBUG 2021-06-20 20:53:04,096 - DOMAIN INFO
INFO 2021-06-20 20:53:04,096 - {
    "DOMAIN": "hujidi.com", 
    "EXPIRATION": "2021-07-06 10:49:33", 
    "DAYS": "15 days, 13:56:29"
}
DEBUG 2021-06-20 21:26:13,796 - ####################################################################################################
DEBUG 2021-06-20 21:26:13,802 - DOMAIN INFO
INFO 2021-06-20 21:26:13,802 - {
    "DOMAIN": "www.asiaroutes.com", 
    "EXPIRATION": "2021-06-23 16:11:35", 
    "DAYS": "2 days, 18:45:22"
}
DEBUG 2021-06-20 21:53:07,092 - ####################################################################################################
DEBUG 2021-06-20 21:53:07,098 - DOMAIN INFO
INFO 2021-06-20 21:53:07,099 - {
    "DOMAIN": "hujidi.com", 
    "EXPIRATION": "2021-07-06 10:49:33", 
    "DAYS": "15 days, 12:56:26"
}
DEBUG 2021-06-20 22:26:12,810 - ####################################################################################################
DEBUG 2021-06-20 22:26:12,816 - DOMAIN INFO
INFO 2021-06-20 22:26:12,816 - {
    "DOMAIN": "www.asiaroutes.com", 
    "EXPIRATION": "2021-06-23 16:11:35", 
    "DAYS": "2 days, 17:45:23"
}
DEBUG 2021-06-20 22:53:32,324 - ####################################################################################################
DEBUG 2021-06-20 22:53:32,331 - DOMAIN ERROR
INFO 2021-06-20 22:53:32,331 - {
    "DOMAIN": "hujidi.com", 
    "DOMAIN_CURL": 0, 
    "ERROR": "[Errno 110] Connection timed out"
}
DEBUG 2021-06-20 23:26:13,607 - ####################################################################################################
DEBUG 2021-06-20 23:26:13,613 - DOMAIN INFO
INFO 2021-06-20 23:26:13,613 - {
    "DOMAIN": "www.asiaroutes.com", 
    "EXPIRATION": "2021-06-23 16:11:35", 
    "DAYS": "2 days, 16:45:22"
}
DEBUG 2021-06-20 23:52:52,851 - ####################################################################################################
DEBUG 2021-06-20 23:52:52,855 - DOMAIN INFO
INFO 2021-06-20 23:52:52,856 - {
    "DOMAIN": "hujidi.com", 
    "EXPIRATION": "2021-07-06 10:49:33", 
    "DAYS": "15 days, 10:56:41"
}
