DEBUG 2021-10-24 00:09:05,073 - ####################################################################################################
DEBUG 2021-10-24 00:09:05,079 - DOMAIN DISCOVER
INFO 2021-10-24 00:09:05,080 - {
    "data": [
        {
            "{#DOMAINSSL}": "mg.snapplog.com"
        }, 
        {
            "{#DOMAINSSL}": "jubolai.com"
        }, 
        {
            "{#DOMAINSSL}": "mgb.snapplog.com"
        }, 
        {
            "{#DOMAINSSL}": "mgbtest.snapplog.com"
        }, 
        {
            "{#DOMAINSSL}": "vpn19.com"
        }, 
        {
            "{#DOMAINSSL}": "jiabbo98.net"
        }, 
        {
            "{#DOMAINSSL}": "jiabo28.net"
        }, 
        {
            "{#DOMAINSSL}": "gstechhk.com"
        }, 
        {
            "{#DOMAINSSL}": "yishengbet.com"
        }
    ]
}
DEBUG 2021-10-24 01:09:09,161 - ####################################################################################################
DEBUG 2021-10-24 01:09:09,167 - DOMAIN DISCOVER
INFO 2021-10-24 01:09:09,167 - {
    "data": [
        {
            "{#DOMAINSSL}": "mg.snapplog.com"
        }, 
        {
            "{#DOMAINSSL}": "jubolai.com"
        }, 
        {
            "{#DOMAINSSL}": "mgb.snapplog.com"
        }, 
        {
            "{#DOMAINSSL}": "mgbtest.snapplog.com"
        }, 
        {
            "{#DOMAINSSL}": "vpn19.com"
        }, 
        {
            "{#DOMAINSSL}": "jiabbo98.net"
        }, 
        {
            "{#DOMAINSSL}": "jiabo28.net"
        }, 
        {
            "{#DOMAINSSL}": "gstechhk.com"
        }, 
        {
            "{#DOMAINSSL}": "yishengbet.com"
        }
    ]
}
DEBUG 2021-10-24 02:09:07,619 - ####################################################################################################
DEBUG 2021-10-24 02:09:07,625 - DOMAIN DISCOVER
INFO 2021-10-24 02:09:07,625 - {
    "data": [
        {
            "{#DOMAINSSL}": "mg.snapplog.com"
        }, 
        {
            "{#DOMAINSSL}": "jubolai.com"
        }, 
        {
            "{#DOMAINSSL}": "mgb.snapplog.com"
        }, 
        {
            "{#DOMAINSSL}": "mgbtest.snapplog.com"
        }, 
        {
            "{#DOMAINSSL}": "vpn19.com"
        }, 
        {
            "{#DOMAINSSL}": "jiabbo98.net"
        }, 
        {
            "{#DOMAINSSL}": "jiabo28.net"
        }, 
        {
            "{#DOMAINSSL}": "gstechhk.com"
        }, 
        {
            "{#DOMAINSSL}": "yishengbet.com"
        }
    ]
}
DEBUG 2021-10-24 03:09:08,632 - ####################################################################################################
DEBUG 2021-10-24 03:09:08,638 - DOMAIN DISCOVER
INFO 2021-10-24 03:09:08,639 - {
    "data": [
        {
            "{#DOMAINSSL}": "mg.snapplog.com"
        }, 
        {
            "{#DOMAINSSL}": "jubolai.com"
        }, 
        {
            "{#DOMAINSSL}": "mgb.snapplog.com"
        }, 
        {
            "{#DOMAINSSL}": "mgbtest.snapplog.com"
        }, 
        {
            "{#DOMAINSSL}": "vpn19.com"
        }, 
        {
            "{#DOMAINSSL}": "jiabbo98.net"
        }, 
        {
            "{#DOMAINSSL}": "jiabo28.net"
        }, 
        {
            "{#DOMAINSSL}": "gstechhk.com"
        }, 
        {
            "{#DOMAINSSL}": "yishengbet.com"
        }
    ]
}
DEBUG 2021-10-24 04:09:10,832 - ####################################################################################################
DEBUG 2021-10-24 04:09:10,838 - DOMAIN DISCOVER
INFO 2021-10-24 04:09:10,838 - {
    "data": [
        {
            "{#DOMAINSSL}": "mg.snapplog.com"
        }, 
        {
            "{#DOMAINSSL}": "jubolai.com"
        }, 
        {
            "{#DOMAINSSL}": "mgb.snapplog.com"
        }, 
        {
            "{#DOMAINSSL}": "mgbtest.snapplog.com"
        }, 
        {
            "{#DOMAINSSL}": "vpn19.com"
        }, 
        {
            "{#DOMAINSSL}": "jiabbo98.net"
        }, 
        {
            "{#DOMAINSSL}": "jiabo28.net"
        }, 
        {
            "{#DOMAINSSL}": "gstechhk.com"
        }, 
        {
            "{#DOMAINSSL}": "yishengbet.com"
        }
    ]
}
DEBUG 2021-10-24 05:09:13,098 - ####################################################################################################
DEBUG 2021-10-24 05:09:13,105 - DOMAIN DISCOVER
INFO 2021-10-24 05:09:13,106 - {
    "data": [
        {
            "{#DOMAINSSL}": "mg.snapplog.com"
        }, 
        {
            "{#DOMAINSSL}": "jubolai.com"
        }, 
        {
            "{#DOMAINSSL}": "mgb.snapplog.com"
        }, 
        {
            "{#DOMAINSSL}": "mgbtest.snapplog.com"
        }, 
        {
            "{#DOMAINSSL}": "vpn19.com"
        }, 
        {
            "{#DOMAINSSL}": "jiabbo98.net"
        }, 
        {
            "{#DOMAINSSL}": "jiabo28.net"
        }, 
        {
            "{#DOMAINSSL}": "gstechhk.com"
        }, 
        {
            "{#DOMAINSSL}": "yishengbet.com"
        }
    ]
}
DEBUG 2021-10-24 06:09:07,284 - ####################################################################################################
DEBUG 2021-10-24 06:09:07,289 - DOMAIN DISCOVER
INFO 2021-10-24 06:09:07,290 - {
    "data": [
        {
            "{#DOMAINSSL}": "mg.snapplog.com"
        }, 
        {
            "{#DOMAINSSL}": "delivip1.com"
        }, 
        {
            "{#DOMAINSSL}": "138eu.net"
        }, 
        {
            "{#DOMAINSSL}": "jubolai.com"
        }, 
        {
            "{#DOMAINSSL}": "mgb.snapplog.com"
        }, 
        {
            "{#DOMAINSSL}": "mgbtest.snapplog.com"
        }, 
        {
            "{#DOMAINSSL}": "vpn19.com"
        }, 
        {
            "{#DOMAINSSL}": "jiabbo98.net"
        }, 
        {
            "{#DOMAINSSL}": "jiabo28.net"
        }, 
        {
            "{#DOMAINSSL}": "gstechhk.com"
        }, 
        {
            "{#DOMAINSSL}": "yishengbet.com"
        }
    ]
}
DEBUG 2021-10-24 07:09:08,293 - ####################################################################################################
DEBUG 2021-10-24 07:09:08,299 - DOMAIN DISCOVER
INFO 2021-10-24 07:09:08,299 - {
    "data": [
        {
            "{#DOMAINSSL}": "mg.snapplog.com"
        }, 
        {
            "{#DOMAINSSL}": "delivip1.com"
        }, 
        {
            "{#DOMAINSSL}": "138eu.net"
        }, 
        {
            "{#DOMAINSSL}": "jubolai.com"
        }, 
        {
            "{#DOMAINSSL}": "mgb.snapplog.com"
        }, 
        {
            "{#DOMAINSSL}": "mgbtest.snapplog.com"
        }, 
        {
            "{#DOMAINSSL}": "vpn19.com"
        }, 
        {
            "{#DOMAINSSL}": "jiabbo98.net"
        }, 
        {
            "{#DOMAINSSL}": "jiabo28.net"
        }, 
        {
            "{#DOMAINSSL}": "gstechhk.com"
        }, 
        {
            "{#DOMAINSSL}": "yishengbet.com"
        }
    ]
}
DEBUG 2021-10-24 08:09:08,739 - ####################################################################################################
DEBUG 2021-10-24 08:09:08,746 - DOMAIN DISCOVER
INFO 2021-10-24 08:09:08,746 - {
    "data": [
        {
            "{#DOMAINSSL}": "mg.snapplog.com"
        }, 
        {
            "{#DOMAINSSL}": "delivip1.com"
        }, 
        {
            "{#DOMAINSSL}": "138eu.net"
        }, 
        {
            "{#DOMAINSSL}": "jubolai.com"
        }, 
        {
            "{#DOMAINSSL}": "mgb.snapplog.com"
        }, 
        {
            "{#DOMAINSSL}": "mgbtest.snapplog.com"
        }, 
        {
            "{#DOMAINSSL}": "vpn19.com"
        }, 
        {
            "{#DOMAINSSL}": "jiabbo98.net"
        }, 
        {
            "{#DOMAINSSL}": "jiabo28.net"
        }, 
        {
            "{#DOMAINSSL}": "gstechhk.com"
        }, 
        {
            "{#DOMAINSSL}": "yishengbet.com"
        }
    ]
}
DEBUG 2021-10-24 09:09:06,511 - ####################################################################################################
DEBUG 2021-10-24 09:09:06,518 - DOMAIN DISCOVER
INFO 2021-10-24 09:09:06,518 - {
    "data": [
        {
            "{#DOMAINSSL}": "mg.snapplog.com"
        }, 
        {
            "{#DOMAINSSL}": "delivip1.com"
        }, 
        {
            "{#DOMAINSSL}": "138eu.net"
        }, 
        {
            "{#DOMAINSSL}": "jubolai.com"
        }, 
        {
            "{#DOMAINSSL}": "mgb.snapplog.com"
        }, 
        {
            "{#DOMAINSSL}": "mgbtest.snapplog.com"
        }, 
        {
            "{#DOMAINSSL}": "vpn19.com"
        }, 
        {
            "{#DOMAINSSL}": "jiabbo98.net"
        }, 
        {
            "{#DOMAINSSL}": "jiabo28.net"
        }, 
        {
            "{#DOMAINSSL}": "gstechhk.com"
        }, 
        {
            "{#DOMAINSSL}": "yishengbet.com"
        }
    ]
}
DEBUG 2021-10-24 10:09:08,492 - ####################################################################################################
DEBUG 2021-10-24 10:09:08,498 - DOMAIN DISCOVER
INFO 2021-10-24 10:09:08,498 - {
    "data": [
        {
            "{#DOMAINSSL}": "mg.snapplog.com"
        }, 
        {
            "{#DOMAINSSL}": "delivip1.com"
        }, 
        {
            "{#DOMAINSSL}": "138eu.net"
        }, 
        {
            "{#DOMAINSSL}": "jubolai.com"
        }, 
        {
            "{#DOMAINSSL}": "mgb.snapplog.com"
        }, 
        {
            "{#DOMAINSSL}": "mgbtest.snapplog.com"
        }, 
        {
            "{#DOMAINSSL}": "vpn19.com"
        }, 
        {
            "{#DOMAINSSL}": "jiabbo98.net"
        }, 
        {
            "{#DOMAINSSL}": "jiabo28.net"
        }, 
        {
            "{#DOMAINSSL}": "gstechhk.com"
        }, 
        {
            "{#DOMAINSSL}": "yishengbet.com"
        }
    ]
}
DEBUG 2021-10-24 11:09:08,665 - ####################################################################################################
DEBUG 2021-10-24 11:09:08,671 - DOMAIN DISCOVER
INFO 2021-10-24 11:09:08,671 - {
    "data": [
        {
            "{#DOMAINSSL}": "mg.snapplog.com"
        }, 
        {
            "{#DOMAINSSL}": "delivip1.com"
        }, 
        {
            "{#DOMAINSSL}": "138eu.net"
        }, 
        {
            "{#DOMAINSSL}": "jubolai.com"
        }, 
        {
            "{#DOMAINSSL}": "mgb.snapplog.com"
        }, 
        {
            "{#DOMAINSSL}": "mgbtest.snapplog.com"
        }, 
        {
            "{#DOMAINSSL}": "vpn19.com"
        }, 
        {
            "{#DOMAINSSL}": "jiabbo98.net"
        }, 
        {
            "{#DOMAINSSL}": "jiabo28.net"
        }, 
        {
            "{#DOMAINSSL}": "gstechhk.com"
        }, 
        {
            "{#DOMAINSSL}": "yishengbet.com"
        }
    ]
}
DEBUG 2021-10-24 12:09:07,527 - ####################################################################################################
DEBUG 2021-10-24 12:09:07,533 - DOMAIN DISCOVER
INFO 2021-10-24 12:09:07,534 - {
    "data": [
        {
            "{#DOMAINSSL}": "mg.snapplog.com"
        }, 
        {
            "{#DOMAINSSL}": "delivip1.com"
        }, 
        {
            "{#DOMAINSSL}": "138eu.net"
        }, 
        {
            "{#DOMAINSSL}": "jubolai.com"
        }, 
        {
            "{#DOMAINSSL}": "mgb.snapplog.com"
        }, 
        {
            "{#DOMAINSSL}": "mgbtest.snapplog.com"
        }, 
        {
            "{#DOMAINSSL}": "vpn19.com"
        }, 
        {
            "{#DOMAINSSL}": "jiabbo98.net"
        }, 
        {
            "{#DOMAINSSL}": "jiabo28.net"
        }, 
        {
            "{#DOMAINSSL}": "gstechhk.com"
        }, 
        {
            "{#DOMAINSSL}": "yishengbet.com"
        }
    ]
}
DEBUG 2021-10-24 13:09:06,829 - ####################################################################################################
DEBUG 2021-10-24 13:09:06,837 - DOMAIN DISCOVER
INFO 2021-10-24 13:09:06,837 - {
    "data": [
        {
            "{#DOMAINSSL}": "mg.snapplog.com"
        }, 
        {
            "{#DOMAINSSL}": "delivip1.com"
        }, 
        {
            "{#DOMAINSSL}": "138eu.net"
        }, 
        {
            "{#DOMAINSSL}": "jubolai.com"
        }, 
        {
            "{#DOMAINSSL}": "mgb.snapplog.com"
        }, 
        {
            "{#DOMAINSSL}": "mgbtest.snapplog.com"
        }, 
        {
            "{#DOMAINSSL}": "vpn19.com"
        }, 
        {
            "{#DOMAINSSL}": "jiabbo98.net"
        }, 
        {
            "{#DOMAINSSL}": "jiabo28.net"
        }, 
        {
            "{#DOMAINSSL}": "gstechhk.com"
        }, 
        {
            "{#DOMAINSSL}": "yishengbet.com"
        }
    ]
}
DEBUG 2021-10-24 14:09:09,387 - ####################################################################################################
DEBUG 2021-10-24 14:09:09,393 - DOMAIN DISCOVER
INFO 2021-10-24 14:09:09,394 - {
    "data": [
        {
            "{#DOMAINSSL}": "mg.snapplog.com"
        }, 
        {
            "{#DOMAINSSL}": "delivip1.com"
        }, 
        {
            "{#DOMAINSSL}": "138eu.net"
        }, 
        {
            "{#DOMAINSSL}": "jubolai.com"
        }, 
        {
            "{#DOMAINSSL}": "mgb.snapplog.com"
        }, 
        {
            "{#DOMAINSSL}": "mgbtest.snapplog.com"
        }, 
        {
            "{#DOMAINSSL}": "vpn19.com"
        }, 
        {
            "{#DOMAINSSL}": "jiabbo98.net"
        }, 
        {
            "{#DOMAINSSL}": "jiabo28.net"
        }, 
        {
            "{#DOMAINSSL}": "gstechhk.com"
        }, 
        {
            "{#DOMAINSSL}": "yishengbet.com"
        }
    ]
}
DEBUG 2021-10-24 15:09:08,273 - ####################################################################################################
DEBUG 2021-10-24 15:09:08,280 - DOMAIN DISCOVER
INFO 2021-10-24 15:09:08,280 - {
    "data": [
        {
            "{#DOMAINSSL}": "mg.snapplog.com"
        }, 
        {
            "{#DOMAINSSL}": "delivip1.com"
        }, 
        {
            "{#DOMAINSSL}": "138eu.net"
        }, 
        {
            "{#DOMAINSSL}": "jubolai.com"
        }, 
        {
            "{#DOMAINSSL}": "mgb.snapplog.com"
        }, 
        {
            "{#DOMAINSSL}": "mgbtest.snapplog.com"
        }, 
        {
            "{#DOMAINSSL}": "vpn19.com"
        }, 
        {
            "{#DOMAINSSL}": "jiabbo98.net"
        }, 
        {
            "{#DOMAINSSL}": "jiabo28.net"
        }, 
        {
            "{#DOMAINSSL}": "gstechhk.com"
        }, 
        {
            "{#DOMAINSSL}": "yishengbet.com"
        }
    ]
}
DEBUG 2021-10-24 16:09:08,523 - ####################################################################################################
DEBUG 2021-10-24 16:09:08,529 - DOMAIN DISCOVER
INFO 2021-10-24 16:09:08,530 - {
    "data": [
        {
            "{#DOMAINSSL}": "mg.snapplog.com"
        }, 
        {
            "{#DOMAINSSL}": "delivip1.com"
        }, 
        {
            "{#DOMAINSSL}": "138eu.net"
        }, 
        {
            "{#DOMAINSSL}": "jubolai.com"
        }, 
        {
            "{#DOMAINSSL}": "mgb.snapplog.com"
        }, 
        {
            "{#DOMAINSSL}": "mgbtest.snapplog.com"
        }, 
        {
            "{#DOMAINSSL}": "vpn19.com"
        }, 
        {
            "{#DOMAINSSL}": "jiabbo98.net"
        }, 
        {
            "{#DOMAINSSL}": "jiabo28.net"
        }, 
        {
            "{#DOMAINSSL}": "gstechhk.com"
        }, 
        {
            "{#DOMAINSSL}": "yishengbet.com"
        }
    ]
}
DEBUG 2021-10-24 17:09:06,854 - ####################################################################################################
DEBUG 2021-10-24 17:09:06,861 - DOMAIN DISCOVER
INFO 2021-10-24 17:09:06,862 - {
    "data": [
        {
            "{#DOMAINSSL}": "mg.snapplog.com"
        }, 
        {
            "{#DOMAINSSL}": "delivip1.com"
        }, 
        {
            "{#DOMAINSSL}": "138eu.net"
        }, 
        {
            "{#DOMAINSSL}": "jubolai.com"
        }, 
        {
            "{#DOMAINSSL}": "mgb.snapplog.com"
        }, 
        {
            "{#DOMAINSSL}": "mgbtest.snapplog.com"
        }, 
        {
            "{#DOMAINSSL}": "vpn19.com"
        }, 
        {
            "{#DOMAINSSL}": "jiabbo98.net"
        }, 
        {
            "{#DOMAINSSL}": "jiabo28.net"
        }, 
        {
            "{#DOMAINSSL}": "gstechhk.com"
        }, 
        {
            "{#DOMAINSSL}": "yishengbet.com"
        }
    ]
}
DEBUG 2021-10-24 18:09:09,580 - ####################################################################################################
DEBUG 2021-10-24 18:09:09,587 - DOMAIN DISCOVER
INFO 2021-10-24 18:09:09,587 - {
    "data": [
        {
            "{#DOMAINSSL}": "mg.snapplog.com"
        }, 
        {
            "{#DOMAINSSL}": "delivip1.com"
        }, 
        {
            "{#DOMAINSSL}": "138eu.net"
        }, 
        {
            "{#DOMAINSSL}": "jubolai.com"
        }, 
        {
            "{#DOMAINSSL}": "mgb.snapplog.com"
        }, 
        {
            "{#DOMAINSSL}": "mgbtest.snapplog.com"
        }, 
        {
            "{#DOMAINSSL}": "vpn19.com"
        }, 
        {
            "{#DOMAINSSL}": "jiabbo98.net"
        }, 
        {
            "{#DOMAINSSL}": "jiabo28.net"
        }, 
        {
            "{#DOMAINSSL}": "gstechhk.com"
        }, 
        {
            "{#DOMAINSSL}": "yishengbet.com"
        }
    ]
}
DEBUG 2021-10-24 19:09:06,668 - ####################################################################################################
DEBUG 2021-10-24 19:09:06,674 - DOMAIN DISCOVER
INFO 2021-10-24 19:09:06,674 - {
    "data": [
        {
            "{#DOMAINSSL}": "mg.snapplog.com"
        }, 
        {
            "{#DOMAINSSL}": "delivip1.com"
        }, 
        {
            "{#DOMAINSSL}": "138eu.net"
        }, 
        {
            "{#DOMAINSSL}": "jubolai.com"
        }, 
        {
            "{#DOMAINSSL}": "mgb.snapplog.com"
        }, 
        {
            "{#DOMAINSSL}": "mgbtest.snapplog.com"
        }, 
        {
            "{#DOMAINSSL}": "vpn19.com"
        }, 
        {
            "{#DOMAINSSL}": "jiabbo98.net"
        }, 
        {
            "{#DOMAINSSL}": "jiabo28.net"
        }, 
        {
            "{#DOMAINSSL}": "gstechhk.com"
        }, 
        {
            "{#DOMAINSSL}": "yishengbet.com"
        }
    ]
}
DEBUG 2021-10-24 20:09:04,132 - ####################################################################################################
DEBUG 2021-10-24 20:09:04,137 - DOMAIN DISCOVER
INFO 2021-10-24 20:09:04,138 - {
    "data": [
        {
            "{#DOMAINSSL}": "mg.snapplog.com"
        }, 
        {
            "{#DOMAINSSL}": "delivip1.com"
        }, 
        {
            "{#DOMAINSSL}": "138eu.net"
        }, 
        {
            "{#DOMAINSSL}": "jubolai.com"
        }, 
        {
            "{#DOMAINSSL}": "mgb.snapplog.com"
        }, 
        {
            "{#DOMAINSSL}": "mgbtest.snapplog.com"
        }, 
        {
            "{#DOMAINSSL}": "vpn19.com"
        }, 
        {
            "{#DOMAINSSL}": "jiabbo98.net"
        }, 
        {
            "{#DOMAINSSL}": "jiabo28.net"
        }, 
        {
            "{#DOMAINSSL}": "gstechhk.com"
        }, 
        {
            "{#DOMAINSSL}": "yishengbet.com"
        }
    ]
}
DEBUG 2021-10-24 21:09:09,358 - ####################################################################################################
DEBUG 2021-10-24 21:09:09,364 - DOMAIN DISCOVER
INFO 2021-10-24 21:09:09,364 - {
    "data": [
        {
            "{#DOMAINSSL}": "mg.snapplog.com"
        }, 
        {
            "{#DOMAINSSL}": "delivip1.com"
        }, 
        {
            "{#DOMAINSSL}": "138eu.net"
        }, 
        {
            "{#DOMAINSSL}": "jubolai.com"
        }, 
        {
            "{#DOMAINSSL}": "mgb.snapplog.com"
        }, 
        {
            "{#DOMAINSSL}": "mgbtest.snapplog.com"
        }, 
        {
            "{#DOMAINSSL}": "vpn19.com"
        }, 
        {
            "{#DOMAINSSL}": "jiabbo98.net"
        }, 
        {
            "{#DOMAINSSL}": "jiabo28.net"
        }, 
        {
            "{#DOMAINSSL}": "gstechhk.com"
        }, 
        {
            "{#DOMAINSSL}": "yishengbet.com"
        }
    ]
}
DEBUG 2021-10-24 22:09:08,363 - ####################################################################################################
DEBUG 2021-10-24 22:09:08,369 - DOMAIN DISCOVER
INFO 2021-10-24 22:09:08,369 - {
    "data": [
        {
            "{#DOMAINSSL}": "mg.snapplog.com"
        }, 
        {
            "{#DOMAINSSL}": "delivip1.com"
        }, 
        {
            "{#DOMAINSSL}": "138eu.net"
        }, 
        {
            "{#DOMAINSSL}": "jubolai.com"
        }, 
        {
            "{#DOMAINSSL}": "mgb.snapplog.com"
        }, 
        {
            "{#DOMAINSSL}": "mgbtest.snapplog.com"
        }, 
        {
            "{#DOMAINSSL}": "vpn19.com"
        }, 
        {
            "{#DOMAINSSL}": "jiabbo98.net"
        }, 
        {
            "{#DOMAINSSL}": "jiabo28.net"
        }, 
        {
            "{#DOMAINSSL}": "gstechhk.com"
        }, 
        {
            "{#DOMAINSSL}": "yishengbet.com"
        }
    ]
}
DEBUG 2021-10-24 23:09:08,577 - ####################################################################################################
DEBUG 2021-10-24 23:09:08,584 - DOMAIN DISCOVER
INFO 2021-10-24 23:09:08,584 - {
    "data": [
        {
            "{#DOMAINSSL}": "mg.snapplog.com"
        }, 
        {
            "{#DOMAINSSL}": "delivip1.com"
        }, 
        {
            "{#DOMAINSSL}": "138eu.net"
        }, 
        {
            "{#DOMAINSSL}": "jubolai.com"
        }, 
        {
            "{#DOMAINSSL}": "mgb.snapplog.com"
        }, 
        {
            "{#DOMAINSSL}": "mgbtest.snapplog.com"
        }, 
        {
            "{#DOMAINSSL}": "vpn19.com"
        }, 
        {
            "{#DOMAINSSL}": "jiabbo98.net"
        }, 
        {
            "{#DOMAINSSL}": "jiabo28.net"
        }, 
        {
            "{#DOMAINSSL}": "gstechhk.com"
        }, 
        {
            "{#DOMAINSSL}": "yishengbet.com"
        }
    ]
}
