DEBUG 2021-10-05 00:09:18,943 - ####################################################################################################
DEBUG 2021-10-05 00:09:18,949 - DOMAIN DISCOVER
INFO 2021-10-05 00:09:18,949 - {
    "data": [
        {
            "{#DOMAINSSL}": "www.gochat900.com"
        }
    ]
}
DEBUG 2021-10-05 01:09:09,416 - ####################################################################################################
DEBUG 2021-10-05 01:09:09,422 - DOMAIN DISCOVER
INFO 2021-10-05 01:09:09,422 - {
    "data": [
        {
            "{#DOMAINSSL}": "www.gochat900.com"
        }
    ]
}
DEBUG 2021-10-05 02:09:08,891 - ####################################################################################################
DEBUG 2021-10-05 02:09:08,896 - DOMAIN DISCOVER
INFO 2021-10-05 02:09:08,897 - {
    "data": [
        {
            "{#DOMAINSSL}": "www.gochat900.com"
        }
    ]
}
DEBUG 2021-10-05 03:08:57,671 - ####################################################################################################
DEBUG 2021-10-05 03:08:57,676 - DOMAIN DISCOVER
INFO 2021-10-05 03:08:57,677 - {
    "data": [
        {
            "{#DOMAINSSL}": "www.gochat900.com"
        }
    ]
}
DEBUG 2021-10-05 04:09:09,728 - ####################################################################################################
DEBUG 2021-10-05 04:09:09,734 - DOMAIN DISCOVER
INFO 2021-10-05 04:09:09,735 - {
    "data": [
        {
            "{#DOMAINSSL}": "www.gochat900.com"
        }
    ]
}
DEBUG 2021-10-05 05:09:09,772 - ####################################################################################################
DEBUG 2021-10-05 05:09:09,777 - DOMAIN DISCOVER
INFO 2021-10-05 05:09:09,778 - {
    "data": [
        {
            "{#DOMAINSSL}": "www.gochat900.com"
        }
    ]
}
DEBUG 2021-10-05 06:09:09,488 - ####################################################################################################
DEBUG 2021-10-05 06:09:09,494 - DOMAIN DISCOVER
INFO 2021-10-05 06:09:09,494 - {
    "data": [
        {
            "{#DOMAINSSL}": "www.gochat900.com"
        }
    ]
}
DEBUG 2021-10-05 07:09:09,476 - ####################################################################################################
DEBUG 2021-10-05 07:09:09,482 - DOMAIN DISCOVER
INFO 2021-10-05 07:09:09,482 - {
    "data": [
        {
            "{#DOMAINSSL}": "www.gochat900.com"
        }
    ]
}
DEBUG 2021-10-05 08:09:10,691 - ####################################################################################################
DEBUG 2021-10-05 08:09:10,697 - DOMAIN DISCOVER
INFO 2021-10-05 08:09:10,697 - {
    "data": [
        {
            "{#DOMAINSSL}": "www.gochat900.com"
        }
    ]
}
DEBUG 2021-10-05 09:09:11,015 - ####################################################################################################
DEBUG 2021-10-05 09:09:11,021 - DOMAIN DISCOVER
INFO 2021-10-05 09:09:11,022 - {
    "data": [
        {
            "{#DOMAINSSL}": "www.gochat900.com"
        }
    ]
}
DEBUG 2021-10-05 10:09:09,791 - ####################################################################################################
DEBUG 2021-10-05 10:09:09,797 - DOMAIN DISCOVER
INFO 2021-10-05 10:09:09,797 - {
    "data": [
        {
            "{#DOMAINSSL}": "www.gochat900.com"
        }
    ]
}
DEBUG 2021-10-05 11:09:10,811 - ####################################################################################################
DEBUG 2021-10-05 11:09:10,816 - DOMAIN DISCOVER
INFO 2021-10-05 11:09:10,817 - {
    "data": [
        {
            "{#DOMAINSSL}": "www.gochat900.com"
        }
    ]
}
DEBUG 2021-10-05 12:09:09,455 - ####################################################################################################
DEBUG 2021-10-05 12:09:09,460 - DOMAIN DISCOVER
INFO 2021-10-05 12:09:09,461 - {
    "data": [
        {
            "{#DOMAINSSL}": "www.gochat900.com"
        }
    ]
}
DEBUG 2021-10-05 13:09:12,410 - ####################################################################################################
DEBUG 2021-10-05 13:09:12,416 - DOMAIN DISCOVER
INFO 2021-10-05 13:09:12,417 - {
    "data": [
        {
            "{#DOMAINSSL}": "www.gochat900.com"
        }
    ]
}
DEBUG 2021-10-05 14:09:10,185 - ####################################################################################################
DEBUG 2021-10-05 14:09:10,190 - DOMAIN DISCOVER
INFO 2021-10-05 14:09:10,190 - {
    "data": [
        {
            "{#DOMAINSSL}": "www.gochat900.com"
        }
    ]
}
DEBUG 2021-10-05 15:09:11,351 - ####################################################################################################
DEBUG 2021-10-05 15:09:11,356 - DOMAIN DISCOVER
INFO 2021-10-05 15:09:11,356 - {
    "data": [
        {
            "{#DOMAINSSL}": "www.gochat900.com"
        }
    ]
}
DEBUG 2021-10-05 16:09:12,593 - ####################################################################################################
DEBUG 2021-10-05 16:09:12,599 - DOMAIN DISCOVER
INFO 2021-10-05 16:09:12,599 - {
    "data": [
        {
            "{#DOMAINSSL}": "www.gochat900.com"
        }
    ]
}
DEBUG 2021-10-05 17:09:12,319 - ####################################################################################################
DEBUG 2021-10-05 17:09:12,325 - DOMAIN DISCOVER
INFO 2021-10-05 17:09:12,325 - {
    "data": [
        {
            "{#DOMAINSSL}": "www.gochat900.com"
        }
    ]
}
DEBUG 2021-10-05 18:09:11,926 - ####################################################################################################
DEBUG 2021-10-05 18:09:11,932 - DOMAIN DISCOVER
INFO 2021-10-05 18:09:11,932 - {
    "data": [
        {
            "{#DOMAINSSL}": "www.gochat900.com"
        }
    ]
}
DEBUG 2021-10-05 19:09:11,775 - ####################################################################################################
DEBUG 2021-10-05 19:09:11,781 - DOMAIN DISCOVER
INFO 2021-10-05 19:09:11,781 - {
    "data": [
        {
            "{#DOMAINSSL}": "www.gochat900.com"
        }
    ]
}
DEBUG 2021-10-05 20:09:08,446 - ####################################################################################################
DEBUG 2021-10-05 20:09:08,451 - DOMAIN DISCOVER
INFO 2021-10-05 20:09:08,452 - {
    "data": [
        {
            "{#DOMAINSSL}": "www.gochat900.com"
        }
    ]
}
DEBUG 2021-10-05 21:09:12,035 - ####################################################################################################
DEBUG 2021-10-05 21:09:12,041 - DOMAIN DISCOVER
INFO 2021-10-05 21:09:12,041 - {
    "data": [
        {
            "{#DOMAINSSL}": "www.gochat900.com"
        }
    ]
}
DEBUG 2021-10-05 22:09:10,647 - ####################################################################################################
DEBUG 2021-10-05 22:09:10,653 - DOMAIN DISCOVER
INFO 2021-10-05 22:09:10,653 - {
    "data": [
        {
            "{#DOMAINSSL}": "www.gochat900.com"
        }
    ]
}
DEBUG 2021-10-05 23:09:11,771 - ####################################################################################################
DEBUG 2021-10-05 23:09:11,778 - DOMAIN DISCOVER
INFO 2021-10-05 23:09:11,778 - {
    "data": [
        {
            "{#DOMAINSSL}": "www.gochat900.com"
        }
    ]
}
