DEBUG 2021-06-29 00:08:49,396 - ####################################################################################################
DEBUG 2021-06-29 00:08:49,402 - DOMAIN DISCOVER
INFO 2021-06-29 00:08:49,402 - {
    "data": [
        {
            "{#DOMAINSSL}": "hujidi.com"
        }, 
        {
            "{#DOMAINSSL}": "bao5566.com"
        }, 
        {
            "{#DOMAINSSL}": "www.bao5566.com"
        }, 
        {
            "{#DOMAINSSL}": "12golf.com"
        }, 
        {
            "{#DOMAINSSL}": "www.12golf.com"
        }, 
        {
            "{#DOMAINSSL}": "wpc89.com"
        }, 
        {
            "{#DOMAINSSL}": "www.wpc89.com"
        }
    ]
}
DEBUG 2021-06-29 01:08:49,661 - ####################################################################################################
DEBUG 2021-06-29 01:08:49,667 - DOMAIN DISCOVER
INFO 2021-06-29 01:08:49,667 - {
    "data": [
        {
            "{#DOMAINSSL}": "hujidi.com"
        }, 
        {
            "{#DOMAINSSL}": "bao5566.com"
        }, 
        {
            "{#DOMAINSSL}": "www.bao5566.com"
        }, 
        {
            "{#DOMAINSSL}": "12golf.com"
        }, 
        {
            "{#DOMAINSSL}": "www.12golf.com"
        }, 
        {
            "{#DOMAINSSL}": "wpc89.com"
        }, 
        {
            "{#DOMAINSSL}": "www.wpc89.com"
        }
    ]
}
DEBUG 2021-06-29 02:08:49,276 - ####################################################################################################
DEBUG 2021-06-29 02:08:49,283 - DOMAIN DISCOVER
INFO 2021-06-29 02:08:49,283 - {
    "data": [
        {
            "{#DOMAINSSL}": "hujidi.com"
        }, 
        {
            "{#DOMAINSSL}": "bao5566.com"
        }, 
        {
            "{#DOMAINSSL}": "www.bao5566.com"
        }, 
        {
            "{#DOMAINSSL}": "12golf.com"
        }, 
        {
            "{#DOMAINSSL}": "www.12golf.com"
        }, 
        {
            "{#DOMAINSSL}": "wpc89.com"
        }, 
        {
            "{#DOMAINSSL}": "www.wpc89.com"
        }
    ]
}
DEBUG 2021-06-29 03:08:48,659 - ####################################################################################################
DEBUG 2021-06-29 03:08:48,665 - DOMAIN DISCOVER
INFO 2021-06-29 03:08:48,665 - {
    "data": [
        {
            "{#DOMAINSSL}": "hujidi.com"
        }, 
        {
            "{#DOMAINSSL}": "bao5566.com"
        }, 
        {
            "{#DOMAINSSL}": "www.bao5566.com"
        }, 
        {
            "{#DOMAINSSL}": "12golf.com"
        }, 
        {
            "{#DOMAINSSL}": "www.12golf.com"
        }, 
        {
            "{#DOMAINSSL}": "wpc89.com"
        }, 
        {
            "{#DOMAINSSL}": "www.wpc89.com"
        }
    ]
}
DEBUG 2021-06-29 04:08:48,800 - ####################################################################################################
DEBUG 2021-06-29 04:08:48,806 - DOMAIN DISCOVER
INFO 2021-06-29 04:08:48,806 - {
    "data": [
        {
            "{#DOMAINSSL}": "hujidi.com"
        }, 
        {
            "{#DOMAINSSL}": "bao5566.com"
        }, 
        {
            "{#DOMAINSSL}": "www.bao5566.com"
        }, 
        {
            "{#DOMAINSSL}": "12golf.com"
        }, 
        {
            "{#DOMAINSSL}": "www.12golf.com"
        }, 
        {
            "{#DOMAINSSL}": "wpc89.com"
        }, 
        {
            "{#DOMAINSSL}": "www.wpc89.com"
        }
    ]
}
DEBUG 2021-06-29 05:08:49,229 - ####################################################################################################
DEBUG 2021-06-29 05:08:49,235 - DOMAIN DISCOVER
INFO 2021-06-29 05:08:49,235 - {
    "data": [
        {
            "{#DOMAINSSL}": "18186000.com"
        }, 
        {
            "{#DOMAINSSL}": "xdl951.com"
        }, 
        {
            "{#DOMAINSSL}": "jsh121.com"
        }, 
        {
            "{#DOMAINSSL}": "jsh182.com"
        }, 
        {
            "{#DOMAINSSL}": "hujidi.com"
        }, 
        {
            "{#DOMAINSSL}": "55822000.com"
        }, 
        {
            "{#DOMAINSSL}": "bao5566.com"
        }, 
        {
            "{#DOMAINSSL}": "www.bao5566.com"
        }, 
        {
            "{#DOMAINSSL}": "12golf.com"
        }, 
        {
            "{#DOMAINSSL}": "www.12golf.com"
        }, 
        {
            "{#DOMAINSSL}": "www.wukongchat.com"
        }, 
        {
            "{#DOMAINSSL}": "www.wukongchat.com"
        }, 
        {
            "{#DOMAINSSL}": "wpc89.com"
        }, 
        {
            "{#DOMAINSSL}": "www.wpc89.com"
        }
    ]
}
DEBUG 2021-06-29 06:08:47,713 - ####################################################################################################
DEBUG 2021-06-29 06:08:47,719 - DOMAIN DISCOVER
INFO 2021-06-29 06:08:47,719 - {
    "data": [
        {
            "{#DOMAINSSL}": "bao767.com"
        }, 
        {
            "{#DOMAINSSL}": "eulhj.com"
        }, 
        {
            "{#DOMAINSSL}": "eu29.com"
        }, 
        {
            "{#DOMAINSSL}": "xbettiyu.com"
        }, 
        {
            "{#DOMAINSSL}": "hujidi.com"
        }, 
        {
            "{#DOMAINSSL}": "api.wikiplus.cn"
        }, 
        {
            "{#DOMAINSSL}": "jiabo567.com"
        }, 
        {
            "{#DOMAINSSL}": "8889823.com"
        }, 
        {
            "{#DOMAINSSL}": "bao5566.com"
        }, 
        {
            "{#DOMAINSSL}": "www.bao5566.com"
        }, 
        {
            "{#DOMAINSSL}": "12golf.com"
        }, 
        {
            "{#DOMAINSSL}": "www.12golf.com"
        }, 
        {
            "{#DOMAINSSL}": "www.wukongchat.com"
        }, 
        {
            "{#DOMAINSSL}": "www.wukongchat.com"
        }, 
        {
            "{#DOMAINSSL}": "wpc89.com"
        }, 
        {
            "{#DOMAINSSL}": "www.wpc89.com"
        }
    ]
}
DEBUG 2021-06-29 07:08:49,030 - ####################################################################################################
DEBUG 2021-06-29 07:08:49,036 - DOMAIN DISCOVER
INFO 2021-06-29 07:08:49,036 - {
    "data": [
        {
            "{#DOMAINSSL}": "hujidi.com"
        }, 
        {
            "{#DOMAINSSL}": "bao5566.com"
        }, 
        {
            "{#DOMAINSSL}": "www.bao5566.com"
        }, 
        {
            "{#DOMAINSSL}": "12golf.com"
        }, 
        {
            "{#DOMAINSSL}": "www.12golf.com"
        }, 
        {
            "{#DOMAINSSL}": "www.wukongchat.com"
        }, 
        {
            "{#DOMAINSSL}": "www.wukongchat.com"
        }, 
        {
            "{#DOMAINSSL}": "wpc89.com"
        }, 
        {
            "{#DOMAINSSL}": "www.wpc89.com"
        }
    ]
}
DEBUG 2021-06-29 08:08:49,081 - ####################################################################################################
DEBUG 2021-06-29 08:08:49,087 - DOMAIN DISCOVER
INFO 2021-06-29 08:08:49,087 - {
    "data": [
        {
            "{#DOMAINSSL}": "hujidi.com"
        }, 
        {
            "{#DOMAINSSL}": "bao5566.com"
        }, 
        {
            "{#DOMAINSSL}": "www.bao5566.com"
        }, 
        {
            "{#DOMAINSSL}": "12golf.com"
        }, 
        {
            "{#DOMAINSSL}": "www.12golf.com"
        }, 
        {
            "{#DOMAINSSL}": "www.wukongchat.com"
        }, 
        {
            "{#DOMAINSSL}": "www.wukongchat.com"
        }, 
        {
            "{#DOMAINSSL}": "wpc89.com"
        }, 
        {
            "{#DOMAINSSL}": "www.wpc89.com"
        }
    ]
}
DEBUG 2021-06-29 09:08:49,980 - ####################################################################################################
DEBUG 2021-06-29 09:08:49,986 - DOMAIN DISCOVER
INFO 2021-06-29 09:08:49,987 - {
    "data": [
        {
            "{#DOMAINSSL}": "hujidi.com"
        }, 
        {
            "{#DOMAINSSL}": "bao5566.com"
        }, 
        {
            "{#DOMAINSSL}": "www.bao5566.com"
        }, 
        {
            "{#DOMAINSSL}": "12golf.com"
        }, 
        {
            "{#DOMAINSSL}": "www.12golf.com"
        }, 
        {
            "{#DOMAINSSL}": "www.wukongchat.com"
        }, 
        {
            "{#DOMAINSSL}": "www.wukongchat.com"
        }, 
        {
            "{#DOMAINSSL}": "wpc89.com"
        }, 
        {
            "{#DOMAINSSL}": "www.wpc89.com"
        }
    ]
}
DEBUG 2021-06-29 10:08:51,249 - ####################################################################################################
DEBUG 2021-06-29 10:08:51,256 - DOMAIN DISCOVER
INFO 2021-06-29 10:08:51,256 - {
    "data": [
        {
            "{#DOMAINSSL}": "hujidi.com"
        }, 
        {
            "{#DOMAINSSL}": "bao5566.com"
        }, 
        {
            "{#DOMAINSSL}": "www.bao5566.com"
        }, 
        {
            "{#DOMAINSSL}": "12golf.com"
        }, 
        {
            "{#DOMAINSSL}": "www.12golf.com"
        }, 
        {
            "{#DOMAINSSL}": "www.wukongchat.com"
        }, 
        {
            "{#DOMAINSSL}": "www.wukongchat.com"
        }, 
        {
            "{#DOMAINSSL}": "wpc89.com"
        }, 
        {
            "{#DOMAINSSL}": "www.wpc89.com"
        }
    ]
}
DEBUG 2021-06-29 11:08:50,680 - ####################################################################################################
DEBUG 2021-06-29 11:08:50,687 - DOMAIN DISCOVER
INFO 2021-06-29 11:08:50,687 - {
    "data": [
        {
            "{#DOMAINSSL}": "hujidi.com"
        }, 
        {
            "{#DOMAINSSL}": "bao5566.com"
        }, 
        {
            "{#DOMAINSSL}": "www.bao5566.com"
        }, 
        {
            "{#DOMAINSSL}": "12golf.com"
        }, 
        {
            "{#DOMAINSSL}": "www.12golf.com"
        }, 
        {
            "{#DOMAINSSL}": "www.wukongchat.com"
        }, 
        {
            "{#DOMAINSSL}": "www.wukongchat.com"
        }, 
        {
            "{#DOMAINSSL}": "wpc89.com"
        }, 
        {
            "{#DOMAINSSL}": "www.wpc89.com"
        }
    ]
}
DEBUG 2021-06-29 12:08:49,264 - ####################################################################################################
DEBUG 2021-06-29 12:08:49,270 - DOMAIN DISCOVER
INFO 2021-06-29 12:08:49,270 - {
    "data": [
        {
            "{#DOMAINSSL}": "hujidi.com"
        }, 
        {
            "{#DOMAINSSL}": "bao5566.com"
        }, 
        {
            "{#DOMAINSSL}": "www.bao5566.com"
        }, 
        {
            "{#DOMAINSSL}": "12golf.com"
        }, 
        {
            "{#DOMAINSSL}": "www.12golf.com"
        }, 
        {
            "{#DOMAINSSL}": "www.wukongchat.com"
        }, 
        {
            "{#DOMAINSSL}": "www.wukongchat.com"
        }, 
        {
            "{#DOMAINSSL}": "wpc89.com"
        }, 
        {
            "{#DOMAINSSL}": "www.wpc89.com"
        }
    ]
}
DEBUG 2021-06-29 13:08:53,437 - ####################################################################################################
DEBUG 2021-06-29 13:08:53,443 - DOMAIN DISCOVER
INFO 2021-06-29 13:08:53,444 - {
    "data": [
        {
            "{#DOMAINSSL}": "hujidi.com"
        }, 
        {
            "{#DOMAINSSL}": "bao5566.com"
        }, 
        {
            "{#DOMAINSSL}": "www.bao5566.com"
        }, 
        {
            "{#DOMAINSSL}": "12golf.com"
        }, 
        {
            "{#DOMAINSSL}": "www.12golf.com"
        }, 
        {
            "{#DOMAINSSL}": "www.wukongchat.com"
        }, 
        {
            "{#DOMAINSSL}": "www.wukongchat.com"
        }, 
        {
            "{#DOMAINSSL}": "wpc89.com"
        }, 
        {
            "{#DOMAINSSL}": "www.wpc89.com"
        }
    ]
}
DEBUG 2021-06-29 14:08:48,514 - ####################################################################################################
DEBUG 2021-06-29 14:08:48,521 - DOMAIN DISCOVER
INFO 2021-06-29 14:08:48,521 - {
    "data": [
        {
            "{#DOMAINSSL}": "hujidi.com"
        }, 
        {
            "{#DOMAINSSL}": "bao5566.com"
        }, 
        {
            "{#DOMAINSSL}": "www.bao5566.com"
        }, 
        {
            "{#DOMAINSSL}": "12golf.com"
        }, 
        {
            "{#DOMAINSSL}": "www.12golf.com"
        }, 
        {
            "{#DOMAINSSL}": "www.wukongchat.com"
        }, 
        {
            "{#DOMAINSSL}": "www.wukongchat.com"
        }, 
        {
            "{#DOMAINSSL}": "wpc89.com"
        }, 
        {
            "{#DOMAINSSL}": "www.wpc89.com"
        }
    ]
}
DEBUG 2021-06-29 15:08:50,355 - ####################################################################################################
DEBUG 2021-06-29 15:08:50,361 - DOMAIN DISCOVER
INFO 2021-06-29 15:08:50,361 - {
    "data": [
        {
            "{#DOMAINSSL}": "hujidi.com"
        }, 
        {
            "{#DOMAINSSL}": "bao5566.com"
        }, 
        {
            "{#DOMAINSSL}": "www.bao5566.com"
        }, 
        {
            "{#DOMAINSSL}": "12golf.com"
        }, 
        {
            "{#DOMAINSSL}": "www.12golf.com"
        }, 
        {
            "{#DOMAINSSL}": "www.wukongchat.com"
        }, 
        {
            "{#DOMAINSSL}": "www.wukongchat.com"
        }, 
        {
            "{#DOMAINSSL}": "wpc89.com"
        }, 
        {
            "{#DOMAINSSL}": "www.wpc89.com"
        }
    ]
}
DEBUG 2021-06-29 16:08:48,918 - ####################################################################################################
DEBUG 2021-06-29 16:08:48,924 - DOMAIN DISCOVER
INFO 2021-06-29 16:08:48,924 - {
    "data": [
        {
            "{#DOMAINSSL}": "hujidi.com"
        }, 
        {
            "{#DOMAINSSL}": "bao5566.com"
        }, 
        {
            "{#DOMAINSSL}": "www.bao5566.com"
        }, 
        {
            "{#DOMAINSSL}": "12golf.com"
        }, 
        {
            "{#DOMAINSSL}": "www.12golf.com"
        }, 
        {
            "{#DOMAINSSL}": "www.wukongchat.com"
        }, 
        {
            "{#DOMAINSSL}": "www.wukongchat.com"
        }, 
        {
            "{#DOMAINSSL}": "wpc89.com"
        }, 
        {
            "{#DOMAINSSL}": "www.wpc89.com"
        }
    ]
}
DEBUG 2021-06-29 17:08:49,043 - ####################################################################################################
DEBUG 2021-06-29 17:08:49,049 - DOMAIN DISCOVER
INFO 2021-06-29 17:08:49,049 - {
    "data": [
        {
            "{#DOMAINSSL}": "hujidi.com"
        }, 
        {
            "{#DOMAINSSL}": "bao5566.com"
        }, 
        {
            "{#DOMAINSSL}": "www.bao5566.com"
        }, 
        {
            "{#DOMAINSSL}": "12golf.com"
        }, 
        {
            "{#DOMAINSSL}": "www.12golf.com"
        }, 
        {
            "{#DOMAINSSL}": "www.wukongchat.com"
        }, 
        {
            "{#DOMAINSSL}": "www.wukongchat.com"
        }, 
        {
            "{#DOMAINSSL}": "wpc89.com"
        }, 
        {
            "{#DOMAINSSL}": "www.wpc89.com"
        }
    ]
}
DEBUG 2021-06-29 18:08:49,981 - ####################################################################################################
DEBUG 2021-06-29 18:08:49,986 - DOMAIN DISCOVER
INFO 2021-06-29 18:08:49,986 - {
    "data": [
        {
            "{#DOMAINSSL}": "hujidi.com"
        }, 
        {
            "{#DOMAINSSL}": "bao5566.com"
        }, 
        {
            "{#DOMAINSSL}": "www.bao5566.com"
        }, 
        {
            "{#DOMAINSSL}": "12golf.com"
        }, 
        {
            "{#DOMAINSSL}": "www.12golf.com"
        }, 
        {
            "{#DOMAINSSL}": "www.wukongchat.com"
        }, 
        {
            "{#DOMAINSSL}": "www.wukongchat.com"
        }, 
        {
            "{#DOMAINSSL}": "wpc89.com"
        }, 
        {
            "{#DOMAINSSL}": "www.wpc89.com"
        }
    ]
}
DEBUG 2021-06-29 19:08:47,004 - ####################################################################################################
DEBUG 2021-06-29 19:08:47,011 - DOMAIN DISCOVER
INFO 2021-06-29 19:08:47,011 - {
    "data": [
        {
            "{#DOMAINSSL}": "hujidi.com"
        }, 
        {
            "{#DOMAINSSL}": "bao5566.com"
        }, 
        {
            "{#DOMAINSSL}": "www.bao5566.com"
        }, 
        {
            "{#DOMAINSSL}": "12golf.com"
        }, 
        {
            "{#DOMAINSSL}": "www.12golf.com"
        }, 
        {
            "{#DOMAINSSL}": "www.wukongchat.com"
        }, 
        {
            "{#DOMAINSSL}": "www.wukongchat.com"
        }, 
        {
            "{#DOMAINSSL}": "wpc89.com"
        }, 
        {
            "{#DOMAINSSL}": "www.wpc89.com"
        }
    ]
}
DEBUG 2021-06-29 20:08:48,884 - ####################################################################################################
DEBUG 2021-06-29 20:08:48,889 - DOMAIN DISCOVER
INFO 2021-06-29 20:08:48,889 - {
    "data": [
        {
            "{#DOMAINSSL}": "hujidi.com"
        }, 
        {
            "{#DOMAINSSL}": "bao5566.com"
        }, 
        {
            "{#DOMAINSSL}": "www.bao5566.com"
        }, 
        {
            "{#DOMAINSSL}": "12golf.com"
        }, 
        {
            "{#DOMAINSSL}": "www.12golf.com"
        }, 
        {
            "{#DOMAINSSL}": "www.wukongchat.com"
        }, 
        {
            "{#DOMAINSSL}": "www.wukongchat.com"
        }, 
        {
            "{#DOMAINSSL}": "wpc89.com"
        }, 
        {
            "{#DOMAINSSL}": "www.wpc89.com"
        }
    ]
}
DEBUG 2021-06-29 21:08:51,583 - ####################################################################################################
DEBUG 2021-06-29 21:08:51,590 - DOMAIN DISCOVER
INFO 2021-06-29 21:08:51,590 - {
    "data": [
        {
            "{#DOMAINSSL}": "hujidi.com"
        }, 
        {
            "{#DOMAINSSL}": "bao5566.com"
        }, 
        {
            "{#DOMAINSSL}": "www.bao5566.com"
        }, 
        {
            "{#DOMAINSSL}": "12golf.com"
        }, 
        {
            "{#DOMAINSSL}": "www.12golf.com"
        }, 
        {
            "{#DOMAINSSL}": "www.wukongchat.com"
        }, 
        {
            "{#DOMAINSSL}": "www.wukongchat.com"
        }, 
        {
            "{#DOMAINSSL}": "wpc89.com"
        }, 
        {
            "{#DOMAINSSL}": "www.wpc89.com"
        }
    ]
}
DEBUG 2021-06-29 22:08:48,806 - ####################################################################################################
DEBUG 2021-06-29 22:08:48,812 - DOMAIN DISCOVER
INFO 2021-06-29 22:08:48,812 - {
    "data": [
        {
            "{#DOMAINSSL}": "hujidi.com"
        }, 
        {
            "{#DOMAINSSL}": "bao5566.com"
        }, 
        {
            "{#DOMAINSSL}": "www.bao5566.com"
        }, 
        {
            "{#DOMAINSSL}": "12golf.com"
        }, 
        {
            "{#DOMAINSSL}": "www.12golf.com"
        }, 
        {
            "{#DOMAINSSL}": "www.wukongchat.com"
        }, 
        {
            "{#DOMAINSSL}": "www.wukongchat.com"
        }, 
        {
            "{#DOMAINSSL}": "wpc89.com"
        }, 
        {
            "{#DOMAINSSL}": "www.wpc89.com"
        }
    ]
}
DEBUG 2021-06-29 23:08:47,041 - ####################################################################################################
DEBUG 2021-06-29 23:08:47,047 - DOMAIN DISCOVER
INFO 2021-06-29 23:08:47,047 - {
    "data": [
        {
            "{#DOMAINSSL}": "hujidi.com"
        }, 
        {
            "{#DOMAINSSL}": "bao5566.com"
        }, 
        {
            "{#DOMAINSSL}": "www.bao5566.com"
        }, 
        {
            "{#DOMAINSSL}": "12golf.com"
        }, 
        {
            "{#DOMAINSSL}": "www.12golf.com"
        }, 
        {
            "{#DOMAINSSL}": "www.wukongchat.com"
        }, 
        {
            "{#DOMAINSSL}": "www.wukongchat.com"
        }, 
        {
            "{#DOMAINSSL}": "wpc89.com"
        }, 
        {
            "{#DOMAINSSL}": "www.wpc89.com"
        }
    ]
}
