DEBUG 2021-07-10 00:08:49,127 - ####################################################################################################
DEBUG 2021-07-10 00:08:49,133 - DOMAIN DISCOVER
INFO 2021-07-10 00:08:49,134 - {
    "data": [
        {
            "{#DOMAINSSL}": "12859999.com"
        }, 
        {
            "{#DOMAINSSL}": "12899888.com"
        }, 
        {
            "{#DOMAINSSL}": "tv36.com"
        }
    ]
}
DEBUG 2021-07-10 01:08:55,156 - ####################################################################################################
DEBUG 2021-07-10 01:08:55,163 - DOMAIN DISCOVER
INFO 2021-07-10 01:08:55,163 - {
    "data": [
        {
            "{#DOMAINSSL}": "12859999.com"
        }, 
        {
            "{#DOMAINSSL}": "12899888.com"
        }, 
        {
            "{#DOMAINSSL}": "tv36.com"
        }
    ]
}
DEBUG 2021-07-10 02:08:49,685 - ####################################################################################################
DEBUG 2021-07-10 02:08:49,692 - DOMAIN DISCOVER
INFO 2021-07-10 02:08:49,692 - {
    "data": [
        {
            "{#DOMAINSSL}": "12859999.com"
        }, 
        {
            "{#DOMAINSSL}": "12899888.com"
        }, 
        {
            "{#DOMAINSSL}": "tv36.com"
        }
    ]
}
DEBUG 2021-07-10 03:08:52,687 - ####################################################################################################
DEBUG 2021-07-10 03:08:52,695 - DOMAIN DISCOVER
INFO 2021-07-10 03:08:52,695 - {
    "data": [
        {
            "{#DOMAINSSL}": "12859999.com"
        }, 
        {
            "{#DOMAINSSL}": "12899888.com"
        }, 
        {
            "{#DOMAINSSL}": "tv36.com"
        }
    ]
}
DEBUG 2021-07-10 04:08:52,085 - ####################################################################################################
DEBUG 2021-07-10 04:08:52,092 - DOMAIN DISCOVER
INFO 2021-07-10 04:08:52,092 - {
    "data": [
        {
            "{#DOMAINSSL}": "12859999.com"
        }, 
        {
            "{#DOMAINSSL}": "12899888.com"
        }, 
        {
            "{#DOMAINSSL}": "tv36.com"
        }
    ]
}
DEBUG 2021-07-10 05:08:50,602 - ####################################################################################################
DEBUG 2021-07-10 05:08:50,608 - DOMAIN DISCOVER
INFO 2021-07-10 05:08:50,608 - {
    "data": [
        {
            "{#DOMAINSSL}": "jbaili28.net"
        }, 
        {
            "{#DOMAINSSL}": "12859999.com"
        }, 
        {
            "{#DOMAINSSL}": "12899888.com"
        }, 
        {
            "{#DOMAINSSL}": "tv36.com"
        }, 
        {
            "{#DOMAINSSL}": "xbet086.com"
        }, 
        {
            "{#DOMAINSSL}": "xbet65.com"
        }, 
        {
            "{#DOMAINSSL}": "ying88888.com"
        }, 
        {
            "{#DOMAINSSL}": "ebcn.xshny.com"
        }, 
        {
            "{#DOMAINSSL}": "ebcn.chaodjia.com"
        }
    ]
}
DEBUG 2021-07-10 06:08:51,603 - ####################################################################################################
DEBUG 2021-07-10 06:08:51,609 - DOMAIN DISCOVER
INFO 2021-07-10 06:08:51,609 - {
    "data": [
        {
            "{#DOMAINSSL}": "12899888.com"
        }, 
        {
            "{#DOMAINSSL}": "eu167.net"
        }, 
        {
            "{#DOMAINSSL}": "tv36.com"
        }, 
        {
            "{#DOMAINSSL}": "yifu.wikiplus.cn"
        }, 
        {
            "{#DOMAINSSL}": "ying88888.com"
        }, 
        {
            "{#DOMAINSSL}": "eu2018.net"
        }, 
        {
            "{#DOMAINSSL}": "api.wikiplus.cn"
        }, 
        {
            "{#DOMAINSSL}": "jin172.com"
        }, 
        {
            "{#DOMAINSSL}": "ebcn.chaodjia.com"
        }, 
        {
            "{#DOMAINSSL}": "www.eu138.com"
        }
    ]
}
DEBUG 2021-07-10 07:08:53,730 - ####################################################################################################
DEBUG 2021-07-10 07:08:53,736 - DOMAIN DISCOVER
INFO 2021-07-10 07:08:53,736 - {
    "data": [
        {
            "{#DOMAINSSL}": "12899888.com"
        }, 
        {
            "{#DOMAINSSL}": "tv36.com"
        }, 
        {
            "{#DOMAINSSL}": "yifu.wikiplus.cn"
        }, 
        {
            "{#DOMAINSSL}": "api.wikiplus.cn"
        }, 
        {
            "{#DOMAINSSL}": "ebcn.chaodjia.com"
        }
    ]
}
DEBUG 2021-07-10 08:08:52,194 - ####################################################################################################
DEBUG 2021-07-10 08:08:52,200 - DOMAIN DISCOVER
INFO 2021-07-10 08:08:52,200 - {
    "data": [
        {
            "{#DOMAINSSL}": "12899888.com"
        }, 
        {
            "{#DOMAINSSL}": "tv36.com"
        }, 
        {
            "{#DOMAINSSL}": "yifu.wikiplus.cn"
        }, 
        {
            "{#DOMAINSSL}": "api.wikiplus.cn"
        }, 
        {
            "{#DOMAINSSL}": "ebcn.chaodjia.com"
        }
    ]
}
DEBUG 2021-07-10 09:08:53,688 - ####################################################################################################
DEBUG 2021-07-10 09:08:53,695 - DOMAIN DISCOVER
INFO 2021-07-10 09:08:53,695 - {
    "data": [
        {
            "{#DOMAINSSL}": "12899888.com"
        }, 
        {
            "{#DOMAINSSL}": "tv36.com"
        }, 
        {
            "{#DOMAINSSL}": "yifu.wikiplus.cn"
        }, 
        {
            "{#DOMAINSSL}": "api.wikiplus.cn"
        }, 
        {
            "{#DOMAINSSL}": "ebcn.chaodjia.com"
        }
    ]
}
DEBUG 2021-07-10 09:26:56,728 - ####################################################################################################
DEBUG 2021-07-10 09:26:56,735 - DOMAIN DISCOVER
INFO 2021-07-10 09:26:56,735 - {
    "data": [
        {
            "{#DOMAINSSL}": "12899888.com"
        }, 
        {
            "{#DOMAINSSL}": "tv36.com"
        }, 
        {
            "{#DOMAINSSL}": "yifu.wikiplus.cn"
        }, 
        {
            "{#DOMAINSSL}": "api.wikiplus.cn"
        }, 
        {
            "{#DOMAINSSL}": "ebcn.chaodjia.com"
        }
    ]
}
DEBUG 2021-07-10 10:08:50,114 - ####################################################################################################
DEBUG 2021-07-10 10:08:50,121 - DOMAIN DISCOVER
INFO 2021-07-10 10:08:50,121 - {
    "data": [
        {
            "{#DOMAINSSL}": "12899888.com"
        }, 
        {
            "{#DOMAINSSL}": "tv36.com"
        }, 
        {
            "{#DOMAINSSL}": "yifu.wikiplus.cn"
        }, 
        {
            "{#DOMAINSSL}": "api.wikiplus.cn"
        }, 
        {
            "{#DOMAINSSL}": "ebcn.chaodjia.com"
        }
    ]
}
DEBUG 2021-07-10 11:08:52,389 - ####################################################################################################
DEBUG 2021-07-10 11:08:52,396 - DOMAIN DISCOVER
INFO 2021-07-10 11:08:52,396 - {
    "data": [
        {
            "{#DOMAINSSL}": "12899888.com"
        }, 
        {
            "{#DOMAINSSL}": "tv36.com"
        }, 
        {
            "{#DOMAINSSL}": "yifu.wikiplus.cn"
        }, 
        {
            "{#DOMAINSSL}": "api.wikiplus.cn"
        }, 
        {
            "{#DOMAINSSL}": "ebcn.chaodjia.com"
        }
    ]
}
DEBUG 2021-07-10 12:08:52,040 - ####################################################################################################
DEBUG 2021-07-10 12:08:52,046 - DOMAIN DISCOVER
INFO 2021-07-10 12:08:52,046 - {
    "data": [
        {
            "{#DOMAINSSL}": "12899888.com"
        }, 
        {
            "{#DOMAINSSL}": "tv36.com"
        }, 
        {
            "{#DOMAINSSL}": "api.wikiplus.cn"
        }, 
        {
            "{#DOMAINSSL}": "ebcn.chaodjia.com"
        }
    ]
}
DEBUG 2021-07-10 13:08:50,679 - ####################################################################################################
DEBUG 2021-07-10 13:08:50,685 - DOMAIN DISCOVER
INFO 2021-07-10 13:08:50,685 - {
    "data": [
        {
            "{#DOMAINSSL}": "12899888.com"
        }, 
        {
            "{#DOMAINSSL}": "tv36.com"
        }, 
        {
            "{#DOMAINSSL}": "api.wikiplus.cn"
        }, 
        {
            "{#DOMAINSSL}": "ebcn.chaodjia.com"
        }
    ]
}
DEBUG 2021-07-10 14:08:48,955 - ####################################################################################################
DEBUG 2021-07-10 14:08:48,963 - DOMAIN DISCOVER
INFO 2021-07-10 14:08:48,963 - {
    "data": [
        {
            "{#DOMAINSSL}": "12899888.com"
        }, 
        {
            "{#DOMAINSSL}": "tv36.com"
        }, 
        {
            "{#DOMAINSSL}": "api.wikiplus.cn"
        }, 
        {
            "{#DOMAINSSL}": "ebcn.chaodjia.com"
        }
    ]
}
DEBUG 2021-07-10 15:08:51,373 - ####################################################################################################
DEBUG 2021-07-10 15:08:51,379 - DOMAIN DISCOVER
INFO 2021-07-10 15:08:51,379 - {
    "data": [
        {
            "{#DOMAINSSL}": "12899888.com"
        }, 
        {
            "{#DOMAINSSL}": "tv36.com"
        }, 
        {
            "{#DOMAINSSL}": "api.wikiplus.cn"
        }, 
        {
            "{#DOMAINSSL}": "ebcn.chaodjia.com"
        }
    ]
}
DEBUG 2021-07-10 16:08:51,252 - ####################################################################################################
DEBUG 2021-07-10 16:08:51,258 - DOMAIN DISCOVER
INFO 2021-07-10 16:08:51,258 - {
    "data": [
        {
            "{#DOMAINSSL}": "12899888.com"
        }, 
        {
            "{#DOMAINSSL}": "tv36.com"
        }, 
        {
            "{#DOMAINSSL}": "api.wikiplus.cn"
        }, 
        {
            "{#DOMAINSSL}": "ebcn.chaodjia.com"
        }
    ]
}
DEBUG 2021-07-10 17:08:49,232 - ####################################################################################################
DEBUG 2021-07-10 17:08:49,241 - DOMAIN DISCOVER
INFO 2021-07-10 17:08:49,241 - {
    "data": [
        {
            "{#DOMAINSSL}": "12899888.com"
        }, 
        {
            "{#DOMAINSSL}": "tv36.com"
        }, 
        {
            "{#DOMAINSSL}": "api.wikiplus.cn"
        }, 
        {
            "{#DOMAINSSL}": "ebcn.chaodjia.com"
        }
    ]
}
DEBUG 2021-07-10 18:08:52,497 - ####################################################################################################
DEBUG 2021-07-10 18:08:52,503 - DOMAIN DISCOVER
INFO 2021-07-10 18:08:52,503 - {
    "data": [
        {
            "{#DOMAINSSL}": "12899888.com"
        }, 
        {
            "{#DOMAINSSL}": "tv36.com"
        }, 
        {
            "{#DOMAINSSL}": "api.wikiplus.cn"
        }, 
        {
            "{#DOMAINSSL}": "ebcn.chaodjia.com"
        }
    ]
}
DEBUG 2021-07-10 19:08:52,794 - ####################################################################################################
DEBUG 2021-07-10 19:08:52,801 - DOMAIN DISCOVER
INFO 2021-07-10 19:08:52,801 - {
    "data": [
        {
            "{#DOMAINSSL}": "12899888.com"
        }, 
        {
            "{#DOMAINSSL}": "tv36.com"
        }, 
        {
            "{#DOMAINSSL}": "api.wikiplus.cn"
        }, 
        {
            "{#DOMAINSSL}": "ebcn.chaodjia.com"
        }
    ]
}
DEBUG 2021-07-10 20:08:51,849 - ####################################################################################################
DEBUG 2021-07-10 20:08:51,855 - DOMAIN DISCOVER
INFO 2021-07-10 20:08:51,856 - {
    "data": [
        {
            "{#DOMAINSSL}": "12899888.com"
        }, 
        {
            "{#DOMAINSSL}": "tv36.com"
        }, 
        {
            "{#DOMAINSSL}": "api.wikiplus.cn"
        }, 
        {
            "{#DOMAINSSL}": "ebcn.chaodjia.com"
        }
    ]
}
DEBUG 2021-07-10 21:08:49,073 - ####################################################################################################
DEBUG 2021-07-10 21:08:49,080 - DOMAIN DISCOVER
INFO 2021-07-10 21:08:49,080 - {
    "data": [
        {
            "{#DOMAINSSL}": "12899888.com"
        }, 
        {
            "{#DOMAINSSL}": "tv36.com"
        }, 
        {
            "{#DOMAINSSL}": "api.wikiplus.cn"
        }, 
        {
            "{#DOMAINSSL}": "ebcn.chaodjia.com"
        }
    ]
}
DEBUG 2021-07-10 22:08:53,894 - ####################################################################################################
DEBUG 2021-07-10 22:08:53,900 - DOMAIN DISCOVER
INFO 2021-07-10 22:08:53,900 - {
    "data": [
        {
            "{#DOMAINSSL}": "12899888.com"
        }, 
        {
            "{#DOMAINSSL}": "tv36.com"
        }, 
        {
            "{#DOMAINSSL}": "api.wikiplus.cn"
        }, 
        {
            "{#DOMAINSSL}": "ebcn.chaodjia.com"
        }
    ]
}
DEBUG 2021-07-10 23:08:53,213 - ####################################################################################################
DEBUG 2021-07-10 23:08:53,221 - DOMAIN DISCOVER
INFO 2021-07-10 23:08:53,221 - {
    "data": [
        {
            "{#DOMAINSSL}": "12899888.com"
        }, 
        {
            "{#DOMAINSSL}": "tv36.com"
        }, 
        {
            "{#DOMAINSSL}": "api.wikiplus.cn"
        }, 
        {
            "{#DOMAINSSL}": "ebcn.chaodjia.com"
        }
    ]
}
