DEBUG 2021-10-11 00:09:05,370 - ####################################################################################################
DEBUG 2021-10-11 00:09:05,376 - DOMAIN DISCOVER
INFO 2021-10-11 00:09:05,376 - {
    "data": [
        {
            "{#DOMAINSSL}": "www.aaa9408.com"
        }, 
        {
            "{#DOMAINSSL}": "aaa9888.com"
        }, 
        {
            "{#DOMAINSSL}": "aaa9408.com"
        }, 
        {
            "{#DOMAINSSL}": "statt.maxpartner.cn"
        }, 
        {
            "{#DOMAINSSL}": "r8588.net"
        }, 
        {
            "{#DOMAINSSL}": "www.r8588.net"
        }, 
        {
            "{#DOMAINSSL}": "www.r8168.net"
        }, 
        {
            "{#DOMAINSSL}": "r8168.net"
        }, 
        {
            "{#DOMAINSSL}": "aaa9409.com"
        }, 
        {
            "{#DOMAINSSL}": "aaa9410.com"
        }, 
        {
            "{#DOMAINSSL}": "aaa9411.com"
        }, 
        {
            "{#DOMAINSSL}": "www.aaa9409.com"
        }, 
        {
            "{#DOMAINSSL}": "www.aaa9410.com"
        }, 
        {
            "{#DOMAINSSL}": "www.aaa9411.com"
        }, 
        {
            "{#DOMAINSSL}": "aaa9889.com"
        }, 
        {
            "{#DOMAINSSL}": "www.aaa9889.com"
        }, 
        {
            "{#DOMAINSSL}": "ws.legendli.cn"
        }, 
        {
            "{#DOMAINSSL}": "www.gochat900.com"
        }
    ]
}
DEBUG 2021-10-11 01:09:06,702 - ####################################################################################################
DEBUG 2021-10-11 01:09:06,708 - DOMAIN DISCOVER
INFO 2021-10-11 01:09:06,709 - {
    "data": [
        {
            "{#DOMAINSSL}": "www.aaa9408.com"
        }, 
        {
            "{#DOMAINSSL}": "aaa9888.com"
        }, 
        {
            "{#DOMAINSSL}": "aaa9408.com"
        }, 
        {
            "{#DOMAINSSL}": "statt.maxpartner.cn"
        }, 
        {
            "{#DOMAINSSL}": "r8588.net"
        }, 
        {
            "{#DOMAINSSL}": "www.r8588.net"
        }, 
        {
            "{#DOMAINSSL}": "www.r8168.net"
        }, 
        {
            "{#DOMAINSSL}": "r8168.net"
        }, 
        {
            "{#DOMAINSSL}": "aaa9409.com"
        }, 
        {
            "{#DOMAINSSL}": "aaa9410.com"
        }, 
        {
            "{#DOMAINSSL}": "aaa9411.com"
        }, 
        {
            "{#DOMAINSSL}": "www.aaa9409.com"
        }, 
        {
            "{#DOMAINSSL}": "www.aaa9410.com"
        }, 
        {
            "{#DOMAINSSL}": "www.aaa9411.com"
        }, 
        {
            "{#DOMAINSSL}": "aaa9889.com"
        }, 
        {
            "{#DOMAINSSL}": "www.aaa9889.com"
        }, 
        {
            "{#DOMAINSSL}": "ws.legendli.cn"
        }, 
        {
            "{#DOMAINSSL}": "www.gochat900.com"
        }
    ]
}
DEBUG 2021-10-11 02:09:07,415 - ####################################################################################################
DEBUG 2021-10-11 02:09:07,422 - DOMAIN DISCOVER
INFO 2021-10-11 02:09:07,422 - {
    "data": [
        {
            "{#DOMAINSSL}": "www.aaa9408.com"
        }, 
        {
            "{#DOMAINSSL}": "aaa9888.com"
        }, 
        {
            "{#DOMAINSSL}": "aaa9408.com"
        }, 
        {
            "{#DOMAINSSL}": "statt.maxpartner.cn"
        }, 
        {
            "{#DOMAINSSL}": "r8588.net"
        }, 
        {
            "{#DOMAINSSL}": "www.r8588.net"
        }, 
        {
            "{#DOMAINSSL}": "www.r8168.net"
        }, 
        {
            "{#DOMAINSSL}": "r8168.net"
        }, 
        {
            "{#DOMAINSSL}": "aaa9409.com"
        }, 
        {
            "{#DOMAINSSL}": "aaa9410.com"
        }, 
        {
            "{#DOMAINSSL}": "aaa9411.com"
        }, 
        {
            "{#DOMAINSSL}": "www.aaa9409.com"
        }, 
        {
            "{#DOMAINSSL}": "www.aaa9410.com"
        }, 
        {
            "{#DOMAINSSL}": "www.aaa9411.com"
        }, 
        {
            "{#DOMAINSSL}": "aaa9889.com"
        }, 
        {
            "{#DOMAINSSL}": "www.aaa9889.com"
        }, 
        {
            "{#DOMAINSSL}": "ws.legendli.cn"
        }, 
        {
            "{#DOMAINSSL}": "www.gochat900.com"
        }
    ]
}
DEBUG 2021-10-11 03:09:06,281 - ####################################################################################################
DEBUG 2021-10-11 03:09:06,287 - DOMAIN DISCOVER
INFO 2021-10-11 03:09:06,287 - {
    "data": [
        {
            "{#DOMAINSSL}": "www.aaa9408.com"
        }, 
        {
            "{#DOMAINSSL}": "aaa9888.com"
        }, 
        {
            "{#DOMAINSSL}": "aaa9408.com"
        }, 
        {
            "{#DOMAINSSL}": "statt.maxpartner.cn"
        }, 
        {
            "{#DOMAINSSL}": "r8588.net"
        }, 
        {
            "{#DOMAINSSL}": "www.r8588.net"
        }, 
        {
            "{#DOMAINSSL}": "www.r8168.net"
        }, 
        {
            "{#DOMAINSSL}": "r8168.net"
        }, 
        {
            "{#DOMAINSSL}": "aaa9409.com"
        }, 
        {
            "{#DOMAINSSL}": "aaa9410.com"
        }, 
        {
            "{#DOMAINSSL}": "aaa9411.com"
        }, 
        {
            "{#DOMAINSSL}": "www.aaa9409.com"
        }, 
        {
            "{#DOMAINSSL}": "www.aaa9410.com"
        }, 
        {
            "{#DOMAINSSL}": "www.aaa9411.com"
        }, 
        {
            "{#DOMAINSSL}": "aaa9889.com"
        }, 
        {
            "{#DOMAINSSL}": "www.aaa9889.com"
        }, 
        {
            "{#DOMAINSSL}": "ws.legendli.cn"
        }, 
        {
            "{#DOMAINSSL}": "www.gochat900.com"
        }
    ]
}
DEBUG 2021-10-11 04:09:06,256 - ####################################################################################################
DEBUG 2021-10-11 04:09:06,262 - DOMAIN DISCOVER
INFO 2021-10-11 04:09:06,262 - {
    "data": [
        {
            "{#DOMAINSSL}": "www.aaa9408.com"
        }, 
        {
            "{#DOMAINSSL}": "aaa9888.com"
        }, 
        {
            "{#DOMAINSSL}": "aaa9408.com"
        }, 
        {
            "{#DOMAINSSL}": "statt.maxpartner.cn"
        }, 
        {
            "{#DOMAINSSL}": "r8588.net"
        }, 
        {
            "{#DOMAINSSL}": "www.r8588.net"
        }, 
        {
            "{#DOMAINSSL}": "www.r8168.net"
        }, 
        {
            "{#DOMAINSSL}": "r8168.net"
        }, 
        {
            "{#DOMAINSSL}": "aaa9409.com"
        }, 
        {
            "{#DOMAINSSL}": "aaa9410.com"
        }, 
        {
            "{#DOMAINSSL}": "aaa9411.com"
        }, 
        {
            "{#DOMAINSSL}": "www.aaa9409.com"
        }, 
        {
            "{#DOMAINSSL}": "www.aaa9410.com"
        }, 
        {
            "{#DOMAINSSL}": "www.aaa9411.com"
        }, 
        {
            "{#DOMAINSSL}": "aaa9889.com"
        }, 
        {
            "{#DOMAINSSL}": "www.aaa9889.com"
        }, 
        {
            "{#DOMAINSSL}": "ws.legendli.cn"
        }, 
        {
            "{#DOMAINSSL}": "www.gochat900.com"
        }
    ]
}
DEBUG 2021-10-11 05:09:06,198 - ####################################################################################################
DEBUG 2021-10-11 05:09:06,205 - DOMAIN DISCOVER
INFO 2021-10-11 05:09:06,205 - {
    "data": [
        {
            "{#DOMAINSSL}": "v2r-hk1.zhubb.top"
        }, 
        {
            "{#DOMAINSSL}": "www.aaa9408.com"
        }, 
        {
            "{#DOMAINSSL}": "v2r-hk2.zhubb.top"
        }, 
        {
            "{#DOMAINSSL}": "aaa9888.com"
        }, 
        {
            "{#DOMAINSSL}": "www.aidedao.com"
        }, 
        {
            "{#DOMAINSSL}": "aaa9408.com"
        }, 
        {
            "{#DOMAINSSL}": "statt.maxpartner.cn"
        }, 
        {
            "{#DOMAINSSL}": "r8588.net"
        }, 
        {
            "{#DOMAINSSL}": "www.r8588.net"
        }, 
        {
            "{#DOMAINSSL}": "www.r8168.net"
        }, 
        {
            "{#DOMAINSSL}": "r8168.net"
        }, 
        {
            "{#DOMAINSSL}": "aaa9409.com"
        }, 
        {
            "{#DOMAINSSL}": "aaa9410.com"
        }, 
        {
            "{#DOMAINSSL}": "aaa9411.com"
        }, 
        {
            "{#DOMAINSSL}": "www.aaa9409.com"
        }, 
        {
            "{#DOMAINSSL}": "www.aaa9410.com"
        }, 
        {
            "{#DOMAINSSL}": "www.aaa9411.com"
        }, 
        {
            "{#DOMAINSSL}": "aaa9889.com"
        }, 
        {
            "{#DOMAINSSL}": "www.aaa9889.com"
        }, 
        {
            "{#DOMAINSSL}": "ws.legendli.cn"
        }, 
        {
            "{#DOMAINSSL}": "neweb.me"
        }, 
        {
            "{#DOMAINSSL}": "www.aidedao.com"
        }, 
        {
            "{#DOMAINSSL}": "b8095.com"
        }, 
        {
            "{#DOMAINSSL}": "www.b8095.com"
        }, 
        {
            "{#DOMAINSSL}": "www.aidedao.com"
        }, 
        {
            "{#DOMAINSSL}": "www.gochat900.com"
        }
    ]
}
DEBUG 2021-10-11 06:09:05,206 - ####################################################################################################
DEBUG 2021-10-11 06:09:05,212 - DOMAIN DISCOVER
INFO 2021-10-11 06:09:05,213 - {
    "data": [
        {
            "{#DOMAINSSL}": "v2r-hk1.zhubb.top"
        }, 
        {
            "{#DOMAINSSL}": "www.aaa9408.com"
        }, 
        {
            "{#DOMAINSSL}": "138eu.net"
        }, 
        {
            "{#DOMAINSSL}": "eu7.com"
        }, 
        {
            "{#DOMAINSSL}": "v2r-hk2.zhubb.top"
        }, 
        {
            "{#DOMAINSSL}": "aaa9888.com"
        }, 
        {
            "{#DOMAINSSL}": "www.aidedao.com"
        }, 
        {
            "{#DOMAINSSL}": "aaa9408.com"
        }, 
        {
            "{#DOMAINSSL}": "statt.maxpartner.cn"
        }, 
        {
            "{#DOMAINSSL}": "r8588.net"
        }, 
        {
            "{#DOMAINSSL}": "www.r8588.net"
        }, 
        {
            "{#DOMAINSSL}": "www.r8168.net"
        }, 
        {
            "{#DOMAINSSL}": "r8168.net"
        }, 
        {
            "{#DOMAINSSL}": "aaa9409.com"
        }, 
        {
            "{#DOMAINSSL}": "aaa9410.com"
        }, 
        {
            "{#DOMAINSSL}": "aaa9411.com"
        }, 
        {
            "{#DOMAINSSL}": "www.aaa9409.com"
        }, 
        {
            "{#DOMAINSSL}": "www.aaa9410.com"
        }, 
        {
            "{#DOMAINSSL}": "www.aaa9411.com"
        }, 
        {
            "{#DOMAINSSL}": "aaa9889.com"
        }, 
        {
            "{#DOMAINSSL}": "www.aaa9889.com"
        }, 
        {
            "{#DOMAINSSL}": "ws.legendli.cn"
        }, 
        {
            "{#DOMAINSSL}": "neweb.me"
        }, 
        {
            "{#DOMAINSSL}": "www.aidedao.com"
        }, 
        {
            "{#DOMAINSSL}": "b8095.com"
        }, 
        {
            "{#DOMAINSSL}": "www.b8095.com"
        }, 
        {
            "{#DOMAINSSL}": "www.aidedao.com"
        }, 
        {
            "{#DOMAINSSL}": "www.gochat900.com"
        }
    ]
}
DEBUG 2021-10-11 07:09:06,921 - ####################################################################################################
DEBUG 2021-10-11 07:09:06,927 - DOMAIN DISCOVER
INFO 2021-10-11 07:09:06,927 - {
    "data": [
        {
            "{#DOMAINSSL}": "v2r-hk1.zhubb.top"
        }, 
        {
            "{#DOMAINSSL}": "www.aaa9408.com"
        }, 
        {
            "{#DOMAINSSL}": "v2r-hk2.zhubb.top"
        }, 
        {
            "{#DOMAINSSL}": "aaa9888.com"
        }, 
        {
            "{#DOMAINSSL}": "www.aidedao.com"
        }, 
        {
            "{#DOMAINSSL}": "aaa9408.com"
        }, 
        {
            "{#DOMAINSSL}": "statt.maxpartner.cn"
        }, 
        {
            "{#DOMAINSSL}": "r8588.net"
        }, 
        {
            "{#DOMAINSSL}": "www.r8588.net"
        }, 
        {
            "{#DOMAINSSL}": "www.r8168.net"
        }, 
        {
            "{#DOMAINSSL}": "r8168.net"
        }, 
        {
            "{#DOMAINSSL}": "aaa9409.com"
        }, 
        {
            "{#DOMAINSSL}": "aaa9410.com"
        }, 
        {
            "{#DOMAINSSL}": "aaa9411.com"
        }, 
        {
            "{#DOMAINSSL}": "www.aaa9409.com"
        }, 
        {
            "{#DOMAINSSL}": "www.aaa9410.com"
        }, 
        {
            "{#DOMAINSSL}": "www.aaa9411.com"
        }, 
        {
            "{#DOMAINSSL}": "aaa9889.com"
        }, 
        {
            "{#DOMAINSSL}": "www.aaa9889.com"
        }, 
        {
            "{#DOMAINSSL}": "ws.legendli.cn"
        }, 
        {
            "{#DOMAINSSL}": "neweb.me"
        }, 
        {
            "{#DOMAINSSL}": "www.aidedao.com"
        }, 
        {
            "{#DOMAINSSL}": "b8095.com"
        }, 
        {
            "{#DOMAINSSL}": "www.b8095.com"
        }, 
        {
            "{#DOMAINSSL}": "www.aidedao.com"
        }, 
        {
            "{#DOMAINSSL}": "www.gochat900.com"
        }
    ]
}
DEBUG 2021-10-11 08:09:06,986 - ####################################################################################################
DEBUG 2021-10-11 08:09:06,992 - DOMAIN DISCOVER
INFO 2021-10-11 08:09:06,992 - {
    "data": [
        {
            "{#DOMAINSSL}": "v2r-hk1.zhubb.top"
        }, 
        {
            "{#DOMAINSSL}": "www.aaa9408.com"
        }, 
        {
            "{#DOMAINSSL}": "v2r-hk2.zhubb.top"
        }, 
        {
            "{#DOMAINSSL}": "aaa9888.com"
        }, 
        {
            "{#DOMAINSSL}": "www.aidedao.com"
        }, 
        {
            "{#DOMAINSSL}": "aaa9408.com"
        }, 
        {
            "{#DOMAINSSL}": "statt.maxpartner.cn"
        }, 
        {
            "{#DOMAINSSL}": "r8588.net"
        }, 
        {
            "{#DOMAINSSL}": "www.r8588.net"
        }, 
        {
            "{#DOMAINSSL}": "www.r8168.net"
        }, 
        {
            "{#DOMAINSSL}": "r8168.net"
        }, 
        {
            "{#DOMAINSSL}": "aaa9409.com"
        }, 
        {
            "{#DOMAINSSL}": "aaa9410.com"
        }, 
        {
            "{#DOMAINSSL}": "aaa9411.com"
        }, 
        {
            "{#DOMAINSSL}": "www.aaa9409.com"
        }, 
        {
            "{#DOMAINSSL}": "www.aaa9410.com"
        }, 
        {
            "{#DOMAINSSL}": "www.aaa9411.com"
        }, 
        {
            "{#DOMAINSSL}": "aaa9889.com"
        }, 
        {
            "{#DOMAINSSL}": "www.aaa9889.com"
        }, 
        {
            "{#DOMAINSSL}": "ws.legendli.cn"
        }, 
        {
            "{#DOMAINSSL}": "neweb.me"
        }, 
        {
            "{#DOMAINSSL}": "www.aidedao.com"
        }, 
        {
            "{#DOMAINSSL}": "b8095.com"
        }, 
        {
            "{#DOMAINSSL}": "www.b8095.com"
        }, 
        {
            "{#DOMAINSSL}": "www.aidedao.com"
        }, 
        {
            "{#DOMAINSSL}": "www.gochat900.com"
        }
    ]
}
DEBUG 2021-10-11 09:09:06,654 - ####################################################################################################
DEBUG 2021-10-11 09:09:06,661 - DOMAIN DISCOVER
INFO 2021-10-11 09:09:06,661 - {
    "data": [
        {
            "{#DOMAINSSL}": "v2r-hk1.zhubb.top"
        }, 
        {
            "{#DOMAINSSL}": "www.aaa9408.com"
        }, 
        {
            "{#DOMAINSSL}": "v2r-hk2.zhubb.top"
        }, 
        {
            "{#DOMAINSSL}": "aaa9888.com"
        }, 
        {
            "{#DOMAINSSL}": "www.aidedao.com"
        }, 
        {
            "{#DOMAINSSL}": "aaa9408.com"
        }, 
        {
            "{#DOMAINSSL}": "statt.maxpartner.cn"
        }, 
        {
            "{#DOMAINSSL}": "r8588.net"
        }, 
        {
            "{#DOMAINSSL}": "www.r8588.net"
        }, 
        {
            "{#DOMAINSSL}": "www.r8168.net"
        }, 
        {
            "{#DOMAINSSL}": "r8168.net"
        }, 
        {
            "{#DOMAINSSL}": "aaa9409.com"
        }, 
        {
            "{#DOMAINSSL}": "aaa9410.com"
        }, 
        {
            "{#DOMAINSSL}": "aaa9411.com"
        }, 
        {
            "{#DOMAINSSL}": "www.aaa9409.com"
        }, 
        {
            "{#DOMAINSSL}": "www.aaa9410.com"
        }, 
        {
            "{#DOMAINSSL}": "www.aaa9411.com"
        }, 
        {
            "{#DOMAINSSL}": "aaa9889.com"
        }, 
        {
            "{#DOMAINSSL}": "www.aaa9889.com"
        }, 
        {
            "{#DOMAINSSL}": "ws.legendli.cn"
        }, 
        {
            "{#DOMAINSSL}": "neweb.me"
        }, 
        {
            "{#DOMAINSSL}": "www.aidedao.com"
        }, 
        {
            "{#DOMAINSSL}": "b8095.com"
        }, 
        {
            "{#DOMAINSSL}": "www.b8095.com"
        }, 
        {
            "{#DOMAINSSL}": "www.aidedao.com"
        }, 
        {
            "{#DOMAINSSL}": "www.gochat900.com"
        }
    ]
}
DEBUG 2021-10-11 10:09:09,014 - ####################################################################################################
DEBUG 2021-10-11 10:09:09,020 - DOMAIN DISCOVER
INFO 2021-10-11 10:09:09,020 - {
    "data": [
        {
            "{#DOMAINSSL}": "v2r-hk1.zhubb.top"
        }, 
        {
            "{#DOMAINSSL}": "www.aaa9408.com"
        }, 
        {
            "{#DOMAINSSL}": "v2r-hk2.zhubb.top"
        }, 
        {
            "{#DOMAINSSL}": "aaa9888.com"
        }, 
        {
            "{#DOMAINSSL}": "www.aidedao.com"
        }, 
        {
            "{#DOMAINSSL}": "aaa9408.com"
        }, 
        {
            "{#DOMAINSSL}": "statt.maxpartner.cn"
        }, 
        {
            "{#DOMAINSSL}": "r8588.net"
        }, 
        {
            "{#DOMAINSSL}": "www.r8588.net"
        }, 
        {
            "{#DOMAINSSL}": "www.r8168.net"
        }, 
        {
            "{#DOMAINSSL}": "r8168.net"
        }, 
        {
            "{#DOMAINSSL}": "aaa9409.com"
        }, 
        {
            "{#DOMAINSSL}": "aaa9410.com"
        }, 
        {
            "{#DOMAINSSL}": "aaa9411.com"
        }, 
        {
            "{#DOMAINSSL}": "www.aaa9409.com"
        }, 
        {
            "{#DOMAINSSL}": "www.aaa9410.com"
        }, 
        {
            "{#DOMAINSSL}": "www.aaa9411.com"
        }, 
        {
            "{#DOMAINSSL}": "aaa9889.com"
        }, 
        {
            "{#DOMAINSSL}": "www.aaa9889.com"
        }, 
        {
            "{#DOMAINSSL}": "ws.legendli.cn"
        }, 
        {
            "{#DOMAINSSL}": "neweb.me"
        }, 
        {
            "{#DOMAINSSL}": "www.aidedao.com"
        }, 
        {
            "{#DOMAINSSL}": "b8095.com"
        }, 
        {
            "{#DOMAINSSL}": "www.b8095.com"
        }, 
        {
            "{#DOMAINSSL}": "www.aidedao.com"
        }, 
        {
            "{#DOMAINSSL}": "www.gochat900.com"
        }
    ]
}
DEBUG 2021-10-11 11:09:07,826 - ####################################################################################################
DEBUG 2021-10-11 11:09:07,832 - DOMAIN DISCOVER
INFO 2021-10-11 11:09:07,832 - {
    "data": [
        {
            "{#DOMAINSSL}": "v2r-hk1.zhubb.top"
        }, 
        {
            "{#DOMAINSSL}": "www.aaa9408.com"
        }, 
        {
            "{#DOMAINSSL}": "v2r-hk2.zhubb.top"
        }, 
        {
            "{#DOMAINSSL}": "aaa9888.com"
        }, 
        {
            "{#DOMAINSSL}": "www.aidedao.com"
        }, 
        {
            "{#DOMAINSSL}": "aaa9408.com"
        }, 
        {
            "{#DOMAINSSL}": "r8588.net"
        }, 
        {
            "{#DOMAINSSL}": "www.r8588.net"
        }, 
        {
            "{#DOMAINSSL}": "www.r8168.net"
        }, 
        {
            "{#DOMAINSSL}": "r8168.net"
        }, 
        {
            "{#DOMAINSSL}": "aaa9409.com"
        }, 
        {
            "{#DOMAINSSL}": "aaa9410.com"
        }, 
        {
            "{#DOMAINSSL}": "aaa9411.com"
        }, 
        {
            "{#DOMAINSSL}": "www.aaa9409.com"
        }, 
        {
            "{#DOMAINSSL}": "www.aaa9410.com"
        }, 
        {
            "{#DOMAINSSL}": "www.aaa9411.com"
        }, 
        {
            "{#DOMAINSSL}": "aaa9889.com"
        }, 
        {
            "{#DOMAINSSL}": "www.aaa9889.com"
        }, 
        {
            "{#DOMAINSSL}": "neweb.me"
        }, 
        {
            "{#DOMAINSSL}": "www.aidedao.com"
        }, 
        {
            "{#DOMAINSSL}": "b8095.com"
        }, 
        {
            "{#DOMAINSSL}": "www.b8095.com"
        }, 
        {
            "{#DOMAINSSL}": "www.aidedao.com"
        }, 
        {
            "{#DOMAINSSL}": "www.gochat900.com"
        }
    ]
}
DEBUG 2021-10-11 12:09:08,145 - ####################################################################################################
DEBUG 2021-10-11 12:09:08,151 - DOMAIN DISCOVER
INFO 2021-10-11 12:09:08,151 - {
    "data": [
        {
            "{#DOMAINSSL}": "v2r-hk1.zhubb.top"
        }, 
        {
            "{#DOMAINSSL}": "www.aaa9408.com"
        }, 
        {
            "{#DOMAINSSL}": "v2r-hk2.zhubb.top"
        }, 
        {
            "{#DOMAINSSL}": "aaa9888.com"
        }, 
        {
            "{#DOMAINSSL}": "www.aidedao.com"
        }, 
        {
            "{#DOMAINSSL}": "aaa9408.com"
        }, 
        {
            "{#DOMAINSSL}": "r8588.net"
        }, 
        {
            "{#DOMAINSSL}": "www.r8588.net"
        }, 
        {
            "{#DOMAINSSL}": "www.r8168.net"
        }, 
        {
            "{#DOMAINSSL}": "r8168.net"
        }, 
        {
            "{#DOMAINSSL}": "aaa9409.com"
        }, 
        {
            "{#DOMAINSSL}": "aaa9410.com"
        }, 
        {
            "{#DOMAINSSL}": "aaa9411.com"
        }, 
        {
            "{#DOMAINSSL}": "www.aaa9409.com"
        }, 
        {
            "{#DOMAINSSL}": "www.aaa9410.com"
        }, 
        {
            "{#DOMAINSSL}": "www.aaa9411.com"
        }, 
        {
            "{#DOMAINSSL}": "aaa9889.com"
        }, 
        {
            "{#DOMAINSSL}": "www.aaa9889.com"
        }, 
        {
            "{#DOMAINSSL}": "neweb.me"
        }, 
        {
            "{#DOMAINSSL}": "www.aidedao.com"
        }, 
        {
            "{#DOMAINSSL}": "b8095.com"
        }, 
        {
            "{#DOMAINSSL}": "www.b8095.com"
        }, 
        {
            "{#DOMAINSSL}": "www.aidedao.com"
        }, 
        {
            "{#DOMAINSSL}": "www.gochat900.com"
        }
    ]
}
DEBUG 2021-10-11 13:09:06,177 - ####################################################################################################
DEBUG 2021-10-11 13:09:06,183 - DOMAIN DISCOVER
INFO 2021-10-11 13:09:06,183 - {
    "data": [
        {
            "{#DOMAINSSL}": "v2r-hk1.zhubb.top"
        }, 
        {
            "{#DOMAINSSL}": "www.aaa9408.com"
        }, 
        {
            "{#DOMAINSSL}": "v2r-hk2.zhubb.top"
        }, 
        {
            "{#DOMAINSSL}": "aaa9888.com"
        }, 
        {
            "{#DOMAINSSL}": "www.aidedao.com"
        }, 
        {
            "{#DOMAINSSL}": "aaa9408.com"
        }, 
        {
            "{#DOMAINSSL}": "r8588.net"
        }, 
        {
            "{#DOMAINSSL}": "www.r8588.net"
        }, 
        {
            "{#DOMAINSSL}": "www.r8168.net"
        }, 
        {
            "{#DOMAINSSL}": "r8168.net"
        }, 
        {
            "{#DOMAINSSL}": "aaa9409.com"
        }, 
        {
            "{#DOMAINSSL}": "aaa9410.com"
        }, 
        {
            "{#DOMAINSSL}": "aaa9411.com"
        }, 
        {
            "{#DOMAINSSL}": "www.aaa9409.com"
        }, 
        {
            "{#DOMAINSSL}": "www.aaa9410.com"
        }, 
        {
            "{#DOMAINSSL}": "www.aaa9411.com"
        }, 
        {
            "{#DOMAINSSL}": "aaa9889.com"
        }, 
        {
            "{#DOMAINSSL}": "www.aaa9889.com"
        }, 
        {
            "{#DOMAINSSL}": "neweb.me"
        }, 
        {
            "{#DOMAINSSL}": "www.aidedao.com"
        }, 
        {
            "{#DOMAINSSL}": "b8095.com"
        }, 
        {
            "{#DOMAINSSL}": "www.b8095.com"
        }, 
        {
            "{#DOMAINSSL}": "www.aidedao.com"
        }, 
        {
            "{#DOMAINSSL}": "www.gochat900.com"
        }
    ]
}
DEBUG 2021-10-11 14:09:07,472 - ####################################################################################################
DEBUG 2021-10-11 14:09:07,478 - DOMAIN DISCOVER
INFO 2021-10-11 14:09:07,478 - {
    "data": [
        {
            "{#DOMAINSSL}": "v2r-hk1.zhubb.top"
        }, 
        {
            "{#DOMAINSSL}": "www.aaa9408.com"
        }, 
        {
            "{#DOMAINSSL}": "v2r-hk2.zhubb.top"
        }, 
        {
            "{#DOMAINSSL}": "aaa9888.com"
        }, 
        {
            "{#DOMAINSSL}": "www.aidedao.com"
        }, 
        {
            "{#DOMAINSSL}": "aaa9408.com"
        }, 
        {
            "{#DOMAINSSL}": "r8588.net"
        }, 
        {
            "{#DOMAINSSL}": "www.r8588.net"
        }, 
        {
            "{#DOMAINSSL}": "www.r8168.net"
        }, 
        {
            "{#DOMAINSSL}": "r8168.net"
        }, 
        {
            "{#DOMAINSSL}": "aaa9409.com"
        }, 
        {
            "{#DOMAINSSL}": "aaa9410.com"
        }, 
        {
            "{#DOMAINSSL}": "aaa9411.com"
        }, 
        {
            "{#DOMAINSSL}": "www.aaa9409.com"
        }, 
        {
            "{#DOMAINSSL}": "www.aaa9410.com"
        }, 
        {
            "{#DOMAINSSL}": "www.aaa9411.com"
        }, 
        {
            "{#DOMAINSSL}": "aaa9889.com"
        }, 
        {
            "{#DOMAINSSL}": "www.aaa9889.com"
        }, 
        {
            "{#DOMAINSSL}": "neweb.me"
        }, 
        {
            "{#DOMAINSSL}": "www.aidedao.com"
        }, 
        {
            "{#DOMAINSSL}": "b8095.com"
        }, 
        {
            "{#DOMAINSSL}": "www.b8095.com"
        }, 
        {
            "{#DOMAINSSL}": "www.aidedao.com"
        }, 
        {
            "{#DOMAINSSL}": "www.gochat900.com"
        }
    ]
}
DEBUG 2021-10-11 15:09:16,213 - ####################################################################################################
DEBUG 2021-10-11 15:09:16,219 - DOMAIN DISCOVER
INFO 2021-10-11 15:09:16,220 - {
    "data": [
        {
            "{#DOMAINSSL}": "v2r-hk1.zhubb.top"
        }, 
        {
            "{#DOMAINSSL}": "www.aaa9408.com"
        }, 
        {
            "{#DOMAINSSL}": "v2r-hk2.zhubb.top"
        }, 
        {
            "{#DOMAINSSL}": "aaa9888.com"
        }, 
        {
            "{#DOMAINSSL}": "www.aidedao.com"
        }, 
        {
            "{#DOMAINSSL}": "aaa9408.com"
        }, 
        {
            "{#DOMAINSSL}": "r8588.net"
        }, 
        {
            "{#DOMAINSSL}": "www.r8588.net"
        }, 
        {
            "{#DOMAINSSL}": "www.r8168.net"
        }, 
        {
            "{#DOMAINSSL}": "r8168.net"
        }, 
        {
            "{#DOMAINSSL}": "aaa9409.com"
        }, 
        {
            "{#DOMAINSSL}": "aaa9410.com"
        }, 
        {
            "{#DOMAINSSL}": "aaa9411.com"
        }, 
        {
            "{#DOMAINSSL}": "www.aaa9409.com"
        }, 
        {
            "{#DOMAINSSL}": "www.aaa9410.com"
        }, 
        {
            "{#DOMAINSSL}": "www.aaa9411.com"
        }, 
        {
            "{#DOMAINSSL}": "aaa9889.com"
        }, 
        {
            "{#DOMAINSSL}": "www.aaa9889.com"
        }, 
        {
            "{#DOMAINSSL}": "neweb.me"
        }, 
        {
            "{#DOMAINSSL}": "www.aidedao.com"
        }, 
        {
            "{#DOMAINSSL}": "b8095.com"
        }, 
        {
            "{#DOMAINSSL}": "www.b8095.com"
        }, 
        {
            "{#DOMAINSSL}": "www.aidedao.com"
        }, 
        {
            "{#DOMAINSSL}": "www.gochat900.com"
        }
    ]
}
DEBUG 2021-10-11 16:09:08,287 - ####################################################################################################
DEBUG 2021-10-11 16:09:08,294 - DOMAIN DISCOVER
INFO 2021-10-11 16:09:08,295 - {
    "data": [
        {
            "{#DOMAINSSL}": "v2r-hk1.zhubb.top"
        }, 
        {
            "{#DOMAINSSL}": "www.aaa9408.com"
        }, 
        {
            "{#DOMAINSSL}": "v2r-hk2.zhubb.top"
        }, 
        {
            "{#DOMAINSSL}": "aaa9888.com"
        }, 
        {
            "{#DOMAINSSL}": "www.aidedao.com"
        }, 
        {
            "{#DOMAINSSL}": "aaa9408.com"
        }, 
        {
            "{#DOMAINSSL}": "r8588.net"
        }, 
        {
            "{#DOMAINSSL}": "www.r8588.net"
        }, 
        {
            "{#DOMAINSSL}": "www.r8168.net"
        }, 
        {
            "{#DOMAINSSL}": "r8168.net"
        }, 
        {
            "{#DOMAINSSL}": "aaa9409.com"
        }, 
        {
            "{#DOMAINSSL}": "aaa9410.com"
        }, 
        {
            "{#DOMAINSSL}": "aaa9411.com"
        }, 
        {
            "{#DOMAINSSL}": "www.aaa9409.com"
        }, 
        {
            "{#DOMAINSSL}": "www.aaa9410.com"
        }, 
        {
            "{#DOMAINSSL}": "www.aaa9411.com"
        }, 
        {
            "{#DOMAINSSL}": "aaa9889.com"
        }, 
        {
            "{#DOMAINSSL}": "www.aaa9889.com"
        }, 
        {
            "{#DOMAINSSL}": "neweb.me"
        }, 
        {
            "{#DOMAINSSL}": "www.aidedao.com"
        }, 
        {
            "{#DOMAINSSL}": "b8095.com"
        }, 
        {
            "{#DOMAINSSL}": "www.b8095.com"
        }, 
        {
            "{#DOMAINSSL}": "www.aidedao.com"
        }, 
        {
            "{#DOMAINSSL}": "www.gochat900.com"
        }
    ]
}
DEBUG 2021-10-11 17:09:06,125 - ####################################################################################################
DEBUG 2021-10-11 17:09:06,132 - DOMAIN DISCOVER
INFO 2021-10-11 17:09:06,132 - {
    "data": [
        {
            "{#DOMAINSSL}": "v2r-hk1.zhubb.top"
        }, 
        {
            "{#DOMAINSSL}": "www.aaa9408.com"
        }, 
        {
            "{#DOMAINSSL}": "v2r-hk2.zhubb.top"
        }, 
        {
            "{#DOMAINSSL}": "aaa9888.com"
        }, 
        {
            "{#DOMAINSSL}": "www.aidedao.com"
        }, 
        {
            "{#DOMAINSSL}": "aaa9408.com"
        }, 
        {
            "{#DOMAINSSL}": "r8588.net"
        }, 
        {
            "{#DOMAINSSL}": "www.r8588.net"
        }, 
        {
            "{#DOMAINSSL}": "www.r8168.net"
        }, 
        {
            "{#DOMAINSSL}": "r8168.net"
        }, 
        {
            "{#DOMAINSSL}": "aaa9409.com"
        }, 
        {
            "{#DOMAINSSL}": "aaa9410.com"
        }, 
        {
            "{#DOMAINSSL}": "aaa9411.com"
        }, 
        {
            "{#DOMAINSSL}": "www.aaa9409.com"
        }, 
        {
            "{#DOMAINSSL}": "www.aaa9410.com"
        }, 
        {
            "{#DOMAINSSL}": "www.aaa9411.com"
        }, 
        {
            "{#DOMAINSSL}": "aaa9889.com"
        }, 
        {
            "{#DOMAINSSL}": "www.aaa9889.com"
        }, 
        {
            "{#DOMAINSSL}": "neweb.me"
        }, 
        {
            "{#DOMAINSSL}": "www.aidedao.com"
        }, 
        {
            "{#DOMAINSSL}": "b8095.com"
        }, 
        {
            "{#DOMAINSSL}": "www.b8095.com"
        }, 
        {
            "{#DOMAINSSL}": "www.aidedao.com"
        }, 
        {
            "{#DOMAINSSL}": "www.gochat900.com"
        }
    ]
}
DEBUG 2021-10-11 18:09:07,407 - ####################################################################################################
DEBUG 2021-10-11 18:09:07,412 - DOMAIN DISCOVER
INFO 2021-10-11 18:09:07,412 - {
    "data": [
        {
            "{#DOMAINSSL}": "v2r-hk1.zhubb.top"
        }, 
        {
            "{#DOMAINSSL}": "www.aaa9408.com"
        }, 
        {
            "{#DOMAINSSL}": "v2r-hk2.zhubb.top"
        }, 
        {
            "{#DOMAINSSL}": "aaa9888.com"
        }, 
        {
            "{#DOMAINSSL}": "www.aidedao.com"
        }, 
        {
            "{#DOMAINSSL}": "aaa9408.com"
        }, 
        {
            "{#DOMAINSSL}": "r8588.net"
        }, 
        {
            "{#DOMAINSSL}": "www.r8588.net"
        }, 
        {
            "{#DOMAINSSL}": "www.r8168.net"
        }, 
        {
            "{#DOMAINSSL}": "r8168.net"
        }, 
        {
            "{#DOMAINSSL}": "aaa9409.com"
        }, 
        {
            "{#DOMAINSSL}": "aaa9410.com"
        }, 
        {
            "{#DOMAINSSL}": "aaa9411.com"
        }, 
        {
            "{#DOMAINSSL}": "www.aaa9409.com"
        }, 
        {
            "{#DOMAINSSL}": "www.aaa9410.com"
        }, 
        {
            "{#DOMAINSSL}": "www.aaa9411.com"
        }, 
        {
            "{#DOMAINSSL}": "aaa9889.com"
        }, 
        {
            "{#DOMAINSSL}": "www.aaa9889.com"
        }, 
        {
            "{#DOMAINSSL}": "neweb.me"
        }, 
        {
            "{#DOMAINSSL}": "www.aidedao.com"
        }, 
        {
            "{#DOMAINSSL}": "b8095.com"
        }, 
        {
            "{#DOMAINSSL}": "www.b8095.com"
        }, 
        {
            "{#DOMAINSSL}": "www.aidedao.com"
        }, 
        {
            "{#DOMAINSSL}": "www.gochat900.com"
        }
    ]
}
DEBUG 2021-10-11 19:09:05,955 - ####################################################################################################
DEBUG 2021-10-11 19:09:05,962 - DOMAIN DISCOVER
INFO 2021-10-11 19:09:05,962 - {
    "data": [
        {
            "{#DOMAINSSL}": "v2r-hk1.zhubb.top"
        }, 
        {
            "{#DOMAINSSL}": "www.aaa9408.com"
        }, 
        {
            "{#DOMAINSSL}": "v2r-hk2.zhubb.top"
        }, 
        {
            "{#DOMAINSSL}": "aaa9888.com"
        }, 
        {
            "{#DOMAINSSL}": "www.aidedao.com"
        }, 
        {
            "{#DOMAINSSL}": "aaa9408.com"
        }, 
        {
            "{#DOMAINSSL}": "r8588.net"
        }, 
        {
            "{#DOMAINSSL}": "www.r8588.net"
        }, 
        {
            "{#DOMAINSSL}": "www.r8168.net"
        }, 
        {
            "{#DOMAINSSL}": "r8168.net"
        }, 
        {
            "{#DOMAINSSL}": "aaa9409.com"
        }, 
        {
            "{#DOMAINSSL}": "aaa9410.com"
        }, 
        {
            "{#DOMAINSSL}": "aaa9411.com"
        }, 
        {
            "{#DOMAINSSL}": "www.aaa9409.com"
        }, 
        {
            "{#DOMAINSSL}": "www.aaa9410.com"
        }, 
        {
            "{#DOMAINSSL}": "www.aaa9411.com"
        }, 
        {
            "{#DOMAINSSL}": "aaa9889.com"
        }, 
        {
            "{#DOMAINSSL}": "www.aaa9889.com"
        }, 
        {
            "{#DOMAINSSL}": "neweb.me"
        }, 
        {
            "{#DOMAINSSL}": "www.aidedao.com"
        }, 
        {
            "{#DOMAINSSL}": "b8095.com"
        }, 
        {
            "{#DOMAINSSL}": "www.b8095.com"
        }, 
        {
            "{#DOMAINSSL}": "www.aidedao.com"
        }, 
        {
            "{#DOMAINSSL}": "www.gochat900.com"
        }
    ]
}
DEBUG 2021-10-11 20:09:06,512 - ####################################################################################################
DEBUG 2021-10-11 20:09:06,517 - DOMAIN DISCOVER
INFO 2021-10-11 20:09:06,518 - {
    "data": [
        {
            "{#DOMAINSSL}": "v2r-hk1.zhubb.top"
        }, 
        {
            "{#DOMAINSSL}": "www.aaa9408.com"
        }, 
        {
            "{#DOMAINSSL}": "v2r-hk2.zhubb.top"
        }, 
        {
            "{#DOMAINSSL}": "aaa9888.com"
        }, 
        {
            "{#DOMAINSSL}": "www.aidedao.com"
        }, 
        {
            "{#DOMAINSSL}": "aaa9408.com"
        }, 
        {
            "{#DOMAINSSL}": "r8588.net"
        }, 
        {
            "{#DOMAINSSL}": "www.r8588.net"
        }, 
        {
            "{#DOMAINSSL}": "www.r8168.net"
        }, 
        {
            "{#DOMAINSSL}": "r8168.net"
        }, 
        {
            "{#DOMAINSSL}": "aaa9409.com"
        }, 
        {
            "{#DOMAINSSL}": "aaa9410.com"
        }, 
        {
            "{#DOMAINSSL}": "aaa9411.com"
        }, 
        {
            "{#DOMAINSSL}": "www.aaa9409.com"
        }, 
        {
            "{#DOMAINSSL}": "www.aaa9410.com"
        }, 
        {
            "{#DOMAINSSL}": "www.aaa9411.com"
        }, 
        {
            "{#DOMAINSSL}": "aaa9889.com"
        }, 
        {
            "{#DOMAINSSL}": "www.aaa9889.com"
        }, 
        {
            "{#DOMAINSSL}": "neweb.me"
        }, 
        {
            "{#DOMAINSSL}": "www.aidedao.com"
        }, 
        {
            "{#DOMAINSSL}": "b8095.com"
        }, 
        {
            "{#DOMAINSSL}": "www.b8095.com"
        }, 
        {
            "{#DOMAINSSL}": "www.aidedao.com"
        }, 
        {
            "{#DOMAINSSL}": "www.gochat900.com"
        }
    ]
}
DEBUG 2021-10-11 21:09:05,845 - ####################################################################################################
DEBUG 2021-10-11 21:09:05,852 - DOMAIN DISCOVER
INFO 2021-10-11 21:09:05,852 - {
    "data": [
        {
            "{#DOMAINSSL}": "v2r-hk1.zhubb.top"
        }, 
        {
            "{#DOMAINSSL}": "www.aaa9408.com"
        }, 
        {
            "{#DOMAINSSL}": "v2r-hk2.zhubb.top"
        }, 
        {
            "{#DOMAINSSL}": "aaa9888.com"
        }, 
        {
            "{#DOMAINSSL}": "www.aidedao.com"
        }, 
        {
            "{#DOMAINSSL}": "aaa9408.com"
        }, 
        {
            "{#DOMAINSSL}": "r8588.net"
        }, 
        {
            "{#DOMAINSSL}": "www.r8588.net"
        }, 
        {
            "{#DOMAINSSL}": "www.r8168.net"
        }, 
        {
            "{#DOMAINSSL}": "r8168.net"
        }, 
        {
            "{#DOMAINSSL}": "aaa9409.com"
        }, 
        {
            "{#DOMAINSSL}": "aaa9410.com"
        }, 
        {
            "{#DOMAINSSL}": "aaa9411.com"
        }, 
        {
            "{#DOMAINSSL}": "www.aaa9409.com"
        }, 
        {
            "{#DOMAINSSL}": "www.aaa9410.com"
        }, 
        {
            "{#DOMAINSSL}": "www.aaa9411.com"
        }, 
        {
            "{#DOMAINSSL}": "aaa9889.com"
        }, 
        {
            "{#DOMAINSSL}": "www.aaa9889.com"
        }, 
        {
            "{#DOMAINSSL}": "neweb.me"
        }, 
        {
            "{#DOMAINSSL}": "www.aidedao.com"
        }, 
        {
            "{#DOMAINSSL}": "b8095.com"
        }, 
        {
            "{#DOMAINSSL}": "www.b8095.com"
        }, 
        {
            "{#DOMAINSSL}": "www.aidedao.com"
        }, 
        {
            "{#DOMAINSSL}": "www.gochat900.com"
        }
    ]
}
DEBUG 2021-10-11 22:09:07,481 - ####################################################################################################
DEBUG 2021-10-11 22:09:07,488 - DOMAIN DISCOVER
INFO 2021-10-11 22:09:07,488 - {
    "data": [
        {
            "{#DOMAINSSL}": "v2r-hk1.zhubb.top"
        }, 
        {
            "{#DOMAINSSL}": "www.aaa9408.com"
        }, 
        {
            "{#DOMAINSSL}": "v2r-hk2.zhubb.top"
        }, 
        {
            "{#DOMAINSSL}": "aaa9888.com"
        }, 
        {
            "{#DOMAINSSL}": "www.aidedao.com"
        }, 
        {
            "{#DOMAINSSL}": "aaa9408.com"
        }, 
        {
            "{#DOMAINSSL}": "r8588.net"
        }, 
        {
            "{#DOMAINSSL}": "www.r8588.net"
        }, 
        {
            "{#DOMAINSSL}": "www.r8168.net"
        }, 
        {
            "{#DOMAINSSL}": "r8168.net"
        }, 
        {
            "{#DOMAINSSL}": "aaa9409.com"
        }, 
        {
            "{#DOMAINSSL}": "aaa9410.com"
        }, 
        {
            "{#DOMAINSSL}": "aaa9411.com"
        }, 
        {
            "{#DOMAINSSL}": "www.aaa9409.com"
        }, 
        {
            "{#DOMAINSSL}": "www.aaa9410.com"
        }, 
        {
            "{#DOMAINSSL}": "www.aaa9411.com"
        }, 
        {
            "{#DOMAINSSL}": "aaa9889.com"
        }, 
        {
            "{#DOMAINSSL}": "www.aaa9889.com"
        }, 
        {
            "{#DOMAINSSL}": "neweb.me"
        }, 
        {
            "{#DOMAINSSL}": "www.aidedao.com"
        }, 
        {
            "{#DOMAINSSL}": "b8095.com"
        }, 
        {
            "{#DOMAINSSL}": "www.b8095.com"
        }, 
        {
            "{#DOMAINSSL}": "www.aidedao.com"
        }, 
        {
            "{#DOMAINSSL}": "www.gochat900.com"
        }
    ]
}
DEBUG 2021-10-11 23:09:07,305 - ####################################################################################################
DEBUG 2021-10-11 23:09:07,310 - DOMAIN DISCOVER
INFO 2021-10-11 23:09:07,311 - {
    "data": [
        {
            "{#DOMAINSSL}": "v2r-hk1.zhubb.top"
        }, 
        {
            "{#DOMAINSSL}": "www.aaa9408.com"
        }, 
        {
            "{#DOMAINSSL}": "v2r-hk2.zhubb.top"
        }, 
        {
            "{#DOMAINSSL}": "aaa9888.com"
        }, 
        {
            "{#DOMAINSSL}": "www.aidedao.com"
        }, 
        {
            "{#DOMAINSSL}": "aaa9408.com"
        }, 
        {
            "{#DOMAINSSL}": "r8588.net"
        }, 
        {
            "{#DOMAINSSL}": "www.r8588.net"
        }, 
        {
            "{#DOMAINSSL}": "www.r8168.net"
        }, 
        {
            "{#DOMAINSSL}": "r8168.net"
        }, 
        {
            "{#DOMAINSSL}": "aaa9409.com"
        }, 
        {
            "{#DOMAINSSL}": "aaa9410.com"
        }, 
        {
            "{#DOMAINSSL}": "aaa9411.com"
        }, 
        {
            "{#DOMAINSSL}": "www.aaa9409.com"
        }, 
        {
            "{#DOMAINSSL}": "www.aaa9410.com"
        }, 
        {
            "{#DOMAINSSL}": "www.aaa9411.com"
        }, 
        {
            "{#DOMAINSSL}": "aaa9889.com"
        }, 
        {
            "{#DOMAINSSL}": "www.aaa9889.com"
        }, 
        {
            "{#DOMAINSSL}": "neweb.me"
        }, 
        {
            "{#DOMAINSSL}": "www.aidedao.com"
        }, 
        {
            "{#DOMAINSSL}": "b8095.com"
        }, 
        {
            "{#DOMAINSSL}": "www.b8095.com"
        }, 
        {
            "{#DOMAINSSL}": "www.aidedao.com"
        }, 
        {
            "{#DOMAINSSL}": "www.gochat900.com"
        }
    ]
}
