DEBUG 2021-10-19 00:09:05,520 - ####################################################################################################
DEBUG 2021-10-19 00:09:05,525 - DOMAIN DISCOVER
INFO 2021-10-19 00:09:05,525 - {
    "data": [
        {
            "{#DOMAINSSL}": "wsw4.lxzzs.cn"
        }, 
        {
            "{#DOMAINSSL}": "gts4.lxzzs.cn"
        }, 
        {
            "{#DOMAINSSL}": "aaa9409.com"
        }, 
        {
            "{#DOMAINSSL}": "aaa9410.com"
        }
    ]
}
DEBUG 2021-10-19 01:09:07,299 - ####################################################################################################
DEBUG 2021-10-19 01:09:07,305 - DOMAIN DISCOVER
INFO 2021-10-19 01:09:07,305 - {
    "data": [
        {
            "{#DOMAINSSL}": "wsw4.lxzzs.cn"
        }, 
        {
            "{#DOMAINSSL}": "gts4.lxzzs.cn"
        }, 
        {
            "{#DOMAINSSL}": "aaa9409.com"
        }, 
        {
            "{#DOMAINSSL}": "aaa9410.com"
        }
    ]
}
DEBUG 2021-10-19 02:09:06,250 - ####################################################################################################
DEBUG 2021-10-19 02:09:06,257 - DOMAIN DISCOVER
INFO 2021-10-19 02:09:06,257 - {
    "data": [
        {
            "{#DOMAINSSL}": "wsw4.lxzzs.cn"
        }, 
        {
            "{#DOMAINSSL}": "gts4.lxzzs.cn"
        }, 
        {
            "{#DOMAINSSL}": "aaa9409.com"
        }, 
        {
            "{#DOMAINSSL}": "aaa9410.com"
        }
    ]
}
DEBUG 2021-10-19 03:09:08,710 - ####################################################################################################
DEBUG 2021-10-19 03:09:08,716 - DOMAIN DISCOVER
INFO 2021-10-19 03:09:08,716 - {
    "data": [
        {
            "{#DOMAINSSL}": "wsw4.lxzzs.cn"
        }, 
        {
            "{#DOMAINSSL}": "gts4.lxzzs.cn"
        }, 
        {
            "{#DOMAINSSL}": "aaa9409.com"
        }, 
        {
            "{#DOMAINSSL}": "aaa9410.com"
        }
    ]
}
DEBUG 2021-10-19 04:09:06,813 - ####################################################################################################
DEBUG 2021-10-19 04:09:06,820 - DOMAIN DISCOVER
INFO 2021-10-19 04:09:06,820 - {
    "data": [
        {
            "{#DOMAINSSL}": "wsw4.lxzzs.cn"
        }, 
        {
            "{#DOMAINSSL}": "gts4.lxzzs.cn"
        }, 
        {
            "{#DOMAINSSL}": "aaa9409.com"
        }, 
        {
            "{#DOMAINSSL}": "aaa9410.com"
        }
    ]
}
DEBUG 2021-10-19 05:09:06,813 - ####################################################################################################
DEBUG 2021-10-19 05:09:06,820 - DOMAIN DISCOVER
INFO 2021-10-19 05:09:06,820 - {
    "data": [
        {
            "{#DOMAINSSL}": "delivip1.com"
        }, 
        {
            "{#DOMAINSSL}": "138eu.net"
        }, 
        {
            "{#DOMAINSSL}": "eu7.com"
        }
    ]
}
DEBUG 2021-10-19 06:09:07,446 - ####################################################################################################
DEBUG 2021-10-19 06:09:07,452 - DOMAIN DISCOVER
INFO 2021-10-19 06:09:07,452 - {
    "data": [
        {
            "{#DOMAINSSL}": "delivip1.com"
        }
    ]
}
DEBUG 2021-10-19 07:09:07,668 - ####################################################################################################
DEBUG 2021-10-19 07:09:07,673 - DOMAIN DISCOVER
INFO 2021-10-19 07:09:07,673 - {
    "data": []
}
DEBUG 2021-10-19 08:09:07,365 - ####################################################################################################
DEBUG 2021-10-19 08:09:07,370 - DOMAIN DISCOVER
INFO 2021-10-19 08:09:07,371 - {
    "data": []
}
DEBUG 2021-10-19 09:09:08,245 - ####################################################################################################
DEBUG 2021-10-19 09:09:08,251 - DOMAIN DISCOVER
INFO 2021-10-19 09:09:08,252 - {
    "data": []
}
DEBUG 2021-10-19 10:09:06,114 - ####################################################################################################
DEBUG 2021-10-19 10:09:06,119 - DOMAIN DISCOVER
INFO 2021-10-19 10:09:06,120 - {
    "data": []
}
DEBUG 2021-10-19 11:09:08,092 - ####################################################################################################
DEBUG 2021-10-19 11:09:08,097 - DOMAIN DISCOVER
INFO 2021-10-19 11:09:08,097 - {
    "data": []
}
DEBUG 2021-10-19 12:09:07,472 - ####################################################################################################
DEBUG 2021-10-19 12:09:07,478 - DOMAIN DISCOVER
INFO 2021-10-19 12:09:07,478 - {
    "data": []
}
DEBUG 2021-10-19 13:09:06,914 - ####################################################################################################
DEBUG 2021-10-19 13:09:06,919 - DOMAIN DISCOVER
INFO 2021-10-19 13:09:06,919 - {
    "data": []
}
DEBUG 2021-10-19 14:09:06,625 - ####################################################################################################
DEBUG 2021-10-19 14:09:06,631 - DOMAIN DISCOVER
INFO 2021-10-19 14:09:06,632 - {
    "data": []
}
DEBUG 2021-10-19 15:09:07,567 - ####################################################################################################
DEBUG 2021-10-19 15:09:07,574 - DOMAIN DISCOVER
INFO 2021-10-19 15:09:07,574 - {
    "data": []
}
DEBUG 2021-10-19 16:09:05,192 - ####################################################################################################
DEBUG 2021-10-19 16:09:05,198 - DOMAIN DISCOVER
INFO 2021-10-19 16:09:05,198 - {
    "data": []
}
DEBUG 2021-10-19 17:09:08,629 - ####################################################################################################
DEBUG 2021-10-19 17:09:08,636 - DOMAIN DISCOVER
INFO 2021-10-19 17:09:08,636 - {
    "data": []
}
DEBUG 2021-10-19 18:09:06,778 - ####################################################################################################
DEBUG 2021-10-19 18:09:06,784 - DOMAIN DISCOVER
INFO 2021-10-19 18:09:06,784 - {
    "data": []
}
DEBUG 2021-10-19 19:09:06,831 - ####################################################################################################
DEBUG 2021-10-19 19:09:06,837 - DOMAIN DISCOVER
INFO 2021-10-19 19:09:06,837 - {
    "data": []
}
DEBUG 2021-10-19 20:09:07,690 - ####################################################################################################
DEBUG 2021-10-19 20:09:07,697 - DOMAIN DISCOVER
INFO 2021-10-19 20:09:07,698 - {
    "data": []
}
DEBUG 2021-10-19 21:09:07,837 - ####################################################################################################
DEBUG 2021-10-19 21:09:07,844 - DOMAIN DISCOVER
INFO 2021-10-19 21:09:07,844 - {
    "data": []
}
DEBUG 2021-10-19 22:09:08,257 - ####################################################################################################
DEBUG 2021-10-19 22:09:08,263 - DOMAIN DISCOVER
INFO 2021-10-19 22:09:08,264 - {
    "data": []
}
DEBUG 2021-10-19 23:09:07,017 - ####################################################################################################
DEBUG 2021-10-19 23:09:07,023 - DOMAIN DISCOVER
INFO 2021-10-19 23:09:07,023 - {
    "data": []
}
