DEBUG 2021-07-01 00:08:54,027 - ####################################################################################################
DEBUG 2021-07-01 00:08:54,033 - DOMAIN DISCOVER
INFO 2021-07-01 00:08:54,033 - {
    "data": [
        {
            "{#DOMAINSSL}": "hujidi.com"
        }, 
        {
            "{#DOMAINSSL}": "pc.dianwoa.top"
        }, 
        {
            "{#DOMAINSSL}": "ying88888.com"
        }, 
        {
            "{#DOMAINSSL}": "eu2018.net"
        }, 
        {
            "{#DOMAINSSL}": "jin172.com"
        }, 
        {
            "{#DOMAINSSL}": "re.dianwoa.top"
        }, 
        {
            "{#DOMAINSSL}": "jsh521.com"
        }, 
        {
            "{#DOMAINSSL}": "www.jsh521.com"
        }, 
        {
            "{#DOMAINSSL}": "eu122.com"
        }, 
        {
            "{#DOMAINSSL}": "www.eu122.com"
        }, 
        {
            "{#DOMAINSSL}": "eu7799.com"
        }, 
        {
            "{#DOMAINSSL}": "www.eu7799.com"
        }, 
        {
            "{#DOMAINSSL}": "12golf.com"
        }, 
        {
            "{#DOMAINSSL}": "www.12golf.com"
        }, 
        {
            "{#DOMAINSSL}": "tochat333.com"
        }, 
        {
            "{#DOMAINSSL}": "www.wukongchat.com"
        }, 
        {
            "{#DOMAINSSL}": "www.wukongchat.com"
        }, 
        {
            "{#DOMAINSSL}": "www.eu590.com"
        }, 
        {
            "{#DOMAINSSL}": "eu590.com"
        }, 
        {
            "{#DOMAINSSL}": "wpc89.com"
        }, 
        {
            "{#DOMAINSSL}": "www.wpc89.com"
        }, 
        {
            "{#DOMAINSSL}": "jbl.live"
        }, 
        {
            "{#DOMAINSSL}": "www.jbl.live"
        }
    ]
}
DEBUG 2021-07-01 01:08:52,037 - ####################################################################################################
DEBUG 2021-07-01 01:08:52,043 - DOMAIN DISCOVER
INFO 2021-07-01 01:08:52,044 - {
    "data": [
        {
            "{#DOMAINSSL}": "hujidi.com"
        }, 
        {
            "{#DOMAINSSL}": "pc.dianwoa.top"
        }, 
        {
            "{#DOMAINSSL}": "ying88888.com"
        }, 
        {
            "{#DOMAINSSL}": "eu2018.net"
        }, 
        {
            "{#DOMAINSSL}": "jin172.com"
        }, 
        {
            "{#DOMAINSSL}": "re.dianwoa.top"
        }, 
        {
            "{#DOMAINSSL}": "jsh521.com"
        }, 
        {
            "{#DOMAINSSL}": "www.jsh521.com"
        }, 
        {
            "{#DOMAINSSL}": "eu122.com"
        }, 
        {
            "{#DOMAINSSL}": "www.eu122.com"
        }, 
        {
            "{#DOMAINSSL}": "eu7799.com"
        }, 
        {
            "{#DOMAINSSL}": "www.eu7799.com"
        }, 
        {
            "{#DOMAINSSL}": "12golf.com"
        }, 
        {
            "{#DOMAINSSL}": "www.12golf.com"
        }, 
        {
            "{#DOMAINSSL}": "tochat333.com"
        }, 
        {
            "{#DOMAINSSL}": "www.wukongchat.com"
        }, 
        {
            "{#DOMAINSSL}": "www.wukongchat.com"
        }, 
        {
            "{#DOMAINSSL}": "www.eu590.com"
        }, 
        {
            "{#DOMAINSSL}": "eu590.com"
        }, 
        {
            "{#DOMAINSSL}": "wpc89.com"
        }, 
        {
            "{#DOMAINSSL}": "www.wpc89.com"
        }, 
        {
            "{#DOMAINSSL}": "jbl.live"
        }, 
        {
            "{#DOMAINSSL}": "www.jbl.live"
        }
    ]
}
DEBUG 2021-07-01 02:08:47,912 - ####################################################################################################
DEBUG 2021-07-01 02:08:47,917 - DOMAIN DISCOVER
INFO 2021-07-01 02:08:47,918 - {
    "data": [
        {
            "{#DOMAINSSL}": "hujidi.com"
        }, 
        {
            "{#DOMAINSSL}": "pc.dianwoa.top"
        }, 
        {
            "{#DOMAINSSL}": "ying88888.com"
        }, 
        {
            "{#DOMAINSSL}": "eu2018.net"
        }, 
        {
            "{#DOMAINSSL}": "jin172.com"
        }, 
        {
            "{#DOMAINSSL}": "re.dianwoa.top"
        }, 
        {
            "{#DOMAINSSL}": "jsh521.com"
        }, 
        {
            "{#DOMAINSSL}": "www.jsh521.com"
        }, 
        {
            "{#DOMAINSSL}": "eu122.com"
        }, 
        {
            "{#DOMAINSSL}": "www.eu122.com"
        }, 
        {
            "{#DOMAINSSL}": "eu7799.com"
        }, 
        {
            "{#DOMAINSSL}": "www.eu7799.com"
        }, 
        {
            "{#DOMAINSSL}": "12golf.com"
        }, 
        {
            "{#DOMAINSSL}": "www.12golf.com"
        }, 
        {
            "{#DOMAINSSL}": "tochat333.com"
        }, 
        {
            "{#DOMAINSSL}": "www.wukongchat.com"
        }, 
        {
            "{#DOMAINSSL}": "www.wukongchat.com"
        }, 
        {
            "{#DOMAINSSL}": "www.eu590.com"
        }, 
        {
            "{#DOMAINSSL}": "eu590.com"
        }, 
        {
            "{#DOMAINSSL}": "wpc89.com"
        }, 
        {
            "{#DOMAINSSL}": "www.wpc89.com"
        }, 
        {
            "{#DOMAINSSL}": "jbl.live"
        }, 
        {
            "{#DOMAINSSL}": "www.jbl.live"
        }
    ]
}
DEBUG 2021-07-01 03:08:50,674 - ####################################################################################################
DEBUG 2021-07-01 03:08:50,681 - DOMAIN DISCOVER
INFO 2021-07-01 03:08:50,681 - {
    "data": [
        {
            "{#DOMAINSSL}": "hujidi.com"
        }, 
        {
            "{#DOMAINSSL}": "pc.dianwoa.top"
        }, 
        {
            "{#DOMAINSSL}": "ying88888.com"
        }, 
        {
            "{#DOMAINSSL}": "eu2018.net"
        }, 
        {
            "{#DOMAINSSL}": "jin172.com"
        }, 
        {
            "{#DOMAINSSL}": "re.dianwoa.top"
        }, 
        {
            "{#DOMAINSSL}": "jsh521.com"
        }, 
        {
            "{#DOMAINSSL}": "www.jsh521.com"
        }, 
        {
            "{#DOMAINSSL}": "eu122.com"
        }, 
        {
            "{#DOMAINSSL}": "www.eu122.com"
        }, 
        {
            "{#DOMAINSSL}": "eu7799.com"
        }, 
        {
            "{#DOMAINSSL}": "www.eu7799.com"
        }, 
        {
            "{#DOMAINSSL}": "12golf.com"
        }, 
        {
            "{#DOMAINSSL}": "www.12golf.com"
        }, 
        {
            "{#DOMAINSSL}": "tochat333.com"
        }, 
        {
            "{#DOMAINSSL}": "www.wukongchat.com"
        }, 
        {
            "{#DOMAINSSL}": "www.wukongchat.com"
        }, 
        {
            "{#DOMAINSSL}": "www.eu590.com"
        }, 
        {
            "{#DOMAINSSL}": "eu590.com"
        }, 
        {
            "{#DOMAINSSL}": "wpc89.com"
        }, 
        {
            "{#DOMAINSSL}": "www.wpc89.com"
        }, 
        {
            "{#DOMAINSSL}": "jbl.live"
        }, 
        {
            "{#DOMAINSSL}": "www.jbl.live"
        }
    ]
}
DEBUG 2021-07-01 04:08:47,218 - ####################################################################################################
DEBUG 2021-07-01 04:08:47,224 - DOMAIN DISCOVER
INFO 2021-07-01 04:08:47,224 - {
    "data": [
        {
            "{#DOMAINSSL}": "hujidi.com"
        }, 
        {
            "{#DOMAINSSL}": "pc.dianwoa.top"
        }, 
        {
            "{#DOMAINSSL}": "ying88888.com"
        }, 
        {
            "{#DOMAINSSL}": "eu2018.net"
        }, 
        {
            "{#DOMAINSSL}": "jin172.com"
        }, 
        {
            "{#DOMAINSSL}": "re.dianwoa.top"
        }, 
        {
            "{#DOMAINSSL}": "jsh521.com"
        }, 
        {
            "{#DOMAINSSL}": "www.jsh521.com"
        }, 
        {
            "{#DOMAINSSL}": "eu122.com"
        }, 
        {
            "{#DOMAINSSL}": "www.eu122.com"
        }, 
        {
            "{#DOMAINSSL}": "eu7799.com"
        }, 
        {
            "{#DOMAINSSL}": "www.eu7799.com"
        }, 
        {
            "{#DOMAINSSL}": "12golf.com"
        }, 
        {
            "{#DOMAINSSL}": "www.12golf.com"
        }, 
        {
            "{#DOMAINSSL}": "tochat333.com"
        }, 
        {
            "{#DOMAINSSL}": "www.wukongchat.com"
        }, 
        {
            "{#DOMAINSSL}": "www.wukongchat.com"
        }, 
        {
            "{#DOMAINSSL}": "www.eu590.com"
        }, 
        {
            "{#DOMAINSSL}": "eu590.com"
        }, 
        {
            "{#DOMAINSSL}": "wpc89.com"
        }, 
        {
            "{#DOMAINSSL}": "www.wpc89.com"
        }, 
        {
            "{#DOMAINSSL}": "jbl.live"
        }, 
        {
            "{#DOMAINSSL}": "www.jbl.live"
        }
    ]
}
DEBUG 2021-07-01 05:08:49,300 - ####################################################################################################
DEBUG 2021-07-01 05:08:49,306 - DOMAIN DISCOVER
INFO 2021-07-01 05:08:49,306 - {
    "data": [
        {
            "{#DOMAINSSL}": "xindeli05.com"
        }, 
        {
            "{#DOMAINSSL}": "eu666vip.com"
        }, 
        {
            "{#DOMAINSSL}": "deli16.com"
        }, 
        {
            "{#DOMAINSSL}": "jin321.com"
        }, 
        {
            "{#DOMAINSSL}": "bbasia8.net"
        }, 
        {
            "{#DOMAINSSL}": "jinshihao99.com"
        }, 
        {
            "{#DOMAINSSL}": "hujidi.com"
        }, 
        {
            "{#DOMAINSSL}": "gci.xbet977.com"
        }, 
        {
            "{#DOMAINSSL}": "12golf.com"
        }, 
        {
            "{#DOMAINSSL}": "www.12golf.com"
        }, 
        {
            "{#DOMAINSSL}": "tochat333.com"
        }, 
        {
            "{#DOMAINSSL}": "www.wukongchat.com"
        }, 
        {
            "{#DOMAINSSL}": "www.wukongchat.com"
        }, 
        {
            "{#DOMAINSSL}": "wpc89.com"
        }, 
        {
            "{#DOMAINSSL}": "www.wpc89.com"
        }, 
        {
            "{#DOMAINSSL}": "jbl.live"
        }, 
        {
            "{#DOMAINSSL}": "www.jbl.live"
        }
    ]
}
DEBUG 2021-07-01 06:08:48,588 - ####################################################################################################
DEBUG 2021-07-01 06:08:48,594 - DOMAIN DISCOVER
INFO 2021-07-01 06:08:48,595 - {
    "data": [
        {
            "{#DOMAINSSL}": "deli28.info"
        }, 
        {
            "{#DOMAINSSL}": "jsh20.com"
        }, 
        {
            "{#DOMAINSSL}": "bao918.com"
        }, 
        {
            "{#DOMAINSSL}": "bao685.com"
        }, 
        {
            "{#DOMAINSSL}": "hujidi.com"
        }, 
        {
            "{#DOMAINSSL}": "12golf.com"
        }, 
        {
            "{#DOMAINSSL}": "www.12golf.com"
        }, 
        {
            "{#DOMAINSSL}": "tochat333.com"
        }, 
        {
            "{#DOMAINSSL}": "www.wukongchat.com"
        }, 
        {
            "{#DOMAINSSL}": "www.wukongchat.com"
        }, 
        {
            "{#DOMAINSSL}": "wpc87.com"
        }, 
        {
            "{#DOMAINSSL}": "wpc89.com"
        }, 
        {
            "{#DOMAINSSL}": "www.wpc89.com"
        }, 
        {
            "{#DOMAINSSL}": "jbl.live"
        }, 
        {
            "{#DOMAINSSL}": "www.jbl.live"
        }
    ]
}
DEBUG 2021-07-01 07:08:51,095 - ####################################################################################################
DEBUG 2021-07-01 07:08:51,102 - DOMAIN DISCOVER
INFO 2021-07-01 07:08:51,102 - {
    "data": [
        {
            "{#DOMAINSSL}": "hujidi.com"
        }, 
        {
            "{#DOMAINSSL}": "12golf.com"
        }, 
        {
            "{#DOMAINSSL}": "www.12golf.com"
        }, 
        {
            "{#DOMAINSSL}": "tochat333.com"
        }, 
        {
            "{#DOMAINSSL}": "www.wukongchat.com"
        }, 
        {
            "{#DOMAINSSL}": "www.wukongchat.com"
        }, 
        {
            "{#DOMAINSSL}": "wpc89.com"
        }, 
        {
            "{#DOMAINSSL}": "www.wpc89.com"
        }, 
        {
            "{#DOMAINSSL}": "jbl.live"
        }, 
        {
            "{#DOMAINSSL}": "www.jbl.live"
        }
    ]
}
DEBUG 2021-07-01 08:08:50,267 - ####################################################################################################
DEBUG 2021-07-01 08:08:50,273 - DOMAIN DISCOVER
INFO 2021-07-01 08:08:50,273 - {
    "data": [
        {
            "{#DOMAINSSL}": "hujidi.com"
        }, 
        {
            "{#DOMAINSSL}": "12golf.com"
        }, 
        {
            "{#DOMAINSSL}": "www.12golf.com"
        }, 
        {
            "{#DOMAINSSL}": "tochat333.com"
        }, 
        {
            "{#DOMAINSSL}": "www.wukongchat.com"
        }, 
        {
            "{#DOMAINSSL}": "www.wukongchat.com"
        }, 
        {
            "{#DOMAINSSL}": "wpc89.com"
        }, 
        {
            "{#DOMAINSSL}": "www.wpc89.com"
        }, 
        {
            "{#DOMAINSSL}": "jbl.live"
        }, 
        {
            "{#DOMAINSSL}": "www.jbl.live"
        }
    ]
}
DEBUG 2021-07-01 09:08:49,450 - ####################################################################################################
DEBUG 2021-07-01 09:08:49,457 - DOMAIN DISCOVER
INFO 2021-07-01 09:08:49,457 - {
    "data": [
        {
            "{#DOMAINSSL}": "hujidi.com"
        }, 
        {
            "{#DOMAINSSL}": "12golf.com"
        }, 
        {
            "{#DOMAINSSL}": "www.12golf.com"
        }, 
        {
            "{#DOMAINSSL}": "tochat333.com"
        }, 
        {
            "{#DOMAINSSL}": "www.wukongchat.com"
        }, 
        {
            "{#DOMAINSSL}": "www.wukongchat.com"
        }, 
        {
            "{#DOMAINSSL}": "wpc89.com"
        }, 
        {
            "{#DOMAINSSL}": "www.wpc89.com"
        }, 
        {
            "{#DOMAINSSL}": "jbl.live"
        }, 
        {
            "{#DOMAINSSL}": "www.jbl.live"
        }
    ]
}
DEBUG 2021-07-01 10:08:50,673 - ####################################################################################################
DEBUG 2021-07-01 10:08:50,679 - DOMAIN DISCOVER
INFO 2021-07-01 10:08:50,679 - {
    "data": [
        {
            "{#DOMAINSSL}": "hujidi.com"
        }, 
        {
            "{#DOMAINSSL}": "12golf.com"
        }, 
        {
            "{#DOMAINSSL}": "www.12golf.com"
        }, 
        {
            "{#DOMAINSSL}": "tochat333.com"
        }, 
        {
            "{#DOMAINSSL}": "www.wukongchat.com"
        }, 
        {
            "{#DOMAINSSL}": "www.wukongchat.com"
        }, 
        {
            "{#DOMAINSSL}": "wpc89.com"
        }, 
        {
            "{#DOMAINSSL}": "www.wpc89.com"
        }, 
        {
            "{#DOMAINSSL}": "jbl.live"
        }, 
        {
            "{#DOMAINSSL}": "www.jbl.live"
        }
    ]
}
DEBUG 2021-07-01 11:08:47,971 - ####################################################################################################
DEBUG 2021-07-01 11:08:47,977 - DOMAIN DISCOVER
INFO 2021-07-01 11:08:47,977 - {
    "data": [
        {
            "{#DOMAINSSL}": "hujidi.com"
        }, 
        {
            "{#DOMAINSSL}": "12golf.com"
        }, 
        {
            "{#DOMAINSSL}": "www.12golf.com"
        }, 
        {
            "{#DOMAINSSL}": "tochat333.com"
        }, 
        {
            "{#DOMAINSSL}": "www.wukongchat.com"
        }, 
        {
            "{#DOMAINSSL}": "www.wukongchat.com"
        }, 
        {
            "{#DOMAINSSL}": "wpc89.com"
        }, 
        {
            "{#DOMAINSSL}": "www.wpc89.com"
        }, 
        {
            "{#DOMAINSSL}": "jbl.live"
        }, 
        {
            "{#DOMAINSSL}": "www.jbl.live"
        }
    ]
}
DEBUG 2021-07-01 12:08:49,128 - ####################################################################################################
DEBUG 2021-07-01 12:08:49,134 - DOMAIN DISCOVER
INFO 2021-07-01 12:08:49,135 - {
    "data": [
        {
            "{#DOMAINSSL}": "hujidi.com"
        }, 
        {
            "{#DOMAINSSL}": "12golf.com"
        }, 
        {
            "{#DOMAINSSL}": "www.12golf.com"
        }, 
        {
            "{#DOMAINSSL}": "tochat333.com"
        }, 
        {
            "{#DOMAINSSL}": "www.wukongchat.com"
        }, 
        {
            "{#DOMAINSSL}": "www.wukongchat.com"
        }, 
        {
            "{#DOMAINSSL}": "wpc89.com"
        }, 
        {
            "{#DOMAINSSL}": "www.wpc89.com"
        }, 
        {
            "{#DOMAINSSL}": "jbl.live"
        }, 
        {
            "{#DOMAINSSL}": "www.jbl.live"
        }
    ]
}
DEBUG 2021-07-01 13:08:49,541 - ####################################################################################################
DEBUG 2021-07-01 13:08:49,546 - DOMAIN DISCOVER
INFO 2021-07-01 13:08:49,546 - {
    "data": [
        {
            "{#DOMAINSSL}": "hujidi.com"
        }, 
        {
            "{#DOMAINSSL}": "12golf.com"
        }, 
        {
            "{#DOMAINSSL}": "www.12golf.com"
        }, 
        {
            "{#DOMAINSSL}": "tochat333.com"
        }, 
        {
            "{#DOMAINSSL}": "www.wukongchat.com"
        }, 
        {
            "{#DOMAINSSL}": "www.wukongchat.com"
        }, 
        {
            "{#DOMAINSSL}": "wpc89.com"
        }, 
        {
            "{#DOMAINSSL}": "www.wpc89.com"
        }, 
        {
            "{#DOMAINSSL}": "jbl.live"
        }, 
        {
            "{#DOMAINSSL}": "www.jbl.live"
        }
    ]
}
DEBUG 2021-07-01 14:08:51,592 - ####################################################################################################
DEBUG 2021-07-01 14:08:51,598 - DOMAIN DISCOVER
INFO 2021-07-01 14:08:51,598 - {
    "data": [
        {
            "{#DOMAINSSL}": "hujidi.com"
        }, 
        {
            "{#DOMAINSSL}": "12golf.com"
        }, 
        {
            "{#DOMAINSSL}": "www.12golf.com"
        }, 
        {
            "{#DOMAINSSL}": "tochat333.com"
        }, 
        {
            "{#DOMAINSSL}": "www.wukongchat.com"
        }, 
        {
            "{#DOMAINSSL}": "www.wukongchat.com"
        }, 
        {
            "{#DOMAINSSL}": "wpc89.com"
        }, 
        {
            "{#DOMAINSSL}": "www.wpc89.com"
        }, 
        {
            "{#DOMAINSSL}": "jbl.live"
        }, 
        {
            "{#DOMAINSSL}": "www.jbl.live"
        }
    ]
}
DEBUG 2021-07-01 15:08:50,558 - ####################################################################################################
DEBUG 2021-07-01 15:08:50,564 - DOMAIN DISCOVER
INFO 2021-07-01 15:08:50,565 - {
    "data": [
        {
            "{#DOMAINSSL}": "hujidi.com"
        }, 
        {
            "{#DOMAINSSL}": "12golf.com"
        }, 
        {
            "{#DOMAINSSL}": "www.12golf.com"
        }, 
        {
            "{#DOMAINSSL}": "tochat333.com"
        }, 
        {
            "{#DOMAINSSL}": "www.wukongchat.com"
        }, 
        {
            "{#DOMAINSSL}": "www.wukongchat.com"
        }, 
        {
            "{#DOMAINSSL}": "wpc89.com"
        }, 
        {
            "{#DOMAINSSL}": "www.wpc89.com"
        }, 
        {
            "{#DOMAINSSL}": "jbl.live"
        }, 
        {
            "{#DOMAINSSL}": "www.jbl.live"
        }
    ]
}
DEBUG 2021-07-01 16:08:49,098 - ####################################################################################################
DEBUG 2021-07-01 16:08:49,105 - DOMAIN DISCOVER
INFO 2021-07-01 16:08:49,105 - {
    "data": [
        {
            "{#DOMAINSSL}": "hujidi.com"
        }, 
        {
            "{#DOMAINSSL}": "12golf.com"
        }, 
        {
            "{#DOMAINSSL}": "www.12golf.com"
        }, 
        {
            "{#DOMAINSSL}": "tochat333.com"
        }, 
        {
            "{#DOMAINSSL}": "www.wukongchat.com"
        }, 
        {
            "{#DOMAINSSL}": "www.wukongchat.com"
        }, 
        {
            "{#DOMAINSSL}": "wpc89.com"
        }, 
        {
            "{#DOMAINSSL}": "www.wpc89.com"
        }, 
        {
            "{#DOMAINSSL}": "jbl.live"
        }, 
        {
            "{#DOMAINSSL}": "www.jbl.live"
        }
    ]
}
DEBUG 2021-07-01 17:08:50,373 - ####################################################################################################
DEBUG 2021-07-01 17:08:50,380 - DOMAIN DISCOVER
INFO 2021-07-01 17:08:50,381 - {
    "data": [
        {
            "{#DOMAINSSL}": "hujidi.com"
        }, 
        {
            "{#DOMAINSSL}": "12golf.com"
        }, 
        {
            "{#DOMAINSSL}": "www.12golf.com"
        }, 
        {
            "{#DOMAINSSL}": "tochat333.com"
        }, 
        {
            "{#DOMAINSSL}": "www.wukongchat.com"
        }, 
        {
            "{#DOMAINSSL}": "www.wukongchat.com"
        }, 
        {
            "{#DOMAINSSL}": "wpc89.com"
        }, 
        {
            "{#DOMAINSSL}": "www.wpc89.com"
        }, 
        {
            "{#DOMAINSSL}": "jbl.live"
        }, 
        {
            "{#DOMAINSSL}": "www.jbl.live"
        }
    ]
}
DEBUG 2021-07-01 18:08:49,146 - ####################################################################################################
DEBUG 2021-07-01 18:08:49,152 - DOMAIN DISCOVER
INFO 2021-07-01 18:08:49,153 - {
    "data": [
        {
            "{#DOMAINSSL}": "hujidi.com"
        }, 
        {
            "{#DOMAINSSL}": "12golf.com"
        }, 
        {
            "{#DOMAINSSL}": "www.12golf.com"
        }, 
        {
            "{#DOMAINSSL}": "tochat333.com"
        }, 
        {
            "{#DOMAINSSL}": "www.wukongchat.com"
        }, 
        {
            "{#DOMAINSSL}": "www.wukongchat.com"
        }, 
        {
            "{#DOMAINSSL}": "wpc89.com"
        }, 
        {
            "{#DOMAINSSL}": "www.wpc89.com"
        }, 
        {
            "{#DOMAINSSL}": "jbl.live"
        }, 
        {
            "{#DOMAINSSL}": "www.jbl.live"
        }
    ]
}
DEBUG 2021-07-01 19:08:48,522 - ####################################################################################################
DEBUG 2021-07-01 19:08:48,529 - DOMAIN DISCOVER
INFO 2021-07-01 19:08:48,529 - {
    "data": [
        {
            "{#DOMAINSSL}": "hujidi.com"
        }, 
        {
            "{#DOMAINSSL}": "12golf.com"
        }, 
        {
            "{#DOMAINSSL}": "www.12golf.com"
        }, 
        {
            "{#DOMAINSSL}": "tochat333.com"
        }, 
        {
            "{#DOMAINSSL}": "www.wukongchat.com"
        }, 
        {
            "{#DOMAINSSL}": "www.wukongchat.com"
        }, 
        {
            "{#DOMAINSSL}": "wpc89.com"
        }, 
        {
            "{#DOMAINSSL}": "www.wpc89.com"
        }, 
        {
            "{#DOMAINSSL}": "jbl.live"
        }, 
        {
            "{#DOMAINSSL}": "www.jbl.live"
        }
    ]
}
DEBUG 2021-07-01 20:08:48,610 - ####################################################################################################
DEBUG 2021-07-01 20:08:48,616 - DOMAIN DISCOVER
INFO 2021-07-01 20:08:48,617 - {
    "data": [
        {
            "{#DOMAINSSL}": "hujidi.com"
        }, 
        {
            "{#DOMAINSSL}": "12golf.com"
        }, 
        {
            "{#DOMAINSSL}": "www.12golf.com"
        }, 
        {
            "{#DOMAINSSL}": "tochat333.com"
        }, 
        {
            "{#DOMAINSSL}": "www.wukongchat.com"
        }, 
        {
            "{#DOMAINSSL}": "www.wukongchat.com"
        }, 
        {
            "{#DOMAINSSL}": "wpc89.com"
        }, 
        {
            "{#DOMAINSSL}": "www.wpc89.com"
        }, 
        {
            "{#DOMAINSSL}": "jbl.live"
        }, 
        {
            "{#DOMAINSSL}": "www.jbl.live"
        }
    ]
}
DEBUG 2021-07-01 21:08:46,464 - ####################################################################################################
DEBUG 2021-07-01 21:08:46,470 - DOMAIN DISCOVER
INFO 2021-07-01 21:08:46,470 - {
    "data": [
        {
            "{#DOMAINSSL}": "hujidi.com"
        }, 
        {
            "{#DOMAINSSL}": "12golf.com"
        }, 
        {
            "{#DOMAINSSL}": "www.12golf.com"
        }, 
        {
            "{#DOMAINSSL}": "tochat333.com"
        }, 
        {
            "{#DOMAINSSL}": "www.wukongchat.com"
        }, 
        {
            "{#DOMAINSSL}": "www.wukongchat.com"
        }, 
        {
            "{#DOMAINSSL}": "wpc89.com"
        }, 
        {
            "{#DOMAINSSL}": "www.wpc89.com"
        }, 
        {
            "{#DOMAINSSL}": "jbl.live"
        }, 
        {
            "{#DOMAINSSL}": "www.jbl.live"
        }
    ]
}
DEBUG 2021-07-01 22:08:50,783 - ####################################################################################################
DEBUG 2021-07-01 22:08:50,789 - DOMAIN DISCOVER
INFO 2021-07-01 22:08:50,789 - {
    "data": [
        {
            "{#DOMAINSSL}": "hujidi.com"
        }, 
        {
            "{#DOMAINSSL}": "12golf.com"
        }, 
        {
            "{#DOMAINSSL}": "www.12golf.com"
        }, 
        {
            "{#DOMAINSSL}": "tochat333.com"
        }, 
        {
            "{#DOMAINSSL}": "www.wukongchat.com"
        }, 
        {
            "{#DOMAINSSL}": "www.wukongchat.com"
        }, 
        {
            "{#DOMAINSSL}": "wpc89.com"
        }, 
        {
            "{#DOMAINSSL}": "www.wpc89.com"
        }, 
        {
            "{#DOMAINSSL}": "jbl.live"
        }, 
        {
            "{#DOMAINSSL}": "www.jbl.live"
        }
    ]
}
DEBUG 2021-07-01 23:08:48,124 - ####################################################################################################
DEBUG 2021-07-01 23:08:48,130 - DOMAIN DISCOVER
INFO 2021-07-01 23:08:48,130 - {
    "data": [
        {
            "{#DOMAINSSL}": "hujidi.com"
        }, 
        {
            "{#DOMAINSSL}": "12golf.com"
        }, 
        {
            "{#DOMAINSSL}": "www.12golf.com"
        }, 
        {
            "{#DOMAINSSL}": "tochat333.com"
        }, 
        {
            "{#DOMAINSSL}": "www.wukongchat.com"
        }, 
        {
            "{#DOMAINSSL}": "www.wukongchat.com"
        }, 
        {
            "{#DOMAINSSL}": "wpc89.com"
        }, 
        {
            "{#DOMAINSSL}": "www.wpc89.com"
        }, 
        {
            "{#DOMAINSSL}": "jbl.live"
        }, 
        {
            "{#DOMAINSSL}": "www.jbl.live"
        }
    ]
}
