DEBUG 2021-10-10 00:09:05,019 - ####################################################################################################
DEBUG 2021-10-10 00:09:05,024 - DOMAIN DISCOVER
INFO 2021-10-10 00:09:05,024 - {
    "data": [
        {
            "{#DOMAINSSL}": "www.aaa9408.com"
        }, 
        {
            "{#DOMAINSSL}": "aaa9888.com"
        }, 
        {
            "{#DOMAINSSL}": "aaa9408.com"
        }, 
        {
            "{#DOMAINSSL}": "statt.maxpartner.cn"
        }, 
        {
            "{#DOMAINSSL}": "r8588.net"
        }, 
        {
            "{#DOMAINSSL}": "www.r8588.net"
        }, 
        {
            "{#DOMAINSSL}": "www.r8168.net"
        }, 
        {
            "{#DOMAINSSL}": "r8168.net"
        }, 
        {
            "{#DOMAINSSL}": "aaa9409.com"
        }, 
        {
            "{#DOMAINSSL}": "aaa9410.com"
        }, 
        {
            "{#DOMAINSSL}": "aaa9411.com"
        }, 
        {
            "{#DOMAINSSL}": "www.aaa9409.com"
        }, 
        {
            "{#DOMAINSSL}": "www.aaa9410.com"
        }, 
        {
            "{#DOMAINSSL}": "www.aaa9411.com"
        }, 
        {
            "{#DOMAINSSL}": "aaa9889.com"
        }, 
        {
            "{#DOMAINSSL}": "www.aaa9889.com"
        }, 
        {
            "{#DOMAINSSL}": "ws.legendli.cn"
        }, 
        {
            "{#DOMAINSSL}": "www.gochat900.com"
        }
    ]
}
DEBUG 2021-10-10 01:09:05,706 - ####################################################################################################
DEBUG 2021-10-10 01:09:05,712 - DOMAIN DISCOVER
INFO 2021-10-10 01:09:05,712 - {
    "data": [
        {
            "{#DOMAINSSL}": "www.aaa9408.com"
        }, 
        {
            "{#DOMAINSSL}": "aaa9888.com"
        }, 
        {
            "{#DOMAINSSL}": "aaa9408.com"
        }, 
        {
            "{#DOMAINSSL}": "statt.maxpartner.cn"
        }, 
        {
            "{#DOMAINSSL}": "r8588.net"
        }, 
        {
            "{#DOMAINSSL}": "www.r8588.net"
        }, 
        {
            "{#DOMAINSSL}": "www.r8168.net"
        }, 
        {
            "{#DOMAINSSL}": "r8168.net"
        }, 
        {
            "{#DOMAINSSL}": "aaa9409.com"
        }, 
        {
            "{#DOMAINSSL}": "aaa9410.com"
        }, 
        {
            "{#DOMAINSSL}": "aaa9411.com"
        }, 
        {
            "{#DOMAINSSL}": "www.aaa9409.com"
        }, 
        {
            "{#DOMAINSSL}": "www.aaa9410.com"
        }, 
        {
            "{#DOMAINSSL}": "www.aaa9411.com"
        }, 
        {
            "{#DOMAINSSL}": "aaa9889.com"
        }, 
        {
            "{#DOMAINSSL}": "www.aaa9889.com"
        }, 
        {
            "{#DOMAINSSL}": "ws.legendli.cn"
        }, 
        {
            "{#DOMAINSSL}": "www.gochat900.com"
        }
    ]
}
DEBUG 2021-10-10 02:09:05,103 - ####################################################################################################
DEBUG 2021-10-10 02:09:05,110 - DOMAIN DISCOVER
INFO 2021-10-10 02:09:05,110 - {
    "data": [
        {
            "{#DOMAINSSL}": "www.aaa9408.com"
        }, 
        {
            "{#DOMAINSSL}": "aaa9888.com"
        }, 
        {
            "{#DOMAINSSL}": "aaa9408.com"
        }, 
        {
            "{#DOMAINSSL}": "statt.maxpartner.cn"
        }, 
        {
            "{#DOMAINSSL}": "r8588.net"
        }, 
        {
            "{#DOMAINSSL}": "www.r8588.net"
        }, 
        {
            "{#DOMAINSSL}": "www.r8168.net"
        }, 
        {
            "{#DOMAINSSL}": "r8168.net"
        }, 
        {
            "{#DOMAINSSL}": "aaa9409.com"
        }, 
        {
            "{#DOMAINSSL}": "aaa9410.com"
        }, 
        {
            "{#DOMAINSSL}": "aaa9411.com"
        }, 
        {
            "{#DOMAINSSL}": "www.aaa9409.com"
        }, 
        {
            "{#DOMAINSSL}": "www.aaa9410.com"
        }, 
        {
            "{#DOMAINSSL}": "www.aaa9411.com"
        }, 
        {
            "{#DOMAINSSL}": "aaa9889.com"
        }, 
        {
            "{#DOMAINSSL}": "www.aaa9889.com"
        }, 
        {
            "{#DOMAINSSL}": "ws.legendli.cn"
        }, 
        {
            "{#DOMAINSSL}": "www.gochat900.com"
        }
    ]
}
DEBUG 2021-10-10 03:09:06,053 - ####################################################################################################
DEBUG 2021-10-10 03:09:06,061 - DOMAIN DISCOVER
INFO 2021-10-10 03:09:06,061 - {
    "data": [
        {
            "{#DOMAINSSL}": "www.aaa9408.com"
        }, 
        {
            "{#DOMAINSSL}": "aaa9888.com"
        }, 
        {
            "{#DOMAINSSL}": "aaa9408.com"
        }, 
        {
            "{#DOMAINSSL}": "statt.maxpartner.cn"
        }, 
        {
            "{#DOMAINSSL}": "r8588.net"
        }, 
        {
            "{#DOMAINSSL}": "www.r8588.net"
        }, 
        {
            "{#DOMAINSSL}": "www.r8168.net"
        }, 
        {
            "{#DOMAINSSL}": "r8168.net"
        }, 
        {
            "{#DOMAINSSL}": "aaa9409.com"
        }, 
        {
            "{#DOMAINSSL}": "aaa9410.com"
        }, 
        {
            "{#DOMAINSSL}": "aaa9411.com"
        }, 
        {
            "{#DOMAINSSL}": "www.aaa9409.com"
        }, 
        {
            "{#DOMAINSSL}": "www.aaa9410.com"
        }, 
        {
            "{#DOMAINSSL}": "www.aaa9411.com"
        }, 
        {
            "{#DOMAINSSL}": "aaa9889.com"
        }, 
        {
            "{#DOMAINSSL}": "www.aaa9889.com"
        }, 
        {
            "{#DOMAINSSL}": "ws.legendli.cn"
        }, 
        {
            "{#DOMAINSSL}": "www.gochat900.com"
        }
    ]
}
DEBUG 2021-10-10 04:09:06,401 - ####################################################################################################
DEBUG 2021-10-10 04:09:06,406 - DOMAIN DISCOVER
INFO 2021-10-10 04:09:06,407 - {
    "data": [
        {
            "{#DOMAINSSL}": "www.aaa9408.com"
        }, 
        {
            "{#DOMAINSSL}": "aaa9888.com"
        }, 
        {
            "{#DOMAINSSL}": "aaa9408.com"
        }, 
        {
            "{#DOMAINSSL}": "statt.maxpartner.cn"
        }, 
        {
            "{#DOMAINSSL}": "r8588.net"
        }, 
        {
            "{#DOMAINSSL}": "www.r8588.net"
        }, 
        {
            "{#DOMAINSSL}": "www.r8168.net"
        }, 
        {
            "{#DOMAINSSL}": "r8168.net"
        }, 
        {
            "{#DOMAINSSL}": "aaa9409.com"
        }, 
        {
            "{#DOMAINSSL}": "aaa9410.com"
        }, 
        {
            "{#DOMAINSSL}": "aaa9411.com"
        }, 
        {
            "{#DOMAINSSL}": "www.aaa9409.com"
        }, 
        {
            "{#DOMAINSSL}": "www.aaa9410.com"
        }, 
        {
            "{#DOMAINSSL}": "www.aaa9411.com"
        }, 
        {
            "{#DOMAINSSL}": "aaa9889.com"
        }, 
        {
            "{#DOMAINSSL}": "www.aaa9889.com"
        }, 
        {
            "{#DOMAINSSL}": "ws.legendli.cn"
        }, 
        {
            "{#DOMAINSSL}": "www.gochat900.com"
        }
    ]
}
DEBUG 2021-10-10 05:09:04,629 - ####################################################################################################
DEBUG 2021-10-10 05:09:04,636 - DOMAIN DISCOVER
INFO 2021-10-10 05:09:04,636 - {
    "data": [
        {
            "{#DOMAINSSL}": "www.aaa9408.com"
        }, 
        {
            "{#DOMAINSSL}": "aaa9888.com"
        }, 
        {
            "{#DOMAINSSL}": "aaa9408.com"
        }, 
        {
            "{#DOMAINSSL}": "statt.maxpartner.cn"
        }, 
        {
            "{#DOMAINSSL}": "r8588.net"
        }, 
        {
            "{#DOMAINSSL}": "www.r8588.net"
        }, 
        {
            "{#DOMAINSSL}": "www.r8168.net"
        }, 
        {
            "{#DOMAINSSL}": "r8168.net"
        }, 
        {
            "{#DOMAINSSL}": "aaa9409.com"
        }, 
        {
            "{#DOMAINSSL}": "aaa9410.com"
        }, 
        {
            "{#DOMAINSSL}": "aaa9411.com"
        }, 
        {
            "{#DOMAINSSL}": "www.aaa9409.com"
        }, 
        {
            "{#DOMAINSSL}": "www.aaa9410.com"
        }, 
        {
            "{#DOMAINSSL}": "www.aaa9411.com"
        }, 
        {
            "{#DOMAINSSL}": "aaa9889.com"
        }, 
        {
            "{#DOMAINSSL}": "www.aaa9889.com"
        }, 
        {
            "{#DOMAINSSL}": "ws.legendli.cn"
        }, 
        {
            "{#DOMAINSSL}": "www.gochat900.com"
        }
    ]
}
DEBUG 2021-10-10 06:09:04,225 - ####################################################################################################
DEBUG 2021-10-10 06:09:04,231 - DOMAIN DISCOVER
INFO 2021-10-10 06:09:04,231 - {
    "data": [
        {
            "{#DOMAINSSL}": "www.aaa9408.com"
        }, 
        {
            "{#DOMAINSSL}": "aaa9888.com"
        }, 
        {
            "{#DOMAINSSL}": "aaa9408.com"
        }, 
        {
            "{#DOMAINSSL}": "statt.maxpartner.cn"
        }, 
        {
            "{#DOMAINSSL}": "r8588.net"
        }, 
        {
            "{#DOMAINSSL}": "www.r8588.net"
        }, 
        {
            "{#DOMAINSSL}": "www.r8168.net"
        }, 
        {
            "{#DOMAINSSL}": "r8168.net"
        }, 
        {
            "{#DOMAINSSL}": "aaa9409.com"
        }, 
        {
            "{#DOMAINSSL}": "aaa9410.com"
        }, 
        {
            "{#DOMAINSSL}": "aaa9411.com"
        }, 
        {
            "{#DOMAINSSL}": "www.aaa9409.com"
        }, 
        {
            "{#DOMAINSSL}": "www.aaa9410.com"
        }, 
        {
            "{#DOMAINSSL}": "www.aaa9411.com"
        }, 
        {
            "{#DOMAINSSL}": "aaa9889.com"
        }, 
        {
            "{#DOMAINSSL}": "www.aaa9889.com"
        }, 
        {
            "{#DOMAINSSL}": "ws.legendli.cn"
        }, 
        {
            "{#DOMAINSSL}": "www.gochat900.com"
        }
    ]
}
DEBUG 2021-10-10 07:09:05,265 - ####################################################################################################
DEBUG 2021-10-10 07:09:05,271 - DOMAIN DISCOVER
INFO 2021-10-10 07:09:05,271 - {
    "data": [
        {
            "{#DOMAINSSL}": "www.aaa9408.com"
        }, 
        {
            "{#DOMAINSSL}": "aaa9888.com"
        }, 
        {
            "{#DOMAINSSL}": "aaa9408.com"
        }, 
        {
            "{#DOMAINSSL}": "statt.maxpartner.cn"
        }, 
        {
            "{#DOMAINSSL}": "r8588.net"
        }, 
        {
            "{#DOMAINSSL}": "www.r8588.net"
        }, 
        {
            "{#DOMAINSSL}": "www.r8168.net"
        }, 
        {
            "{#DOMAINSSL}": "r8168.net"
        }, 
        {
            "{#DOMAINSSL}": "aaa9409.com"
        }, 
        {
            "{#DOMAINSSL}": "aaa9410.com"
        }, 
        {
            "{#DOMAINSSL}": "aaa9411.com"
        }, 
        {
            "{#DOMAINSSL}": "www.aaa9409.com"
        }, 
        {
            "{#DOMAINSSL}": "www.aaa9410.com"
        }, 
        {
            "{#DOMAINSSL}": "www.aaa9411.com"
        }, 
        {
            "{#DOMAINSSL}": "aaa9889.com"
        }, 
        {
            "{#DOMAINSSL}": "www.aaa9889.com"
        }, 
        {
            "{#DOMAINSSL}": "ws.legendli.cn"
        }, 
        {
            "{#DOMAINSSL}": "www.gochat900.com"
        }
    ]
}
DEBUG 2021-10-10 08:09:05,569 - ####################################################################################################
DEBUG 2021-10-10 08:09:05,576 - DOMAIN DISCOVER
INFO 2021-10-10 08:09:05,576 - {
    "data": [
        {
            "{#DOMAINSSL}": "www.aaa9408.com"
        }, 
        {
            "{#DOMAINSSL}": "aaa9888.com"
        }, 
        {
            "{#DOMAINSSL}": "aaa9408.com"
        }, 
        {
            "{#DOMAINSSL}": "statt.maxpartner.cn"
        }, 
        {
            "{#DOMAINSSL}": "r8588.net"
        }, 
        {
            "{#DOMAINSSL}": "www.r8588.net"
        }, 
        {
            "{#DOMAINSSL}": "www.r8168.net"
        }, 
        {
            "{#DOMAINSSL}": "r8168.net"
        }, 
        {
            "{#DOMAINSSL}": "aaa9409.com"
        }, 
        {
            "{#DOMAINSSL}": "aaa9410.com"
        }, 
        {
            "{#DOMAINSSL}": "aaa9411.com"
        }, 
        {
            "{#DOMAINSSL}": "www.aaa9409.com"
        }, 
        {
            "{#DOMAINSSL}": "www.aaa9410.com"
        }, 
        {
            "{#DOMAINSSL}": "www.aaa9411.com"
        }, 
        {
            "{#DOMAINSSL}": "aaa9889.com"
        }, 
        {
            "{#DOMAINSSL}": "www.aaa9889.com"
        }, 
        {
            "{#DOMAINSSL}": "ws.legendli.cn"
        }, 
        {
            "{#DOMAINSSL}": "www.gochat900.com"
        }
    ]
}
DEBUG 2021-10-10 09:09:05,061 - ####################################################################################################
DEBUG 2021-10-10 09:09:05,067 - DOMAIN DISCOVER
INFO 2021-10-10 09:09:05,067 - {
    "data": [
        {
            "{#DOMAINSSL}": "www.aaa9408.com"
        }, 
        {
            "{#DOMAINSSL}": "aaa9888.com"
        }, 
        {
            "{#DOMAINSSL}": "aaa9408.com"
        }, 
        {
            "{#DOMAINSSL}": "statt.maxpartner.cn"
        }, 
        {
            "{#DOMAINSSL}": "r8588.net"
        }, 
        {
            "{#DOMAINSSL}": "www.r8588.net"
        }, 
        {
            "{#DOMAINSSL}": "www.r8168.net"
        }, 
        {
            "{#DOMAINSSL}": "r8168.net"
        }, 
        {
            "{#DOMAINSSL}": "aaa9409.com"
        }, 
        {
            "{#DOMAINSSL}": "aaa9410.com"
        }, 
        {
            "{#DOMAINSSL}": "aaa9411.com"
        }, 
        {
            "{#DOMAINSSL}": "www.aaa9409.com"
        }, 
        {
            "{#DOMAINSSL}": "www.aaa9410.com"
        }, 
        {
            "{#DOMAINSSL}": "www.aaa9411.com"
        }, 
        {
            "{#DOMAINSSL}": "aaa9889.com"
        }, 
        {
            "{#DOMAINSSL}": "www.aaa9889.com"
        }, 
        {
            "{#DOMAINSSL}": "ws.legendli.cn"
        }, 
        {
            "{#DOMAINSSL}": "www.gochat900.com"
        }
    ]
}
DEBUG 2021-10-10 10:09:05,310 - ####################################################################################################
DEBUG 2021-10-10 10:09:05,316 - DOMAIN DISCOVER
INFO 2021-10-10 10:09:05,316 - {
    "data": [
        {
            "{#DOMAINSSL}": "www.aaa9408.com"
        }, 
        {
            "{#DOMAINSSL}": "aaa9888.com"
        }, 
        {
            "{#DOMAINSSL}": "aaa9408.com"
        }, 
        {
            "{#DOMAINSSL}": "statt.maxpartner.cn"
        }, 
        {
            "{#DOMAINSSL}": "r8588.net"
        }, 
        {
            "{#DOMAINSSL}": "www.r8588.net"
        }, 
        {
            "{#DOMAINSSL}": "www.r8168.net"
        }, 
        {
            "{#DOMAINSSL}": "r8168.net"
        }, 
        {
            "{#DOMAINSSL}": "aaa9409.com"
        }, 
        {
            "{#DOMAINSSL}": "aaa9410.com"
        }, 
        {
            "{#DOMAINSSL}": "aaa9411.com"
        }, 
        {
            "{#DOMAINSSL}": "www.aaa9409.com"
        }, 
        {
            "{#DOMAINSSL}": "www.aaa9410.com"
        }, 
        {
            "{#DOMAINSSL}": "www.aaa9411.com"
        }, 
        {
            "{#DOMAINSSL}": "aaa9889.com"
        }, 
        {
            "{#DOMAINSSL}": "www.aaa9889.com"
        }, 
        {
            "{#DOMAINSSL}": "ws.legendli.cn"
        }, 
        {
            "{#DOMAINSSL}": "www.gochat900.com"
        }
    ]
}
DEBUG 2021-10-10 11:09:06,750 - ####################################################################################################
DEBUG 2021-10-10 11:09:06,756 - DOMAIN DISCOVER
INFO 2021-10-10 11:09:06,756 - {
    "data": [
        {
            "{#DOMAINSSL}": "www.aaa9408.com"
        }, 
        {
            "{#DOMAINSSL}": "aaa9888.com"
        }, 
        {
            "{#DOMAINSSL}": "aaa9408.com"
        }, 
        {
            "{#DOMAINSSL}": "statt.maxpartner.cn"
        }, 
        {
            "{#DOMAINSSL}": "r8588.net"
        }, 
        {
            "{#DOMAINSSL}": "www.r8588.net"
        }, 
        {
            "{#DOMAINSSL}": "www.r8168.net"
        }, 
        {
            "{#DOMAINSSL}": "r8168.net"
        }, 
        {
            "{#DOMAINSSL}": "aaa9409.com"
        }, 
        {
            "{#DOMAINSSL}": "aaa9410.com"
        }, 
        {
            "{#DOMAINSSL}": "aaa9411.com"
        }, 
        {
            "{#DOMAINSSL}": "www.aaa9409.com"
        }, 
        {
            "{#DOMAINSSL}": "www.aaa9410.com"
        }, 
        {
            "{#DOMAINSSL}": "www.aaa9411.com"
        }, 
        {
            "{#DOMAINSSL}": "aaa9889.com"
        }, 
        {
            "{#DOMAINSSL}": "www.aaa9889.com"
        }, 
        {
            "{#DOMAINSSL}": "ws.legendli.cn"
        }, 
        {
            "{#DOMAINSSL}": "www.gochat900.com"
        }
    ]
}
DEBUG 2021-10-10 12:09:05,009 - ####################################################################################################
DEBUG 2021-10-10 12:09:05,015 - DOMAIN DISCOVER
INFO 2021-10-10 12:09:05,015 - {
    "data": [
        {
            "{#DOMAINSSL}": "www.aaa9408.com"
        }, 
        {
            "{#DOMAINSSL}": "aaa9888.com"
        }, 
        {
            "{#DOMAINSSL}": "aaa9408.com"
        }, 
        {
            "{#DOMAINSSL}": "statt.maxpartner.cn"
        }, 
        {
            "{#DOMAINSSL}": "r8588.net"
        }, 
        {
            "{#DOMAINSSL}": "www.r8588.net"
        }, 
        {
            "{#DOMAINSSL}": "www.r8168.net"
        }, 
        {
            "{#DOMAINSSL}": "r8168.net"
        }, 
        {
            "{#DOMAINSSL}": "aaa9409.com"
        }, 
        {
            "{#DOMAINSSL}": "aaa9410.com"
        }, 
        {
            "{#DOMAINSSL}": "aaa9411.com"
        }, 
        {
            "{#DOMAINSSL}": "www.aaa9409.com"
        }, 
        {
            "{#DOMAINSSL}": "www.aaa9410.com"
        }, 
        {
            "{#DOMAINSSL}": "www.aaa9411.com"
        }, 
        {
            "{#DOMAINSSL}": "aaa9889.com"
        }, 
        {
            "{#DOMAINSSL}": "www.aaa9889.com"
        }, 
        {
            "{#DOMAINSSL}": "ws.legendli.cn"
        }, 
        {
            "{#DOMAINSSL}": "www.gochat900.com"
        }
    ]
}
DEBUG 2021-10-10 13:09:06,528 - ####################################################################################################
DEBUG 2021-10-10 13:09:06,533 - DOMAIN DISCOVER
INFO 2021-10-10 13:09:06,534 - {
    "data": [
        {
            "{#DOMAINSSL}": "www.aaa9408.com"
        }, 
        {
            "{#DOMAINSSL}": "aaa9888.com"
        }, 
        {
            "{#DOMAINSSL}": "aaa9408.com"
        }, 
        {
            "{#DOMAINSSL}": "statt.maxpartner.cn"
        }, 
        {
            "{#DOMAINSSL}": "r8588.net"
        }, 
        {
            "{#DOMAINSSL}": "www.r8588.net"
        }, 
        {
            "{#DOMAINSSL}": "www.r8168.net"
        }, 
        {
            "{#DOMAINSSL}": "r8168.net"
        }, 
        {
            "{#DOMAINSSL}": "aaa9409.com"
        }, 
        {
            "{#DOMAINSSL}": "aaa9410.com"
        }, 
        {
            "{#DOMAINSSL}": "aaa9411.com"
        }, 
        {
            "{#DOMAINSSL}": "www.aaa9409.com"
        }, 
        {
            "{#DOMAINSSL}": "www.aaa9410.com"
        }, 
        {
            "{#DOMAINSSL}": "www.aaa9411.com"
        }, 
        {
            "{#DOMAINSSL}": "aaa9889.com"
        }, 
        {
            "{#DOMAINSSL}": "www.aaa9889.com"
        }, 
        {
            "{#DOMAINSSL}": "ws.legendli.cn"
        }, 
        {
            "{#DOMAINSSL}": "www.gochat900.com"
        }
    ]
}
DEBUG 2021-10-10 14:09:02,846 - ####################################################################################################
DEBUG 2021-10-10 14:09:02,852 - DOMAIN DISCOVER
INFO 2021-10-10 14:09:02,852 - {
    "data": [
        {
            "{#DOMAINSSL}": "www.aaa9408.com"
        }, 
        {
            "{#DOMAINSSL}": "aaa9888.com"
        }, 
        {
            "{#DOMAINSSL}": "aaa9408.com"
        }, 
        {
            "{#DOMAINSSL}": "statt.maxpartner.cn"
        }, 
        {
            "{#DOMAINSSL}": "r8588.net"
        }, 
        {
            "{#DOMAINSSL}": "www.r8588.net"
        }, 
        {
            "{#DOMAINSSL}": "www.r8168.net"
        }, 
        {
            "{#DOMAINSSL}": "r8168.net"
        }, 
        {
            "{#DOMAINSSL}": "aaa9409.com"
        }, 
        {
            "{#DOMAINSSL}": "aaa9410.com"
        }, 
        {
            "{#DOMAINSSL}": "aaa9411.com"
        }, 
        {
            "{#DOMAINSSL}": "www.aaa9409.com"
        }, 
        {
            "{#DOMAINSSL}": "www.aaa9410.com"
        }, 
        {
            "{#DOMAINSSL}": "www.aaa9411.com"
        }, 
        {
            "{#DOMAINSSL}": "aaa9889.com"
        }, 
        {
            "{#DOMAINSSL}": "www.aaa9889.com"
        }, 
        {
            "{#DOMAINSSL}": "ws.legendli.cn"
        }, 
        {
            "{#DOMAINSSL}": "www.gochat900.com"
        }
    ]
}
DEBUG 2021-10-10 15:09:05,751 - ####################################################################################################
DEBUG 2021-10-10 15:09:05,758 - DOMAIN DISCOVER
INFO 2021-10-10 15:09:05,758 - {
    "data": [
        {
            "{#DOMAINSSL}": "www.aaa9408.com"
        }, 
        {
            "{#DOMAINSSL}": "aaa9888.com"
        }, 
        {
            "{#DOMAINSSL}": "aaa9408.com"
        }, 
        {
            "{#DOMAINSSL}": "statt.maxpartner.cn"
        }, 
        {
            "{#DOMAINSSL}": "r8588.net"
        }, 
        {
            "{#DOMAINSSL}": "www.r8588.net"
        }, 
        {
            "{#DOMAINSSL}": "www.r8168.net"
        }, 
        {
            "{#DOMAINSSL}": "r8168.net"
        }, 
        {
            "{#DOMAINSSL}": "aaa9409.com"
        }, 
        {
            "{#DOMAINSSL}": "aaa9410.com"
        }, 
        {
            "{#DOMAINSSL}": "aaa9411.com"
        }, 
        {
            "{#DOMAINSSL}": "www.aaa9409.com"
        }, 
        {
            "{#DOMAINSSL}": "www.aaa9410.com"
        }, 
        {
            "{#DOMAINSSL}": "www.aaa9411.com"
        }, 
        {
            "{#DOMAINSSL}": "aaa9889.com"
        }, 
        {
            "{#DOMAINSSL}": "www.aaa9889.com"
        }, 
        {
            "{#DOMAINSSL}": "ws.legendli.cn"
        }, 
        {
            "{#DOMAINSSL}": "www.gochat900.com"
        }
    ]
}
DEBUG 2021-10-10 16:09:05,968 - ####################################################################################################
DEBUG 2021-10-10 16:09:05,973 - DOMAIN DISCOVER
INFO 2021-10-10 16:09:05,973 - {
    "data": [
        {
            "{#DOMAINSSL}": "www.aaa9408.com"
        }, 
        {
            "{#DOMAINSSL}": "aaa9888.com"
        }, 
        {
            "{#DOMAINSSL}": "aaa9408.com"
        }, 
        {
            "{#DOMAINSSL}": "statt.maxpartner.cn"
        }, 
        {
            "{#DOMAINSSL}": "r8588.net"
        }, 
        {
            "{#DOMAINSSL}": "www.r8588.net"
        }, 
        {
            "{#DOMAINSSL}": "www.r8168.net"
        }, 
        {
            "{#DOMAINSSL}": "r8168.net"
        }, 
        {
            "{#DOMAINSSL}": "aaa9409.com"
        }, 
        {
            "{#DOMAINSSL}": "aaa9410.com"
        }, 
        {
            "{#DOMAINSSL}": "aaa9411.com"
        }, 
        {
            "{#DOMAINSSL}": "www.aaa9409.com"
        }, 
        {
            "{#DOMAINSSL}": "www.aaa9410.com"
        }, 
        {
            "{#DOMAINSSL}": "www.aaa9411.com"
        }, 
        {
            "{#DOMAINSSL}": "aaa9889.com"
        }, 
        {
            "{#DOMAINSSL}": "www.aaa9889.com"
        }, 
        {
            "{#DOMAINSSL}": "ws.legendli.cn"
        }, 
        {
            "{#DOMAINSSL}": "www.gochat900.com"
        }
    ]
}
DEBUG 2021-10-10 17:09:06,192 - ####################################################################################################
DEBUG 2021-10-10 17:09:06,198 - DOMAIN DISCOVER
INFO 2021-10-10 17:09:06,198 - {
    "data": [
        {
            "{#DOMAINSSL}": "www.aaa9408.com"
        }, 
        {
            "{#DOMAINSSL}": "aaa9888.com"
        }, 
        {
            "{#DOMAINSSL}": "aaa9408.com"
        }, 
        {
            "{#DOMAINSSL}": "statt.maxpartner.cn"
        }, 
        {
            "{#DOMAINSSL}": "r8588.net"
        }, 
        {
            "{#DOMAINSSL}": "www.r8588.net"
        }, 
        {
            "{#DOMAINSSL}": "www.r8168.net"
        }, 
        {
            "{#DOMAINSSL}": "r8168.net"
        }, 
        {
            "{#DOMAINSSL}": "aaa9409.com"
        }, 
        {
            "{#DOMAINSSL}": "aaa9410.com"
        }, 
        {
            "{#DOMAINSSL}": "aaa9411.com"
        }, 
        {
            "{#DOMAINSSL}": "www.aaa9409.com"
        }, 
        {
            "{#DOMAINSSL}": "www.aaa9410.com"
        }, 
        {
            "{#DOMAINSSL}": "www.aaa9411.com"
        }, 
        {
            "{#DOMAINSSL}": "aaa9889.com"
        }, 
        {
            "{#DOMAINSSL}": "www.aaa9889.com"
        }, 
        {
            "{#DOMAINSSL}": "ws.legendli.cn"
        }, 
        {
            "{#DOMAINSSL}": "www.gochat900.com"
        }
    ]
}
DEBUG 2021-10-10 18:09:06,731 - ####################################################################################################
DEBUG 2021-10-10 18:09:06,737 - DOMAIN DISCOVER
INFO 2021-10-10 18:09:06,737 - {
    "data": [
        {
            "{#DOMAINSSL}": "www.aaa9408.com"
        }, 
        {
            "{#DOMAINSSL}": "aaa9888.com"
        }, 
        {
            "{#DOMAINSSL}": "aaa9408.com"
        }, 
        {
            "{#DOMAINSSL}": "statt.maxpartner.cn"
        }, 
        {
            "{#DOMAINSSL}": "r8588.net"
        }, 
        {
            "{#DOMAINSSL}": "www.r8588.net"
        }, 
        {
            "{#DOMAINSSL}": "www.r8168.net"
        }, 
        {
            "{#DOMAINSSL}": "r8168.net"
        }, 
        {
            "{#DOMAINSSL}": "aaa9409.com"
        }, 
        {
            "{#DOMAINSSL}": "aaa9410.com"
        }, 
        {
            "{#DOMAINSSL}": "aaa9411.com"
        }, 
        {
            "{#DOMAINSSL}": "www.aaa9409.com"
        }, 
        {
            "{#DOMAINSSL}": "www.aaa9410.com"
        }, 
        {
            "{#DOMAINSSL}": "www.aaa9411.com"
        }, 
        {
            "{#DOMAINSSL}": "aaa9889.com"
        }, 
        {
            "{#DOMAINSSL}": "www.aaa9889.com"
        }, 
        {
            "{#DOMAINSSL}": "ws.legendli.cn"
        }, 
        {
            "{#DOMAINSSL}": "www.gochat900.com"
        }
    ]
}
DEBUG 2021-10-10 19:09:05,321 - ####################################################################################################
DEBUG 2021-10-10 19:09:05,327 - DOMAIN DISCOVER
INFO 2021-10-10 19:09:05,327 - {
    "data": [
        {
            "{#DOMAINSSL}": "www.aaa9408.com"
        }, 
        {
            "{#DOMAINSSL}": "aaa9888.com"
        }, 
        {
            "{#DOMAINSSL}": "aaa9408.com"
        }, 
        {
            "{#DOMAINSSL}": "statt.maxpartner.cn"
        }, 
        {
            "{#DOMAINSSL}": "r8588.net"
        }, 
        {
            "{#DOMAINSSL}": "www.r8588.net"
        }, 
        {
            "{#DOMAINSSL}": "www.r8168.net"
        }, 
        {
            "{#DOMAINSSL}": "r8168.net"
        }, 
        {
            "{#DOMAINSSL}": "aaa9409.com"
        }, 
        {
            "{#DOMAINSSL}": "aaa9410.com"
        }, 
        {
            "{#DOMAINSSL}": "aaa9411.com"
        }, 
        {
            "{#DOMAINSSL}": "www.aaa9409.com"
        }, 
        {
            "{#DOMAINSSL}": "www.aaa9410.com"
        }, 
        {
            "{#DOMAINSSL}": "www.aaa9411.com"
        }, 
        {
            "{#DOMAINSSL}": "aaa9889.com"
        }, 
        {
            "{#DOMAINSSL}": "www.aaa9889.com"
        }, 
        {
            "{#DOMAINSSL}": "ws.legendli.cn"
        }, 
        {
            "{#DOMAINSSL}": "www.gochat900.com"
        }
    ]
}
DEBUG 2021-10-10 20:09:08,764 - ####################################################################################################
DEBUG 2021-10-10 20:09:08,770 - DOMAIN DISCOVER
INFO 2021-10-10 20:09:08,770 - {
    "data": [
        {
            "{#DOMAINSSL}": "www.aaa9408.com"
        }, 
        {
            "{#DOMAINSSL}": "aaa9888.com"
        }, 
        {
            "{#DOMAINSSL}": "aaa9408.com"
        }, 
        {
            "{#DOMAINSSL}": "statt.maxpartner.cn"
        }, 
        {
            "{#DOMAINSSL}": "r8588.net"
        }, 
        {
            "{#DOMAINSSL}": "www.r8588.net"
        }, 
        {
            "{#DOMAINSSL}": "www.r8168.net"
        }, 
        {
            "{#DOMAINSSL}": "r8168.net"
        }, 
        {
            "{#DOMAINSSL}": "aaa9409.com"
        }, 
        {
            "{#DOMAINSSL}": "aaa9410.com"
        }, 
        {
            "{#DOMAINSSL}": "aaa9411.com"
        }, 
        {
            "{#DOMAINSSL}": "www.aaa9409.com"
        }, 
        {
            "{#DOMAINSSL}": "www.aaa9410.com"
        }, 
        {
            "{#DOMAINSSL}": "www.aaa9411.com"
        }, 
        {
            "{#DOMAINSSL}": "aaa9889.com"
        }, 
        {
            "{#DOMAINSSL}": "www.aaa9889.com"
        }, 
        {
            "{#DOMAINSSL}": "ws.legendli.cn"
        }, 
        {
            "{#DOMAINSSL}": "www.gochat900.com"
        }
    ]
}
DEBUG 2021-10-10 21:09:06,188 - ####################################################################################################
DEBUG 2021-10-10 21:09:06,194 - DOMAIN DISCOVER
INFO 2021-10-10 21:09:06,195 - {
    "data": [
        {
            "{#DOMAINSSL}": "www.aaa9408.com"
        }, 
        {
            "{#DOMAINSSL}": "aaa9888.com"
        }, 
        {
            "{#DOMAINSSL}": "aaa9408.com"
        }, 
        {
            "{#DOMAINSSL}": "statt.maxpartner.cn"
        }, 
        {
            "{#DOMAINSSL}": "r8588.net"
        }, 
        {
            "{#DOMAINSSL}": "www.r8588.net"
        }, 
        {
            "{#DOMAINSSL}": "www.r8168.net"
        }, 
        {
            "{#DOMAINSSL}": "r8168.net"
        }, 
        {
            "{#DOMAINSSL}": "aaa9409.com"
        }, 
        {
            "{#DOMAINSSL}": "aaa9410.com"
        }, 
        {
            "{#DOMAINSSL}": "aaa9411.com"
        }, 
        {
            "{#DOMAINSSL}": "www.aaa9409.com"
        }, 
        {
            "{#DOMAINSSL}": "www.aaa9410.com"
        }, 
        {
            "{#DOMAINSSL}": "www.aaa9411.com"
        }, 
        {
            "{#DOMAINSSL}": "aaa9889.com"
        }, 
        {
            "{#DOMAINSSL}": "www.aaa9889.com"
        }, 
        {
            "{#DOMAINSSL}": "ws.legendli.cn"
        }, 
        {
            "{#DOMAINSSL}": "www.gochat900.com"
        }
    ]
}
DEBUG 2021-10-10 22:09:07,529 - ####################################################################################################
DEBUG 2021-10-10 22:09:07,535 - DOMAIN DISCOVER
INFO 2021-10-10 22:09:07,535 - {
    "data": [
        {
            "{#DOMAINSSL}": "www.aaa9408.com"
        }, 
        {
            "{#DOMAINSSL}": "aaa9888.com"
        }, 
        {
            "{#DOMAINSSL}": "aaa9408.com"
        }, 
        {
            "{#DOMAINSSL}": "statt.maxpartner.cn"
        }, 
        {
            "{#DOMAINSSL}": "r8588.net"
        }, 
        {
            "{#DOMAINSSL}": "www.r8588.net"
        }, 
        {
            "{#DOMAINSSL}": "www.r8168.net"
        }, 
        {
            "{#DOMAINSSL}": "r8168.net"
        }, 
        {
            "{#DOMAINSSL}": "aaa9409.com"
        }, 
        {
            "{#DOMAINSSL}": "aaa9410.com"
        }, 
        {
            "{#DOMAINSSL}": "aaa9411.com"
        }, 
        {
            "{#DOMAINSSL}": "www.aaa9409.com"
        }, 
        {
            "{#DOMAINSSL}": "www.aaa9410.com"
        }, 
        {
            "{#DOMAINSSL}": "www.aaa9411.com"
        }, 
        {
            "{#DOMAINSSL}": "aaa9889.com"
        }, 
        {
            "{#DOMAINSSL}": "www.aaa9889.com"
        }, 
        {
            "{#DOMAINSSL}": "ws.legendli.cn"
        }, 
        {
            "{#DOMAINSSL}": "www.gochat900.com"
        }
    ]
}
DEBUG 2021-10-10 23:09:06,239 - ####################################################################################################
DEBUG 2021-10-10 23:09:06,245 - DOMAIN DISCOVER
INFO 2021-10-10 23:09:06,245 - {
    "data": [
        {
            "{#DOMAINSSL}": "www.aaa9408.com"
        }, 
        {
            "{#DOMAINSSL}": "aaa9888.com"
        }, 
        {
            "{#DOMAINSSL}": "aaa9408.com"
        }, 
        {
            "{#DOMAINSSL}": "statt.maxpartner.cn"
        }, 
        {
            "{#DOMAINSSL}": "r8588.net"
        }, 
        {
            "{#DOMAINSSL}": "www.r8588.net"
        }, 
        {
            "{#DOMAINSSL}": "www.r8168.net"
        }, 
        {
            "{#DOMAINSSL}": "r8168.net"
        }, 
        {
            "{#DOMAINSSL}": "aaa9409.com"
        }, 
        {
            "{#DOMAINSSL}": "aaa9410.com"
        }, 
        {
            "{#DOMAINSSL}": "aaa9411.com"
        }, 
        {
            "{#DOMAINSSL}": "www.aaa9409.com"
        }, 
        {
            "{#DOMAINSSL}": "www.aaa9410.com"
        }, 
        {
            "{#DOMAINSSL}": "www.aaa9411.com"
        }, 
        {
            "{#DOMAINSSL}": "aaa9889.com"
        }, 
        {
            "{#DOMAINSSL}": "www.aaa9889.com"
        }, 
        {
            "{#DOMAINSSL}": "ws.legendli.cn"
        }, 
        {
            "{#DOMAINSSL}": "www.gochat900.com"
        }
    ]
}
