DEBUG 2021-07-02 00:08:50,868 - ####################################################################################################
DEBUG 2021-07-02 00:08:50,873 - DOMAIN DISCOVER
INFO 2021-07-02 00:08:50,873 - {
    "data": [
        {
            "{#DOMAINSSL}": "hujidi.com"
        }, 
        {
            "{#DOMAINSSL}": "12golf.com"
        }, 
        {
            "{#DOMAINSSL}": "www.12golf.com"
        }, 
        {
            "{#DOMAINSSL}": "tochat333.com"
        }, 
        {
            "{#DOMAINSSL}": "www.wukongchat.com"
        }, 
        {
            "{#DOMAINSSL}": "www.wukongchat.com"
        }, 
        {
            "{#DOMAINSSL}": "wpc89.com"
        }, 
        {
            "{#DOMAINSSL}": "www.wpc89.com"
        }, 
        {
            "{#DOMAINSSL}": "jbl.live"
        }, 
        {
            "{#DOMAINSSL}": "www.jbl.live"
        }
    ]
}
DEBUG 2021-07-02 01:08:48,809 - ####################################################################################################
DEBUG 2021-07-02 01:08:48,815 - DOMAIN DISCOVER
INFO 2021-07-02 01:08:48,815 - {
    "data": [
        {
            "{#DOMAINSSL}": "hujidi.com"
        }, 
        {
            "{#DOMAINSSL}": "12golf.com"
        }, 
        {
            "{#DOMAINSSL}": "www.12golf.com"
        }, 
        {
            "{#DOMAINSSL}": "tochat333.com"
        }, 
        {
            "{#DOMAINSSL}": "www.wukongchat.com"
        }, 
        {
            "{#DOMAINSSL}": "www.wukongchat.com"
        }, 
        {
            "{#DOMAINSSL}": "wpc89.com"
        }, 
        {
            "{#DOMAINSSL}": "www.wpc89.com"
        }, 
        {
            "{#DOMAINSSL}": "jbl.live"
        }, 
        {
            "{#DOMAINSSL}": "www.jbl.live"
        }
    ]
}
DEBUG 2021-07-02 02:08:52,302 - ####################################################################################################
DEBUG 2021-07-02 02:08:52,307 - DOMAIN DISCOVER
INFO 2021-07-02 02:08:52,307 - {
    "data": [
        {
            "{#DOMAINSSL}": "hujidi.com"
        }, 
        {
            "{#DOMAINSSL}": "12golf.com"
        }, 
        {
            "{#DOMAINSSL}": "www.12golf.com"
        }, 
        {
            "{#DOMAINSSL}": "tochat333.com"
        }, 
        {
            "{#DOMAINSSL}": "www.wukongchat.com"
        }, 
        {
            "{#DOMAINSSL}": "www.wukongchat.com"
        }, 
        {
            "{#DOMAINSSL}": "wpc89.com"
        }, 
        {
            "{#DOMAINSSL}": "www.wpc89.com"
        }, 
        {
            "{#DOMAINSSL}": "jbl.live"
        }, 
        {
            "{#DOMAINSSL}": "www.jbl.live"
        }
    ]
}
DEBUG 2021-07-02 03:08:50,869 - ####################################################################################################
DEBUG 2021-07-02 03:08:50,874 - DOMAIN DISCOVER
INFO 2021-07-02 03:08:50,874 - {
    "data": [
        {
            "{#DOMAINSSL}": "hujidi.com"
        }, 
        {
            "{#DOMAINSSL}": "12golf.com"
        }, 
        {
            "{#DOMAINSSL}": "www.12golf.com"
        }, 
        {
            "{#DOMAINSSL}": "tochat333.com"
        }, 
        {
            "{#DOMAINSSL}": "www.wukongchat.com"
        }, 
        {
            "{#DOMAINSSL}": "www.wukongchat.com"
        }, 
        {
            "{#DOMAINSSL}": "wpc89.com"
        }, 
        {
            "{#DOMAINSSL}": "www.wpc89.com"
        }, 
        {
            "{#DOMAINSSL}": "jbl.live"
        }, 
        {
            "{#DOMAINSSL}": "www.jbl.live"
        }
    ]
}
DEBUG 2021-07-02 04:08:48,517 - ####################################################################################################
DEBUG 2021-07-02 04:08:48,524 - DOMAIN DISCOVER
INFO 2021-07-02 04:08:48,524 - {
    "data": [
        {
            "{#DOMAINSSL}": "hujidi.com"
        }, 
        {
            "{#DOMAINSSL}": "12golf.com"
        }, 
        {
            "{#DOMAINSSL}": "www.12golf.com"
        }, 
        {
            "{#DOMAINSSL}": "tochat333.com"
        }, 
        {
            "{#DOMAINSSL}": "www.wukongchat.com"
        }, 
        {
            "{#DOMAINSSL}": "www.wukongchat.com"
        }, 
        {
            "{#DOMAINSSL}": "wpc89.com"
        }, 
        {
            "{#DOMAINSSL}": "www.wpc89.com"
        }, 
        {
            "{#DOMAINSSL}": "jbl.live"
        }, 
        {
            "{#DOMAINSSL}": "www.jbl.live"
        }
    ]
}
DEBUG 2021-07-02 05:08:52,674 - ####################################################################################################
DEBUG 2021-07-02 05:08:52,682 - DOMAIN DISCOVER
INFO 2021-07-02 05:08:52,682 - {
    "data": [
        {
            "{#DOMAINSSL}": "jsh181.com"
        }, 
        {
            "{#DOMAINSSL}": "jsh182.com"
        }, 
        {
            "{#DOMAINSSL}": "jin282.com"
        }, 
        {
            "{#DOMAINSSL}": "hujidi.com"
        }, 
        {
            "{#DOMAINSSL}": "ying88888.com"
        }, 
        {
            "{#DOMAINSSL}": "eu2018.net"
        }, 
        {
            "{#DOMAINSSL}": "tochat333.com"
        }, 
        {
            "{#DOMAINSSL}": "www.wukongchat.com"
        }, 
        {
            "{#DOMAINSSL}": "www.wukongchat.com"
        }, 
        {
            "{#DOMAINSSL}": "wpc89.com"
        }, 
        {
            "{#DOMAINSSL}": "www.wpc89.com"
        }, 
        {
            "{#DOMAINSSL}": "jbl.live"
        }, 
        {
            "{#DOMAINSSL}": "www.jbl.live"
        }
    ]
}
DEBUG 2021-07-02 06:08:51,513 - ####################################################################################################
DEBUG 2021-07-02 06:08:51,518 - DOMAIN DISCOVER
INFO 2021-07-02 06:08:51,518 - {
    "data": [
        {
            "{#DOMAINSSL}": "kbl6666.com"
        }, 
        {
            "{#DOMAINSSL}": "jsh24.com"
        }, 
        {
            "{#DOMAINSSL}": "00666.me"
        }, 
        {
            "{#DOMAINSSL}": "hujidi.com"
        }, 
        {
            "{#DOMAINSSL}": "www.jsh17.com"
        }, 
        {
            "{#DOMAINSSL}": "tochat333.com"
        }, 
        {
            "{#DOMAINSSL}": "www.wukongchat.com"
        }, 
        {
            "{#DOMAINSSL}": "www.wukongchat.com"
        }, 
        {
            "{#DOMAINSSL}": "wpc89.com"
        }, 
        {
            "{#DOMAINSSL}": "www.wpc89.com"
        }, 
        {
            "{#DOMAINSSL}": "jbl.live"
        }, 
        {
            "{#DOMAINSSL}": "www.jbl.live"
        }, 
        {
            "{#DOMAINSSL}": "cokfigt31.com"
        }
    ]
}
DEBUG 2021-07-02 07:08:49,845 - ####################################################################################################
DEBUG 2021-07-02 07:08:49,851 - DOMAIN DISCOVER
INFO 2021-07-02 07:08:49,851 - {
    "data": [
        {
            "{#DOMAINSSL}": "hujidi.com"
        }, 
        {
            "{#DOMAINSSL}": "tochat333.com"
        }, 
        {
            "{#DOMAINSSL}": "www.wukongchat.com"
        }, 
        {
            "{#DOMAINSSL}": "www.wukongchat.com"
        }, 
        {
            "{#DOMAINSSL}": "wpc89.com"
        }, 
        {
            "{#DOMAINSSL}": "www.wpc89.com"
        }, 
        {
            "{#DOMAINSSL}": "jbl.live"
        }, 
        {
            "{#DOMAINSSL}": "www.jbl.live"
        }
    ]
}
DEBUG 2021-07-02 08:08:49,636 - ####################################################################################################
DEBUG 2021-07-02 08:08:49,643 - DOMAIN DISCOVER
INFO 2021-07-02 08:08:49,643 - {
    "data": [
        {
            "{#DOMAINSSL}": "hujidi.com"
        }, 
        {
            "{#DOMAINSSL}": "tochat333.com"
        }, 
        {
            "{#DOMAINSSL}": "www.wukongchat.com"
        }, 
        {
            "{#DOMAINSSL}": "www.wukongchat.com"
        }, 
        {
            "{#DOMAINSSL}": "wpc89.com"
        }, 
        {
            "{#DOMAINSSL}": "www.wpc89.com"
        }, 
        {
            "{#DOMAINSSL}": "jbl.live"
        }, 
        {
            "{#DOMAINSSL}": "www.jbl.live"
        }
    ]
}
DEBUG 2021-07-02 09:08:48,333 - ####################################################################################################
DEBUG 2021-07-02 09:08:48,339 - DOMAIN DISCOVER
INFO 2021-07-02 09:08:48,339 - {
    "data": [
        {
            "{#DOMAINSSL}": "hujidi.com"
        }, 
        {
            "{#DOMAINSSL}": "tochat333.com"
        }, 
        {
            "{#DOMAINSSL}": "www.wukongchat.com"
        }, 
        {
            "{#DOMAINSSL}": "www.wukongchat.com"
        }, 
        {
            "{#DOMAINSSL}": "wpc89.com"
        }, 
        {
            "{#DOMAINSSL}": "www.wpc89.com"
        }, 
        {
            "{#DOMAINSSL}": "jbl.live"
        }, 
        {
            "{#DOMAINSSL}": "www.jbl.live"
        }
    ]
}
DEBUG 2021-07-02 10:08:50,484 - ####################################################################################################
DEBUG 2021-07-02 10:08:50,490 - DOMAIN DISCOVER
INFO 2021-07-02 10:08:50,490 - {
    "data": [
        {
            "{#DOMAINSSL}": "hujidi.com"
        }, 
        {
            "{#DOMAINSSL}": "tochat333.com"
        }, 
        {
            "{#DOMAINSSL}": "www.wukongchat.com"
        }, 
        {
            "{#DOMAINSSL}": "www.wukongchat.com"
        }, 
        {
            "{#DOMAINSSL}": "wpc89.com"
        }, 
        {
            "{#DOMAINSSL}": "www.wpc89.com"
        }, 
        {
            "{#DOMAINSSL}": "jbl.live"
        }, 
        {
            "{#DOMAINSSL}": "www.jbl.live"
        }
    ]
}
DEBUG 2021-07-02 11:08:47,945 - ####################################################################################################
DEBUG 2021-07-02 11:08:47,951 - DOMAIN DISCOVER
INFO 2021-07-02 11:08:47,951 - {
    "data": [
        {
            "{#DOMAINSSL}": "hujidi.com"
        }, 
        {
            "{#DOMAINSSL}": "tochat333.com"
        }, 
        {
            "{#DOMAINSSL}": "www.wukongchat.com"
        }, 
        {
            "{#DOMAINSSL}": "www.wukongchat.com"
        }, 
        {
            "{#DOMAINSSL}": "wpc89.com"
        }, 
        {
            "{#DOMAINSSL}": "www.wpc89.com"
        }, 
        {
            "{#DOMAINSSL}": "jbl.live"
        }, 
        {
            "{#DOMAINSSL}": "www.jbl.live"
        }
    ]
}
DEBUG 2021-07-02 12:08:49,731 - ####################################################################################################
DEBUG 2021-07-02 12:08:49,737 - DOMAIN DISCOVER
INFO 2021-07-02 12:08:49,738 - {
    "data": [
        {
            "{#DOMAINSSL}": "hujidi.com"
        }, 
        {
            "{#DOMAINSSL}": "tochat333.com"
        }, 
        {
            "{#DOMAINSSL}": "www.wukongchat.com"
        }, 
        {
            "{#DOMAINSSL}": "www.wukongchat.com"
        }, 
        {
            "{#DOMAINSSL}": "wpc89.com"
        }, 
        {
            "{#DOMAINSSL}": "www.wpc89.com"
        }, 
        {
            "{#DOMAINSSL}": "jbl.live"
        }, 
        {
            "{#DOMAINSSL}": "www.jbl.live"
        }
    ]
}
DEBUG 2021-07-02 13:08:51,399 - ####################################################################################################
DEBUG 2021-07-02 13:08:51,405 - DOMAIN DISCOVER
INFO 2021-07-02 13:08:51,406 - {
    "data": [
        {
            "{#DOMAINSSL}": "hujidi.com"
        }, 
        {
            "{#DOMAINSSL}": "tochat333.com"
        }, 
        {
            "{#DOMAINSSL}": "www.wukongchat.com"
        }, 
        {
            "{#DOMAINSSL}": "www.wukongchat.com"
        }, 
        {
            "{#DOMAINSSL}": "wpc89.com"
        }, 
        {
            "{#DOMAINSSL}": "www.wpc89.com"
        }, 
        {
            "{#DOMAINSSL}": "jbl.live"
        }, 
        {
            "{#DOMAINSSL}": "www.jbl.live"
        }
    ]
}
DEBUG 2021-07-02 14:08:48,731 - ####################################################################################################
DEBUG 2021-07-02 14:08:48,737 - DOMAIN DISCOVER
INFO 2021-07-02 14:08:48,737 - {
    "data": [
        {
            "{#DOMAINSSL}": "hujidi.com"
        }, 
        {
            "{#DOMAINSSL}": "tochat333.com"
        }, 
        {
            "{#DOMAINSSL}": "www.wukongchat.com"
        }, 
        {
            "{#DOMAINSSL}": "www.wukongchat.com"
        }, 
        {
            "{#DOMAINSSL}": "wpc89.com"
        }, 
        {
            "{#DOMAINSSL}": "www.wpc89.com"
        }, 
        {
            "{#DOMAINSSL}": "jbl.live"
        }, 
        {
            "{#DOMAINSSL}": "www.jbl.live"
        }
    ]
}
DEBUG 2021-07-02 15:08:47,752 - ####################################################################################################
DEBUG 2021-07-02 15:08:47,759 - DOMAIN DISCOVER
INFO 2021-07-02 15:08:47,759 - {
    "data": [
        {
            "{#DOMAINSSL}": "hujidi.com"
        }, 
        {
            "{#DOMAINSSL}": "tochat333.com"
        }, 
        {
            "{#DOMAINSSL}": "www.wukongchat.com"
        }, 
        {
            "{#DOMAINSSL}": "www.wukongchat.com"
        }, 
        {
            "{#DOMAINSSL}": "wpc89.com"
        }, 
        {
            "{#DOMAINSSL}": "www.wpc89.com"
        }, 
        {
            "{#DOMAINSSL}": "jbl.live"
        }, 
        {
            "{#DOMAINSSL}": "www.jbl.live"
        }
    ]
}
DEBUG 2021-07-02 16:08:55,181 - ####################################################################################################
DEBUG 2021-07-02 16:08:55,187 - DOMAIN DISCOVER
INFO 2021-07-02 16:08:55,188 - {
    "data": [
        {
            "{#DOMAINSSL}": "hujidi.com"
        }, 
        {
            "{#DOMAINSSL}": "tochat333.com"
        }, 
        {
            "{#DOMAINSSL}": "www.wukongchat.com"
        }, 
        {
            "{#DOMAINSSL}": "www.wukongchat.com"
        }, 
        {
            "{#DOMAINSSL}": "wpc89.com"
        }, 
        {
            "{#DOMAINSSL}": "www.wpc89.com"
        }, 
        {
            "{#DOMAINSSL}": "jbl.live"
        }, 
        {
            "{#DOMAINSSL}": "www.jbl.live"
        }
    ]
}
DEBUG 2021-07-02 17:08:49,161 - ####################################################################################################
DEBUG 2021-07-02 17:08:49,166 - DOMAIN DISCOVER
INFO 2021-07-02 17:08:49,167 - {
    "data": [
        {
            "{#DOMAINSSL}": "hujidi.com"
        }, 
        {
            "{#DOMAINSSL}": "tochat333.com"
        }, 
        {
            "{#DOMAINSSL}": "www.wukongchat.com"
        }, 
        {
            "{#DOMAINSSL}": "www.wukongchat.com"
        }, 
        {
            "{#DOMAINSSL}": "wpc89.com"
        }, 
        {
            "{#DOMAINSSL}": "www.wpc89.com"
        }, 
        {
            "{#DOMAINSSL}": "jbl.live"
        }, 
        {
            "{#DOMAINSSL}": "www.jbl.live"
        }
    ]
}
DEBUG 2021-07-02 18:08:53,283 - ####################################################################################################
DEBUG 2021-07-02 18:08:53,289 - DOMAIN DISCOVER
INFO 2021-07-02 18:08:53,289 - {
    "data": [
        {
            "{#DOMAINSSL}": "hujidi.com"
        }, 
        {
            "{#DOMAINSSL}": "tochat333.com"
        }, 
        {
            "{#DOMAINSSL}": "www.wukongchat.com"
        }, 
        {
            "{#DOMAINSSL}": "www.wukongchat.com"
        }, 
        {
            "{#DOMAINSSL}": "wpc89.com"
        }, 
        {
            "{#DOMAINSSL}": "www.wpc89.com"
        }, 
        {
            "{#DOMAINSSL}": "jbl.live"
        }, 
        {
            "{#DOMAINSSL}": "www.jbl.live"
        }
    ]
}
DEBUG 2021-07-02 19:08:48,966 - ####################################################################################################
DEBUG 2021-07-02 19:08:48,972 - DOMAIN DISCOVER
INFO 2021-07-02 19:08:48,972 - {
    "data": [
        {
            "{#DOMAINSSL}": "hujidi.com"
        }, 
        {
            "{#DOMAINSSL}": "tochat333.com"
        }, 
        {
            "{#DOMAINSSL}": "www.wukongchat.com"
        }, 
        {
            "{#DOMAINSSL}": "www.wukongchat.com"
        }, 
        {
            "{#DOMAINSSL}": "wpc89.com"
        }, 
        {
            "{#DOMAINSSL}": "www.wpc89.com"
        }, 
        {
            "{#DOMAINSSL}": "jbl.live"
        }, 
        {
            "{#DOMAINSSL}": "www.jbl.live"
        }
    ]
}
DEBUG 2021-07-02 20:08:53,433 - ####################################################################################################
DEBUG 2021-07-02 20:08:53,439 - DOMAIN DISCOVER
INFO 2021-07-02 20:08:53,440 - {
    "data": [
        {
            "{#DOMAINSSL}": "hujidi.com"
        }, 
        {
            "{#DOMAINSSL}": "tochat333.com"
        }, 
        {
            "{#DOMAINSSL}": "www.wukongchat.com"
        }, 
        {
            "{#DOMAINSSL}": "www.wukongchat.com"
        }, 
        {
            "{#DOMAINSSL}": "wpc89.com"
        }, 
        {
            "{#DOMAINSSL}": "www.wpc89.com"
        }, 
        {
            "{#DOMAINSSL}": "jbl.live"
        }, 
        {
            "{#DOMAINSSL}": "www.jbl.live"
        }
    ]
}
DEBUG 2021-07-02 21:08:52,019 - ####################################################################################################
DEBUG 2021-07-02 21:08:52,026 - DOMAIN DISCOVER
INFO 2021-07-02 21:08:52,026 - {
    "data": [
        {
            "{#DOMAINSSL}": "hujidi.com"
        }, 
        {
            "{#DOMAINSSL}": "tochat333.com"
        }, 
        {
            "{#DOMAINSSL}": "www.wukongchat.com"
        }, 
        {
            "{#DOMAINSSL}": "www.wukongchat.com"
        }, 
        {
            "{#DOMAINSSL}": "wpc89.com"
        }, 
        {
            "{#DOMAINSSL}": "www.wpc89.com"
        }, 
        {
            "{#DOMAINSSL}": "jbl.live"
        }, 
        {
            "{#DOMAINSSL}": "www.jbl.live"
        }
    ]
}
DEBUG 2021-07-02 22:08:53,547 - ####################################################################################################
DEBUG 2021-07-02 22:08:53,553 - DOMAIN DISCOVER
INFO 2021-07-02 22:08:53,553 - {
    "data": [
        {
            "{#DOMAINSSL}": "hujidi.com"
        }, 
        {
            "{#DOMAINSSL}": "tochat333.com"
        }, 
        {
            "{#DOMAINSSL}": "www.wukongchat.com"
        }, 
        {
            "{#DOMAINSSL}": "www.wukongchat.com"
        }, 
        {
            "{#DOMAINSSL}": "wpc89.com"
        }, 
        {
            "{#DOMAINSSL}": "www.wpc89.com"
        }, 
        {
            "{#DOMAINSSL}": "jbl.live"
        }, 
        {
            "{#DOMAINSSL}": "www.jbl.live"
        }
    ]
}
DEBUG 2021-07-02 23:08:52,025 - ####################################################################################################
DEBUG 2021-07-02 23:08:52,031 - DOMAIN DISCOVER
INFO 2021-07-02 23:08:52,031 - {
    "data": [
        {
            "{#DOMAINSSL}": "hujidi.com"
        }, 
        {
            "{#DOMAINSSL}": "tochat333.com"
        }, 
        {
            "{#DOMAINSSL}": "www.wukongchat.com"
        }, 
        {
            "{#DOMAINSSL}": "www.wukongchat.com"
        }, 
        {
            "{#DOMAINSSL}": "wpc89.com"
        }, 
        {
            "{#DOMAINSSL}": "www.wpc89.com"
        }, 
        {
            "{#DOMAINSSL}": "jbl.live"
        }, 
        {
            "{#DOMAINSSL}": "www.jbl.live"
        }
    ]
}
