DEBUG 2021-09-29 00:09:10,455 - ####################################################################################################
DEBUG 2021-09-29 00:09:10,462 - DOMAIN DISCOVER
INFO 2021-09-29 00:09:10,462 - {
    "data": []
}
DEBUG 2021-09-29 01:09:09,237 - ####################################################################################################
DEBUG 2021-09-29 01:09:09,243 - DOMAIN DISCOVER
INFO 2021-09-29 01:09:09,243 - {
    "data": []
}
DEBUG 2021-09-29 02:09:12,797 - ####################################################################################################
DEBUG 2021-09-29 02:09:12,803 - DOMAIN DISCOVER
INFO 2021-09-29 02:09:12,803 - {
    "data": []
}
DEBUG 2021-09-29 03:09:08,802 - ####################################################################################################
DEBUG 2021-09-29 03:09:08,808 - DOMAIN DISCOVER
INFO 2021-09-29 03:09:08,808 - {
    "data": []
}
DEBUG 2021-09-29 04:09:09,062 - ####################################################################################################
DEBUG 2021-09-29 04:09:09,068 - DOMAIN DISCOVER
INFO 2021-09-29 04:09:09,068 - {
    "data": []
}
DEBUG 2021-09-29 05:09:05,564 - ####################################################################################################
DEBUG 2021-09-29 05:09:05,571 - DOMAIN DISCOVER
INFO 2021-09-29 05:09:05,571 - {
    "data": []
}
DEBUG 2021-09-29 06:09:10,828 - ####################################################################################################
DEBUG 2021-09-29 06:09:10,834 - DOMAIN DISCOVER
INFO 2021-09-29 06:09:10,834 - {
    "data": []
}
DEBUG 2021-09-29 07:09:08,105 - ####################################################################################################
DEBUG 2021-09-29 07:09:08,110 - DOMAIN DISCOVER
INFO 2021-09-29 07:09:08,111 - {
    "data": []
}
DEBUG 2021-09-29 08:09:09,699 - ####################################################################################################
DEBUG 2021-09-29 08:09:09,706 - DOMAIN DISCOVER
INFO 2021-09-29 08:09:09,706 - {
    "data": []
}
DEBUG 2021-09-29 09:09:09,232 - ####################################################################################################
DEBUG 2021-09-29 09:09:09,238 - DOMAIN DISCOVER
INFO 2021-09-29 09:09:09,238 - {
    "data": []
}
DEBUG 2021-09-29 10:09:02,592 - ####################################################################################################
DEBUG 2021-09-29 10:09:02,598 - DOMAIN DISCOVER
INFO 2021-09-29 10:09:02,599 - {
    "data": []
}
DEBUG 2021-09-29 11:09:06,490 - ####################################################################################################
DEBUG 2021-09-29 11:09:06,495 - DOMAIN DISCOVER
INFO 2021-09-29 11:09:06,496 - {
    "data": []
}
DEBUG 2021-09-29 12:09:09,590 - ####################################################################################################
DEBUG 2021-09-29 12:09:09,595 - DOMAIN DISCOVER
INFO 2021-09-29 12:09:09,595 - {
    "data": []
}
DEBUG 2021-09-29 13:09:08,303 - ####################################################################################################
DEBUG 2021-09-29 13:09:08,310 - DOMAIN DISCOVER
INFO 2021-09-29 13:09:08,310 - {
    "data": []
}
DEBUG 2021-09-29 14:09:09,028 - ####################################################################################################
DEBUG 2021-09-29 14:09:09,034 - DOMAIN DISCOVER
INFO 2021-09-29 14:09:09,034 - {
    "data": []
}
DEBUG 2021-09-29 15:09:08,411 - ####################################################################################################
DEBUG 2021-09-29 15:09:08,417 - DOMAIN DISCOVER
INFO 2021-09-29 15:09:08,417 - {
    "data": []
}
DEBUG 2021-09-29 16:09:10,584 - ####################################################################################################
DEBUG 2021-09-29 16:09:10,590 - DOMAIN DISCOVER
INFO 2021-09-29 16:09:10,590 - {
    "data": []
}
DEBUG 2021-09-29 17:09:09,432 - ####################################################################################################
DEBUG 2021-09-29 17:09:09,439 - DOMAIN DISCOVER
INFO 2021-09-29 17:09:09,440 - {
    "data": []
}
DEBUG 2021-09-29 18:09:11,169 - ####################################################################################################
DEBUG 2021-09-29 18:09:11,174 - DOMAIN DISCOVER
INFO 2021-09-29 18:09:11,175 - {
    "data": []
}
DEBUG 2021-09-29 19:09:09,735 - ####################################################################################################
DEBUG 2021-09-29 19:09:09,741 - DOMAIN DISCOVER
INFO 2021-09-29 19:09:09,741 - {
    "data": []
}
DEBUG 2021-09-29 20:09:11,963 - ####################################################################################################
DEBUG 2021-09-29 20:09:11,968 - DOMAIN DISCOVER
INFO 2021-09-29 20:09:11,968 - {
    "data": []
}
DEBUG 2021-09-29 21:09:10,753 - ####################################################################################################
DEBUG 2021-09-29 21:09:10,758 - DOMAIN DISCOVER
INFO 2021-09-29 21:09:10,759 - {
    "data": []
}
DEBUG 2021-09-29 22:09:09,175 - ####################################################################################################
DEBUG 2021-09-29 22:09:09,182 - DOMAIN DISCOVER
INFO 2021-09-29 22:09:09,182 - {
    "data": []
}
DEBUG 2021-09-29 23:09:08,107 - ####################################################################################################
DEBUG 2021-09-29 23:09:08,113 - DOMAIN DISCOVER
INFO 2021-09-29 23:09:08,113 - {
    "data": []
}
