DEBUG 2021-10-13 00:09:00,453 - ####################################################################################################
DEBUG 2021-10-13 00:09:00,460 - DOMAIN DISCOVER
INFO 2021-10-13 00:09:00,460 - {
    "data": [
        {
            "{#DOMAINSSL}": "v2r-hk1.zhubb.top"
        }, 
        {
            "{#DOMAINSSL}": "www.aaa9408.com"
        }, 
        {
            "{#DOMAINSSL}": "v2r-hk2.zhubb.top"
        }, 
        {
            "{#DOMAINSSL}": "aaa9888.com"
        }, 
        {
            "{#DOMAINSSL}": "www.aidedao.com"
        }, 
        {
            "{#DOMAINSSL}": "aaa9408.com"
        }, 
        {
            "{#DOMAINSSL}": "wsw4.lxzzs.cn"
        }, 
        {
            "{#DOMAINSSL}": "gts4.lxzzs.cn"
        }, 
        {
            "{#DOMAINSSL}": "r8588.net"
        }, 
        {
            "{#DOMAINSSL}": "www.r8588.net"
        }, 
        {
            "{#DOMAINSSL}": "www.r8168.net"
        }, 
        {
            "{#DOMAINSSL}": "r8168.net"
        }, 
        {
            "{#DOMAINSSL}": "aaa9409.com"
        }, 
        {
            "{#DOMAINSSL}": "aaa9410.com"
        }, 
        {
            "{#DOMAINSSL}": "aaa9411.com"
        }, 
        {
            "{#DOMAINSSL}": "www.aaa9409.com"
        }, 
        {
            "{#DOMAINSSL}": "www.aaa9410.com"
        }, 
        {
            "{#DOMAINSSL}": "www.aaa9411.com"
        }, 
        {
            "{#DOMAINSSL}": "aaa9889.com"
        }, 
        {
            "{#DOMAINSSL}": "www.aaa9889.com"
        }, 
        {
            "{#DOMAINSSL}": "neweb.me"
        }, 
        {
            "{#DOMAINSSL}": "www.aidedao.com"
        }, 
        {
            "{#DOMAINSSL}": "www.aidedao.com"
        }, 
        {
            "{#DOMAINSSL}": "yifu1.wikiplus.cn"
        }, 
        {
            "{#DOMAINSSL}": "api1.wikiplus.cn"
        }, 
        {
            "{#DOMAINSSL}": "sabongarenas.com"
        }, 
        {
            "{#DOMAINSSL}": "www.sabongarenas.com"
        }
    ]
}
DEBUG 2021-10-13 01:09:07,233 - ####################################################################################################
DEBUG 2021-10-13 01:09:07,239 - DOMAIN DISCOVER
INFO 2021-10-13 01:09:07,239 - {
    "data": [
        {
            "{#DOMAINSSL}": "v2r-hk1.zhubb.top"
        }, 
        {
            "{#DOMAINSSL}": "www.aaa9408.com"
        }, 
        {
            "{#DOMAINSSL}": "v2r-hk2.zhubb.top"
        }, 
        {
            "{#DOMAINSSL}": "aaa9888.com"
        }, 
        {
            "{#DOMAINSSL}": "www.aidedao.com"
        }, 
        {
            "{#DOMAINSSL}": "aaa9408.com"
        }, 
        {
            "{#DOMAINSSL}": "wsw4.lxzzs.cn"
        }, 
        {
            "{#DOMAINSSL}": "gts4.lxzzs.cn"
        }, 
        {
            "{#DOMAINSSL}": "r8588.net"
        }, 
        {
            "{#DOMAINSSL}": "www.r8588.net"
        }, 
        {
            "{#DOMAINSSL}": "www.r8168.net"
        }, 
        {
            "{#DOMAINSSL}": "r8168.net"
        }, 
        {
            "{#DOMAINSSL}": "aaa9409.com"
        }, 
        {
            "{#DOMAINSSL}": "aaa9410.com"
        }, 
        {
            "{#DOMAINSSL}": "aaa9411.com"
        }, 
        {
            "{#DOMAINSSL}": "www.aaa9409.com"
        }, 
        {
            "{#DOMAINSSL}": "www.aaa9410.com"
        }, 
        {
            "{#DOMAINSSL}": "www.aaa9411.com"
        }, 
        {
            "{#DOMAINSSL}": "aaa9889.com"
        }, 
        {
            "{#DOMAINSSL}": "www.aaa9889.com"
        }, 
        {
            "{#DOMAINSSL}": "neweb.me"
        }, 
        {
            "{#DOMAINSSL}": "www.aidedao.com"
        }, 
        {
            "{#DOMAINSSL}": "www.aidedao.com"
        }, 
        {
            "{#DOMAINSSL}": "yifu1.wikiplus.cn"
        }, 
        {
            "{#DOMAINSSL}": "api1.wikiplus.cn"
        }, 
        {
            "{#DOMAINSSL}": "sabongarenas.com"
        }, 
        {
            "{#DOMAINSSL}": "www.sabongarenas.com"
        }
    ]
}
DEBUG 2021-10-13 02:09:06,801 - ####################################################################################################
DEBUG 2021-10-13 02:09:06,807 - DOMAIN DISCOVER
INFO 2021-10-13 02:09:06,807 - {
    "data": [
        {
            "{#DOMAINSSL}": "v2r-hk1.zhubb.top"
        }, 
        {
            "{#DOMAINSSL}": "www.aaa9408.com"
        }, 
        {
            "{#DOMAINSSL}": "v2r-hk2.zhubb.top"
        }, 
        {
            "{#DOMAINSSL}": "aaa9888.com"
        }, 
        {
            "{#DOMAINSSL}": "www.aidedao.com"
        }, 
        {
            "{#DOMAINSSL}": "aaa9408.com"
        }, 
        {
            "{#DOMAINSSL}": "wsw4.lxzzs.cn"
        }, 
        {
            "{#DOMAINSSL}": "gts4.lxzzs.cn"
        }, 
        {
            "{#DOMAINSSL}": "r8588.net"
        }, 
        {
            "{#DOMAINSSL}": "www.r8588.net"
        }, 
        {
            "{#DOMAINSSL}": "www.r8168.net"
        }, 
        {
            "{#DOMAINSSL}": "r8168.net"
        }, 
        {
            "{#DOMAINSSL}": "aaa9409.com"
        }, 
        {
            "{#DOMAINSSL}": "aaa9410.com"
        }, 
        {
            "{#DOMAINSSL}": "aaa9411.com"
        }, 
        {
            "{#DOMAINSSL}": "www.aaa9409.com"
        }, 
        {
            "{#DOMAINSSL}": "www.aaa9410.com"
        }, 
        {
            "{#DOMAINSSL}": "www.aaa9411.com"
        }, 
        {
            "{#DOMAINSSL}": "aaa9889.com"
        }, 
        {
            "{#DOMAINSSL}": "www.aaa9889.com"
        }, 
        {
            "{#DOMAINSSL}": "neweb.me"
        }, 
        {
            "{#DOMAINSSL}": "www.aidedao.com"
        }, 
        {
            "{#DOMAINSSL}": "www.aidedao.com"
        }, 
        {
            "{#DOMAINSSL}": "yifu1.wikiplus.cn"
        }, 
        {
            "{#DOMAINSSL}": "api1.wikiplus.cn"
        }, 
        {
            "{#DOMAINSSL}": "sabongarenas.com"
        }, 
        {
            "{#DOMAINSSL}": "www.sabongarenas.com"
        }
    ]
}
DEBUG 2021-10-13 03:09:05,551 - ####################################################################################################
DEBUG 2021-10-13 03:09:05,557 - DOMAIN DISCOVER
INFO 2021-10-13 03:09:05,557 - {
    "data": [
        {
            "{#DOMAINSSL}": "v2r-hk1.zhubb.top"
        }, 
        {
            "{#DOMAINSSL}": "www.aaa9408.com"
        }, 
        {
            "{#DOMAINSSL}": "v2r-hk2.zhubb.top"
        }, 
        {
            "{#DOMAINSSL}": "aaa9888.com"
        }, 
        {
            "{#DOMAINSSL}": "www.aidedao.com"
        }, 
        {
            "{#DOMAINSSL}": "aaa9408.com"
        }, 
        {
            "{#DOMAINSSL}": "wsw4.lxzzs.cn"
        }, 
        {
            "{#DOMAINSSL}": "gts4.lxzzs.cn"
        }, 
        {
            "{#DOMAINSSL}": "r8588.net"
        }, 
        {
            "{#DOMAINSSL}": "www.r8588.net"
        }, 
        {
            "{#DOMAINSSL}": "www.r8168.net"
        }, 
        {
            "{#DOMAINSSL}": "r8168.net"
        }, 
        {
            "{#DOMAINSSL}": "aaa9409.com"
        }, 
        {
            "{#DOMAINSSL}": "aaa9410.com"
        }, 
        {
            "{#DOMAINSSL}": "aaa9411.com"
        }, 
        {
            "{#DOMAINSSL}": "www.aaa9409.com"
        }, 
        {
            "{#DOMAINSSL}": "www.aaa9410.com"
        }, 
        {
            "{#DOMAINSSL}": "www.aaa9411.com"
        }, 
        {
            "{#DOMAINSSL}": "aaa9889.com"
        }, 
        {
            "{#DOMAINSSL}": "www.aaa9889.com"
        }, 
        {
            "{#DOMAINSSL}": "neweb.me"
        }, 
        {
            "{#DOMAINSSL}": "www.aidedao.com"
        }, 
        {
            "{#DOMAINSSL}": "www.aidedao.com"
        }, 
        {
            "{#DOMAINSSL}": "yifu1.wikiplus.cn"
        }, 
        {
            "{#DOMAINSSL}": "api1.wikiplus.cn"
        }, 
        {
            "{#DOMAINSSL}": "sabongarenas.com"
        }, 
        {
            "{#DOMAINSSL}": "www.sabongarenas.com"
        }
    ]
}
DEBUG 2021-10-13 04:09:06,378 - ####################################################################################################
DEBUG 2021-10-13 04:09:06,384 - DOMAIN DISCOVER
INFO 2021-10-13 04:09:06,384 - {
    "data": [
        {
            "{#DOMAINSSL}": "v2r-hk1.zhubb.top"
        }, 
        {
            "{#DOMAINSSL}": "www.aaa9408.com"
        }, 
        {
            "{#DOMAINSSL}": "v2r-hk2.zhubb.top"
        }, 
        {
            "{#DOMAINSSL}": "aaa9888.com"
        }, 
        {
            "{#DOMAINSSL}": "www.aidedao.com"
        }, 
        {
            "{#DOMAINSSL}": "aaa9408.com"
        }, 
        {
            "{#DOMAINSSL}": "wsw4.lxzzs.cn"
        }, 
        {
            "{#DOMAINSSL}": "gts4.lxzzs.cn"
        }, 
        {
            "{#DOMAINSSL}": "r8588.net"
        }, 
        {
            "{#DOMAINSSL}": "www.r8588.net"
        }, 
        {
            "{#DOMAINSSL}": "www.r8168.net"
        }, 
        {
            "{#DOMAINSSL}": "r8168.net"
        }, 
        {
            "{#DOMAINSSL}": "aaa9409.com"
        }, 
        {
            "{#DOMAINSSL}": "aaa9410.com"
        }, 
        {
            "{#DOMAINSSL}": "aaa9411.com"
        }, 
        {
            "{#DOMAINSSL}": "www.aaa9409.com"
        }, 
        {
            "{#DOMAINSSL}": "www.aaa9410.com"
        }, 
        {
            "{#DOMAINSSL}": "www.aaa9411.com"
        }, 
        {
            "{#DOMAINSSL}": "aaa9889.com"
        }, 
        {
            "{#DOMAINSSL}": "www.aaa9889.com"
        }, 
        {
            "{#DOMAINSSL}": "neweb.me"
        }, 
        {
            "{#DOMAINSSL}": "www.aidedao.com"
        }, 
        {
            "{#DOMAINSSL}": "www.aidedao.com"
        }, 
        {
            "{#DOMAINSSL}": "yifu1.wikiplus.cn"
        }, 
        {
            "{#DOMAINSSL}": "api1.wikiplus.cn"
        }, 
        {
            "{#DOMAINSSL}": "sabongarenas.com"
        }, 
        {
            "{#DOMAINSSL}": "www.sabongarenas.com"
        }
    ]
}
DEBUG 2021-10-13 05:09:05,934 - ####################################################################################################
DEBUG 2021-10-13 05:09:05,939 - DOMAIN DISCOVER
INFO 2021-10-13 05:09:05,939 - {
    "data": [
        {
            "{#DOMAINSSL}": "v2r-hk1.zhubb.top"
        }, 
        {
            "{#DOMAINSSL}": "delivip1.com"
        }, 
        {
            "{#DOMAINSSL}": "www.aaa9408.com"
        }, 
        {
            "{#DOMAINSSL}": "138eu.net"
        }, 
        {
            "{#DOMAINSSL}": "eu7.com"
        }, 
        {
            "{#DOMAINSSL}": "v2r-hk2.zhubb.top"
        }, 
        {
            "{#DOMAINSSL}": "aaa9888.com"
        }, 
        {
            "{#DOMAINSSL}": "www.aidedao.com"
        }, 
        {
            "{#DOMAINSSL}": "aaa9408.com"
        }, 
        {
            "{#DOMAINSSL}": "wsw4.lxzzs.cn"
        }, 
        {
            "{#DOMAINSSL}": "gts4.lxzzs.cn"
        }, 
        {
            "{#DOMAINSSL}": "r8588.net"
        }, 
        {
            "{#DOMAINSSL}": "www.r8588.net"
        }, 
        {
            "{#DOMAINSSL}": "www.r8168.net"
        }, 
        {
            "{#DOMAINSSL}": "r8168.net"
        }, 
        {
            "{#DOMAINSSL}": "aaa9409.com"
        }, 
        {
            "{#DOMAINSSL}": "aaa9410.com"
        }, 
        {
            "{#DOMAINSSL}": "aaa9411.com"
        }, 
        {
            "{#DOMAINSSL}": "www.aaa9409.com"
        }, 
        {
            "{#DOMAINSSL}": "www.aaa9410.com"
        }, 
        {
            "{#DOMAINSSL}": "www.aaa9411.com"
        }, 
        {
            "{#DOMAINSSL}": "aaa9889.com"
        }, 
        {
            "{#DOMAINSSL}": "www.aaa9889.com"
        }, 
        {
            "{#DOMAINSSL}": "neweb.me"
        }, 
        {
            "{#DOMAINSSL}": "www.aidedao.com"
        }, 
        {
            "{#DOMAINSSL}": "www.aidedao.com"
        }, 
        {
            "{#DOMAINSSL}": "sabongarenas.com"
        }, 
        {
            "{#DOMAINSSL}": "www.sabongarenas.com"
        }
    ]
}
DEBUG 2021-10-13 06:09:07,352 - ####################################################################################################
DEBUG 2021-10-13 06:09:07,358 - DOMAIN DISCOVER
INFO 2021-10-13 06:09:07,358 - {
    "data": [
        {
            "{#DOMAINSSL}": "v2r-hk1.zhubb.top"
        }, 
        {
            "{#DOMAINSSL}": "delivip1.com"
        }, 
        {
            "{#DOMAINSSL}": "www.aaa9408.com"
        }, 
        {
            "{#DOMAINSSL}": "138eu.net"
        }, 
        {
            "{#DOMAINSSL}": "eu7.com"
        }, 
        {
            "{#DOMAINSSL}": "v2r-hk2.zhubb.top"
        }, 
        {
            "{#DOMAINSSL}": "aaa9888.com"
        }, 
        {
            "{#DOMAINSSL}": "www.aidedao.com"
        }, 
        {
            "{#DOMAINSSL}": "aaa9408.com"
        }, 
        {
            "{#DOMAINSSL}": "wsw4.lxzzs.cn"
        }, 
        {
            "{#DOMAINSSL}": "gts4.lxzzs.cn"
        }, 
        {
            "{#DOMAINSSL}": "r8588.net"
        }, 
        {
            "{#DOMAINSSL}": "www.r8588.net"
        }, 
        {
            "{#DOMAINSSL}": "www.r8168.net"
        }, 
        {
            "{#DOMAINSSL}": "r8168.net"
        }, 
        {
            "{#DOMAINSSL}": "aaa9409.com"
        }, 
        {
            "{#DOMAINSSL}": "aaa9410.com"
        }, 
        {
            "{#DOMAINSSL}": "aaa9411.com"
        }, 
        {
            "{#DOMAINSSL}": "www.aaa9409.com"
        }, 
        {
            "{#DOMAINSSL}": "www.aaa9410.com"
        }, 
        {
            "{#DOMAINSSL}": "www.aaa9411.com"
        }, 
        {
            "{#DOMAINSSL}": "aaa9889.com"
        }, 
        {
            "{#DOMAINSSL}": "www.aaa9889.com"
        }, 
        {
            "{#DOMAINSSL}": "neweb.me"
        }, 
        {
            "{#DOMAINSSL}": "www.aidedao.com"
        }, 
        {
            "{#DOMAINSSL}": "www.aidedao.com"
        }, 
        {
            "{#DOMAINSSL}": "sabongarenas.com"
        }, 
        {
            "{#DOMAINSSL}": "www.sabongarenas.com"
        }
    ]
}
DEBUG 2021-10-13 07:09:04,872 - ####################################################################################################
DEBUG 2021-10-13 07:09:04,879 - DOMAIN DISCOVER
INFO 2021-10-13 07:09:04,879 - {
    "data": [
        {
            "{#DOMAINSSL}": "v2r-hk1.zhubb.top"
        }, 
        {
            "{#DOMAINSSL}": "www.aaa9408.com"
        }, 
        {
            "{#DOMAINSSL}": "v2r-hk2.zhubb.top"
        }, 
        {
            "{#DOMAINSSL}": "aaa9888.com"
        }, 
        {
            "{#DOMAINSSL}": "www.aidedao.com"
        }, 
        {
            "{#DOMAINSSL}": "aaa9408.com"
        }, 
        {
            "{#DOMAINSSL}": "wsw4.lxzzs.cn"
        }, 
        {
            "{#DOMAINSSL}": "gts4.lxzzs.cn"
        }, 
        {
            "{#DOMAINSSL}": "r8588.net"
        }, 
        {
            "{#DOMAINSSL}": "www.r8588.net"
        }, 
        {
            "{#DOMAINSSL}": "www.r8168.net"
        }, 
        {
            "{#DOMAINSSL}": "r8168.net"
        }, 
        {
            "{#DOMAINSSL}": "aaa9409.com"
        }, 
        {
            "{#DOMAINSSL}": "aaa9410.com"
        }, 
        {
            "{#DOMAINSSL}": "aaa9411.com"
        }, 
        {
            "{#DOMAINSSL}": "www.aaa9409.com"
        }, 
        {
            "{#DOMAINSSL}": "www.aaa9410.com"
        }, 
        {
            "{#DOMAINSSL}": "www.aaa9411.com"
        }, 
        {
            "{#DOMAINSSL}": "aaa9889.com"
        }, 
        {
            "{#DOMAINSSL}": "www.aaa9889.com"
        }, 
        {
            "{#DOMAINSSL}": "neweb.me"
        }, 
        {
            "{#DOMAINSSL}": "www.aidedao.com"
        }, 
        {
            "{#DOMAINSSL}": "www.aidedao.com"
        }, 
        {
            "{#DOMAINSSL}": "sabongarenas.com"
        }, 
        {
            "{#DOMAINSSL}": "www.sabongarenas.com"
        }
    ]
}
DEBUG 2021-10-13 08:09:08,143 - ####################################################################################################
DEBUG 2021-10-13 08:09:08,148 - DOMAIN DISCOVER
INFO 2021-10-13 08:09:08,148 - {
    "data": [
        {
            "{#DOMAINSSL}": "v2r-hk1.zhubb.top"
        }, 
        {
            "{#DOMAINSSL}": "www.aaa9408.com"
        }, 
        {
            "{#DOMAINSSL}": "v2r-hk2.zhubb.top"
        }, 
        {
            "{#DOMAINSSL}": "aaa9888.com"
        }, 
        {
            "{#DOMAINSSL}": "www.aidedao.com"
        }, 
        {
            "{#DOMAINSSL}": "aaa9408.com"
        }, 
        {
            "{#DOMAINSSL}": "wsw4.lxzzs.cn"
        }, 
        {
            "{#DOMAINSSL}": "gts4.lxzzs.cn"
        }, 
        {
            "{#DOMAINSSL}": "r8588.net"
        }, 
        {
            "{#DOMAINSSL}": "www.r8588.net"
        }, 
        {
            "{#DOMAINSSL}": "www.r8168.net"
        }, 
        {
            "{#DOMAINSSL}": "r8168.net"
        }, 
        {
            "{#DOMAINSSL}": "aaa9409.com"
        }, 
        {
            "{#DOMAINSSL}": "aaa9410.com"
        }, 
        {
            "{#DOMAINSSL}": "aaa9411.com"
        }, 
        {
            "{#DOMAINSSL}": "www.aaa9409.com"
        }, 
        {
            "{#DOMAINSSL}": "www.aaa9410.com"
        }, 
        {
            "{#DOMAINSSL}": "www.aaa9411.com"
        }, 
        {
            "{#DOMAINSSL}": "aaa9889.com"
        }, 
        {
            "{#DOMAINSSL}": "www.aaa9889.com"
        }, 
        {
            "{#DOMAINSSL}": "neweb.me"
        }, 
        {
            "{#DOMAINSSL}": "www.aidedao.com"
        }, 
        {
            "{#DOMAINSSL}": "www.aidedao.com"
        }, 
        {
            "{#DOMAINSSL}": "sabongarenas.com"
        }, 
        {
            "{#DOMAINSSL}": "www.sabongarenas.com"
        }
    ]
}
DEBUG 2021-10-13 09:09:06,003 - ####################################################################################################
DEBUG 2021-10-13 09:09:06,008 - DOMAIN DISCOVER
INFO 2021-10-13 09:09:06,008 - {
    "data": [
        {
            "{#DOMAINSSL}": "v2r-hk1.zhubb.top"
        }, 
        {
            "{#DOMAINSSL}": "www.aaa9408.com"
        }, 
        {
            "{#DOMAINSSL}": "v2r-hk2.zhubb.top"
        }, 
        {
            "{#DOMAINSSL}": "aaa9888.com"
        }, 
        {
            "{#DOMAINSSL}": "www.aidedao.com"
        }, 
        {
            "{#DOMAINSSL}": "aaa9408.com"
        }, 
        {
            "{#DOMAINSSL}": "wsw4.lxzzs.cn"
        }, 
        {
            "{#DOMAINSSL}": "gts4.lxzzs.cn"
        }, 
        {
            "{#DOMAINSSL}": "r8588.net"
        }, 
        {
            "{#DOMAINSSL}": "www.r8588.net"
        }, 
        {
            "{#DOMAINSSL}": "www.r8168.net"
        }, 
        {
            "{#DOMAINSSL}": "r8168.net"
        }, 
        {
            "{#DOMAINSSL}": "aaa9409.com"
        }, 
        {
            "{#DOMAINSSL}": "aaa9410.com"
        }, 
        {
            "{#DOMAINSSL}": "aaa9411.com"
        }, 
        {
            "{#DOMAINSSL}": "www.aaa9409.com"
        }, 
        {
            "{#DOMAINSSL}": "www.aaa9410.com"
        }, 
        {
            "{#DOMAINSSL}": "www.aaa9411.com"
        }, 
        {
            "{#DOMAINSSL}": "aaa9889.com"
        }, 
        {
            "{#DOMAINSSL}": "www.aaa9889.com"
        }, 
        {
            "{#DOMAINSSL}": "neweb.me"
        }, 
        {
            "{#DOMAINSSL}": "www.aidedao.com"
        }, 
        {
            "{#DOMAINSSL}": "www.aidedao.com"
        }, 
        {
            "{#DOMAINSSL}": "sabongarenas.com"
        }, 
        {
            "{#DOMAINSSL}": "www.sabongarenas.com"
        }
    ]
}
DEBUG 2021-10-13 10:09:02,103 - ####################################################################################################
DEBUG 2021-10-13 10:09:02,109 - DOMAIN DISCOVER
INFO 2021-10-13 10:09:02,109 - {
    "data": [
        {
            "{#DOMAINSSL}": "v2r-hk1.zhubb.top"
        }, 
        {
            "{#DOMAINSSL}": "www.aaa9408.com"
        }, 
        {
            "{#DOMAINSSL}": "v2r-hk2.zhubb.top"
        }, 
        {
            "{#DOMAINSSL}": "aaa9888.com"
        }, 
        {
            "{#DOMAINSSL}": "www.aidedao.com"
        }, 
        {
            "{#DOMAINSSL}": "aaa9408.com"
        }, 
        {
            "{#DOMAINSSL}": "wsw4.lxzzs.cn"
        }, 
        {
            "{#DOMAINSSL}": "gts4.lxzzs.cn"
        }, 
        {
            "{#DOMAINSSL}": "r8588.net"
        }, 
        {
            "{#DOMAINSSL}": "www.r8588.net"
        }, 
        {
            "{#DOMAINSSL}": "www.r8168.net"
        }, 
        {
            "{#DOMAINSSL}": "r8168.net"
        }, 
        {
            "{#DOMAINSSL}": "aaa9409.com"
        }, 
        {
            "{#DOMAINSSL}": "aaa9410.com"
        }, 
        {
            "{#DOMAINSSL}": "aaa9411.com"
        }, 
        {
            "{#DOMAINSSL}": "www.aaa9409.com"
        }, 
        {
            "{#DOMAINSSL}": "www.aaa9410.com"
        }, 
        {
            "{#DOMAINSSL}": "www.aaa9411.com"
        }, 
        {
            "{#DOMAINSSL}": "aaa9889.com"
        }, 
        {
            "{#DOMAINSSL}": "www.aaa9889.com"
        }, 
        {
            "{#DOMAINSSL}": "neweb.me"
        }, 
        {
            "{#DOMAINSSL}": "www.aidedao.com"
        }, 
        {
            "{#DOMAINSSL}": "www.aidedao.com"
        }, 
        {
            "{#DOMAINSSL}": "sabongarenas.com"
        }, 
        {
            "{#DOMAINSSL}": "www.sabongarenas.com"
        }
    ]
}
DEBUG 2021-10-13 11:09:07,657 - ####################################################################################################
DEBUG 2021-10-13 11:09:07,664 - DOMAIN DISCOVER
INFO 2021-10-13 11:09:07,664 - {
    "data": [
        {
            "{#DOMAINSSL}": "v2r-hk1.zhubb.top"
        }, 
        {
            "{#DOMAINSSL}": "www.aaa9408.com"
        }, 
        {
            "{#DOMAINSSL}": "v2r-hk2.zhubb.top"
        }, 
        {
            "{#DOMAINSSL}": "aaa9888.com"
        }, 
        {
            "{#DOMAINSSL}": "www.aidedao.com"
        }, 
        {
            "{#DOMAINSSL}": "aaa9408.com"
        }, 
        {
            "{#DOMAINSSL}": "wsw4.lxzzs.cn"
        }, 
        {
            "{#DOMAINSSL}": "gts4.lxzzs.cn"
        }, 
        {
            "{#DOMAINSSL}": "r8588.net"
        }, 
        {
            "{#DOMAINSSL}": "www.r8588.net"
        }, 
        {
            "{#DOMAINSSL}": "www.r8168.net"
        }, 
        {
            "{#DOMAINSSL}": "r8168.net"
        }, 
        {
            "{#DOMAINSSL}": "aaa9409.com"
        }, 
        {
            "{#DOMAINSSL}": "aaa9410.com"
        }, 
        {
            "{#DOMAINSSL}": "aaa9411.com"
        }, 
        {
            "{#DOMAINSSL}": "www.aaa9409.com"
        }, 
        {
            "{#DOMAINSSL}": "www.aaa9410.com"
        }, 
        {
            "{#DOMAINSSL}": "www.aaa9411.com"
        }, 
        {
            "{#DOMAINSSL}": "aaa9889.com"
        }, 
        {
            "{#DOMAINSSL}": "www.aaa9889.com"
        }, 
        {
            "{#DOMAINSSL}": "neweb.me"
        }, 
        {
            "{#DOMAINSSL}": "www.aidedao.com"
        }, 
        {
            "{#DOMAINSSL}": "www.aidedao.com"
        }, 
        {
            "{#DOMAINSSL}": "sabongarenas.com"
        }, 
        {
            "{#DOMAINSSL}": "www.sabongarenas.com"
        }
    ]
}
DEBUG 2021-10-13 12:09:07,410 - ####################################################################################################
DEBUG 2021-10-13 12:09:07,416 - DOMAIN DISCOVER
INFO 2021-10-13 12:09:07,416 - {
    "data": [
        {
            "{#DOMAINSSL}": "v2r-hk1.zhubb.top"
        }, 
        {
            "{#DOMAINSSL}": "www.aaa9408.com"
        }, 
        {
            "{#DOMAINSSL}": "v2r-hk2.zhubb.top"
        }, 
        {
            "{#DOMAINSSL}": "aaa9888.com"
        }, 
        {
            "{#DOMAINSSL}": "www.aidedao.com"
        }, 
        {
            "{#DOMAINSSL}": "aaa9408.com"
        }, 
        {
            "{#DOMAINSSL}": "wsw4.lxzzs.cn"
        }, 
        {
            "{#DOMAINSSL}": "gts4.lxzzs.cn"
        }, 
        {
            "{#DOMAINSSL}": "r8588.net"
        }, 
        {
            "{#DOMAINSSL}": "www.r8588.net"
        }, 
        {
            "{#DOMAINSSL}": "www.r8168.net"
        }, 
        {
            "{#DOMAINSSL}": "r8168.net"
        }, 
        {
            "{#DOMAINSSL}": "aaa9409.com"
        }, 
        {
            "{#DOMAINSSL}": "aaa9410.com"
        }, 
        {
            "{#DOMAINSSL}": "aaa9411.com"
        }, 
        {
            "{#DOMAINSSL}": "www.aaa9409.com"
        }, 
        {
            "{#DOMAINSSL}": "www.aaa9410.com"
        }, 
        {
            "{#DOMAINSSL}": "www.aaa9411.com"
        }, 
        {
            "{#DOMAINSSL}": "aaa9889.com"
        }, 
        {
            "{#DOMAINSSL}": "www.aaa9889.com"
        }, 
        {
            "{#DOMAINSSL}": "neweb.me"
        }, 
        {
            "{#DOMAINSSL}": "www.aidedao.com"
        }, 
        {
            "{#DOMAINSSL}": "www.aidedao.com"
        }, 
        {
            "{#DOMAINSSL}": "sabongarenas.com"
        }, 
        {
            "{#DOMAINSSL}": "www.sabongarenas.com"
        }
    ]
}
DEBUG 2021-10-13 13:09:07,051 - ####################################################################################################
DEBUG 2021-10-13 13:09:07,060 - DOMAIN DISCOVER
INFO 2021-10-13 13:09:07,060 - {
    "data": [
        {
            "{#DOMAINSSL}": "v2r-hk1.zhubb.top"
        }, 
        {
            "{#DOMAINSSL}": "www.aaa9408.com"
        }, 
        {
            "{#DOMAINSSL}": "v2r-hk2.zhubb.top"
        }, 
        {
            "{#DOMAINSSL}": "aaa9888.com"
        }, 
        {
            "{#DOMAINSSL}": "www.aidedao.com"
        }, 
        {
            "{#DOMAINSSL}": "aaa9408.com"
        }, 
        {
            "{#DOMAINSSL}": "wsw4.lxzzs.cn"
        }, 
        {
            "{#DOMAINSSL}": "gts4.lxzzs.cn"
        }, 
        {
            "{#DOMAINSSL}": "r8588.net"
        }, 
        {
            "{#DOMAINSSL}": "www.r8588.net"
        }, 
        {
            "{#DOMAINSSL}": "www.r8168.net"
        }, 
        {
            "{#DOMAINSSL}": "r8168.net"
        }, 
        {
            "{#DOMAINSSL}": "aaa9409.com"
        }, 
        {
            "{#DOMAINSSL}": "aaa9410.com"
        }, 
        {
            "{#DOMAINSSL}": "aaa9411.com"
        }, 
        {
            "{#DOMAINSSL}": "www.aaa9409.com"
        }, 
        {
            "{#DOMAINSSL}": "www.aaa9410.com"
        }, 
        {
            "{#DOMAINSSL}": "www.aaa9411.com"
        }, 
        {
            "{#DOMAINSSL}": "aaa9889.com"
        }, 
        {
            "{#DOMAINSSL}": "www.aaa9889.com"
        }, 
        {
            "{#DOMAINSSL}": "neweb.me"
        }, 
        {
            "{#DOMAINSSL}": "www.aidedao.com"
        }, 
        {
            "{#DOMAINSSL}": "www.aidedao.com"
        }, 
        {
            "{#DOMAINSSL}": "sabongarenas.com"
        }, 
        {
            "{#DOMAINSSL}": "www.sabongarenas.com"
        }
    ]
}
DEBUG 2021-10-13 14:09:05,351 - ####################################################################################################
DEBUG 2021-10-13 14:09:05,358 - DOMAIN DISCOVER
INFO 2021-10-13 14:09:05,358 - {
    "data": [
        {
            "{#DOMAINSSL}": "v2r-hk1.zhubb.top"
        }, 
        {
            "{#DOMAINSSL}": "www.aaa9408.com"
        }, 
        {
            "{#DOMAINSSL}": "v2r-hk2.zhubb.top"
        }, 
        {
            "{#DOMAINSSL}": "aaa9888.com"
        }, 
        {
            "{#DOMAINSSL}": "www.aidedao.com"
        }, 
        {
            "{#DOMAINSSL}": "aaa9408.com"
        }, 
        {
            "{#DOMAINSSL}": "wsw4.lxzzs.cn"
        }, 
        {
            "{#DOMAINSSL}": "gts4.lxzzs.cn"
        }, 
        {
            "{#DOMAINSSL}": "r8588.net"
        }, 
        {
            "{#DOMAINSSL}": "www.r8588.net"
        }, 
        {
            "{#DOMAINSSL}": "www.r8168.net"
        }, 
        {
            "{#DOMAINSSL}": "r8168.net"
        }, 
        {
            "{#DOMAINSSL}": "aaa9409.com"
        }, 
        {
            "{#DOMAINSSL}": "aaa9410.com"
        }, 
        {
            "{#DOMAINSSL}": "aaa9411.com"
        }, 
        {
            "{#DOMAINSSL}": "www.aaa9409.com"
        }, 
        {
            "{#DOMAINSSL}": "www.aaa9410.com"
        }, 
        {
            "{#DOMAINSSL}": "www.aaa9411.com"
        }, 
        {
            "{#DOMAINSSL}": "aaa9889.com"
        }, 
        {
            "{#DOMAINSSL}": "www.aaa9889.com"
        }, 
        {
            "{#DOMAINSSL}": "neweb.me"
        }, 
        {
            "{#DOMAINSSL}": "www.aidedao.com"
        }, 
        {
            "{#DOMAINSSL}": "www.aidedao.com"
        }, 
        {
            "{#DOMAINSSL}": "sabongarenas.com"
        }, 
        {
            "{#DOMAINSSL}": "www.sabongarenas.com"
        }
    ]
}
DEBUG 2021-10-13 15:09:06,381 - ####################################################################################################
DEBUG 2021-10-13 15:09:06,387 - DOMAIN DISCOVER
INFO 2021-10-13 15:09:06,387 - {
    "data": [
        {
            "{#DOMAINSSL}": "v2r-hk1.zhubb.top"
        }, 
        {
            "{#DOMAINSSL}": "www.aaa9408.com"
        }, 
        {
            "{#DOMAINSSL}": "v2r-hk2.zhubb.top"
        }, 
        {
            "{#DOMAINSSL}": "aaa9888.com"
        }, 
        {
            "{#DOMAINSSL}": "www.aidedao.com"
        }, 
        {
            "{#DOMAINSSL}": "aaa9408.com"
        }, 
        {
            "{#DOMAINSSL}": "wsw4.lxzzs.cn"
        }, 
        {
            "{#DOMAINSSL}": "gts4.lxzzs.cn"
        }, 
        {
            "{#DOMAINSSL}": "r8588.net"
        }, 
        {
            "{#DOMAINSSL}": "www.r8588.net"
        }, 
        {
            "{#DOMAINSSL}": "www.r8168.net"
        }, 
        {
            "{#DOMAINSSL}": "r8168.net"
        }, 
        {
            "{#DOMAINSSL}": "aaa9409.com"
        }, 
        {
            "{#DOMAINSSL}": "aaa9410.com"
        }, 
        {
            "{#DOMAINSSL}": "aaa9411.com"
        }, 
        {
            "{#DOMAINSSL}": "www.aaa9409.com"
        }, 
        {
            "{#DOMAINSSL}": "www.aaa9410.com"
        }, 
        {
            "{#DOMAINSSL}": "www.aaa9411.com"
        }, 
        {
            "{#DOMAINSSL}": "aaa9889.com"
        }, 
        {
            "{#DOMAINSSL}": "www.aaa9889.com"
        }, 
        {
            "{#DOMAINSSL}": "neweb.me"
        }, 
        {
            "{#DOMAINSSL}": "www.aidedao.com"
        }, 
        {
            "{#DOMAINSSL}": "www.aidedao.com"
        }, 
        {
            "{#DOMAINSSL}": "sabongarenas.com"
        }, 
        {
            "{#DOMAINSSL}": "www.sabongarenas.com"
        }
    ]
}
DEBUG 2021-10-13 16:09:06,768 - ####################################################################################################
DEBUG 2021-10-13 16:09:06,774 - DOMAIN DISCOVER
INFO 2021-10-13 16:09:06,774 - {
    "data": [
        {
            "{#DOMAINSSL}": "v2r-hk1.zhubb.top"
        }, 
        {
            "{#DOMAINSSL}": "www.aaa9408.com"
        }, 
        {
            "{#DOMAINSSL}": "v2r-hk2.zhubb.top"
        }, 
        {
            "{#DOMAINSSL}": "aaa9888.com"
        }, 
        {
            "{#DOMAINSSL}": "www.aidedao.com"
        }, 
        {
            "{#DOMAINSSL}": "aaa9408.com"
        }, 
        {
            "{#DOMAINSSL}": "wsw4.lxzzs.cn"
        }, 
        {
            "{#DOMAINSSL}": "gts4.lxzzs.cn"
        }, 
        {
            "{#DOMAINSSL}": "r8588.net"
        }, 
        {
            "{#DOMAINSSL}": "www.r8588.net"
        }, 
        {
            "{#DOMAINSSL}": "www.r8168.net"
        }, 
        {
            "{#DOMAINSSL}": "r8168.net"
        }, 
        {
            "{#DOMAINSSL}": "aaa9409.com"
        }, 
        {
            "{#DOMAINSSL}": "aaa9410.com"
        }, 
        {
            "{#DOMAINSSL}": "aaa9411.com"
        }, 
        {
            "{#DOMAINSSL}": "www.aaa9409.com"
        }, 
        {
            "{#DOMAINSSL}": "www.aaa9410.com"
        }, 
        {
            "{#DOMAINSSL}": "www.aaa9411.com"
        }, 
        {
            "{#DOMAINSSL}": "aaa9889.com"
        }, 
        {
            "{#DOMAINSSL}": "www.aaa9889.com"
        }, 
        {
            "{#DOMAINSSL}": "neweb.me"
        }, 
        {
            "{#DOMAINSSL}": "www.aidedao.com"
        }, 
        {
            "{#DOMAINSSL}": "www.aidedao.com"
        }, 
        {
            "{#DOMAINSSL}": "sabongarenas.com"
        }, 
        {
            "{#DOMAINSSL}": "www.sabongarenas.com"
        }
    ]
}
DEBUG 2021-10-13 17:09:07,934 - ####################################################################################################
DEBUG 2021-10-13 17:09:07,940 - DOMAIN DISCOVER
INFO 2021-10-13 17:09:07,940 - {
    "data": [
        {
            "{#DOMAINSSL}": "v2r-hk1.zhubb.top"
        }, 
        {
            "{#DOMAINSSL}": "www.aaa9408.com"
        }, 
        {
            "{#DOMAINSSL}": "v2r-hk2.zhubb.top"
        }, 
        {
            "{#DOMAINSSL}": "aaa9888.com"
        }, 
        {
            "{#DOMAINSSL}": "www.aidedao.com"
        }, 
        {
            "{#DOMAINSSL}": "aaa9408.com"
        }, 
        {
            "{#DOMAINSSL}": "wsw4.lxzzs.cn"
        }, 
        {
            "{#DOMAINSSL}": "gts4.lxzzs.cn"
        }, 
        {
            "{#DOMAINSSL}": "r8588.net"
        }, 
        {
            "{#DOMAINSSL}": "www.r8588.net"
        }, 
        {
            "{#DOMAINSSL}": "www.r8168.net"
        }, 
        {
            "{#DOMAINSSL}": "r8168.net"
        }, 
        {
            "{#DOMAINSSL}": "aaa9409.com"
        }, 
        {
            "{#DOMAINSSL}": "aaa9410.com"
        }, 
        {
            "{#DOMAINSSL}": "aaa9411.com"
        }, 
        {
            "{#DOMAINSSL}": "www.aaa9409.com"
        }, 
        {
            "{#DOMAINSSL}": "www.aaa9410.com"
        }, 
        {
            "{#DOMAINSSL}": "www.aaa9411.com"
        }, 
        {
            "{#DOMAINSSL}": "aaa9889.com"
        }, 
        {
            "{#DOMAINSSL}": "www.aaa9889.com"
        }, 
        {
            "{#DOMAINSSL}": "neweb.me"
        }, 
        {
            "{#DOMAINSSL}": "www.aidedao.com"
        }, 
        {
            "{#DOMAINSSL}": "www.aidedao.com"
        }, 
        {
            "{#DOMAINSSL}": "sabongarenas.com"
        }, 
        {
            "{#DOMAINSSL}": "www.sabongarenas.com"
        }
    ]
}
DEBUG 2021-10-13 18:09:05,082 - ####################################################################################################
DEBUG 2021-10-13 18:09:05,088 - DOMAIN DISCOVER
INFO 2021-10-13 18:09:05,089 - {
    "data": [
        {
            "{#DOMAINSSL}": "v2r-hk1.zhubb.top"
        }, 
        {
            "{#DOMAINSSL}": "www.aaa9408.com"
        }, 
        {
            "{#DOMAINSSL}": "v2r-hk2.zhubb.top"
        }, 
        {
            "{#DOMAINSSL}": "aaa9888.com"
        }, 
        {
            "{#DOMAINSSL}": "www.aidedao.com"
        }, 
        {
            "{#DOMAINSSL}": "aaa9408.com"
        }, 
        {
            "{#DOMAINSSL}": "wsw4.lxzzs.cn"
        }, 
        {
            "{#DOMAINSSL}": "gts4.lxzzs.cn"
        }, 
        {
            "{#DOMAINSSL}": "r8588.net"
        }, 
        {
            "{#DOMAINSSL}": "www.r8588.net"
        }, 
        {
            "{#DOMAINSSL}": "www.r8168.net"
        }, 
        {
            "{#DOMAINSSL}": "r8168.net"
        }, 
        {
            "{#DOMAINSSL}": "aaa9409.com"
        }, 
        {
            "{#DOMAINSSL}": "aaa9410.com"
        }, 
        {
            "{#DOMAINSSL}": "aaa9411.com"
        }, 
        {
            "{#DOMAINSSL}": "www.aaa9409.com"
        }, 
        {
            "{#DOMAINSSL}": "www.aaa9410.com"
        }, 
        {
            "{#DOMAINSSL}": "www.aaa9411.com"
        }, 
        {
            "{#DOMAINSSL}": "aaa9889.com"
        }, 
        {
            "{#DOMAINSSL}": "www.aaa9889.com"
        }, 
        {
            "{#DOMAINSSL}": "neweb.me"
        }, 
        {
            "{#DOMAINSSL}": "www.aidedao.com"
        }, 
        {
            "{#DOMAINSSL}": "www.aidedao.com"
        }, 
        {
            "{#DOMAINSSL}": "sabongarenas.com"
        }, 
        {
            "{#DOMAINSSL}": "www.sabongarenas.com"
        }
    ]
}
DEBUG 2021-10-13 19:09:07,628 - ####################################################################################################
DEBUG 2021-10-13 19:09:07,635 - DOMAIN DISCOVER
INFO 2021-10-13 19:09:07,636 - {
    "data": [
        {
            "{#DOMAINSSL}": "v2r-hk1.zhubb.top"
        }, 
        {
            "{#DOMAINSSL}": "www.aaa9408.com"
        }, 
        {
            "{#DOMAINSSL}": "v2r-hk2.zhubb.top"
        }, 
        {
            "{#DOMAINSSL}": "aaa9888.com"
        }, 
        {
            "{#DOMAINSSL}": "www.aidedao.com"
        }, 
        {
            "{#DOMAINSSL}": "aaa9408.com"
        }, 
        {
            "{#DOMAINSSL}": "wsw4.lxzzs.cn"
        }, 
        {
            "{#DOMAINSSL}": "gts4.lxzzs.cn"
        }, 
        {
            "{#DOMAINSSL}": "r8588.net"
        }, 
        {
            "{#DOMAINSSL}": "www.r8588.net"
        }, 
        {
            "{#DOMAINSSL}": "www.r8168.net"
        }, 
        {
            "{#DOMAINSSL}": "r8168.net"
        }, 
        {
            "{#DOMAINSSL}": "aaa9409.com"
        }, 
        {
            "{#DOMAINSSL}": "aaa9410.com"
        }, 
        {
            "{#DOMAINSSL}": "aaa9411.com"
        }, 
        {
            "{#DOMAINSSL}": "www.aaa9409.com"
        }, 
        {
            "{#DOMAINSSL}": "www.aaa9410.com"
        }, 
        {
            "{#DOMAINSSL}": "www.aaa9411.com"
        }, 
        {
            "{#DOMAINSSL}": "aaa9889.com"
        }, 
        {
            "{#DOMAINSSL}": "www.aaa9889.com"
        }, 
        {
            "{#DOMAINSSL}": "neweb.me"
        }, 
        {
            "{#DOMAINSSL}": "www.aidedao.com"
        }, 
        {
            "{#DOMAINSSL}": "www.aidedao.com"
        }, 
        {
            "{#DOMAINSSL}": "sabongarenas.com"
        }, 
        {
            "{#DOMAINSSL}": "www.sabongarenas.com"
        }
    ]
}
DEBUG 2021-10-13 20:09:07,481 - ####################################################################################################
DEBUG 2021-10-13 20:09:07,487 - DOMAIN DISCOVER
INFO 2021-10-13 20:09:07,487 - {
    "data": [
        {
            "{#DOMAINSSL}": "v2r-hk1.zhubb.top"
        }, 
        {
            "{#DOMAINSSL}": "www.aaa9408.com"
        }, 
        {
            "{#DOMAINSSL}": "v2r-hk2.zhubb.top"
        }, 
        {
            "{#DOMAINSSL}": "aaa9888.com"
        }, 
        {
            "{#DOMAINSSL}": "www.aidedao.com"
        }, 
        {
            "{#DOMAINSSL}": "aaa9408.com"
        }, 
        {
            "{#DOMAINSSL}": "wsw4.lxzzs.cn"
        }, 
        {
            "{#DOMAINSSL}": "gts4.lxzzs.cn"
        }, 
        {
            "{#DOMAINSSL}": "r8588.net"
        }, 
        {
            "{#DOMAINSSL}": "www.r8588.net"
        }, 
        {
            "{#DOMAINSSL}": "www.r8168.net"
        }, 
        {
            "{#DOMAINSSL}": "r8168.net"
        }, 
        {
            "{#DOMAINSSL}": "aaa9409.com"
        }, 
        {
            "{#DOMAINSSL}": "aaa9410.com"
        }, 
        {
            "{#DOMAINSSL}": "aaa9411.com"
        }, 
        {
            "{#DOMAINSSL}": "www.aaa9409.com"
        }, 
        {
            "{#DOMAINSSL}": "www.aaa9410.com"
        }, 
        {
            "{#DOMAINSSL}": "www.aaa9411.com"
        }, 
        {
            "{#DOMAINSSL}": "aaa9889.com"
        }, 
        {
            "{#DOMAINSSL}": "www.aaa9889.com"
        }, 
        {
            "{#DOMAINSSL}": "neweb.me"
        }, 
        {
            "{#DOMAINSSL}": "www.aidedao.com"
        }, 
        {
            "{#DOMAINSSL}": "www.aidedao.com"
        }, 
        {
            "{#DOMAINSSL}": "sabongarenas.com"
        }, 
        {
            "{#DOMAINSSL}": "www.sabongarenas.com"
        }
    ]
}
DEBUG 2021-10-13 21:09:07,864 - ####################################################################################################
DEBUG 2021-10-13 21:09:07,870 - DOMAIN DISCOVER
INFO 2021-10-13 21:09:07,870 - {
    "data": [
        {
            "{#DOMAINSSL}": "v2r-hk1.zhubb.top"
        }, 
        {
            "{#DOMAINSSL}": "www.aaa9408.com"
        }, 
        {
            "{#DOMAINSSL}": "v2r-hk2.zhubb.top"
        }, 
        {
            "{#DOMAINSSL}": "aaa9888.com"
        }, 
        {
            "{#DOMAINSSL}": "www.aidedao.com"
        }, 
        {
            "{#DOMAINSSL}": "aaa9408.com"
        }, 
        {
            "{#DOMAINSSL}": "wsw4.lxzzs.cn"
        }, 
        {
            "{#DOMAINSSL}": "gts4.lxzzs.cn"
        }, 
        {
            "{#DOMAINSSL}": "r8588.net"
        }, 
        {
            "{#DOMAINSSL}": "www.r8588.net"
        }, 
        {
            "{#DOMAINSSL}": "www.r8168.net"
        }, 
        {
            "{#DOMAINSSL}": "r8168.net"
        }, 
        {
            "{#DOMAINSSL}": "aaa9409.com"
        }, 
        {
            "{#DOMAINSSL}": "aaa9410.com"
        }, 
        {
            "{#DOMAINSSL}": "aaa9411.com"
        }, 
        {
            "{#DOMAINSSL}": "www.aaa9409.com"
        }, 
        {
            "{#DOMAINSSL}": "www.aaa9410.com"
        }, 
        {
            "{#DOMAINSSL}": "www.aaa9411.com"
        }, 
        {
            "{#DOMAINSSL}": "aaa9889.com"
        }, 
        {
            "{#DOMAINSSL}": "www.aaa9889.com"
        }, 
        {
            "{#DOMAINSSL}": "neweb.me"
        }, 
        {
            "{#DOMAINSSL}": "www.aidedao.com"
        }, 
        {
            "{#DOMAINSSL}": "www.aidedao.com"
        }, 
        {
            "{#DOMAINSSL}": "sabongarenas.com"
        }, 
        {
            "{#DOMAINSSL}": "www.sabongarenas.com"
        }
    ]
}
DEBUG 2021-10-13 22:09:05,413 - ####################################################################################################
DEBUG 2021-10-13 22:09:05,419 - DOMAIN DISCOVER
INFO 2021-10-13 22:09:05,419 - {
    "data": [
        {
            "{#DOMAINSSL}": "v2r-hk1.zhubb.top"
        }, 
        {
            "{#DOMAINSSL}": "www.aaa9408.com"
        }, 
        {
            "{#DOMAINSSL}": "v2r-hk2.zhubb.top"
        }, 
        {
            "{#DOMAINSSL}": "aaa9888.com"
        }, 
        {
            "{#DOMAINSSL}": "www.aidedao.com"
        }, 
        {
            "{#DOMAINSSL}": "aaa9408.com"
        }, 
        {
            "{#DOMAINSSL}": "wsw4.lxzzs.cn"
        }, 
        {
            "{#DOMAINSSL}": "gts4.lxzzs.cn"
        }, 
        {
            "{#DOMAINSSL}": "r8588.net"
        }, 
        {
            "{#DOMAINSSL}": "www.r8588.net"
        }, 
        {
            "{#DOMAINSSL}": "www.r8168.net"
        }, 
        {
            "{#DOMAINSSL}": "r8168.net"
        }, 
        {
            "{#DOMAINSSL}": "aaa9409.com"
        }, 
        {
            "{#DOMAINSSL}": "aaa9410.com"
        }, 
        {
            "{#DOMAINSSL}": "aaa9411.com"
        }, 
        {
            "{#DOMAINSSL}": "www.aaa9409.com"
        }, 
        {
            "{#DOMAINSSL}": "www.aaa9410.com"
        }, 
        {
            "{#DOMAINSSL}": "www.aaa9411.com"
        }, 
        {
            "{#DOMAINSSL}": "aaa9889.com"
        }, 
        {
            "{#DOMAINSSL}": "www.aaa9889.com"
        }, 
        {
            "{#DOMAINSSL}": "neweb.me"
        }, 
        {
            "{#DOMAINSSL}": "www.aidedao.com"
        }, 
        {
            "{#DOMAINSSL}": "www.aidedao.com"
        }, 
        {
            "{#DOMAINSSL}": "sabongarenas.com"
        }, 
        {
            "{#DOMAINSSL}": "www.sabongarenas.com"
        }
    ]
}
DEBUG 2021-10-13 23:09:06,314 - ####################################################################################################
DEBUG 2021-10-13 23:09:06,320 - DOMAIN DISCOVER
INFO 2021-10-13 23:09:06,320 - {
    "data": [
        {
            "{#DOMAINSSL}": "v2r-hk1.zhubb.top"
        }, 
        {
            "{#DOMAINSSL}": "www.aaa9408.com"
        }, 
        {
            "{#DOMAINSSL}": "v2r-hk2.zhubb.top"
        }, 
        {
            "{#DOMAINSSL}": "aaa9888.com"
        }, 
        {
            "{#DOMAINSSL}": "www.aidedao.com"
        }, 
        {
            "{#DOMAINSSL}": "aaa9408.com"
        }, 
        {
            "{#DOMAINSSL}": "wsw4.lxzzs.cn"
        }, 
        {
            "{#DOMAINSSL}": "gts4.lxzzs.cn"
        }, 
        {
            "{#DOMAINSSL}": "r8588.net"
        }, 
        {
            "{#DOMAINSSL}": "www.r8588.net"
        }, 
        {
            "{#DOMAINSSL}": "www.r8168.net"
        }, 
        {
            "{#DOMAINSSL}": "r8168.net"
        }, 
        {
            "{#DOMAINSSL}": "aaa9409.com"
        }, 
        {
            "{#DOMAINSSL}": "aaa9410.com"
        }, 
        {
            "{#DOMAINSSL}": "aaa9411.com"
        }, 
        {
            "{#DOMAINSSL}": "www.aaa9409.com"
        }, 
        {
            "{#DOMAINSSL}": "www.aaa9410.com"
        }, 
        {
            "{#DOMAINSSL}": "www.aaa9411.com"
        }, 
        {
            "{#DOMAINSSL}": "aaa9889.com"
        }, 
        {
            "{#DOMAINSSL}": "www.aaa9889.com"
        }, 
        {
            "{#DOMAINSSL}": "neweb.me"
        }, 
        {
            "{#DOMAINSSL}": "www.aidedao.com"
        }, 
        {
            "{#DOMAINSSL}": "www.aidedao.com"
        }, 
        {
            "{#DOMAINSSL}": "sabongarenas.com"
        }, 
        {
            "{#DOMAINSSL}": "www.sabongarenas.com"
        }
    ]
}
