DEBUG 2021-10-18 00:09:05,009 - ####################################################################################################
DEBUG 2021-10-18 00:09:05,015 - DOMAIN DISCOVER
INFO 2021-10-18 00:09:05,015 - {
    "data": [
        {
            "{#DOMAINSSL}": "v2r-hk1.zhubb.top"
        }, 
        {
            "{#DOMAINSSL}": "v2r-hk2.zhubb.top"
        }, 
        {
            "{#DOMAINSSL}": "www.aidedao.com"
        }, 
        {
            "{#DOMAINSSL}": "wsw4.lxzzs.cn"
        }, 
        {
            "{#DOMAINSSL}": "gts4.lxzzs.cn"
        }, 
        {
            "{#DOMAINSSL}": "aaa9409.com"
        }, 
        {
            "{#DOMAINSSL}": "aaa9410.com"
        }, 
        {
            "{#DOMAINSSL}": "www.aidedao.com"
        }, 
        {
            "{#DOMAINSSL}": "www.aidedao.com"
        }
    ]
}
DEBUG 2021-10-18 01:09:05,632 - ####################################################################################################
DEBUG 2021-10-18 01:09:05,638 - DOMAIN DISCOVER
INFO 2021-10-18 01:09:05,638 - {
    "data": [
        {
            "{#DOMAINSSL}": "v2r-hk1.zhubb.top"
        }, 
        {
            "{#DOMAINSSL}": "v2r-hk2.zhubb.top"
        }, 
        {
            "{#DOMAINSSL}": "www.aidedao.com"
        }, 
        {
            "{#DOMAINSSL}": "wsw4.lxzzs.cn"
        }, 
        {
            "{#DOMAINSSL}": "gts4.lxzzs.cn"
        }, 
        {
            "{#DOMAINSSL}": "aaa9409.com"
        }, 
        {
            "{#DOMAINSSL}": "aaa9410.com"
        }, 
        {
            "{#DOMAINSSL}": "www.aidedao.com"
        }, 
        {
            "{#DOMAINSSL}": "www.aidedao.com"
        }
    ]
}
DEBUG 2021-10-18 02:09:06,885 - ####################################################################################################
DEBUG 2021-10-18 02:09:06,891 - DOMAIN DISCOVER
INFO 2021-10-18 02:09:06,891 - {
    "data": [
        {
            "{#DOMAINSSL}": "v2r-hk1.zhubb.top"
        }, 
        {
            "{#DOMAINSSL}": "v2r-hk2.zhubb.top"
        }, 
        {
            "{#DOMAINSSL}": "www.aidedao.com"
        }, 
        {
            "{#DOMAINSSL}": "wsw4.lxzzs.cn"
        }, 
        {
            "{#DOMAINSSL}": "gts4.lxzzs.cn"
        }, 
        {
            "{#DOMAINSSL}": "aaa9409.com"
        }, 
        {
            "{#DOMAINSSL}": "aaa9410.com"
        }, 
        {
            "{#DOMAINSSL}": "www.aidedao.com"
        }, 
        {
            "{#DOMAINSSL}": "www.aidedao.com"
        }
    ]
}
DEBUG 2021-10-18 03:09:04,801 - ####################################################################################################
DEBUG 2021-10-18 03:09:04,808 - DOMAIN DISCOVER
INFO 2021-10-18 03:09:04,808 - {
    "data": [
        {
            "{#DOMAINSSL}": "v2r-hk1.zhubb.top"
        }, 
        {
            "{#DOMAINSSL}": "v2r-hk2.zhubb.top"
        }, 
        {
            "{#DOMAINSSL}": "www.aidedao.com"
        }, 
        {
            "{#DOMAINSSL}": "wsw4.lxzzs.cn"
        }, 
        {
            "{#DOMAINSSL}": "gts4.lxzzs.cn"
        }, 
        {
            "{#DOMAINSSL}": "aaa9409.com"
        }, 
        {
            "{#DOMAINSSL}": "aaa9410.com"
        }, 
        {
            "{#DOMAINSSL}": "www.aidedao.com"
        }, 
        {
            "{#DOMAINSSL}": "www.aidedao.com"
        }
    ]
}
DEBUG 2021-10-18 04:09:06,182 - ####################################################################################################
DEBUG 2021-10-18 04:09:06,189 - DOMAIN DISCOVER
INFO 2021-10-18 04:09:06,189 - {
    "data": [
        {
            "{#DOMAINSSL}": "v2r-hk1.zhubb.top"
        }, 
        {
            "{#DOMAINSSL}": "v2r-hk2.zhubb.top"
        }, 
        {
            "{#DOMAINSSL}": "www.aidedao.com"
        }, 
        {
            "{#DOMAINSSL}": "wsw4.lxzzs.cn"
        }, 
        {
            "{#DOMAINSSL}": "gts4.lxzzs.cn"
        }, 
        {
            "{#DOMAINSSL}": "aaa9409.com"
        }, 
        {
            "{#DOMAINSSL}": "aaa9410.com"
        }, 
        {
            "{#DOMAINSSL}": "www.aidedao.com"
        }, 
        {
            "{#DOMAINSSL}": "www.aidedao.com"
        }
    ]
}
DEBUG 2021-10-18 05:09:06,045 - ####################################################################################################
DEBUG 2021-10-18 05:09:06,051 - DOMAIN DISCOVER
INFO 2021-10-18 05:09:06,051 - {
    "data": [
        {
            "{#DOMAINSSL}": "v2r-hk1.zhubb.top"
        }, 
        {
            "{#DOMAINSSL}": "delivip1.com"
        }, 
        {
            "{#DOMAINSSL}": "138eu.net"
        }, 
        {
            "{#DOMAINSSL}": "v2r-hk2.zhubb.top"
        }, 
        {
            "{#DOMAINSSL}": "wsw4.lxzzs.cn"
        }, 
        {
            "{#DOMAINSSL}": "gts4.lxzzs.cn"
        }, 
        {
            "{#DOMAINSSL}": "aaa9409.com"
        }, 
        {
            "{#DOMAINSSL}": "aaa9410.com"
        }
    ]
}
DEBUG 2021-10-18 06:09:06,769 - ####################################################################################################
DEBUG 2021-10-18 06:09:06,776 - DOMAIN DISCOVER
INFO 2021-10-18 06:09:06,776 - {
    "data": [
        {
            "{#DOMAINSSL}": "v2r-hk1.zhubb.top"
        }, 
        {
            "{#DOMAINSSL}": "eu7.com"
        }, 
        {
            "{#DOMAINSSL}": "v2r-hk2.zhubb.top"
        }, 
        {
            "{#DOMAINSSL}": "wsw4.lxzzs.cn"
        }, 
        {
            "{#DOMAINSSL}": "gts4.lxzzs.cn"
        }, 
        {
            "{#DOMAINSSL}": "aaa9409.com"
        }, 
        {
            "{#DOMAINSSL}": "aaa9410.com"
        }
    ]
}
DEBUG 2021-10-18 07:09:05,788 - ####################################################################################################
DEBUG 2021-10-18 07:09:05,797 - DOMAIN DISCOVER
INFO 2021-10-18 07:09:05,797 - {
    "data": [
        {
            "{#DOMAINSSL}": "v2r-hk1.zhubb.top"
        }, 
        {
            "{#DOMAINSSL}": "v2r-hk2.zhubb.top"
        }, 
        {
            "{#DOMAINSSL}": "wsw4.lxzzs.cn"
        }, 
        {
            "{#DOMAINSSL}": "gts4.lxzzs.cn"
        }, 
        {
            "{#DOMAINSSL}": "aaa9409.com"
        }, 
        {
            "{#DOMAINSSL}": "aaa9410.com"
        }
    ]
}
DEBUG 2021-10-18 08:09:07,646 - ####################################################################################################
DEBUG 2021-10-18 08:09:07,653 - DOMAIN DISCOVER
INFO 2021-10-18 08:09:07,653 - {
    "data": [
        {
            "{#DOMAINSSL}": "v2r-hk1.zhubb.top"
        }, 
        {
            "{#DOMAINSSL}": "v2r-hk2.zhubb.top"
        }, 
        {
            "{#DOMAINSSL}": "wsw4.lxzzs.cn"
        }, 
        {
            "{#DOMAINSSL}": "gts4.lxzzs.cn"
        }, 
        {
            "{#DOMAINSSL}": "aaa9409.com"
        }, 
        {
            "{#DOMAINSSL}": "aaa9410.com"
        }
    ]
}
DEBUG 2021-10-18 09:09:07,767 - ####################################################################################################
DEBUG 2021-10-18 09:09:07,773 - DOMAIN DISCOVER
INFO 2021-10-18 09:09:07,773 - {
    "data": [
        {
            "{#DOMAINSSL}": "v2r-hk1.zhubb.top"
        }, 
        {
            "{#DOMAINSSL}": "v2r-hk2.zhubb.top"
        }, 
        {
            "{#DOMAINSSL}": "wsw4.lxzzs.cn"
        }, 
        {
            "{#DOMAINSSL}": "gts4.lxzzs.cn"
        }, 
        {
            "{#DOMAINSSL}": "aaa9409.com"
        }, 
        {
            "{#DOMAINSSL}": "aaa9410.com"
        }
    ]
}
DEBUG 2021-10-18 10:09:06,630 - ####################################################################################################
DEBUG 2021-10-18 10:09:06,637 - DOMAIN DISCOVER
INFO 2021-10-18 10:09:06,637 - {
    "data": [
        {
            "{#DOMAINSSL}": "v2r-hk1.zhubb.top"
        }, 
        {
            "{#DOMAINSSL}": "v2r-hk2.zhubb.top"
        }, 
        {
            "{#DOMAINSSL}": "wsw4.lxzzs.cn"
        }, 
        {
            "{#DOMAINSSL}": "gts4.lxzzs.cn"
        }, 
        {
            "{#DOMAINSSL}": "aaa9409.com"
        }, 
        {
            "{#DOMAINSSL}": "aaa9410.com"
        }
    ]
}
DEBUG 2021-10-18 11:09:08,165 - ####################################################################################################
DEBUG 2021-10-18 11:09:08,171 - DOMAIN DISCOVER
INFO 2021-10-18 11:09:08,172 - {
    "data": [
        {
            "{#DOMAINSSL}": "v2r-hk1.zhubb.top"
        }, 
        {
            "{#DOMAINSSL}": "v2r-hk2.zhubb.top"
        }, 
        {
            "{#DOMAINSSL}": "wsw4.lxzzs.cn"
        }, 
        {
            "{#DOMAINSSL}": "gts4.lxzzs.cn"
        }, 
        {
            "{#DOMAINSSL}": "aaa9409.com"
        }, 
        {
            "{#DOMAINSSL}": "aaa9410.com"
        }
    ]
}
DEBUG 2021-10-18 12:09:07,629 - ####################################################################################################
DEBUG 2021-10-18 12:09:07,635 - DOMAIN DISCOVER
INFO 2021-10-18 12:09:07,635 - {
    "data": [
        {
            "{#DOMAINSSL}": "wsw4.lxzzs.cn"
        }, 
        {
            "{#DOMAINSSL}": "gts4.lxzzs.cn"
        }, 
        {
            "{#DOMAINSSL}": "aaa9409.com"
        }, 
        {
            "{#DOMAINSSL}": "aaa9410.com"
        }
    ]
}
DEBUG 2021-10-18 13:09:08,076 - ####################################################################################################
DEBUG 2021-10-18 13:09:08,081 - DOMAIN DISCOVER
INFO 2021-10-18 13:09:08,081 - {
    "data": [
        {
            "{#DOMAINSSL}": "wsw4.lxzzs.cn"
        }, 
        {
            "{#DOMAINSSL}": "gts4.lxzzs.cn"
        }, 
        {
            "{#DOMAINSSL}": "aaa9409.com"
        }, 
        {
            "{#DOMAINSSL}": "aaa9410.com"
        }
    ]
}
DEBUG 2021-10-18 14:09:07,490 - ####################################################################################################
DEBUG 2021-10-18 14:09:07,496 - DOMAIN DISCOVER
INFO 2021-10-18 14:09:07,496 - {
    "data": [
        {
            "{#DOMAINSSL}": "wsw4.lxzzs.cn"
        }, 
        {
            "{#DOMAINSSL}": "gts4.lxzzs.cn"
        }, 
        {
            "{#DOMAINSSL}": "aaa9409.com"
        }, 
        {
            "{#DOMAINSSL}": "aaa9410.com"
        }
    ]
}
DEBUG 2021-10-18 15:09:07,051 - ####################################################################################################
DEBUG 2021-10-18 15:09:07,057 - DOMAIN DISCOVER
INFO 2021-10-18 15:09:07,058 - {
    "data": [
        {
            "{#DOMAINSSL}": "wsw4.lxzzs.cn"
        }, 
        {
            "{#DOMAINSSL}": "gts4.lxzzs.cn"
        }, 
        {
            "{#DOMAINSSL}": "aaa9409.com"
        }, 
        {
            "{#DOMAINSSL}": "aaa9410.com"
        }
    ]
}
DEBUG 2021-10-18 16:09:07,245 - ####################################################################################################
DEBUG 2021-10-18 16:09:07,251 - DOMAIN DISCOVER
INFO 2021-10-18 16:09:07,251 - {
    "data": [
        {
            "{#DOMAINSSL}": "wsw4.lxzzs.cn"
        }, 
        {
            "{#DOMAINSSL}": "gts4.lxzzs.cn"
        }, 
        {
            "{#DOMAINSSL}": "aaa9409.com"
        }, 
        {
            "{#DOMAINSSL}": "aaa9410.com"
        }
    ]
}
DEBUG 2021-10-18 17:09:07,333 - ####################################################################################################
DEBUG 2021-10-18 17:09:07,339 - DOMAIN DISCOVER
INFO 2021-10-18 17:09:07,339 - {
    "data": [
        {
            "{#DOMAINSSL}": "wsw4.lxzzs.cn"
        }, 
        {
            "{#DOMAINSSL}": "gts4.lxzzs.cn"
        }, 
        {
            "{#DOMAINSSL}": "aaa9409.com"
        }, 
        {
            "{#DOMAINSSL}": "aaa9410.com"
        }
    ]
}
DEBUG 2021-10-18 18:09:07,366 - ####################################################################################################
DEBUG 2021-10-18 18:09:07,373 - DOMAIN DISCOVER
INFO 2021-10-18 18:09:07,373 - {
    "data": [
        {
            "{#DOMAINSSL}": "wsw4.lxzzs.cn"
        }, 
        {
            "{#DOMAINSSL}": "gts4.lxzzs.cn"
        }, 
        {
            "{#DOMAINSSL}": "aaa9409.com"
        }, 
        {
            "{#DOMAINSSL}": "aaa9410.com"
        }
    ]
}
DEBUG 2021-10-18 19:09:08,403 - ####################################################################################################
DEBUG 2021-10-18 19:09:08,409 - DOMAIN DISCOVER
INFO 2021-10-18 19:09:08,409 - {
    "data": [
        {
            "{#DOMAINSSL}": "wsw4.lxzzs.cn"
        }, 
        {
            "{#DOMAINSSL}": "gts4.lxzzs.cn"
        }, 
        {
            "{#DOMAINSSL}": "aaa9409.com"
        }, 
        {
            "{#DOMAINSSL}": "aaa9410.com"
        }
    ]
}
DEBUG 2021-10-18 20:09:06,790 - ####################################################################################################
DEBUG 2021-10-18 20:09:06,796 - DOMAIN DISCOVER
INFO 2021-10-18 20:09:06,796 - {
    "data": [
        {
            "{#DOMAINSSL}": "wsw4.lxzzs.cn"
        }, 
        {
            "{#DOMAINSSL}": "gts4.lxzzs.cn"
        }, 
        {
            "{#DOMAINSSL}": "aaa9409.com"
        }, 
        {
            "{#DOMAINSSL}": "aaa9410.com"
        }
    ]
}
DEBUG 2021-10-18 21:09:06,158 - ####################################################################################################
DEBUG 2021-10-18 21:09:06,164 - DOMAIN DISCOVER
INFO 2021-10-18 21:09:06,165 - {
    "data": [
        {
            "{#DOMAINSSL}": "wsw4.lxzzs.cn"
        }, 
        {
            "{#DOMAINSSL}": "gts4.lxzzs.cn"
        }, 
        {
            "{#DOMAINSSL}": "aaa9409.com"
        }, 
        {
            "{#DOMAINSSL}": "aaa9410.com"
        }
    ]
}
DEBUG 2021-10-18 22:09:09,252 - ####################################################################################################
DEBUG 2021-10-18 22:09:09,258 - DOMAIN DISCOVER
INFO 2021-10-18 22:09:09,258 - {
    "data": [
        {
            "{#DOMAINSSL}": "wsw4.lxzzs.cn"
        }, 
        {
            "{#DOMAINSSL}": "gts4.lxzzs.cn"
        }, 
        {
            "{#DOMAINSSL}": "aaa9409.com"
        }, 
        {
            "{#DOMAINSSL}": "aaa9410.com"
        }
    ]
}
DEBUG 2021-10-18 23:09:07,321 - ####################################################################################################
DEBUG 2021-10-18 23:09:07,327 - DOMAIN DISCOVER
INFO 2021-10-18 23:09:07,327 - {
    "data": [
        {
            "{#DOMAINSSL}": "wsw4.lxzzs.cn"
        }, 
        {
            "{#DOMAINSSL}": "gts4.lxzzs.cn"
        }, 
        {
            "{#DOMAINSSL}": "aaa9409.com"
        }, 
        {
            "{#DOMAINSSL}": "aaa9410.com"
        }
    ]
}
