DEBUG 2021-07-06 00:08:52,281 - ####################################################################################################
DEBUG 2021-07-06 00:08:52,287 - DOMAIN DISCOVER
INFO 2021-07-06 00:08:52,287 - {
    "data": [
        {
            "{#DOMAINSSL}": "tochat333.com"
        }, 
        {
            "{#DOMAINSSL}": "www.wukongchat.com"
        }, 
        {
            "{#DOMAINSSL}": "www.wukongchat.com"
        }, 
        {
            "{#DOMAINSSL}": "wpc89.com"
        }, 
        {
            "{#DOMAINSSL}": "www.wpc89.com"
        }, 
        {
            "{#DOMAINSSL}": "jbl.live"
        }, 
        {
            "{#DOMAINSSL}": "www.jbl.live"
        }
    ]
}
DEBUG 2021-07-06 01:08:51,092 - ####################################################################################################
DEBUG 2021-07-06 01:08:51,098 - DOMAIN DISCOVER
INFO 2021-07-06 01:08:51,098 - {
    "data": [
        {
            "{#DOMAINSSL}": "tochat333.com"
        }, 
        {
            "{#DOMAINSSL}": "www.wukongchat.com"
        }, 
        {
            "{#DOMAINSSL}": "www.wukongchat.com"
        }, 
        {
            "{#DOMAINSSL}": "wpc89.com"
        }, 
        {
            "{#DOMAINSSL}": "www.wpc89.com"
        }, 
        {
            "{#DOMAINSSL}": "jbl.live"
        }, 
        {
            "{#DOMAINSSL}": "www.jbl.live"
        }
    ]
}
DEBUG 2021-07-06 02:08:52,421 - ####################################################################################################
DEBUG 2021-07-06 02:08:52,426 - DOMAIN DISCOVER
INFO 2021-07-06 02:08:52,427 - {
    "data": [
        {
            "{#DOMAINSSL}": "tochat333.com"
        }, 
        {
            "{#DOMAINSSL}": "www.wukongchat.com"
        }, 
        {
            "{#DOMAINSSL}": "www.wukongchat.com"
        }, 
        {
            "{#DOMAINSSL}": "wpc89.com"
        }, 
        {
            "{#DOMAINSSL}": "www.wpc89.com"
        }, 
        {
            "{#DOMAINSSL}": "jbl.live"
        }, 
        {
            "{#DOMAINSSL}": "www.jbl.live"
        }
    ]
}
DEBUG 2021-07-06 03:08:50,889 - ####################################################################################################
DEBUG 2021-07-06 03:08:50,895 - DOMAIN DISCOVER
INFO 2021-07-06 03:08:50,896 - {
    "data": [
        {
            "{#DOMAINSSL}": "tochat333.com"
        }, 
        {
            "{#DOMAINSSL}": "www.wukongchat.com"
        }, 
        {
            "{#DOMAINSSL}": "www.wukongchat.com"
        }, 
        {
            "{#DOMAINSSL}": "wpc89.com"
        }, 
        {
            "{#DOMAINSSL}": "www.wpc89.com"
        }, 
        {
            "{#DOMAINSSL}": "jbl.live"
        }, 
        {
            "{#DOMAINSSL}": "www.jbl.live"
        }
    ]
}
DEBUG 2021-07-06 04:08:48,663 - ####################################################################################################
DEBUG 2021-07-06 04:08:48,668 - DOMAIN DISCOVER
INFO 2021-07-06 04:08:48,668 - {
    "data": [
        {
            "{#DOMAINSSL}": "tochat333.com"
        }, 
        {
            "{#DOMAINSSL}": "www.wukongchat.com"
        }, 
        {
            "{#DOMAINSSL}": "www.wukongchat.com"
        }, 
        {
            "{#DOMAINSSL}": "wpc89.com"
        }, 
        {
            "{#DOMAINSSL}": "www.wpc89.com"
        }, 
        {
            "{#DOMAINSSL}": "jbl.live"
        }, 
        {
            "{#DOMAINSSL}": "www.jbl.live"
        }
    ]
}
DEBUG 2021-07-06 05:08:51,374 - ####################################################################################################
DEBUG 2021-07-06 05:08:51,380 - DOMAIN DISCOVER
INFO 2021-07-06 05:08:51,380 - {
    "data": [
        {
            "{#DOMAINSSL}": "18185000.com"
        }, 
        {
            "{#DOMAINSSL}": "jin113.com"
        }, 
        {
            "{#DOMAINSSL}": "b6363a.com"
        }, 
        {
            "{#DOMAINSSL}": "eu989.net"
        }, 
        {
            "{#DOMAINSSL}": "ying88888.com"
        }, 
        {
            "{#DOMAINSSL}": "eu2018.net"
        }, 
        {
            "{#DOMAINSSL}": "jiabo99.com"
        }, 
        {
            "{#DOMAINSSL}": "gabo666.com"
        }, 
        {
            "{#DOMAINSSL}": "jin172.com"
        }, 
        {
            "{#DOMAINSSL}": "tochat333.com"
        }, 
        {
            "{#DOMAINSSL}": "www.wukongchat.com"
        }, 
        {
            "{#DOMAINSSL}": "www.wukongchat.com"
        }, 
        {
            "{#DOMAINSSL}": "wpc89.com"
        }, 
        {
            "{#DOMAINSSL}": "www.wpc89.com"
        }, 
        {
            "{#DOMAINSSL}": "jbl.live"
        }, 
        {
            "{#DOMAINSSL}": "www.jbl.live"
        }
    ]
}
DEBUG 2021-07-06 06:08:52,281 - ####################################################################################################
DEBUG 2021-07-06 06:08:52,287 - DOMAIN DISCOVER
INFO 2021-07-06 06:08:52,287 - {
    "data": [
        {
            "{#DOMAINSSL}": "jbl788.com"
        }, 
        {
            "{#DOMAINSSL}": "kblforum.com"
        }, 
        {
            "{#DOMAINSSL}": "jsh3.me"
        }, 
        {
            "{#DOMAINSSL}": "eulaohu.com"
        }, 
        {
            "{#DOMAINSSL}": "xbet65.com"
        }, 
        {
            "{#DOMAINSSL}": "xingtou777.com"
        }, 
        {
            "{#DOMAINSSL}": "jin172.com"
        }, 
        {
            "{#DOMAINSSL}": "jsh521.com"
        }, 
        {
            "{#DOMAINSSL}": "www.jsh521.com"
        }, 
        {
            "{#DOMAINSSL}": "ebetasia.net"
        }, 
        {
            "{#DOMAINSSL}": "tochat333.com"
        }, 
        {
            "{#DOMAINSSL}": "eu898.com"
        }, 
        {
            "{#DOMAINSSL}": "www.eu590.com"
        }, 
        {
            "{#DOMAINSSL}": "eu590.com"
        }, 
        {
            "{#DOMAINSSL}": "wpc89.com"
        }, 
        {
            "{#DOMAINSSL}": "www.wpc89.com"
        }, 
        {
            "{#DOMAINSSL}": "www.xdlv68.com"
        }, 
        {
            "{#DOMAINSSL}": "jbl.live"
        }, 
        {
            "{#DOMAINSSL}": "www.jbl.live"
        }, 
        {
            "{#DOMAINSSL}": "jblzm01.com"
        }
    ]
}
DEBUG 2021-07-06 07:08:53,196 - ####################################################################################################
DEBUG 2021-07-06 07:08:53,202 - DOMAIN DISCOVER
INFO 2021-07-06 07:08:53,202 - {
    "data": [
        {
            "{#DOMAINSSL}": "tochat333.com"
        }, 
        {
            "{#DOMAINSSL}": "wpc89.com"
        }, 
        {
            "{#DOMAINSSL}": "www.wpc89.com"
        }, 
        {
            "{#DOMAINSSL}": "jbl.live"
        }, 
        {
            "{#DOMAINSSL}": "www.jbl.live"
        }
    ]
}
DEBUG 2021-07-06 08:08:48,537 - ####################################################################################################
DEBUG 2021-07-06 08:08:48,544 - DOMAIN DISCOVER
INFO 2021-07-06 08:08:48,544 - {
    "data": [
        {
            "{#DOMAINSSL}": "tochat333.com"
        }, 
        {
            "{#DOMAINSSL}": "wpc89.com"
        }, 
        {
            "{#DOMAINSSL}": "www.wpc89.com"
        }, 
        {
            "{#DOMAINSSL}": "jbl.live"
        }, 
        {
            "{#DOMAINSSL}": "www.jbl.live"
        }
    ]
}
DEBUG 2021-07-06 09:08:51,633 - ####################################################################################################
DEBUG 2021-07-06 09:08:51,640 - DOMAIN DISCOVER
INFO 2021-07-06 09:08:51,640 - {
    "data": [
        {
            "{#DOMAINSSL}": "tochat333.com"
        }, 
        {
            "{#DOMAINSSL}": "wpc89.com"
        }, 
        {
            "{#DOMAINSSL}": "www.wpc89.com"
        }, 
        {
            "{#DOMAINSSL}": "jbl.live"
        }, 
        {
            "{#DOMAINSSL}": "www.jbl.live"
        }
    ]
}
DEBUG 2021-07-06 10:08:52,259 - ####################################################################################################
DEBUG 2021-07-06 10:08:52,266 - DOMAIN DISCOVER
INFO 2021-07-06 10:08:52,267 - {
    "data": [
        {
            "{#DOMAINSSL}": "tochat333.com"
        }, 
        {
            "{#DOMAINSSL}": "wpc89.com"
        }, 
        {
            "{#DOMAINSSL}": "www.wpc89.com"
        }, 
        {
            "{#DOMAINSSL}": "jbl.live"
        }, 
        {
            "{#DOMAINSSL}": "www.jbl.live"
        }
    ]
}
DEBUG 2021-07-06 11:08:53,280 - ####################################################################################################
DEBUG 2021-07-06 11:08:53,286 - DOMAIN DISCOVER
INFO 2021-07-06 11:08:53,287 - {
    "data": [
        {
            "{#DOMAINSSL}": "tochat333.com"
        }, 
        {
            "{#DOMAINSSL}": "wpc89.com"
        }, 
        {
            "{#DOMAINSSL}": "www.wpc89.com"
        }, 
        {
            "{#DOMAINSSL}": "jbl.live"
        }, 
        {
            "{#DOMAINSSL}": "www.jbl.live"
        }
    ]
}
DEBUG 2021-07-06 12:08:52,921 - ####################################################################################################
DEBUG 2021-07-06 12:08:52,927 - DOMAIN DISCOVER
INFO 2021-07-06 12:08:52,927 - {
    "data": [
        {
            "{#DOMAINSSL}": "tochat333.com"
        }, 
        {
            "{#DOMAINSSL}": "wpc89.com"
        }, 
        {
            "{#DOMAINSSL}": "www.wpc89.com"
        }, 
        {
            "{#DOMAINSSL}": "jbl.live"
        }, 
        {
            "{#DOMAINSSL}": "www.jbl.live"
        }
    ]
}
DEBUG 2021-07-06 13:08:52,474 - ####################################################################################################
DEBUG 2021-07-06 13:08:52,480 - DOMAIN DISCOVER
INFO 2021-07-06 13:08:52,480 - {
    "data": [
        {
            "{#DOMAINSSL}": "tochat333.com"
        }, 
        {
            "{#DOMAINSSL}": "wpc89.com"
        }, 
        {
            "{#DOMAINSSL}": "www.wpc89.com"
        }, 
        {
            "{#DOMAINSSL}": "jbl.live"
        }, 
        {
            "{#DOMAINSSL}": "www.jbl.live"
        }
    ]
}
DEBUG 2021-07-06 14:08:54,171 - ####################################################################################################
DEBUG 2021-07-06 14:08:54,177 - DOMAIN DISCOVER
INFO 2021-07-06 14:08:54,178 - {
    "data": [
        {
            "{#DOMAINSSL}": "tochat333.com"
        }, 
        {
            "{#DOMAINSSL}": "wpc89.com"
        }, 
        {
            "{#DOMAINSSL}": "www.wpc89.com"
        }
    ]
}
DEBUG 2021-07-06 15:08:54,887 - ####################################################################################################
DEBUG 2021-07-06 15:08:54,893 - DOMAIN DISCOVER
INFO 2021-07-06 15:08:54,893 - {
    "data": [
        {
            "{#DOMAINSSL}": "tochat333.com"
        }, 
        {
            "{#DOMAINSSL}": "wpc89.com"
        }, 
        {
            "{#DOMAINSSL}": "www.wpc89.com"
        }
    ]
}
DEBUG 2021-07-06 16:08:52,725 - ####################################################################################################
DEBUG 2021-07-06 16:08:52,732 - DOMAIN DISCOVER
INFO 2021-07-06 16:08:52,732 - {
    "data": [
        {
            "{#DOMAINSSL}": "tochat333.com"
        }, 
        {
            "{#DOMAINSSL}": "wpc89.com"
        }, 
        {
            "{#DOMAINSSL}": "www.wpc89.com"
        }
    ]
}
DEBUG 2021-07-06 17:08:54,814 - ####################################################################################################
DEBUG 2021-07-06 17:08:54,821 - DOMAIN DISCOVER
INFO 2021-07-06 17:08:54,821 - {
    "data": [
        {
            "{#DOMAINSSL}": "tochat333.com"
        }, 
        {
            "{#DOMAINSSL}": "wpc89.com"
        }, 
        {
            "{#DOMAINSSL}": "www.wpc89.com"
        }
    ]
}
DEBUG 2021-07-06 18:08:53,309 - ####################################################################################################
DEBUG 2021-07-06 18:08:53,315 - DOMAIN DISCOVER
INFO 2021-07-06 18:08:53,315 - {
    "data": [
        {
            "{#DOMAINSSL}": "tochat333.com"
        }, 
        {
            "{#DOMAINSSL}": "wpc89.com"
        }, 
        {
            "{#DOMAINSSL}": "www.wpc89.com"
        }
    ]
}
DEBUG 2021-07-06 19:08:54,508 - ####################################################################################################
DEBUG 2021-07-06 19:08:54,514 - DOMAIN DISCOVER
INFO 2021-07-06 19:08:54,514 - {
    "data": [
        {
            "{#DOMAINSSL}": "tochat333.com"
        }, 
        {
            "{#DOMAINSSL}": "wpc89.com"
        }, 
        {
            "{#DOMAINSSL}": "www.wpc89.com"
        }
    ]
}
DEBUG 2021-07-06 20:08:51,325 - ####################################################################################################
DEBUG 2021-07-06 20:08:51,333 - DOMAIN DISCOVER
INFO 2021-07-06 20:08:51,333 - {
    "data": [
        {
            "{#DOMAINSSL}": "tochat333.com"
        }, 
        {
            "{#DOMAINSSL}": "wpc89.com"
        }, 
        {
            "{#DOMAINSSL}": "www.wpc89.com"
        }
    ]
}
DEBUG 2021-07-06 21:08:50,056 - ####################################################################################################
DEBUG 2021-07-06 21:08:50,063 - DOMAIN DISCOVER
INFO 2021-07-06 21:08:50,063 - {
    "data": [
        {
            "{#DOMAINSSL}": "tochat333.com"
        }, 
        {
            "{#DOMAINSSL}": "wpc89.com"
        }, 
        {
            "{#DOMAINSSL}": "www.wpc89.com"
        }
    ]
}
DEBUG 2021-07-06 22:08:53,298 - ####################################################################################################
DEBUG 2021-07-06 22:08:53,303 - DOMAIN DISCOVER
INFO 2021-07-06 22:08:53,304 - {
    "data": [
        {
            "{#DOMAINSSL}": "tochat333.com"
        }, 
        {
            "{#DOMAINSSL}": "wpc89.com"
        }, 
        {
            "{#DOMAINSSL}": "www.wpc89.com"
        }
    ]
}
DEBUG 2021-07-06 23:08:52,471 - ####################################################################################################
DEBUG 2021-07-06 23:08:52,477 - DOMAIN DISCOVER
INFO 2021-07-06 23:08:52,477 - {
    "data": [
        {
            "{#DOMAINSSL}": "tochat333.com"
        }, 
        {
            "{#DOMAINSSL}": "wpc89.com"
        }, 
        {
            "{#DOMAINSSL}": "www.wpc89.com"
        }
    ]
}
