DEBUG 2021-06-16 00:08:49,269 - ####################################################################################################
DEBUG 2021-06-16 00:08:49,275 - DOMAIN DISCOVER
INFO 2021-06-16 00:08:49,275 - {
    "data": [
        {
            "{#DOMAINSSL}": "eu2018.net"
        }, 
        {
            "{#DOMAINSSL}": "bakh5.xshny.com"
        }, 
        {
            "{#DOMAINSSL}": "www.asiaroutes.com"
        }, 
        {
            "{#DOMAINSSL}": "www.asiaroutes.com"
        }
    ]
}
DEBUG 2021-06-16 01:08:49,543 - ####################################################################################################
DEBUG 2021-06-16 01:08:49,549 - DOMAIN DISCOVER
INFO 2021-06-16 01:08:49,549 - {
    "data": [
        {
            "{#DOMAINSSL}": "eu2018.net"
        }, 
        {
            "{#DOMAINSSL}": "bakh5.xshny.com"
        }, 
        {
            "{#DOMAINSSL}": "www.asiaroutes.com"
        }, 
        {
            "{#DOMAINSSL}": "www.asiaroutes.com"
        }
    ]
}
DEBUG 2021-06-16 02:08:43,889 - ####################################################################################################
DEBUG 2021-06-16 02:08:43,895 - DOMAIN DISCOVER
INFO 2021-06-16 02:08:43,895 - {
    "data": [
        {
            "{#DOMAINSSL}": "eu2018.net"
        }, 
        {
            "{#DOMAINSSL}": "bakh5.xshny.com"
        }, 
        {
            "{#DOMAINSSL}": "www.asiaroutes.com"
        }, 
        {
            "{#DOMAINSSL}": "www.asiaroutes.com"
        }
    ]
}
DEBUG 2021-06-16 03:08:48,621 - ####################################################################################################
DEBUG 2021-06-16 03:08:48,627 - DOMAIN DISCOVER
INFO 2021-06-16 03:08:48,627 - {
    "data": [
        {
            "{#DOMAINSSL}": "eu2018.net"
        }, 
        {
            "{#DOMAINSSL}": "bakh5.xshny.com"
        }, 
        {
            "{#DOMAINSSL}": "www.asiaroutes.com"
        }, 
        {
            "{#DOMAINSSL}": "www.asiaroutes.com"
        }
    ]
}
DEBUG 2021-06-16 04:08:48,545 - ####################################################################################################
DEBUG 2021-06-16 04:08:48,551 - DOMAIN DISCOVER
INFO 2021-06-16 04:08:48,551 - {
    "data": [
        {
            "{#DOMAINSSL}": "eu2018.net"
        }, 
        {
            "{#DOMAINSSL}": "bakh5.xshny.com"
        }, 
        {
            "{#DOMAINSSL}": "www.asiaroutes.com"
        }, 
        {
            "{#DOMAINSSL}": "www.asiaroutes.com"
        }
    ]
}
DEBUG 2021-06-16 05:08:49,919 - ####################################################################################################
DEBUG 2021-06-16 05:08:49,925 - DOMAIN DISCOVER
INFO 2021-06-16 05:08:49,925 - {
    "data": [
        {
            "{#DOMAINSSL}": "haomenapp.durtc.cn"
        }, 
        {
            "{#DOMAINSSL}": "byl98.com"
        }, 
        {
            "{#DOMAINSSL}": "api.hotmeo.cn"
        }, 
        {
            "{#DOMAINSSL}": "eu2018.net"
        }, 
        {
            "{#DOMAINSSL}": "bakh5.xshny.com"
        }, 
        {
            "{#DOMAINSSL}": "www.asiaroutes.com"
        }, 
        {
            "{#DOMAINSSL}": "www.npj02.com"
        }, 
        {
            "{#DOMAINSSL}": "www.asiaroutes.com"
        }, 
        {
            "{#DOMAINSSL}": "www.cf816.com"
        }
    ]
}
DEBUG 2021-06-16 06:08:43,109 - ####################################################################################################
DEBUG 2021-06-16 06:08:43,115 - DOMAIN DISCOVER
INFO 2021-06-16 06:08:43,115 - {
    "data": [
        {
            "{#DOMAINSSL}": "jin883.com"
        }, 
        {
            "{#DOMAINSSL}": "aa685.com"
        }, 
        {
            "{#DOMAINSSL}": "xbet317.com"
        }, 
        {
            "{#DOMAINSSL}": "eu2018.net"
        }, 
        {
            "{#DOMAINSSL}": "55818000.com"
        }, 
        {
            "{#DOMAINSSL}": "gtsc3.88xcf.top"
        }, 
        {
            "{#DOMAINSSL}": "bakh5.xshny.com"
        }, 
        {
            "{#DOMAINSSL}": "www.jsh518.com"
        }, 
        {
            "{#DOMAINSSL}": "www.asiaroutes.com"
        }, 
        {
            "{#DOMAINSSL}": "www.8889840.com"
        }, 
        {
            "{#DOMAINSSL}": "www.asiaroutes.com"
        }, 
        {
            "{#DOMAINSSL}": "www.1678520.com"
        }
    ]
}
DEBUG 2021-06-16 07:08:48,417 - ####################################################################################################
DEBUG 2021-06-16 07:08:48,423 - DOMAIN DISCOVER
INFO 2021-06-16 07:08:48,423 - {
    "data": [
        {
            "{#DOMAINSSL}": "eu2018.net"
        }, 
        {
            "{#DOMAINSSL}": "bakh5.xshny.com"
        }, 
        {
            "{#DOMAINSSL}": "www.asiaroutes.com"
        }, 
        {
            "{#DOMAINSSL}": "www.asiaroutes.com"
        }
    ]
}
DEBUG 2021-06-16 08:08:47,951 - ####################################################################################################
DEBUG 2021-06-16 08:08:47,956 - DOMAIN DISCOVER
INFO 2021-06-16 08:08:47,957 - {
    "data": [
        {
            "{#DOMAINSSL}": "eu2018.net"
        }, 
        {
            "{#DOMAINSSL}": "bakh5.xshny.com"
        }, 
        {
            "{#DOMAINSSL}": "www.asiaroutes.com"
        }, 
        {
            "{#DOMAINSSL}": "www.asiaroutes.com"
        }
    ]
}
DEBUG 2021-06-16 09:08:48,122 - ####################################################################################################
DEBUG 2021-06-16 09:08:48,128 - DOMAIN DISCOVER
INFO 2021-06-16 09:08:48,128 - {
    "data": [
        {
            "{#DOMAINSSL}": "eu2018.net"
        }, 
        {
            "{#DOMAINSSL}": "bakh5.xshny.com"
        }, 
        {
            "{#DOMAINSSL}": "www.asiaroutes.com"
        }, 
        {
            "{#DOMAINSSL}": "www.asiaroutes.com"
        }
    ]
}
DEBUG 2021-06-16 10:08:48,006 - ####################################################################################################
DEBUG 2021-06-16 10:08:48,013 - DOMAIN DISCOVER
INFO 2021-06-16 10:08:48,013 - {
    "data": [
        {
            "{#DOMAINSSL}": "eu2018.net"
        }, 
        {
            "{#DOMAINSSL}": "bakh5.xshny.com"
        }, 
        {
            "{#DOMAINSSL}": "www.asiaroutes.com"
        }, 
        {
            "{#DOMAINSSL}": "www.asiaroutes.com"
        }
    ]
}
DEBUG 2021-06-16 11:08:44,945 - ####################################################################################################
DEBUG 2021-06-16 11:08:44,951 - DOMAIN DISCOVER
INFO 2021-06-16 11:08:44,952 - {
    "data": [
        {
            "{#DOMAINSSL}": "eu2018.net"
        }, 
        {
            "{#DOMAINSSL}": "bakh5.xshny.com"
        }, 
        {
            "{#DOMAINSSL}": "www.asiaroutes.com"
        }, 
        {
            "{#DOMAINSSL}": "www.asiaroutes.com"
        }
    ]
}
DEBUG 2021-06-16 12:08:46,763 - ####################################################################################################
DEBUG 2021-06-16 12:08:46,769 - DOMAIN DISCOVER
INFO 2021-06-16 12:08:46,770 - {
    "data": [
        {
            "{#DOMAINSSL}": "eu2018.net"
        }, 
        {
            "{#DOMAINSSL}": "bakh5.xshny.com"
        }, 
        {
            "{#DOMAINSSL}": "www.asiaroutes.com"
        }, 
        {
            "{#DOMAINSSL}": "www.asiaroutes.com"
        }
    ]
}
DEBUG 2021-06-16 13:08:46,756 - ####################################################################################################
DEBUG 2021-06-16 13:08:46,763 - DOMAIN DISCOVER
INFO 2021-06-16 13:08:46,764 - {
    "data": [
        {
            "{#DOMAINSSL}": "eu2018.net"
        }, 
        {
            "{#DOMAINSSL}": "bakh5.xshny.com"
        }, 
        {
            "{#DOMAINSSL}": "www.asiaroutes.com"
        }, 
        {
            "{#DOMAINSSL}": "www.asiaroutes.com"
        }
    ]
}
DEBUG 2021-06-16 14:08:47,794 - ####################################################################################################
DEBUG 2021-06-16 14:08:47,801 - DOMAIN DISCOVER
INFO 2021-06-16 14:08:47,801 - {
    "data": [
        {
            "{#DOMAINSSL}": "eu2018.net"
        }, 
        {
            "{#DOMAINSSL}": "bakh5.xshny.com"
        }, 
        {
            "{#DOMAINSSL}": "www.asiaroutes.com"
        }, 
        {
            "{#DOMAINSSL}": "www.asiaroutes.com"
        }
    ]
}
DEBUG 2021-06-16 15:08:48,452 - ####################################################################################################
DEBUG 2021-06-16 15:08:48,458 - DOMAIN DISCOVER
INFO 2021-06-16 15:08:48,458 - {
    "data": [
        {
            "{#DOMAINSSL}": "eu2018.net"
        }, 
        {
            "{#DOMAINSSL}": "bakh5.xshny.com"
        }, 
        {
            "{#DOMAINSSL}": "www.asiaroutes.com"
        }, 
        {
            "{#DOMAINSSL}": "www.asiaroutes.com"
        }
    ]
}
DEBUG 2021-06-16 16:08:49,727 - ####################################################################################################
DEBUG 2021-06-16 16:08:49,733 - DOMAIN DISCOVER
INFO 2021-06-16 16:08:49,733 - {
    "data": [
        {
            "{#DOMAINSSL}": "eu2018.net"
        }, 
        {
            "{#DOMAINSSL}": "bakh5.xshny.com"
        }, 
        {
            "{#DOMAINSSL}": "www.asiaroutes.com"
        }, 
        {
            "{#DOMAINSSL}": "www.asiaroutes.com"
        }
    ]
}
DEBUG 2021-06-16 17:08:47,986 - ####################################################################################################
DEBUG 2021-06-16 17:08:47,992 - DOMAIN DISCOVER
INFO 2021-06-16 17:08:47,992 - {
    "data": [
        {
            "{#DOMAINSSL}": "eu2018.net"
        }, 
        {
            "{#DOMAINSSL}": "bakh5.xshny.com"
        }, 
        {
            "{#DOMAINSSL}": "www.asiaroutes.com"
        }, 
        {
            "{#DOMAINSSL}": "www.asiaroutes.com"
        }
    ]
}
DEBUG 2021-06-16 18:08:45,151 - ####################################################################################################
DEBUG 2021-06-16 18:08:45,156 - DOMAIN DISCOVER
INFO 2021-06-16 18:08:45,157 - {
    "data": [
        {
            "{#DOMAINSSL}": "eu2018.net"
        }, 
        {
            "{#DOMAINSSL}": "bakh5.xshny.com"
        }, 
        {
            "{#DOMAINSSL}": "www.asiaroutes.com"
        }, 
        {
            "{#DOMAINSSL}": "www.asiaroutes.com"
        }
    ]
}
DEBUG 2021-06-16 19:08:50,927 - ####################################################################################################
DEBUG 2021-06-16 19:08:50,933 - DOMAIN DISCOVER
INFO 2021-06-16 19:08:50,933 - {
    "data": [
        {
            "{#DOMAINSSL}": "eu2018.net"
        }, 
        {
            "{#DOMAINSSL}": "bakh5.xshny.com"
        }, 
        {
            "{#DOMAINSSL}": "www.asiaroutes.com"
        }, 
        {
            "{#DOMAINSSL}": "www.asiaroutes.com"
        }
    ]
}
DEBUG 2021-06-16 20:08:45,600 - ####################################################################################################
DEBUG 2021-06-16 20:08:45,605 - DOMAIN DISCOVER
INFO 2021-06-16 20:08:45,606 - {
    "data": [
        {
            "{#DOMAINSSL}": "eu2018.net"
        }, 
        {
            "{#DOMAINSSL}": "bakh5.xshny.com"
        }, 
        {
            "{#DOMAINSSL}": "www.asiaroutes.com"
        }, 
        {
            "{#DOMAINSSL}": "www.asiaroutes.com"
        }
    ]
}
DEBUG 2021-06-16 21:08:47,211 - ####################################################################################################
DEBUG 2021-06-16 21:08:47,217 - DOMAIN DISCOVER
INFO 2021-06-16 21:08:47,217 - {
    "data": [
        {
            "{#DOMAINSSL}": "eu2018.net"
        }, 
        {
            "{#DOMAINSSL}": "bakh5.xshny.com"
        }, 
        {
            "{#DOMAINSSL}": "www.asiaroutes.com"
        }, 
        {
            "{#DOMAINSSL}": "www.asiaroutes.com"
        }
    ]
}
DEBUG 2021-06-16 22:08:51,222 - ####################################################################################################
DEBUG 2021-06-16 22:08:51,228 - DOMAIN DISCOVER
INFO 2021-06-16 22:08:51,229 - {
    "data": [
        {
            "{#DOMAINSSL}": "eu2018.net"
        }, 
        {
            "{#DOMAINSSL}": "bakh5.xshny.com"
        }, 
        {
            "{#DOMAINSSL}": "www.asiaroutes.com"
        }, 
        {
            "{#DOMAINSSL}": "www.asiaroutes.com"
        }
    ]
}
DEBUG 2021-06-16 23:08:48,366 - ####################################################################################################
DEBUG 2021-06-16 23:08:48,372 - DOMAIN DISCOVER
INFO 2021-06-16 23:08:48,373 - {
    "data": [
        {
            "{#DOMAINSSL}": "eu2018.net"
        }, 
        {
            "{#DOMAINSSL}": "bakh5.xshny.com"
        }, 
        {
            "{#DOMAINSSL}": "www.asiaroutes.com"
        }, 
        {
            "{#DOMAINSSL}": "www.asiaroutes.com"
        }
    ]
}
