DEBUG 2021-07-09 00:08:50,817 - ####################################################################################################
DEBUG 2021-07-09 00:08:50,823 - DOMAIN DISCOVER
INFO 2021-07-09 00:08:50,824 - {
    "data": [
        {
            "{#DOMAINSSL}": "12859999.com"
        }, 
        {
            "{#DOMAINSSL}": "12899888.com"
        }, 
        {
            "{#DOMAINSSL}": "tv36.com"
        }, 
        {
            "{#DOMAINSSL}": "eu1988.com"
        }, 
        {
            "{#DOMAINSSL}": "www.eu1988.com"
        }, 
        {
            "{#DOMAINSSL}": "eu211.com"
        }, 
        {
            "{#DOMAINSSL}": "www.eu211.com"
        }, 
        {
            "{#DOMAINSSL}": "eu664.com"
        }, 
        {
            "{#DOMAINSSL}": "www.eu664.com"
        }, 
        {
            "{#DOMAINSSL}": "eu686.com"
        }, 
        {
            "{#DOMAINSSL}": "www.eu686.com"
        }
    ]
}
DEBUG 2021-07-09 01:08:52,250 - ####################################################################################################
DEBUG 2021-07-09 01:08:52,256 - DOMAIN DISCOVER
INFO 2021-07-09 01:08:52,256 - {
    "data": [
        {
            "{#DOMAINSSL}": "12859999.com"
        }, 
        {
            "{#DOMAINSSL}": "12899888.com"
        }, 
        {
            "{#DOMAINSSL}": "tv36.com"
        }, 
        {
            "{#DOMAINSSL}": "eu1988.com"
        }, 
        {
            "{#DOMAINSSL}": "www.eu1988.com"
        }, 
        {
            "{#DOMAINSSL}": "eu211.com"
        }, 
        {
            "{#DOMAINSSL}": "www.eu211.com"
        }, 
        {
            "{#DOMAINSSL}": "eu664.com"
        }, 
        {
            "{#DOMAINSSL}": "www.eu664.com"
        }, 
        {
            "{#DOMAINSSL}": "eu686.com"
        }, 
        {
            "{#DOMAINSSL}": "www.eu686.com"
        }
    ]
}
DEBUG 2021-07-09 02:08:56,151 - ####################################################################################################
DEBUG 2021-07-09 02:08:56,158 - DOMAIN DISCOVER
INFO 2021-07-09 02:08:56,158 - {
    "data": [
        {
            "{#DOMAINSSL}": "12859999.com"
        }, 
        {
            "{#DOMAINSSL}": "12899888.com"
        }, 
        {
            "{#DOMAINSSL}": "tv36.com"
        }, 
        {
            "{#DOMAINSSL}": "eu1988.com"
        }, 
        {
            "{#DOMAINSSL}": "www.eu1988.com"
        }, 
        {
            "{#DOMAINSSL}": "eu211.com"
        }, 
        {
            "{#DOMAINSSL}": "www.eu211.com"
        }, 
        {
            "{#DOMAINSSL}": "eu664.com"
        }, 
        {
            "{#DOMAINSSL}": "www.eu664.com"
        }, 
        {
            "{#DOMAINSSL}": "eu686.com"
        }, 
        {
            "{#DOMAINSSL}": "www.eu686.com"
        }
    ]
}
DEBUG 2021-07-09 03:08:50,060 - ####################################################################################################
DEBUG 2021-07-09 03:08:50,067 - DOMAIN DISCOVER
INFO 2021-07-09 03:08:50,067 - {
    "data": [
        {
            "{#DOMAINSSL}": "12859999.com"
        }, 
        {
            "{#DOMAINSSL}": "12899888.com"
        }, 
        {
            "{#DOMAINSSL}": "tv36.com"
        }, 
        {
            "{#DOMAINSSL}": "eu1988.com"
        }, 
        {
            "{#DOMAINSSL}": "www.eu1988.com"
        }, 
        {
            "{#DOMAINSSL}": "eu211.com"
        }, 
        {
            "{#DOMAINSSL}": "www.eu211.com"
        }, 
        {
            "{#DOMAINSSL}": "eu664.com"
        }, 
        {
            "{#DOMAINSSL}": "www.eu664.com"
        }, 
        {
            "{#DOMAINSSL}": "eu686.com"
        }, 
        {
            "{#DOMAINSSL}": "www.eu686.com"
        }
    ]
}
DEBUG 2021-07-09 04:08:51,750 - ####################################################################################################
DEBUG 2021-07-09 04:08:51,757 - DOMAIN DISCOVER
INFO 2021-07-09 04:08:51,757 - {
    "data": [
        {
            "{#DOMAINSSL}": "12859999.com"
        }, 
        {
            "{#DOMAINSSL}": "12899888.com"
        }, 
        {
            "{#DOMAINSSL}": "tv36.com"
        }, 
        {
            "{#DOMAINSSL}": "eu1988.com"
        }, 
        {
            "{#DOMAINSSL}": "www.eu1988.com"
        }, 
        {
            "{#DOMAINSSL}": "eu211.com"
        }, 
        {
            "{#DOMAINSSL}": "www.eu211.com"
        }, 
        {
            "{#DOMAINSSL}": "eu664.com"
        }, 
        {
            "{#DOMAINSSL}": "www.eu664.com"
        }, 
        {
            "{#DOMAINSSL}": "eu686.com"
        }, 
        {
            "{#DOMAINSSL}": "www.eu686.com"
        }
    ]
}
DEBUG 2021-07-09 05:08:49,565 - ####################################################################################################
DEBUG 2021-07-09 05:08:49,571 - DOMAIN DISCOVER
INFO 2021-07-09 05:08:49,571 - {
    "data": [
        {
            "{#DOMAINSSL}": "12859999.com"
        }, 
        {
            "{#DOMAINSSL}": "12899888.com"
        }, 
        {
            "{#DOMAINSSL}": "jbl6969.com"
        }, 
        {
            "{#DOMAINSSL}": "jbl8010.com"
        }, 
        {
            "{#DOMAINSSL}": "eu8080.com"
        }, 
        {
            "{#DOMAINSSL}": "tv36.com"
        }, 
        {
            "{#DOMAINSSL}": "xt1996.com"
        }, 
        {
            "{#DOMAINSSL}": "eu1988.com"
        }, 
        {
            "{#DOMAINSSL}": "www.eu1988.com"
        }, 
        {
            "{#DOMAINSSL}": "eu211.com"
        }, 
        {
            "{#DOMAINSSL}": "www.eu211.com"
        }, 
        {
            "{#DOMAINSSL}": "eu664.com"
        }, 
        {
            "{#DOMAINSSL}": "www.eu664.com"
        }, 
        {
            "{#DOMAINSSL}": "eu686.com"
        }, 
        {
            "{#DOMAINSSL}": "www.eu686.com"
        }
    ]
}
DEBUG 2021-07-09 06:08:54,023 - ####################################################################################################
DEBUG 2021-07-09 06:08:54,028 - DOMAIN DISCOVER
INFO 2021-07-09 06:08:54,028 - {
    "data": [
        {
            "{#DOMAINSSL}": "jinshihao16.com"
        }, 
        {
            "{#DOMAINSSL}": "12859999.com"
        }, 
        {
            "{#DOMAINSSL}": "12899888.com"
        }, 
        {
            "{#DOMAINSSL}": "xindeli081.com"
        }, 
        {
            "{#DOMAINSSL}": "tv36.com"
        }, 
        {
            "{#DOMAINSSL}": "jbl8099.com"
        }, 
        {
            "{#DOMAINSSL}": "jsh28.net"
        }, 
        {
            "{#DOMAINSSL}": "eu898.com"
        }
    ]
}
DEBUG 2021-07-09 07:08:48,569 - ####################################################################################################
DEBUG 2021-07-09 07:08:48,575 - DOMAIN DISCOVER
INFO 2021-07-09 07:08:48,576 - {
    "data": [
        {
            "{#DOMAINSSL}": "12859999.com"
        }, 
        {
            "{#DOMAINSSL}": "12899888.com"
        }, 
        {
            "{#DOMAINSSL}": "tv36.com"
        }
    ]
}
DEBUG 2021-07-09 08:08:52,543 - ####################################################################################################
DEBUG 2021-07-09 08:08:52,550 - DOMAIN DISCOVER
INFO 2021-07-09 08:08:52,550 - {
    "data": [
        {
            "{#DOMAINSSL}": "12859999.com"
        }, 
        {
            "{#DOMAINSSL}": "12899888.com"
        }, 
        {
            "{#DOMAINSSL}": "tv36.com"
        }
    ]
}
DEBUG 2021-07-09 09:08:48,206 - ####################################################################################################
DEBUG 2021-07-09 09:08:48,212 - DOMAIN DISCOVER
INFO 2021-07-09 09:08:48,212 - {
    "data": [
        {
            "{#DOMAINSSL}": "12859999.com"
        }, 
        {
            "{#DOMAINSSL}": "12899888.com"
        }, 
        {
            "{#DOMAINSSL}": "tv36.com"
        }
    ]
}
DEBUG 2021-07-09 10:08:49,436 - ####################################################################################################
DEBUG 2021-07-09 10:08:49,442 - DOMAIN DISCOVER
INFO 2021-07-09 10:08:49,442 - {
    "data": [
        {
            "{#DOMAINSSL}": "12859999.com"
        }, 
        {
            "{#DOMAINSSL}": "12899888.com"
        }, 
        {
            "{#DOMAINSSL}": "tv36.com"
        }
    ]
}
DEBUG 2021-07-09 11:08:50,956 - ####################################################################################################
DEBUG 2021-07-09 11:08:50,962 - DOMAIN DISCOVER
INFO 2021-07-09 11:08:50,963 - {
    "data": [
        {
            "{#DOMAINSSL}": "12859999.com"
        }, 
        {
            "{#DOMAINSSL}": "12899888.com"
        }, 
        {
            "{#DOMAINSSL}": "tv36.com"
        }
    ]
}
DEBUG 2021-07-09 12:08:55,743 - ####################################################################################################
DEBUG 2021-07-09 12:08:55,750 - DOMAIN DISCOVER
INFO 2021-07-09 12:08:55,750 - {
    "data": [
        {
            "{#DOMAINSSL}": "12859999.com"
        }, 
        {
            "{#DOMAINSSL}": "12899888.com"
        }, 
        {
            "{#DOMAINSSL}": "tv36.com"
        }
    ]
}
DEBUG 2021-07-09 13:08:51,539 - ####################################################################################################
DEBUG 2021-07-09 13:08:51,545 - DOMAIN DISCOVER
INFO 2021-07-09 13:08:51,546 - {
    "data": [
        {
            "{#DOMAINSSL}": "12859999.com"
        }, 
        {
            "{#DOMAINSSL}": "12899888.com"
        }, 
        {
            "{#DOMAINSSL}": "tv36.com"
        }
    ]
}
DEBUG 2021-07-09 14:08:53,266 - ####################################################################################################
DEBUG 2021-07-09 14:08:53,271 - DOMAIN DISCOVER
INFO 2021-07-09 14:08:53,271 - {
    "data": [
        {
            "{#DOMAINSSL}": "12859999.com"
        }, 
        {
            "{#DOMAINSSL}": "12899888.com"
        }, 
        {
            "{#DOMAINSSL}": "tv36.com"
        }
    ]
}
DEBUG 2021-07-09 15:08:58,453 - ####################################################################################################
DEBUG 2021-07-09 15:08:58,459 - DOMAIN DISCOVER
INFO 2021-07-09 15:08:58,460 - {
    "data": [
        {
            "{#DOMAINSSL}": "12859999.com"
        }, 
        {
            "{#DOMAINSSL}": "12899888.com"
        }, 
        {
            "{#DOMAINSSL}": "tv36.com"
        }
    ]
}
DEBUG 2021-07-09 16:08:53,651 - ####################################################################################################
DEBUG 2021-07-09 16:08:53,657 - DOMAIN DISCOVER
INFO 2021-07-09 16:08:53,657 - {
    "data": [
        {
            "{#DOMAINSSL}": "12859999.com"
        }, 
        {
            "{#DOMAINSSL}": "12899888.com"
        }, 
        {
            "{#DOMAINSSL}": "tv36.com"
        }
    ]
}
DEBUG 2021-07-09 17:08:54,053 - ####################################################################################################
DEBUG 2021-07-09 17:08:54,059 - DOMAIN DISCOVER
INFO 2021-07-09 17:08:54,059 - {
    "data": [
        {
            "{#DOMAINSSL}": "12859999.com"
        }, 
        {
            "{#DOMAINSSL}": "12899888.com"
        }, 
        {
            "{#DOMAINSSL}": "tv36.com"
        }
    ]
}
DEBUG 2021-07-09 18:08:53,112 - ####################################################################################################
DEBUG 2021-07-09 18:08:53,119 - DOMAIN DISCOVER
INFO 2021-07-09 18:08:53,119 - {
    "data": [
        {
            "{#DOMAINSSL}": "12859999.com"
        }, 
        {
            "{#DOMAINSSL}": "12899888.com"
        }, 
        {
            "{#DOMAINSSL}": "tv36.com"
        }
    ]
}
DEBUG 2021-07-09 19:08:53,472 - ####################################################################################################
DEBUG 2021-07-09 19:08:53,478 - DOMAIN DISCOVER
INFO 2021-07-09 19:08:53,478 - {
    "data": [
        {
            "{#DOMAINSSL}": "12859999.com"
        }, 
        {
            "{#DOMAINSSL}": "12899888.com"
        }, 
        {
            "{#DOMAINSSL}": "tv36.com"
        }
    ]
}
DEBUG 2021-07-09 20:08:53,543 - ####################################################################################################
DEBUG 2021-07-09 20:08:53,550 - DOMAIN DISCOVER
INFO 2021-07-09 20:08:53,550 - {
    "data": [
        {
            "{#DOMAINSSL}": "12859999.com"
        }, 
        {
            "{#DOMAINSSL}": "12899888.com"
        }, 
        {
            "{#DOMAINSSL}": "tv36.com"
        }
    ]
}
DEBUG 2021-07-09 21:08:48,703 - ####################################################################################################
DEBUG 2021-07-09 21:08:48,709 - DOMAIN DISCOVER
INFO 2021-07-09 21:08:48,710 - {
    "data": [
        {
            "{#DOMAINSSL}": "12859999.com"
        }, 
        {
            "{#DOMAINSSL}": "12899888.com"
        }, 
        {
            "{#DOMAINSSL}": "tv36.com"
        }
    ]
}
DEBUG 2021-07-09 22:08:51,059 - ####################################################################################################
DEBUG 2021-07-09 22:08:51,065 - DOMAIN DISCOVER
INFO 2021-07-09 22:08:51,065 - {
    "data": [
        {
            "{#DOMAINSSL}": "12859999.com"
        }, 
        {
            "{#DOMAINSSL}": "12899888.com"
        }, 
        {
            "{#DOMAINSSL}": "tv36.com"
        }
    ]
}
DEBUG 2021-07-09 23:08:54,963 - ####################################################################################################
DEBUG 2021-07-09 23:08:54,968 - DOMAIN DISCOVER
INFO 2021-07-09 23:08:54,968 - {
    "data": [
        {
            "{#DOMAINSSL}": "12859999.com"
        }, 
        {
            "{#DOMAINSSL}": "12899888.com"
        }, 
        {
            "{#DOMAINSSL}": "tv36.com"
        }
    ]
}
