DEBUG 2021-06-22 00:08:49,416 - ####################################################################################################
DEBUG 2021-06-22 00:08:49,422 - DOMAIN DISCOVER
INFO 2021-06-22 00:08:49,422 - {
    "data": [
        {
            "{#DOMAINSSL}": "hujidi.com"
        }, 
        {
            "{#DOMAINSSL}": "www.asiaroutes.com"
        }, 
        {
            "{#DOMAINSSL}": "www.asiaroutes.com"
        }
    ]
}
DEBUG 2021-06-22 01:08:50,233 - ####################################################################################################
DEBUG 2021-06-22 01:08:50,239 - DOMAIN DISCOVER
INFO 2021-06-22 01:08:50,240 - {
    "data": [
        {
            "{#DOMAINSSL}": "hujidi.com"
        }, 
        {
            "{#DOMAINSSL}": "www.asiaroutes.com"
        }, 
        {
            "{#DOMAINSSL}": "www.asiaroutes.com"
        }
    ]
}
DEBUG 2021-06-22 02:08:48,443 - ####################################################################################################
DEBUG 2021-06-22 02:08:48,448 - DOMAIN DISCOVER
INFO 2021-06-22 02:08:48,449 - {
    "data": [
        {
            "{#DOMAINSSL}": "hujidi.com"
        }, 
        {
            "{#DOMAINSSL}": "www.asiaroutes.com"
        }, 
        {
            "{#DOMAINSSL}": "www.asiaroutes.com"
        }
    ]
}
DEBUG 2021-06-22 03:08:45,561 - ####################################################################################################
DEBUG 2021-06-22 03:08:45,566 - DOMAIN DISCOVER
INFO 2021-06-22 03:08:45,566 - {
    "data": [
        {
            "{#DOMAINSSL}": "hujidi.com"
        }, 
        {
            "{#DOMAINSSL}": "www.asiaroutes.com"
        }, 
        {
            "{#DOMAINSSL}": "www.asiaroutes.com"
        }
    ]
}
DEBUG 2021-06-22 04:08:47,939 - ####################################################################################################
DEBUG 2021-06-22 04:08:47,946 - DOMAIN DISCOVER
INFO 2021-06-22 04:08:47,946 - {
    "data": [
        {
            "{#DOMAINSSL}": "hujidi.com"
        }, 
        {
            "{#DOMAINSSL}": "www.asiaroutes.com"
        }, 
        {
            "{#DOMAINSSL}": "www.asiaroutes.com"
        }
    ]
}
DEBUG 2021-06-22 05:08:49,394 - ####################################################################################################
DEBUG 2021-06-22 05:08:49,401 - DOMAIN DISCOVER
INFO 2021-06-22 05:08:49,401 - {
    "data": [
        {
            "{#DOMAINSSL}": "jsh8.me"
        }, 
        {
            "{#DOMAINSSL}": "hujidi.com"
        }, 
        {
            "{#DOMAINSSL}": "www.asiaroutes.com"
        }, 
        {
            "{#DOMAINSSL}": "www.asiaroutes.com"
        }
    ]
}
DEBUG 2021-06-22 06:08:49,790 - ####################################################################################################
DEBUG 2021-06-22 06:08:49,796 - DOMAIN DISCOVER
INFO 2021-06-22 06:08:49,796 - {
    "data": [
        {
            "{#DOMAINSSL}": "jin71.com"
        }, 
        {
            "{#DOMAINSSL}": "xindeli030.com"
        }, 
        {
            "{#DOMAINSSL}": "hujidi.com"
        }, 
        {
            "{#DOMAINSSL}": "www.asiaroutes.com"
        }, 
        {
            "{#DOMAINSSL}": "eu138.com"
        }, 
        {
            "{#DOMAINSSL}": "www.asiaroutes.com"
        }
    ]
}
DEBUG 2021-06-22 07:08:51,532 - ####################################################################################################
DEBUG 2021-06-22 07:08:51,538 - DOMAIN DISCOVER
INFO 2021-06-22 07:08:51,538 - {
    "data": [
        {
            "{#DOMAINSSL}": "hujidi.com"
        }, 
        {
            "{#DOMAINSSL}": "www.asiaroutes.com"
        }, 
        {
            "{#DOMAINSSL}": "www.asiaroutes.com"
        }
    ]
}
DEBUG 2021-06-22 08:08:49,051 - ####################################################################################################
DEBUG 2021-06-22 08:08:49,056 - DOMAIN DISCOVER
INFO 2021-06-22 08:08:49,057 - {
    "data": [
        {
            "{#DOMAINSSL}": "hujidi.com"
        }, 
        {
            "{#DOMAINSSL}": "www.asiaroutes.com"
        }, 
        {
            "{#DOMAINSSL}": "www.asiaroutes.com"
        }
    ]
}
DEBUG 2021-06-22 09:08:47,027 - ####################################################################################################
DEBUG 2021-06-22 09:08:47,033 - DOMAIN DISCOVER
INFO 2021-06-22 09:08:47,034 - {
    "data": [
        {
            "{#DOMAINSSL}": "hujidi.com"
        }, 
        {
            "{#DOMAINSSL}": "www.asiaroutes.com"
        }, 
        {
            "{#DOMAINSSL}": "www.asiaroutes.com"
        }
    ]
}
DEBUG 2021-06-22 10:08:47,160 - ####################################################################################################
DEBUG 2021-06-22 10:08:47,167 - DOMAIN DISCOVER
INFO 2021-06-22 10:08:47,168 - {
    "data": [
        {
            "{#DOMAINSSL}": "hujidi.com"
        }, 
        {
            "{#DOMAINSSL}": "www.asiaroutes.com"
        }, 
        {
            "{#DOMAINSSL}": "www.asiaroutes.com"
        }
    ]
}
DEBUG 2021-06-22 11:08:48,192 - ####################################################################################################
DEBUG 2021-06-22 11:08:48,198 - DOMAIN DISCOVER
INFO 2021-06-22 11:08:48,198 - {
    "data": [
        {
            "{#DOMAINSSL}": "hujidi.com"
        }, 
        {
            "{#DOMAINSSL}": "www.asiaroutes.com"
        }, 
        {
            "{#DOMAINSSL}": "www.asiaroutes.com"
        }
    ]
}
DEBUG 2021-06-22 12:08:49,612 - ####################################################################################################
DEBUG 2021-06-22 12:08:49,619 - DOMAIN DISCOVER
INFO 2021-06-22 12:08:49,619 - {
    "data": [
        {
            "{#DOMAINSSL}": "hujidi.com"
        }, 
        {
            "{#DOMAINSSL}": "www.asiaroutes.com"
        }, 
        {
            "{#DOMAINSSL}": "www.asiaroutes.com"
        }
    ]
}
DEBUG 2021-06-22 13:08:46,081 - ####################################################################################################
DEBUG 2021-06-22 13:08:46,088 - DOMAIN DISCOVER
INFO 2021-06-22 13:08:46,088 - {
    "data": [
        {
            "{#DOMAINSSL}": "hujidi.com"
        }, 
        {
            "{#DOMAINSSL}": "www.asiaroutes.com"
        }, 
        {
            "{#DOMAINSSL}": "www.asiaroutes.com"
        }
    ]
}
DEBUG 2021-06-22 14:08:49,439 - ####################################################################################################
DEBUG 2021-06-22 14:08:49,445 - DOMAIN DISCOVER
INFO 2021-06-22 14:08:49,445 - {
    "data": [
        {
            "{#DOMAINSSL}": "hujidi.com"
        }, 
        {
            "{#DOMAINSSL}": "www.asiaroutes.com"
        }, 
        {
            "{#DOMAINSSL}": "www.asiaroutes.com"
        }
    ]
}
DEBUG 2021-06-22 15:08:44,989 - ####################################################################################################
DEBUG 2021-06-22 15:08:44,995 - DOMAIN DISCOVER
INFO 2021-06-22 15:08:44,995 - {
    "data": [
        {
            "{#DOMAINSSL}": "hujidi.com"
        }, 
        {
            "{#DOMAINSSL}": "www.asiaroutes.com"
        }, 
        {
            "{#DOMAINSSL}": "www.asiaroutes.com"
        }
    ]
}
DEBUG 2021-06-22 16:08:48,764 - ####################################################################################################
DEBUG 2021-06-22 16:08:48,770 - DOMAIN DISCOVER
INFO 2021-06-22 16:08:48,770 - {
    "data": [
        {
            "{#DOMAINSSL}": "hujidi.com"
        }, 
        {
            "{#DOMAINSSL}": "www.asiaroutes.com"
        }, 
        {
            "{#DOMAINSSL}": "www.asiaroutes.com"
        }
    ]
}
DEBUG 2021-06-22 17:08:46,786 - ####################################################################################################
DEBUG 2021-06-22 17:08:46,792 - DOMAIN DISCOVER
INFO 2021-06-22 17:08:46,792 - {
    "data": [
        {
            "{#DOMAINSSL}": "hujidi.com"
        }, 
        {
            "{#DOMAINSSL}": "www.asiaroutes.com"
        }, 
        {
            "{#DOMAINSSL}": "www.asiaroutes.com"
        }
    ]
}
DEBUG 2021-06-22 18:08:44,074 - ####################################################################################################
DEBUG 2021-06-22 18:08:44,080 - DOMAIN DISCOVER
INFO 2021-06-22 18:08:44,080 - {
    "data": [
        {
            "{#DOMAINSSL}": "hujidi.com"
        }, 
        {
            "{#DOMAINSSL}": "www.asiaroutes.com"
        }, 
        {
            "{#DOMAINSSL}": "www.asiaroutes.com"
        }
    ]
}
DEBUG 2021-06-22 19:08:46,843 - ####################################################################################################
DEBUG 2021-06-22 19:08:46,849 - DOMAIN DISCOVER
INFO 2021-06-22 19:08:46,849 - {
    "data": [
        {
            "{#DOMAINSSL}": "hujidi.com"
        }, 
        {
            "{#DOMAINSSL}": "www.asiaroutes.com"
        }, 
        {
            "{#DOMAINSSL}": "www.asiaroutes.com"
        }
    ]
}
DEBUG 2021-06-22 20:08:47,894 - ####################################################################################################
DEBUG 2021-06-22 20:08:47,901 - DOMAIN DISCOVER
INFO 2021-06-22 20:08:47,901 - {
    "data": [
        {
            "{#DOMAINSSL}": "hujidi.com"
        }, 
        {
            "{#DOMAINSSL}": "www.asiaroutes.com"
        }, 
        {
            "{#DOMAINSSL}": "www.asiaroutes.com"
        }
    ]
}
DEBUG 2021-06-22 21:08:49,922 - ####################################################################################################
DEBUG 2021-06-22 21:08:49,928 - DOMAIN DISCOVER
INFO 2021-06-22 21:08:49,928 - {
    "data": [
        {
            "{#DOMAINSSL}": "hujidi.com"
        }, 
        {
            "{#DOMAINSSL}": "www.asiaroutes.com"
        }, 
        {
            "{#DOMAINSSL}": "www.asiaroutes.com"
        }
    ]
}
DEBUG 2021-06-22 22:08:45,287 - ####################################################################################################
DEBUG 2021-06-22 22:08:45,293 - DOMAIN DISCOVER
INFO 2021-06-22 22:08:45,293 - {
    "data": [
        {
            "{#DOMAINSSL}": "hujidi.com"
        }, 
        {
            "{#DOMAINSSL}": "www.asiaroutes.com"
        }, 
        {
            "{#DOMAINSSL}": "www.asiaroutes.com"
        }
    ]
}
DEBUG 2021-06-22 23:08:43,344 - ####################################################################################################
DEBUG 2021-06-22 23:08:43,351 - DOMAIN DISCOVER
INFO 2021-06-22 23:08:43,351 - {
    "data": [
        {
            "{#DOMAINSSL}": "hujidi.com"
        }, 
        {
            "{#DOMAINSSL}": "www.asiaroutes.com"
        }, 
        {
            "{#DOMAINSSL}": "www.asiaroutes.com"
        }
    ]
}
