DEBUG 2021-07-13 00:08:51,363 - ####################################################################################################
DEBUG 2021-07-13 00:08:51,368 - DOMAIN DISCOVER
INFO 2021-07-13 00:08:51,369 - {
    "data": [
        {
            "{#DOMAINSSL}": "kbl6666.com"
        }, 
        {
            "{#DOMAINSSL}": "tv36.com"
        }, 
        {
            "{#DOMAINSSL}": "jin172.com"
        }, 
        {
            "{#DOMAINSSL}": "gci.987byh.com"
        }, 
        {
            "{#DOMAINSSL}": "jsh521.com"
        }, 
        {
            "{#DOMAINSSL}": "www.jsh521.com"
        }, 
        {
            "{#DOMAINSSL}": "www.eu590.com"
        }, 
        {
            "{#DOMAINSSL}": "eu590.com"
        }
    ]
}
DEBUG 2021-07-13 01:08:44,983 - ####################################################################################################
DEBUG 2021-07-13 01:08:44,990 - DOMAIN DISCOVER
INFO 2021-07-13 01:08:44,990 - {
    "data": [
        {
            "{#DOMAINSSL}": "kbl6666.com"
        }, 
        {
            "{#DOMAINSSL}": "tv36.com"
        }, 
        {
            "{#DOMAINSSL}": "jin172.com"
        }, 
        {
            "{#DOMAINSSL}": "gci.987byh.com"
        }, 
        {
            "{#DOMAINSSL}": "jsh521.com"
        }, 
        {
            "{#DOMAINSSL}": "www.jsh521.com"
        }, 
        {
            "{#DOMAINSSL}": "www.eu590.com"
        }, 
        {
            "{#DOMAINSSL}": "eu590.com"
        }
    ]
}
DEBUG 2021-07-13 02:08:50,120 - ####################################################################################################
DEBUG 2021-07-13 02:08:50,126 - DOMAIN DISCOVER
INFO 2021-07-13 02:08:50,126 - {
    "data": [
        {
            "{#DOMAINSSL}": "kbl6666.com"
        }, 
        {
            "{#DOMAINSSL}": "tv36.com"
        }, 
        {
            "{#DOMAINSSL}": "jin172.com"
        }, 
        {
            "{#DOMAINSSL}": "gci.987byh.com"
        }, 
        {
            "{#DOMAINSSL}": "jsh521.com"
        }, 
        {
            "{#DOMAINSSL}": "www.jsh521.com"
        }, 
        {
            "{#DOMAINSSL}": "www.eu590.com"
        }, 
        {
            "{#DOMAINSSL}": "eu590.com"
        }
    ]
}
DEBUG 2021-07-13 03:08:51,507 - ####################################################################################################
DEBUG 2021-07-13 03:08:51,513 - DOMAIN DISCOVER
INFO 2021-07-13 03:08:51,514 - {
    "data": [
        {
            "{#DOMAINSSL}": "kbl6666.com"
        }, 
        {
            "{#DOMAINSSL}": "tv36.com"
        }, 
        {
            "{#DOMAINSSL}": "jin172.com"
        }, 
        {
            "{#DOMAINSSL}": "gci.987byh.com"
        }, 
        {
            "{#DOMAINSSL}": "jsh521.com"
        }, 
        {
            "{#DOMAINSSL}": "www.jsh521.com"
        }, 
        {
            "{#DOMAINSSL}": "www.eu590.com"
        }, 
        {
            "{#DOMAINSSL}": "eu590.com"
        }
    ]
}
DEBUG 2021-07-13 04:08:50,206 - ####################################################################################################
DEBUG 2021-07-13 04:08:50,212 - DOMAIN DISCOVER
INFO 2021-07-13 04:08:50,212 - {
    "data": [
        {
            "{#DOMAINSSL}": "kbl6666.com"
        }, 
        {
            "{#DOMAINSSL}": "tv36.com"
        }, 
        {
            "{#DOMAINSSL}": "jin172.com"
        }, 
        {
            "{#DOMAINSSL}": "gci.987byh.com"
        }, 
        {
            "{#DOMAINSSL}": "jsh521.com"
        }, 
        {
            "{#DOMAINSSL}": "www.jsh521.com"
        }, 
        {
            "{#DOMAINSSL}": "www.eu590.com"
        }, 
        {
            "{#DOMAINSSL}": "eu590.com"
        }
    ]
}
DEBUG 2021-07-13 05:08:49,405 - ####################################################################################################
DEBUG 2021-07-13 05:08:49,411 - DOMAIN DISCOVER
INFO 2021-07-13 05:08:49,412 - {
    "data": [
        {
            "{#DOMAINSSL}": "kbl6666.com"
        }, 
        {
            "{#DOMAINSSL}": "jbl8066.com"
        }, 
        {
            "{#DOMAINSSL}": "xdlgoal.com"
        }, 
        {
            "{#DOMAINSSL}": "byl9009.com"
        }, 
        {
            "{#DOMAINSSL}": "eu606.com"
        }, 
        {
            "{#DOMAINSSL}": "xbetpuke.com"
        }, 
        {
            "{#DOMAINSSL}": "xt099.com"
        }, 
        {
            "{#DOMAINSSL}": "ying88888.com"
        }, 
        {
            "{#DOMAINSSL}": "eu2018.net"
        }, 
        {
            "{#DOMAINSSL}": "gci.987byh.com"
        }, 
        {
            "{#DOMAINSSL}": "jsh521.com"
        }, 
        {
            "{#DOMAINSSL}": "www.jsh521.com"
        }, 
        {
            "{#DOMAINSSL}": "www.eu590.com"
        }, 
        {
            "{#DOMAINSSL}": "eu590.com"
        }
    ]
}
DEBUG 2021-07-13 06:08:50,047 - ####################################################################################################
DEBUG 2021-07-13 06:08:50,054 - DOMAIN DISCOVER
INFO 2021-07-13 06:08:50,054 - {
    "data": [
        {
            "{#DOMAINSSL}": "kbl6666.com"
        }, 
        {
            "{#DOMAINSSL}": "36516822.com"
        }, 
        {
            "{#DOMAINSSL}": "jbl8071.com"
        }, 
        {
            "{#DOMAINSSL}": "ab962.com"
        }, 
        {
            "{#DOMAINSSL}": "eu688.me"
        }, 
        {
            "{#DOMAINSSL}": "eu8010.com"
        }, 
        {
            "{#DOMAINSSL}": "xt099.com"
        }, 
        {
            "{#DOMAINSSL}": "ying88888.com"
        }, 
        {
            "{#DOMAINSSL}": "eu2018.net"
        }, 
        {
            "{#DOMAINSSL}": "jin172.com"
        }, 
        {
            "{#DOMAINSSL}": "gci.987byh.com"
        }, 
        {
            "{#DOMAINSSL}": "jsh521.com"
        }, 
        {
            "{#DOMAINSSL}": "www.jsh521.com"
        }, 
        {
            "{#DOMAINSSL}": "www.cmb003.com"
        }, 
        {
            "{#DOMAINSSL}": "a2202.com"
        }, 
        {
            "{#DOMAINSSL}": "www.a2202.com"
        }, 
        {
            "{#DOMAINSSL}": "eu522.cn"
        }, 
        {
            "{#DOMAINSSL}": "www.eu590.com"
        }, 
        {
            "{#DOMAINSSL}": "eu590.com"
        }
    ]
}
DEBUG 2021-07-13 07:08:50,617 - ####################################################################################################
DEBUG 2021-07-13 07:08:50,623 - DOMAIN DISCOVER
INFO 2021-07-13 07:08:50,623 - {
    "data": [
        {
            "{#DOMAINSSL}": "xt099.com"
        }, 
        {
            "{#DOMAINSSL}": "ying88888.com"
        }, 
        {
            "{#DOMAINSSL}": "eu2018.net"
        }, 
        {
            "{#DOMAINSSL}": "jin172.com"
        }, 
        {
            "{#DOMAINSSL}": "gci.987byh.com"
        }, 
        {
            "{#DOMAINSSL}": "jsh521.com"
        }, 
        {
            "{#DOMAINSSL}": "www.jsh521.com"
        }, 
        {
            "{#DOMAINSSL}": "a2202.com"
        }, 
        {
            "{#DOMAINSSL}": "www.a2202.com"
        }, 
        {
            "{#DOMAINSSL}": "www.eu590.com"
        }, 
        {
            "{#DOMAINSSL}": "eu590.com"
        }
    ]
}
DEBUG 2021-07-13 08:08:51,814 - ####################################################################################################
DEBUG 2021-07-13 08:08:51,821 - DOMAIN DISCOVER
INFO 2021-07-13 08:08:51,821 - {
    "data": [
        {
            "{#DOMAINSSL}": "xt099.com"
        }, 
        {
            "{#DOMAINSSL}": "ying88888.com"
        }, 
        {
            "{#DOMAINSSL}": "eu2018.net"
        }, 
        {
            "{#DOMAINSSL}": "jin172.com"
        }, 
        {
            "{#DOMAINSSL}": "gci.987byh.com"
        }, 
        {
            "{#DOMAINSSL}": "jsh521.com"
        }, 
        {
            "{#DOMAINSSL}": "www.jsh521.com"
        }, 
        {
            "{#DOMAINSSL}": "a2202.com"
        }, 
        {
            "{#DOMAINSSL}": "www.a2202.com"
        }, 
        {
            "{#DOMAINSSL}": "www.eu590.com"
        }, 
        {
            "{#DOMAINSSL}": "eu590.com"
        }
    ]
}
DEBUG 2021-07-13 09:08:52,259 - ####################################################################################################
DEBUG 2021-07-13 09:08:52,265 - DOMAIN DISCOVER
INFO 2021-07-13 09:08:52,266 - {
    "data": [
        {
            "{#DOMAINSSL}": "xt099.com"
        }, 
        {
            "{#DOMAINSSL}": "ying88888.com"
        }, 
        {
            "{#DOMAINSSL}": "eu2018.net"
        }, 
        {
            "{#DOMAINSSL}": "jin172.com"
        }, 
        {
            "{#DOMAINSSL}": "gci.987byh.com"
        }, 
        {
            "{#DOMAINSSL}": "jsh521.com"
        }, 
        {
            "{#DOMAINSSL}": "www.jsh521.com"
        }, 
        {
            "{#DOMAINSSL}": "a2202.com"
        }, 
        {
            "{#DOMAINSSL}": "www.a2202.com"
        }, 
        {
            "{#DOMAINSSL}": "www.eu590.com"
        }, 
        {
            "{#DOMAINSSL}": "eu590.com"
        }
    ]
}
DEBUG 2021-07-13 10:08:51,294 - ####################################################################################################
DEBUG 2021-07-13 10:08:51,300 - DOMAIN DISCOVER
INFO 2021-07-13 10:08:51,301 - {
    "data": [
        {
            "{#DOMAINSSL}": "xt099.com"
        }, 
        {
            "{#DOMAINSSL}": "ying88888.com"
        }, 
        {
            "{#DOMAINSSL}": "eu2018.net"
        }, 
        {
            "{#DOMAINSSL}": "jin172.com"
        }, 
        {
            "{#DOMAINSSL}": "gci.987byh.com"
        }, 
        {
            "{#DOMAINSSL}": "jsh521.com"
        }, 
        {
            "{#DOMAINSSL}": "www.jsh521.com"
        }, 
        {
            "{#DOMAINSSL}": "a2202.com"
        }, 
        {
            "{#DOMAINSSL}": "www.a2202.com"
        }, 
        {
            "{#DOMAINSSL}": "www.eu590.com"
        }, 
        {
            "{#DOMAINSSL}": "eu590.com"
        }
    ]
}
DEBUG 2021-07-13 11:08:49,873 - ####################################################################################################
DEBUG 2021-07-13 11:08:49,880 - DOMAIN DISCOVER
INFO 2021-07-13 11:08:49,880 - {
    "data": [
        {
            "{#DOMAINSSL}": "xt099.com"
        }, 
        {
            "{#DOMAINSSL}": "ying88888.com"
        }, 
        {
            "{#DOMAINSSL}": "eu2018.net"
        }, 
        {
            "{#DOMAINSSL}": "jin172.com"
        }, 
        {
            "{#DOMAINSSL}": "gci.987byh.com"
        }, 
        {
            "{#DOMAINSSL}": "jsh521.com"
        }, 
        {
            "{#DOMAINSSL}": "www.jsh521.com"
        }, 
        {
            "{#DOMAINSSL}": "a2202.com"
        }, 
        {
            "{#DOMAINSSL}": "www.a2202.com"
        }, 
        {
            "{#DOMAINSSL}": "www.eu590.com"
        }, 
        {
            "{#DOMAINSSL}": "eu590.com"
        }
    ]
}
DEBUG 2021-07-13 12:08:54,761 - ####################################################################################################
DEBUG 2021-07-13 12:08:54,767 - DOMAIN DISCOVER
INFO 2021-07-13 12:08:54,768 - {
    "data": [
        {
            "{#DOMAINSSL}": "xt099.com"
        }, 
        {
            "{#DOMAINSSL}": "ying88888.com"
        }, 
        {
            "{#DOMAINSSL}": "eu2018.net"
        }, 
        {
            "{#DOMAINSSL}": "jin172.com"
        }, 
        {
            "{#DOMAINSSL}": "gci.987byh.com"
        }, 
        {
            "{#DOMAINSSL}": "jsh521.com"
        }, 
        {
            "{#DOMAINSSL}": "www.jsh521.com"
        }, 
        {
            "{#DOMAINSSL}": "a2202.com"
        }, 
        {
            "{#DOMAINSSL}": "www.a2202.com"
        }, 
        {
            "{#DOMAINSSL}": "www.eu590.com"
        }, 
        {
            "{#DOMAINSSL}": "eu590.com"
        }
    ]
}
DEBUG 2021-07-13 13:08:50,013 - ####################################################################################################
DEBUG 2021-07-13 13:08:50,019 - DOMAIN DISCOVER
INFO 2021-07-13 13:08:50,019 - {
    "data": [
        {
            "{#DOMAINSSL}": "xt099.com"
        }, 
        {
            "{#DOMAINSSL}": "ying88888.com"
        }, 
        {
            "{#DOMAINSSL}": "eu2018.net"
        }, 
        {
            "{#DOMAINSSL}": "jin172.com"
        }, 
        {
            "{#DOMAINSSL}": "gci.987byh.com"
        }, 
        {
            "{#DOMAINSSL}": "jsh521.com"
        }, 
        {
            "{#DOMAINSSL}": "www.jsh521.com"
        }, 
        {
            "{#DOMAINSSL}": "a2202.com"
        }, 
        {
            "{#DOMAINSSL}": "www.a2202.com"
        }, 
        {
            "{#DOMAINSSL}": "www.eu590.com"
        }, 
        {
            "{#DOMAINSSL}": "eu590.com"
        }
    ]
}
DEBUG 2021-07-13 14:08:51,401 - ####################################################################################################
DEBUG 2021-07-13 14:08:51,408 - DOMAIN DISCOVER
INFO 2021-07-13 14:08:51,408 - {
    "data": [
        {
            "{#DOMAINSSL}": "xt099.com"
        }, 
        {
            "{#DOMAINSSL}": "ying88888.com"
        }, 
        {
            "{#DOMAINSSL}": "eu2018.net"
        }, 
        {
            "{#DOMAINSSL}": "jin172.com"
        }, 
        {
            "{#DOMAINSSL}": "gci.987byh.com"
        }, 
        {
            "{#DOMAINSSL}": "jsh521.com"
        }, 
        {
            "{#DOMAINSSL}": "www.jsh521.com"
        }, 
        {
            "{#DOMAINSSL}": "a2202.com"
        }, 
        {
            "{#DOMAINSSL}": "www.a2202.com"
        }, 
        {
            "{#DOMAINSSL}": "www.eu590.com"
        }, 
        {
            "{#DOMAINSSL}": "eu590.com"
        }
    ]
}
DEBUG 2021-07-13 15:08:51,749 - ####################################################################################################
DEBUG 2021-07-13 15:08:51,756 - DOMAIN DISCOVER
INFO 2021-07-13 15:08:51,756 - {
    "data": [
        {
            "{#DOMAINSSL}": "xt099.com"
        }, 
        {
            "{#DOMAINSSL}": "ying88888.com"
        }, 
        {
            "{#DOMAINSSL}": "eu2018.net"
        }, 
        {
            "{#DOMAINSSL}": "jin172.com"
        }, 
        {
            "{#DOMAINSSL}": "gci.987byh.com"
        }, 
        {
            "{#DOMAINSSL}": "jsh521.com"
        }, 
        {
            "{#DOMAINSSL}": "www.jsh521.com"
        }, 
        {
            "{#DOMAINSSL}": "a2202.com"
        }, 
        {
            "{#DOMAINSSL}": "www.a2202.com"
        }, 
        {
            "{#DOMAINSSL}": "www.eu590.com"
        }, 
        {
            "{#DOMAINSSL}": "eu590.com"
        }
    ]
}
DEBUG 2021-07-13 16:08:52,271 - ####################################################################################################
DEBUG 2021-07-13 16:08:52,277 - DOMAIN DISCOVER
INFO 2021-07-13 16:08:52,278 - {
    "data": [
        {
            "{#DOMAINSSL}": "xt099.com"
        }, 
        {
            "{#DOMAINSSL}": "ying88888.com"
        }, 
        {
            "{#DOMAINSSL}": "eu2018.net"
        }, 
        {
            "{#DOMAINSSL}": "jin172.com"
        }, 
        {
            "{#DOMAINSSL}": "gci.987byh.com"
        }, 
        {
            "{#DOMAINSSL}": "jsh521.com"
        }, 
        {
            "{#DOMAINSSL}": "www.jsh521.com"
        }, 
        {
            "{#DOMAINSSL}": "a2202.com"
        }, 
        {
            "{#DOMAINSSL}": "www.a2202.com"
        }, 
        {
            "{#DOMAINSSL}": "www.eu590.com"
        }, 
        {
            "{#DOMAINSSL}": "eu590.com"
        }
    ]
}
DEBUG 2021-07-13 17:08:54,006 - ####################################################################################################
DEBUG 2021-07-13 17:08:54,012 - DOMAIN DISCOVER
INFO 2021-07-13 17:08:54,013 - {
    "data": [
        {
            "{#DOMAINSSL}": "xt099.com"
        }, 
        {
            "{#DOMAINSSL}": "ying88888.com"
        }, 
        {
            "{#DOMAINSSL}": "eu2018.net"
        }, 
        {
            "{#DOMAINSSL}": "jin172.com"
        }, 
        {
            "{#DOMAINSSL}": "gci.987byh.com"
        }, 
        {
            "{#DOMAINSSL}": "jsh521.com"
        }, 
        {
            "{#DOMAINSSL}": "www.jsh521.com"
        }, 
        {
            "{#DOMAINSSL}": "a2202.com"
        }, 
        {
            "{#DOMAINSSL}": "www.a2202.com"
        }, 
        {
            "{#DOMAINSSL}": "www.eu590.com"
        }, 
        {
            "{#DOMAINSSL}": "eu590.com"
        }
    ]
}
DEBUG 2021-07-13 18:08:51,478 - ####################################################################################################
DEBUG 2021-07-13 18:08:51,485 - DOMAIN DISCOVER
INFO 2021-07-13 18:08:51,486 - {
    "data": [
        {
            "{#DOMAINSSL}": "xt099.com"
        }, 
        {
            "{#DOMAINSSL}": "ying88888.com"
        }, 
        {
            "{#DOMAINSSL}": "eu2018.net"
        }, 
        {
            "{#DOMAINSSL}": "jin172.com"
        }, 
        {
            "{#DOMAINSSL}": "gci.987byh.com"
        }, 
        {
            "{#DOMAINSSL}": "jsh521.com"
        }, 
        {
            "{#DOMAINSSL}": "www.jsh521.com"
        }, 
        {
            "{#DOMAINSSL}": "a2202.com"
        }, 
        {
            "{#DOMAINSSL}": "www.a2202.com"
        }, 
        {
            "{#DOMAINSSL}": "www.eu590.com"
        }, 
        {
            "{#DOMAINSSL}": "eu590.com"
        }
    ]
}
DEBUG 2021-07-13 19:08:51,423 - ####################################################################################################
DEBUG 2021-07-13 19:08:51,429 - DOMAIN DISCOVER
INFO 2021-07-13 19:08:51,429 - {
    "data": [
        {
            "{#DOMAINSSL}": "xt099.com"
        }, 
        {
            "{#DOMAINSSL}": "ying88888.com"
        }, 
        {
            "{#DOMAINSSL}": "eu2018.net"
        }, 
        {
            "{#DOMAINSSL}": "jin172.com"
        }, 
        {
            "{#DOMAINSSL}": "gci.987byh.com"
        }, 
        {
            "{#DOMAINSSL}": "jsh521.com"
        }, 
        {
            "{#DOMAINSSL}": "www.jsh521.com"
        }, 
        {
            "{#DOMAINSSL}": "a2202.com"
        }, 
        {
            "{#DOMAINSSL}": "www.a2202.com"
        }, 
        {
            "{#DOMAINSSL}": "www.eu590.com"
        }, 
        {
            "{#DOMAINSSL}": "eu590.com"
        }
    ]
}
DEBUG 2021-07-13 20:08:51,904 - ####################################################################################################
DEBUG 2021-07-13 20:08:51,910 - DOMAIN DISCOVER
INFO 2021-07-13 20:08:51,910 - {
    "data": [
        {
            "{#DOMAINSSL}": "xt099.com"
        }, 
        {
            "{#DOMAINSSL}": "ying88888.com"
        }, 
        {
            "{#DOMAINSSL}": "eu2018.net"
        }, 
        {
            "{#DOMAINSSL}": "jin172.com"
        }, 
        {
            "{#DOMAINSSL}": "gci.987byh.com"
        }, 
        {
            "{#DOMAINSSL}": "jsh521.com"
        }, 
        {
            "{#DOMAINSSL}": "www.jsh521.com"
        }, 
        {
            "{#DOMAINSSL}": "a2202.com"
        }, 
        {
            "{#DOMAINSSL}": "www.a2202.com"
        }, 
        {
            "{#DOMAINSSL}": "www.eu590.com"
        }, 
        {
            "{#DOMAINSSL}": "eu590.com"
        }
    ]
}
DEBUG 2021-07-13 21:08:53,906 - ####################################################################################################
DEBUG 2021-07-13 21:08:53,913 - DOMAIN DISCOVER
INFO 2021-07-13 21:08:53,913 - {
    "data": [
        {
            "{#DOMAINSSL}": "xt099.com"
        }, 
        {
            "{#DOMAINSSL}": "ying88888.com"
        }, 
        {
            "{#DOMAINSSL}": "eu2018.net"
        }, 
        {
            "{#DOMAINSSL}": "jin172.com"
        }, 
        {
            "{#DOMAINSSL}": "gci.987byh.com"
        }, 
        {
            "{#DOMAINSSL}": "jsh521.com"
        }, 
        {
            "{#DOMAINSSL}": "www.jsh521.com"
        }, 
        {
            "{#DOMAINSSL}": "a2202.com"
        }, 
        {
            "{#DOMAINSSL}": "www.a2202.com"
        }, 
        {
            "{#DOMAINSSL}": "www.eu590.com"
        }, 
        {
            "{#DOMAINSSL}": "eu590.com"
        }
    ]
}
DEBUG 2021-07-13 22:08:49,241 - ####################################################################################################
DEBUG 2021-07-13 22:08:49,248 - DOMAIN DISCOVER
INFO 2021-07-13 22:08:49,248 - {
    "data": [
        {
            "{#DOMAINSSL}": "xt099.com"
        }, 
        {
            "{#DOMAINSSL}": "ying88888.com"
        }, 
        {
            "{#DOMAINSSL}": "eu2018.net"
        }, 
        {
            "{#DOMAINSSL}": "jin172.com"
        }, 
        {
            "{#DOMAINSSL}": "gci.987byh.com"
        }, 
        {
            "{#DOMAINSSL}": "jsh521.com"
        }, 
        {
            "{#DOMAINSSL}": "www.jsh521.com"
        }, 
        {
            "{#DOMAINSSL}": "a2202.com"
        }, 
        {
            "{#DOMAINSSL}": "www.a2202.com"
        }, 
        {
            "{#DOMAINSSL}": "www.eu590.com"
        }, 
        {
            "{#DOMAINSSL}": "eu590.com"
        }
    ]
}
DEBUG 2021-07-13 23:08:51,398 - ####################################################################################################
DEBUG 2021-07-13 23:08:51,405 - DOMAIN DISCOVER
INFO 2021-07-13 23:08:51,405 - {
    "data": [
        {
            "{#DOMAINSSL}": "xt099.com"
        }, 
        {
            "{#DOMAINSSL}": "ying88888.com"
        }, 
        {
            "{#DOMAINSSL}": "eu2018.net"
        }, 
        {
            "{#DOMAINSSL}": "jin172.com"
        }, 
        {
            "{#DOMAINSSL}": "gci.987byh.com"
        }, 
        {
            "{#DOMAINSSL}": "jsh521.com"
        }, 
        {
            "{#DOMAINSSL}": "www.jsh521.com"
        }, 
        {
            "{#DOMAINSSL}": "a2202.com"
        }, 
        {
            "{#DOMAINSSL}": "www.a2202.com"
        }, 
        {
            "{#DOMAINSSL}": "www.eu590.com"
        }, 
        {
            "{#DOMAINSSL}": "eu590.com"
        }
    ]
}
