DEBUG 2021-07-05 00:08:51,832 - ####################################################################################################
DEBUG 2021-07-05 00:08:51,838 - DOMAIN DISCOVER
INFO 2021-07-05 00:08:51,839 - {
    "data": [
        {
            "{#DOMAINSSL}": "tochat333.com"
        }, 
        {
            "{#DOMAINSSL}": "www.wukongchat.com"
        }, 
        {
            "{#DOMAINSSL}": "www.wukongchat.com"
        }, 
        {
            "{#DOMAINSSL}": "wpc89.com"
        }, 
        {
            "{#DOMAINSSL}": "www.wpc89.com"
        }, 
        {
            "{#DOMAINSSL}": "jbl.live"
        }, 
        {
            "{#DOMAINSSL}": "www.jbl.live"
        }
    ]
}
DEBUG 2021-07-05 01:08:51,569 - ####################################################################################################
DEBUG 2021-07-05 01:08:51,577 - DOMAIN DISCOVER
INFO 2021-07-05 01:08:51,577 - {
    "data": [
        {
            "{#DOMAINSSL}": "tochat333.com"
        }, 
        {
            "{#DOMAINSSL}": "www.wukongchat.com"
        }, 
        {
            "{#DOMAINSSL}": "www.wukongchat.com"
        }, 
        {
            "{#DOMAINSSL}": "wpc89.com"
        }, 
        {
            "{#DOMAINSSL}": "www.wpc89.com"
        }, 
        {
            "{#DOMAINSSL}": "jbl.live"
        }, 
        {
            "{#DOMAINSSL}": "www.jbl.live"
        }
    ]
}
DEBUG 2021-07-05 02:08:52,645 - ####################################################################################################
DEBUG 2021-07-05 02:08:52,651 - DOMAIN DISCOVER
INFO 2021-07-05 02:08:52,652 - {
    "data": [
        {
            "{#DOMAINSSL}": "tochat333.com"
        }, 
        {
            "{#DOMAINSSL}": "www.wukongchat.com"
        }, 
        {
            "{#DOMAINSSL}": "www.wukongchat.com"
        }, 
        {
            "{#DOMAINSSL}": "wpc89.com"
        }, 
        {
            "{#DOMAINSSL}": "www.wpc89.com"
        }, 
        {
            "{#DOMAINSSL}": "jbl.live"
        }, 
        {
            "{#DOMAINSSL}": "www.jbl.live"
        }
    ]
}
DEBUG 2021-07-05 03:08:51,482 - ####################################################################################################
DEBUG 2021-07-05 03:08:51,488 - DOMAIN DISCOVER
INFO 2021-07-05 03:08:51,489 - {
    "data": [
        {
            "{#DOMAINSSL}": "tochat333.com"
        }, 
        {
            "{#DOMAINSSL}": "www.wukongchat.com"
        }, 
        {
            "{#DOMAINSSL}": "www.wukongchat.com"
        }, 
        {
            "{#DOMAINSSL}": "wpc89.com"
        }, 
        {
            "{#DOMAINSSL}": "www.wpc89.com"
        }, 
        {
            "{#DOMAINSSL}": "jbl.live"
        }, 
        {
            "{#DOMAINSSL}": "www.jbl.live"
        }
    ]
}
DEBUG 2021-07-05 04:08:50,651 - ####################################################################################################
DEBUG 2021-07-05 04:08:50,658 - DOMAIN DISCOVER
INFO 2021-07-05 04:08:50,658 - {
    "data": [
        {
            "{#DOMAINSSL}": "tochat333.com"
        }, 
        {
            "{#DOMAINSSL}": "www.wukongchat.com"
        }, 
        {
            "{#DOMAINSSL}": "www.wukongchat.com"
        }, 
        {
            "{#DOMAINSSL}": "wpc89.com"
        }, 
        {
            "{#DOMAINSSL}": "www.wpc89.com"
        }, 
        {
            "{#DOMAINSSL}": "jbl.live"
        }, 
        {
            "{#DOMAINSSL}": "www.jbl.live"
        }
    ]
}
DEBUG 2021-07-05 05:08:54,464 - ####################################################################################################
DEBUG 2021-07-05 05:08:54,472 - DOMAIN DISCOVER
INFO 2021-07-05 05:08:54,472 - {
    "data": [
        {
            "{#DOMAINSSL}": "kwets.com"
        }, 
        {
            "{#DOMAINSSL}": "16880000.com"
        }, 
        {
            "{#DOMAINSSL}": "08866.me"
        }, 
        {
            "{#DOMAINSSL}": "jin162.com"
        }, 
        {
            "{#DOMAINSSL}": "eu288.com"
        }, 
        {
            "{#DOMAINSSL}": "xbet02.com"
        }, 
        {
            "{#DOMAINSSL}": "cf380.com"
        }, 
        {
            "{#DOMAINSSL}": "cf382.com"
        }, 
        {
            "{#DOMAINSSL}": "cf383.com"
        }, 
        {
            "{#DOMAINSSL}": "ying88888.com"
        }, 
        {
            "{#DOMAINSSL}": "eu2018.net"
        }, 
        {
            "{#DOMAINSSL}": "tochat333.com"
        }, 
        {
            "{#DOMAINSSL}": "www.wukongchat.com"
        }, 
        {
            "{#DOMAINSSL}": "www.wukongchat.com"
        }, 
        {
            "{#DOMAINSSL}": "wpc89.com"
        }, 
        {
            "{#DOMAINSSL}": "www.wpc89.com"
        }, 
        {
            "{#DOMAINSSL}": "jbl.live"
        }, 
        {
            "{#DOMAINSSL}": "www.jbl.live"
        }
    ]
}
DEBUG 2021-07-05 06:08:52,156 - ####################################################################################################
DEBUG 2021-07-05 06:08:52,162 - DOMAIN DISCOVER
INFO 2021-07-05 06:08:52,162 - {
    "data": [
        {
            "{#DOMAINSSL}": "kbl6666.com"
        }, 
        {
            "{#DOMAINSSL}": "jin127.com"
        }, 
        {
            "{#DOMAINSSL}": "j29.me"
        }, 
        {
            "{#DOMAINSSL}": "xbet518.com"
        }, 
        {
            "{#DOMAINSSL}": "ying88888.com"
        }, 
        {
            "{#DOMAINSSL}": "eu2018.net"
        }, 
        {
            "{#DOMAINSSL}": "55868000.com"
        }, 
        {
            "{#DOMAINSSL}": "jsh521.com"
        }, 
        {
            "{#DOMAINSSL}": "www.jsh521.com"
        }, 
        {
            "{#DOMAINSSL}": "eu5888.com"
        }, 
        {
            "{#DOMAINSSL}": "tochat333.com"
        }, 
        {
            "{#DOMAINSSL}": "www.wukongchat.com"
        }, 
        {
            "{#DOMAINSSL}": "www.wukongchat.com"
        }, 
        {
            "{#DOMAINSSL}": "www.eu590.com"
        }, 
        {
            "{#DOMAINSSL}": "wpc11.com"
        }, 
        {
            "{#DOMAINSSL}": "wpc89.com"
        }, 
        {
            "{#DOMAINSSL}": "www.wpc89.com"
        }, 
        {
            "{#DOMAINSSL}": "jbl.live"
        }, 
        {
            "{#DOMAINSSL}": "www.jbl.live"
        }, 
        {
            "{#DOMAINSSL}": "cf394.com"
        }
    ]
}
DEBUG 2021-07-05 07:08:47,509 - ####################################################################################################
DEBUG 2021-07-05 07:08:47,516 - DOMAIN DISCOVER
INFO 2021-07-05 07:08:47,516 - {
    "data": [
        {
            "{#DOMAINSSL}": "tochat333.com"
        }, 
        {
            "{#DOMAINSSL}": "www.wukongchat.com"
        }, 
        {
            "{#DOMAINSSL}": "www.wukongchat.com"
        }, 
        {
            "{#DOMAINSSL}": "wpc89.com"
        }, 
        {
            "{#DOMAINSSL}": "www.wpc89.com"
        }, 
        {
            "{#DOMAINSSL}": "jbl.live"
        }, 
        {
            "{#DOMAINSSL}": "www.jbl.live"
        }
    ]
}
DEBUG 2021-07-05 08:08:52,067 - ####################################################################################################
DEBUG 2021-07-05 08:08:52,073 - DOMAIN DISCOVER
INFO 2021-07-05 08:08:52,074 - {
    "data": [
        {
            "{#DOMAINSSL}": "tochat333.com"
        }, 
        {
            "{#DOMAINSSL}": "www.wukongchat.com"
        }, 
        {
            "{#DOMAINSSL}": "www.wukongchat.com"
        }, 
        {
            "{#DOMAINSSL}": "wpc89.com"
        }, 
        {
            "{#DOMAINSSL}": "www.wpc89.com"
        }, 
        {
            "{#DOMAINSSL}": "jbl.live"
        }, 
        {
            "{#DOMAINSSL}": "www.jbl.live"
        }
    ]
}
DEBUG 2021-07-05 09:08:49,906 - ####################################################################################################
DEBUG 2021-07-05 09:08:49,912 - DOMAIN DISCOVER
INFO 2021-07-05 09:08:49,913 - {
    "data": [
        {
            "{#DOMAINSSL}": "tochat333.com"
        }, 
        {
            "{#DOMAINSSL}": "www.wukongchat.com"
        }, 
        {
            "{#DOMAINSSL}": "www.wukongchat.com"
        }, 
        {
            "{#DOMAINSSL}": "wpc89.com"
        }, 
        {
            "{#DOMAINSSL}": "www.wpc89.com"
        }, 
        {
            "{#DOMAINSSL}": "jbl.live"
        }, 
        {
            "{#DOMAINSSL}": "www.jbl.live"
        }
    ]
}
DEBUG 2021-07-05 10:08:52,898 - ####################################################################################################
DEBUG 2021-07-05 10:08:52,904 - DOMAIN DISCOVER
INFO 2021-07-05 10:08:52,905 - {
    "data": [
        {
            "{#DOMAINSSL}": "tochat333.com"
        }, 
        {
            "{#DOMAINSSL}": "www.wukongchat.com"
        }, 
        {
            "{#DOMAINSSL}": "www.wukongchat.com"
        }, 
        {
            "{#DOMAINSSL}": "wpc89.com"
        }, 
        {
            "{#DOMAINSSL}": "www.wpc89.com"
        }, 
        {
            "{#DOMAINSSL}": "jbl.live"
        }, 
        {
            "{#DOMAINSSL}": "www.jbl.live"
        }
    ]
}
DEBUG 2021-07-05 11:08:51,021 - ####################################################################################################
DEBUG 2021-07-05 11:08:51,028 - DOMAIN DISCOVER
INFO 2021-07-05 11:08:51,029 - {
    "data": [
        {
            "{#DOMAINSSL}": "tochat333.com"
        }, 
        {
            "{#DOMAINSSL}": "www.wukongchat.com"
        }, 
        {
            "{#DOMAINSSL}": "www.wukongchat.com"
        }, 
        {
            "{#DOMAINSSL}": "wpc89.com"
        }, 
        {
            "{#DOMAINSSL}": "www.wpc89.com"
        }, 
        {
            "{#DOMAINSSL}": "jbl.live"
        }, 
        {
            "{#DOMAINSSL}": "www.jbl.live"
        }
    ]
}
DEBUG 2021-07-05 12:08:51,468 - ####################################################################################################
DEBUG 2021-07-05 12:08:51,476 - DOMAIN DISCOVER
INFO 2021-07-05 12:08:51,476 - {
    "data": [
        {
            "{#DOMAINSSL}": "tochat333.com"
        }, 
        {
            "{#DOMAINSSL}": "www.wukongchat.com"
        }, 
        {
            "{#DOMAINSSL}": "www.wukongchat.com"
        }, 
        {
            "{#DOMAINSSL}": "wpc89.com"
        }, 
        {
            "{#DOMAINSSL}": "www.wpc89.com"
        }, 
        {
            "{#DOMAINSSL}": "jbl.live"
        }, 
        {
            "{#DOMAINSSL}": "www.jbl.live"
        }
    ]
}
DEBUG 2021-07-05 13:08:50,909 - ####################################################################################################
DEBUG 2021-07-05 13:08:50,915 - DOMAIN DISCOVER
INFO 2021-07-05 13:08:50,916 - {
    "data": [
        {
            "{#DOMAINSSL}": "tochat333.com"
        }, 
        {
            "{#DOMAINSSL}": "www.wukongchat.com"
        }, 
        {
            "{#DOMAINSSL}": "www.wukongchat.com"
        }, 
        {
            "{#DOMAINSSL}": "wpc89.com"
        }, 
        {
            "{#DOMAINSSL}": "www.wpc89.com"
        }, 
        {
            "{#DOMAINSSL}": "jbl.live"
        }, 
        {
            "{#DOMAINSSL}": "www.jbl.live"
        }
    ]
}
DEBUG 2021-07-05 14:08:50,065 - ####################################################################################################
DEBUG 2021-07-05 14:08:50,072 - DOMAIN DISCOVER
INFO 2021-07-05 14:08:50,072 - {
    "data": [
        {
            "{#DOMAINSSL}": "tochat333.com"
        }, 
        {
            "{#DOMAINSSL}": "www.wukongchat.com"
        }, 
        {
            "{#DOMAINSSL}": "www.wukongchat.com"
        }, 
        {
            "{#DOMAINSSL}": "wpc89.com"
        }, 
        {
            "{#DOMAINSSL}": "www.wpc89.com"
        }, 
        {
            "{#DOMAINSSL}": "jbl.live"
        }, 
        {
            "{#DOMAINSSL}": "www.jbl.live"
        }
    ]
}
DEBUG 2021-07-05 15:08:54,236 - ####################################################################################################
DEBUG 2021-07-05 15:08:54,241 - DOMAIN DISCOVER
INFO 2021-07-05 15:08:54,242 - {
    "data": [
        {
            "{#DOMAINSSL}": "tochat333.com"
        }, 
        {
            "{#DOMAINSSL}": "www.wukongchat.com"
        }, 
        {
            "{#DOMAINSSL}": "www.wukongchat.com"
        }, 
        {
            "{#DOMAINSSL}": "wpc89.com"
        }, 
        {
            "{#DOMAINSSL}": "www.wpc89.com"
        }, 
        {
            "{#DOMAINSSL}": "jbl.live"
        }, 
        {
            "{#DOMAINSSL}": "www.jbl.live"
        }
    ]
}
DEBUG 2021-07-05 16:08:55,797 - ####################################################################################################
DEBUG 2021-07-05 16:08:55,803 - DOMAIN DISCOVER
INFO 2021-07-05 16:08:55,803 - {
    "data": [
        {
            "{#DOMAINSSL}": "tochat333.com"
        }, 
        {
            "{#DOMAINSSL}": "www.wukongchat.com"
        }, 
        {
            "{#DOMAINSSL}": "www.wukongchat.com"
        }, 
        {
            "{#DOMAINSSL}": "wpc89.com"
        }, 
        {
            "{#DOMAINSSL}": "www.wpc89.com"
        }, 
        {
            "{#DOMAINSSL}": "jbl.live"
        }, 
        {
            "{#DOMAINSSL}": "www.jbl.live"
        }
    ]
}
DEBUG 2021-07-05 17:08:53,303 - ####################################################################################################
DEBUG 2021-07-05 17:08:53,310 - DOMAIN DISCOVER
INFO 2021-07-05 17:08:53,310 - {
    "data": [
        {
            "{#DOMAINSSL}": "tochat333.com"
        }, 
        {
            "{#DOMAINSSL}": "www.wukongchat.com"
        }, 
        {
            "{#DOMAINSSL}": "www.wukongchat.com"
        }, 
        {
            "{#DOMAINSSL}": "wpc89.com"
        }, 
        {
            "{#DOMAINSSL}": "www.wpc89.com"
        }, 
        {
            "{#DOMAINSSL}": "jbl.live"
        }, 
        {
            "{#DOMAINSSL}": "www.jbl.live"
        }
    ]
}
DEBUG 2021-07-05 18:08:55,140 - ####################################################################################################
DEBUG 2021-07-05 18:08:55,145 - DOMAIN DISCOVER
INFO 2021-07-05 18:08:55,145 - {
    "data": [
        {
            "{#DOMAINSSL}": "tochat333.com"
        }, 
        {
            "{#DOMAINSSL}": "www.wukongchat.com"
        }, 
        {
            "{#DOMAINSSL}": "www.wukongchat.com"
        }, 
        {
            "{#DOMAINSSL}": "wpc89.com"
        }, 
        {
            "{#DOMAINSSL}": "www.wpc89.com"
        }, 
        {
            "{#DOMAINSSL}": "jbl.live"
        }, 
        {
            "{#DOMAINSSL}": "www.jbl.live"
        }
    ]
}
DEBUG 2021-07-05 19:08:53,647 - ####################################################################################################
DEBUG 2021-07-05 19:08:53,653 - DOMAIN DISCOVER
INFO 2021-07-05 19:08:53,654 - {
    "data": [
        {
            "{#DOMAINSSL}": "tochat333.com"
        }, 
        {
            "{#DOMAINSSL}": "www.wukongchat.com"
        }, 
        {
            "{#DOMAINSSL}": "www.wukongchat.com"
        }, 
        {
            "{#DOMAINSSL}": "wpc89.com"
        }, 
        {
            "{#DOMAINSSL}": "www.wpc89.com"
        }, 
        {
            "{#DOMAINSSL}": "jbl.live"
        }, 
        {
            "{#DOMAINSSL}": "www.jbl.live"
        }
    ]
}
DEBUG 2021-07-05 20:08:49,523 - ####################################################################################################
DEBUG 2021-07-05 20:08:49,529 - DOMAIN DISCOVER
INFO 2021-07-05 20:08:49,529 - {
    "data": [
        {
            "{#DOMAINSSL}": "tochat333.com"
        }, 
        {
            "{#DOMAINSSL}": "www.wukongchat.com"
        }, 
        {
            "{#DOMAINSSL}": "www.wukongchat.com"
        }, 
        {
            "{#DOMAINSSL}": "wpc89.com"
        }, 
        {
            "{#DOMAINSSL}": "www.wpc89.com"
        }, 
        {
            "{#DOMAINSSL}": "jbl.live"
        }, 
        {
            "{#DOMAINSSL}": "www.jbl.live"
        }
    ]
}
DEBUG 2021-07-05 21:08:54,801 - ####################################################################################################
DEBUG 2021-07-05 21:08:54,808 - DOMAIN DISCOVER
INFO 2021-07-05 21:08:54,808 - {
    "data": [
        {
            "{#DOMAINSSL}": "tochat333.com"
        }, 
        {
            "{#DOMAINSSL}": "www.wukongchat.com"
        }, 
        {
            "{#DOMAINSSL}": "www.wukongchat.com"
        }, 
        {
            "{#DOMAINSSL}": "wpc89.com"
        }, 
        {
            "{#DOMAINSSL}": "www.wpc89.com"
        }, 
        {
            "{#DOMAINSSL}": "jbl.live"
        }, 
        {
            "{#DOMAINSSL}": "www.jbl.live"
        }
    ]
}
DEBUG 2021-07-05 22:08:53,390 - ####################################################################################################
DEBUG 2021-07-05 22:08:53,396 - DOMAIN DISCOVER
INFO 2021-07-05 22:08:53,396 - {
    "data": [
        {
            "{#DOMAINSSL}": "tochat333.com"
        }, 
        {
            "{#DOMAINSSL}": "www.wukongchat.com"
        }, 
        {
            "{#DOMAINSSL}": "www.wukongchat.com"
        }, 
        {
            "{#DOMAINSSL}": "wpc89.com"
        }, 
        {
            "{#DOMAINSSL}": "www.wpc89.com"
        }, 
        {
            "{#DOMAINSSL}": "jbl.live"
        }, 
        {
            "{#DOMAINSSL}": "www.jbl.live"
        }
    ]
}
DEBUG 2021-07-05 23:08:52,707 - ####################################################################################################
DEBUG 2021-07-05 23:08:52,715 - DOMAIN DISCOVER
INFO 2021-07-05 23:08:52,716 - {
    "data": [
        {
            "{#DOMAINSSL}": "tochat333.com"
        }, 
        {
            "{#DOMAINSSL}": "www.wukongchat.com"
        }, 
        {
            "{#DOMAINSSL}": "www.wukongchat.com"
        }, 
        {
            "{#DOMAINSSL}": "wpc89.com"
        }, 
        {
            "{#DOMAINSSL}": "www.wpc89.com"
        }, 
        {
            "{#DOMAINSSL}": "jbl.live"
        }, 
        {
            "{#DOMAINSSL}": "www.jbl.live"
        }
    ]
}
