DEBUG 2021-10-20 00:09:04,446 - ####################################################################################################
DEBUG 2021-10-20 00:09:04,451 - DOMAIN DISCOVER
INFO 2021-10-20 00:09:04,452 - {
    "data": []
}
DEBUG 2021-10-20 01:09:04,176 - ####################################################################################################
DEBUG 2021-10-20 01:09:04,182 - DOMAIN DISCOVER
INFO 2021-10-20 01:09:04,182 - {
    "data": []
}
DEBUG 2021-10-20 02:09:07,425 - ####################################################################################################
DEBUG 2021-10-20 02:09:07,432 - DOMAIN DISCOVER
INFO 2021-10-20 02:09:07,433 - {
    "data": []
}
DEBUG 2021-10-20 03:09:06,412 - ####################################################################################################
DEBUG 2021-10-20 03:09:06,417 - DOMAIN DISCOVER
INFO 2021-10-20 03:09:06,417 - {
    "data": []
}
DEBUG 2021-10-20 04:09:08,102 - ####################################################################################################
DEBUG 2021-10-20 04:09:08,108 - DOMAIN DISCOVER
INFO 2021-10-20 04:09:08,108 - {
    "data": []
}
DEBUG 2021-10-20 05:09:07,105 - ####################################################################################################
DEBUG 2021-10-20 05:09:07,111 - DOMAIN DISCOVER
INFO 2021-10-20 05:09:07,112 - {
    "data": [
        {
            "{#DOMAINSSL}": "mg.snapplog.com"
        }, 
        {
            "{#DOMAINSSL}": "delivip1.com"
        }, 
        {
            "{#DOMAINSSL}": "138eu.net"
        }, 
        {
            "{#DOMAINSSL}": "jubolai.com"
        }, 
        {
            "{#DOMAINSSL}": "eu7.com"
        }, 
        {
            "{#DOMAINSSL}": "mgb.snapplog.com"
        }, 
        {
            "{#DOMAINSSL}": "mgbtest.snapplog.com"
        }, 
        {
            "{#DOMAINSSL}": "vpn19.com"
        }, 
        {
            "{#DOMAINSSL}": "jiabbo98.net"
        }, 
        {
            "{#DOMAINSSL}": "jiabo28.net"
        }, 
        {
            "{#DOMAINSSL}": "gstechhk.com"
        }, 
        {
            "{#DOMAINSSL}": "yishengbet.com"
        }, 
        {
            "{#DOMAINSSL}": "www.wanstea.com"
        }, 
        {
            "{#DOMAINSSL}": "www.wanstea.com"
        }
    ]
}
DEBUG 2021-10-20 06:09:06,396 - ####################################################################################################
DEBUG 2021-10-20 06:09:06,402 - DOMAIN DISCOVER
INFO 2021-10-20 06:09:06,402 - {
    "data": [
        {
            "{#DOMAINSSL}": "mg.snapplog.com"
        }, 
        {
            "{#DOMAINSSL}": "delivip1.com"
        }, 
        {
            "{#DOMAINSSL}": "138eu.net"
        }, 
        {
            "{#DOMAINSSL}": "jubolai.com"
        }, 
        {
            "{#DOMAINSSL}": "eu7.com"
        }, 
        {
            "{#DOMAINSSL}": "mgb.snapplog.com"
        }, 
        {
            "{#DOMAINSSL}": "mgbtest.snapplog.com"
        }, 
        {
            "{#DOMAINSSL}": "vpn19.com"
        }, 
        {
            "{#DOMAINSSL}": "jiabbo98.net"
        }, 
        {
            "{#DOMAINSSL}": "jiabo28.net"
        }, 
        {
            "{#DOMAINSSL}": "gstechhk.com"
        }, 
        {
            "{#DOMAINSSL}": "yishengbet.com"
        }, 
        {
            "{#DOMAINSSL}": "www.wanstea.com"
        }, 
        {
            "{#DOMAINSSL}": "www.wanstea.com"
        }
    ]
}
DEBUG 2021-10-20 07:09:06,594 - ####################################################################################################
DEBUG 2021-10-20 07:09:06,600 - DOMAIN DISCOVER
INFO 2021-10-20 07:09:06,600 - {
    "data": [
        {
            "{#DOMAINSSL}": "mg.snapplog.com"
        }, 
        {
            "{#DOMAINSSL}": "jubolai.com"
        }, 
        {
            "{#DOMAINSSL}": "mgb.snapplog.com"
        }, 
        {
            "{#DOMAINSSL}": "mgbtest.snapplog.com"
        }, 
        {
            "{#DOMAINSSL}": "vpn19.com"
        }, 
        {
            "{#DOMAINSSL}": "jiabbo98.net"
        }, 
        {
            "{#DOMAINSSL}": "jiabo28.net"
        }, 
        {
            "{#DOMAINSSL}": "gstechhk.com"
        }, 
        {
            "{#DOMAINSSL}": "yishengbet.com"
        }, 
        {
            "{#DOMAINSSL}": "www.wanstea.com"
        }, 
        {
            "{#DOMAINSSL}": "www.wanstea.com"
        }
    ]
}
DEBUG 2021-10-20 08:09:06,829 - ####################################################################################################
DEBUG 2021-10-20 08:09:06,835 - DOMAIN DISCOVER
INFO 2021-10-20 08:09:06,835 - {
    "data": [
        {
            "{#DOMAINSSL}": "mg.snapplog.com"
        }, 
        {
            "{#DOMAINSSL}": "jubolai.com"
        }, 
        {
            "{#DOMAINSSL}": "mgb.snapplog.com"
        }, 
        {
            "{#DOMAINSSL}": "mgbtest.snapplog.com"
        }, 
        {
            "{#DOMAINSSL}": "vpn19.com"
        }, 
        {
            "{#DOMAINSSL}": "jiabbo98.net"
        }, 
        {
            "{#DOMAINSSL}": "jiabo28.net"
        }, 
        {
            "{#DOMAINSSL}": "gstechhk.com"
        }, 
        {
            "{#DOMAINSSL}": "yishengbet.com"
        }, 
        {
            "{#DOMAINSSL}": "www.wanstea.com"
        }, 
        {
            "{#DOMAINSSL}": "www.wanstea.com"
        }
    ]
}
DEBUG 2021-10-20 09:09:07,347 - ####################################################################################################
DEBUG 2021-10-20 09:09:07,352 - DOMAIN DISCOVER
INFO 2021-10-20 09:09:07,352 - {
    "data": [
        {
            "{#DOMAINSSL}": "mg.snapplog.com"
        }, 
        {
            "{#DOMAINSSL}": "jubolai.com"
        }, 
        {
            "{#DOMAINSSL}": "mgb.snapplog.com"
        }, 
        {
            "{#DOMAINSSL}": "mgbtest.snapplog.com"
        }, 
        {
            "{#DOMAINSSL}": "vpn19.com"
        }, 
        {
            "{#DOMAINSSL}": "jiabbo98.net"
        }, 
        {
            "{#DOMAINSSL}": "jiabo28.net"
        }, 
        {
            "{#DOMAINSSL}": "gstechhk.com"
        }, 
        {
            "{#DOMAINSSL}": "yishengbet.com"
        }, 
        {
            "{#DOMAINSSL}": "www.wanstea.com"
        }, 
        {
            "{#DOMAINSSL}": "www.wanstea.com"
        }
    ]
}
DEBUG 2021-10-20 10:09:05,918 - ####################################################################################################
DEBUG 2021-10-20 10:09:05,924 - DOMAIN DISCOVER
INFO 2021-10-20 10:09:05,925 - {
    "data": [
        {
            "{#DOMAINSSL}": "mg.snapplog.com"
        }, 
        {
            "{#DOMAINSSL}": "jubolai.com"
        }, 
        {
            "{#DOMAINSSL}": "mgb.snapplog.com"
        }, 
        {
            "{#DOMAINSSL}": "mgbtest.snapplog.com"
        }, 
        {
            "{#DOMAINSSL}": "vpn19.com"
        }, 
        {
            "{#DOMAINSSL}": "jiabbo98.net"
        }, 
        {
            "{#DOMAINSSL}": "jiabo28.net"
        }, 
        {
            "{#DOMAINSSL}": "gstechhk.com"
        }, 
        {
            "{#DOMAINSSL}": "yishengbet.com"
        }, 
        {
            "{#DOMAINSSL}": "www.wanstea.com"
        }, 
        {
            "{#DOMAINSSL}": "www.wanstea.com"
        }
    ]
}
DEBUG 2021-10-20 11:09:05,424 - ####################################################################################################
DEBUG 2021-10-20 11:09:05,431 - DOMAIN DISCOVER
INFO 2021-10-20 11:09:05,431 - {
    "data": [
        {
            "{#DOMAINSSL}": "mg.snapplog.com"
        }, 
        {
            "{#DOMAINSSL}": "jubolai.com"
        }, 
        {
            "{#DOMAINSSL}": "mgb.snapplog.com"
        }, 
        {
            "{#DOMAINSSL}": "mgbtest.snapplog.com"
        }, 
        {
            "{#DOMAINSSL}": "vpn19.com"
        }, 
        {
            "{#DOMAINSSL}": "jiabbo98.net"
        }, 
        {
            "{#DOMAINSSL}": "jiabo28.net"
        }, 
        {
            "{#DOMAINSSL}": "gstechhk.com"
        }, 
        {
            "{#DOMAINSSL}": "yishengbet.com"
        }, 
        {
            "{#DOMAINSSL}": "www.wanstea.com"
        }, 
        {
            "{#DOMAINSSL}": "www.wanstea.com"
        }
    ]
}
DEBUG 2021-10-20 12:09:07,223 - ####################################################################################################
DEBUG 2021-10-20 12:09:07,229 - DOMAIN DISCOVER
INFO 2021-10-20 12:09:07,230 - {
    "data": [
        {
            "{#DOMAINSSL}": "mg.snapplog.com"
        }, 
        {
            "{#DOMAINSSL}": "jubolai.com"
        }, 
        {
            "{#DOMAINSSL}": "mgb.snapplog.com"
        }, 
        {
            "{#DOMAINSSL}": "mgbtest.snapplog.com"
        }, 
        {
            "{#DOMAINSSL}": "vpn19.com"
        }, 
        {
            "{#DOMAINSSL}": "jiabbo98.net"
        }, 
        {
            "{#DOMAINSSL}": "jiabo28.net"
        }, 
        {
            "{#DOMAINSSL}": "gstechhk.com"
        }, 
        {
            "{#DOMAINSSL}": "yishengbet.com"
        }, 
        {
            "{#DOMAINSSL}": "www.wanstea.com"
        }, 
        {
            "{#DOMAINSSL}": "www.wanstea.com"
        }
    ]
}
DEBUG 2021-10-20 13:09:06,261 - ####################################################################################################
DEBUG 2021-10-20 13:09:06,267 - DOMAIN DISCOVER
INFO 2021-10-20 13:09:06,267 - {
    "data": [
        {
            "{#DOMAINSSL}": "mg.snapplog.com"
        }, 
        {
            "{#DOMAINSSL}": "jubolai.com"
        }, 
        {
            "{#DOMAINSSL}": "mgb.snapplog.com"
        }, 
        {
            "{#DOMAINSSL}": "mgbtest.snapplog.com"
        }, 
        {
            "{#DOMAINSSL}": "vpn19.com"
        }, 
        {
            "{#DOMAINSSL}": "jiabbo98.net"
        }, 
        {
            "{#DOMAINSSL}": "jiabo28.net"
        }, 
        {
            "{#DOMAINSSL}": "gstechhk.com"
        }, 
        {
            "{#DOMAINSSL}": "yishengbet.com"
        }
    ]
}
DEBUG 2021-10-20 14:09:06,338 - ####################################################################################################
DEBUG 2021-10-20 14:09:06,344 - DOMAIN DISCOVER
INFO 2021-10-20 14:09:06,345 - {
    "data": [
        {
            "{#DOMAINSSL}": "mg.snapplog.com"
        }, 
        {
            "{#DOMAINSSL}": "jubolai.com"
        }, 
        {
            "{#DOMAINSSL}": "mgb.snapplog.com"
        }, 
        {
            "{#DOMAINSSL}": "mgbtest.snapplog.com"
        }, 
        {
            "{#DOMAINSSL}": "vpn19.com"
        }, 
        {
            "{#DOMAINSSL}": "jiabbo98.net"
        }, 
        {
            "{#DOMAINSSL}": "jiabo28.net"
        }, 
        {
            "{#DOMAINSSL}": "gstechhk.com"
        }, 
        {
            "{#DOMAINSSL}": "yishengbet.com"
        }
    ]
}
DEBUG 2021-10-20 15:09:07,361 - ####################################################################################################
DEBUG 2021-10-20 15:09:07,368 - DOMAIN DISCOVER
INFO 2021-10-20 15:09:07,368 - {
    "data": [
        {
            "{#DOMAINSSL}": "mg.snapplog.com"
        }, 
        {
            "{#DOMAINSSL}": "jubolai.com"
        }, 
        {
            "{#DOMAINSSL}": "mgb.snapplog.com"
        }, 
        {
            "{#DOMAINSSL}": "mgbtest.snapplog.com"
        }, 
        {
            "{#DOMAINSSL}": "vpn19.com"
        }, 
        {
            "{#DOMAINSSL}": "jiabbo98.net"
        }, 
        {
            "{#DOMAINSSL}": "jiabo28.net"
        }, 
        {
            "{#DOMAINSSL}": "gstechhk.com"
        }, 
        {
            "{#DOMAINSSL}": "yishengbet.com"
        }
    ]
}
DEBUG 2021-10-20 16:09:11,630 - ####################################################################################################
DEBUG 2021-10-20 16:09:11,637 - DOMAIN DISCOVER
INFO 2021-10-20 16:09:11,637 - {
    "data": [
        {
            "{#DOMAINSSL}": "mg.snapplog.com"
        }, 
        {
            "{#DOMAINSSL}": "jubolai.com"
        }, 
        {
            "{#DOMAINSSL}": "mgb.snapplog.com"
        }, 
        {
            "{#DOMAINSSL}": "mgbtest.snapplog.com"
        }, 
        {
            "{#DOMAINSSL}": "vpn19.com"
        }, 
        {
            "{#DOMAINSSL}": "jiabbo98.net"
        }, 
        {
            "{#DOMAINSSL}": "jiabo28.net"
        }, 
        {
            "{#DOMAINSSL}": "gstechhk.com"
        }, 
        {
            "{#DOMAINSSL}": "yishengbet.com"
        }
    ]
}
DEBUG 2021-10-20 17:09:08,955 - ####################################################################################################
DEBUG 2021-10-20 17:09:08,961 - DOMAIN DISCOVER
INFO 2021-10-20 17:09:08,961 - {
    "data": [
        {
            "{#DOMAINSSL}": "mg.snapplog.com"
        }, 
        {
            "{#DOMAINSSL}": "jubolai.com"
        }, 
        {
            "{#DOMAINSSL}": "mgb.snapplog.com"
        }, 
        {
            "{#DOMAINSSL}": "mgbtest.snapplog.com"
        }, 
        {
            "{#DOMAINSSL}": "vpn19.com"
        }, 
        {
            "{#DOMAINSSL}": "jiabbo98.net"
        }, 
        {
            "{#DOMAINSSL}": "jiabo28.net"
        }, 
        {
            "{#DOMAINSSL}": "gstechhk.com"
        }, 
        {
            "{#DOMAINSSL}": "yishengbet.com"
        }
    ]
}
DEBUG 2021-10-20 18:09:06,054 - ####################################################################################################
DEBUG 2021-10-20 18:09:06,061 - DOMAIN DISCOVER
INFO 2021-10-20 18:09:06,061 - {
    "data": [
        {
            "{#DOMAINSSL}": "mg.snapplog.com"
        }, 
        {
            "{#DOMAINSSL}": "jubolai.com"
        }, 
        {
            "{#DOMAINSSL}": "mgb.snapplog.com"
        }, 
        {
            "{#DOMAINSSL}": "mgbtest.snapplog.com"
        }, 
        {
            "{#DOMAINSSL}": "vpn19.com"
        }, 
        {
            "{#DOMAINSSL}": "jiabbo98.net"
        }, 
        {
            "{#DOMAINSSL}": "jiabo28.net"
        }, 
        {
            "{#DOMAINSSL}": "gstechhk.com"
        }, 
        {
            "{#DOMAINSSL}": "yishengbet.com"
        }
    ]
}
DEBUG 2021-10-20 19:09:09,153 - ####################################################################################################
DEBUG 2021-10-20 19:09:09,159 - DOMAIN DISCOVER
INFO 2021-10-20 19:09:09,160 - {
    "data": [
        {
            "{#DOMAINSSL}": "mg.snapplog.com"
        }, 
        {
            "{#DOMAINSSL}": "jubolai.com"
        }, 
        {
            "{#DOMAINSSL}": "mgb.snapplog.com"
        }, 
        {
            "{#DOMAINSSL}": "mgbtest.snapplog.com"
        }, 
        {
            "{#DOMAINSSL}": "vpn19.com"
        }, 
        {
            "{#DOMAINSSL}": "jiabbo98.net"
        }, 
        {
            "{#DOMAINSSL}": "jiabo28.net"
        }, 
        {
            "{#DOMAINSSL}": "gstechhk.com"
        }, 
        {
            "{#DOMAINSSL}": "yishengbet.com"
        }
    ]
}
DEBUG 2021-10-20 20:09:04,150 - ####################################################################################################
DEBUG 2021-10-20 20:09:04,156 - DOMAIN DISCOVER
INFO 2021-10-20 20:09:04,156 - {
    "data": [
        {
            "{#DOMAINSSL}": "mg.snapplog.com"
        }, 
        {
            "{#DOMAINSSL}": "jubolai.com"
        }, 
        {
            "{#DOMAINSSL}": "mgb.snapplog.com"
        }, 
        {
            "{#DOMAINSSL}": "mgbtest.snapplog.com"
        }, 
        {
            "{#DOMAINSSL}": "vpn19.com"
        }, 
        {
            "{#DOMAINSSL}": "jiabbo98.net"
        }, 
        {
            "{#DOMAINSSL}": "jiabo28.net"
        }, 
        {
            "{#DOMAINSSL}": "gstechhk.com"
        }, 
        {
            "{#DOMAINSSL}": "yishengbet.com"
        }
    ]
}
DEBUG 2021-10-20 21:09:06,272 - ####################################################################################################
DEBUG 2021-10-20 21:09:06,277 - DOMAIN DISCOVER
INFO 2021-10-20 21:09:06,278 - {
    "data": [
        {
            "{#DOMAINSSL}": "mg.snapplog.com"
        }, 
        {
            "{#DOMAINSSL}": "jubolai.com"
        }, 
        {
            "{#DOMAINSSL}": "mgb.snapplog.com"
        }, 
        {
            "{#DOMAINSSL}": "mgbtest.snapplog.com"
        }, 
        {
            "{#DOMAINSSL}": "vpn19.com"
        }, 
        {
            "{#DOMAINSSL}": "jiabbo98.net"
        }, 
        {
            "{#DOMAINSSL}": "jiabo28.net"
        }, 
        {
            "{#DOMAINSSL}": "gstechhk.com"
        }, 
        {
            "{#DOMAINSSL}": "yishengbet.com"
        }
    ]
}
DEBUG 2021-10-20 22:09:02,630 - ####################################################################################################
DEBUG 2021-10-20 22:09:02,636 - DOMAIN DISCOVER
INFO 2021-10-20 22:09:02,636 - {
    "data": [
        {
            "{#DOMAINSSL}": "mg.snapplog.com"
        }, 
        {
            "{#DOMAINSSL}": "jubolai.com"
        }, 
        {
            "{#DOMAINSSL}": "mgb.snapplog.com"
        }, 
        {
            "{#DOMAINSSL}": "mgbtest.snapplog.com"
        }, 
        {
            "{#DOMAINSSL}": "vpn19.com"
        }, 
        {
            "{#DOMAINSSL}": "jiabbo98.net"
        }, 
        {
            "{#DOMAINSSL}": "jiabo28.net"
        }, 
        {
            "{#DOMAINSSL}": "gstechhk.com"
        }, 
        {
            "{#DOMAINSSL}": "yishengbet.com"
        }
    ]
}
DEBUG 2021-10-20 23:09:08,117 - ####################################################################################################
DEBUG 2021-10-20 23:09:08,124 - DOMAIN DISCOVER
INFO 2021-10-20 23:09:08,124 - {
    "data": [
        {
            "{#DOMAINSSL}": "mg.snapplog.com"
        }, 
        {
            "{#DOMAINSSL}": "jubolai.com"
        }, 
        {
            "{#DOMAINSSL}": "mgb.snapplog.com"
        }, 
        {
            "{#DOMAINSSL}": "mgbtest.snapplog.com"
        }, 
        {
            "{#DOMAINSSL}": "vpn19.com"
        }, 
        {
            "{#DOMAINSSL}": "jiabbo98.net"
        }, 
        {
            "{#DOMAINSSL}": "jiabo28.net"
        }, 
        {
            "{#DOMAINSSL}": "gstechhk.com"
        }, 
        {
            "{#DOMAINSSL}": "yishengbet.com"
        }
    ]
}
