DEBUG 2021-10-27 00:09:16,369 - ####################################################################################################
DEBUG 2021-10-27 00:09:16,375 - DOMAIN DISCOVER
INFO 2021-10-27 00:09:16,375 - {
    "data": [
        {
            "{#DOMAINSSL}": "jubolai.com"
        }, 
        {
            "{#DOMAINSSL}": "yishengbet.com"
        }
    ]
}
DEBUG 2021-10-27 01:09:12,779 - ####################################################################################################
DEBUG 2021-10-27 01:09:12,785 - DOMAIN DISCOVER
INFO 2021-10-27 01:09:12,785 - {
    "data": [
        {
            "{#DOMAINSSL}": "jubolai.com"
        }, 
        {
            "{#DOMAINSSL}": "yishengbet.com"
        }
    ]
}
DEBUG 2021-10-27 02:09:14,649 - ####################################################################################################
DEBUG 2021-10-27 02:09:14,654 - DOMAIN DISCOVER
INFO 2021-10-27 02:09:14,654 - {
    "data": [
        {
            "{#DOMAINSSL}": "jubolai.com"
        }, 
        {
            "{#DOMAINSSL}": "yishengbet.com"
        }
    ]
}
DEBUG 2021-10-27 03:09:14,875 - ####################################################################################################
DEBUG 2021-10-27 03:09:14,881 - DOMAIN DISCOVER
INFO 2021-10-27 03:09:14,881 - {
    "data": [
        {
            "{#DOMAINSSL}": "jubolai.com"
        }, 
        {
            "{#DOMAINSSL}": "yishengbet.com"
        }
    ]
}
DEBUG 2021-10-27 04:09:13,996 - ####################################################################################################
DEBUG 2021-10-27 04:09:14,002 - DOMAIN DISCOVER
INFO 2021-10-27 04:09:14,002 - {
    "data": [
        {
            "{#DOMAINSSL}": "jubolai.com"
        }, 
        {
            "{#DOMAINSSL}": "yishengbet.com"
        }
    ]
}
DEBUG 2021-10-27 05:09:14,303 - ####################################################################################################
DEBUG 2021-10-27 05:09:14,308 - DOMAIN DISCOVER
INFO 2021-10-27 05:09:14,308 - {
    "data": [
        {
            "{#DOMAINSSL}": "delivip1.com"
        }, 
        {
            "{#DOMAINSSL}": "138eu.net"
        }, 
        {
            "{#DOMAINSSL}": "eu7.com"
        }
    ]
}
DEBUG 2021-10-27 06:09:13,797 - ####################################################################################################
DEBUG 2021-10-27 06:09:13,802 - DOMAIN DISCOVER
INFO 2021-10-27 06:09:13,802 - {
    "data": [
        {
            "{#DOMAINSSL}": "delivip1.com"
        }
    ]
}
DEBUG 2021-10-27 07:09:12,238 - ####################################################################################################
DEBUG 2021-10-27 07:09:12,244 - DOMAIN DISCOVER
INFO 2021-10-27 07:09:12,244 - {
    "data": []
}
DEBUG 2021-10-27 08:09:13,110 - ####################################################################################################
DEBUG 2021-10-27 08:09:13,115 - DOMAIN DISCOVER
INFO 2021-10-27 08:09:13,115 - {
    "data": []
}
DEBUG 2021-10-27 09:09:15,941 - ####################################################################################################
DEBUG 2021-10-27 09:09:15,946 - DOMAIN DISCOVER
INFO 2021-10-27 09:09:15,947 - {
    "data": []
}
DEBUG 2021-10-27 10:09:15,444 - ####################################################################################################
DEBUG 2021-10-27 10:09:15,450 - DOMAIN DISCOVER
INFO 2021-10-27 10:09:15,450 - {
    "data": []
}
DEBUG 2021-10-27 11:09:14,226 - ####################################################################################################
DEBUG 2021-10-27 11:09:14,234 - DOMAIN DISCOVER
INFO 2021-10-27 11:09:14,234 - {
    "data": []
}
DEBUG 2021-10-27 12:09:14,005 - ####################################################################################################
DEBUG 2021-10-27 12:09:14,011 - DOMAIN DISCOVER
INFO 2021-10-27 12:09:14,011 - {
    "data": []
}
DEBUG 2021-10-27 13:09:14,208 - ####################################################################################################
DEBUG 2021-10-27 13:09:14,214 - DOMAIN DISCOVER
INFO 2021-10-27 13:09:14,214 - {
    "data": []
}
DEBUG 2021-10-27 14:09:14,414 - ####################################################################################################
DEBUG 2021-10-27 14:09:14,420 - DOMAIN DISCOVER
INFO 2021-10-27 14:09:14,420 - {
    "data": []
}
DEBUG 2021-10-27 15:09:13,625 - ####################################################################################################
DEBUG 2021-10-27 15:09:13,632 - DOMAIN DISCOVER
INFO 2021-10-27 15:09:13,632 - {
    "data": []
}
DEBUG 2021-10-27 16:09:11,439 - ####################################################################################################
DEBUG 2021-10-27 16:09:11,445 - DOMAIN DISCOVER
INFO 2021-10-27 16:09:11,445 - {
    "data": []
}
DEBUG 2021-10-27 17:09:15,382 - ####################################################################################################
DEBUG 2021-10-27 17:09:15,388 - DOMAIN DISCOVER
INFO 2021-10-27 17:09:15,388 - {
    "data": []
}
DEBUG 2021-10-27 18:09:11,154 - ####################################################################################################
DEBUG 2021-10-27 18:09:11,160 - DOMAIN DISCOVER
INFO 2021-10-27 18:09:11,160 - {
    "data": []
}
DEBUG 2021-10-27 19:09:14,881 - ####################################################################################################
DEBUG 2021-10-27 19:09:14,887 - DOMAIN DISCOVER
INFO 2021-10-27 19:09:14,887 - {
    "data": []
}
DEBUG 2021-10-27 20:09:15,674 - ####################################################################################################
DEBUG 2021-10-27 20:09:15,679 - DOMAIN DISCOVER
INFO 2021-10-27 20:09:15,679 - {
    "data": []
}
DEBUG 2021-10-27 21:09:16,554 - ####################################################################################################
DEBUG 2021-10-27 21:09:16,560 - DOMAIN DISCOVER
INFO 2021-10-27 21:09:16,561 - {
    "data": []
}
DEBUG 2021-10-27 22:09:13,654 - ####################################################################################################
DEBUG 2021-10-27 22:09:13,659 - DOMAIN DISCOVER
INFO 2021-10-27 22:09:13,659 - {
    "data": []
}
DEBUG 2021-10-27 23:09:15,894 - ####################################################################################################
DEBUG 2021-10-27 23:09:15,900 - DOMAIN DISCOVER
INFO 2021-10-27 23:09:15,900 - {
    "data": []
}
