DEBUG 2021-10-14 00:09:06,830 - ####################################################################################################
DEBUG 2021-10-14 00:09:06,835 - DOMAIN DISCOVER
INFO 2021-10-14 00:09:06,835 - {
    "data": [
        {
            "{#DOMAINSSL}": "v2r-hk1.zhubb.top"
        }, 
        {
            "{#DOMAINSSL}": "www.aaa9408.com"
        }, 
        {
            "{#DOMAINSSL}": "v2r-hk2.zhubb.top"
        }, 
        {
            "{#DOMAINSSL}": "aaa9888.com"
        }, 
        {
            "{#DOMAINSSL}": "www.aidedao.com"
        }, 
        {
            "{#DOMAINSSL}": "aaa9408.com"
        }, 
        {
            "{#DOMAINSSL}": "wsw4.lxzzs.cn"
        }, 
        {
            "{#DOMAINSSL}": "gts4.lxzzs.cn"
        }, 
        {
            "{#DOMAINSSL}": "r8588.net"
        }, 
        {
            "{#DOMAINSSL}": "www.r8588.net"
        }, 
        {
            "{#DOMAINSSL}": "www.r8168.net"
        }, 
        {
            "{#DOMAINSSL}": "r8168.net"
        }, 
        {
            "{#DOMAINSSL}": "aaa9409.com"
        }, 
        {
            "{#DOMAINSSL}": "aaa9410.com"
        }, 
        {
            "{#DOMAINSSL}": "aaa9411.com"
        }, 
        {
            "{#DOMAINSSL}": "www.aaa9409.com"
        }, 
        {
            "{#DOMAINSSL}": "www.aaa9410.com"
        }, 
        {
            "{#DOMAINSSL}": "www.aaa9411.com"
        }, 
        {
            "{#DOMAINSSL}": "aaa9889.com"
        }, 
        {
            "{#DOMAINSSL}": "www.aaa9889.com"
        }, 
        {
            "{#DOMAINSSL}": "neweb.me"
        }, 
        {
            "{#DOMAINSSL}": "www.aidedao.com"
        }, 
        {
            "{#DOMAINSSL}": "www.aidedao.com"
        }, 
        {
            "{#DOMAINSSL}": "sabongarenas.com"
        }, 
        {
            "{#DOMAINSSL}": "www.sabongarenas.com"
        }
    ]
}
DEBUG 2021-10-14 01:09:05,843 - ####################################################################################################
DEBUG 2021-10-14 01:09:05,850 - DOMAIN DISCOVER
INFO 2021-10-14 01:09:05,850 - {
    "data": [
        {
            "{#DOMAINSSL}": "v2r-hk1.zhubb.top"
        }, 
        {
            "{#DOMAINSSL}": "www.aaa9408.com"
        }, 
        {
            "{#DOMAINSSL}": "v2r-hk2.zhubb.top"
        }, 
        {
            "{#DOMAINSSL}": "aaa9888.com"
        }, 
        {
            "{#DOMAINSSL}": "www.aidedao.com"
        }, 
        {
            "{#DOMAINSSL}": "aaa9408.com"
        }, 
        {
            "{#DOMAINSSL}": "wsw4.lxzzs.cn"
        }, 
        {
            "{#DOMAINSSL}": "gts4.lxzzs.cn"
        }, 
        {
            "{#DOMAINSSL}": "r8588.net"
        }, 
        {
            "{#DOMAINSSL}": "www.r8588.net"
        }, 
        {
            "{#DOMAINSSL}": "www.r8168.net"
        }, 
        {
            "{#DOMAINSSL}": "r8168.net"
        }, 
        {
            "{#DOMAINSSL}": "aaa9409.com"
        }, 
        {
            "{#DOMAINSSL}": "aaa9410.com"
        }, 
        {
            "{#DOMAINSSL}": "aaa9411.com"
        }, 
        {
            "{#DOMAINSSL}": "www.aaa9409.com"
        }, 
        {
            "{#DOMAINSSL}": "www.aaa9410.com"
        }, 
        {
            "{#DOMAINSSL}": "www.aaa9411.com"
        }, 
        {
            "{#DOMAINSSL}": "aaa9889.com"
        }, 
        {
            "{#DOMAINSSL}": "www.aaa9889.com"
        }, 
        {
            "{#DOMAINSSL}": "neweb.me"
        }, 
        {
            "{#DOMAINSSL}": "www.aidedao.com"
        }, 
        {
            "{#DOMAINSSL}": "www.aidedao.com"
        }, 
        {
            "{#DOMAINSSL}": "sabongarenas.com"
        }, 
        {
            "{#DOMAINSSL}": "www.sabongarenas.com"
        }
    ]
}
DEBUG 2021-10-14 02:09:06,715 - ####################################################################################################
DEBUG 2021-10-14 02:09:06,722 - DOMAIN DISCOVER
INFO 2021-10-14 02:09:06,722 - {
    "data": [
        {
            "{#DOMAINSSL}": "v2r-hk1.zhubb.top"
        }, 
        {
            "{#DOMAINSSL}": "www.aaa9408.com"
        }, 
        {
            "{#DOMAINSSL}": "v2r-hk2.zhubb.top"
        }, 
        {
            "{#DOMAINSSL}": "aaa9888.com"
        }, 
        {
            "{#DOMAINSSL}": "www.aidedao.com"
        }, 
        {
            "{#DOMAINSSL}": "aaa9408.com"
        }, 
        {
            "{#DOMAINSSL}": "wsw4.lxzzs.cn"
        }, 
        {
            "{#DOMAINSSL}": "gts4.lxzzs.cn"
        }, 
        {
            "{#DOMAINSSL}": "r8588.net"
        }, 
        {
            "{#DOMAINSSL}": "www.r8588.net"
        }, 
        {
            "{#DOMAINSSL}": "www.r8168.net"
        }, 
        {
            "{#DOMAINSSL}": "r8168.net"
        }, 
        {
            "{#DOMAINSSL}": "aaa9409.com"
        }, 
        {
            "{#DOMAINSSL}": "aaa9410.com"
        }, 
        {
            "{#DOMAINSSL}": "aaa9411.com"
        }, 
        {
            "{#DOMAINSSL}": "www.aaa9409.com"
        }, 
        {
            "{#DOMAINSSL}": "www.aaa9410.com"
        }, 
        {
            "{#DOMAINSSL}": "www.aaa9411.com"
        }, 
        {
            "{#DOMAINSSL}": "aaa9889.com"
        }, 
        {
            "{#DOMAINSSL}": "www.aaa9889.com"
        }, 
        {
            "{#DOMAINSSL}": "neweb.me"
        }, 
        {
            "{#DOMAINSSL}": "www.aidedao.com"
        }, 
        {
            "{#DOMAINSSL}": "www.aidedao.com"
        }, 
        {
            "{#DOMAINSSL}": "sabongarenas.com"
        }, 
        {
            "{#DOMAINSSL}": "www.sabongarenas.com"
        }
    ]
}
DEBUG 2021-10-14 03:09:07,585 - ####################################################################################################
DEBUG 2021-10-14 03:09:07,591 - DOMAIN DISCOVER
INFO 2021-10-14 03:09:07,591 - {
    "data": [
        {
            "{#DOMAINSSL}": "v2r-hk1.zhubb.top"
        }, 
        {
            "{#DOMAINSSL}": "www.aaa9408.com"
        }, 
        {
            "{#DOMAINSSL}": "v2r-hk2.zhubb.top"
        }, 
        {
            "{#DOMAINSSL}": "aaa9888.com"
        }, 
        {
            "{#DOMAINSSL}": "www.aidedao.com"
        }, 
        {
            "{#DOMAINSSL}": "aaa9408.com"
        }, 
        {
            "{#DOMAINSSL}": "wsw4.lxzzs.cn"
        }, 
        {
            "{#DOMAINSSL}": "gts4.lxzzs.cn"
        }, 
        {
            "{#DOMAINSSL}": "r8588.net"
        }, 
        {
            "{#DOMAINSSL}": "www.r8588.net"
        }, 
        {
            "{#DOMAINSSL}": "www.r8168.net"
        }, 
        {
            "{#DOMAINSSL}": "r8168.net"
        }, 
        {
            "{#DOMAINSSL}": "aaa9409.com"
        }, 
        {
            "{#DOMAINSSL}": "aaa9410.com"
        }, 
        {
            "{#DOMAINSSL}": "aaa9411.com"
        }, 
        {
            "{#DOMAINSSL}": "www.aaa9409.com"
        }, 
        {
            "{#DOMAINSSL}": "www.aaa9410.com"
        }, 
        {
            "{#DOMAINSSL}": "www.aaa9411.com"
        }, 
        {
            "{#DOMAINSSL}": "aaa9889.com"
        }, 
        {
            "{#DOMAINSSL}": "www.aaa9889.com"
        }, 
        {
            "{#DOMAINSSL}": "neweb.me"
        }, 
        {
            "{#DOMAINSSL}": "www.aidedao.com"
        }, 
        {
            "{#DOMAINSSL}": "www.aidedao.com"
        }, 
        {
            "{#DOMAINSSL}": "sabongarenas.com"
        }, 
        {
            "{#DOMAINSSL}": "www.sabongarenas.com"
        }
    ]
}
DEBUG 2021-10-14 04:09:04,647 - ####################################################################################################
DEBUG 2021-10-14 04:09:04,656 - DOMAIN DISCOVER
INFO 2021-10-14 04:09:04,656 - {
    "data": [
        {
            "{#DOMAINSSL}": "v2r-hk1.zhubb.top"
        }, 
        {
            "{#DOMAINSSL}": "www.aaa9408.com"
        }, 
        {
            "{#DOMAINSSL}": "v2r-hk2.zhubb.top"
        }, 
        {
            "{#DOMAINSSL}": "aaa9888.com"
        }, 
        {
            "{#DOMAINSSL}": "www.aidedao.com"
        }, 
        {
            "{#DOMAINSSL}": "aaa9408.com"
        }, 
        {
            "{#DOMAINSSL}": "wsw4.lxzzs.cn"
        }, 
        {
            "{#DOMAINSSL}": "gts4.lxzzs.cn"
        }, 
        {
            "{#DOMAINSSL}": "r8588.net"
        }, 
        {
            "{#DOMAINSSL}": "www.r8588.net"
        }, 
        {
            "{#DOMAINSSL}": "www.r8168.net"
        }, 
        {
            "{#DOMAINSSL}": "r8168.net"
        }, 
        {
            "{#DOMAINSSL}": "aaa9409.com"
        }, 
        {
            "{#DOMAINSSL}": "aaa9410.com"
        }, 
        {
            "{#DOMAINSSL}": "aaa9411.com"
        }, 
        {
            "{#DOMAINSSL}": "www.aaa9409.com"
        }, 
        {
            "{#DOMAINSSL}": "www.aaa9410.com"
        }, 
        {
            "{#DOMAINSSL}": "www.aaa9411.com"
        }, 
        {
            "{#DOMAINSSL}": "aaa9889.com"
        }, 
        {
            "{#DOMAINSSL}": "www.aaa9889.com"
        }, 
        {
            "{#DOMAINSSL}": "neweb.me"
        }, 
        {
            "{#DOMAINSSL}": "www.aidedao.com"
        }, 
        {
            "{#DOMAINSSL}": "www.aidedao.com"
        }, 
        {
            "{#DOMAINSSL}": "sabongarenas.com"
        }, 
        {
            "{#DOMAINSSL}": "www.sabongarenas.com"
        }
    ]
}
DEBUG 2021-10-14 05:09:06,071 - ####################################################################################################
DEBUG 2021-10-14 05:09:06,077 - DOMAIN DISCOVER
INFO 2021-10-14 05:09:06,077 - {
    "data": [
        {
            "{#DOMAINSSL}": "v2r-hk1.zhubb.top"
        }, 
        {
            "{#DOMAINSSL}": "138eu.net"
        }, 
        {
            "{#DOMAINSSL}": "eu7.com"
        }, 
        {
            "{#DOMAINSSL}": "v2r-hk2.zhubb.top"
        }, 
        {
            "{#DOMAINSSL}": "www.aidedao.com"
        }, 
        {
            "{#DOMAINSSL}": "wsw4.lxzzs.cn"
        }, 
        {
            "{#DOMAINSSL}": "gts4.lxzzs.cn"
        }, 
        {
            "{#DOMAINSSL}": "aaa9409.com"
        }, 
        {
            "{#DOMAINSSL}": "aaa9410.com"
        }, 
        {
            "{#DOMAINSSL}": "neweb.me"
        }, 
        {
            "{#DOMAINSSL}": "www.aidedao.com"
        }, 
        {
            "{#DOMAINSSL}": "www.aidedao.com"
        }, 
        {
            "{#DOMAINSSL}": "www.cr601.com"
        }, 
        {
            "{#DOMAINSSL}": "www.cr8601.com"
        }, 
        {
            "{#DOMAINSSL}": "sabongarenas.com"
        }, 
        {
            "{#DOMAINSSL}": "www.sabongarenas.com"
        }
    ]
}
DEBUG 2021-10-14 06:09:05,498 - ####################################################################################################
DEBUG 2021-10-14 06:09:05,506 - DOMAIN DISCOVER
INFO 2021-10-14 06:09:05,506 - {
    "data": [
        {
            "{#DOMAINSSL}": "v2r-hk1.zhubb.top"
        }, 
        {
            "{#DOMAINSSL}": "delivip1.com"
        }, 
        {
            "{#DOMAINSSL}": "v2r-hk2.zhubb.top"
        }, 
        {
            "{#DOMAINSSL}": "www.aidedao.com"
        }, 
        {
            "{#DOMAINSSL}": "wsw4.lxzzs.cn"
        }, 
        {
            "{#DOMAINSSL}": "gts4.lxzzs.cn"
        }, 
        {
            "{#DOMAINSSL}": "aaa9409.com"
        }, 
        {
            "{#DOMAINSSL}": "aaa9410.com"
        }, 
        {
            "{#DOMAINSSL}": "neweb.me"
        }, 
        {
            "{#DOMAINSSL}": "www.aidedao.com"
        }, 
        {
            "{#DOMAINSSL}": "www.aidedao.com"
        }, 
        {
            "{#DOMAINSSL}": "www.cr601.com"
        }, 
        {
            "{#DOMAINSSL}": "www.cr8601.com"
        }, 
        {
            "{#DOMAINSSL}": "sabongarenas.com"
        }, 
        {
            "{#DOMAINSSL}": "www.sabongarenas.com"
        }
    ]
}
DEBUG 2021-10-14 07:09:05,958 - ####################################################################################################
DEBUG 2021-10-14 07:09:05,964 - DOMAIN DISCOVER
INFO 2021-10-14 07:09:05,964 - {
    "data": [
        {
            "{#DOMAINSSL}": "v2r-hk1.zhubb.top"
        }, 
        {
            "{#DOMAINSSL}": "v2r-hk2.zhubb.top"
        }, 
        {
            "{#DOMAINSSL}": "www.aidedao.com"
        }, 
        {
            "{#DOMAINSSL}": "wsw4.lxzzs.cn"
        }, 
        {
            "{#DOMAINSSL}": "gts4.lxzzs.cn"
        }, 
        {
            "{#DOMAINSSL}": "aaa9409.com"
        }, 
        {
            "{#DOMAINSSL}": "aaa9410.com"
        }, 
        {
            "{#DOMAINSSL}": "neweb.me"
        }, 
        {
            "{#DOMAINSSL}": "www.aidedao.com"
        }, 
        {
            "{#DOMAINSSL}": "www.aidedao.com"
        }, 
        {
            "{#DOMAINSSL}": "www.cr601.com"
        }, 
        {
            "{#DOMAINSSL}": "www.cr8601.com"
        }, 
        {
            "{#DOMAINSSL}": "sabongarenas.com"
        }, 
        {
            "{#DOMAINSSL}": "www.sabongarenas.com"
        }
    ]
}
DEBUG 2021-10-14 08:09:05,118 - ####################################################################################################
DEBUG 2021-10-14 08:09:05,124 - DOMAIN DISCOVER
INFO 2021-10-14 08:09:05,124 - {
    "data": [
        {
            "{#DOMAINSSL}": "v2r-hk1.zhubb.top"
        }, 
        {
            "{#DOMAINSSL}": "v2r-hk2.zhubb.top"
        }, 
        {
            "{#DOMAINSSL}": "www.aidedao.com"
        }, 
        {
            "{#DOMAINSSL}": "wsw4.lxzzs.cn"
        }, 
        {
            "{#DOMAINSSL}": "gts4.lxzzs.cn"
        }, 
        {
            "{#DOMAINSSL}": "aaa9409.com"
        }, 
        {
            "{#DOMAINSSL}": "aaa9410.com"
        }, 
        {
            "{#DOMAINSSL}": "neweb.me"
        }, 
        {
            "{#DOMAINSSL}": "www.aidedao.com"
        }, 
        {
            "{#DOMAINSSL}": "www.aidedao.com"
        }, 
        {
            "{#DOMAINSSL}": "www.cr601.com"
        }, 
        {
            "{#DOMAINSSL}": "www.cr8601.com"
        }, 
        {
            "{#DOMAINSSL}": "sabongarenas.com"
        }, 
        {
            "{#DOMAINSSL}": "www.sabongarenas.com"
        }
    ]
}
DEBUG 2021-10-14 09:09:06,371 - ####################################################################################################
DEBUG 2021-10-14 09:09:06,376 - DOMAIN DISCOVER
INFO 2021-10-14 09:09:06,376 - {
    "data": [
        {
            "{#DOMAINSSL}": "v2r-hk1.zhubb.top"
        }, 
        {
            "{#DOMAINSSL}": "v2r-hk2.zhubb.top"
        }, 
        {
            "{#DOMAINSSL}": "www.aidedao.com"
        }, 
        {
            "{#DOMAINSSL}": "wsw4.lxzzs.cn"
        }, 
        {
            "{#DOMAINSSL}": "gts4.lxzzs.cn"
        }, 
        {
            "{#DOMAINSSL}": "aaa9409.com"
        }, 
        {
            "{#DOMAINSSL}": "aaa9410.com"
        }, 
        {
            "{#DOMAINSSL}": "neweb.me"
        }, 
        {
            "{#DOMAINSSL}": "www.aidedao.com"
        }, 
        {
            "{#DOMAINSSL}": "www.aidedao.com"
        }, 
        {
            "{#DOMAINSSL}": "www.cr601.com"
        }, 
        {
            "{#DOMAINSSL}": "www.cr8601.com"
        }, 
        {
            "{#DOMAINSSL}": "sabongarenas.com"
        }, 
        {
            "{#DOMAINSSL}": "www.sabongarenas.com"
        }
    ]
}
DEBUG 2021-10-14 10:09:05,649 - ####################################################################################################
DEBUG 2021-10-14 10:09:05,654 - DOMAIN DISCOVER
INFO 2021-10-14 10:09:05,654 - {
    "data": [
        {
            "{#DOMAINSSL}": "v2r-hk1.zhubb.top"
        }, 
        {
            "{#DOMAINSSL}": "v2r-hk2.zhubb.top"
        }, 
        {
            "{#DOMAINSSL}": "www.aidedao.com"
        }, 
        {
            "{#DOMAINSSL}": "wsw4.lxzzs.cn"
        }, 
        {
            "{#DOMAINSSL}": "gts4.lxzzs.cn"
        }, 
        {
            "{#DOMAINSSL}": "aaa9409.com"
        }, 
        {
            "{#DOMAINSSL}": "aaa9410.com"
        }, 
        {
            "{#DOMAINSSL}": "neweb.me"
        }, 
        {
            "{#DOMAINSSL}": "www.aidedao.com"
        }, 
        {
            "{#DOMAINSSL}": "www.aidedao.com"
        }, 
        {
            "{#DOMAINSSL}": "sabongarenas.com"
        }, 
        {
            "{#DOMAINSSL}": "www.sabongarenas.com"
        }
    ]
}
DEBUG 2021-10-14 11:09:06,148 - ####################################################################################################
DEBUG 2021-10-14 11:09:06,154 - DOMAIN DISCOVER
INFO 2021-10-14 11:09:06,154 - {
    "data": [
        {
            "{#DOMAINSSL}": "v2r-hk1.zhubb.top"
        }, 
        {
            "{#DOMAINSSL}": "v2r-hk2.zhubb.top"
        }, 
        {
            "{#DOMAINSSL}": "www.aidedao.com"
        }, 
        {
            "{#DOMAINSSL}": "wsw4.lxzzs.cn"
        }, 
        {
            "{#DOMAINSSL}": "gts4.lxzzs.cn"
        }, 
        {
            "{#DOMAINSSL}": "aaa9409.com"
        }, 
        {
            "{#DOMAINSSL}": "aaa9410.com"
        }, 
        {
            "{#DOMAINSSL}": "neweb.me"
        }, 
        {
            "{#DOMAINSSL}": "www.aidedao.com"
        }, 
        {
            "{#DOMAINSSL}": "www.aidedao.com"
        }, 
        {
            "{#DOMAINSSL}": "sabongarenas.com"
        }, 
        {
            "{#DOMAINSSL}": "www.sabongarenas.com"
        }
    ]
}
DEBUG 2021-10-14 12:09:07,484 - ####################################################################################################
DEBUG 2021-10-14 12:09:07,491 - DOMAIN DISCOVER
INFO 2021-10-14 12:09:07,491 - {
    "data": [
        {
            "{#DOMAINSSL}": "v2r-hk1.zhubb.top"
        }, 
        {
            "{#DOMAINSSL}": "v2r-hk2.zhubb.top"
        }, 
        {
            "{#DOMAINSSL}": "www.aidedao.com"
        }, 
        {
            "{#DOMAINSSL}": "wsw4.lxzzs.cn"
        }, 
        {
            "{#DOMAINSSL}": "gts4.lxzzs.cn"
        }, 
        {
            "{#DOMAINSSL}": "aaa9409.com"
        }, 
        {
            "{#DOMAINSSL}": "aaa9410.com"
        }, 
        {
            "{#DOMAINSSL}": "neweb.me"
        }, 
        {
            "{#DOMAINSSL}": "www.aidedao.com"
        }, 
        {
            "{#DOMAINSSL}": "www.aidedao.com"
        }, 
        {
            "{#DOMAINSSL}": "sabongarenas.com"
        }, 
        {
            "{#DOMAINSSL}": "www.sabongarenas.com"
        }
    ]
}
DEBUG 2021-10-14 13:09:05,056 - ####################################################################################################
DEBUG 2021-10-14 13:09:05,062 - DOMAIN DISCOVER
INFO 2021-10-14 13:09:05,063 - {
    "data": [
        {
            "{#DOMAINSSL}": "v2r-hk1.zhubb.top"
        }, 
        {
            "{#DOMAINSSL}": "v2r-hk2.zhubb.top"
        }, 
        {
            "{#DOMAINSSL}": "www.aidedao.com"
        }, 
        {
            "{#DOMAINSSL}": "wsw4.lxzzs.cn"
        }, 
        {
            "{#DOMAINSSL}": "gts4.lxzzs.cn"
        }, 
        {
            "{#DOMAINSSL}": "aaa9409.com"
        }, 
        {
            "{#DOMAINSSL}": "aaa9410.com"
        }, 
        {
            "{#DOMAINSSL}": "neweb.me"
        }, 
        {
            "{#DOMAINSSL}": "www.aidedao.com"
        }, 
        {
            "{#DOMAINSSL}": "www.aidedao.com"
        }, 
        {
            "{#DOMAINSSL}": "sabongarenas.com"
        }, 
        {
            "{#DOMAINSSL}": "www.sabongarenas.com"
        }
    ]
}
DEBUG 2021-10-14 14:09:07,690 - ####################################################################################################
DEBUG 2021-10-14 14:09:07,696 - DOMAIN DISCOVER
INFO 2021-10-14 14:09:07,696 - {
    "data": [
        {
            "{#DOMAINSSL}": "v2r-hk1.zhubb.top"
        }, 
        {
            "{#DOMAINSSL}": "v2r-hk2.zhubb.top"
        }, 
        {
            "{#DOMAINSSL}": "www.aidedao.com"
        }, 
        {
            "{#DOMAINSSL}": "wsw4.lxzzs.cn"
        }, 
        {
            "{#DOMAINSSL}": "gts4.lxzzs.cn"
        }, 
        {
            "{#DOMAINSSL}": "aaa9409.com"
        }, 
        {
            "{#DOMAINSSL}": "aaa9410.com"
        }, 
        {
            "{#DOMAINSSL}": "neweb.me"
        }, 
        {
            "{#DOMAINSSL}": "www.aidedao.com"
        }, 
        {
            "{#DOMAINSSL}": "www.aidedao.com"
        }, 
        {
            "{#DOMAINSSL}": "sabongarenas.com"
        }, 
        {
            "{#DOMAINSSL}": "www.sabongarenas.com"
        }
    ]
}
DEBUG 2021-10-14 15:09:07,955 - ####################################################################################################
DEBUG 2021-10-14 15:09:07,962 - DOMAIN DISCOVER
INFO 2021-10-14 15:09:07,962 - {
    "data": [
        {
            "{#DOMAINSSL}": "v2r-hk1.zhubb.top"
        }, 
        {
            "{#DOMAINSSL}": "v2r-hk2.zhubb.top"
        }, 
        {
            "{#DOMAINSSL}": "www.aidedao.com"
        }, 
        {
            "{#DOMAINSSL}": "wsw4.lxzzs.cn"
        }, 
        {
            "{#DOMAINSSL}": "gts4.lxzzs.cn"
        }, 
        {
            "{#DOMAINSSL}": "aaa9409.com"
        }, 
        {
            "{#DOMAINSSL}": "aaa9410.com"
        }, 
        {
            "{#DOMAINSSL}": "neweb.me"
        }, 
        {
            "{#DOMAINSSL}": "www.aidedao.com"
        }, 
        {
            "{#DOMAINSSL}": "www.aidedao.com"
        }, 
        {
            "{#DOMAINSSL}": "sabongarenas.com"
        }, 
        {
            "{#DOMAINSSL}": "www.sabongarenas.com"
        }
    ]
}
DEBUG 2021-10-14 16:09:06,160 - ####################################################################################################
DEBUG 2021-10-14 16:09:06,167 - DOMAIN DISCOVER
INFO 2021-10-14 16:09:06,167 - {
    "data": [
        {
            "{#DOMAINSSL}": "v2r-hk1.zhubb.top"
        }, 
        {
            "{#DOMAINSSL}": "v2r-hk2.zhubb.top"
        }, 
        {
            "{#DOMAINSSL}": "www.aidedao.com"
        }, 
        {
            "{#DOMAINSSL}": "wsw4.lxzzs.cn"
        }, 
        {
            "{#DOMAINSSL}": "gts4.lxzzs.cn"
        }, 
        {
            "{#DOMAINSSL}": "aaa9409.com"
        }, 
        {
            "{#DOMAINSSL}": "aaa9410.com"
        }, 
        {
            "{#DOMAINSSL}": "neweb.me"
        }, 
        {
            "{#DOMAINSSL}": "www.aidedao.com"
        }, 
        {
            "{#DOMAINSSL}": "www.aidedao.com"
        }, 
        {
            "{#DOMAINSSL}": "sabongarenas.com"
        }, 
        {
            "{#DOMAINSSL}": "www.sabongarenas.com"
        }
    ]
}
DEBUG 2021-10-14 17:09:06,799 - ####################################################################################################
DEBUG 2021-10-14 17:09:06,805 - DOMAIN DISCOVER
INFO 2021-10-14 17:09:06,805 - {
    "data": [
        {
            "{#DOMAINSSL}": "v2r-hk1.zhubb.top"
        }, 
        {
            "{#DOMAINSSL}": "v2r-hk2.zhubb.top"
        }, 
        {
            "{#DOMAINSSL}": "www.aidedao.com"
        }, 
        {
            "{#DOMAINSSL}": "wsw4.lxzzs.cn"
        }, 
        {
            "{#DOMAINSSL}": "gts4.lxzzs.cn"
        }, 
        {
            "{#DOMAINSSL}": "aaa9409.com"
        }, 
        {
            "{#DOMAINSSL}": "aaa9410.com"
        }, 
        {
            "{#DOMAINSSL}": "neweb.me"
        }, 
        {
            "{#DOMAINSSL}": "www.aidedao.com"
        }, 
        {
            "{#DOMAINSSL}": "www.aidedao.com"
        }, 
        {
            "{#DOMAINSSL}": "sabongarenas.com"
        }, 
        {
            "{#DOMAINSSL}": "www.sabongarenas.com"
        }
    ]
}
DEBUG 2021-10-14 18:09:05,317 - ####################################################################################################
DEBUG 2021-10-14 18:09:05,323 - DOMAIN DISCOVER
INFO 2021-10-14 18:09:05,323 - {
    "data": [
        {
            "{#DOMAINSSL}": "v2r-hk1.zhubb.top"
        }, 
        {
            "{#DOMAINSSL}": "v2r-hk2.zhubb.top"
        }, 
        {
            "{#DOMAINSSL}": "www.aidedao.com"
        }, 
        {
            "{#DOMAINSSL}": "wsw4.lxzzs.cn"
        }, 
        {
            "{#DOMAINSSL}": "gts4.lxzzs.cn"
        }, 
        {
            "{#DOMAINSSL}": "aaa9409.com"
        }, 
        {
            "{#DOMAINSSL}": "aaa9410.com"
        }, 
        {
            "{#DOMAINSSL}": "neweb.me"
        }, 
        {
            "{#DOMAINSSL}": "www.aidedao.com"
        }, 
        {
            "{#DOMAINSSL}": "www.aidedao.com"
        }, 
        {
            "{#DOMAINSSL}": "sabongarenas.com"
        }, 
        {
            "{#DOMAINSSL}": "www.sabongarenas.com"
        }
    ]
}
DEBUG 2021-10-14 19:09:06,835 - ####################################################################################################
DEBUG 2021-10-14 19:09:06,840 - DOMAIN DISCOVER
INFO 2021-10-14 19:09:06,841 - {
    "data": [
        {
            "{#DOMAINSSL}": "v2r-hk1.zhubb.top"
        }, 
        {
            "{#DOMAINSSL}": "v2r-hk2.zhubb.top"
        }, 
        {
            "{#DOMAINSSL}": "www.aidedao.com"
        }, 
        {
            "{#DOMAINSSL}": "wsw4.lxzzs.cn"
        }, 
        {
            "{#DOMAINSSL}": "gts4.lxzzs.cn"
        }, 
        {
            "{#DOMAINSSL}": "aaa9409.com"
        }, 
        {
            "{#DOMAINSSL}": "aaa9410.com"
        }, 
        {
            "{#DOMAINSSL}": "neweb.me"
        }, 
        {
            "{#DOMAINSSL}": "www.aidedao.com"
        }, 
        {
            "{#DOMAINSSL}": "www.aidedao.com"
        }, 
        {
            "{#DOMAINSSL}": "sabongarenas.com"
        }, 
        {
            "{#DOMAINSSL}": "www.sabongarenas.com"
        }
    ]
}
DEBUG 2021-10-14 20:09:06,004 - ####################################################################################################
DEBUG 2021-10-14 20:09:06,010 - DOMAIN DISCOVER
INFO 2021-10-14 20:09:06,011 - {
    "data": [
        {
            "{#DOMAINSSL}": "v2r-hk1.zhubb.top"
        }, 
        {
            "{#DOMAINSSL}": "v2r-hk2.zhubb.top"
        }, 
        {
            "{#DOMAINSSL}": "www.aidedao.com"
        }, 
        {
            "{#DOMAINSSL}": "wsw4.lxzzs.cn"
        }, 
        {
            "{#DOMAINSSL}": "gts4.lxzzs.cn"
        }, 
        {
            "{#DOMAINSSL}": "aaa9409.com"
        }, 
        {
            "{#DOMAINSSL}": "aaa9410.com"
        }, 
        {
            "{#DOMAINSSL}": "neweb.me"
        }, 
        {
            "{#DOMAINSSL}": "www.aidedao.com"
        }, 
        {
            "{#DOMAINSSL}": "www.aidedao.com"
        }, 
        {
            "{#DOMAINSSL}": "sabongarenas.com"
        }, 
        {
            "{#DOMAINSSL}": "www.sabongarenas.com"
        }
    ]
}
DEBUG 2021-10-14 21:09:07,541 - ####################################################################################################
DEBUG 2021-10-14 21:09:07,547 - DOMAIN DISCOVER
INFO 2021-10-14 21:09:07,547 - {
    "data": [
        {
            "{#DOMAINSSL}": "v2r-hk1.zhubb.top"
        }, 
        {
            "{#DOMAINSSL}": "v2r-hk2.zhubb.top"
        }, 
        {
            "{#DOMAINSSL}": "www.aidedao.com"
        }, 
        {
            "{#DOMAINSSL}": "wsw4.lxzzs.cn"
        }, 
        {
            "{#DOMAINSSL}": "gts4.lxzzs.cn"
        }, 
        {
            "{#DOMAINSSL}": "aaa9409.com"
        }, 
        {
            "{#DOMAINSSL}": "aaa9410.com"
        }, 
        {
            "{#DOMAINSSL}": "neweb.me"
        }, 
        {
            "{#DOMAINSSL}": "www.aidedao.com"
        }, 
        {
            "{#DOMAINSSL}": "www.aidedao.com"
        }, 
        {
            "{#DOMAINSSL}": "sabongarenas.com"
        }, 
        {
            "{#DOMAINSSL}": "www.sabongarenas.com"
        }
    ]
}
DEBUG 2021-10-14 22:09:06,203 - ####################################################################################################
DEBUG 2021-10-14 22:09:06,209 - DOMAIN DISCOVER
INFO 2021-10-14 22:09:06,210 - {
    "data": [
        {
            "{#DOMAINSSL}": "v2r-hk1.zhubb.top"
        }, 
        {
            "{#DOMAINSSL}": "v2r-hk2.zhubb.top"
        }, 
        {
            "{#DOMAINSSL}": "www.aidedao.com"
        }, 
        {
            "{#DOMAINSSL}": "wsw4.lxzzs.cn"
        }, 
        {
            "{#DOMAINSSL}": "gts4.lxzzs.cn"
        }, 
        {
            "{#DOMAINSSL}": "aaa9409.com"
        }, 
        {
            "{#DOMAINSSL}": "aaa9410.com"
        }, 
        {
            "{#DOMAINSSL}": "neweb.me"
        }, 
        {
            "{#DOMAINSSL}": "www.aidedao.com"
        }, 
        {
            "{#DOMAINSSL}": "www.aidedao.com"
        }, 
        {
            "{#DOMAINSSL}": "sabongarenas.com"
        }, 
        {
            "{#DOMAINSSL}": "www.sabongarenas.com"
        }
    ]
}
DEBUG 2021-10-14 23:09:07,615 - ####################################################################################################
DEBUG 2021-10-14 23:09:07,621 - DOMAIN DISCOVER
INFO 2021-10-14 23:09:07,621 - {
    "data": [
        {
            "{#DOMAINSSL}": "v2r-hk1.zhubb.top"
        }, 
        {
            "{#DOMAINSSL}": "v2r-hk2.zhubb.top"
        }, 
        {
            "{#DOMAINSSL}": "www.aidedao.com"
        }, 
        {
            "{#DOMAINSSL}": "wsw4.lxzzs.cn"
        }, 
        {
            "{#DOMAINSSL}": "gts4.lxzzs.cn"
        }, 
        {
            "{#DOMAINSSL}": "aaa9409.com"
        }, 
        {
            "{#DOMAINSSL}": "aaa9410.com"
        }, 
        {
            "{#DOMAINSSL}": "neweb.me"
        }, 
        {
            "{#DOMAINSSL}": "www.aidedao.com"
        }, 
        {
            "{#DOMAINSSL}": "www.aidedao.com"
        }, 
        {
            "{#DOMAINSSL}": "sabongarenas.com"
        }, 
        {
            "{#DOMAINSSL}": "www.sabongarenas.com"
        }
    ]
}
