DEBUG 2021-10-23 00:09:08,980 - ####################################################################################################
DEBUG 2021-10-23 00:09:08,985 - DOMAIN DISCOVER
INFO 2021-10-23 00:09:08,985 - {
    "data": [
        {
            "{#DOMAINSSL}": "mg.snapplog.com"
        }, 
        {
            "{#DOMAINSSL}": "jubolai.com"
        }, 
        {
            "{#DOMAINSSL}": "mgb.snapplog.com"
        }, 
        {
            "{#DOMAINSSL}": "mgbtest.snapplog.com"
        }, 
        {
            "{#DOMAINSSL}": "vpn19.com"
        }, 
        {
            "{#DOMAINSSL}": "jiabbo98.net"
        }, 
        {
            "{#DOMAINSSL}": "jiabo28.net"
        }, 
        {
            "{#DOMAINSSL}": "gstechhk.com"
        }, 
        {
            "{#DOMAINSSL}": "yishengbet.com"
        }
    ]
}
DEBUG 2021-10-23 01:09:06,024 - ####################################################################################################
DEBUG 2021-10-23 01:09:06,030 - DOMAIN DISCOVER
INFO 2021-10-23 01:09:06,030 - {
    "data": [
        {
            "{#DOMAINSSL}": "mg.snapplog.com"
        }, 
        {
            "{#DOMAINSSL}": "jubolai.com"
        }, 
        {
            "{#DOMAINSSL}": "mgb.snapplog.com"
        }, 
        {
            "{#DOMAINSSL}": "mgbtest.snapplog.com"
        }, 
        {
            "{#DOMAINSSL}": "vpn19.com"
        }, 
        {
            "{#DOMAINSSL}": "jiabbo98.net"
        }, 
        {
            "{#DOMAINSSL}": "jiabo28.net"
        }, 
        {
            "{#DOMAINSSL}": "gstechhk.com"
        }, 
        {
            "{#DOMAINSSL}": "yishengbet.com"
        }
    ]
}
DEBUG 2021-10-23 02:09:07,488 - ####################################################################################################
DEBUG 2021-10-23 02:09:07,494 - DOMAIN DISCOVER
INFO 2021-10-23 02:09:07,495 - {
    "data": [
        {
            "{#DOMAINSSL}": "mg.snapplog.com"
        }, 
        {
            "{#DOMAINSSL}": "jubolai.com"
        }, 
        {
            "{#DOMAINSSL}": "mgb.snapplog.com"
        }, 
        {
            "{#DOMAINSSL}": "mgbtest.snapplog.com"
        }, 
        {
            "{#DOMAINSSL}": "vpn19.com"
        }, 
        {
            "{#DOMAINSSL}": "jiabbo98.net"
        }, 
        {
            "{#DOMAINSSL}": "jiabo28.net"
        }, 
        {
            "{#DOMAINSSL}": "gstechhk.com"
        }, 
        {
            "{#DOMAINSSL}": "yishengbet.com"
        }
    ]
}
DEBUG 2021-10-23 03:09:08,647 - ####################################################################################################
DEBUG 2021-10-23 03:09:08,653 - DOMAIN DISCOVER
INFO 2021-10-23 03:09:08,653 - {
    "data": [
        {
            "{#DOMAINSSL}": "mg.snapplog.com"
        }, 
        {
            "{#DOMAINSSL}": "jubolai.com"
        }, 
        {
            "{#DOMAINSSL}": "mgb.snapplog.com"
        }, 
        {
            "{#DOMAINSSL}": "mgbtest.snapplog.com"
        }, 
        {
            "{#DOMAINSSL}": "vpn19.com"
        }, 
        {
            "{#DOMAINSSL}": "jiabbo98.net"
        }, 
        {
            "{#DOMAINSSL}": "jiabo28.net"
        }, 
        {
            "{#DOMAINSSL}": "gstechhk.com"
        }, 
        {
            "{#DOMAINSSL}": "yishengbet.com"
        }
    ]
}
DEBUG 2021-10-23 04:09:07,177 - ####################################################################################################
DEBUG 2021-10-23 04:09:07,183 - DOMAIN DISCOVER
INFO 2021-10-23 04:09:07,183 - {
    "data": [
        {
            "{#DOMAINSSL}": "mg.snapplog.com"
        }, 
        {
            "{#DOMAINSSL}": "jubolai.com"
        }, 
        {
            "{#DOMAINSSL}": "mgb.snapplog.com"
        }, 
        {
            "{#DOMAINSSL}": "mgbtest.snapplog.com"
        }, 
        {
            "{#DOMAINSSL}": "vpn19.com"
        }, 
        {
            "{#DOMAINSSL}": "jiabbo98.net"
        }, 
        {
            "{#DOMAINSSL}": "jiabo28.net"
        }, 
        {
            "{#DOMAINSSL}": "gstechhk.com"
        }, 
        {
            "{#DOMAINSSL}": "yishengbet.com"
        }
    ]
}
DEBUG 2021-10-23 05:09:06,201 - ####################################################################################################
DEBUG 2021-10-23 05:09:06,207 - DOMAIN DISCOVER
INFO 2021-10-23 05:09:06,208 - {
    "data": [
        {
            "{#DOMAINSSL}": "mg.snapplog.com"
        }, 
        {
            "{#DOMAINSSL}": "138eu.net"
        }, 
        {
            "{#DOMAINSSL}": "jubolai.com"
        }, 
        {
            "{#DOMAINSSL}": "eu7.com"
        }, 
        {
            "{#DOMAINSSL}": "mgb.snapplog.com"
        }, 
        {
            "{#DOMAINSSL}": "mgbtest.snapplog.com"
        }, 
        {
            "{#DOMAINSSL}": "vpn19.com"
        }, 
        {
            "{#DOMAINSSL}": "jiabbo98.net"
        }, 
        {
            "{#DOMAINSSL}": "jiabo28.net"
        }, 
        {
            "{#DOMAINSSL}": "gstechhk.com"
        }, 
        {
            "{#DOMAINSSL}": "yishengbet.com"
        }
    ]
}
DEBUG 2021-10-23 06:09:07,542 - ####################################################################################################
DEBUG 2021-10-23 06:09:07,548 - DOMAIN DISCOVER
INFO 2021-10-23 06:09:07,549 - {
    "data": [
        {
            "{#DOMAINSSL}": "mg.snapplog.com"
        }, 
        {
            "{#DOMAINSSL}": "jubolai.com"
        }, 
        {
            "{#DOMAINSSL}": "mgb.snapplog.com"
        }, 
        {
            "{#DOMAINSSL}": "mgbtest.snapplog.com"
        }, 
        {
            "{#DOMAINSSL}": "vpn19.com"
        }, 
        {
            "{#DOMAINSSL}": "jiabbo98.net"
        }, 
        {
            "{#DOMAINSSL}": "jiabo28.net"
        }, 
        {
            "{#DOMAINSSL}": "gstechhk.com"
        }, 
        {
            "{#DOMAINSSL}": "yishengbet.com"
        }
    ]
}
DEBUG 2021-10-23 07:09:08,343 - ####################################################################################################
DEBUG 2021-10-23 07:09:08,349 - DOMAIN DISCOVER
INFO 2021-10-23 07:09:08,349 - {
    "data": [
        {
            "{#DOMAINSSL}": "mg.snapplog.com"
        }, 
        {
            "{#DOMAINSSL}": "jubolai.com"
        }, 
        {
            "{#DOMAINSSL}": "mgb.snapplog.com"
        }, 
        {
            "{#DOMAINSSL}": "mgbtest.snapplog.com"
        }, 
        {
            "{#DOMAINSSL}": "vpn19.com"
        }, 
        {
            "{#DOMAINSSL}": "jiabbo98.net"
        }, 
        {
            "{#DOMAINSSL}": "jiabo28.net"
        }, 
        {
            "{#DOMAINSSL}": "gstechhk.com"
        }, 
        {
            "{#DOMAINSSL}": "yishengbet.com"
        }
    ]
}
DEBUG 2021-10-23 08:09:08,588 - ####################################################################################################
DEBUG 2021-10-23 08:09:08,594 - DOMAIN DISCOVER
INFO 2021-10-23 08:09:08,594 - {
    "data": [
        {
            "{#DOMAINSSL}": "mg.snapplog.com"
        }, 
        {
            "{#DOMAINSSL}": "jubolai.com"
        }, 
        {
            "{#DOMAINSSL}": "mgb.snapplog.com"
        }, 
        {
            "{#DOMAINSSL}": "mgbtest.snapplog.com"
        }, 
        {
            "{#DOMAINSSL}": "vpn19.com"
        }, 
        {
            "{#DOMAINSSL}": "jiabbo98.net"
        }, 
        {
            "{#DOMAINSSL}": "jiabo28.net"
        }, 
        {
            "{#DOMAINSSL}": "gstechhk.com"
        }, 
        {
            "{#DOMAINSSL}": "yishengbet.com"
        }
    ]
}
DEBUG 2021-10-23 09:09:09,012 - ####################################################################################################
DEBUG 2021-10-23 09:09:09,018 - DOMAIN DISCOVER
INFO 2021-10-23 09:09:09,018 - {
    "data": [
        {
            "{#DOMAINSSL}": "mg.snapplog.com"
        }, 
        {
            "{#DOMAINSSL}": "jubolai.com"
        }, 
        {
            "{#DOMAINSSL}": "mgb.snapplog.com"
        }, 
        {
            "{#DOMAINSSL}": "mgbtest.snapplog.com"
        }, 
        {
            "{#DOMAINSSL}": "vpn19.com"
        }, 
        {
            "{#DOMAINSSL}": "jiabbo98.net"
        }, 
        {
            "{#DOMAINSSL}": "jiabo28.net"
        }, 
        {
            "{#DOMAINSSL}": "gstechhk.com"
        }, 
        {
            "{#DOMAINSSL}": "yishengbet.com"
        }
    ]
}
DEBUG 2021-10-23 10:09:08,542 - ####################################################################################################
DEBUG 2021-10-23 10:09:08,548 - DOMAIN DISCOVER
INFO 2021-10-23 10:09:08,549 - {
    "data": [
        {
            "{#DOMAINSSL}": "mg.snapplog.com"
        }, 
        {
            "{#DOMAINSSL}": "jubolai.com"
        }, 
        {
            "{#DOMAINSSL}": "mgb.snapplog.com"
        }, 
        {
            "{#DOMAINSSL}": "mgbtest.snapplog.com"
        }, 
        {
            "{#DOMAINSSL}": "vpn19.com"
        }, 
        {
            "{#DOMAINSSL}": "jiabbo98.net"
        }, 
        {
            "{#DOMAINSSL}": "jiabo28.net"
        }, 
        {
            "{#DOMAINSSL}": "gstechhk.com"
        }, 
        {
            "{#DOMAINSSL}": "yishengbet.com"
        }
    ]
}
DEBUG 2021-10-23 11:09:08,972 - ####################################################################################################
DEBUG 2021-10-23 11:09:08,979 - DOMAIN DISCOVER
INFO 2021-10-23 11:09:08,979 - {
    "data": [
        {
            "{#DOMAINSSL}": "mg.snapplog.com"
        }, 
        {
            "{#DOMAINSSL}": "jubolai.com"
        }, 
        {
            "{#DOMAINSSL}": "mgb.snapplog.com"
        }, 
        {
            "{#DOMAINSSL}": "mgbtest.snapplog.com"
        }, 
        {
            "{#DOMAINSSL}": "vpn19.com"
        }, 
        {
            "{#DOMAINSSL}": "jiabbo98.net"
        }, 
        {
            "{#DOMAINSSL}": "jiabo28.net"
        }, 
        {
            "{#DOMAINSSL}": "gstechhk.com"
        }, 
        {
            "{#DOMAINSSL}": "yishengbet.com"
        }
    ]
}
DEBUG 2021-10-23 12:09:08,487 - ####################################################################################################
DEBUG 2021-10-23 12:09:08,493 - DOMAIN DISCOVER
INFO 2021-10-23 12:09:08,493 - {
    "data": [
        {
            "{#DOMAINSSL}": "mg.snapplog.com"
        }, 
        {
            "{#DOMAINSSL}": "jubolai.com"
        }, 
        {
            "{#DOMAINSSL}": "mgb.snapplog.com"
        }, 
        {
            "{#DOMAINSSL}": "mgbtest.snapplog.com"
        }, 
        {
            "{#DOMAINSSL}": "vpn19.com"
        }, 
        {
            "{#DOMAINSSL}": "jiabbo98.net"
        }, 
        {
            "{#DOMAINSSL}": "jiabo28.net"
        }, 
        {
            "{#DOMAINSSL}": "gstechhk.com"
        }, 
        {
            "{#DOMAINSSL}": "yishengbet.com"
        }
    ]
}
DEBUG 2021-10-23 13:09:07,334 - ####################################################################################################
DEBUG 2021-10-23 13:09:07,340 - DOMAIN DISCOVER
INFO 2021-10-23 13:09:07,341 - {
    "data": [
        {
            "{#DOMAINSSL}": "mg.snapplog.com"
        }, 
        {
            "{#DOMAINSSL}": "jubolai.com"
        }, 
        {
            "{#DOMAINSSL}": "mgb.snapplog.com"
        }, 
        {
            "{#DOMAINSSL}": "mgbtest.snapplog.com"
        }, 
        {
            "{#DOMAINSSL}": "vpn19.com"
        }, 
        {
            "{#DOMAINSSL}": "jiabbo98.net"
        }, 
        {
            "{#DOMAINSSL}": "jiabo28.net"
        }, 
        {
            "{#DOMAINSSL}": "gstechhk.com"
        }, 
        {
            "{#DOMAINSSL}": "yishengbet.com"
        }
    ]
}
DEBUG 2021-10-23 14:09:09,111 - ####################################################################################################
DEBUG 2021-10-23 14:09:09,118 - DOMAIN DISCOVER
INFO 2021-10-23 14:09:09,118 - {
    "data": [
        {
            "{#DOMAINSSL}": "mg.snapplog.com"
        }, 
        {
            "{#DOMAINSSL}": "jubolai.com"
        }, 
        {
            "{#DOMAINSSL}": "mgb.snapplog.com"
        }, 
        {
            "{#DOMAINSSL}": "mgbtest.snapplog.com"
        }, 
        {
            "{#DOMAINSSL}": "vpn19.com"
        }, 
        {
            "{#DOMAINSSL}": "jiabbo98.net"
        }, 
        {
            "{#DOMAINSSL}": "jiabo28.net"
        }, 
        {
            "{#DOMAINSSL}": "gstechhk.com"
        }, 
        {
            "{#DOMAINSSL}": "yishengbet.com"
        }
    ]
}
DEBUG 2021-10-23 15:09:10,530 - ####################################################################################################
DEBUG 2021-10-23 15:09:10,535 - DOMAIN DISCOVER
INFO 2021-10-23 15:09:10,535 - {
    "data": [
        {
            "{#DOMAINSSL}": "mg.snapplog.com"
        }, 
        {
            "{#DOMAINSSL}": "jubolai.com"
        }, 
        {
            "{#DOMAINSSL}": "mgb.snapplog.com"
        }, 
        {
            "{#DOMAINSSL}": "mgbtest.snapplog.com"
        }, 
        {
            "{#DOMAINSSL}": "vpn19.com"
        }, 
        {
            "{#DOMAINSSL}": "jiabbo98.net"
        }, 
        {
            "{#DOMAINSSL}": "jiabo28.net"
        }, 
        {
            "{#DOMAINSSL}": "gstechhk.com"
        }, 
        {
            "{#DOMAINSSL}": "yishengbet.com"
        }
    ]
}
DEBUG 2021-10-23 16:09:08,901 - ####################################################################################################
DEBUG 2021-10-23 16:09:08,906 - DOMAIN DISCOVER
INFO 2021-10-23 16:09:08,907 - {
    "data": [
        {
            "{#DOMAINSSL}": "mg.snapplog.com"
        }, 
        {
            "{#DOMAINSSL}": "jubolai.com"
        }, 
        {
            "{#DOMAINSSL}": "mgb.snapplog.com"
        }, 
        {
            "{#DOMAINSSL}": "mgbtest.snapplog.com"
        }, 
        {
            "{#DOMAINSSL}": "vpn19.com"
        }, 
        {
            "{#DOMAINSSL}": "jiabbo98.net"
        }, 
        {
            "{#DOMAINSSL}": "jiabo28.net"
        }, 
        {
            "{#DOMAINSSL}": "gstechhk.com"
        }, 
        {
            "{#DOMAINSSL}": "yishengbet.com"
        }
    ]
}
DEBUG 2021-10-23 17:09:08,672 - ####################################################################################################
DEBUG 2021-10-23 17:09:08,678 - DOMAIN DISCOVER
INFO 2021-10-23 17:09:08,678 - {
    "data": [
        {
            "{#DOMAINSSL}": "mg.snapplog.com"
        }, 
        {
            "{#DOMAINSSL}": "jubolai.com"
        }, 
        {
            "{#DOMAINSSL}": "mgb.snapplog.com"
        }, 
        {
            "{#DOMAINSSL}": "mgbtest.snapplog.com"
        }, 
        {
            "{#DOMAINSSL}": "vpn19.com"
        }, 
        {
            "{#DOMAINSSL}": "jiabbo98.net"
        }, 
        {
            "{#DOMAINSSL}": "jiabo28.net"
        }, 
        {
            "{#DOMAINSSL}": "gstechhk.com"
        }, 
        {
            "{#DOMAINSSL}": "yishengbet.com"
        }
    ]
}
DEBUG 2021-10-23 18:09:09,470 - ####################################################################################################
DEBUG 2021-10-23 18:09:09,477 - DOMAIN DISCOVER
INFO 2021-10-23 18:09:09,477 - {
    "data": [
        {
            "{#DOMAINSSL}": "mg.snapplog.com"
        }, 
        {
            "{#DOMAINSSL}": "jubolai.com"
        }, 
        {
            "{#DOMAINSSL}": "mgb.snapplog.com"
        }, 
        {
            "{#DOMAINSSL}": "mgbtest.snapplog.com"
        }, 
        {
            "{#DOMAINSSL}": "vpn19.com"
        }, 
        {
            "{#DOMAINSSL}": "jiabbo98.net"
        }, 
        {
            "{#DOMAINSSL}": "jiabo28.net"
        }, 
        {
            "{#DOMAINSSL}": "gstechhk.com"
        }, 
        {
            "{#DOMAINSSL}": "yishengbet.com"
        }
    ]
}
DEBUG 2021-10-23 19:09:03,734 - ####################################################################################################
DEBUG 2021-10-23 19:09:03,741 - DOMAIN DISCOVER
INFO 2021-10-23 19:09:03,742 - {
    "data": [
        {
            "{#DOMAINSSL}": "mg.snapplog.com"
        }, 
        {
            "{#DOMAINSSL}": "jubolai.com"
        }, 
        {
            "{#DOMAINSSL}": "mgb.snapplog.com"
        }, 
        {
            "{#DOMAINSSL}": "mgbtest.snapplog.com"
        }, 
        {
            "{#DOMAINSSL}": "vpn19.com"
        }, 
        {
            "{#DOMAINSSL}": "jiabbo98.net"
        }, 
        {
            "{#DOMAINSSL}": "jiabo28.net"
        }, 
        {
            "{#DOMAINSSL}": "gstechhk.com"
        }, 
        {
            "{#DOMAINSSL}": "yishengbet.com"
        }
    ]
}
DEBUG 2021-10-23 20:09:08,566 - ####################################################################################################
DEBUG 2021-10-23 20:09:08,572 - DOMAIN DISCOVER
INFO 2021-10-23 20:09:08,572 - {
    "data": [
        {
            "{#DOMAINSSL}": "mg.snapplog.com"
        }, 
        {
            "{#DOMAINSSL}": "jubolai.com"
        }, 
        {
            "{#DOMAINSSL}": "mgb.snapplog.com"
        }, 
        {
            "{#DOMAINSSL}": "mgbtest.snapplog.com"
        }, 
        {
            "{#DOMAINSSL}": "vpn19.com"
        }, 
        {
            "{#DOMAINSSL}": "jiabbo98.net"
        }, 
        {
            "{#DOMAINSSL}": "jiabo28.net"
        }, 
        {
            "{#DOMAINSSL}": "gstechhk.com"
        }, 
        {
            "{#DOMAINSSL}": "yishengbet.com"
        }
    ]
}
DEBUG 2021-10-23 21:09:04,590 - ####################################################################################################
DEBUG 2021-10-23 21:09:04,596 - DOMAIN DISCOVER
INFO 2021-10-23 21:09:04,597 - {
    "data": [
        {
            "{#DOMAINSSL}": "mg.snapplog.com"
        }, 
        {
            "{#DOMAINSSL}": "jubolai.com"
        }, 
        {
            "{#DOMAINSSL}": "mgb.snapplog.com"
        }, 
        {
            "{#DOMAINSSL}": "mgbtest.snapplog.com"
        }, 
        {
            "{#DOMAINSSL}": "vpn19.com"
        }, 
        {
            "{#DOMAINSSL}": "jiabbo98.net"
        }, 
        {
            "{#DOMAINSSL}": "jiabo28.net"
        }, 
        {
            "{#DOMAINSSL}": "gstechhk.com"
        }, 
        {
            "{#DOMAINSSL}": "yishengbet.com"
        }
    ]
}
DEBUG 2021-10-23 22:09:09,255 - ####################################################################################################
DEBUG 2021-10-23 22:09:09,261 - DOMAIN DISCOVER
INFO 2021-10-23 22:09:09,261 - {
    "data": [
        {
            "{#DOMAINSSL}": "mg.snapplog.com"
        }, 
        {
            "{#DOMAINSSL}": "jubolai.com"
        }, 
        {
            "{#DOMAINSSL}": "mgb.snapplog.com"
        }, 
        {
            "{#DOMAINSSL}": "mgbtest.snapplog.com"
        }, 
        {
            "{#DOMAINSSL}": "vpn19.com"
        }, 
        {
            "{#DOMAINSSL}": "jiabbo98.net"
        }, 
        {
            "{#DOMAINSSL}": "jiabo28.net"
        }, 
        {
            "{#DOMAINSSL}": "gstechhk.com"
        }, 
        {
            "{#DOMAINSSL}": "yishengbet.com"
        }
    ]
}
DEBUG 2021-10-23 23:09:09,751 - ####################################################################################################
DEBUG 2021-10-23 23:09:09,757 - DOMAIN DISCOVER
INFO 2021-10-23 23:09:09,757 - {
    "data": [
        {
            "{#DOMAINSSL}": "mg.snapplog.com"
        }, 
        {
            "{#DOMAINSSL}": "jubolai.com"
        }, 
        {
            "{#DOMAINSSL}": "mgb.snapplog.com"
        }, 
        {
            "{#DOMAINSSL}": "mgbtest.snapplog.com"
        }, 
        {
            "{#DOMAINSSL}": "vpn19.com"
        }, 
        {
            "{#DOMAINSSL}": "jiabbo98.net"
        }, 
        {
            "{#DOMAINSSL}": "jiabo28.net"
        }, 
        {
            "{#DOMAINSSL}": "gstechhk.com"
        }, 
        {
            "{#DOMAINSSL}": "yishengbet.com"
        }
    ]
}
