DEBUG 2021-06-20 00:08:48,211 - ####################################################################################################
DEBUG 2021-06-20 00:08:48,217 - DOMAIN DISCOVER
INFO 2021-06-20 00:08:48,217 - {
    "data": [
        {
            "{#DOMAINSSL}": "hujidi.com"
        }, 
        {
            "{#DOMAINSSL}": "www.asiaroutes.com"
        }, 
        {
            "{#DOMAINSSL}": "www.asiaroutes.com"
        }
    ]
}
DEBUG 2021-06-20 01:08:49,217 - ####################################################################################################
DEBUG 2021-06-20 01:08:49,223 - DOMAIN DISCOVER
INFO 2021-06-20 01:08:49,223 - {
    "data": [
        {
            "{#DOMAINSSL}": "hujidi.com"
        }, 
        {
            "{#DOMAINSSL}": "www.asiaroutes.com"
        }, 
        {
            "{#DOMAINSSL}": "www.asiaroutes.com"
        }
    ]
}
DEBUG 2021-06-20 02:08:47,316 - ####################################################################################################
DEBUG 2021-06-20 02:08:47,322 - DOMAIN DISCOVER
INFO 2021-06-20 02:08:47,322 - {
    "data": [
        {
            "{#DOMAINSSL}": "hujidi.com"
        }, 
        {
            "{#DOMAINSSL}": "www.asiaroutes.com"
        }, 
        {
            "{#DOMAINSSL}": "www.asiaroutes.com"
        }
    ]
}
DEBUG 2021-06-20 03:08:52,084 - ####################################################################################################
DEBUG 2021-06-20 03:08:52,091 - DOMAIN DISCOVER
INFO 2021-06-20 03:08:52,091 - {
    "data": [
        {
            "{#DOMAINSSL}": "hujidi.com"
        }, 
        {
            "{#DOMAINSSL}": "www.asiaroutes.com"
        }, 
        {
            "{#DOMAINSSL}": "www.asiaroutes.com"
        }
    ]
}
DEBUG 2021-06-20 04:08:56,996 - ####################################################################################################
DEBUG 2021-06-20 04:08:57,002 - DOMAIN DISCOVER
INFO 2021-06-20 04:08:57,002 - {
    "data": [
        {
            "{#DOMAINSSL}": "hujidi.com"
        }, 
        {
            "{#DOMAINSSL}": "www.asiaroutes.com"
        }, 
        {
            "{#DOMAINSSL}": "www.asiaroutes.com"
        }
    ]
}
DEBUG 2021-06-20 05:08:51,335 - ####################################################################################################
DEBUG 2021-06-20 05:08:51,341 - DOMAIN DISCOVER
INFO 2021-06-20 05:08:51,341 - {
    "data": [
        {
            "{#DOMAINSSL}": "hujidi.com"
        }, 
        {
            "{#DOMAINSSL}": "jiabo99.com"
        }, 
        {
            "{#DOMAINSSL}": "hkc.glzhan.cn"
        }, 
        {
            "{#DOMAINSSL}": "www.asiaroutes.com"
        }, 
        {
            "{#DOMAINSSL}": "www.asiaroutes.com"
        }
    ]
}
DEBUG 2021-06-20 06:08:48,716 - ####################################################################################################
DEBUG 2021-06-20 06:08:48,721 - DOMAIN DISCOVER
INFO 2021-06-20 06:08:48,721 - {
    "data": [
        {
            "{#DOMAINSSL}": "eu708.com"
        }, 
        {
            "{#DOMAINSSL}": "xt090.com"
        }, 
        {
            "{#DOMAINSSL}": "api.hotmeo.cn"
        }, 
        {
            "{#DOMAINSSL}": "hujidi.com"
        }, 
        {
            "{#DOMAINSSL}": "www.asiaroutes.com"
        }, 
        {
            "{#DOMAINSSL}": "www.asiaroutes.com"
        }
    ]
}
DEBUG 2021-06-20 07:08:47,039 - ####################################################################################################
DEBUG 2021-06-20 07:08:47,045 - DOMAIN DISCOVER
INFO 2021-06-20 07:08:47,046 - {
    "data": [
        {
            "{#DOMAINSSL}": "hujidi.com"
        }, 
        {
            "{#DOMAINSSL}": "www.asiaroutes.com"
        }, 
        {
            "{#DOMAINSSL}": "www.asiaroutes.com"
        }
    ]
}
DEBUG 2021-06-20 08:08:48,960 - ####################################################################################################
DEBUG 2021-06-20 08:08:48,967 - DOMAIN DISCOVER
INFO 2021-06-20 08:08:48,968 - {
    "data": [
        {
            "{#DOMAINSSL}": "hujidi.com"
        }, 
        {
            "{#DOMAINSSL}": "www.asiaroutes.com"
        }, 
        {
            "{#DOMAINSSL}": "www.asiaroutes.com"
        }
    ]
}
DEBUG 2021-06-20 09:08:46,288 - ####################################################################################################
DEBUG 2021-06-20 09:08:46,293 - DOMAIN DISCOVER
INFO 2021-06-20 09:08:46,294 - {
    "data": [
        {
            "{#DOMAINSSL}": "hujidi.com"
        }, 
        {
            "{#DOMAINSSL}": "www.asiaroutes.com"
        }, 
        {
            "{#DOMAINSSL}": "www.asiaroutes.com"
        }
    ]
}
DEBUG 2021-06-20 10:08:46,567 - ####################################################################################################
DEBUG 2021-06-20 10:08:46,574 - DOMAIN DISCOVER
INFO 2021-06-20 10:08:46,574 - {
    "data": [
        {
            "{#DOMAINSSL}": "hujidi.com"
        }, 
        {
            "{#DOMAINSSL}": "www.asiaroutes.com"
        }, 
        {
            "{#DOMAINSSL}": "www.asiaroutes.com"
        }
    ]
}
DEBUG 2021-06-20 11:08:47,995 - ####################################################################################################
DEBUG 2021-06-20 11:08:48,002 - DOMAIN DISCOVER
INFO 2021-06-20 11:08:48,002 - {
    "data": [
        {
            "{#DOMAINSSL}": "hujidi.com"
        }, 
        {
            "{#DOMAINSSL}": "www.asiaroutes.com"
        }, 
        {
            "{#DOMAINSSL}": "www.asiaroutes.com"
        }
    ]
}
DEBUG 2021-06-20 12:08:46,735 - ####################################################################################################
DEBUG 2021-06-20 12:08:46,741 - DOMAIN DISCOVER
INFO 2021-06-20 12:08:46,741 - {
    "data": [
        {
            "{#DOMAINSSL}": "hujidi.com"
        }, 
        {
            "{#DOMAINSSL}": "www.asiaroutes.com"
        }, 
        {
            "{#DOMAINSSL}": "www.asiaroutes.com"
        }
    ]
}
DEBUG 2021-06-20 13:08:49,789 - ####################################################################################################
DEBUG 2021-06-20 13:08:49,795 - DOMAIN DISCOVER
INFO 2021-06-20 13:08:49,795 - {
    "data": [
        {
            "{#DOMAINSSL}": "hujidi.com"
        }, 
        {
            "{#DOMAINSSL}": "www.asiaroutes.com"
        }, 
        {
            "{#DOMAINSSL}": "www.asiaroutes.com"
        }
    ]
}
DEBUG 2021-06-20 14:08:47,716 - ####################################################################################################
DEBUG 2021-06-20 14:08:47,722 - DOMAIN DISCOVER
INFO 2021-06-20 14:08:47,723 - {
    "data": [
        {
            "{#DOMAINSSL}": "hujidi.com"
        }, 
        {
            "{#DOMAINSSL}": "www.asiaroutes.com"
        }, 
        {
            "{#DOMAINSSL}": "www.asiaroutes.com"
        }
    ]
}
DEBUG 2021-06-20 15:08:48,905 - ####################################################################################################
DEBUG 2021-06-20 15:08:48,912 - DOMAIN DISCOVER
INFO 2021-06-20 15:08:48,913 - {
    "data": [
        {
            "{#DOMAINSSL}": "hujidi.com"
        }, 
        {
            "{#DOMAINSSL}": "www.asiaroutes.com"
        }, 
        {
            "{#DOMAINSSL}": "www.asiaroutes.com"
        }
    ]
}
DEBUG 2021-06-20 16:08:50,659 - ####################################################################################################
DEBUG 2021-06-20 16:08:50,665 - DOMAIN DISCOVER
INFO 2021-06-20 16:08:50,665 - {
    "data": [
        {
            "{#DOMAINSSL}": "hujidi.com"
        }, 
        {
            "{#DOMAINSSL}": "www.asiaroutes.com"
        }, 
        {
            "{#DOMAINSSL}": "www.asiaroutes.com"
        }
    ]
}
DEBUG 2021-06-20 17:08:48,342 - ####################################################################################################
DEBUG 2021-06-20 17:08:48,348 - DOMAIN DISCOVER
INFO 2021-06-20 17:08:48,349 - {
    "data": [
        {
            "{#DOMAINSSL}": "hujidi.com"
        }, 
        {
            "{#DOMAINSSL}": "www.asiaroutes.com"
        }, 
        {
            "{#DOMAINSSL}": "www.asiaroutes.com"
        }
    ]
}
DEBUG 2021-06-20 18:08:47,767 - ####################################################################################################
DEBUG 2021-06-20 18:08:47,773 - DOMAIN DISCOVER
INFO 2021-06-20 18:08:47,773 - {
    "data": [
        {
            "{#DOMAINSSL}": "hujidi.com"
        }, 
        {
            "{#DOMAINSSL}": "www.asiaroutes.com"
        }, 
        {
            "{#DOMAINSSL}": "www.asiaroutes.com"
        }
    ]
}
DEBUG 2021-06-20 19:08:46,514 - ####################################################################################################
DEBUG 2021-06-20 19:08:46,520 - DOMAIN DISCOVER
INFO 2021-06-20 19:08:46,521 - {
    "data": [
        {
            "{#DOMAINSSL}": "hujidi.com"
        }, 
        {
            "{#DOMAINSSL}": "www.asiaroutes.com"
        }, 
        {
            "{#DOMAINSSL}": "www.asiaroutes.com"
        }
    ]
}
DEBUG 2021-06-20 20:08:48,449 - ####################################################################################################
DEBUG 2021-06-20 20:08:48,455 - DOMAIN DISCOVER
INFO 2021-06-20 20:08:48,456 - {
    "data": [
        {
            "{#DOMAINSSL}": "hujidi.com"
        }, 
        {
            "{#DOMAINSSL}": "www.asiaroutes.com"
        }, 
        {
            "{#DOMAINSSL}": "www.asiaroutes.com"
        }
    ]
}
DEBUG 2021-06-20 21:08:47,902 - ####################################################################################################
DEBUG 2021-06-20 21:08:47,908 - DOMAIN DISCOVER
INFO 2021-06-20 21:08:47,908 - {
    "data": [
        {
            "{#DOMAINSSL}": "hujidi.com"
        }, 
        {
            "{#DOMAINSSL}": "www.asiaroutes.com"
        }, 
        {
            "{#DOMAINSSL}": "www.asiaroutes.com"
        }
    ]
}
DEBUG 2021-06-20 22:08:49,744 - ####################################################################################################
DEBUG 2021-06-20 22:08:49,749 - DOMAIN DISCOVER
INFO 2021-06-20 22:08:49,749 - {
    "data": [
        {
            "{#DOMAINSSL}": "hujidi.com"
        }, 
        {
            "{#DOMAINSSL}": "www.asiaroutes.com"
        }, 
        {
            "{#DOMAINSSL}": "www.asiaroutes.com"
        }
    ]
}
DEBUG 2021-06-20 23:08:46,462 - ####################################################################################################
DEBUG 2021-06-20 23:08:46,469 - DOMAIN DISCOVER
INFO 2021-06-20 23:08:46,469 - {
    "data": [
        {
            "{#DOMAINSSL}": "hujidi.com"
        }, 
        {
            "{#DOMAINSSL}": "www.asiaroutes.com"
        }, 
        {
            "{#DOMAINSSL}": "www.asiaroutes.com"
        }
    ]
}
