DEBUG 2021-06-23 00:08:46,820 - ####################################################################################################
DEBUG 2021-06-23 00:08:46,826 - DOMAIN DISCOVER
INFO 2021-06-23 00:08:46,826 - {
    "data": [
        {
            "{#DOMAINSSL}": "hujidi.com"
        }, 
        {
            "{#DOMAINSSL}": "www.asiaroutes.com"
        }, 
        {
            "{#DOMAINSSL}": "www.asiaroutes.com"
        }
    ]
}
DEBUG 2021-06-23 01:08:44,362 - ####################################################################################################
DEBUG 2021-06-23 01:08:44,368 - DOMAIN DISCOVER
INFO 2021-06-23 01:08:44,369 - {
    "data": [
        {
            "{#DOMAINSSL}": "hujidi.com"
        }, 
        {
            "{#DOMAINSSL}": "www.asiaroutes.com"
        }, 
        {
            "{#DOMAINSSL}": "www.asiaroutes.com"
        }
    ]
}
DEBUG 2021-06-23 02:08:51,264 - ####################################################################################################
DEBUG 2021-06-23 02:08:51,270 - DOMAIN DISCOVER
INFO 2021-06-23 02:08:51,270 - {
    "data": [
        {
            "{#DOMAINSSL}": "hujidi.com"
        }, 
        {
            "{#DOMAINSSL}": "www.asiaroutes.com"
        }, 
        {
            "{#DOMAINSSL}": "www.asiaroutes.com"
        }
    ]
}
DEBUG 2021-06-23 03:08:48,800 - ####################################################################################################
DEBUG 2021-06-23 03:08:48,806 - DOMAIN DISCOVER
INFO 2021-06-23 03:08:48,807 - {
    "data": [
        {
            "{#DOMAINSSL}": "hujidi.com"
        }, 
        {
            "{#DOMAINSSL}": "www.asiaroutes.com"
        }, 
        {
            "{#DOMAINSSL}": "www.asiaroutes.com"
        }
    ]
}
DEBUG 2021-06-23 04:08:49,030 - ####################################################################################################
DEBUG 2021-06-23 04:08:49,035 - DOMAIN DISCOVER
INFO 2021-06-23 04:08:49,036 - {
    "data": [
        {
            "{#DOMAINSSL}": "hujidi.com"
        }, 
        {
            "{#DOMAINSSL}": "www.asiaroutes.com"
        }, 
        {
            "{#DOMAINSSL}": "www.asiaroutes.com"
        }
    ]
}
DEBUG 2021-06-23 05:08:50,794 - ####################################################################################################
DEBUG 2021-06-23 05:08:50,800 - DOMAIN DISCOVER
INFO 2021-06-23 05:08:50,800 - {
    "data": [
        {
            "{#DOMAINSSL}": "202000000.com"
        }, 
        {
            "{#DOMAINSSL}": "king8886.com"
        }, 
        {
            "{#DOMAINSSL}": "jsh130.com"
        }, 
        {
            "{#DOMAINSSL}": "byl5858.com"
        }, 
        {
            "{#DOMAINSSL}": "hujidi.com"
        }, 
        {
            "{#DOMAINSSL}": "55522000.com"
        }, 
        {
            "{#DOMAINSSL}": "jin172.com"
        }, 
        {
            "{#DOMAINSSL}": "www.asiaroutes.com"
        }, 
        {
            "{#DOMAINSSL}": "npj08.com"
        }, 
        {
            "{#DOMAINSSL}": "ytsefeng.com"
        }, 
        {
            "{#DOMAINSSL}": "www.asiaroutes.com"
        }, 
        {
            "{#DOMAINSSL}": "www.cf894.com"
        }
    ]
}
DEBUG 2021-06-23 06:08:47,880 - ####################################################################################################
DEBUG 2021-06-23 06:08:47,886 - DOMAIN DISCOVER
INFO 2021-06-23 06:08:47,886 - {
    "data": [
        {
            "{#DOMAINSSL}": "deli8877.com"
        }, 
        {
            "{#DOMAINSSL}": "16830000.com"
        }, 
        {
            "{#DOMAINSSL}": "king8887.com"
        }, 
        {
            "{#DOMAINSSL}": "vpn19.org"
        }, 
        {
            "{#DOMAINSSL}": "eu55555.com"
        }, 
        {
            "{#DOMAINSSL}": "xbet087.com"
        }, 
        {
            "{#DOMAINSSL}": "xbet009.com"
        }, 
        {
            "{#DOMAINSSL}": "hujidi.com"
        }, 
        {
            "{#DOMAINSSL}": "www.asiaroutes.com"
        }, 
        {
            "{#DOMAINSSL}": "www.ytsefeng.com"
        }, 
        {
            "{#DOMAINSSL}": "www.asiaroutes.com"
        }
    ]
}
DEBUG 2021-06-23 07:08:50,054 - ####################################################################################################
DEBUG 2021-06-23 07:08:50,060 - DOMAIN DISCOVER
INFO 2021-06-23 07:08:50,061 - {
    "data": [
        {
            "{#DOMAINSSL}": "hujidi.com"
        }, 
        {
            "{#DOMAINSSL}": "www.asiaroutes.com"
        }, 
        {
            "{#DOMAINSSL}": "www.ytsefeng.com"
        }, 
        {
            "{#DOMAINSSL}": "www.asiaroutes.com"
        }
    ]
}
DEBUG 2021-06-23 08:08:50,847 - ####################################################################################################
DEBUG 2021-06-23 08:08:50,853 - DOMAIN DISCOVER
INFO 2021-06-23 08:08:50,853 - {
    "data": [
        {
            "{#DOMAINSSL}": "hujidi.com"
        }, 
        {
            "{#DOMAINSSL}": "www.asiaroutes.com"
        }, 
        {
            "{#DOMAINSSL}": "www.ytsefeng.com"
        }, 
        {
            "{#DOMAINSSL}": "www.asiaroutes.com"
        }
    ]
}
DEBUG 2021-06-23 09:08:49,173 - ####################################################################################################
DEBUG 2021-06-23 09:08:49,179 - DOMAIN DISCOVER
INFO 2021-06-23 09:08:49,180 - {
    "data": [
        {
            "{#DOMAINSSL}": "hujidi.com"
        }, 
        {
            "{#DOMAINSSL}": "www.asiaroutes.com"
        }, 
        {
            "{#DOMAINSSL}": "www.ytsefeng.com"
        }, 
        {
            "{#DOMAINSSL}": "www.asiaroutes.com"
        }
    ]
}
DEBUG 2021-06-23 10:08:46,681 - ####################################################################################################
DEBUG 2021-06-23 10:08:46,687 - DOMAIN DISCOVER
INFO 2021-06-23 10:08:46,687 - {
    "data": [
        {
            "{#DOMAINSSL}": "hujidi.com"
        }, 
        {
            "{#DOMAINSSL}": "www.asiaroutes.com"
        }, 
        {
            "{#DOMAINSSL}": "www.ytsefeng.com"
        }, 
        {
            "{#DOMAINSSL}": "www.asiaroutes.com"
        }
    ]
}
DEBUG 2021-06-23 11:08:49,285 - ####################################################################################################
DEBUG 2021-06-23 11:08:49,291 - DOMAIN DISCOVER
INFO 2021-06-23 11:08:49,291 - {
    "data": [
        {
            "{#DOMAINSSL}": "hujidi.com"
        }, 
        {
            "{#DOMAINSSL}": "www.asiaroutes.com"
        }, 
        {
            "{#DOMAINSSL}": "www.ytsefeng.com"
        }, 
        {
            "{#DOMAINSSL}": "www.asiaroutes.com"
        }
    ]
}
DEBUG 2021-06-23 12:08:50,325 - ####################################################################################################
DEBUG 2021-06-23 12:08:50,331 - DOMAIN DISCOVER
INFO 2021-06-23 12:08:50,332 - {
    "data": [
        {
            "{#DOMAINSSL}": "hujidi.com"
        }, 
        {
            "{#DOMAINSSL}": "www.asiaroutes.com"
        }, 
        {
            "{#DOMAINSSL}": "www.ytsefeng.com"
        }, 
        {
            "{#DOMAINSSL}": "www.asiaroutes.com"
        }
    ]
}
DEBUG 2021-06-23 13:08:51,196 - ####################################################################################################
DEBUG 2021-06-23 13:08:51,202 - DOMAIN DISCOVER
INFO 2021-06-23 13:08:51,202 - {
    "data": [
        {
            "{#DOMAINSSL}": "hujidi.com"
        }, 
        {
            "{#DOMAINSSL}": "www.asiaroutes.com"
        }, 
        {
            "{#DOMAINSSL}": "www.ytsefeng.com"
        }, 
        {
            "{#DOMAINSSL}": "www.asiaroutes.com"
        }
    ]
}
DEBUG 2021-06-23 14:08:49,575 - ####################################################################################################
DEBUG 2021-06-23 14:08:49,582 - DOMAIN DISCOVER
INFO 2021-06-23 14:08:49,582 - {
    "data": [
        {
            "{#DOMAINSSL}": "hujidi.com"
        }, 
        {
            "{#DOMAINSSL}": "www.asiaroutes.com"
        }, 
        {
            "{#DOMAINSSL}": "www.ytsefeng.com"
        }, 
        {
            "{#DOMAINSSL}": "www.asiaroutes.com"
        }
    ]
}
DEBUG 2021-06-23 15:08:44,766 - ####################################################################################################
DEBUG 2021-06-23 15:08:44,773 - DOMAIN DISCOVER
INFO 2021-06-23 15:08:44,773 - {
    "data": [
        {
            "{#DOMAINSSL}": "hujidi.com"
        }, 
        {
            "{#DOMAINSSL}": "www.asiaroutes.com"
        }, 
        {
            "{#DOMAINSSL}": "www.ytsefeng.com"
        }, 
        {
            "{#DOMAINSSL}": "www.asiaroutes.com"
        }
    ]
}
DEBUG 2021-06-23 16:08:45,208 - ####################################################################################################
DEBUG 2021-06-23 16:08:45,214 - DOMAIN DISCOVER
INFO 2021-06-23 16:08:45,215 - {
    "data": [
        {
            "{#DOMAINSSL}": "hujidi.com"
        }, 
        {
            "{#DOMAINSSL}": "www.asiaroutes.com"
        }, 
        {
            "{#DOMAINSSL}": "www.ytsefeng.com"
        }, 
        {
            "{#DOMAINSSL}": "www.asiaroutes.com"
        }
    ]
}
DEBUG 2021-06-23 17:08:50,613 - ####################################################################################################
DEBUG 2021-06-23 17:08:50,619 - DOMAIN DISCOVER
INFO 2021-06-23 17:08:50,620 - {
    "data": [
        {
            "{#DOMAINSSL}": "hujidi.com"
        }, 
        {
            "{#DOMAINSSL}": "www.asiaroutes.com"
        }, 
        {
            "{#DOMAINSSL}": "www.ytsefeng.com"
        }, 
        {
            "{#DOMAINSSL}": "www.asiaroutes.com"
        }
    ]
}
DEBUG 2021-06-23 18:08:49,118 - ####################################################################################################
DEBUG 2021-06-23 18:08:49,124 - DOMAIN DISCOVER
INFO 2021-06-23 18:08:49,124 - {
    "data": [
        {
            "{#DOMAINSSL}": "hujidi.com"
        }, 
        {
            "{#DOMAINSSL}": "www.asiaroutes.com"
        }, 
        {
            "{#DOMAINSSL}": "www.ytsefeng.com"
        }, 
        {
            "{#DOMAINSSL}": "www.asiaroutes.com"
        }
    ]
}
DEBUG 2021-06-23 19:08:48,912 - ####################################################################################################
DEBUG 2021-06-23 19:08:48,919 - DOMAIN DISCOVER
INFO 2021-06-23 19:08:48,920 - {
    "data": [
        {
            "{#DOMAINSSL}": "hujidi.com"
        }, 
        {
            "{#DOMAINSSL}": "www.asiaroutes.com"
        }, 
        {
            "{#DOMAINSSL}": "www.ytsefeng.com"
        }, 
        {
            "{#DOMAINSSL}": "www.asiaroutes.com"
        }
    ]
}
DEBUG 2021-06-23 20:08:48,492 - ####################################################################################################
DEBUG 2021-06-23 20:08:48,499 - DOMAIN DISCOVER
INFO 2021-06-23 20:08:48,499 - {
    "data": [
        {
            "{#DOMAINSSL}": "hujidi.com"
        }, 
        {
            "{#DOMAINSSL}": "www.asiaroutes.com"
        }, 
        {
            "{#DOMAINSSL}": "www.ytsefeng.com"
        }, 
        {
            "{#DOMAINSSL}": "www.asiaroutes.com"
        }
    ]
}
DEBUG 2021-06-23 21:08:46,253 - ####################################################################################################
DEBUG 2021-06-23 21:08:46,258 - DOMAIN DISCOVER
INFO 2021-06-23 21:08:46,258 - {
    "data": [
        {
            "{#DOMAINSSL}": "hujidi.com"
        }, 
        {
            "{#DOMAINSSL}": "www.asiaroutes.com"
        }, 
        {
            "{#DOMAINSSL}": "www.ytsefeng.com"
        }, 
        {
            "{#DOMAINSSL}": "www.asiaroutes.com"
        }
    ]
}
DEBUG 2021-06-23 22:08:46,796 - ####################################################################################################
DEBUG 2021-06-23 22:08:46,802 - DOMAIN DISCOVER
INFO 2021-06-23 22:08:46,802 - {
    "data": [
        {
            "{#DOMAINSSL}": "hujidi.com"
        }, 
        {
            "{#DOMAINSSL}": "www.asiaroutes.com"
        }, 
        {
            "{#DOMAINSSL}": "www.ytsefeng.com"
        }, 
        {
            "{#DOMAINSSL}": "www.asiaroutes.com"
        }
    ]
}
DEBUG 2021-06-23 23:08:50,920 - ####################################################################################################
DEBUG 2021-06-23 23:08:50,926 - DOMAIN DISCOVER
INFO 2021-06-23 23:08:50,926 - {
    "data": [
        {
            "{#DOMAINSSL}": "hujidi.com"
        }, 
        {
            "{#DOMAINSSL}": "www.asiaroutes.com"
        }, 
        {
            "{#DOMAINSSL}": "www.ytsefeng.com"
        }, 
        {
            "{#DOMAINSSL}": "www.asiaroutes.com"
        }
    ]
}
