DEBUG 2021-10-17 00:09:06,783 - ####################################################################################################
DEBUG 2021-10-17 00:09:06,788 - DOMAIN DISCOVER
INFO 2021-10-17 00:09:06,789 - {
    "data": [
        {
            "{#DOMAINSSL}": "v2r-hk1.zhubb.top"
        }, 
        {
            "{#DOMAINSSL}": "v2r-hk2.zhubb.top"
        }, 
        {
            "{#DOMAINSSL}": "www.aidedao.com"
        }, 
        {
            "{#DOMAINSSL}": "wsw4.lxzzs.cn"
        }, 
        {
            "{#DOMAINSSL}": "gts4.lxzzs.cn"
        }, 
        {
            "{#DOMAINSSL}": "aaa9409.com"
        }, 
        {
            "{#DOMAINSSL}": "aaa9410.com"
        }, 
        {
            "{#DOMAINSSL}": "www.aidedao.com"
        }, 
        {
            "{#DOMAINSSL}": "www.aidedao.com"
        }
    ]
}
DEBUG 2021-10-17 01:09:07,190 - ####################################################################################################
DEBUG 2021-10-17 01:09:07,196 - DOMAIN DISCOVER
INFO 2021-10-17 01:09:07,196 - {
    "data": [
        {
            "{#DOMAINSSL}": "v2r-hk1.zhubb.top"
        }, 
        {
            "{#DOMAINSSL}": "v2r-hk2.zhubb.top"
        }, 
        {
            "{#DOMAINSSL}": "www.aidedao.com"
        }, 
        {
            "{#DOMAINSSL}": "wsw4.lxzzs.cn"
        }, 
        {
            "{#DOMAINSSL}": "gts4.lxzzs.cn"
        }, 
        {
            "{#DOMAINSSL}": "aaa9409.com"
        }, 
        {
            "{#DOMAINSSL}": "aaa9410.com"
        }, 
        {
            "{#DOMAINSSL}": "www.aidedao.com"
        }, 
        {
            "{#DOMAINSSL}": "www.aidedao.com"
        }
    ]
}
DEBUG 2021-10-17 02:09:06,553 - ####################################################################################################
DEBUG 2021-10-17 02:09:06,559 - DOMAIN DISCOVER
INFO 2021-10-17 02:09:06,559 - {
    "data": [
        {
            "{#DOMAINSSL}": "v2r-hk1.zhubb.top"
        }, 
        {
            "{#DOMAINSSL}": "v2r-hk2.zhubb.top"
        }, 
        {
            "{#DOMAINSSL}": "www.aidedao.com"
        }, 
        {
            "{#DOMAINSSL}": "wsw4.lxzzs.cn"
        }, 
        {
            "{#DOMAINSSL}": "gts4.lxzzs.cn"
        }, 
        {
            "{#DOMAINSSL}": "aaa9409.com"
        }, 
        {
            "{#DOMAINSSL}": "aaa9410.com"
        }, 
        {
            "{#DOMAINSSL}": "www.aidedao.com"
        }, 
        {
            "{#DOMAINSSL}": "www.aidedao.com"
        }
    ]
}
DEBUG 2021-10-17 03:09:07,301 - ####################################################################################################
DEBUG 2021-10-17 03:09:07,308 - DOMAIN DISCOVER
INFO 2021-10-17 03:09:07,308 - {
    "data": [
        {
            "{#DOMAINSSL}": "v2r-hk1.zhubb.top"
        }, 
        {
            "{#DOMAINSSL}": "v2r-hk2.zhubb.top"
        }, 
        {
            "{#DOMAINSSL}": "www.aidedao.com"
        }, 
        {
            "{#DOMAINSSL}": "wsw4.lxzzs.cn"
        }, 
        {
            "{#DOMAINSSL}": "gts4.lxzzs.cn"
        }, 
        {
            "{#DOMAINSSL}": "aaa9409.com"
        }, 
        {
            "{#DOMAINSSL}": "aaa9410.com"
        }, 
        {
            "{#DOMAINSSL}": "www.aidedao.com"
        }, 
        {
            "{#DOMAINSSL}": "www.aidedao.com"
        }
    ]
}
DEBUG 2021-10-17 04:09:07,614 - ####################################################################################################
DEBUG 2021-10-17 04:09:07,619 - DOMAIN DISCOVER
INFO 2021-10-17 04:09:07,619 - {
    "data": [
        {
            "{#DOMAINSSL}": "v2r-hk1.zhubb.top"
        }, 
        {
            "{#DOMAINSSL}": "v2r-hk2.zhubb.top"
        }, 
        {
            "{#DOMAINSSL}": "www.aidedao.com"
        }, 
        {
            "{#DOMAINSSL}": "wsw4.lxzzs.cn"
        }, 
        {
            "{#DOMAINSSL}": "gts4.lxzzs.cn"
        }, 
        {
            "{#DOMAINSSL}": "aaa9409.com"
        }, 
        {
            "{#DOMAINSSL}": "aaa9410.com"
        }, 
        {
            "{#DOMAINSSL}": "www.aidedao.com"
        }, 
        {
            "{#DOMAINSSL}": "www.aidedao.com"
        }
    ]
}
DEBUG 2021-10-17 05:09:10,078 - ####################################################################################################
DEBUG 2021-10-17 05:09:10,084 - DOMAIN DISCOVER
INFO 2021-10-17 05:09:10,084 - {
    "data": [
        {
            "{#DOMAINSSL}": "v2r-hk1.zhubb.top"
        }, 
        {
            "{#DOMAINSSL}": "delivip1.com"
        }, 
        {
            "{#DOMAINSSL}": "eu7.com"
        }, 
        {
            "{#DOMAINSSL}": "v2r-hk2.zhubb.top"
        }, 
        {
            "{#DOMAINSSL}": "www.aidedao.com"
        }, 
        {
            "{#DOMAINSSL}": "wsw4.lxzzs.cn"
        }, 
        {
            "{#DOMAINSSL}": "gts4.lxzzs.cn"
        }, 
        {
            "{#DOMAINSSL}": "aaa9409.com"
        }, 
        {
            "{#DOMAINSSL}": "aaa9410.com"
        }, 
        {
            "{#DOMAINSSL}": "www.aidedao.com"
        }, 
        {
            "{#DOMAINSSL}": "www.aidedao.com"
        }
    ]
}
DEBUG 2021-10-17 06:09:06,097 - ####################################################################################################
DEBUG 2021-10-17 06:09:06,104 - DOMAIN DISCOVER
INFO 2021-10-17 06:09:06,104 - {
    "data": [
        {
            "{#DOMAINSSL}": "v2r-hk1.zhubb.top"
        }, 
        {
            "{#DOMAINSSL}": "v2r-hk2.zhubb.top"
        }, 
        {
            "{#DOMAINSSL}": "www.aidedao.com"
        }, 
        {
            "{#DOMAINSSL}": "wsw4.lxzzs.cn"
        }, 
        {
            "{#DOMAINSSL}": "gts4.lxzzs.cn"
        }, 
        {
            "{#DOMAINSSL}": "aaa9409.com"
        }, 
        {
            "{#DOMAINSSL}": "aaa9410.com"
        }, 
        {
            "{#DOMAINSSL}": "www.aidedao.com"
        }, 
        {
            "{#DOMAINSSL}": "www.aidedao.com"
        }
    ]
}
DEBUG 2021-10-17 07:09:08,509 - ####################################################################################################
DEBUG 2021-10-17 07:09:08,515 - DOMAIN DISCOVER
INFO 2021-10-17 07:09:08,515 - {
    "data": [
        {
            "{#DOMAINSSL}": "v2r-hk1.zhubb.top"
        }, 
        {
            "{#DOMAINSSL}": "v2r-hk2.zhubb.top"
        }, 
        {
            "{#DOMAINSSL}": "www.aidedao.com"
        }, 
        {
            "{#DOMAINSSL}": "wsw4.lxzzs.cn"
        }, 
        {
            "{#DOMAINSSL}": "gts4.lxzzs.cn"
        }, 
        {
            "{#DOMAINSSL}": "aaa9409.com"
        }, 
        {
            "{#DOMAINSSL}": "aaa9410.com"
        }, 
        {
            "{#DOMAINSSL}": "www.aidedao.com"
        }, 
        {
            "{#DOMAINSSL}": "www.aidedao.com"
        }
    ]
}
DEBUG 2021-10-17 08:09:07,802 - ####################################################################################################
DEBUG 2021-10-17 08:09:07,809 - DOMAIN DISCOVER
INFO 2021-10-17 08:09:07,809 - {
    "data": [
        {
            "{#DOMAINSSL}": "v2r-hk1.zhubb.top"
        }, 
        {
            "{#DOMAINSSL}": "v2r-hk2.zhubb.top"
        }, 
        {
            "{#DOMAINSSL}": "www.aidedao.com"
        }, 
        {
            "{#DOMAINSSL}": "wsw4.lxzzs.cn"
        }, 
        {
            "{#DOMAINSSL}": "gts4.lxzzs.cn"
        }, 
        {
            "{#DOMAINSSL}": "aaa9409.com"
        }, 
        {
            "{#DOMAINSSL}": "aaa9410.com"
        }, 
        {
            "{#DOMAINSSL}": "www.aidedao.com"
        }, 
        {
            "{#DOMAINSSL}": "www.aidedao.com"
        }
    ]
}
DEBUG 2021-10-17 09:09:05,473 - ####################################################################################################
DEBUG 2021-10-17 09:09:05,479 - DOMAIN DISCOVER
INFO 2021-10-17 09:09:05,479 - {
    "data": [
        {
            "{#DOMAINSSL}": "v2r-hk1.zhubb.top"
        }, 
        {
            "{#DOMAINSSL}": "v2r-hk2.zhubb.top"
        }, 
        {
            "{#DOMAINSSL}": "www.aidedao.com"
        }, 
        {
            "{#DOMAINSSL}": "wsw4.lxzzs.cn"
        }, 
        {
            "{#DOMAINSSL}": "gts4.lxzzs.cn"
        }, 
        {
            "{#DOMAINSSL}": "aaa9409.com"
        }, 
        {
            "{#DOMAINSSL}": "aaa9410.com"
        }, 
        {
            "{#DOMAINSSL}": "www.aidedao.com"
        }, 
        {
            "{#DOMAINSSL}": "www.aidedao.com"
        }
    ]
}
DEBUG 2021-10-17 10:09:05,927 - ####################################################################################################
DEBUG 2021-10-17 10:09:05,934 - DOMAIN DISCOVER
INFO 2021-10-17 10:09:05,934 - {
    "data": [
        {
            "{#DOMAINSSL}": "v2r-hk1.zhubb.top"
        }, 
        {
            "{#DOMAINSSL}": "v2r-hk2.zhubb.top"
        }, 
        {
            "{#DOMAINSSL}": "www.aidedao.com"
        }, 
        {
            "{#DOMAINSSL}": "wsw4.lxzzs.cn"
        }, 
        {
            "{#DOMAINSSL}": "gts4.lxzzs.cn"
        }, 
        {
            "{#DOMAINSSL}": "aaa9409.com"
        }, 
        {
            "{#DOMAINSSL}": "aaa9410.com"
        }, 
        {
            "{#DOMAINSSL}": "www.aidedao.com"
        }, 
        {
            "{#DOMAINSSL}": "www.aidedao.com"
        }
    ]
}
DEBUG 2021-10-17 11:09:05,788 - ####################################################################################################
DEBUG 2021-10-17 11:09:05,794 - DOMAIN DISCOVER
INFO 2021-10-17 11:09:05,795 - {
    "data": [
        {
            "{#DOMAINSSL}": "v2r-hk1.zhubb.top"
        }, 
        {
            "{#DOMAINSSL}": "v2r-hk2.zhubb.top"
        }, 
        {
            "{#DOMAINSSL}": "www.aidedao.com"
        }, 
        {
            "{#DOMAINSSL}": "wsw4.lxzzs.cn"
        }, 
        {
            "{#DOMAINSSL}": "gts4.lxzzs.cn"
        }, 
        {
            "{#DOMAINSSL}": "aaa9409.com"
        }, 
        {
            "{#DOMAINSSL}": "aaa9410.com"
        }, 
        {
            "{#DOMAINSSL}": "www.aidedao.com"
        }, 
        {
            "{#DOMAINSSL}": "www.aidedao.com"
        }
    ]
}
DEBUG 2021-10-17 12:09:07,022 - ####################################################################################################
DEBUG 2021-10-17 12:09:07,028 - DOMAIN DISCOVER
INFO 2021-10-17 12:09:07,029 - {
    "data": [
        {
            "{#DOMAINSSL}": "v2r-hk1.zhubb.top"
        }, 
        {
            "{#DOMAINSSL}": "v2r-hk2.zhubb.top"
        }, 
        {
            "{#DOMAINSSL}": "www.aidedao.com"
        }, 
        {
            "{#DOMAINSSL}": "wsw4.lxzzs.cn"
        }, 
        {
            "{#DOMAINSSL}": "gts4.lxzzs.cn"
        }, 
        {
            "{#DOMAINSSL}": "aaa9409.com"
        }, 
        {
            "{#DOMAINSSL}": "aaa9410.com"
        }, 
        {
            "{#DOMAINSSL}": "www.aidedao.com"
        }, 
        {
            "{#DOMAINSSL}": "www.aidedao.com"
        }
    ]
}
DEBUG 2021-10-17 13:09:05,255 - ####################################################################################################
DEBUG 2021-10-17 13:09:05,261 - DOMAIN DISCOVER
INFO 2021-10-17 13:09:05,261 - {
    "data": [
        {
            "{#DOMAINSSL}": "v2r-hk1.zhubb.top"
        }, 
        {
            "{#DOMAINSSL}": "v2r-hk2.zhubb.top"
        }, 
        {
            "{#DOMAINSSL}": "www.aidedao.com"
        }, 
        {
            "{#DOMAINSSL}": "wsw4.lxzzs.cn"
        }, 
        {
            "{#DOMAINSSL}": "gts4.lxzzs.cn"
        }, 
        {
            "{#DOMAINSSL}": "aaa9409.com"
        }, 
        {
            "{#DOMAINSSL}": "aaa9410.com"
        }, 
        {
            "{#DOMAINSSL}": "www.aidedao.com"
        }, 
        {
            "{#DOMAINSSL}": "www.aidedao.com"
        }
    ]
}
DEBUG 2021-10-17 14:09:06,975 - ####################################################################################################
DEBUG 2021-10-17 14:09:06,981 - DOMAIN DISCOVER
INFO 2021-10-17 14:09:06,981 - {
    "data": [
        {
            "{#DOMAINSSL}": "v2r-hk1.zhubb.top"
        }, 
        {
            "{#DOMAINSSL}": "v2r-hk2.zhubb.top"
        }, 
        {
            "{#DOMAINSSL}": "www.aidedao.com"
        }, 
        {
            "{#DOMAINSSL}": "wsw4.lxzzs.cn"
        }, 
        {
            "{#DOMAINSSL}": "gts4.lxzzs.cn"
        }, 
        {
            "{#DOMAINSSL}": "aaa9409.com"
        }, 
        {
            "{#DOMAINSSL}": "aaa9410.com"
        }, 
        {
            "{#DOMAINSSL}": "www.aidedao.com"
        }, 
        {
            "{#DOMAINSSL}": "www.aidedao.com"
        }
    ]
}
DEBUG 2021-10-17 15:09:06,555 - ####################################################################################################
DEBUG 2021-10-17 15:09:06,561 - DOMAIN DISCOVER
INFO 2021-10-17 15:09:06,561 - {
    "data": [
        {
            "{#DOMAINSSL}": "v2r-hk1.zhubb.top"
        }, 
        {
            "{#DOMAINSSL}": "v2r-hk2.zhubb.top"
        }, 
        {
            "{#DOMAINSSL}": "www.aidedao.com"
        }, 
        {
            "{#DOMAINSSL}": "wsw4.lxzzs.cn"
        }, 
        {
            "{#DOMAINSSL}": "gts4.lxzzs.cn"
        }, 
        {
            "{#DOMAINSSL}": "aaa9409.com"
        }, 
        {
            "{#DOMAINSSL}": "aaa9410.com"
        }, 
        {
            "{#DOMAINSSL}": "www.aidedao.com"
        }, 
        {
            "{#DOMAINSSL}": "www.aidedao.com"
        }
    ]
}
DEBUG 2021-10-17 16:09:07,477 - ####################################################################################################
DEBUG 2021-10-17 16:09:07,483 - DOMAIN DISCOVER
INFO 2021-10-17 16:09:07,484 - {
    "data": [
        {
            "{#DOMAINSSL}": "v2r-hk1.zhubb.top"
        }, 
        {
            "{#DOMAINSSL}": "v2r-hk2.zhubb.top"
        }, 
        {
            "{#DOMAINSSL}": "www.aidedao.com"
        }, 
        {
            "{#DOMAINSSL}": "wsw4.lxzzs.cn"
        }, 
        {
            "{#DOMAINSSL}": "gts4.lxzzs.cn"
        }, 
        {
            "{#DOMAINSSL}": "aaa9409.com"
        }, 
        {
            "{#DOMAINSSL}": "aaa9410.com"
        }, 
        {
            "{#DOMAINSSL}": "www.aidedao.com"
        }, 
        {
            "{#DOMAINSSL}": "www.aidedao.com"
        }
    ]
}
DEBUG 2021-10-17 17:09:05,464 - ####################################################################################################
DEBUG 2021-10-17 17:09:05,470 - DOMAIN DISCOVER
INFO 2021-10-17 17:09:05,470 - {
    "data": [
        {
            "{#DOMAINSSL}": "v2r-hk1.zhubb.top"
        }, 
        {
            "{#DOMAINSSL}": "v2r-hk2.zhubb.top"
        }, 
        {
            "{#DOMAINSSL}": "www.aidedao.com"
        }, 
        {
            "{#DOMAINSSL}": "wsw4.lxzzs.cn"
        }, 
        {
            "{#DOMAINSSL}": "gts4.lxzzs.cn"
        }, 
        {
            "{#DOMAINSSL}": "aaa9409.com"
        }, 
        {
            "{#DOMAINSSL}": "aaa9410.com"
        }, 
        {
            "{#DOMAINSSL}": "www.aidedao.com"
        }, 
        {
            "{#DOMAINSSL}": "www.aidedao.com"
        }
    ]
}
DEBUG 2021-10-17 18:09:05,301 - ####################################################################################################
DEBUG 2021-10-17 18:09:05,307 - DOMAIN DISCOVER
INFO 2021-10-17 18:09:05,308 - {
    "data": [
        {
            "{#DOMAINSSL}": "v2r-hk1.zhubb.top"
        }, 
        {
            "{#DOMAINSSL}": "v2r-hk2.zhubb.top"
        }, 
        {
            "{#DOMAINSSL}": "www.aidedao.com"
        }, 
        {
            "{#DOMAINSSL}": "wsw4.lxzzs.cn"
        }, 
        {
            "{#DOMAINSSL}": "gts4.lxzzs.cn"
        }, 
        {
            "{#DOMAINSSL}": "aaa9409.com"
        }, 
        {
            "{#DOMAINSSL}": "aaa9410.com"
        }, 
        {
            "{#DOMAINSSL}": "www.aidedao.com"
        }, 
        {
            "{#DOMAINSSL}": "www.aidedao.com"
        }
    ]
}
DEBUG 2021-10-17 19:09:06,194 - ####################################################################################################
DEBUG 2021-10-17 19:09:06,200 - DOMAIN DISCOVER
INFO 2021-10-17 19:09:06,200 - {
    "data": [
        {
            "{#DOMAINSSL}": "v2r-hk1.zhubb.top"
        }, 
        {
            "{#DOMAINSSL}": "v2r-hk2.zhubb.top"
        }, 
        {
            "{#DOMAINSSL}": "www.aidedao.com"
        }, 
        {
            "{#DOMAINSSL}": "wsw4.lxzzs.cn"
        }, 
        {
            "{#DOMAINSSL}": "gts4.lxzzs.cn"
        }, 
        {
            "{#DOMAINSSL}": "aaa9409.com"
        }, 
        {
            "{#DOMAINSSL}": "aaa9410.com"
        }, 
        {
            "{#DOMAINSSL}": "www.aidedao.com"
        }, 
        {
            "{#DOMAINSSL}": "www.aidedao.com"
        }
    ]
}
DEBUG 2021-10-17 20:09:06,492 - ####################################################################################################
DEBUG 2021-10-17 20:09:06,499 - DOMAIN DISCOVER
INFO 2021-10-17 20:09:06,499 - {
    "data": [
        {
            "{#DOMAINSSL}": "v2r-hk1.zhubb.top"
        }, 
        {
            "{#DOMAINSSL}": "v2r-hk2.zhubb.top"
        }, 
        {
            "{#DOMAINSSL}": "www.aidedao.com"
        }, 
        {
            "{#DOMAINSSL}": "wsw4.lxzzs.cn"
        }, 
        {
            "{#DOMAINSSL}": "gts4.lxzzs.cn"
        }, 
        {
            "{#DOMAINSSL}": "aaa9409.com"
        }, 
        {
            "{#DOMAINSSL}": "aaa9410.com"
        }, 
        {
            "{#DOMAINSSL}": "www.aidedao.com"
        }, 
        {
            "{#DOMAINSSL}": "www.aidedao.com"
        }
    ]
}
DEBUG 2021-10-17 21:09:07,622 - ####################################################################################################
DEBUG 2021-10-17 21:09:07,627 - DOMAIN DISCOVER
INFO 2021-10-17 21:09:07,627 - {
    "data": [
        {
            "{#DOMAINSSL}": "v2r-hk1.zhubb.top"
        }, 
        {
            "{#DOMAINSSL}": "v2r-hk2.zhubb.top"
        }, 
        {
            "{#DOMAINSSL}": "www.aidedao.com"
        }, 
        {
            "{#DOMAINSSL}": "wsw4.lxzzs.cn"
        }, 
        {
            "{#DOMAINSSL}": "gts4.lxzzs.cn"
        }, 
        {
            "{#DOMAINSSL}": "aaa9409.com"
        }, 
        {
            "{#DOMAINSSL}": "aaa9410.com"
        }, 
        {
            "{#DOMAINSSL}": "www.aidedao.com"
        }, 
        {
            "{#DOMAINSSL}": "www.aidedao.com"
        }
    ]
}
DEBUG 2021-10-17 22:09:08,646 - ####################################################################################################
DEBUG 2021-10-17 22:09:08,652 - DOMAIN DISCOVER
INFO 2021-10-17 22:09:08,652 - {
    "data": [
        {
            "{#DOMAINSSL}": "v2r-hk1.zhubb.top"
        }, 
        {
            "{#DOMAINSSL}": "v2r-hk2.zhubb.top"
        }, 
        {
            "{#DOMAINSSL}": "www.aidedao.com"
        }, 
        {
            "{#DOMAINSSL}": "wsw4.lxzzs.cn"
        }, 
        {
            "{#DOMAINSSL}": "gts4.lxzzs.cn"
        }, 
        {
            "{#DOMAINSSL}": "aaa9409.com"
        }, 
        {
            "{#DOMAINSSL}": "aaa9410.com"
        }, 
        {
            "{#DOMAINSSL}": "www.aidedao.com"
        }, 
        {
            "{#DOMAINSSL}": "www.aidedao.com"
        }
    ]
}
DEBUG 2021-10-17 23:09:08,195 - ####################################################################################################
DEBUG 2021-10-17 23:09:08,202 - DOMAIN DISCOVER
INFO 2021-10-17 23:09:08,202 - {
    "data": [
        {
            "{#DOMAINSSL}": "v2r-hk1.zhubb.top"
        }, 
        {
            "{#DOMAINSSL}": "v2r-hk2.zhubb.top"
        }, 
        {
            "{#DOMAINSSL}": "www.aidedao.com"
        }, 
        {
            "{#DOMAINSSL}": "wsw4.lxzzs.cn"
        }, 
        {
            "{#DOMAINSSL}": "gts4.lxzzs.cn"
        }, 
        {
            "{#DOMAINSSL}": "aaa9409.com"
        }, 
        {
            "{#DOMAINSSL}": "aaa9410.com"
        }, 
        {
            "{#DOMAINSSL}": "www.aidedao.com"
        }, 
        {
            "{#DOMAINSSL}": "www.aidedao.com"
        }
    ]
}
