DEBUG 2021-10-01 00:09:08,455 - ####################################################################################################
DEBUG 2021-10-01 00:09:08,461 - DOMAIN DISCOVER
INFO 2021-10-01 00:09:08,462 - {
    "data": []
}
DEBUG 2021-10-01 01:09:08,212 - ####################################################################################################
DEBUG 2021-10-01 01:09:08,218 - DOMAIN DISCOVER
INFO 2021-10-01 01:09:08,218 - {
    "data": []
}
DEBUG 2021-10-01 02:09:10,846 - ####################################################################################################
DEBUG 2021-10-01 02:09:10,852 - DOMAIN DISCOVER
INFO 2021-10-01 02:09:10,852 - {
    "data": []
}
DEBUG 2021-10-01 03:09:09,256 - ####################################################################################################
DEBUG 2021-10-01 03:09:09,261 - DOMAIN DISCOVER
INFO 2021-10-01 03:09:09,262 - {
    "data": []
}
DEBUG 2021-10-01 04:09:08,742 - ####################################################################################################
DEBUG 2021-10-01 04:09:08,748 - DOMAIN DISCOVER
INFO 2021-10-01 04:09:08,749 - {
    "data": []
}
DEBUG 2021-10-01 05:09:09,797 - ####################################################################################################
DEBUG 2021-10-01 05:09:09,802 - DOMAIN DISCOVER
INFO 2021-10-01 05:09:09,802 - {
    "data": []
}
DEBUG 2021-10-01 06:09:08,011 - ####################################################################################################
DEBUG 2021-10-01 06:09:08,017 - DOMAIN DISCOVER
INFO 2021-10-01 06:09:08,017 - {
    "data": []
}
DEBUG 2021-10-01 07:09:08,199 - ####################################################################################################
DEBUG 2021-10-01 07:09:08,205 - DOMAIN DISCOVER
INFO 2021-10-01 07:09:08,205 - {
    "data": []
}
DEBUG 2021-10-01 08:09:09,831 - ####################################################################################################
DEBUG 2021-10-01 08:09:09,836 - DOMAIN DISCOVER
INFO 2021-10-01 08:09:09,836 - {
    "data": []
}
DEBUG 2021-10-01 09:09:09,221 - ####################################################################################################
DEBUG 2021-10-01 09:09:09,227 - DOMAIN DISCOVER
INFO 2021-10-01 09:09:09,227 - {
    "data": []
}
DEBUG 2021-10-01 10:09:09,098 - ####################################################################################################
DEBUG 2021-10-01 10:09:09,104 - DOMAIN DISCOVER
INFO 2021-10-01 10:09:09,104 - {
    "data": []
}
DEBUG 2021-10-01 11:09:10,228 - ####################################################################################################
DEBUG 2021-10-01 11:09:10,234 - DOMAIN DISCOVER
INFO 2021-10-01 11:09:10,234 - {
    "data": []
}
DEBUG 2021-10-01 12:09:09,727 - ####################################################################################################
DEBUG 2021-10-01 12:09:09,733 - DOMAIN DISCOVER
INFO 2021-10-01 12:09:09,733 - {
    "data": []
}
DEBUG 2021-10-01 13:09:09,860 - ####################################################################################################
DEBUG 2021-10-01 13:09:09,865 - DOMAIN DISCOVER
INFO 2021-10-01 13:09:09,865 - {
    "data": []
}
DEBUG 2021-10-01 14:09:13,333 - ####################################################################################################
DEBUG 2021-10-01 14:09:13,338 - DOMAIN DISCOVER
INFO 2021-10-01 14:09:13,339 - {
    "data": []
}
DEBUG 2021-10-01 15:09:11,442 - ####################################################################################################
DEBUG 2021-10-01 15:09:11,447 - DOMAIN DISCOVER
INFO 2021-10-01 15:09:11,448 - {
    "data": []
}
DEBUG 2021-10-01 16:09:09,995 - ####################################################################################################
DEBUG 2021-10-01 16:09:10,000 - DOMAIN DISCOVER
INFO 2021-10-01 16:09:10,000 - {
    "data": []
}
DEBUG 2021-10-01 17:09:10,035 - ####################################################################################################
DEBUG 2021-10-01 17:09:10,041 - DOMAIN DISCOVER
INFO 2021-10-01 17:09:10,041 - {
    "data": []
}
DEBUG 2021-10-01 18:09:09,891 - ####################################################################################################
DEBUG 2021-10-01 18:09:09,897 - DOMAIN DISCOVER
INFO 2021-10-01 18:09:09,897 - {
    "data": []
}
DEBUG 2021-10-01 19:09:09,830 - ####################################################################################################
DEBUG 2021-10-01 19:09:09,838 - DOMAIN DISCOVER
INFO 2021-10-01 19:09:09,838 - {
    "data": []
}
DEBUG 2021-10-01 20:09:12,571 - ####################################################################################################
DEBUG 2021-10-01 20:09:12,576 - DOMAIN DISCOVER
INFO 2021-10-01 20:09:12,577 - {
    "data": []
}
DEBUG 2021-10-01 21:09:11,984 - ####################################################################################################
DEBUG 2021-10-01 21:09:11,990 - DOMAIN DISCOVER
INFO 2021-10-01 21:09:11,990 - {
    "data": []
}
DEBUG 2021-10-01 22:09:11,586 - ####################################################################################################
DEBUG 2021-10-01 22:09:11,593 - DOMAIN DISCOVER
INFO 2021-10-01 22:09:11,593 - {
    "data": []
}
DEBUG 2021-10-01 23:09:09,583 - ####################################################################################################
DEBUG 2021-10-01 23:09:09,589 - DOMAIN DISCOVER
INFO 2021-10-01 23:09:09,589 - {
    "data": []
}
