DEBUG 2021-06-21 00:08:47,606 - ####################################################################################################
DEBUG 2021-06-21 00:08:47,612 - DOMAIN DISCOVER
INFO 2021-06-21 00:08:47,612 - {
    "data": [
        {
            "{#DOMAINSSL}": "hujidi.com"
        }, 
        {
            "{#DOMAINSSL}": "www.asiaroutes.com"
        }, 
        {
            "{#DOMAINSSL}": "www.asiaroutes.com"
        }
    ]
}
DEBUG 2021-06-21 01:08:46,741 - ####################################################################################################
DEBUG 2021-06-21 01:08:46,746 - DOMAIN DISCOVER
INFO 2021-06-21 01:08:46,747 - {
    "data": [
        {
            "{#DOMAINSSL}": "hujidi.com"
        }, 
        {
            "{#DOMAINSSL}": "www.asiaroutes.com"
        }, 
        {
            "{#DOMAINSSL}": "www.asiaroutes.com"
        }
    ]
}
DEBUG 2021-06-21 02:08:47,946 - ####################################################################################################
DEBUG 2021-06-21 02:08:47,952 - DOMAIN DISCOVER
INFO 2021-06-21 02:08:47,953 - {
    "data": [
        {
            "{#DOMAINSSL}": "hujidi.com"
        }, 
        {
            "{#DOMAINSSL}": "www.asiaroutes.com"
        }, 
        {
            "{#DOMAINSSL}": "www.asiaroutes.com"
        }
    ]
}
DEBUG 2021-06-21 03:08:46,253 - ####################################################################################################
DEBUG 2021-06-21 03:08:46,258 - DOMAIN DISCOVER
INFO 2021-06-21 03:08:46,259 - {
    "data": [
        {
            "{#DOMAINSSL}": "hujidi.com"
        }, 
        {
            "{#DOMAINSSL}": "www.asiaroutes.com"
        }, 
        {
            "{#DOMAINSSL}": "www.asiaroutes.com"
        }
    ]
}
DEBUG 2021-06-21 04:08:48,334 - ####################################################################################################
DEBUG 2021-06-21 04:08:48,341 - DOMAIN DISCOVER
INFO 2021-06-21 04:08:48,341 - {
    "data": [
        {
            "{#DOMAINSSL}": "hujidi.com"
        }, 
        {
            "{#DOMAINSSL}": "www.asiaroutes.com"
        }, 
        {
            "{#DOMAINSSL}": "www.asiaroutes.com"
        }
    ]
}
DEBUG 2021-06-21 05:08:48,639 - ####################################################################################################
DEBUG 2021-06-21 05:08:48,646 - DOMAIN DISCOVER
INFO 2021-06-21 05:08:48,646 - {
    "data": [
        {
            "{#DOMAINSSL}": "jinshihao18.com"
        }, 
        {
            "{#DOMAINSSL}": "jin883.com"
        }, 
        {
            "{#DOMAINSSL}": "jin72.com"
        }, 
        {
            "{#DOMAINSSL}": "jubolai.com"
        }, 
        {
            "{#DOMAINSSL}": "hujidi.com"
        }, 
        {
            "{#DOMAINSSL}": "www.asiaroutes.com"
        }, 
        {
            "{#DOMAINSSL}": "dianjingdidai.com"
        }, 
        {
            "{#DOMAINSSL}": "www.dianjingdidai.com"
        }, 
        {
            "{#DOMAINSSL}": "www.ytsefeng.com"
        }, 
        {
            "{#DOMAINSSL}": "sdbosen.cn"
        }, 
        {
            "{#DOMAINSSL}": "www.sdbosen.cn"
        }, 
        {
            "{#DOMAINSSL}": "www.asiaroutes.com"
        }
    ]
}
DEBUG 2021-06-21 06:08:50,239 - ####################################################################################################
DEBUG 2021-06-21 06:08:50,244 - DOMAIN DISCOVER
INFO 2021-06-21 06:08:50,245 - {
    "data": [
        {
            "{#DOMAINSSL}": "eu246.com"
        }, 
        {
            "{#DOMAINSSL}": "hujidi.com"
        }, 
        {
            "{#DOMAINSSL}": "55099000.com"
        }, 
        {
            "{#DOMAINSSL}": "gci.npjag888.tech"
        }, 
        {
            "{#DOMAINSSL}": "www.asiaroutes.com"
        }, 
        {
            "{#DOMAINSSL}": "sdbosen.cn"
        }, 
        {
            "{#DOMAINSSL}": "www.sdbosen.cn"
        }, 
        {
            "{#DOMAINSSL}": "www.asiaroutes.com"
        }, 
        {
            "{#DOMAINSSL}": "xbet2016.com"
        }, 
        {
            "{#DOMAINSSL}": "www.cr701.com"
        }
    ]
}
DEBUG 2021-06-21 07:08:48,382 - ####################################################################################################
DEBUG 2021-06-21 07:08:48,388 - DOMAIN DISCOVER
INFO 2021-06-21 07:08:48,388 - {
    "data": [
        {
            "{#DOMAINSSL}": "hujidi.com"
        }, 
        {
            "{#DOMAINSSL}": "www.asiaroutes.com"
        }, 
        {
            "{#DOMAINSSL}": "sdbosen.cn"
        }, 
        {
            "{#DOMAINSSL}": "www.sdbosen.cn"
        }, 
        {
            "{#DOMAINSSL}": "www.asiaroutes.com"
        }
    ]
}
DEBUG 2021-06-21 08:08:47,178 - ####################################################################################################
DEBUG 2021-06-21 08:08:47,184 - DOMAIN DISCOVER
INFO 2021-06-21 08:08:47,184 - {
    "data": [
        {
            "{#DOMAINSSL}": "hujidi.com"
        }, 
        {
            "{#DOMAINSSL}": "www.asiaroutes.com"
        }, 
        {
            "{#DOMAINSSL}": "sdbosen.cn"
        }, 
        {
            "{#DOMAINSSL}": "www.sdbosen.cn"
        }, 
        {
            "{#DOMAINSSL}": "www.asiaroutes.com"
        }
    ]
}
DEBUG 2021-06-21 09:08:48,504 - ####################################################################################################
DEBUG 2021-06-21 09:08:48,509 - DOMAIN DISCOVER
INFO 2021-06-21 09:08:48,509 - {
    "data": [
        {
            "{#DOMAINSSL}": "hujidi.com"
        }, 
        {
            "{#DOMAINSSL}": "www.asiaroutes.com"
        }, 
        {
            "{#DOMAINSSL}": "sdbosen.cn"
        }, 
        {
            "{#DOMAINSSL}": "www.sdbosen.cn"
        }, 
        {
            "{#DOMAINSSL}": "www.asiaroutes.com"
        }
    ]
}
DEBUG 2021-06-21 10:08:48,079 - ####################################################################################################
DEBUG 2021-06-21 10:08:48,085 - DOMAIN DISCOVER
INFO 2021-06-21 10:08:48,085 - {
    "data": [
        {
            "{#DOMAINSSL}": "hujidi.com"
        }, 
        {
            "{#DOMAINSSL}": "www.asiaroutes.com"
        }, 
        {
            "{#DOMAINSSL}": "sdbosen.cn"
        }, 
        {
            "{#DOMAINSSL}": "www.sdbosen.cn"
        }, 
        {
            "{#DOMAINSSL}": "www.asiaroutes.com"
        }
    ]
}
DEBUG 2021-06-21 11:08:48,257 - ####################################################################################################
DEBUG 2021-06-21 11:08:48,264 - DOMAIN DISCOVER
INFO 2021-06-21 11:08:48,264 - {
    "data": [
        {
            "{#DOMAINSSL}": "hujidi.com"
        }, 
        {
            "{#DOMAINSSL}": "www.asiaroutes.com"
        }, 
        {
            "{#DOMAINSSL}": "sdbosen.cn"
        }, 
        {
            "{#DOMAINSSL}": "www.sdbosen.cn"
        }, 
        {
            "{#DOMAINSSL}": "www.asiaroutes.com"
        }
    ]
}
DEBUG 2021-06-21 12:08:47,354 - ####################################################################################################
DEBUG 2021-06-21 12:08:47,360 - DOMAIN DISCOVER
INFO 2021-06-21 12:08:47,360 - {
    "data": [
        {
            "{#DOMAINSSL}": "hujidi.com"
        }, 
        {
            "{#DOMAINSSL}": "www.asiaroutes.com"
        }, 
        {
            "{#DOMAINSSL}": "sdbosen.cn"
        }, 
        {
            "{#DOMAINSSL}": "www.sdbosen.cn"
        }, 
        {
            "{#DOMAINSSL}": "www.asiaroutes.com"
        }
    ]
}
DEBUG 2021-06-21 13:08:50,917 - ####################################################################################################
DEBUG 2021-06-21 13:08:50,924 - DOMAIN DISCOVER
INFO 2021-06-21 13:08:50,924 - {
    "data": [
        {
            "{#DOMAINSSL}": "hujidi.com"
        }, 
        {
            "{#DOMAINSSL}": "www.asiaroutes.com"
        }, 
        {
            "{#DOMAINSSL}": "sdbosen.cn"
        }, 
        {
            "{#DOMAINSSL}": "www.sdbosen.cn"
        }, 
        {
            "{#DOMAINSSL}": "www.asiaroutes.com"
        }
    ]
}
DEBUG 2021-06-21 14:08:53,574 - ####################################################################################################
DEBUG 2021-06-21 14:08:53,580 - DOMAIN DISCOVER
INFO 2021-06-21 14:08:53,580 - {
    "data": [
        {
            "{#DOMAINSSL}": "hujidi.com"
        }, 
        {
            "{#DOMAINSSL}": "www.asiaroutes.com"
        }, 
        {
            "{#DOMAINSSL}": "sdbosen.cn"
        }, 
        {
            "{#DOMAINSSL}": "www.sdbosen.cn"
        }, 
        {
            "{#DOMAINSSL}": "www.asiaroutes.com"
        }
    ]
}
DEBUG 2021-06-21 15:08:50,626 - ####################################################################################################
DEBUG 2021-06-21 15:08:50,634 - DOMAIN DISCOVER
INFO 2021-06-21 15:08:50,634 - {
    "data": [
        {
            "{#DOMAINSSL}": "hujidi.com"
        }, 
        {
            "{#DOMAINSSL}": "www.asiaroutes.com"
        }, 
        {
            "{#DOMAINSSL}": "www.asiaroutes.com"
        }
    ]
}
DEBUG 2021-06-21 16:08:48,642 - ####################################################################################################
DEBUG 2021-06-21 16:08:48,648 - DOMAIN DISCOVER
INFO 2021-06-21 16:08:48,648 - {
    "data": [
        {
            "{#DOMAINSSL}": "hujidi.com"
        }, 
        {
            "{#DOMAINSSL}": "www.asiaroutes.com"
        }, 
        {
            "{#DOMAINSSL}": "www.asiaroutes.com"
        }
    ]
}
DEBUG 2021-06-21 17:08:48,645 - ####################################################################################################
DEBUG 2021-06-21 17:08:48,652 - DOMAIN DISCOVER
INFO 2021-06-21 17:08:48,652 - {
    "data": [
        {
            "{#DOMAINSSL}": "hujidi.com"
        }, 
        {
            "{#DOMAINSSL}": "www.asiaroutes.com"
        }, 
        {
            "{#DOMAINSSL}": "www.asiaroutes.com"
        }
    ]
}
DEBUG 2021-06-21 18:08:51,262 - ####################################################################################################
DEBUG 2021-06-21 18:08:51,267 - DOMAIN DISCOVER
INFO 2021-06-21 18:08:51,267 - {
    "data": [
        {
            "{#DOMAINSSL}": "hujidi.com"
        }, 
        {
            "{#DOMAINSSL}": "www.asiaroutes.com"
        }, 
        {
            "{#DOMAINSSL}": "www.asiaroutes.com"
        }
    ]
}
DEBUG 2021-06-21 19:08:50,188 - ####################################################################################################
DEBUG 2021-06-21 19:08:50,194 - DOMAIN DISCOVER
INFO 2021-06-21 19:08:50,194 - {
    "data": [
        {
            "{#DOMAINSSL}": "hujidi.com"
        }, 
        {
            "{#DOMAINSSL}": "www.asiaroutes.com"
        }, 
        {
            "{#DOMAINSSL}": "www.asiaroutes.com"
        }
    ]
}
DEBUG 2021-06-21 20:08:49,076 - ####################################################################################################
DEBUG 2021-06-21 20:08:49,082 - DOMAIN DISCOVER
INFO 2021-06-21 20:08:49,082 - {
    "data": [
        {
            "{#DOMAINSSL}": "hujidi.com"
        }, 
        {
            "{#DOMAINSSL}": "www.asiaroutes.com"
        }, 
        {
            "{#DOMAINSSL}": "www.asiaroutes.com"
        }
    ]
}
DEBUG 2021-06-21 21:08:48,043 - ####################################################################################################
DEBUG 2021-06-21 21:08:48,048 - DOMAIN DISCOVER
INFO 2021-06-21 21:08:48,049 - {
    "data": [
        {
            "{#DOMAINSSL}": "hujidi.com"
        }, 
        {
            "{#DOMAINSSL}": "www.asiaroutes.com"
        }, 
        {
            "{#DOMAINSSL}": "www.asiaroutes.com"
        }
    ]
}
DEBUG 2021-06-21 22:08:48,828 - ####################################################################################################
DEBUG 2021-06-21 22:08:48,834 - DOMAIN DISCOVER
INFO 2021-06-21 22:08:48,835 - {
    "data": [
        {
            "{#DOMAINSSL}": "hujidi.com"
        }, 
        {
            "{#DOMAINSSL}": "www.asiaroutes.com"
        }, 
        {
            "{#DOMAINSSL}": "www.asiaroutes.com"
        }
    ]
}
DEBUG 2021-06-21 23:08:49,442 - ####################################################################################################
DEBUG 2021-06-21 23:08:49,449 - DOMAIN DISCOVER
INFO 2021-06-21 23:08:49,449 - {
    "data": [
        {
            "{#DOMAINSSL}": "hujidi.com"
        }, 
        {
            "{#DOMAINSSL}": "www.asiaroutes.com"
        }, 
        {
            "{#DOMAINSSL}": "www.asiaroutes.com"
        }
    ]
}
