DEBUG 2021-10-03 00:09:09,537 - ####################################################################################################
DEBUG 2021-10-03 00:09:09,542 - DOMAIN DISCOVER
INFO 2021-10-03 00:09:09,543 - {
    "data": []
}
DEBUG 2021-10-03 01:09:08,964 - ####################################################################################################
DEBUG 2021-10-03 01:09:08,970 - DOMAIN DISCOVER
INFO 2021-10-03 01:09:08,970 - {
    "data": []
}
DEBUG 2021-10-03 02:09:08,460 - ####################################################################################################
DEBUG 2021-10-03 02:09:08,466 - DOMAIN DISCOVER
INFO 2021-10-03 02:09:08,466 - {
    "data": []
}
DEBUG 2021-10-03 03:09:10,072 - ####################################################################################################
DEBUG 2021-10-03 03:09:10,077 - DOMAIN DISCOVER
INFO 2021-10-03 03:09:10,078 - {
    "data": []
}
DEBUG 2021-10-03 04:09:12,316 - ####################################################################################################
DEBUG 2021-10-03 04:09:12,322 - DOMAIN DISCOVER
INFO 2021-10-03 04:09:12,322 - {
    "data": []
}
DEBUG 2021-10-03 05:09:10,594 - ####################################################################################################
DEBUG 2021-10-03 05:09:10,602 - DOMAIN DISCOVER
INFO 2021-10-03 05:09:10,602 - {
    "data": [
        {
            "{#DOMAINSSL}": "v2r-sz1.qlinlin.top"
        }, 
        {
            "{#DOMAINSSL}": "v2r-sz2.qlinlin.top"
        }
    ]
}
DEBUG 2021-10-03 06:09:08,450 - ####################################################################################################
DEBUG 2021-10-03 06:09:08,455 - DOMAIN DISCOVER
INFO 2021-10-03 06:09:08,455 - {
    "data": [
        {
            "{#DOMAINSSL}": "v2r-sz1.qlinlin.top"
        }, 
        {
            "{#DOMAINSSL}": "v2r-sz2.qlinlin.top"
        }
    ]
}
DEBUG 2021-10-03 07:09:10,598 - ####################################################################################################
DEBUG 2021-10-03 07:09:10,604 - DOMAIN DISCOVER
INFO 2021-10-03 07:09:10,604 - {
    "data": [
        {
            "{#DOMAINSSL}": "v2r-sz1.qlinlin.top"
        }, 
        {
            "{#DOMAINSSL}": "v2r-sz2.qlinlin.top"
        }
    ]
}
DEBUG 2021-10-03 08:09:09,262 - ####################################################################################################
DEBUG 2021-10-03 08:09:09,268 - DOMAIN DISCOVER
INFO 2021-10-03 08:09:09,268 - {
    "data": [
        {
            "{#DOMAINSSL}": "v2r-sz1.qlinlin.top"
        }, 
        {
            "{#DOMAINSSL}": "v2r-sz2.qlinlin.top"
        }
    ]
}
DEBUG 2021-10-03 09:09:10,411 - ####################################################################################################
DEBUG 2021-10-03 09:09:10,417 - DOMAIN DISCOVER
INFO 2021-10-03 09:09:10,417 - {
    "data": [
        {
            "{#DOMAINSSL}": "v2r-sz1.qlinlin.top"
        }, 
        {
            "{#DOMAINSSL}": "v2r-sz2.qlinlin.top"
        }
    ]
}
DEBUG 2021-10-03 10:09:08,979 - ####################################################################################################
DEBUG 2021-10-03 10:09:08,984 - DOMAIN DISCOVER
INFO 2021-10-03 10:09:08,985 - {
    "data": [
        {
            "{#DOMAINSSL}": "v2r-sz1.qlinlin.top"
        }, 
        {
            "{#DOMAINSSL}": "v2r-sz2.qlinlin.top"
        }
    ]
}
DEBUG 2021-10-03 11:09:08,874 - ####################################################################################################
DEBUG 2021-10-03 11:09:08,881 - DOMAIN DISCOVER
INFO 2021-10-03 11:09:08,881 - {
    "data": [
        {
            "{#DOMAINSSL}": "v2r-sz1.qlinlin.top"
        }, 
        {
            "{#DOMAINSSL}": "v2r-sz2.qlinlin.top"
        }
    ]
}
DEBUG 2021-10-03 12:09:10,039 - ####################################################################################################
DEBUG 2021-10-03 12:09:10,044 - DOMAIN DISCOVER
INFO 2021-10-03 12:09:10,044 - {
    "data": [
        {
            "{#DOMAINSSL}": "v2r-sz1.qlinlin.top"
        }, 
        {
            "{#DOMAINSSL}": "v2r-sz2.qlinlin.top"
        }
    ]
}
DEBUG 2021-10-03 13:09:08,405 - ####################################################################################################
DEBUG 2021-10-03 13:09:08,411 - DOMAIN DISCOVER
INFO 2021-10-03 13:09:08,411 - {
    "data": [
        {
            "{#DOMAINSSL}": "v2r-sz1.qlinlin.top"
        }, 
        {
            "{#DOMAINSSL}": "v2r-sz2.qlinlin.top"
        }
    ]
}
DEBUG 2021-10-03 14:09:12,015 - ####################################################################################################
DEBUG 2021-10-03 14:09:12,020 - DOMAIN DISCOVER
INFO 2021-10-03 14:09:12,021 - {
    "data": [
        {
            "{#DOMAINSSL}": "v2r-sz1.qlinlin.top"
        }, 
        {
            "{#DOMAINSSL}": "v2r-sz2.qlinlin.top"
        }
    ]
}
DEBUG 2021-10-03 15:09:09,709 - ####################################################################################################
DEBUG 2021-10-03 15:09:09,715 - DOMAIN DISCOVER
INFO 2021-10-03 15:09:09,715 - {
    "data": [
        {
            "{#DOMAINSSL}": "v2r-sz1.qlinlin.top"
        }, 
        {
            "{#DOMAINSSL}": "v2r-sz2.qlinlin.top"
        }
    ]
}
DEBUG 2021-10-03 16:09:11,804 - ####################################################################################################
DEBUG 2021-10-03 16:09:11,811 - DOMAIN DISCOVER
INFO 2021-10-03 16:09:11,811 - {
    "data": [
        {
            "{#DOMAINSSL}": "v2r-sz1.qlinlin.top"
        }, 
        {
            "{#DOMAINSSL}": "v2r-sz2.qlinlin.top"
        }
    ]
}
DEBUG 2021-10-03 17:09:09,951 - ####################################################################################################
DEBUG 2021-10-03 17:09:09,957 - DOMAIN DISCOVER
INFO 2021-10-03 17:09:09,957 - {
    "data": [
        {
            "{#DOMAINSSL}": "v2r-sz1.qlinlin.top"
        }, 
        {
            "{#DOMAINSSL}": "v2r-sz2.qlinlin.top"
        }
    ]
}
DEBUG 2021-10-03 18:09:08,930 - ####################################################################################################
DEBUG 2021-10-03 18:09:08,935 - DOMAIN DISCOVER
INFO 2021-10-03 18:09:08,936 - {
    "data": [
        {
            "{#DOMAINSSL}": "v2r-sz1.qlinlin.top"
        }, 
        {
            "{#DOMAINSSL}": "v2r-sz2.qlinlin.top"
        }
    ]
}
DEBUG 2021-10-03 19:09:08,324 - ####################################################################################################
DEBUG 2021-10-03 19:09:08,330 - DOMAIN DISCOVER
INFO 2021-10-03 19:09:08,330 - {
    "data": [
        {
            "{#DOMAINSSL}": "v2r-sz1.qlinlin.top"
        }, 
        {
            "{#DOMAINSSL}": "v2r-sz2.qlinlin.top"
        }
    ]
}
DEBUG 2021-10-03 20:09:10,161 - ####################################################################################################
DEBUG 2021-10-03 20:09:10,167 - DOMAIN DISCOVER
INFO 2021-10-03 20:09:10,168 - {
    "data": [
        {
            "{#DOMAINSSL}": "v2r-sz1.qlinlin.top"
        }, 
        {
            "{#DOMAINSSL}": "v2r-sz2.qlinlin.top"
        }
    ]
}
DEBUG 2021-10-03 21:09:10,696 - ####################################################################################################
DEBUG 2021-10-03 21:09:10,702 - DOMAIN DISCOVER
INFO 2021-10-03 21:09:10,702 - {
    "data": [
        {
            "{#DOMAINSSL}": "v2r-sz1.qlinlin.top"
        }, 
        {
            "{#DOMAINSSL}": "v2r-sz2.qlinlin.top"
        }
    ]
}
DEBUG 2021-10-03 22:09:10,128 - ####################################################################################################
DEBUG 2021-10-03 22:09:10,134 - DOMAIN DISCOVER
INFO 2021-10-03 22:09:10,134 - {
    "data": [
        {
            "{#DOMAINSSL}": "v2r-sz1.qlinlin.top"
        }, 
        {
            "{#DOMAINSSL}": "v2r-sz2.qlinlin.top"
        }
    ]
}
DEBUG 2021-10-03 23:09:10,398 - ####################################################################################################
DEBUG 2021-10-03 23:09:10,404 - DOMAIN DISCOVER
INFO 2021-10-03 23:09:10,404 - {
    "data": [
        {
            "{#DOMAINSSL}": "v2r-sz1.qlinlin.top"
        }, 
        {
            "{#DOMAINSSL}": "v2r-sz2.qlinlin.top"
        }
    ]
}
