DEBUG 2021-10-25 00:09:09,555 - ####################################################################################################
DEBUG 2021-10-25 00:09:09,562 - DOMAIN DISCOVER
INFO 2021-10-25 00:09:09,562 - {
    "data": [
        {
            "{#DOMAINSSL}": "mg.snapplog.com"
        }, 
        {
            "{#DOMAINSSL}": "delivip1.com"
        }, 
        {
            "{#DOMAINSSL}": "138eu.net"
        }, 
        {
            "{#DOMAINSSL}": "jubolai.com"
        }, 
        {
            "{#DOMAINSSL}": "mgb.snapplog.com"
        }, 
        {
            "{#DOMAINSSL}": "mgbtest.snapplog.com"
        }, 
        {
            "{#DOMAINSSL}": "vpn19.com"
        }, 
        {
            "{#DOMAINSSL}": "jiabbo98.net"
        }, 
        {
            "{#DOMAINSSL}": "jiabo28.net"
        }, 
        {
            "{#DOMAINSSL}": "gstechhk.com"
        }, 
        {
            "{#DOMAINSSL}": "yishengbet.com"
        }
    ]
}
DEBUG 2021-10-25 01:09:04,184 - ####################################################################################################
DEBUG 2021-10-25 01:09:04,190 - DOMAIN DISCOVER
INFO 2021-10-25 01:09:04,190 - {
    "data": [
        {
            "{#DOMAINSSL}": "mg.snapplog.com"
        }, 
        {
            "{#DOMAINSSL}": "delivip1.com"
        }, 
        {
            "{#DOMAINSSL}": "138eu.net"
        }, 
        {
            "{#DOMAINSSL}": "jubolai.com"
        }, 
        {
            "{#DOMAINSSL}": "mgb.snapplog.com"
        }, 
        {
            "{#DOMAINSSL}": "mgbtest.snapplog.com"
        }, 
        {
            "{#DOMAINSSL}": "vpn19.com"
        }, 
        {
            "{#DOMAINSSL}": "jiabbo98.net"
        }, 
        {
            "{#DOMAINSSL}": "jiabo28.net"
        }, 
        {
            "{#DOMAINSSL}": "gstechhk.com"
        }, 
        {
            "{#DOMAINSSL}": "yishengbet.com"
        }
    ]
}
DEBUG 2021-10-25 02:09:06,757 - ####################################################################################################
DEBUG 2021-10-25 02:09:06,762 - DOMAIN DISCOVER
INFO 2021-10-25 02:09:06,763 - {
    "data": [
        {
            "{#DOMAINSSL}": "mg.snapplog.com"
        }, 
        {
            "{#DOMAINSSL}": "delivip1.com"
        }, 
        {
            "{#DOMAINSSL}": "138eu.net"
        }, 
        {
            "{#DOMAINSSL}": "jubolai.com"
        }, 
        {
            "{#DOMAINSSL}": "mgb.snapplog.com"
        }, 
        {
            "{#DOMAINSSL}": "mgbtest.snapplog.com"
        }, 
        {
            "{#DOMAINSSL}": "vpn19.com"
        }, 
        {
            "{#DOMAINSSL}": "jiabbo98.net"
        }, 
        {
            "{#DOMAINSSL}": "jiabo28.net"
        }, 
        {
            "{#DOMAINSSL}": "gstechhk.com"
        }, 
        {
            "{#DOMAINSSL}": "yishengbet.com"
        }
    ]
}
DEBUG 2021-10-25 03:09:08,193 - ####################################################################################################
DEBUG 2021-10-25 03:09:08,199 - DOMAIN DISCOVER
INFO 2021-10-25 03:09:08,199 - {
    "data": [
        {
            "{#DOMAINSSL}": "mg.snapplog.com"
        }, 
        {
            "{#DOMAINSSL}": "delivip1.com"
        }, 
        {
            "{#DOMAINSSL}": "138eu.net"
        }, 
        {
            "{#DOMAINSSL}": "jubolai.com"
        }, 
        {
            "{#DOMAINSSL}": "mgb.snapplog.com"
        }, 
        {
            "{#DOMAINSSL}": "mgbtest.snapplog.com"
        }, 
        {
            "{#DOMAINSSL}": "vpn19.com"
        }, 
        {
            "{#DOMAINSSL}": "jiabbo98.net"
        }, 
        {
            "{#DOMAINSSL}": "jiabo28.net"
        }, 
        {
            "{#DOMAINSSL}": "gstechhk.com"
        }, 
        {
            "{#DOMAINSSL}": "yishengbet.com"
        }
    ]
}
DEBUG 2021-10-25 04:09:08,289 - ####################################################################################################
DEBUG 2021-10-25 04:09:08,296 - DOMAIN DISCOVER
INFO 2021-10-25 04:09:08,296 - {
    "data": [
        {
            "{#DOMAINSSL}": "mg.snapplog.com"
        }, 
        {
            "{#DOMAINSSL}": "delivip1.com"
        }, 
        {
            "{#DOMAINSSL}": "138eu.net"
        }, 
        {
            "{#DOMAINSSL}": "jubolai.com"
        }, 
        {
            "{#DOMAINSSL}": "mgb.snapplog.com"
        }, 
        {
            "{#DOMAINSSL}": "mgbtest.snapplog.com"
        }, 
        {
            "{#DOMAINSSL}": "vpn19.com"
        }, 
        {
            "{#DOMAINSSL}": "jiabbo98.net"
        }, 
        {
            "{#DOMAINSSL}": "jiabo28.net"
        }, 
        {
            "{#DOMAINSSL}": "gstechhk.com"
        }, 
        {
            "{#DOMAINSSL}": "yishengbet.com"
        }
    ]
}
DEBUG 2021-10-25 05:09:09,773 - ####################################################################################################
DEBUG 2021-10-25 05:09:09,779 - DOMAIN DISCOVER
INFO 2021-10-25 05:09:09,779 - {
    "data": [
        {
            "{#DOMAINSSL}": "mg.snapplog.com"
        }, 
        {
            "{#DOMAINSSL}": "delivip1.com"
        }, 
        {
            "{#DOMAINSSL}": "138eu.net"
        }, 
        {
            "{#DOMAINSSL}": "jubolai.com"
        }, 
        {
            "{#DOMAINSSL}": "eu7.com"
        }, 
        {
            "{#DOMAINSSL}": "mgb.snapplog.com"
        }, 
        {
            "{#DOMAINSSL}": "mgbtest.snapplog.com"
        }, 
        {
            "{#DOMAINSSL}": "vpn19.com"
        }, 
        {
            "{#DOMAINSSL}": "jiabbo98.net"
        }, 
        {
            "{#DOMAINSSL}": "jiabo28.net"
        }, 
        {
            "{#DOMAINSSL}": "gstechhk.com"
        }, 
        {
            "{#DOMAINSSL}": "yishengbet.com"
        }
    ]
}
DEBUG 2021-10-25 06:09:06,877 - ####################################################################################################
DEBUG 2021-10-25 06:09:06,883 - DOMAIN DISCOVER
INFO 2021-10-25 06:09:06,883 - {
    "data": [
        {
            "{#DOMAINSSL}": "mg.snapplog.com"
        }, 
        {
            "{#DOMAINSSL}": "delivip1.com"
        }, 
        {
            "{#DOMAINSSL}": "jubolai.com"
        }, 
        {
            "{#DOMAINSSL}": "mgb.snapplog.com"
        }, 
        {
            "{#DOMAINSSL}": "mgbtest.snapplog.com"
        }, 
        {
            "{#DOMAINSSL}": "vpn19.com"
        }, 
        {
            "{#DOMAINSSL}": "jiabbo98.net"
        }, 
        {
            "{#DOMAINSSL}": "jiabo28.net"
        }, 
        {
            "{#DOMAINSSL}": "gstechhk.com"
        }, 
        {
            "{#DOMAINSSL}": "yishengbet.com"
        }
    ]
}
DEBUG 2021-10-25 07:09:10,149 - ####################################################################################################
DEBUG 2021-10-25 07:09:10,155 - DOMAIN DISCOVER
INFO 2021-10-25 07:09:10,155 - {
    "data": [
        {
            "{#DOMAINSSL}": "mg.snapplog.com"
        }, 
        {
            "{#DOMAINSSL}": "jubolai.com"
        }, 
        {
            "{#DOMAINSSL}": "mgb.snapplog.com"
        }, 
        {
            "{#DOMAINSSL}": "mgbtest.snapplog.com"
        }, 
        {
            "{#DOMAINSSL}": "vpn19.com"
        }, 
        {
            "{#DOMAINSSL}": "jiabbo98.net"
        }, 
        {
            "{#DOMAINSSL}": "jiabo28.net"
        }, 
        {
            "{#DOMAINSSL}": "gstechhk.com"
        }, 
        {
            "{#DOMAINSSL}": "yishengbet.com"
        }
    ]
}
DEBUG 2021-10-25 08:09:09,617 - ####################################################################################################
DEBUG 2021-10-25 08:09:09,622 - DOMAIN DISCOVER
INFO 2021-10-25 08:09:09,622 - {
    "data": [
        {
            "{#DOMAINSSL}": "mg.snapplog.com"
        }, 
        {
            "{#DOMAINSSL}": "jubolai.com"
        }, 
        {
            "{#DOMAINSSL}": "mgb.snapplog.com"
        }, 
        {
            "{#DOMAINSSL}": "mgbtest.snapplog.com"
        }, 
        {
            "{#DOMAINSSL}": "vpn19.com"
        }, 
        {
            "{#DOMAINSSL}": "jiabbo98.net"
        }, 
        {
            "{#DOMAINSSL}": "jiabo28.net"
        }, 
        {
            "{#DOMAINSSL}": "gstechhk.com"
        }, 
        {
            "{#DOMAINSSL}": "yishengbet.com"
        }
    ]
}
DEBUG 2021-10-25 09:09:08,799 - ####################################################################################################
DEBUG 2021-10-25 09:09:08,806 - DOMAIN DISCOVER
INFO 2021-10-25 09:09:08,807 - {
    "data": [
        {
            "{#DOMAINSSL}": "mg.snapplog.com"
        }, 
        {
            "{#DOMAINSSL}": "jubolai.com"
        }, 
        {
            "{#DOMAINSSL}": "mgb.snapplog.com"
        }, 
        {
            "{#DOMAINSSL}": "mgbtest.snapplog.com"
        }, 
        {
            "{#DOMAINSSL}": "vpn19.com"
        }, 
        {
            "{#DOMAINSSL}": "jiabbo98.net"
        }, 
        {
            "{#DOMAINSSL}": "jiabo28.net"
        }, 
        {
            "{#DOMAINSSL}": "gstechhk.com"
        }, 
        {
            "{#DOMAINSSL}": "yishengbet.com"
        }
    ]
}
DEBUG 2021-10-25 10:09:07,448 - ####################################################################################################
DEBUG 2021-10-25 10:09:07,455 - DOMAIN DISCOVER
INFO 2021-10-25 10:09:07,455 - {
    "data": [
        {
            "{#DOMAINSSL}": "mg.snapplog.com"
        }, 
        {
            "{#DOMAINSSL}": "jubolai.com"
        }, 
        {
            "{#DOMAINSSL}": "mgb.snapplog.com"
        }, 
        {
            "{#DOMAINSSL}": "mgbtest.snapplog.com"
        }, 
        {
            "{#DOMAINSSL}": "vpn19.com"
        }, 
        {
            "{#DOMAINSSL}": "jiabbo98.net"
        }, 
        {
            "{#DOMAINSSL}": "jiabo28.net"
        }, 
        {
            "{#DOMAINSSL}": "gstechhk.com"
        }, 
        {
            "{#DOMAINSSL}": "yishengbet.com"
        }
    ]
}
DEBUG 2021-10-25 11:09:06,461 - ####################################################################################################
DEBUG 2021-10-25 11:09:06,467 - DOMAIN DISCOVER
INFO 2021-10-25 11:09:06,467 - {
    "data": [
        {
            "{#DOMAINSSL}": "mg.snapplog.com"
        }, 
        {
            "{#DOMAINSSL}": "jubolai.com"
        }, 
        {
            "{#DOMAINSSL}": "mgb.snapplog.com"
        }, 
        {
            "{#DOMAINSSL}": "mgbtest.snapplog.com"
        }, 
        {
            "{#DOMAINSSL}": "vpn19.com"
        }, 
        {
            "{#DOMAINSSL}": "jiabbo98.net"
        }, 
        {
            "{#DOMAINSSL}": "jiabo28.net"
        }, 
        {
            "{#DOMAINSSL}": "gstechhk.com"
        }, 
        {
            "{#DOMAINSSL}": "yishengbet.com"
        }
    ]
}
DEBUG 2021-10-25 12:09:08,162 - ####################################################################################################
DEBUG 2021-10-25 12:09:08,169 - DOMAIN DISCOVER
INFO 2021-10-25 12:09:08,169 - {
    "data": [
        {
            "{#DOMAINSSL}": "mg.snapplog.com"
        }, 
        {
            "{#DOMAINSSL}": "jubolai.com"
        }, 
        {
            "{#DOMAINSSL}": "mgb.snapplog.com"
        }, 
        {
            "{#DOMAINSSL}": "mgbtest.snapplog.com"
        }, 
        {
            "{#DOMAINSSL}": "vpn19.com"
        }, 
        {
            "{#DOMAINSSL}": "jiabbo98.net"
        }, 
        {
            "{#DOMAINSSL}": "jiabo28.net"
        }, 
        {
            "{#DOMAINSSL}": "gstechhk.com"
        }, 
        {
            "{#DOMAINSSL}": "yishengbet.com"
        }
    ]
}
DEBUG 2021-10-25 13:09:09,978 - ####################################################################################################
DEBUG 2021-10-25 13:09:09,984 - DOMAIN DISCOVER
INFO 2021-10-25 13:09:09,984 - {
    "data": [
        {
            "{#DOMAINSSL}": "mg.snapplog.com"
        }, 
        {
            "{#DOMAINSSL}": "jubolai.com"
        }, 
        {
            "{#DOMAINSSL}": "mgb.snapplog.com"
        }, 
        {
            "{#DOMAINSSL}": "mgbtest.snapplog.com"
        }, 
        {
            "{#DOMAINSSL}": "vpn19.com"
        }, 
        {
            "{#DOMAINSSL}": "jiabbo98.net"
        }, 
        {
            "{#DOMAINSSL}": "jiabo28.net"
        }, 
        {
            "{#DOMAINSSL}": "gstechhk.com"
        }, 
        {
            "{#DOMAINSSL}": "yishengbet.com"
        }
    ]
}
DEBUG 2021-10-25 14:09:10,910 - ####################################################################################################
DEBUG 2021-10-25 14:09:10,916 - DOMAIN DISCOVER
INFO 2021-10-25 14:09:10,916 - {
    "data": [
        {
            "{#DOMAINSSL}": "mg.snapplog.com"
        }, 
        {
            "{#DOMAINSSL}": "jubolai.com"
        }, 
        {
            "{#DOMAINSSL}": "mgb.snapplog.com"
        }, 
        {
            "{#DOMAINSSL}": "mgbtest.snapplog.com"
        }, 
        {
            "{#DOMAINSSL}": "vpn19.com"
        }, 
        {
            "{#DOMAINSSL}": "jiabbo98.net"
        }, 
        {
            "{#DOMAINSSL}": "jiabo28.net"
        }, 
        {
            "{#DOMAINSSL}": "gstechhk.com"
        }, 
        {
            "{#DOMAINSSL}": "yishengbet.com"
        }
    ]
}
DEBUG 2021-10-25 15:09:11,346 - ####################################################################################################
DEBUG 2021-10-25 15:09:11,352 - DOMAIN DISCOVER
INFO 2021-10-25 15:09:11,353 - {
    "data": [
        {
            "{#DOMAINSSL}": "mg.snapplog.com"
        }, 
        {
            "{#DOMAINSSL}": "jubolai.com"
        }, 
        {
            "{#DOMAINSSL}": "mgb.snapplog.com"
        }, 
        {
            "{#DOMAINSSL}": "mgbtest.snapplog.com"
        }, 
        {
            "{#DOMAINSSL}": "vpn19.com"
        }, 
        {
            "{#DOMAINSSL}": "jiabbo98.net"
        }, 
        {
            "{#DOMAINSSL}": "jiabo28.net"
        }, 
        {
            "{#DOMAINSSL}": "gstechhk.com"
        }, 
        {
            "{#DOMAINSSL}": "yishengbet.com"
        }
    ]
}
DEBUG 2021-10-25 16:09:06,805 - ####################################################################################################
DEBUG 2021-10-25 16:09:06,810 - DOMAIN DISCOVER
INFO 2021-10-25 16:09:06,810 - {
    "data": [
        {
            "{#DOMAINSSL}": "mg.snapplog.com"
        }, 
        {
            "{#DOMAINSSL}": "jubolai.com"
        }, 
        {
            "{#DOMAINSSL}": "mgb.snapplog.com"
        }, 
        {
            "{#DOMAINSSL}": "mgbtest.snapplog.com"
        }, 
        {
            "{#DOMAINSSL}": "vpn19.com"
        }, 
        {
            "{#DOMAINSSL}": "jiabbo98.net"
        }, 
        {
            "{#DOMAINSSL}": "jiabo28.net"
        }, 
        {
            "{#DOMAINSSL}": "gstechhk.com"
        }, 
        {
            "{#DOMAINSSL}": "yishengbet.com"
        }
    ]
}
DEBUG 2021-10-25 17:09:11,183 - ####################################################################################################
DEBUG 2021-10-25 17:09:11,190 - DOMAIN DISCOVER
INFO 2021-10-25 17:09:11,190 - {
    "data": [
        {
            "{#DOMAINSSL}": "mg.snapplog.com"
        }, 
        {
            "{#DOMAINSSL}": "jubolai.com"
        }, 
        {
            "{#DOMAINSSL}": "mgb.snapplog.com"
        }, 
        {
            "{#DOMAINSSL}": "mgbtest.snapplog.com"
        }, 
        {
            "{#DOMAINSSL}": "vpn19.com"
        }, 
        {
            "{#DOMAINSSL}": "jiabbo98.net"
        }, 
        {
            "{#DOMAINSSL}": "jiabo28.net"
        }, 
        {
            "{#DOMAINSSL}": "gstechhk.com"
        }, 
        {
            "{#DOMAINSSL}": "yishengbet.com"
        }
    ]
}
DEBUG 2021-10-25 18:09:11,377 - ####################################################################################################
DEBUG 2021-10-25 18:09:11,383 - DOMAIN DISCOVER
INFO 2021-10-25 18:09:11,383 - {
    "data": [
        {
            "{#DOMAINSSL}": "mg.snapplog.com"
        }, 
        {
            "{#DOMAINSSL}": "jubolai.com"
        }, 
        {
            "{#DOMAINSSL}": "mgb.snapplog.com"
        }, 
        {
            "{#DOMAINSSL}": "mgbtest.snapplog.com"
        }, 
        {
            "{#DOMAINSSL}": "vpn19.com"
        }, 
        {
            "{#DOMAINSSL}": "jiabbo98.net"
        }, 
        {
            "{#DOMAINSSL}": "jiabo28.net"
        }, 
        {
            "{#DOMAINSSL}": "gstechhk.com"
        }, 
        {
            "{#DOMAINSSL}": "yishengbet.com"
        }
    ]
}
DEBUG 2021-10-25 19:09:10,760 - ####################################################################################################
DEBUG 2021-10-25 19:09:10,766 - DOMAIN DISCOVER
INFO 2021-10-25 19:09:10,766 - {
    "data": [
        {
            "{#DOMAINSSL}": "mg.snapplog.com"
        }, 
        {
            "{#DOMAINSSL}": "jubolai.com"
        }, 
        {
            "{#DOMAINSSL}": "mgb.snapplog.com"
        }, 
        {
            "{#DOMAINSSL}": "mgbtest.snapplog.com"
        }, 
        {
            "{#DOMAINSSL}": "vpn19.com"
        }, 
        {
            "{#DOMAINSSL}": "jiabbo98.net"
        }, 
        {
            "{#DOMAINSSL}": "jiabo28.net"
        }, 
        {
            "{#DOMAINSSL}": "gstechhk.com"
        }, 
        {
            "{#DOMAINSSL}": "yishengbet.com"
        }
    ]
}
DEBUG 2021-10-25 20:09:11,318 - ####################################################################################################
DEBUG 2021-10-25 20:09:11,323 - DOMAIN DISCOVER
INFO 2021-10-25 20:09:11,323 - {
    "data": [
        {
            "{#DOMAINSSL}": "mg.snapplog.com"
        }, 
        {
            "{#DOMAINSSL}": "jubolai.com"
        }, 
        {
            "{#DOMAINSSL}": "mgb.snapplog.com"
        }, 
        {
            "{#DOMAINSSL}": "mgbtest.snapplog.com"
        }, 
        {
            "{#DOMAINSSL}": "vpn19.com"
        }, 
        {
            "{#DOMAINSSL}": "jiabbo98.net"
        }, 
        {
            "{#DOMAINSSL}": "jiabo28.net"
        }, 
        {
            "{#DOMAINSSL}": "gstechhk.com"
        }, 
        {
            "{#DOMAINSSL}": "yishengbet.com"
        }
    ]
}
DEBUG 2021-10-25 21:09:10,368 - ####################################################################################################
DEBUG 2021-10-25 21:09:10,375 - DOMAIN DISCOVER
INFO 2021-10-25 21:09:10,375 - {
    "data": [
        {
            "{#DOMAINSSL}": "mg.snapplog.com"
        }, 
        {
            "{#DOMAINSSL}": "jubolai.com"
        }, 
        {
            "{#DOMAINSSL}": "mgb.snapplog.com"
        }, 
        {
            "{#DOMAINSSL}": "mgbtest.snapplog.com"
        }, 
        {
            "{#DOMAINSSL}": "vpn19.com"
        }, 
        {
            "{#DOMAINSSL}": "jiabbo98.net"
        }, 
        {
            "{#DOMAINSSL}": "jiabo28.net"
        }, 
        {
            "{#DOMAINSSL}": "gstechhk.com"
        }, 
        {
            "{#DOMAINSSL}": "yishengbet.com"
        }
    ]
}
DEBUG 2021-10-25 22:09:07,655 - ####################################################################################################
DEBUG 2021-10-25 22:09:07,661 - DOMAIN DISCOVER
INFO 2021-10-25 22:09:07,662 - {
    "data": [
        {
            "{#DOMAINSSL}": "mg.snapplog.com"
        }, 
        {
            "{#DOMAINSSL}": "jubolai.com"
        }, 
        {
            "{#DOMAINSSL}": "mgb.snapplog.com"
        }, 
        {
            "{#DOMAINSSL}": "mgbtest.snapplog.com"
        }, 
        {
            "{#DOMAINSSL}": "vpn19.com"
        }, 
        {
            "{#DOMAINSSL}": "jiabbo98.net"
        }, 
        {
            "{#DOMAINSSL}": "jiabo28.net"
        }, 
        {
            "{#DOMAINSSL}": "gstechhk.com"
        }, 
        {
            "{#DOMAINSSL}": "yishengbet.com"
        }
    ]
}
DEBUG 2021-10-25 23:09:07,108 - ####################################################################################################
DEBUG 2021-10-25 23:09:07,114 - DOMAIN DISCOVER
INFO 2021-10-25 23:09:07,114 - {
    "data": [
        {
            "{#DOMAINSSL}": "mg.snapplog.com"
        }, 
        {
            "{#DOMAINSSL}": "jubolai.com"
        }, 
        {
            "{#DOMAINSSL}": "mgb.snapplog.com"
        }, 
        {
            "{#DOMAINSSL}": "mgbtest.snapplog.com"
        }, 
        {
            "{#DOMAINSSL}": "vpn19.com"
        }, 
        {
            "{#DOMAINSSL}": "jiabbo98.net"
        }, 
        {
            "{#DOMAINSSL}": "jiabo28.net"
        }, 
        {
            "{#DOMAINSSL}": "gstechhk.com"
        }, 
        {
            "{#DOMAINSSL}": "yishengbet.com"
        }
    ]
}
