DEBUG 2021-06-27 00:08:48,388 - ####################################################################################################
DEBUG 2021-06-27 00:08:48,395 - DOMAIN DISCOVER
INFO 2021-06-27 00:08:48,395 - {
    "data": [
        {
            "{#DOMAINSSL}": "hujidi.com"
        }, 
        {
            "{#DOMAINSSL}": "bao5566.com"
        }, 
        {
            "{#DOMAINSSL}": "www.bao5566.com"
        }, 
        {
            "{#DOMAINSSL}": "12golf.com"
        }, 
        {
            "{#DOMAINSSL}": "www.12golf.com"
        }, 
        {
            "{#DOMAINSSL}": "wpc89.com"
        }, 
        {
            "{#DOMAINSSL}": "www.wpc89.com"
        }
    ]
}
DEBUG 2021-06-27 01:08:47,616 - ####################################################################################################
DEBUG 2021-06-27 01:08:47,622 - DOMAIN DISCOVER
INFO 2021-06-27 01:08:47,623 - {
    "data": [
        {
            "{#DOMAINSSL}": "hujidi.com"
        }, 
        {
            "{#DOMAINSSL}": "bao5566.com"
        }, 
        {
            "{#DOMAINSSL}": "www.bao5566.com"
        }, 
        {
            "{#DOMAINSSL}": "12golf.com"
        }, 
        {
            "{#DOMAINSSL}": "www.12golf.com"
        }, 
        {
            "{#DOMAINSSL}": "wpc89.com"
        }, 
        {
            "{#DOMAINSSL}": "www.wpc89.com"
        }
    ]
}
DEBUG 2021-06-27 02:08:49,805 - ####################################################################################################
DEBUG 2021-06-27 02:08:49,811 - DOMAIN DISCOVER
INFO 2021-06-27 02:08:49,811 - {
    "data": [
        {
            "{#DOMAINSSL}": "hujidi.com"
        }, 
        {
            "{#DOMAINSSL}": "bao5566.com"
        }, 
        {
            "{#DOMAINSSL}": "www.bao5566.com"
        }, 
        {
            "{#DOMAINSSL}": "12golf.com"
        }, 
        {
            "{#DOMAINSSL}": "www.12golf.com"
        }, 
        {
            "{#DOMAINSSL}": "wpc89.com"
        }, 
        {
            "{#DOMAINSSL}": "www.wpc89.com"
        }
    ]
}
DEBUG 2021-06-27 03:08:51,124 - ####################################################################################################
DEBUG 2021-06-27 03:08:51,130 - DOMAIN DISCOVER
INFO 2021-06-27 03:08:51,130 - {
    "data": [
        {
            "{#DOMAINSSL}": "hujidi.com"
        }, 
        {
            "{#DOMAINSSL}": "bao5566.com"
        }, 
        {
            "{#DOMAINSSL}": "www.bao5566.com"
        }, 
        {
            "{#DOMAINSSL}": "12golf.com"
        }, 
        {
            "{#DOMAINSSL}": "www.12golf.com"
        }, 
        {
            "{#DOMAINSSL}": "wpc89.com"
        }, 
        {
            "{#DOMAINSSL}": "www.wpc89.com"
        }
    ]
}
DEBUG 2021-06-27 04:08:47,544 - ####################################################################################################
DEBUG 2021-06-27 04:08:47,551 - DOMAIN DISCOVER
INFO 2021-06-27 04:08:47,551 - {
    "data": [
        {
            "{#DOMAINSSL}": "hujidi.com"
        }, 
        {
            "{#DOMAINSSL}": "bao5566.com"
        }, 
        {
            "{#DOMAINSSL}": "www.bao5566.com"
        }, 
        {
            "{#DOMAINSSL}": "12golf.com"
        }, 
        {
            "{#DOMAINSSL}": "www.12golf.com"
        }, 
        {
            "{#DOMAINSSL}": "wpc89.com"
        }, 
        {
            "{#DOMAINSSL}": "www.wpc89.com"
        }
    ]
}
DEBUG 2021-06-27 05:08:45,054 - ####################################################################################################
DEBUG 2021-06-27 05:08:45,060 - DOMAIN DISCOVER
INFO 2021-06-27 05:08:45,060 - {
    "data": [
        {
            "{#DOMAINSSL}": "xingtou777.com"
        }, 
        {
            "{#DOMAINSSL}": "xbet099.com"
        }, 
        {
            "{#DOMAINSSL}": "hujidi.com"
        }, 
        {
            "{#DOMAINSSL}": "manilatech1.com"
        }, 
        {
            "{#DOMAINSSL}": "bao358.com"
        }, 
        {
            "{#DOMAINSSL}": "bao5566.com"
        }, 
        {
            "{#DOMAINSSL}": "www.bao5566.com"
        }, 
        {
            "{#DOMAINSSL}": "12golf.com"
        }, 
        {
            "{#DOMAINSSL}": "www.12golf.com"
        }, 
        {
            "{#DOMAINSSL}": "wpc89.com"
        }, 
        {
            "{#DOMAINSSL}": "www.wpc89.com"
        }
    ]
}
DEBUG 2021-06-27 06:08:48,759 - ####################################################################################################
DEBUG 2021-06-27 06:08:48,766 - DOMAIN DISCOVER
INFO 2021-06-27 06:08:48,766 - {
    "data": [
        {
            "{#DOMAINSSL}": "v68svip.com"
        }, 
        {
            "{#DOMAINSSL}": "kb171.com"
        }, 
        {
            "{#DOMAINSSL}": "jinshihao5.com"
        }, 
        {
            "{#DOMAINSSL}": "jin883.com"
        }, 
        {
            "{#DOMAINSSL}": "euyule.com"
        }, 
        {
            "{#DOMAINSSL}": "xbet158.com"
        }, 
        {
            "{#DOMAINSSL}": "hujidi.com"
        }, 
        {
            "{#DOMAINSSL}": "bao5566.com"
        }, 
        {
            "{#DOMAINSSL}": "www.bao5566.com"
        }, 
        {
            "{#DOMAINSSL}": "12golf.com"
        }, 
        {
            "{#DOMAINSSL}": "www.12golf.com"
        }, 
        {
            "{#DOMAINSSL}": "wpc89.com"
        }, 
        {
            "{#DOMAINSSL}": "www.wpc89.com"
        }
    ]
}
DEBUG 2021-06-27 07:08:48,267 - ####################################################################################################
DEBUG 2021-06-27 07:08:48,274 - DOMAIN DISCOVER
INFO 2021-06-27 07:08:48,274 - {
    "data": [
        {
            "{#DOMAINSSL}": "hujidi.com"
        }, 
        {
            "{#DOMAINSSL}": "bao5566.com"
        }, 
        {
            "{#DOMAINSSL}": "www.bao5566.com"
        }, 
        {
            "{#DOMAINSSL}": "12golf.com"
        }, 
        {
            "{#DOMAINSSL}": "www.12golf.com"
        }, 
        {
            "{#DOMAINSSL}": "wpc89.com"
        }, 
        {
            "{#DOMAINSSL}": "www.wpc89.com"
        }
    ]
}
DEBUG 2021-06-27 08:08:47,209 - ####################################################################################################
DEBUG 2021-06-27 08:08:47,214 - DOMAIN DISCOVER
INFO 2021-06-27 08:08:47,215 - {
    "data": [
        {
            "{#DOMAINSSL}": "hujidi.com"
        }, 
        {
            "{#DOMAINSSL}": "bao5566.com"
        }, 
        {
            "{#DOMAINSSL}": "www.bao5566.com"
        }, 
        {
            "{#DOMAINSSL}": "12golf.com"
        }, 
        {
            "{#DOMAINSSL}": "www.12golf.com"
        }, 
        {
            "{#DOMAINSSL}": "wpc89.com"
        }, 
        {
            "{#DOMAINSSL}": "www.wpc89.com"
        }
    ]
}
DEBUG 2021-06-27 09:08:48,372 - ####################################################################################################
DEBUG 2021-06-27 09:08:48,378 - DOMAIN DISCOVER
INFO 2021-06-27 09:08:48,378 - {
    "data": [
        {
            "{#DOMAINSSL}": "hujidi.com"
        }, 
        {
            "{#DOMAINSSL}": "bao5566.com"
        }, 
        {
            "{#DOMAINSSL}": "www.bao5566.com"
        }, 
        {
            "{#DOMAINSSL}": "12golf.com"
        }, 
        {
            "{#DOMAINSSL}": "www.12golf.com"
        }, 
        {
            "{#DOMAINSSL}": "wpc89.com"
        }, 
        {
            "{#DOMAINSSL}": "www.wpc89.com"
        }
    ]
}
DEBUG 2021-06-27 10:08:50,735 - ####################################################################################################
DEBUG 2021-06-27 10:08:50,741 - DOMAIN DISCOVER
INFO 2021-06-27 10:08:50,742 - {
    "data": [
        {
            "{#DOMAINSSL}": "hujidi.com"
        }, 
        {
            "{#DOMAINSSL}": "bao5566.com"
        }, 
        {
            "{#DOMAINSSL}": "www.bao5566.com"
        }, 
        {
            "{#DOMAINSSL}": "12golf.com"
        }, 
        {
            "{#DOMAINSSL}": "www.12golf.com"
        }, 
        {
            "{#DOMAINSSL}": "wpc89.com"
        }, 
        {
            "{#DOMAINSSL}": "www.wpc89.com"
        }
    ]
}
DEBUG 2021-06-27 11:08:49,022 - ####################################################################################################
DEBUG 2021-06-27 11:08:49,029 - DOMAIN DISCOVER
INFO 2021-06-27 11:08:49,029 - {
    "data": [
        {
            "{#DOMAINSSL}": "hujidi.com"
        }, 
        {
            "{#DOMAINSSL}": "bao5566.com"
        }, 
        {
            "{#DOMAINSSL}": "www.bao5566.com"
        }, 
        {
            "{#DOMAINSSL}": "12golf.com"
        }, 
        {
            "{#DOMAINSSL}": "www.12golf.com"
        }, 
        {
            "{#DOMAINSSL}": "wpc89.com"
        }, 
        {
            "{#DOMAINSSL}": "www.wpc89.com"
        }
    ]
}
DEBUG 2021-06-27 12:08:47,955 - ####################################################################################################
DEBUG 2021-06-27 12:08:47,961 - DOMAIN DISCOVER
INFO 2021-06-27 12:08:47,961 - {
    "data": [
        {
            "{#DOMAINSSL}": "hujidi.com"
        }, 
        {
            "{#DOMAINSSL}": "bao5566.com"
        }, 
        {
            "{#DOMAINSSL}": "www.bao5566.com"
        }, 
        {
            "{#DOMAINSSL}": "12golf.com"
        }, 
        {
            "{#DOMAINSSL}": "www.12golf.com"
        }, 
        {
            "{#DOMAINSSL}": "wpc89.com"
        }, 
        {
            "{#DOMAINSSL}": "www.wpc89.com"
        }
    ]
}
DEBUG 2021-06-27 13:08:49,110 - ####################################################################################################
DEBUG 2021-06-27 13:08:49,116 - DOMAIN DISCOVER
INFO 2021-06-27 13:08:49,116 - {
    "data": [
        {
            "{#DOMAINSSL}": "hujidi.com"
        }, 
        {
            "{#DOMAINSSL}": "bao5566.com"
        }, 
        {
            "{#DOMAINSSL}": "www.bao5566.com"
        }, 
        {
            "{#DOMAINSSL}": "12golf.com"
        }, 
        {
            "{#DOMAINSSL}": "www.12golf.com"
        }, 
        {
            "{#DOMAINSSL}": "wpc89.com"
        }, 
        {
            "{#DOMAINSSL}": "www.wpc89.com"
        }
    ]
}
DEBUG 2021-06-27 14:08:49,578 - ####################################################################################################
DEBUG 2021-06-27 14:08:49,584 - DOMAIN DISCOVER
INFO 2021-06-27 14:08:49,584 - {
    "data": [
        {
            "{#DOMAINSSL}": "hujidi.com"
        }, 
        {
            "{#DOMAINSSL}": "bao5566.com"
        }, 
        {
            "{#DOMAINSSL}": "www.bao5566.com"
        }, 
        {
            "{#DOMAINSSL}": "12golf.com"
        }, 
        {
            "{#DOMAINSSL}": "www.12golf.com"
        }, 
        {
            "{#DOMAINSSL}": "wpc89.com"
        }, 
        {
            "{#DOMAINSSL}": "www.wpc89.com"
        }
    ]
}
DEBUG 2021-06-27 15:08:47,832 - ####################################################################################################
DEBUG 2021-06-27 15:08:47,837 - DOMAIN DISCOVER
INFO 2021-06-27 15:08:47,838 - {
    "data": [
        {
            "{#DOMAINSSL}": "hujidi.com"
        }, 
        {
            "{#DOMAINSSL}": "bao5566.com"
        }, 
        {
            "{#DOMAINSSL}": "www.bao5566.com"
        }, 
        {
            "{#DOMAINSSL}": "12golf.com"
        }, 
        {
            "{#DOMAINSSL}": "www.12golf.com"
        }, 
        {
            "{#DOMAINSSL}": "wpc89.com"
        }, 
        {
            "{#DOMAINSSL}": "www.wpc89.com"
        }
    ]
}
DEBUG 2021-06-27 16:08:49,859 - ####################################################################################################
DEBUG 2021-06-27 16:08:49,865 - DOMAIN DISCOVER
INFO 2021-06-27 16:08:49,865 - {
    "data": [
        {
            "{#DOMAINSSL}": "hujidi.com"
        }, 
        {
            "{#DOMAINSSL}": "bao5566.com"
        }, 
        {
            "{#DOMAINSSL}": "www.bao5566.com"
        }, 
        {
            "{#DOMAINSSL}": "12golf.com"
        }, 
        {
            "{#DOMAINSSL}": "www.12golf.com"
        }, 
        {
            "{#DOMAINSSL}": "wpc89.com"
        }, 
        {
            "{#DOMAINSSL}": "www.wpc89.com"
        }
    ]
}
DEBUG 2021-06-27 17:08:49,177 - ####################################################################################################
DEBUG 2021-06-27 17:08:49,183 - DOMAIN DISCOVER
INFO 2021-06-27 17:08:49,183 - {
    "data": [
        {
            "{#DOMAINSSL}": "hujidi.com"
        }, 
        {
            "{#DOMAINSSL}": "bao5566.com"
        }, 
        {
            "{#DOMAINSSL}": "www.bao5566.com"
        }, 
        {
            "{#DOMAINSSL}": "12golf.com"
        }, 
        {
            "{#DOMAINSSL}": "www.12golf.com"
        }, 
        {
            "{#DOMAINSSL}": "wpc89.com"
        }, 
        {
            "{#DOMAINSSL}": "www.wpc89.com"
        }
    ]
}
DEBUG 2021-06-27 18:08:48,184 - ####################################################################################################
DEBUG 2021-06-27 18:08:48,190 - DOMAIN DISCOVER
INFO 2021-06-27 18:08:48,191 - {
    "data": [
        {
            "{#DOMAINSSL}": "hujidi.com"
        }, 
        {
            "{#DOMAINSSL}": "bao5566.com"
        }, 
        {
            "{#DOMAINSSL}": "www.bao5566.com"
        }, 
        {
            "{#DOMAINSSL}": "12golf.com"
        }, 
        {
            "{#DOMAINSSL}": "www.12golf.com"
        }, 
        {
            "{#DOMAINSSL}": "wpc89.com"
        }, 
        {
            "{#DOMAINSSL}": "www.wpc89.com"
        }
    ]
}
DEBUG 2021-06-27 19:08:46,995 - ####################################################################################################
DEBUG 2021-06-27 19:08:47,001 - DOMAIN DISCOVER
INFO 2021-06-27 19:08:47,001 - {
    "data": [
        {
            "{#DOMAINSSL}": "hujidi.com"
        }, 
        {
            "{#DOMAINSSL}": "bao5566.com"
        }, 
        {
            "{#DOMAINSSL}": "www.bao5566.com"
        }, 
        {
            "{#DOMAINSSL}": "12golf.com"
        }, 
        {
            "{#DOMAINSSL}": "www.12golf.com"
        }, 
        {
            "{#DOMAINSSL}": "wpc89.com"
        }, 
        {
            "{#DOMAINSSL}": "www.wpc89.com"
        }
    ]
}
DEBUG 2021-06-27 20:08:49,892 - ####################################################################################################
DEBUG 2021-06-27 20:08:49,898 - DOMAIN DISCOVER
INFO 2021-06-27 20:08:49,898 - {
    "data": [
        {
            "{#DOMAINSSL}": "hujidi.com"
        }, 
        {
            "{#DOMAINSSL}": "bao5566.com"
        }, 
        {
            "{#DOMAINSSL}": "www.bao5566.com"
        }, 
        {
            "{#DOMAINSSL}": "12golf.com"
        }, 
        {
            "{#DOMAINSSL}": "www.12golf.com"
        }, 
        {
            "{#DOMAINSSL}": "wpc89.com"
        }, 
        {
            "{#DOMAINSSL}": "www.wpc89.com"
        }
    ]
}
DEBUG 2021-06-27 21:08:50,302 - ####################################################################################################
DEBUG 2021-06-27 21:08:50,309 - DOMAIN DISCOVER
INFO 2021-06-27 21:08:50,309 - {
    "data": [
        {
            "{#DOMAINSSL}": "hujidi.com"
        }, 
        {
            "{#DOMAINSSL}": "bao5566.com"
        }, 
        {
            "{#DOMAINSSL}": "www.bao5566.com"
        }, 
        {
            "{#DOMAINSSL}": "12golf.com"
        }, 
        {
            "{#DOMAINSSL}": "www.12golf.com"
        }, 
        {
            "{#DOMAINSSL}": "wpc89.com"
        }, 
        {
            "{#DOMAINSSL}": "www.wpc89.com"
        }
    ]
}
DEBUG 2021-06-27 22:08:51,673 - ####################################################################################################
DEBUG 2021-06-27 22:08:51,679 - DOMAIN DISCOVER
INFO 2021-06-27 22:08:51,679 - {
    "data": [
        {
            "{#DOMAINSSL}": "hujidi.com"
        }, 
        {
            "{#DOMAINSSL}": "bao5566.com"
        }, 
        {
            "{#DOMAINSSL}": "www.bao5566.com"
        }, 
        {
            "{#DOMAINSSL}": "12golf.com"
        }, 
        {
            "{#DOMAINSSL}": "www.12golf.com"
        }, 
        {
            "{#DOMAINSSL}": "wpc89.com"
        }, 
        {
            "{#DOMAINSSL}": "www.wpc89.com"
        }
    ]
}
DEBUG 2021-06-27 23:08:47,014 - ####################################################################################################
DEBUG 2021-06-27 23:08:47,020 - DOMAIN DISCOVER
INFO 2021-06-27 23:08:47,021 - {
    "data": [
        {
            "{#DOMAINSSL}": "hujidi.com"
        }, 
        {
            "{#DOMAINSSL}": "bao5566.com"
        }, 
        {
            "{#DOMAINSSL}": "www.bao5566.com"
        }, 
        {
            "{#DOMAINSSL}": "12golf.com"
        }, 
        {
            "{#DOMAINSSL}": "www.12golf.com"
        }, 
        {
            "{#DOMAINSSL}": "wpc89.com"
        }, 
        {
            "{#DOMAINSSL}": "www.wpc89.com"
        }
    ]
}
