DEBUG 2021-07-07 00:08:53,382 - ####################################################################################################
DEBUG 2021-07-07 00:08:53,388 - DOMAIN DISCOVER
INFO 2021-07-07 00:08:53,388 - {
    "data": [
        {
            "{#DOMAINSSL}": "tochat333.com"
        }, 
        {
            "{#DOMAINSSL}": "wpc89.com"
        }, 
        {
            "{#DOMAINSSL}": "www.wpc89.com"
        }
    ]
}
DEBUG 2021-07-07 01:08:53,233 - ####################################################################################################
DEBUG 2021-07-07 01:08:53,239 - DOMAIN DISCOVER
INFO 2021-07-07 01:08:53,239 - {
    "data": [
        {
            "{#DOMAINSSL}": "tochat333.com"
        }, 
        {
            "{#DOMAINSSL}": "wpc89.com"
        }, 
        {
            "{#DOMAINSSL}": "www.wpc89.com"
        }
    ]
}
DEBUG 2021-07-07 02:08:51,865 - ####################################################################################################
DEBUG 2021-07-07 02:08:51,871 - DOMAIN DISCOVER
INFO 2021-07-07 02:08:51,871 - {
    "data": [
        {
            "{#DOMAINSSL}": "tochat333.com"
        }, 
        {
            "{#DOMAINSSL}": "wpc89.com"
        }, 
        {
            "{#DOMAINSSL}": "www.wpc89.com"
        }
    ]
}
DEBUG 2021-07-07 03:08:49,989 - ####################################################################################################
DEBUG 2021-07-07 03:08:49,995 - DOMAIN DISCOVER
INFO 2021-07-07 03:08:49,995 - {
    "data": [
        {
            "{#DOMAINSSL}": "tochat333.com"
        }, 
        {
            "{#DOMAINSSL}": "wpc89.com"
        }, 
        {
            "{#DOMAINSSL}": "www.wpc89.com"
        }
    ]
}
DEBUG 2021-07-07 04:08:50,684 - ####################################################################################################
DEBUG 2021-07-07 04:08:50,690 - DOMAIN DISCOVER
INFO 2021-07-07 04:08:50,690 - {
    "data": [
        {
            "{#DOMAINSSL}": "tochat333.com"
        }, 
        {
            "{#DOMAINSSL}": "wpc89.com"
        }, 
        {
            "{#DOMAINSSL}": "www.wpc89.com"
        }
    ]
}
DEBUG 2021-07-07 05:08:48,794 - ####################################################################################################
DEBUG 2021-07-07 05:08:48,803 - DOMAIN DISCOVER
INFO 2021-07-07 05:08:48,803 - {
    "data": [
        {
            "{#DOMAINSSL}": "kbl8888.net"
        }, 
        {
            "{#DOMAINSSL}": "tv36.com"
        }, 
        {
            "{#DOMAINSSL}": "ying88888.com"
        }, 
        {
            "{#DOMAINSSL}": "jiabo18.com"
        }, 
        {
            "{#DOMAINSSL}": "tochat333.com"
        }, 
        {
            "{#DOMAINSSL}": "ytsefeng.com"
        }, 
        {
            "{#DOMAINSSL}": "www.ytsefeng.com"
        }, 
        {
            "{#DOMAINSSL}": "wpc89.com"
        }, 
        {
            "{#DOMAINSSL}": "www.wpc89.com"
        }
    ]
}
DEBUG 2021-07-07 06:08:48,678 - ####################################################################################################
DEBUG 2021-07-07 06:08:48,685 - DOMAIN DISCOVER
INFO 2021-07-07 06:08:48,685 - {
    "data": [
        {
            "{#DOMAINSSL}": "05588.me"
        }, 
        {
            "{#DOMAINSSL}": "jin876.com"
        }, 
        {
            "{#DOMAINSSL}": "tv36.com"
        }, 
        {
            "{#DOMAINSSL}": "eu2018.net"
        }, 
        {
            "{#DOMAINSSL}": "jin172.com"
        }, 
        {
            "{#DOMAINSSL}": "jsh521.com"
        }, 
        {
            "{#DOMAINSSL}": "www.jsh521.com"
        }, 
        {
            "{#DOMAINSSL}": "tochat333.com"
        }, 
        {
            "{#DOMAINSSL}": "www.eu590.com"
        }, 
        {
            "{#DOMAINSSL}": "eu590.com"
        }
    ]
}
DEBUG 2021-07-07 07:08:49,877 - ####################################################################################################
DEBUG 2021-07-07 07:08:49,883 - DOMAIN DISCOVER
INFO 2021-07-07 07:08:49,884 - {
    "data": [
        {
            "{#DOMAINSSL}": "tv36.com"
        }, 
        {
            "{#DOMAINSSL}": "tochat333.com"
        }
    ]
}
DEBUG 2021-07-07 08:08:51,649 - ####################################################################################################
DEBUG 2021-07-07 08:08:51,657 - DOMAIN DISCOVER
INFO 2021-07-07 08:08:51,657 - {
    "data": [
        {
            "{#DOMAINSSL}": "tv36.com"
        }, 
        {
            "{#DOMAINSSL}": "tochat333.com"
        }
    ]
}
DEBUG 2021-07-07 09:08:49,764 - ####################################################################################################
DEBUG 2021-07-07 09:08:49,770 - DOMAIN DISCOVER
INFO 2021-07-07 09:08:49,770 - {
    "data": [
        {
            "{#DOMAINSSL}": "tv36.com"
        }, 
        {
            "{#DOMAINSSL}": "tochat333.com"
        }
    ]
}
DEBUG 2021-07-07 10:08:50,015 - ####################################################################################################
DEBUG 2021-07-07 10:08:50,021 - DOMAIN DISCOVER
INFO 2021-07-07 10:08:50,021 - {
    "data": [
        {
            "{#DOMAINSSL}": "tv36.com"
        }, 
        {
            "{#DOMAINSSL}": "tochat333.com"
        }
    ]
}
DEBUG 2021-07-07 11:08:49,696 - ####################################################################################################
DEBUG 2021-07-07 11:08:49,703 - DOMAIN DISCOVER
INFO 2021-07-07 11:08:49,703 - {
    "data": [
        {
            "{#DOMAINSSL}": "tv36.com"
        }, 
        {
            "{#DOMAINSSL}": "tochat333.com"
        }
    ]
}
DEBUG 2021-07-07 12:08:54,307 - ####################################################################################################
DEBUG 2021-07-07 12:08:54,312 - DOMAIN DISCOVER
INFO 2021-07-07 12:08:54,312 - {
    "data": [
        {
            "{#DOMAINSSL}": "tv36.com"
        }, 
        {
            "{#DOMAINSSL}": "tochat333.com"
        }
    ]
}
DEBUG 2021-07-07 13:08:52,516 - ####################################################################################################
DEBUG 2021-07-07 13:08:52,522 - DOMAIN DISCOVER
INFO 2021-07-07 13:08:52,523 - {
    "data": [
        {
            "{#DOMAINSSL}": "tv36.com"
        }, 
        {
            "{#DOMAINSSL}": "tochat333.com"
        }
    ]
}
DEBUG 2021-07-07 14:08:50,558 - ####################################################################################################
DEBUG 2021-07-07 14:08:50,565 - DOMAIN DISCOVER
INFO 2021-07-07 14:08:50,565 - {
    "data": [
        {
            "{#DOMAINSSL}": "tv36.com"
        }, 
        {
            "{#DOMAINSSL}": "tochat333.com"
        }
    ]
}
DEBUG 2021-07-07 15:08:49,495 - ####################################################################################################
DEBUG 2021-07-07 15:08:49,501 - DOMAIN DISCOVER
INFO 2021-07-07 15:08:49,501 - {
    "data": [
        {
            "{#DOMAINSSL}": "tv36.com"
        }, 
        {
            "{#DOMAINSSL}": "tochat333.com"
        }
    ]
}
DEBUG 2021-07-07 16:08:51,508 - ####################################################################################################
DEBUG 2021-07-07 16:08:51,515 - DOMAIN DISCOVER
INFO 2021-07-07 16:08:51,515 - {
    "data": [
        {
            "{#DOMAINSSL}": "tv36.com"
        }, 
        {
            "{#DOMAINSSL}": "tochat333.com"
        }
    ]
}
DEBUG 2021-07-07 17:08:50,432 - ####################################################################################################
DEBUG 2021-07-07 17:08:50,438 - DOMAIN DISCOVER
INFO 2021-07-07 17:08:50,439 - {
    "data": [
        {
            "{#DOMAINSSL}": "tv36.com"
        }, 
        {
            "{#DOMAINSSL}": "tochat333.com"
        }
    ]
}
DEBUG 2021-07-07 18:08:51,587 - ####################################################################################################
DEBUG 2021-07-07 18:08:51,593 - DOMAIN DISCOVER
INFO 2021-07-07 18:08:51,594 - {
    "data": [
        {
            "{#DOMAINSSL}": "tv36.com"
        }, 
        {
            "{#DOMAINSSL}": "tochat333.com"
        }
    ]
}
DEBUG 2021-07-07 19:08:52,107 - ####################################################################################################
DEBUG 2021-07-07 19:08:52,114 - DOMAIN DISCOVER
INFO 2021-07-07 19:08:52,114 - {
    "data": [
        {
            "{#DOMAINSSL}": "tv36.com"
        }, 
        {
            "{#DOMAINSSL}": "tochat333.com"
        }
    ]
}
DEBUG 2021-07-07 20:08:49,870 - ####################################################################################################
DEBUG 2021-07-07 20:08:49,876 - DOMAIN DISCOVER
INFO 2021-07-07 20:08:49,877 - {
    "data": [
        {
            "{#DOMAINSSL}": "tv36.com"
        }, 
        {
            "{#DOMAINSSL}": "tochat333.com"
        }
    ]
}
DEBUG 2021-07-07 21:08:52,065 - ####################################################################################################
DEBUG 2021-07-07 21:08:52,070 - DOMAIN DISCOVER
INFO 2021-07-07 21:08:52,070 - {
    "data": [
        {
            "{#DOMAINSSL}": "tv36.com"
        }, 
        {
            "{#DOMAINSSL}": "tochat333.com"
        }
    ]
}
DEBUG 2021-07-07 22:08:50,017 - ####################################################################################################
DEBUG 2021-07-07 22:08:50,023 - DOMAIN DISCOVER
INFO 2021-07-07 22:08:50,023 - {
    "data": [
        {
            "{#DOMAINSSL}": "tv36.com"
        }, 
        {
            "{#DOMAINSSL}": "tochat333.com"
        }
    ]
}
DEBUG 2021-07-07 23:08:51,002 - ####################################################################################################
DEBUG 2021-07-07 23:08:51,008 - DOMAIN DISCOVER
INFO 2021-07-07 23:08:51,008 - {
    "data": [
        {
            "{#DOMAINSSL}": "tv36.com"
        }, 
        {
            "{#DOMAINSSL}": "tochat333.com"
        }
    ]
}
