DEBUG 2021-06-18 00:08:47,841 - ####################################################################################################
DEBUG 2021-06-18 00:08:47,846 - DOMAIN DISCOVER
INFO 2021-06-18 00:08:47,846 - {
    "data": [
        {
            "{#DOMAINSSL}": "hujidi.com"
        }, 
        {
            "{#DOMAINSSL}": "bakh5.xshny.com"
        }, 
        {
            "{#DOMAINSSL}": "www.asiaroutes.com"
        }, 
        {
            "{#DOMAINSSL}": "www.asiaroutes.com"
        }
    ]
}
DEBUG 2021-06-18 01:08:45,924 - ####################################################################################################
DEBUG 2021-06-18 01:08:45,930 - DOMAIN DISCOVER
INFO 2021-06-18 01:08:45,930 - {
    "data": [
        {
            "{#DOMAINSSL}": "hujidi.com"
        }, 
        {
            "{#DOMAINSSL}": "bakh5.xshny.com"
        }, 
        {
            "{#DOMAINSSL}": "www.asiaroutes.com"
        }, 
        {
            "{#DOMAINSSL}": "www.asiaroutes.com"
        }
    ]
}
DEBUG 2021-06-18 02:08:51,077 - ####################################################################################################
DEBUG 2021-06-18 02:08:51,084 - DOMAIN DISCOVER
INFO 2021-06-18 02:08:51,084 - {
    "data": [
        {
            "{#DOMAINSSL}": "hujidi.com"
        }, 
        {
            "{#DOMAINSSL}": "bakh5.xshny.com"
        }, 
        {
            "{#DOMAINSSL}": "www.asiaroutes.com"
        }, 
        {
            "{#DOMAINSSL}": "www.asiaroutes.com"
        }
    ]
}
DEBUG 2021-06-18 03:08:49,989 - ####################################################################################################
DEBUG 2021-06-18 03:08:49,995 - DOMAIN DISCOVER
INFO 2021-06-18 03:08:49,995 - {
    "data": [
        {
            "{#DOMAINSSL}": "hujidi.com"
        }, 
        {
            "{#DOMAINSSL}": "bakh5.xshny.com"
        }, 
        {
            "{#DOMAINSSL}": "www.asiaroutes.com"
        }, 
        {
            "{#DOMAINSSL}": "www.asiaroutes.com"
        }
    ]
}
DEBUG 2021-06-18 04:08:47,726 - ####################################################################################################
DEBUG 2021-06-18 04:08:47,732 - DOMAIN DISCOVER
INFO 2021-06-18 04:08:47,733 - {
    "data": [
        {
            "{#DOMAINSSL}": "hujidi.com"
        }, 
        {
            "{#DOMAINSSL}": "bakh5.xshny.com"
        }, 
        {
            "{#DOMAINSSL}": "www.asiaroutes.com"
        }, 
        {
            "{#DOMAINSSL}": "www.asiaroutes.com"
        }
    ]
}
DEBUG 2021-06-18 05:08:46,527 - ####################################################################################################
DEBUG 2021-06-18 05:08:46,534 - DOMAIN DISCOVER
INFO 2021-06-18 05:08:46,534 - {
    "data": [
        {
            "{#DOMAINSSL}": "xindeli004.com"
        }, 
        {
            "{#DOMAINSSL}": "hujidi.com"
        }, 
        {
            "{#DOMAINSSL}": "55882000.com"
        }, 
        {
            "{#DOMAINSSL}": "www.asiaroutes.com"
        }, 
        {
            "{#DOMAINSSL}": "www.asiaroutes.com"
        }, 
        {
            "{#DOMAINSSL}": "xbet866.com"
        }
    ]
}
DEBUG 2021-06-18 06:08:46,264 - ####################################################################################################
DEBUG 2021-06-18 06:08:46,270 - DOMAIN DISCOVER
INFO 2021-06-18 06:08:46,270 - {
    "data": [
        {
            "{#DOMAINSSL}": "202000000.com"
        }, 
        {
            "{#DOMAINSSL}": "jin49.com"
        }, 
        {
            "{#DOMAINSSL}": "xbet126.com"
        }, 
        {
            "{#DOMAINSSL}": "hujidi.com"
        }, 
        {
            "{#DOMAINSSL}": "gts4.lxzzs.cn"
        }, 
        {
            "{#DOMAINSSL}": "www.asiaroutes.com"
        }, 
        {
            "{#DOMAINSSL}": "www.asiaroutes.com"
        }
    ]
}
DEBUG 2021-06-18 07:08:48,619 - ####################################################################################################
DEBUG 2021-06-18 07:08:48,624 - DOMAIN DISCOVER
INFO 2021-06-18 07:08:48,625 - {
    "data": [
        {
            "{#DOMAINSSL}": "hujidi.com"
        }, 
        {
            "{#DOMAINSSL}": "www.asiaroutes.com"
        }, 
        {
            "{#DOMAINSSL}": "www.asiaroutes.com"
        }
    ]
}
DEBUG 2021-06-18 08:08:47,943 - ####################################################################################################
DEBUG 2021-06-18 08:08:47,949 - DOMAIN DISCOVER
INFO 2021-06-18 08:08:47,949 - {
    "data": [
        {
            "{#DOMAINSSL}": "hujidi.com"
        }, 
        {
            "{#DOMAINSSL}": "www.asiaroutes.com"
        }, 
        {
            "{#DOMAINSSL}": "www.asiaroutes.com"
        }
    ]
}
DEBUG 2021-06-18 09:08:50,070 - ####################################################################################################
DEBUG 2021-06-18 09:08:50,075 - DOMAIN DISCOVER
INFO 2021-06-18 09:08:50,076 - {
    "data": [
        {
            "{#DOMAINSSL}": "hujidi.com"
        }, 
        {
            "{#DOMAINSSL}": "www.asiaroutes.com"
        }, 
        {
            "{#DOMAINSSL}": "www.asiaroutes.com"
        }
    ]
}
DEBUG 2021-06-18 10:08:47,236 - ####################################################################################################
DEBUG 2021-06-18 10:08:47,243 - DOMAIN DISCOVER
INFO 2021-06-18 10:08:47,243 - {
    "data": [
        {
            "{#DOMAINSSL}": "hujidi.com"
        }, 
        {
            "{#DOMAINSSL}": "www.asiaroutes.com"
        }, 
        {
            "{#DOMAINSSL}": "www.asiaroutes.com"
        }
    ]
}
DEBUG 2021-06-18 11:08:47,423 - ####################################################################################################
DEBUG 2021-06-18 11:08:47,429 - DOMAIN DISCOVER
INFO 2021-06-18 11:08:47,429 - {
    "data": [
        {
            "{#DOMAINSSL}": "hujidi.com"
        }, 
        {
            "{#DOMAINSSL}": "www.asiaroutes.com"
        }, 
        {
            "{#DOMAINSSL}": "www.asiaroutes.com"
        }
    ]
}
DEBUG 2021-06-18 12:08:45,724 - ####################################################################################################
DEBUG 2021-06-18 12:08:45,730 - DOMAIN DISCOVER
INFO 2021-06-18 12:08:45,730 - {
    "data": [
        {
            "{#DOMAINSSL}": "hujidi.com"
        }, 
        {
            "{#DOMAINSSL}": "www.asiaroutes.com"
        }, 
        {
            "{#DOMAINSSL}": "www.asiaroutes.com"
        }
    ]
}
DEBUG 2021-06-18 13:08:48,110 - ####################################################################################################
DEBUG 2021-06-18 13:08:48,116 - DOMAIN DISCOVER
INFO 2021-06-18 13:08:48,116 - {
    "data": [
        {
            "{#DOMAINSSL}": "hujidi.com"
        }, 
        {
            "{#DOMAINSSL}": "www.asiaroutes.com"
        }, 
        {
            "{#DOMAINSSL}": "www.asiaroutes.com"
        }
    ]
}
DEBUG 2021-06-18 14:08:47,294 - ####################################################################################################
DEBUG 2021-06-18 14:08:47,300 - DOMAIN DISCOVER
INFO 2021-06-18 14:08:47,300 - {
    "data": [
        {
            "{#DOMAINSSL}": "hujidi.com"
        }, 
        {
            "{#DOMAINSSL}": "www.asiaroutes.com"
        }, 
        {
            "{#DOMAINSSL}": "www.asiaroutes.com"
        }
    ]
}
DEBUG 2021-06-18 15:08:45,760 - ####################################################################################################
DEBUG 2021-06-18 15:08:45,766 - DOMAIN DISCOVER
INFO 2021-06-18 15:08:45,766 - {
    "data": [
        {
            "{#DOMAINSSL}": "hujidi.com"
        }, 
        {
            "{#DOMAINSSL}": "www.asiaroutes.com"
        }, 
        {
            "{#DOMAINSSL}": "www.asiaroutes.com"
        }
    ]
}
DEBUG 2021-06-18 16:08:47,284 - ####################################################################################################
DEBUG 2021-06-18 16:08:47,290 - DOMAIN DISCOVER
INFO 2021-06-18 16:08:47,290 - {
    "data": [
        {
            "{#DOMAINSSL}": "hujidi.com"
        }, 
        {
            "{#DOMAINSSL}": "www.asiaroutes.com"
        }, 
        {
            "{#DOMAINSSL}": "www.asiaroutes.com"
        }
    ]
}
DEBUG 2021-06-18 17:08:49,544 - ####################################################################################################
DEBUG 2021-06-18 17:08:49,551 - DOMAIN DISCOVER
INFO 2021-06-18 17:08:49,551 - {
    "data": [
        {
            "{#DOMAINSSL}": "hujidi.com"
        }, 
        {
            "{#DOMAINSSL}": "www.asiaroutes.com"
        }, 
        {
            "{#DOMAINSSL}": "www.asiaroutes.com"
        }
    ]
}
DEBUG 2021-06-18 18:08:47,005 - ####################################################################################################
DEBUG 2021-06-18 18:08:47,011 - DOMAIN DISCOVER
INFO 2021-06-18 18:08:47,011 - {
    "data": [
        {
            "{#DOMAINSSL}": "hujidi.com"
        }, 
        {
            "{#DOMAINSSL}": "www.asiaroutes.com"
        }, 
        {
            "{#DOMAINSSL}": "www.asiaroutes.com"
        }
    ]
}
DEBUG 2021-06-18 19:08:48,002 - ####################################################################################################
DEBUG 2021-06-18 19:08:48,007 - DOMAIN DISCOVER
INFO 2021-06-18 19:08:48,007 - {
    "data": [
        {
            "{#DOMAINSSL}": "hujidi.com"
        }, 
        {
            "{#DOMAINSSL}": "www.asiaroutes.com"
        }, 
        {
            "{#DOMAINSSL}": "www.asiaroutes.com"
        }
    ]
}
DEBUG 2021-06-18 20:08:47,747 - ####################################################################################################
DEBUG 2021-06-18 20:08:47,755 - DOMAIN DISCOVER
INFO 2021-06-18 20:08:47,755 - {
    "data": [
        {
            "{#DOMAINSSL}": "hujidi.com"
        }, 
        {
            "{#DOMAINSSL}": "www.asiaroutes.com"
        }, 
        {
            "{#DOMAINSSL}": "www.asiaroutes.com"
        }
    ]
}
DEBUG 2021-06-18 21:08:47,817 - ####################################################################################################
DEBUG 2021-06-18 21:08:47,823 - DOMAIN DISCOVER
INFO 2021-06-18 21:08:47,823 - {
    "data": [
        {
            "{#DOMAINSSL}": "hujidi.com"
        }, 
        {
            "{#DOMAINSSL}": "www.asiaroutes.com"
        }, 
        {
            "{#DOMAINSSL}": "www.asiaroutes.com"
        }
    ]
}
DEBUG 2021-06-18 22:08:47,000 - ####################################################################################################
DEBUG 2021-06-18 22:08:47,006 - DOMAIN DISCOVER
INFO 2021-06-18 22:08:47,006 - {
    "data": [
        {
            "{#DOMAINSSL}": "hujidi.com"
        }, 
        {
            "{#DOMAINSSL}": "www.asiaroutes.com"
        }, 
        {
            "{#DOMAINSSL}": "www.asiaroutes.com"
        }
    ]
}
DEBUG 2021-06-18 23:08:47,486 - ####################################################################################################
DEBUG 2021-06-18 23:08:47,493 - DOMAIN DISCOVER
INFO 2021-06-18 23:08:47,493 - {
    "data": [
        {
            "{#DOMAINSSL}": "hujidi.com"
        }, 
        {
            "{#DOMAINSSL}": "www.asiaroutes.com"
        }, 
        {
            "{#DOMAINSSL}": "www.asiaroutes.com"
        }
    ]
}
