DEBUG 2021-06-13 00:08:49,246 - ####################################################################################################
DEBUG 2021-06-13 00:08:49,253 - DOMAIN DISCOVER
INFO 2021-06-13 00:08:49,254 - {
    "data": [
        {
            "{#DOMAINSSL}": "vpn19.co"
        }, 
        {
            "{#DOMAINSSL}": "eu2018.net"
        }, 
        {
            "{#DOMAINSSL}": "bakh5.xshny.com"
        }, 
        {
            "{#DOMAINSSL}": "www.asiaroutes.com"
        }, 
        {
            "{#DOMAINSSL}": "www.asiaroutes.com"
        }
    ]
}
DEBUG 2021-06-13 01:08:46,507 - ####################################################################################################
DEBUG 2021-06-13 01:08:46,514 - DOMAIN DISCOVER
INFO 2021-06-13 01:08:46,514 - {
    "data": [
        {
            "{#DOMAINSSL}": "vpn19.co"
        }, 
        {
            "{#DOMAINSSL}": "eu2018.net"
        }, 
        {
            "{#DOMAINSSL}": "bakh5.xshny.com"
        }, 
        {
            "{#DOMAINSSL}": "www.asiaroutes.com"
        }, 
        {
            "{#DOMAINSSL}": "www.asiaroutes.com"
        }
    ]
}
DEBUG 2021-06-13 02:08:45,390 - ####################################################################################################
DEBUG 2021-06-13 02:08:45,396 - DOMAIN DISCOVER
INFO 2021-06-13 02:08:45,396 - {
    "data": [
        {
            "{#DOMAINSSL}": "vpn19.co"
        }, 
        {
            "{#DOMAINSSL}": "eu2018.net"
        }, 
        {
            "{#DOMAINSSL}": "bakh5.xshny.com"
        }, 
        {
            "{#DOMAINSSL}": "www.asiaroutes.com"
        }, 
        {
            "{#DOMAINSSL}": "www.asiaroutes.com"
        }
    ]
}
DEBUG 2021-06-13 03:08:45,568 - ####################################################################################################
DEBUG 2021-06-13 03:08:45,575 - DOMAIN DISCOVER
INFO 2021-06-13 03:08:45,575 - {
    "data": [
        {
            "{#DOMAINSSL}": "vpn19.co"
        }, 
        {
            "{#DOMAINSSL}": "eu2018.net"
        }, 
        {
            "{#DOMAINSSL}": "bakh5.xshny.com"
        }, 
        {
            "{#DOMAINSSL}": "www.asiaroutes.com"
        }, 
        {
            "{#DOMAINSSL}": "www.asiaroutes.com"
        }
    ]
}
DEBUG 2021-06-13 04:08:52,648 - ####################################################################################################
DEBUG 2021-06-13 04:08:52,654 - DOMAIN DISCOVER
INFO 2021-06-13 04:08:52,655 - {
    "data": [
        {
            "{#DOMAINSSL}": "vpn19.co"
        }, 
        {
            "{#DOMAINSSL}": "eu2018.net"
        }, 
        {
            "{#DOMAINSSL}": "bakh5.xshny.com"
        }, 
        {
            "{#DOMAINSSL}": "www.asiaroutes.com"
        }, 
        {
            "{#DOMAINSSL}": "www.asiaroutes.com"
        }
    ]
}
DEBUG 2021-06-13 05:08:46,733 - ####################################################################################################
DEBUG 2021-06-13 05:08:46,739 - DOMAIN DISCOVER
INFO 2021-06-13 05:08:46,739 - {
    "data": [
        {
            "{#DOMAINSSL}": "kbl888.net"
        }, 
        {
            "{#DOMAINSSL}": "jsh121.com"
        }, 
        {
            "{#DOMAINSSL}": "jsh136.com"
        }, 
        {
            "{#DOMAINSSL}": "jsh137.com"
        }, 
        {
            "{#DOMAINSSL}": "xbet50.com"
        }, 
        {
            "{#DOMAINSSL}": "10130.vip"
        }, 
        {
            "{#DOMAINSSL}": "vpn19.co"
        }, 
        {
            "{#DOMAINSSL}": "eu2018.net"
        }, 
        {
            "{#DOMAINSSL}": "bakh5.xshny.com"
        }, 
        {
            "{#DOMAINSSL}": "www.asiaroutes.com"
        }, 
        {
            "{#DOMAINSSL}": "www.asiaroutes.com"
        }
    ]
}
DEBUG 2021-06-13 06:08:45,845 - ####################################################################################################
DEBUG 2021-06-13 06:08:45,851 - DOMAIN DISCOVER
INFO 2021-06-13 06:08:45,852 - {
    "data": [
        {
            "{#DOMAINSSL}": "16810000.com"
        }, 
        {
            "{#DOMAINSSL}": "kingbaly.social"
        }, 
        {
            "{#DOMAINSSL}": "188eu.net"
        }, 
        {
            "{#DOMAINSSL}": "xtzr.com"
        }, 
        {
            "{#DOMAINSSL}": "10755.vip"
        }, 
        {
            "{#DOMAINSSL}": "vpn19.co"
        }, 
        {
            "{#DOMAINSSL}": "eu2018.net"
        }, 
        {
            "{#DOMAINSSL}": "bakh5.xshny.com"
        }, 
        {
            "{#DOMAINSSL}": "www.asiaroutes.com"
        }, 
        {
            "{#DOMAINSSL}": "www.59788000.com"
        }, 
        {
            "{#DOMAINSSL}": "www.asiaroutes.com"
        }
    ]
}
DEBUG 2021-06-13 07:08:47,275 - ####################################################################################################
DEBUG 2021-06-13 07:08:47,281 - DOMAIN DISCOVER
INFO 2021-06-13 07:08:47,281 - {
    "data": [
        {
            "{#DOMAINSSL}": "vpn19.co"
        }, 
        {
            "{#DOMAINSSL}": "eu2018.net"
        }, 
        {
            "{#DOMAINSSL}": "bakh5.xshny.com"
        }, 
        {
            "{#DOMAINSSL}": "www.asiaroutes.com"
        }, 
        {
            "{#DOMAINSSL}": "www.asiaroutes.com"
        }
    ]
}
DEBUG 2021-06-13 08:08:46,319 - ####################################################################################################
DEBUG 2021-06-13 08:08:46,326 - DOMAIN DISCOVER
INFO 2021-06-13 08:08:46,326 - {
    "data": [
        {
            "{#DOMAINSSL}": "eu2018.net"
        }, 
        {
            "{#DOMAINSSL}": "bakh5.xshny.com"
        }, 
        {
            "{#DOMAINSSL}": "www.asiaroutes.com"
        }, 
        {
            "{#DOMAINSSL}": "www.asiaroutes.com"
        }
    ]
}
DEBUG 2021-06-13 09:08:48,362 - ####################################################################################################
DEBUG 2021-06-13 09:08:48,367 - DOMAIN DISCOVER
INFO 2021-06-13 09:08:48,367 - {
    "data": [
        {
            "{#DOMAINSSL}": "eu2018.net"
        }, 
        {
            "{#DOMAINSSL}": "bakh5.xshny.com"
        }, 
        {
            "{#DOMAINSSL}": "www.asiaroutes.com"
        }, 
        {
            "{#DOMAINSSL}": "www.asiaroutes.com"
        }
    ]
}
DEBUG 2021-06-13 10:08:45,155 - ####################################################################################################
DEBUG 2021-06-13 10:08:45,161 - DOMAIN DISCOVER
INFO 2021-06-13 10:08:45,162 - {
    "data": [
        {
            "{#DOMAINSSL}": "eu2018.net"
        }, 
        {
            "{#DOMAINSSL}": "bakh5.xshny.com"
        }, 
        {
            "{#DOMAINSSL}": "www.asiaroutes.com"
        }, 
        {
            "{#DOMAINSSL}": "www.asiaroutes.com"
        }
    ]
}
DEBUG 2021-06-13 11:08:47,844 - ####################################################################################################
DEBUG 2021-06-13 11:08:47,850 - DOMAIN DISCOVER
INFO 2021-06-13 11:08:47,850 - {
    "data": [
        {
            "{#DOMAINSSL}": "eu2018.net"
        }, 
        {
            "{#DOMAINSSL}": "bakh5.xshny.com"
        }, 
        {
            "{#DOMAINSSL}": "www.asiaroutes.com"
        }, 
        {
            "{#DOMAINSSL}": "www.asiaroutes.com"
        }
    ]
}
DEBUG 2021-06-13 12:08:46,010 - ####################################################################################################
DEBUG 2021-06-13 12:08:46,015 - DOMAIN DISCOVER
INFO 2021-06-13 12:08:46,016 - {
    "data": [
        {
            "{#DOMAINSSL}": "eu2018.net"
        }, 
        {
            "{#DOMAINSSL}": "bakh5.xshny.com"
        }, 
        {
            "{#DOMAINSSL}": "www.asiaroutes.com"
        }, 
        {
            "{#DOMAINSSL}": "www.asiaroutes.com"
        }
    ]
}
DEBUG 2021-06-13 13:08:47,794 - ####################################################################################################
DEBUG 2021-06-13 13:08:47,801 - DOMAIN DISCOVER
INFO 2021-06-13 13:08:47,801 - {
    "data": [
        {
            "{#DOMAINSSL}": "eu2018.net"
        }, 
        {
            "{#DOMAINSSL}": "bakh5.xshny.com"
        }, 
        {
            "{#DOMAINSSL}": "www.asiaroutes.com"
        }, 
        {
            "{#DOMAINSSL}": "www.asiaroutes.com"
        }
    ]
}
DEBUG 2021-06-13 14:08:47,263 - ####################################################################################################
DEBUG 2021-06-13 14:08:47,269 - DOMAIN DISCOVER
INFO 2021-06-13 14:08:47,269 - {
    "data": [
        {
            "{#DOMAINSSL}": "eu2018.net"
        }, 
        {
            "{#DOMAINSSL}": "bakh5.xshny.com"
        }, 
        {
            "{#DOMAINSSL}": "www.asiaroutes.com"
        }, 
        {
            "{#DOMAINSSL}": "www.asiaroutes.com"
        }
    ]
}
DEBUG 2021-06-13 15:08:45,791 - ####################################################################################################
DEBUG 2021-06-13 15:08:45,798 - DOMAIN DISCOVER
INFO 2021-06-13 15:08:45,798 - {
    "data": [
        {
            "{#DOMAINSSL}": "eu2018.net"
        }, 
        {
            "{#DOMAINSSL}": "bakh5.xshny.com"
        }, 
        {
            "{#DOMAINSSL}": "www.asiaroutes.com"
        }, 
        {
            "{#DOMAINSSL}": "www.asiaroutes.com"
        }
    ]
}
DEBUG 2021-06-13 16:08:48,905 - ####################################################################################################
DEBUG 2021-06-13 16:08:48,911 - DOMAIN DISCOVER
INFO 2021-06-13 16:08:48,911 - {
    "data": [
        {
            "{#DOMAINSSL}": "eu2018.net"
        }, 
        {
            "{#DOMAINSSL}": "bakh5.xshny.com"
        }, 
        {
            "{#DOMAINSSL}": "www.asiaroutes.com"
        }, 
        {
            "{#DOMAINSSL}": "www.asiaroutes.com"
        }
    ]
}
DEBUG 2021-06-13 17:08:48,536 - ####################################################################################################
DEBUG 2021-06-13 17:08:48,542 - DOMAIN DISCOVER
INFO 2021-06-13 17:08:48,542 - {
    "data": [
        {
            "{#DOMAINSSL}": "eu2018.net"
        }, 
        {
            "{#DOMAINSSL}": "bakh5.xshny.com"
        }, 
        {
            "{#DOMAINSSL}": "www.asiaroutes.com"
        }, 
        {
            "{#DOMAINSSL}": "www.asiaroutes.com"
        }
    ]
}
DEBUG 2021-06-13 18:08:48,030 - ####################################################################################################
DEBUG 2021-06-13 18:08:48,036 - DOMAIN DISCOVER
INFO 2021-06-13 18:08:48,036 - {
    "data": [
        {
            "{#DOMAINSSL}": "eu2018.net"
        }, 
        {
            "{#DOMAINSSL}": "bakh5.xshny.com"
        }, 
        {
            "{#DOMAINSSL}": "www.asiaroutes.com"
        }, 
        {
            "{#DOMAINSSL}": "www.asiaroutes.com"
        }
    ]
}
DEBUG 2021-06-13 19:08:46,815 - ####################################################################################################
DEBUG 2021-06-13 19:08:46,822 - DOMAIN DISCOVER
INFO 2021-06-13 19:08:46,822 - {
    "data": [
        {
            "{#DOMAINSSL}": "eu2018.net"
        }, 
        {
            "{#DOMAINSSL}": "bakh5.xshny.com"
        }, 
        {
            "{#DOMAINSSL}": "www.asiaroutes.com"
        }, 
        {
            "{#DOMAINSSL}": "www.asiaroutes.com"
        }
    ]
}
DEBUG 2021-06-13 20:08:48,879 - ####################################################################################################
DEBUG 2021-06-13 20:08:48,886 - DOMAIN DISCOVER
INFO 2021-06-13 20:08:48,887 - {
    "data": [
        {
            "{#DOMAINSSL}": "eu2018.net"
        }, 
        {
            "{#DOMAINSSL}": "bakh5.xshny.com"
        }, 
        {
            "{#DOMAINSSL}": "www.asiaroutes.com"
        }, 
        {
            "{#DOMAINSSL}": "www.asiaroutes.com"
        }
    ]
}
DEBUG 2021-06-13 21:08:49,280 - ####################################################################################################
DEBUG 2021-06-13 21:08:49,285 - DOMAIN DISCOVER
INFO 2021-06-13 21:08:49,286 - {
    "data": [
        {
            "{#DOMAINSSL}": "eu2018.net"
        }, 
        {
            "{#DOMAINSSL}": "bakh5.xshny.com"
        }, 
        {
            "{#DOMAINSSL}": "www.asiaroutes.com"
        }, 
        {
            "{#DOMAINSSL}": "www.asiaroutes.com"
        }
    ]
}
DEBUG 2021-06-13 22:08:45,596 - ####################################################################################################
DEBUG 2021-06-13 22:08:45,602 - DOMAIN DISCOVER
INFO 2021-06-13 22:08:45,603 - {
    "data": [
        {
            "{#DOMAINSSL}": "eu2018.net"
        }, 
        {
            "{#DOMAINSSL}": "bakh5.xshny.com"
        }, 
        {
            "{#DOMAINSSL}": "www.asiaroutes.com"
        }, 
        {
            "{#DOMAINSSL}": "www.asiaroutes.com"
        }
    ]
}
DEBUG 2021-06-13 23:08:46,714 - ####################################################################################################
DEBUG 2021-06-13 23:08:46,721 - DOMAIN DISCOVER
INFO 2021-06-13 23:08:46,722 - {
    "data": [
        {
            "{#DOMAINSSL}": "eu2018.net"
        }, 
        {
            "{#DOMAINSSL}": "bakh5.xshny.com"
        }, 
        {
            "{#DOMAINSSL}": "www.asiaroutes.com"
        }, 
        {
            "{#DOMAINSSL}": "www.asiaroutes.com"
        }
    ]
}
