DEBUG 2021-10-06 00:09:09,052 - ####################################################################################################
DEBUG 2021-10-06 00:09:09,058 - DOMAIN DISCOVER
INFO 2021-10-06 00:09:09,058 - {
    "data": [
        {
            "{#DOMAINSSL}": "www.gochat900.com"
        }
    ]
}
DEBUG 2021-10-06 01:09:12,861 - ####################################################################################################
DEBUG 2021-10-06 01:09:12,867 - DOMAIN DISCOVER
INFO 2021-10-06 01:09:12,867 - {
    "data": [
        {
            "{#DOMAINSSL}": "www.gochat900.com"
        }
    ]
}
DEBUG 2021-10-06 02:09:10,729 - ####################################################################################################
DEBUG 2021-10-06 02:09:10,734 - DOMAIN DISCOVER
INFO 2021-10-06 02:09:10,735 - {
    "data": [
        {
            "{#DOMAINSSL}": "www.gochat900.com"
        }
    ]
}
DEBUG 2021-10-06 03:09:09,750 - ####################################################################################################
DEBUG 2021-10-06 03:09:09,756 - DOMAIN DISCOVER
INFO 2021-10-06 03:09:09,756 - {
    "data": [
        {
            "{#DOMAINSSL}": "www.gochat900.com"
        }
    ]
}
DEBUG 2021-10-06 04:09:09,742 - ####################################################################################################
DEBUG 2021-10-06 04:09:09,747 - DOMAIN DISCOVER
INFO 2021-10-06 04:09:09,747 - {
    "data": [
        {
            "{#DOMAINSSL}": "www.gochat900.com"
        }
    ]
}
DEBUG 2021-10-06 05:09:11,839 - ####################################################################################################
DEBUG 2021-10-06 05:09:11,846 - DOMAIN DISCOVER
INFO 2021-10-06 05:09:11,846 - {
    "data": [
        {
            "{#DOMAINSSL}": "statt.maxpartner.cn"
        }, 
        {
            "{#DOMAINSSL}": "ws.legendli.cn"
        }, 
        {
            "{#DOMAINSSL}": "www.gochat900.com"
        }
    ]
}
DEBUG 2021-10-06 06:09:09,031 - ####################################################################################################
DEBUG 2021-10-06 06:09:09,037 - DOMAIN DISCOVER
INFO 2021-10-06 06:09:09,037 - {
    "data": [
        {
            "{#DOMAINSSL}": "statt.maxpartner.cn"
        }, 
        {
            "{#DOMAINSSL}": "ws.legendli.cn"
        }, 
        {
            "{#DOMAINSSL}": "www.gochat900.com"
        }
    ]
}
DEBUG 2021-10-06 07:09:10,702 - ####################################################################################################
DEBUG 2021-10-06 07:09:10,707 - DOMAIN DISCOVER
INFO 2021-10-06 07:09:10,707 - {
    "data": [
        {
            "{#DOMAINSSL}": "statt.maxpartner.cn"
        }, 
        {
            "{#DOMAINSSL}": "ws.legendli.cn"
        }, 
        {
            "{#DOMAINSSL}": "www.gochat900.com"
        }
    ]
}
DEBUG 2021-10-06 08:09:09,708 - ####################################################################################################
DEBUG 2021-10-06 08:09:09,713 - DOMAIN DISCOVER
INFO 2021-10-06 08:09:09,713 - {
    "data": [
        {
            "{#DOMAINSSL}": "statt.maxpartner.cn"
        }, 
        {
            "{#DOMAINSSL}": "ws.legendli.cn"
        }, 
        {
            "{#DOMAINSSL}": "www.gochat900.com"
        }
    ]
}
DEBUG 2021-10-06 09:09:10,451 - ####################################################################################################
DEBUG 2021-10-06 09:09:10,458 - DOMAIN DISCOVER
INFO 2021-10-06 09:09:10,458 - {
    "data": [
        {
            "{#DOMAINSSL}": "statt.maxpartner.cn"
        }, 
        {
            "{#DOMAINSSL}": "ws.legendli.cn"
        }, 
        {
            "{#DOMAINSSL}": "www.gochat900.com"
        }
    ]
}
DEBUG 2021-10-06 10:09:11,217 - ####################################################################################################
DEBUG 2021-10-06 10:09:11,223 - DOMAIN DISCOVER
INFO 2021-10-06 10:09:11,224 - {
    "data": [
        {
            "{#DOMAINSSL}": "statt.maxpartner.cn"
        }, 
        {
            "{#DOMAINSSL}": "ws.legendli.cn"
        }, 
        {
            "{#DOMAINSSL}": "www.gochat900.com"
        }
    ]
}
DEBUG 2021-10-06 11:09:10,525 - ####################################################################################################
DEBUG 2021-10-06 11:09:10,531 - DOMAIN DISCOVER
INFO 2021-10-06 11:09:10,531 - {
    "data": [
        {
            "{#DOMAINSSL}": "statt.maxpartner.cn"
        }, 
        {
            "{#DOMAINSSL}": "ws.legendli.cn"
        }, 
        {
            "{#DOMAINSSL}": "www.gochat900.com"
        }
    ]
}
DEBUG 2021-10-06 12:09:10,637 - ####################################################################################################
DEBUG 2021-10-06 12:09:10,643 - DOMAIN DISCOVER
INFO 2021-10-06 12:09:10,643 - {
    "data": [
        {
            "{#DOMAINSSL}": "statt.maxpartner.cn"
        }, 
        {
            "{#DOMAINSSL}": "ws.legendli.cn"
        }, 
        {
            "{#DOMAINSSL}": "www.gochat900.com"
        }
    ]
}
DEBUG 2021-10-06 13:09:10,505 - ####################################################################################################
DEBUG 2021-10-06 13:09:10,511 - DOMAIN DISCOVER
INFO 2021-10-06 13:09:10,511 - {
    "data": [
        {
            "{#DOMAINSSL}": "statt.maxpartner.cn"
        }, 
        {
            "{#DOMAINSSL}": "ws.legendli.cn"
        }, 
        {
            "{#DOMAINSSL}": "www.gochat900.com"
        }
    ]
}
DEBUG 2021-10-06 14:09:10,861 - ####################################################################################################
DEBUG 2021-10-06 14:09:10,867 - DOMAIN DISCOVER
INFO 2021-10-06 14:09:10,867 - {
    "data": [
        {
            "{#DOMAINSSL}": "statt.maxpartner.cn"
        }, 
        {
            "{#DOMAINSSL}": "ws.legendli.cn"
        }, 
        {
            "{#DOMAINSSL}": "www.gochat900.com"
        }
    ]
}
DEBUG 2021-10-06 15:09:11,207 - ####################################################################################################
DEBUG 2021-10-06 15:09:11,213 - DOMAIN DISCOVER
INFO 2021-10-06 15:09:11,213 - {
    "data": [
        {
            "{#DOMAINSSL}": "statt.maxpartner.cn"
        }, 
        {
            "{#DOMAINSSL}": "ws.legendli.cn"
        }, 
        {
            "{#DOMAINSSL}": "www.gochat900.com"
        }
    ]
}
DEBUG 2021-10-06 16:09:11,898 - ####################################################################################################
DEBUG 2021-10-06 16:09:11,904 - DOMAIN DISCOVER
INFO 2021-10-06 16:09:11,904 - {
    "data": [
        {
            "{#DOMAINSSL}": "statt.maxpartner.cn"
        }, 
        {
            "{#DOMAINSSL}": "ws.legendli.cn"
        }, 
        {
            "{#DOMAINSSL}": "www.gochat900.com"
        }
    ]
}
DEBUG 2021-10-06 17:09:10,193 - ####################################################################################################
DEBUG 2021-10-06 17:09:10,200 - DOMAIN DISCOVER
INFO 2021-10-06 17:09:10,200 - {
    "data": [
        {
            "{#DOMAINSSL}": "statt.maxpartner.cn"
        }, 
        {
            "{#DOMAINSSL}": "ws.legendli.cn"
        }, 
        {
            "{#DOMAINSSL}": "www.gochat900.com"
        }
    ]
}
DEBUG 2021-10-06 18:09:10,837 - ####################################################################################################
DEBUG 2021-10-06 18:09:10,843 - DOMAIN DISCOVER
INFO 2021-10-06 18:09:10,843 - {
    "data": [
        {
            "{#DOMAINSSL}": "statt.maxpartner.cn"
        }, 
        {
            "{#DOMAINSSL}": "ws.legendli.cn"
        }, 
        {
            "{#DOMAINSSL}": "www.gochat900.com"
        }
    ]
}
DEBUG 2021-10-06 19:09:11,084 - ####################################################################################################
DEBUG 2021-10-06 19:09:11,090 - DOMAIN DISCOVER
INFO 2021-10-06 19:09:11,090 - {
    "data": [
        {
            "{#DOMAINSSL}": "statt.maxpartner.cn"
        }, 
        {
            "{#DOMAINSSL}": "ws.legendli.cn"
        }, 
        {
            "{#DOMAINSSL}": "www.gochat900.com"
        }
    ]
}
DEBUG 2021-10-06 20:09:08,682 - ####################################################################################################
DEBUG 2021-10-06 20:09:08,689 - DOMAIN DISCOVER
INFO 2021-10-06 20:09:08,689 - {
    "data": [
        {
            "{#DOMAINSSL}": "statt.maxpartner.cn"
        }, 
        {
            "{#DOMAINSSL}": "ws.legendli.cn"
        }, 
        {
            "{#DOMAINSSL}": "www.gochat900.com"
        }
    ]
}
DEBUG 2021-10-06 21:09:11,502 - ####################################################################################################
DEBUG 2021-10-06 21:09:11,508 - DOMAIN DISCOVER
INFO 2021-10-06 21:09:11,508 - {
    "data": [
        {
            "{#DOMAINSSL}": "statt.maxpartner.cn"
        }, 
        {
            "{#DOMAINSSL}": "ws.legendli.cn"
        }, 
        {
            "{#DOMAINSSL}": "www.gochat900.com"
        }
    ]
}
DEBUG 2021-10-06 22:09:10,450 - ####################################################################################################
DEBUG 2021-10-06 22:09:10,456 - DOMAIN DISCOVER
INFO 2021-10-06 22:09:10,456 - {
    "data": [
        {
            "{#DOMAINSSL}": "statt.maxpartner.cn"
        }, 
        {
            "{#DOMAINSSL}": "ws.legendli.cn"
        }, 
        {
            "{#DOMAINSSL}": "www.gochat900.com"
        }
    ]
}
DEBUG 2021-10-06 23:09:09,796 - ####################################################################################################
DEBUG 2021-10-06 23:09:09,802 - DOMAIN DISCOVER
INFO 2021-10-06 23:09:09,802 - {
    "data": [
        {
            "{#DOMAINSSL}": "statt.maxpartner.cn"
        }, 
        {
            "{#DOMAINSSL}": "ws.legendli.cn"
        }, 
        {
            "{#DOMAINSSL}": "www.gochat900.com"
        }
    ]
}
