DEBUG 2021-07-14 00:08:51,433 - ####################################################################################################
DEBUG 2021-07-14 00:08:51,439 - DOMAIN DISCOVER
INFO 2021-07-14 00:08:51,439 - {
    "data": [
        {
            "{#DOMAINSSL}": "xt099.com"
        }, 
        {
            "{#DOMAINSSL}": "ying88888.com"
        }, 
        {
            "{#DOMAINSSL}": "eu2018.net"
        }, 
        {
            "{#DOMAINSSL}": "jin172.com"
        }, 
        {
            "{#DOMAINSSL}": "gci.987byh.com"
        }, 
        {
            "{#DOMAINSSL}": "jsh521.com"
        }, 
        {
            "{#DOMAINSSL}": "www.jsh521.com"
        }, 
        {
            "{#DOMAINSSL}": "a2202.com"
        }, 
        {
            "{#DOMAINSSL}": "www.a2202.com"
        }, 
        {
            "{#DOMAINSSL}": "www.eu590.com"
        }, 
        {
            "{#DOMAINSSL}": "eu590.com"
        }
    ]
}
DEBUG 2021-07-14 01:08:50,245 - ####################################################################################################
DEBUG 2021-07-14 01:08:50,252 - DOMAIN DISCOVER
INFO 2021-07-14 01:08:50,252 - {
    "data": [
        {
            "{#DOMAINSSL}": "xt099.com"
        }, 
        {
            "{#DOMAINSSL}": "ying88888.com"
        }, 
        {
            "{#DOMAINSSL}": "eu2018.net"
        }, 
        {
            "{#DOMAINSSL}": "jin172.com"
        }, 
        {
            "{#DOMAINSSL}": "gci.987byh.com"
        }, 
        {
            "{#DOMAINSSL}": "jsh521.com"
        }, 
        {
            "{#DOMAINSSL}": "www.jsh521.com"
        }, 
        {
            "{#DOMAINSSL}": "a2202.com"
        }, 
        {
            "{#DOMAINSSL}": "www.a2202.com"
        }, 
        {
            "{#DOMAINSSL}": "www.eu590.com"
        }, 
        {
            "{#DOMAINSSL}": "eu590.com"
        }
    ]
}
DEBUG 2021-07-14 02:08:54,258 - ####################################################################################################
DEBUG 2021-07-14 02:08:54,264 - DOMAIN DISCOVER
INFO 2021-07-14 02:08:54,264 - {
    "data": [
        {
            "{#DOMAINSSL}": "xt099.com"
        }, 
        {
            "{#DOMAINSSL}": "ying88888.com"
        }, 
        {
            "{#DOMAINSSL}": "eu2018.net"
        }, 
        {
            "{#DOMAINSSL}": "jin172.com"
        }, 
        {
            "{#DOMAINSSL}": "gci.987byh.com"
        }, 
        {
            "{#DOMAINSSL}": "jsh521.com"
        }, 
        {
            "{#DOMAINSSL}": "www.jsh521.com"
        }, 
        {
            "{#DOMAINSSL}": "a2202.com"
        }, 
        {
            "{#DOMAINSSL}": "www.a2202.com"
        }, 
        {
            "{#DOMAINSSL}": "www.eu590.com"
        }, 
        {
            "{#DOMAINSSL}": "eu590.com"
        }
    ]
}
DEBUG 2021-07-14 03:08:51,213 - ####################################################################################################
DEBUG 2021-07-14 03:08:51,220 - DOMAIN DISCOVER
INFO 2021-07-14 03:08:51,221 - {
    "data": [
        {
            "{#DOMAINSSL}": "xt099.com"
        }, 
        {
            "{#DOMAINSSL}": "ying88888.com"
        }, 
        {
            "{#DOMAINSSL}": "eu2018.net"
        }, 
        {
            "{#DOMAINSSL}": "jin172.com"
        }, 
        {
            "{#DOMAINSSL}": "gci.987byh.com"
        }, 
        {
            "{#DOMAINSSL}": "jsh521.com"
        }, 
        {
            "{#DOMAINSSL}": "www.jsh521.com"
        }, 
        {
            "{#DOMAINSSL}": "a2202.com"
        }, 
        {
            "{#DOMAINSSL}": "www.a2202.com"
        }, 
        {
            "{#DOMAINSSL}": "www.eu590.com"
        }, 
        {
            "{#DOMAINSSL}": "eu590.com"
        }
    ]
}
DEBUG 2021-07-14 04:08:52,297 - ####################################################################################################
DEBUG 2021-07-14 04:08:52,305 - DOMAIN DISCOVER
INFO 2021-07-14 04:08:52,305 - {
    "data": [
        {
            "{#DOMAINSSL}": "xt099.com"
        }, 
        {
            "{#DOMAINSSL}": "ying88888.com"
        }, 
        {
            "{#DOMAINSSL}": "eu2018.net"
        }, 
        {
            "{#DOMAINSSL}": "jin172.com"
        }, 
        {
            "{#DOMAINSSL}": "gci.987byh.com"
        }, 
        {
            "{#DOMAINSSL}": "jsh521.com"
        }, 
        {
            "{#DOMAINSSL}": "www.jsh521.com"
        }, 
        {
            "{#DOMAINSSL}": "a2202.com"
        }, 
        {
            "{#DOMAINSSL}": "www.a2202.com"
        }, 
        {
            "{#DOMAINSSL}": "www.eu590.com"
        }, 
        {
            "{#DOMAINSSL}": "eu590.com"
        }
    ]
}
DEBUG 2021-07-14 05:08:51,842 - ####################################################################################################
DEBUG 2021-07-14 05:08:51,848 - DOMAIN DISCOVER
INFO 2021-07-14 05:08:51,848 - {
    "data": [
        {
            "{#DOMAINSSL}": "52030000.com"
        }, 
        {
            "{#DOMAINSSL}": "xindeli9.com"
        }, 
        {
            "{#DOMAINSSL}": "jsh321.com"
        }, 
        {
            "{#DOMAINSSL}": "b6363a.com"
        }, 
        {
            "{#DOMAINSSL}": "eu55555.com"
        }, 
        {
            "{#DOMAINSSL}": "xt099.com"
        }, 
        {
            "{#DOMAINSSL}": "xbet007.com"
        }, 
        {
            "{#DOMAINSSL}": "ying88888.com"
        }, 
        {
            "{#DOMAINSSL}": "eu2018.net"
        }, 
        {
            "{#DOMAINSSL}": "gci.987byh.com"
        }, 
        {
            "{#DOMAINSSL}": "jsh521.com"
        }, 
        {
            "{#DOMAINSSL}": "www.jsh521.com"
        }, 
        {
            "{#DOMAINSSL}": "a2202.com"
        }, 
        {
            "{#DOMAINSSL}": "www.a2202.com"
        }, 
        {
            "{#DOMAINSSL}": "cf816.com"
        }
    ]
}
DEBUG 2021-07-14 06:08:52,462 - ####################################################################################################
DEBUG 2021-07-14 06:08:52,469 - DOMAIN DISCOVER
INFO 2021-07-14 06:08:52,469 - {
    "data": [
        {
            "{#DOMAINSSL}": "rb168.net"
        }, 
        {
            "{#DOMAINSSL}": "jinshihao6.com"
        }, 
        {
            "{#DOMAINSSL}": "eu55555.com"
        }, 
        {
            "{#DOMAINSSL}": "xbet999.com"
        }, 
        {
            "{#DOMAINSSL}": "xt099.com"
        }, 
        {
            "{#DOMAINSSL}": "xindeli005.com"
        }, 
        {
            "{#DOMAINSSL}": "ying88888.com"
        }, 
        {
            "{#DOMAINSSL}": "eu2018.net"
        }, 
        {
            "{#DOMAINSSL}": "55622000.com"
        }, 
        {
            "{#DOMAINSSL}": "jin172.com"
        }, 
        {
            "{#DOMAINSSL}": "gci.987byh.com"
        }, 
        {
            "{#DOMAINSSL}": "bzj222.com"
        }, 
        {
            "{#DOMAINSSL}": "jsh521.com"
        }, 
        {
            "{#DOMAINSSL}": "www.jsh521.com"
        }, 
        {
            "{#DOMAINSSL}": "a2202.com"
        }, 
        {
            "{#DOMAINSSL}": "www.a2202.com"
        }, 
        {
            "{#DOMAINSSL}": "www.eu590.com"
        }, 
        {
            "{#DOMAINSSL}": "eu590.com"
        }, 
        {
            "{#DOMAINSSL}": "cf816.com"
        }
    ]
}
DEBUG 2021-07-14 07:08:50,392 - ####################################################################################################
DEBUG 2021-07-14 07:08:50,399 - DOMAIN DISCOVER
INFO 2021-07-14 07:08:50,399 - {
    "data": [
        {
            "{#DOMAINSSL}": "eu55555.com"
        }, 
        {
            "{#DOMAINSSL}": "xt099.com"
        }, 
        {
            "{#DOMAINSSL}": "eu2018.net"
        }, 
        {
            "{#DOMAINSSL}": "gci.987byh.com"
        }, 
        {
            "{#DOMAINSSL}": "a2202.com"
        }, 
        {
            "{#DOMAINSSL}": "www.a2202.com"
        }
    ]
}
DEBUG 2021-07-14 08:08:52,877 - ####################################################################################################
DEBUG 2021-07-14 08:08:52,882 - DOMAIN DISCOVER
INFO 2021-07-14 08:08:52,882 - {
    "data": [
        {
            "{#DOMAINSSL}": "eu55555.com"
        }, 
        {
            "{#DOMAINSSL}": "xt099.com"
        }, 
        {
            "{#DOMAINSSL}": "eu2018.net"
        }, 
        {
            "{#DOMAINSSL}": "gci.987byh.com"
        }, 
        {
            "{#DOMAINSSL}": "a2202.com"
        }, 
        {
            "{#DOMAINSSL}": "www.a2202.com"
        }
    ]
}
DEBUG 2021-07-14 09:08:50,650 - ####################################################################################################
DEBUG 2021-07-14 09:08:50,656 - DOMAIN DISCOVER
INFO 2021-07-14 09:08:50,657 - {
    "data": [
        {
            "{#DOMAINSSL}": "eu55555.com"
        }, 
        {
            "{#DOMAINSSL}": "xt099.com"
        }, 
        {
            "{#DOMAINSSL}": "eu2018.net"
        }, 
        {
            "{#DOMAINSSL}": "gci.987byh.com"
        }, 
        {
            "{#DOMAINSSL}": "a2202.com"
        }, 
        {
            "{#DOMAINSSL}": "www.a2202.com"
        }
    ]
}
DEBUG 2021-07-14 10:08:50,203 - ####################################################################################################
DEBUG 2021-07-14 10:08:50,210 - DOMAIN DISCOVER
INFO 2021-07-14 10:08:50,210 - {
    "data": [
        {
            "{#DOMAINSSL}": "eu55555.com"
        }, 
        {
            "{#DOMAINSSL}": "xt099.com"
        }, 
        {
            "{#DOMAINSSL}": "eu2018.net"
        }, 
        {
            "{#DOMAINSSL}": "gci.987byh.com"
        }, 
        {
            "{#DOMAINSSL}": "a2202.com"
        }, 
        {
            "{#DOMAINSSL}": "www.a2202.com"
        }
    ]
}
DEBUG 2021-07-14 11:08:50,651 - ####################################################################################################
DEBUG 2021-07-14 11:08:50,657 - DOMAIN DISCOVER
INFO 2021-07-14 11:08:50,657 - {
    "data": [
        {
            "{#DOMAINSSL}": "eu55555.com"
        }, 
        {
            "{#DOMAINSSL}": "xt099.com"
        }, 
        {
            "{#DOMAINSSL}": "eu2018.net"
        }, 
        {
            "{#DOMAINSSL}": "gci.987byh.com"
        }, 
        {
            "{#DOMAINSSL}": "a2202.com"
        }, 
        {
            "{#DOMAINSSL}": "www.a2202.com"
        }
    ]
}
DEBUG 2021-07-14 12:08:51,746 - ####################################################################################################
DEBUG 2021-07-14 12:08:51,753 - DOMAIN DISCOVER
INFO 2021-07-14 12:08:51,754 - {
    "data": [
        {
            "{#DOMAINSSL}": "eu55555.com"
        }, 
        {
            "{#DOMAINSSL}": "xt099.com"
        }, 
        {
            "{#DOMAINSSL}": "eu2018.net"
        }, 
        {
            "{#DOMAINSSL}": "gci.987byh.com"
        }, 
        {
            "{#DOMAINSSL}": "a2202.com"
        }, 
        {
            "{#DOMAINSSL}": "www.a2202.com"
        }
    ]
}
DEBUG 2021-07-14 13:08:52,383 - ####################################################################################################
DEBUG 2021-07-14 13:08:52,391 - DOMAIN DISCOVER
INFO 2021-07-14 13:08:52,391 - {
    "data": [
        {
            "{#DOMAINSSL}": "eu55555.com"
        }, 
        {
            "{#DOMAINSSL}": "xt099.com"
        }, 
        {
            "{#DOMAINSSL}": "eu2018.net"
        }, 
        {
            "{#DOMAINSSL}": "gci.987byh.com"
        }, 
        {
            "{#DOMAINSSL}": "a2202.com"
        }, 
        {
            "{#DOMAINSSL}": "www.a2202.com"
        }
    ]
}
DEBUG 2021-07-14 14:08:51,901 - ####################################################################################################
DEBUG 2021-07-14 14:08:51,910 - DOMAIN DISCOVER
INFO 2021-07-14 14:08:51,910 - {
    "data": [
        {
            "{#DOMAINSSL}": "eu55555.com"
        }, 
        {
            "{#DOMAINSSL}": "xt099.com"
        }, 
        {
            "{#DOMAINSSL}": "eu2018.net"
        }, 
        {
            "{#DOMAINSSL}": "gci.987byh.com"
        }, 
        {
            "{#DOMAINSSL}": "a2202.com"
        }, 
        {
            "{#DOMAINSSL}": "www.a2202.com"
        }
    ]
}
DEBUG 2021-07-14 15:08:51,371 - ####################################################################################################
DEBUG 2021-07-14 15:08:51,378 - DOMAIN DISCOVER
INFO 2021-07-14 15:08:51,378 - {
    "data": [
        {
            "{#DOMAINSSL}": "xt099.com"
        }, 
        {
            "{#DOMAINSSL}": "eu2018.net"
        }, 
        {
            "{#DOMAINSSL}": "gci.987byh.com"
        }
    ]
}
DEBUG 2021-07-14 16:08:50,836 - ####################################################################################################
DEBUG 2021-07-14 16:08:50,843 - DOMAIN DISCOVER
INFO 2021-07-14 16:08:50,843 - {
    "data": [
        {
            "{#DOMAINSSL}": "xt099.com"
        }, 
        {
            "{#DOMAINSSL}": "eu2018.net"
        }, 
        {
            "{#DOMAINSSL}": "gci.987byh.com"
        }
    ]
}
DEBUG 2021-07-14 17:08:54,307 - ####################################################################################################
DEBUG 2021-07-14 17:08:54,314 - DOMAIN DISCOVER
INFO 2021-07-14 17:08:54,314 - {
    "data": [
        {
            "{#DOMAINSSL}": "xt099.com"
        }, 
        {
            "{#DOMAINSSL}": "eu2018.net"
        }, 
        {
            "{#DOMAINSSL}": "gci.987byh.com"
        }
    ]
}
DEBUG 2021-07-14 18:08:52,227 - ####################################################################################################
DEBUG 2021-07-14 18:08:52,235 - DOMAIN DISCOVER
INFO 2021-07-14 18:08:52,235 - {
    "data": [
        {
            "{#DOMAINSSL}": "xt099.com"
        }, 
        {
            "{#DOMAINSSL}": "eu2018.net"
        }, 
        {
            "{#DOMAINSSL}": "gci.987byh.com"
        }
    ]
}
DEBUG 2021-07-14 19:08:52,439 - ####################################################################################################
DEBUG 2021-07-14 19:08:52,446 - DOMAIN DISCOVER
INFO 2021-07-14 19:08:52,446 - {
    "data": [
        {
            "{#DOMAINSSL}": "xt099.com"
        }, 
        {
            "{#DOMAINSSL}": "eu2018.net"
        }, 
        {
            "{#DOMAINSSL}": "gci.987byh.com"
        }
    ]
}
