DEBUG 2021-06-17 00:08:49,726 - ####################################################################################################
DEBUG 2021-06-17 00:08:49,732 - DOMAIN DISCOVER
INFO 2021-06-17 00:08:49,732 - {
    "data": [
        {
            "{#DOMAINSSL}": "eu2018.net"
        }, 
        {
            "{#DOMAINSSL}": "bakh5.xshny.com"
        }, 
        {
            "{#DOMAINSSL}": "www.asiaroutes.com"
        }, 
        {
            "{#DOMAINSSL}": "www.asiaroutes.com"
        }
    ]
}
DEBUG 2021-06-17 01:08:47,400 - ####################################################################################################
DEBUG 2021-06-17 01:08:47,406 - DOMAIN DISCOVER
INFO 2021-06-17 01:08:47,407 - {
    "data": [
        {
            "{#DOMAINSSL}": "eu2018.net"
        }, 
        {
            "{#DOMAINSSL}": "bakh5.xshny.com"
        }, 
        {
            "{#DOMAINSSL}": "www.asiaroutes.com"
        }, 
        {
            "{#DOMAINSSL}": "www.asiaroutes.com"
        }
    ]
}
DEBUG 2021-06-17 02:08:45,606 - ####################################################################################################
DEBUG 2021-06-17 02:08:45,612 - DOMAIN DISCOVER
INFO 2021-06-17 02:08:45,613 - {
    "data": [
        {
            "{#DOMAINSSL}": "eu2018.net"
        }, 
        {
            "{#DOMAINSSL}": "bakh5.xshny.com"
        }, 
        {
            "{#DOMAINSSL}": "www.asiaroutes.com"
        }, 
        {
            "{#DOMAINSSL}": "www.asiaroutes.com"
        }
    ]
}
DEBUG 2021-06-17 03:08:47,705 - ####################################################################################################
DEBUG 2021-06-17 03:08:47,711 - DOMAIN DISCOVER
INFO 2021-06-17 03:08:47,711 - {
    "data": [
        {
            "{#DOMAINSSL}": "eu2018.net"
        }, 
        {
            "{#DOMAINSSL}": "bakh5.xshny.com"
        }, 
        {
            "{#DOMAINSSL}": "www.asiaroutes.com"
        }, 
        {
            "{#DOMAINSSL}": "www.asiaroutes.com"
        }
    ]
}
DEBUG 2021-06-17 04:08:49,493 - ####################################################################################################
DEBUG 2021-06-17 04:08:49,499 - DOMAIN DISCOVER
INFO 2021-06-17 04:08:49,500 - {
    "data": [
        {
            "{#DOMAINSSL}": "eu2018.net"
        }, 
        {
            "{#DOMAINSSL}": "bakh5.xshny.com"
        }, 
        {
            "{#DOMAINSSL}": "www.asiaroutes.com"
        }, 
        {
            "{#DOMAINSSL}": "www.asiaroutes.com"
        }
    ]
}
DEBUG 2021-06-17 05:08:49,874 - ####################################################################################################
DEBUG 2021-06-17 05:08:49,881 - DOMAIN DISCOVER
INFO 2021-06-17 05:08:49,881 - {
    "data": [
        {
            "{#DOMAINSSL}": "eu168vip.net"
        }, 
        {
            "{#DOMAINSSL}": "jbl8077.com"
        }, 
        {
            "{#DOMAINSSL}": "bbasia8.com"
        }, 
        {
            "{#DOMAINSSL}": "eu850.com"
        }, 
        {
            "{#DOMAINSSL}": "hujidi.com"
        }, 
        {
            "{#DOMAINSSL}": "bakh5.xshny.com"
        }, 
        {
            "{#DOMAINSSL}": "www.asiaroutes.com"
        }, 
        {
            "{#DOMAINSSL}": "www.xpj6.in"
        }, 
        {
            "{#DOMAINSSL}": "www.eu616.com"
        }, 
        {
            "{#DOMAINSSL}": "goldencai.net"
        }, 
        {
            "{#DOMAINSSL}": "www.eu898.com"
        }, 
        {
            "{#DOMAINSSL}": "www.asiaroutes.com"
        }
    ]
}
DEBUG 2021-06-17 06:08:49,763 - ####################################################################################################
DEBUG 2021-06-17 06:08:49,769 - DOMAIN DISCOVER
INFO 2021-06-17 06:08:49,770 - {
    "data": [
        {
            "{#DOMAINSSL}": "bailimail.com"
        }, 
        {
            "{#DOMAINSSL}": "xbet116.com"
        }, 
        {
            "{#DOMAINSSL}": "hujidi.com"
        }, 
        {
            "{#DOMAINSSL}": "jiabo68.net"
        }, 
        {
            "{#DOMAINSSL}": "bakh5.xshny.com"
        }, 
        {
            "{#DOMAINSSL}": "www.jin123.info"
        }, 
        {
            "{#DOMAINSSL}": "www.asiaroutes.com"
        }, 
        {
            "{#DOMAINSSL}": "www.asiaroutes.com"
        }
    ]
}
DEBUG 2021-06-17 07:08:44,726 - ####################################################################################################
DEBUG 2021-06-17 07:08:44,732 - DOMAIN DISCOVER
INFO 2021-06-17 07:08:44,732 - {
    "data": [
        {
            "{#DOMAINSSL}": "hujidi.com"
        }, 
        {
            "{#DOMAINSSL}": "bakh5.xshny.com"
        }, 
        {
            "{#DOMAINSSL}": "www.asiaroutes.com"
        }, 
        {
            "{#DOMAINSSL}": "www.asiaroutes.com"
        }
    ]
}
DEBUG 2021-06-17 08:08:46,537 - ####################################################################################################
DEBUG 2021-06-17 08:08:46,544 - DOMAIN DISCOVER
INFO 2021-06-17 08:08:46,544 - {
    "data": [
        {
            "{#DOMAINSSL}": "hujidi.com"
        }, 
        {
            "{#DOMAINSSL}": "bakh5.xshny.com"
        }, 
        {
            "{#DOMAINSSL}": "www.asiaroutes.com"
        }, 
        {
            "{#DOMAINSSL}": "www.asiaroutes.com"
        }
    ]
}
DEBUG 2021-06-17 09:08:46,799 - ####################################################################################################
DEBUG 2021-06-17 09:08:46,805 - DOMAIN DISCOVER
INFO 2021-06-17 09:08:46,805 - {
    "data": [
        {
            "{#DOMAINSSL}": "hujidi.com"
        }, 
        {
            "{#DOMAINSSL}": "bakh5.xshny.com"
        }, 
        {
            "{#DOMAINSSL}": "www.asiaroutes.com"
        }, 
        {
            "{#DOMAINSSL}": "www.asiaroutes.com"
        }
    ]
}
DEBUG 2021-06-17 10:08:49,056 - ####################################################################################################
DEBUG 2021-06-17 10:08:49,061 - DOMAIN DISCOVER
INFO 2021-06-17 10:08:49,062 - {
    "data": [
        {
            "{#DOMAINSSL}": "hujidi.com"
        }, 
        {
            "{#DOMAINSSL}": "bakh5.xshny.com"
        }, 
        {
            "{#DOMAINSSL}": "www.asiaroutes.com"
        }, 
        {
            "{#DOMAINSSL}": "www.asiaroutes.com"
        }
    ]
}
DEBUG 2021-06-17 11:08:47,230 - ####################################################################################################
DEBUG 2021-06-17 11:08:47,236 - DOMAIN DISCOVER
INFO 2021-06-17 11:08:47,237 - {
    "data": [
        {
            "{#DOMAINSSL}": "hujidi.com"
        }, 
        {
            "{#DOMAINSSL}": "bakh5.xshny.com"
        }, 
        {
            "{#DOMAINSSL}": "www.asiaroutes.com"
        }, 
        {
            "{#DOMAINSSL}": "www.asiaroutes.com"
        }
    ]
}
DEBUG 2021-06-17 12:08:46,057 - ####################################################################################################
DEBUG 2021-06-17 12:08:46,063 - DOMAIN DISCOVER
INFO 2021-06-17 12:08:46,063 - {
    "data": [
        {
            "{#DOMAINSSL}": "hujidi.com"
        }, 
        {
            "{#DOMAINSSL}": "bakh5.xshny.com"
        }, 
        {
            "{#DOMAINSSL}": "www.asiaroutes.com"
        }, 
        {
            "{#DOMAINSSL}": "www.asiaroutes.com"
        }
    ]
}
DEBUG 2021-06-17 13:08:46,018 - ####################################################################################################
DEBUG 2021-06-17 13:08:46,024 - DOMAIN DISCOVER
INFO 2021-06-17 13:08:46,024 - {
    "data": [
        {
            "{#DOMAINSSL}": "hujidi.com"
        }, 
        {
            "{#DOMAINSSL}": "bakh5.xshny.com"
        }, 
        {
            "{#DOMAINSSL}": "www.asiaroutes.com"
        }, 
        {
            "{#DOMAINSSL}": "www.asiaroutes.com"
        }
    ]
}
DEBUG 2021-06-17 14:08:46,751 - ####################################################################################################
DEBUG 2021-06-17 14:08:46,757 - DOMAIN DISCOVER
INFO 2021-06-17 14:08:46,758 - {
    "data": [
        {
            "{#DOMAINSSL}": "hujidi.com"
        }, 
        {
            "{#DOMAINSSL}": "bakh5.xshny.com"
        }, 
        {
            "{#DOMAINSSL}": "www.asiaroutes.com"
        }, 
        {
            "{#DOMAINSSL}": "www.asiaroutes.com"
        }
    ]
}
DEBUG 2021-06-17 15:08:47,319 - ####################################################################################################
DEBUG 2021-06-17 15:08:47,325 - DOMAIN DISCOVER
INFO 2021-06-17 15:08:47,325 - {
    "data": [
        {
            "{#DOMAINSSL}": "hujidi.com"
        }, 
        {
            "{#DOMAINSSL}": "bakh5.xshny.com"
        }, 
        {
            "{#DOMAINSSL}": "www.asiaroutes.com"
        }, 
        {
            "{#DOMAINSSL}": "www.asiaroutes.com"
        }
    ]
}
DEBUG 2021-06-17 16:08:49,373 - ####################################################################################################
DEBUG 2021-06-17 16:08:49,381 - DOMAIN DISCOVER
INFO 2021-06-17 16:08:49,381 - {
    "data": [
        {
            "{#DOMAINSSL}": "hujidi.com"
        }, 
        {
            "{#DOMAINSSL}": "bakh5.xshny.com"
        }, 
        {
            "{#DOMAINSSL}": "www.asiaroutes.com"
        }, 
        {
            "{#DOMAINSSL}": "www.asiaroutes.com"
        }
    ]
}
DEBUG 2021-06-17 17:08:49,066 - ####################################################################################################
DEBUG 2021-06-17 17:08:49,072 - DOMAIN DISCOVER
INFO 2021-06-17 17:08:49,072 - {
    "data": [
        {
            "{#DOMAINSSL}": "hujidi.com"
        }, 
        {
            "{#DOMAINSSL}": "bakh5.xshny.com"
        }, 
        {
            "{#DOMAINSSL}": "www.asiaroutes.com"
        }, 
        {
            "{#DOMAINSSL}": "www.asiaroutes.com"
        }
    ]
}
DEBUG 2021-06-17 18:08:46,187 - ####################################################################################################
DEBUG 2021-06-17 18:08:46,193 - DOMAIN DISCOVER
INFO 2021-06-17 18:08:46,193 - {
    "data": [
        {
            "{#DOMAINSSL}": "hujidi.com"
        }, 
        {
            "{#DOMAINSSL}": "bakh5.xshny.com"
        }, 
        {
            "{#DOMAINSSL}": "www.asiaroutes.com"
        }, 
        {
            "{#DOMAINSSL}": "www.asiaroutes.com"
        }
    ]
}
DEBUG 2021-06-17 19:08:47,706 - ####################################################################################################
DEBUG 2021-06-17 19:08:47,713 - DOMAIN DISCOVER
INFO 2021-06-17 19:08:47,713 - {
    "data": [
        {
            "{#DOMAINSSL}": "hujidi.com"
        }, 
        {
            "{#DOMAINSSL}": "bakh5.xshny.com"
        }, 
        {
            "{#DOMAINSSL}": "www.asiaroutes.com"
        }, 
        {
            "{#DOMAINSSL}": "www.asiaroutes.com"
        }
    ]
}
DEBUG 2021-06-17 20:08:45,385 - ####################################################################################################
DEBUG 2021-06-17 20:08:45,393 - DOMAIN DISCOVER
INFO 2021-06-17 20:08:45,393 - {
    "data": [
        {
            "{#DOMAINSSL}": "hujidi.com"
        }, 
        {
            "{#DOMAINSSL}": "bakh5.xshny.com"
        }, 
        {
            "{#DOMAINSSL}": "www.asiaroutes.com"
        }, 
        {
            "{#DOMAINSSL}": "www.asiaroutes.com"
        }
    ]
}
DEBUG 2021-06-17 21:08:46,374 - ####################################################################################################
DEBUG 2021-06-17 21:08:46,380 - DOMAIN DISCOVER
INFO 2021-06-17 21:08:46,380 - {
    "data": [
        {
            "{#DOMAINSSL}": "hujidi.com"
        }, 
        {
            "{#DOMAINSSL}": "bakh5.xshny.com"
        }, 
        {
            "{#DOMAINSSL}": "www.asiaroutes.com"
        }, 
        {
            "{#DOMAINSSL}": "www.asiaroutes.com"
        }
    ]
}
DEBUG 2021-06-17 22:08:47,710 - ####################################################################################################
DEBUG 2021-06-17 22:08:47,717 - DOMAIN DISCOVER
INFO 2021-06-17 22:08:47,717 - {
    "data": [
        {
            "{#DOMAINSSL}": "hujidi.com"
        }, 
        {
            "{#DOMAINSSL}": "bakh5.xshny.com"
        }, 
        {
            "{#DOMAINSSL}": "www.asiaroutes.com"
        }, 
        {
            "{#DOMAINSSL}": "www.asiaroutes.com"
        }
    ]
}
DEBUG 2021-06-17 23:08:46,218 - ####################################################################################################
DEBUG 2021-06-17 23:08:46,224 - DOMAIN DISCOVER
INFO 2021-06-17 23:08:46,224 - {
    "data": [
        {
            "{#DOMAINSSL}": "hujidi.com"
        }, 
        {
            "{#DOMAINSSL}": "bakh5.xshny.com"
        }, 
        {
            "{#DOMAINSSL}": "www.asiaroutes.com"
        }, 
        {
            "{#DOMAINSSL}": "www.asiaroutes.com"
        }
    ]
}
