DEBUG 2021-09-28 00:09:08,769 - ####################################################################################################
DEBUG 2021-09-28 00:09:08,776 - DOMAIN DISCOVER
INFO 2021-09-28 00:09:08,776 - {
    "data": [
        {
            "{#DOMAINSSL}": "delivip1.com"
        }, 
        {
            "{#DOMAINSSL}": "573595.com"
        }, 
        {
            "{#DOMAINSSL}": "www.573595.com"
        }, 
        {
            "{#DOMAINSSL}": "579832.com"
        }, 
        {
            "{#DOMAINSSL}": "www.579832.com"
        }
    ]
}
DEBUG 2021-09-28 01:09:08,747 - ####################################################################################################
DEBUG 2021-09-28 01:09:08,753 - DOMAIN DISCOVER
INFO 2021-09-28 01:09:08,753 - {
    "data": [
        {
            "{#DOMAINSSL}": "delivip1.com"
        }, 
        {
            "{#DOMAINSSL}": "573595.com"
        }, 
        {
            "{#DOMAINSSL}": "www.573595.com"
        }, 
        {
            "{#DOMAINSSL}": "579832.com"
        }, 
        {
            "{#DOMAINSSL}": "www.579832.com"
        }
    ]
}
DEBUG 2021-09-28 02:09:09,368 - ####################################################################################################
DEBUG 2021-09-28 02:09:09,374 - DOMAIN DISCOVER
INFO 2021-09-28 02:09:09,375 - {
    "data": [
        {
            "{#DOMAINSSL}": "delivip1.com"
        }, 
        {
            "{#DOMAINSSL}": "573595.com"
        }, 
        {
            "{#DOMAINSSL}": "www.573595.com"
        }, 
        {
            "{#DOMAINSSL}": "579832.com"
        }, 
        {
            "{#DOMAINSSL}": "www.579832.com"
        }
    ]
}
DEBUG 2021-09-28 03:09:08,206 - ####################################################################################################
DEBUG 2021-09-28 03:09:08,212 - DOMAIN DISCOVER
INFO 2021-09-28 03:09:08,212 - {
    "data": [
        {
            "{#DOMAINSSL}": "delivip1.com"
        }, 
        {
            "{#DOMAINSSL}": "573595.com"
        }, 
        {
            "{#DOMAINSSL}": "www.573595.com"
        }, 
        {
            "{#DOMAINSSL}": "579832.com"
        }, 
        {
            "{#DOMAINSSL}": "www.579832.com"
        }
    ]
}
DEBUG 2021-09-28 04:09:11,737 - ####################################################################################################
DEBUG 2021-09-28 04:09:11,743 - DOMAIN DISCOVER
INFO 2021-09-28 04:09:11,743 - {
    "data": [
        {
            "{#DOMAINSSL}": "delivip1.com"
        }, 
        {
            "{#DOMAINSSL}": "573595.com"
        }, 
        {
            "{#DOMAINSSL}": "www.573595.com"
        }, 
        {
            "{#DOMAINSSL}": "579832.com"
        }, 
        {
            "{#DOMAINSSL}": "www.579832.com"
        }
    ]
}
DEBUG 2021-09-28 05:09:10,479 - ####################################################################################################
DEBUG 2021-09-28 05:09:10,484 - DOMAIN DISCOVER
INFO 2021-09-28 05:09:10,484 - {
    "data": []
}
DEBUG 2021-09-28 06:09:12,064 - ####################################################################################################
DEBUG 2021-09-28 06:09:12,070 - DOMAIN DISCOVER
INFO 2021-09-28 06:09:12,071 - {
    "data": []
}
DEBUG 2021-09-28 07:09:07,561 - ####################################################################################################
DEBUG 2021-09-28 07:09:07,567 - DOMAIN DISCOVER
INFO 2021-09-28 07:09:07,568 - {
    "data": []
}
DEBUG 2021-09-28 08:09:09,297 - ####################################################################################################
DEBUG 2021-09-28 08:09:09,303 - DOMAIN DISCOVER
INFO 2021-09-28 08:09:09,303 - {
    "data": []
}
DEBUG 2021-09-28 09:09:10,286 - ####################################################################################################
DEBUG 2021-09-28 09:09:10,292 - DOMAIN DISCOVER
INFO 2021-09-28 09:09:10,292 - {
    "data": []
}
DEBUG 2021-09-28 10:09:08,402 - ####################################################################################################
DEBUG 2021-09-28 10:09:08,406 - DOMAIN DISCOVER
INFO 2021-09-28 10:09:08,407 - {
    "data": []
}
DEBUG 2021-09-28 11:09:09,452 - ####################################################################################################
DEBUG 2021-09-28 11:09:09,457 - DOMAIN DISCOVER
INFO 2021-09-28 11:09:09,457 - {
    "data": []
}
DEBUG 2021-09-28 12:09:09,346 - ####################################################################################################
DEBUG 2021-09-28 12:09:09,352 - DOMAIN DISCOVER
INFO 2021-09-28 12:09:09,352 - {
    "data": []
}
DEBUG 2021-09-28 13:09:08,388 - ####################################################################################################
DEBUG 2021-09-28 13:09:08,393 - DOMAIN DISCOVER
INFO 2021-09-28 13:09:08,393 - {
    "data": []
}
DEBUG 2021-09-28 14:09:10,196 - ####################################################################################################
DEBUG 2021-09-28 14:09:10,202 - DOMAIN DISCOVER
INFO 2021-09-28 14:09:10,203 - {
    "data": []
}
DEBUG 2021-09-28 15:09:12,309 - ####################################################################################################
DEBUG 2021-09-28 15:09:12,315 - DOMAIN DISCOVER
INFO 2021-09-28 15:09:12,315 - {
    "data": []
}
DEBUG 2021-09-28 16:09:10,479 - ####################################################################################################
DEBUG 2021-09-28 16:09:10,485 - DOMAIN DISCOVER
INFO 2021-09-28 16:09:10,485 - {
    "data": []
}
DEBUG 2021-09-28 17:09:09,673 - ####################################################################################################
DEBUG 2021-09-28 17:09:09,678 - DOMAIN DISCOVER
INFO 2021-09-28 17:09:09,678 - {
    "data": []
}
DEBUG 2021-09-28 18:09:08,993 - ####################################################################################################
DEBUG 2021-09-28 18:09:08,999 - DOMAIN DISCOVER
INFO 2021-09-28 18:09:08,999 - {
    "data": []
}
DEBUG 2021-09-28 19:09:11,134 - ####################################################################################################
DEBUG 2021-09-28 19:09:11,139 - DOMAIN DISCOVER
INFO 2021-09-28 19:09:11,140 - {
    "data": []
}
DEBUG 2021-09-28 20:09:09,108 - ####################################################################################################
DEBUG 2021-09-28 20:09:09,114 - DOMAIN DISCOVER
INFO 2021-09-28 20:09:09,114 - {
    "data": []
}
DEBUG 2021-09-28 21:09:10,333 - ####################################################################################################
DEBUG 2021-09-28 21:09:10,340 - DOMAIN DISCOVER
INFO 2021-09-28 21:09:10,340 - {
    "data": []
}
DEBUG 2021-09-28 22:09:08,908 - ####################################################################################################
DEBUG 2021-09-28 22:09:08,914 - DOMAIN DISCOVER
INFO 2021-09-28 22:09:08,914 - {
    "data": []
}
DEBUG 2021-09-28 23:09:09,225 - ####################################################################################################
DEBUG 2021-09-28 23:09:09,230 - DOMAIN DISCOVER
INFO 2021-09-28 23:09:09,230 - {
    "data": []
}
