DEBUG 2021-10-28 00:09:14,445 - ####################################################################################################
DEBUG 2021-10-28 00:09:14,450 - DOMAIN DISCOVER
INFO 2021-10-28 00:09:14,450 - {
    "data": []
}
DEBUG 2021-10-28 01:09:13,793 - ####################################################################################################
DEBUG 2021-10-28 01:09:13,800 - DOMAIN DISCOVER
INFO 2021-10-28 01:09:13,800 - {
    "data": []
}
DEBUG 2021-10-28 02:09:13,760 - ####################################################################################################
DEBUG 2021-10-28 02:09:13,766 - DOMAIN DISCOVER
INFO 2021-10-28 02:09:13,766 - {
    "data": []
}
DEBUG 2021-10-28 03:09:14,069 - ####################################################################################################
DEBUG 2021-10-28 03:09:14,075 - DOMAIN DISCOVER
INFO 2021-10-28 03:09:14,075 - {
    "data": []
}
DEBUG 2021-10-28 04:09:13,148 - ####################################################################################################
DEBUG 2021-10-28 04:09:13,154 - DOMAIN DISCOVER
INFO 2021-10-28 04:09:13,155 - {
    "data": []
}
DEBUG 2021-10-28 05:09:12,892 - ####################################################################################################
DEBUG 2021-10-28 05:09:12,899 - DOMAIN DISCOVER
INFO 2021-10-28 05:09:12,899 - {
    "data": [
        {
            "{#DOMAINSSL}": "delivip1.com"
        }
    ]
}
DEBUG 2021-10-28 06:09:14,459 - ####################################################################################################
DEBUG 2021-10-28 06:09:14,464 - DOMAIN DISCOVER
INFO 2021-10-28 06:09:14,464 - {
    "data": [
        {
            "{#DOMAINSSL}": "delivip1.com"
        }
    ]
}
DEBUG 2021-10-28 07:09:07,199 - ####################################################################################################
DEBUG 2021-10-28 07:09:07,205 - DOMAIN DISCOVER
INFO 2021-10-28 07:09:07,205 - {
    "data": []
}
DEBUG 2021-10-28 08:09:15,718 - ####################################################################################################
DEBUG 2021-10-28 08:09:15,725 - DOMAIN DISCOVER
INFO 2021-10-28 08:09:15,725 - {
    "data": []
}
DEBUG 2021-10-28 09:09:18,178 - ####################################################################################################
DEBUG 2021-10-28 09:09:18,184 - DOMAIN DISCOVER
INFO 2021-10-28 09:09:18,184 - {
    "data": []
}
DEBUG 2021-10-28 10:09:12,489 - ####################################################################################################
DEBUG 2021-10-28 10:09:12,496 - DOMAIN DISCOVER
INFO 2021-10-28 10:09:12,496 - {
    "data": []
}
DEBUG 2021-10-28 11:09:12,109 - ####################################################################################################
DEBUG 2021-10-28 11:09:12,116 - DOMAIN DISCOVER
INFO 2021-10-28 11:09:12,116 - {
    "data": []
}
DEBUG 2021-10-28 12:09:15,534 - ####################################################################################################
DEBUG 2021-10-28 12:09:15,539 - DOMAIN DISCOVER
INFO 2021-10-28 12:09:15,539 - {
    "data": []
}
DEBUG 2021-10-28 13:09:12,050 - ####################################################################################################
DEBUG 2021-10-28 13:09:12,056 - DOMAIN DISCOVER
INFO 2021-10-28 13:09:12,057 - {
    "data": []
}
DEBUG 2021-10-28 14:09:13,452 - ####################################################################################################
DEBUG 2021-10-28 14:09:13,458 - DOMAIN DISCOVER
INFO 2021-10-28 14:09:13,459 - {
    "data": []
}
DEBUG 2021-10-28 15:09:13,751 - ####################################################################################################
DEBUG 2021-10-28 15:09:13,756 - DOMAIN DISCOVER
INFO 2021-10-28 15:09:13,756 - {
    "data": []
}
DEBUG 2021-10-28 16:09:13,315 - ####################################################################################################
DEBUG 2021-10-28 16:09:13,320 - DOMAIN DISCOVER
INFO 2021-10-28 16:09:13,321 - {
    "data": []
}
DEBUG 2021-10-28 17:09:14,704 - ####################################################################################################
DEBUG 2021-10-28 17:09:14,710 - DOMAIN DISCOVER
INFO 2021-10-28 17:09:14,710 - {
    "data": []
}
DEBUG 2021-10-28 18:09:11,308 - ####################################################################################################
DEBUG 2021-10-28 18:09:11,313 - DOMAIN DISCOVER
INFO 2021-10-28 18:09:11,314 - {
    "data": []
}
DEBUG 2021-10-28 19:09:13,147 - ####################################################################################################
DEBUG 2021-10-28 19:09:13,152 - DOMAIN DISCOVER
INFO 2021-10-28 19:09:13,152 - {
    "data": []
}
DEBUG 2021-10-28 20:09:13,778 - ####################################################################################################
DEBUG 2021-10-28 20:09:13,783 - DOMAIN DISCOVER
INFO 2021-10-28 20:09:13,784 - {
    "data": []
}
DEBUG 2021-10-28 21:09:16,197 - ####################################################################################################
DEBUG 2021-10-28 21:09:16,203 - DOMAIN DISCOVER
INFO 2021-10-28 21:09:16,203 - {
    "data": []
}
DEBUG 2021-10-28 22:09:15,759 - ####################################################################################################
DEBUG 2021-10-28 22:09:15,765 - DOMAIN DISCOVER
INFO 2021-10-28 22:09:15,765 - {
    "data": []
}
