DEBUG 2021-09-30 00:09:11,560 - ####################################################################################################
DEBUG 2021-09-30 00:09:11,566 - DOMAIN DISCOVER
INFO 2021-09-30 00:09:11,566 - {
    "data": []
}
DEBUG 2021-09-30 01:09:10,528 - ####################################################################################################
DEBUG 2021-09-30 01:09:10,533 - DOMAIN DISCOVER
INFO 2021-09-30 01:09:10,533 - {
    "data": []
}
DEBUG 2021-09-30 02:09:04,229 - ####################################################################################################
DEBUG 2021-09-30 02:09:04,235 - DOMAIN DISCOVER
INFO 2021-09-30 02:09:04,235 - {
    "data": []
}
DEBUG 2021-09-30 03:09:08,116 - ####################################################################################################
DEBUG 2021-09-30 03:09:08,121 - DOMAIN DISCOVER
INFO 2021-09-30 03:09:08,122 - {
    "data": []
}
DEBUG 2021-09-30 04:09:09,713 - ####################################################################################################
DEBUG 2021-09-30 04:09:09,719 - DOMAIN DISCOVER
INFO 2021-09-30 04:09:09,719 - {
    "data": []
}
DEBUG 2021-09-30 05:09:10,447 - ####################################################################################################
DEBUG 2021-09-30 05:09:10,453 - DOMAIN DISCOVER
INFO 2021-09-30 05:09:10,454 - {
    "data": [
        {
            "{#DOMAINSSL}": "www.tochat700.com"
        }, 
        {
            "{#DOMAINSSL}": "www.tochat700.com"
        }, 
        {
            "{#DOMAINSSL}": "www.tochat700.com"
        }
    ]
}
DEBUG 2021-09-30 06:09:06,512 - ####################################################################################################
DEBUG 2021-09-30 06:09:06,517 - DOMAIN DISCOVER
INFO 2021-09-30 06:09:06,518 - {
    "data": [
        {
            "{#DOMAINSSL}": "www.tochat700.com"
        }, 
        {
            "{#DOMAINSSL}": "youniyouwo.xyz"
        }, 
        {
            "{#DOMAINSSL}": "www.tochat700.com"
        }, 
        {
            "{#DOMAINSSL}": "www.tochat700.com"
        }
    ]
}
DEBUG 2021-09-30 07:09:09,885 - ####################################################################################################
DEBUG 2021-09-30 07:09:09,892 - DOMAIN DISCOVER
INFO 2021-09-30 07:09:09,892 - {
    "data": [
        {
            "{#DOMAINSSL}": "www.tochat700.com"
        }, 
        {
            "{#DOMAINSSL}": "www.tochat700.com"
        }, 
        {
            "{#DOMAINSSL}": "www.tochat700.com"
        }
    ]
}
DEBUG 2021-09-30 08:09:10,330 - ####################################################################################################
DEBUG 2021-09-30 08:09:10,336 - DOMAIN DISCOVER
INFO 2021-09-30 08:09:10,337 - {
    "data": [
        {
            "{#DOMAINSSL}": "www.tochat700.com"
        }, 
        {
            "{#DOMAINSSL}": "www.tochat700.com"
        }, 
        {
            "{#DOMAINSSL}": "www.tochat700.com"
        }
    ]
}
DEBUG 2021-09-30 09:09:10,245 - ####################################################################################################
DEBUG 2021-09-30 09:09:10,250 - DOMAIN DISCOVER
INFO 2021-09-30 09:09:10,250 - {
    "data": [
        {
            "{#DOMAINSSL}": "www.tochat700.com"
        }, 
        {
            "{#DOMAINSSL}": "www.tochat700.com"
        }, 
        {
            "{#DOMAINSSL}": "www.tochat700.com"
        }
    ]
}
DEBUG 2021-09-30 10:09:07,591 - ####################################################################################################
DEBUG 2021-09-30 10:09:07,596 - DOMAIN DISCOVER
INFO 2021-09-30 10:09:07,596 - {
    "data": []
}
DEBUG 2021-09-30 11:09:09,572 - ####################################################################################################
DEBUG 2021-09-30 11:09:09,578 - DOMAIN DISCOVER
INFO 2021-09-30 11:09:09,578 - {
    "data": []
}
DEBUG 2021-09-30 12:09:09,203 - ####################################################################################################
DEBUG 2021-09-30 12:09:09,208 - DOMAIN DISCOVER
INFO 2021-09-30 12:09:09,209 - {
    "data": []
}
DEBUG 2021-09-30 13:09:09,367 - ####################################################################################################
DEBUG 2021-09-30 13:09:09,373 - DOMAIN DISCOVER
INFO 2021-09-30 13:09:09,373 - {
    "data": []
}
DEBUG 2021-09-30 14:09:09,477 - ####################################################################################################
DEBUG 2021-09-30 14:09:09,484 - DOMAIN DISCOVER
INFO 2021-09-30 14:09:09,484 - {
    "data": []
}
DEBUG 2021-09-30 15:09:08,559 - ####################################################################################################
DEBUG 2021-09-30 15:09:08,565 - DOMAIN DISCOVER
INFO 2021-09-30 15:09:08,565 - {
    "data": []
}
DEBUG 2021-09-30 16:09:09,653 - ####################################################################################################
DEBUG 2021-09-30 16:09:09,659 - DOMAIN DISCOVER
INFO 2021-09-30 16:09:09,659 - {
    "data": []
}
DEBUG 2021-09-30 17:09:10,094 - ####################################################################################################
DEBUG 2021-09-30 17:09:10,099 - DOMAIN DISCOVER
INFO 2021-09-30 17:09:10,100 - {
    "data": []
}
DEBUG 2021-09-30 18:09:11,106 - ####################################################################################################
DEBUG 2021-09-30 18:09:11,111 - DOMAIN DISCOVER
INFO 2021-09-30 18:09:11,111 - {
    "data": []
}
DEBUG 2021-09-30 19:09:09,239 - ####################################################################################################
DEBUG 2021-09-30 19:09:09,244 - DOMAIN DISCOVER
INFO 2021-09-30 19:09:09,244 - {
    "data": []
}
DEBUG 2021-09-30 20:09:08,358 - ####################################################################################################
DEBUG 2021-09-30 20:09:08,364 - DOMAIN DISCOVER
INFO 2021-09-30 20:09:08,364 - {
    "data": []
}
DEBUG 2021-09-30 21:09:08,445 - ####################################################################################################
DEBUG 2021-09-30 21:09:08,450 - DOMAIN DISCOVER
INFO 2021-09-30 21:09:08,451 - {
    "data": []
}
DEBUG 2021-09-30 22:09:08,680 - ####################################################################################################
DEBUG 2021-09-30 22:09:08,686 - DOMAIN DISCOVER
INFO 2021-09-30 22:09:08,686 - {
    "data": []
}
DEBUG 2021-09-30 23:09:08,772 - ####################################################################################################
DEBUG 2021-09-30 23:09:08,778 - DOMAIN DISCOVER
INFO 2021-09-30 23:09:08,778 - {
    "data": []
}
