DEBUG 2021-10-16 00:09:06,823 - ####################################################################################################
DEBUG 2021-10-16 00:09:06,829 - DOMAIN DISCOVER
INFO 2021-10-16 00:09:06,830 - {
    "data": [
        {
            "{#DOMAINSSL}": "v2r-hk1.zhubb.top"
        }, 
        {
            "{#DOMAINSSL}": "v2r-hk2.zhubb.top"
        }, 
        {
            "{#DOMAINSSL}": "www.aidedao.com"
        }, 
        {
            "{#DOMAINSSL}": "wsw4.lxzzs.cn"
        }, 
        {
            "{#DOMAINSSL}": "gts4.lxzzs.cn"
        }, 
        {
            "{#DOMAINSSL}": "aaa9409.com"
        }, 
        {
            "{#DOMAINSSL}": "aaa9410.com"
        }, 
        {
            "{#DOMAINSSL}": "neweb.me"
        }, 
        {
            "{#DOMAINSSL}": "www.aidedao.com"
        }, 
        {
            "{#DOMAINSSL}": "www.aidedao.com"
        }, 
        {
            "{#DOMAINSSL}": "sabongarenas.com"
        }, 
        {
            "{#DOMAINSSL}": "www.sabongarenas.com"
        }
    ]
}
DEBUG 2021-10-16 01:09:06,143 - ####################################################################################################
DEBUG 2021-10-16 01:09:06,149 - DOMAIN DISCOVER
INFO 2021-10-16 01:09:06,149 - {
    "data": [
        {
            "{#DOMAINSSL}": "v2r-hk1.zhubb.top"
        }, 
        {
            "{#DOMAINSSL}": "v2r-hk2.zhubb.top"
        }, 
        {
            "{#DOMAINSSL}": "www.aidedao.com"
        }, 
        {
            "{#DOMAINSSL}": "wsw4.lxzzs.cn"
        }, 
        {
            "{#DOMAINSSL}": "gts4.lxzzs.cn"
        }, 
        {
            "{#DOMAINSSL}": "aaa9409.com"
        }, 
        {
            "{#DOMAINSSL}": "aaa9410.com"
        }, 
        {
            "{#DOMAINSSL}": "neweb.me"
        }, 
        {
            "{#DOMAINSSL}": "www.aidedao.com"
        }, 
        {
            "{#DOMAINSSL}": "www.aidedao.com"
        }, 
        {
            "{#DOMAINSSL}": "sabongarenas.com"
        }, 
        {
            "{#DOMAINSSL}": "www.sabongarenas.com"
        }
    ]
}
DEBUG 2021-10-16 02:09:06,005 - ####################################################################################################
DEBUG 2021-10-16 02:09:06,012 - DOMAIN DISCOVER
INFO 2021-10-16 02:09:06,012 - {
    "data": [
        {
            "{#DOMAINSSL}": "v2r-hk1.zhubb.top"
        }, 
        {
            "{#DOMAINSSL}": "v2r-hk2.zhubb.top"
        }, 
        {
            "{#DOMAINSSL}": "www.aidedao.com"
        }, 
        {
            "{#DOMAINSSL}": "wsw4.lxzzs.cn"
        }, 
        {
            "{#DOMAINSSL}": "gts4.lxzzs.cn"
        }, 
        {
            "{#DOMAINSSL}": "aaa9409.com"
        }, 
        {
            "{#DOMAINSSL}": "aaa9410.com"
        }, 
        {
            "{#DOMAINSSL}": "neweb.me"
        }, 
        {
            "{#DOMAINSSL}": "www.aidedao.com"
        }, 
        {
            "{#DOMAINSSL}": "www.aidedao.com"
        }, 
        {
            "{#DOMAINSSL}": "sabongarenas.com"
        }, 
        {
            "{#DOMAINSSL}": "www.sabongarenas.com"
        }
    ]
}
DEBUG 2021-10-16 03:09:04,500 - ####################################################################################################
DEBUG 2021-10-16 03:09:04,505 - DOMAIN DISCOVER
INFO 2021-10-16 03:09:04,506 - {
    "data": [
        {
            "{#DOMAINSSL}": "v2r-hk1.zhubb.top"
        }, 
        {
            "{#DOMAINSSL}": "v2r-hk2.zhubb.top"
        }, 
        {
            "{#DOMAINSSL}": "www.aidedao.com"
        }, 
        {
            "{#DOMAINSSL}": "wsw4.lxzzs.cn"
        }, 
        {
            "{#DOMAINSSL}": "gts4.lxzzs.cn"
        }, 
        {
            "{#DOMAINSSL}": "aaa9409.com"
        }, 
        {
            "{#DOMAINSSL}": "aaa9410.com"
        }, 
        {
            "{#DOMAINSSL}": "neweb.me"
        }, 
        {
            "{#DOMAINSSL}": "www.aidedao.com"
        }, 
        {
            "{#DOMAINSSL}": "www.aidedao.com"
        }, 
        {
            "{#DOMAINSSL}": "sabongarenas.com"
        }, 
        {
            "{#DOMAINSSL}": "www.sabongarenas.com"
        }
    ]
}
DEBUG 2021-10-16 04:09:03,963 - ####################################################################################################
DEBUG 2021-10-16 04:09:03,969 - DOMAIN DISCOVER
INFO 2021-10-16 04:09:03,970 - {
    "data": [
        {
            "{#DOMAINSSL}": "v2r-hk1.zhubb.top"
        }, 
        {
            "{#DOMAINSSL}": "v2r-hk2.zhubb.top"
        }, 
        {
            "{#DOMAINSSL}": "www.aidedao.com"
        }, 
        {
            "{#DOMAINSSL}": "wsw4.lxzzs.cn"
        }, 
        {
            "{#DOMAINSSL}": "gts4.lxzzs.cn"
        }, 
        {
            "{#DOMAINSSL}": "aaa9409.com"
        }, 
        {
            "{#DOMAINSSL}": "aaa9410.com"
        }, 
        {
            "{#DOMAINSSL}": "neweb.me"
        }, 
        {
            "{#DOMAINSSL}": "www.aidedao.com"
        }, 
        {
            "{#DOMAINSSL}": "www.aidedao.com"
        }, 
        {
            "{#DOMAINSSL}": "sabongarenas.com"
        }, 
        {
            "{#DOMAINSSL}": "www.sabongarenas.com"
        }
    ]
}
DEBUG 2021-10-16 05:09:05,891 - ####################################################################################################
DEBUG 2021-10-16 05:09:05,897 - DOMAIN DISCOVER
INFO 2021-10-16 05:09:05,897 - {
    "data": [
        {
            "{#DOMAINSSL}": "v2r-hk1.zhubb.top"
        }, 
        {
            "{#DOMAINSSL}": "delivip1.com"
        }, 
        {
            "{#DOMAINSSL}": "138eu.net"
        }, 
        {
            "{#DOMAINSSL}": "eu7.com"
        }, 
        {
            "{#DOMAINSSL}": "v2r-hk2.zhubb.top"
        }, 
        {
            "{#DOMAINSSL}": "www.aidedao.com"
        }, 
        {
            "{#DOMAINSSL}": "wsw4.lxzzs.cn"
        }, 
        {
            "{#DOMAINSSL}": "gts4.lxzzs.cn"
        }, 
        {
            "{#DOMAINSSL}": "aaa9409.com"
        }, 
        {
            "{#DOMAINSSL}": "aaa9410.com"
        }, 
        {
            "{#DOMAINSSL}": "www.aidedao.com"
        }, 
        {
            "{#DOMAINSSL}": "www.aidedao.com"
        }
    ]
}
DEBUG 2021-10-16 06:09:05,096 - ####################################################################################################
DEBUG 2021-10-16 06:09:05,102 - DOMAIN DISCOVER
INFO 2021-10-16 06:09:05,102 - {
    "data": [
        {
            "{#DOMAINSSL}": "v2r-hk1.zhubb.top"
        }, 
        {
            "{#DOMAINSSL}": "v2r-hk2.zhubb.top"
        }, 
        {
            "{#DOMAINSSL}": "www.aidedao.com"
        }, 
        {
            "{#DOMAINSSL}": "wsw4.lxzzs.cn"
        }, 
        {
            "{#DOMAINSSL}": "gts4.lxzzs.cn"
        }, 
        {
            "{#DOMAINSSL}": "aaa9409.com"
        }, 
        {
            "{#DOMAINSSL}": "aaa9410.com"
        }, 
        {
            "{#DOMAINSSL}": "www.aidedao.com"
        }, 
        {
            "{#DOMAINSSL}": "youniyouwo.xyz"
        }, 
        {
            "{#DOMAINSSL}": "www.aidedao.com"
        }
    ]
}
DEBUG 2021-10-16 07:09:05,286 - ####################################################################################################
DEBUG 2021-10-16 07:09:05,294 - DOMAIN DISCOVER
INFO 2021-10-16 07:09:05,294 - {
    "data": [
        {
            "{#DOMAINSSL}": "v2r-hk1.zhubb.top"
        }, 
        {
            "{#DOMAINSSL}": "v2r-hk2.zhubb.top"
        }, 
        {
            "{#DOMAINSSL}": "www.aidedao.com"
        }, 
        {
            "{#DOMAINSSL}": "wsw4.lxzzs.cn"
        }, 
        {
            "{#DOMAINSSL}": "gts4.lxzzs.cn"
        }, 
        {
            "{#DOMAINSSL}": "aaa9409.com"
        }, 
        {
            "{#DOMAINSSL}": "aaa9410.com"
        }, 
        {
            "{#DOMAINSSL}": "www.aidedao.com"
        }, 
        {
            "{#DOMAINSSL}": "www.aidedao.com"
        }
    ]
}
DEBUG 2021-10-16 08:09:06,469 - ####################################################################################################
DEBUG 2021-10-16 08:09:06,475 - DOMAIN DISCOVER
INFO 2021-10-16 08:09:06,476 - {
    "data": [
        {
            "{#DOMAINSSL}": "v2r-hk1.zhubb.top"
        }, 
        {
            "{#DOMAINSSL}": "v2r-hk2.zhubb.top"
        }, 
        {
            "{#DOMAINSSL}": "www.aidedao.com"
        }, 
        {
            "{#DOMAINSSL}": "wsw4.lxzzs.cn"
        }, 
        {
            "{#DOMAINSSL}": "gts4.lxzzs.cn"
        }, 
        {
            "{#DOMAINSSL}": "aaa9409.com"
        }, 
        {
            "{#DOMAINSSL}": "aaa9410.com"
        }, 
        {
            "{#DOMAINSSL}": "www.aidedao.com"
        }, 
        {
            "{#DOMAINSSL}": "www.aidedao.com"
        }
    ]
}
DEBUG 2021-10-16 09:09:04,216 - ####################################################################################################
DEBUG 2021-10-16 09:09:04,222 - DOMAIN DISCOVER
INFO 2021-10-16 09:09:04,222 - {
    "data": [
        {
            "{#DOMAINSSL}": "v2r-hk1.zhubb.top"
        }, 
        {
            "{#DOMAINSSL}": "v2r-hk2.zhubb.top"
        }, 
        {
            "{#DOMAINSSL}": "www.aidedao.com"
        }, 
        {
            "{#DOMAINSSL}": "wsw4.lxzzs.cn"
        }, 
        {
            "{#DOMAINSSL}": "gts4.lxzzs.cn"
        }, 
        {
            "{#DOMAINSSL}": "aaa9409.com"
        }, 
        {
            "{#DOMAINSSL}": "aaa9410.com"
        }, 
        {
            "{#DOMAINSSL}": "www.aidedao.com"
        }, 
        {
            "{#DOMAINSSL}": "www.aidedao.com"
        }
    ]
}
DEBUG 2021-10-16 10:09:05,203 - ####################################################################################################
DEBUG 2021-10-16 10:09:05,209 - DOMAIN DISCOVER
INFO 2021-10-16 10:09:05,209 - {
    "data": [
        {
            "{#DOMAINSSL}": "v2r-hk1.zhubb.top"
        }, 
        {
            "{#DOMAINSSL}": "v2r-hk2.zhubb.top"
        }, 
        {
            "{#DOMAINSSL}": "www.aidedao.com"
        }, 
        {
            "{#DOMAINSSL}": "wsw4.lxzzs.cn"
        }, 
        {
            "{#DOMAINSSL}": "gts4.lxzzs.cn"
        }, 
        {
            "{#DOMAINSSL}": "aaa9409.com"
        }, 
        {
            "{#DOMAINSSL}": "aaa9410.com"
        }, 
        {
            "{#DOMAINSSL}": "www.aidedao.com"
        }, 
        {
            "{#DOMAINSSL}": "www.aidedao.com"
        }
    ]
}
DEBUG 2021-10-16 11:09:05,875 - ####################################################################################################
DEBUG 2021-10-16 11:09:05,881 - DOMAIN DISCOVER
INFO 2021-10-16 11:09:05,881 - {
    "data": [
        {
            "{#DOMAINSSL}": "v2r-hk1.zhubb.top"
        }, 
        {
            "{#DOMAINSSL}": "v2r-hk2.zhubb.top"
        }, 
        {
            "{#DOMAINSSL}": "www.aidedao.com"
        }, 
        {
            "{#DOMAINSSL}": "wsw4.lxzzs.cn"
        }, 
        {
            "{#DOMAINSSL}": "gts4.lxzzs.cn"
        }, 
        {
            "{#DOMAINSSL}": "aaa9409.com"
        }, 
        {
            "{#DOMAINSSL}": "aaa9410.com"
        }, 
        {
            "{#DOMAINSSL}": "www.aidedao.com"
        }, 
        {
            "{#DOMAINSSL}": "www.aidedao.com"
        }
    ]
}
DEBUG 2021-10-16 12:09:07,097 - ####################################################################################################
DEBUG 2021-10-16 12:09:07,103 - DOMAIN DISCOVER
INFO 2021-10-16 12:09:07,104 - {
    "data": [
        {
            "{#DOMAINSSL}": "v2r-hk1.zhubb.top"
        }, 
        {
            "{#DOMAINSSL}": "v2r-hk2.zhubb.top"
        }, 
        {
            "{#DOMAINSSL}": "www.aidedao.com"
        }, 
        {
            "{#DOMAINSSL}": "wsw4.lxzzs.cn"
        }, 
        {
            "{#DOMAINSSL}": "gts4.lxzzs.cn"
        }, 
        {
            "{#DOMAINSSL}": "aaa9409.com"
        }, 
        {
            "{#DOMAINSSL}": "aaa9410.com"
        }, 
        {
            "{#DOMAINSSL}": "www.aidedao.com"
        }, 
        {
            "{#DOMAINSSL}": "www.aidedao.com"
        }
    ]
}
DEBUG 2021-10-16 13:09:07,485 - ####################################################################################################
DEBUG 2021-10-16 13:09:07,492 - DOMAIN DISCOVER
INFO 2021-10-16 13:09:07,493 - {
    "data": [
        {
            "{#DOMAINSSL}": "v2r-hk1.zhubb.top"
        }, 
        {
            "{#DOMAINSSL}": "v2r-hk2.zhubb.top"
        }, 
        {
            "{#DOMAINSSL}": "www.aidedao.com"
        }, 
        {
            "{#DOMAINSSL}": "wsw4.lxzzs.cn"
        }, 
        {
            "{#DOMAINSSL}": "gts4.lxzzs.cn"
        }, 
        {
            "{#DOMAINSSL}": "aaa9409.com"
        }, 
        {
            "{#DOMAINSSL}": "aaa9410.com"
        }, 
        {
            "{#DOMAINSSL}": "www.aidedao.com"
        }, 
        {
            "{#DOMAINSSL}": "www.aidedao.com"
        }
    ]
}
DEBUG 2021-10-16 14:09:06,430 - ####################################################################################################
DEBUG 2021-10-16 14:09:06,436 - DOMAIN DISCOVER
INFO 2021-10-16 14:09:06,436 - {
    "data": [
        {
            "{#DOMAINSSL}": "v2r-hk1.zhubb.top"
        }, 
        {
            "{#DOMAINSSL}": "v2r-hk2.zhubb.top"
        }, 
        {
            "{#DOMAINSSL}": "www.aidedao.com"
        }, 
        {
            "{#DOMAINSSL}": "wsw4.lxzzs.cn"
        }, 
        {
            "{#DOMAINSSL}": "gts4.lxzzs.cn"
        }, 
        {
            "{#DOMAINSSL}": "aaa9409.com"
        }, 
        {
            "{#DOMAINSSL}": "aaa9410.com"
        }, 
        {
            "{#DOMAINSSL}": "www.aidedao.com"
        }, 
        {
            "{#DOMAINSSL}": "www.aidedao.com"
        }
    ]
}
DEBUG 2021-10-16 15:09:05,971 - ####################################################################################################
DEBUG 2021-10-16 15:09:05,976 - DOMAIN DISCOVER
INFO 2021-10-16 15:09:05,977 - {
    "data": [
        {
            "{#DOMAINSSL}": "v2r-hk1.zhubb.top"
        }, 
        {
            "{#DOMAINSSL}": "v2r-hk2.zhubb.top"
        }, 
        {
            "{#DOMAINSSL}": "www.aidedao.com"
        }, 
        {
            "{#DOMAINSSL}": "wsw4.lxzzs.cn"
        }, 
        {
            "{#DOMAINSSL}": "gts4.lxzzs.cn"
        }, 
        {
            "{#DOMAINSSL}": "aaa9409.com"
        }, 
        {
            "{#DOMAINSSL}": "aaa9410.com"
        }, 
        {
            "{#DOMAINSSL}": "www.aidedao.com"
        }, 
        {
            "{#DOMAINSSL}": "www.aidedao.com"
        }
    ]
}
DEBUG 2021-10-16 16:09:06,677 - ####################################################################################################
DEBUG 2021-10-16 16:09:06,683 - DOMAIN DISCOVER
INFO 2021-10-16 16:09:06,683 - {
    "data": [
        {
            "{#DOMAINSSL}": "v2r-hk1.zhubb.top"
        }, 
        {
            "{#DOMAINSSL}": "v2r-hk2.zhubb.top"
        }, 
        {
            "{#DOMAINSSL}": "www.aidedao.com"
        }, 
        {
            "{#DOMAINSSL}": "wsw4.lxzzs.cn"
        }, 
        {
            "{#DOMAINSSL}": "gts4.lxzzs.cn"
        }, 
        {
            "{#DOMAINSSL}": "aaa9409.com"
        }, 
        {
            "{#DOMAINSSL}": "aaa9410.com"
        }, 
        {
            "{#DOMAINSSL}": "www.aidedao.com"
        }, 
        {
            "{#DOMAINSSL}": "www.aidedao.com"
        }
    ]
}
DEBUG 2021-10-16 17:09:07,430 - ####################################################################################################
DEBUG 2021-10-16 17:09:07,437 - DOMAIN DISCOVER
INFO 2021-10-16 17:09:07,437 - {
    "data": [
        {
            "{#DOMAINSSL}": "v2r-hk1.zhubb.top"
        }, 
        {
            "{#DOMAINSSL}": "v2r-hk2.zhubb.top"
        }, 
        {
            "{#DOMAINSSL}": "www.aidedao.com"
        }, 
        {
            "{#DOMAINSSL}": "wsw4.lxzzs.cn"
        }, 
        {
            "{#DOMAINSSL}": "gts4.lxzzs.cn"
        }, 
        {
            "{#DOMAINSSL}": "aaa9409.com"
        }, 
        {
            "{#DOMAINSSL}": "aaa9410.com"
        }, 
        {
            "{#DOMAINSSL}": "www.aidedao.com"
        }, 
        {
            "{#DOMAINSSL}": "www.aidedao.com"
        }
    ]
}
DEBUG 2021-10-16 18:09:07,035 - ####################################################################################################
DEBUG 2021-10-16 18:09:07,041 - DOMAIN DISCOVER
INFO 2021-10-16 18:09:07,041 - {
    "data": [
        {
            "{#DOMAINSSL}": "v2r-hk1.zhubb.top"
        }, 
        {
            "{#DOMAINSSL}": "v2r-hk2.zhubb.top"
        }, 
        {
            "{#DOMAINSSL}": "www.aidedao.com"
        }, 
        {
            "{#DOMAINSSL}": "wsw4.lxzzs.cn"
        }, 
        {
            "{#DOMAINSSL}": "gts4.lxzzs.cn"
        }, 
        {
            "{#DOMAINSSL}": "aaa9409.com"
        }, 
        {
            "{#DOMAINSSL}": "aaa9410.com"
        }, 
        {
            "{#DOMAINSSL}": "www.aidedao.com"
        }, 
        {
            "{#DOMAINSSL}": "www.aidedao.com"
        }
    ]
}
DEBUG 2021-10-16 19:09:06,767 - ####################################################################################################
DEBUG 2021-10-16 19:09:06,773 - DOMAIN DISCOVER
INFO 2021-10-16 19:09:06,773 - {
    "data": [
        {
            "{#DOMAINSSL}": "v2r-hk1.zhubb.top"
        }, 
        {
            "{#DOMAINSSL}": "v2r-hk2.zhubb.top"
        }, 
        {
            "{#DOMAINSSL}": "www.aidedao.com"
        }, 
        {
            "{#DOMAINSSL}": "wsw4.lxzzs.cn"
        }, 
        {
            "{#DOMAINSSL}": "gts4.lxzzs.cn"
        }, 
        {
            "{#DOMAINSSL}": "aaa9409.com"
        }, 
        {
            "{#DOMAINSSL}": "aaa9410.com"
        }, 
        {
            "{#DOMAINSSL}": "www.aidedao.com"
        }, 
        {
            "{#DOMAINSSL}": "www.aidedao.com"
        }
    ]
}
DEBUG 2021-10-16 20:09:07,739 - ####################################################################################################
DEBUG 2021-10-16 20:09:07,746 - DOMAIN DISCOVER
INFO 2021-10-16 20:09:07,746 - {
    "data": [
        {
            "{#DOMAINSSL}": "v2r-hk1.zhubb.top"
        }, 
        {
            "{#DOMAINSSL}": "v2r-hk2.zhubb.top"
        }, 
        {
            "{#DOMAINSSL}": "www.aidedao.com"
        }, 
        {
            "{#DOMAINSSL}": "wsw4.lxzzs.cn"
        }, 
        {
            "{#DOMAINSSL}": "gts4.lxzzs.cn"
        }, 
        {
            "{#DOMAINSSL}": "aaa9409.com"
        }, 
        {
            "{#DOMAINSSL}": "aaa9410.com"
        }, 
        {
            "{#DOMAINSSL}": "www.aidedao.com"
        }, 
        {
            "{#DOMAINSSL}": "www.aidedao.com"
        }
    ]
}
DEBUG 2021-10-16 21:09:06,522 - ####################################################################################################
DEBUG 2021-10-16 21:09:06,528 - DOMAIN DISCOVER
INFO 2021-10-16 21:09:06,528 - {
    "data": [
        {
            "{#DOMAINSSL}": "v2r-hk1.zhubb.top"
        }, 
        {
            "{#DOMAINSSL}": "v2r-hk2.zhubb.top"
        }, 
        {
            "{#DOMAINSSL}": "www.aidedao.com"
        }, 
        {
            "{#DOMAINSSL}": "wsw4.lxzzs.cn"
        }, 
        {
            "{#DOMAINSSL}": "gts4.lxzzs.cn"
        }, 
        {
            "{#DOMAINSSL}": "aaa9409.com"
        }, 
        {
            "{#DOMAINSSL}": "aaa9410.com"
        }, 
        {
            "{#DOMAINSSL}": "www.aidedao.com"
        }, 
        {
            "{#DOMAINSSL}": "www.aidedao.com"
        }
    ]
}
DEBUG 2021-10-16 22:09:06,789 - ####################################################################################################
DEBUG 2021-10-16 22:09:06,795 - DOMAIN DISCOVER
INFO 2021-10-16 22:09:06,796 - {
    "data": [
        {
            "{#DOMAINSSL}": "v2r-hk1.zhubb.top"
        }, 
        {
            "{#DOMAINSSL}": "v2r-hk2.zhubb.top"
        }, 
        {
            "{#DOMAINSSL}": "www.aidedao.com"
        }, 
        {
            "{#DOMAINSSL}": "wsw4.lxzzs.cn"
        }, 
        {
            "{#DOMAINSSL}": "gts4.lxzzs.cn"
        }, 
        {
            "{#DOMAINSSL}": "aaa9409.com"
        }, 
        {
            "{#DOMAINSSL}": "aaa9410.com"
        }, 
        {
            "{#DOMAINSSL}": "www.aidedao.com"
        }, 
        {
            "{#DOMAINSSL}": "www.aidedao.com"
        }
    ]
}
DEBUG 2021-10-16 23:09:06,285 - ####################################################################################################
DEBUG 2021-10-16 23:09:06,292 - DOMAIN DISCOVER
INFO 2021-10-16 23:09:06,293 - {
    "data": [
        {
            "{#DOMAINSSL}": "v2r-hk1.zhubb.top"
        }, 
        {
            "{#DOMAINSSL}": "v2r-hk2.zhubb.top"
        }, 
        {
            "{#DOMAINSSL}": "www.aidedao.com"
        }, 
        {
            "{#DOMAINSSL}": "wsw4.lxzzs.cn"
        }, 
        {
            "{#DOMAINSSL}": "gts4.lxzzs.cn"
        }, 
        {
            "{#DOMAINSSL}": "aaa9409.com"
        }, 
        {
            "{#DOMAINSSL}": "aaa9410.com"
        }, 
        {
            "{#DOMAINSSL}": "www.aidedao.com"
        }, 
        {
            "{#DOMAINSSL}": "www.aidedao.com"
        }
    ]
}
