DEBUG 2021-06-14 00:08:49,365 - ####################################################################################################
DEBUG 2021-06-14 00:08:49,370 - DOMAIN DISCOVER
INFO 2021-06-14 00:08:49,371 - {
    "data": [
        {
            "{#DOMAINSSL}": "eu2018.net"
        }, 
        {
            "{#DOMAINSSL}": "bakh5.xshny.com"
        }, 
        {
            "{#DOMAINSSL}": "www.asiaroutes.com"
        }, 
        {
            "{#DOMAINSSL}": "www.asiaroutes.com"
        }
    ]
}
DEBUG 2021-06-14 01:08:48,144 - ####################################################################################################
DEBUG 2021-06-14 01:08:48,150 - DOMAIN DISCOVER
INFO 2021-06-14 01:08:48,150 - {
    "data": [
        {
            "{#DOMAINSSL}": "eu2018.net"
        }, 
        {
            "{#DOMAINSSL}": "bakh5.xshny.com"
        }, 
        {
            "{#DOMAINSSL}": "www.asiaroutes.com"
        }, 
        {
            "{#DOMAINSSL}": "www.asiaroutes.com"
        }
    ]
}
DEBUG 2021-06-14 02:08:48,219 - ####################################################################################################
DEBUG 2021-06-14 02:08:48,226 - DOMAIN DISCOVER
INFO 2021-06-14 02:08:48,226 - {
    "data": [
        {
            "{#DOMAINSSL}": "eu2018.net"
        }, 
        {
            "{#DOMAINSSL}": "bakh5.xshny.com"
        }, 
        {
            "{#DOMAINSSL}": "www.asiaroutes.com"
        }, 
        {
            "{#DOMAINSSL}": "www.asiaroutes.com"
        }
    ]
}
DEBUG 2021-06-14 03:08:47,203 - ####################################################################################################
DEBUG 2021-06-14 03:08:47,211 - DOMAIN DISCOVER
INFO 2021-06-14 03:08:47,211 - {
    "data": [
        {
            "{#DOMAINSSL}": "eu2018.net"
        }, 
        {
            "{#DOMAINSSL}": "bakh5.xshny.com"
        }, 
        {
            "{#DOMAINSSL}": "www.asiaroutes.com"
        }, 
        {
            "{#DOMAINSSL}": "www.asiaroutes.com"
        }
    ]
}
DEBUG 2021-06-14 04:08:45,473 - ####################################################################################################
DEBUG 2021-06-14 04:08:45,478 - DOMAIN DISCOVER
INFO 2021-06-14 04:08:45,478 - {
    "data": [
        {
            "{#DOMAINSSL}": "eu2018.net"
        }, 
        {
            "{#DOMAINSSL}": "bakh5.xshny.com"
        }, 
        {
            "{#DOMAINSSL}": "www.asiaroutes.com"
        }, 
        {
            "{#DOMAINSSL}": "www.asiaroutes.com"
        }
    ]
}
DEBUG 2021-06-14 05:08:42,922 - ####################################################################################################
DEBUG 2021-06-14 05:08:42,929 - DOMAIN DISCOVER
INFO 2021-06-14 05:08:42,929 - {
    "data": [
        {
            "{#DOMAINSSL}": "eu8.us"
        }, 
        {
            "{#DOMAINSSL}": "j50.me"
        }, 
        {
            "{#DOMAINSSL}": "jsh6.me"
        }, 
        {
            "{#DOMAINSSL}": "b5150.com"
        }, 
        {
            "{#DOMAINSSL}": "eu2018.net"
        }, 
        {
            "{#DOMAINSSL}": "bakh5.xshny.com"
        }, 
        {
            "{#DOMAINSSL}": "www.asiaroutes.com"
        }, 
        {
            "{#DOMAINSSL}": "www.asiaroutes.com"
        }
    ]
}
DEBUG 2021-06-14 06:08:48,346 - ####################################################################################################
DEBUG 2021-06-14 06:08:48,352 - DOMAIN DISCOVER
INFO 2021-06-14 06:08:48,352 - {
    "data": [
        {
            "{#DOMAINSSL}": "b2280.com"
        }, 
        {
            "{#DOMAINSSL}": "xingtou006.com"
        }, 
        {
            "{#DOMAINSSL}": "eu2018.net"
        }, 
        {
            "{#DOMAINSSL}": "bakh5.xshny.com"
        }, 
        {
            "{#DOMAINSSL}": "www.asiaroutes.com"
        }, 
        {
            "{#DOMAINSSL}": "eu816.com"
        }, 
        {
            "{#DOMAINSSL}": "www.asiaroutes.com"
        }
    ]
}
DEBUG 2021-06-14 07:08:46,378 - ####################################################################################################
DEBUG 2021-06-14 07:08:46,385 - DOMAIN DISCOVER
INFO 2021-06-14 07:08:46,385 - {
    "data": [
        {
            "{#DOMAINSSL}": "eu2018.net"
        }, 
        {
            "{#DOMAINSSL}": "bakh5.xshny.com"
        }, 
        {
            "{#DOMAINSSL}": "www.asiaroutes.com"
        }, 
        {
            "{#DOMAINSSL}": "www.asiaroutes.com"
        }
    ]
}
DEBUG 2021-06-14 08:08:45,048 - ####################################################################################################
DEBUG 2021-06-14 08:08:45,054 - DOMAIN DISCOVER
INFO 2021-06-14 08:08:45,054 - {
    "data": [
        {
            "{#DOMAINSSL}": "eu2018.net"
        }, 
        {
            "{#DOMAINSSL}": "bakh5.xshny.com"
        }, 
        {
            "{#DOMAINSSL}": "www.asiaroutes.com"
        }, 
        {
            "{#DOMAINSSL}": "www.asiaroutes.com"
        }
    ]
}
DEBUG 2021-06-14 09:08:48,415 - ####################################################################################################
DEBUG 2021-06-14 09:08:48,421 - DOMAIN DISCOVER
INFO 2021-06-14 09:08:48,421 - {
    "data": [
        {
            "{#DOMAINSSL}": "eu2018.net"
        }, 
        {
            "{#DOMAINSSL}": "bakh5.xshny.com"
        }, 
        {
            "{#DOMAINSSL}": "www.asiaroutes.com"
        }, 
        {
            "{#DOMAINSSL}": "www.asiaroutes.com"
        }
    ]
}
DEBUG 2021-06-14 10:08:48,120 - ####################################################################################################
DEBUG 2021-06-14 10:08:48,126 - DOMAIN DISCOVER
INFO 2021-06-14 10:08:48,126 - {
    "data": [
        {
            "{#DOMAINSSL}": "eu2018.net"
        }, 
        {
            "{#DOMAINSSL}": "bakh5.xshny.com"
        }, 
        {
            "{#DOMAINSSL}": "www.asiaroutes.com"
        }, 
        {
            "{#DOMAINSSL}": "www.asiaroutes.com"
        }
    ]
}
DEBUG 2021-06-14 11:08:49,790 - ####################################################################################################
DEBUG 2021-06-14 11:08:49,797 - DOMAIN DISCOVER
INFO 2021-06-14 11:08:49,797 - {
    "data": [
        {
            "{#DOMAINSSL}": "eu2018.net"
        }, 
        {
            "{#DOMAINSSL}": "bakh5.xshny.com"
        }, 
        {
            "{#DOMAINSSL}": "www.asiaroutes.com"
        }, 
        {
            "{#DOMAINSSL}": "www.asiaroutes.com"
        }
    ]
}
DEBUG 2021-06-14 12:08:47,118 - ####################################################################################################
DEBUG 2021-06-14 12:08:47,123 - DOMAIN DISCOVER
INFO 2021-06-14 12:08:47,123 - {
    "data": [
        {
            "{#DOMAINSSL}": "eu2018.net"
        }, 
        {
            "{#DOMAINSSL}": "bakh5.xshny.com"
        }, 
        {
            "{#DOMAINSSL}": "www.asiaroutes.com"
        }, 
        {
            "{#DOMAINSSL}": "www.asiaroutes.com"
        }
    ]
}
DEBUG 2021-06-14 13:08:46,921 - ####################################################################################################
DEBUG 2021-06-14 13:08:46,927 - DOMAIN DISCOVER
INFO 2021-06-14 13:08:46,927 - {
    "data": [
        {
            "{#DOMAINSSL}": "eu2018.net"
        }, 
        {
            "{#DOMAINSSL}": "bakh5.xshny.com"
        }, 
        {
            "{#DOMAINSSL}": "www.asiaroutes.com"
        }, 
        {
            "{#DOMAINSSL}": "www.asiaroutes.com"
        }
    ]
}
DEBUG 2021-06-14 14:08:47,379 - ####################################################################################################
DEBUG 2021-06-14 14:08:47,385 - DOMAIN DISCOVER
INFO 2021-06-14 14:08:47,385 - {
    "data": [
        {
            "{#DOMAINSSL}": "eu2018.net"
        }, 
        {
            "{#DOMAINSSL}": "bakh5.xshny.com"
        }, 
        {
            "{#DOMAINSSL}": "www.asiaroutes.com"
        }, 
        {
            "{#DOMAINSSL}": "www.asiaroutes.com"
        }
    ]
}
DEBUG 2021-06-14 15:08:47,764 - ####################################################################################################
DEBUG 2021-06-14 15:08:47,770 - DOMAIN DISCOVER
INFO 2021-06-14 15:08:47,771 - {
    "data": [
        {
            "{#DOMAINSSL}": "eu2018.net"
        }, 
        {
            "{#DOMAINSSL}": "bakh5.xshny.com"
        }, 
        {
            "{#DOMAINSSL}": "www.asiaroutes.com"
        }, 
        {
            "{#DOMAINSSL}": "www.asiaroutes.com"
        }
    ]
}
DEBUG 2021-06-14 16:08:45,172 - ####################################################################################################
DEBUG 2021-06-14 16:08:45,178 - DOMAIN DISCOVER
INFO 2021-06-14 16:08:45,178 - {
    "data": [
        {
            "{#DOMAINSSL}": "eu2018.net"
        }, 
        {
            "{#DOMAINSSL}": "bakh5.xshny.com"
        }, 
        {
            "{#DOMAINSSL}": "www.asiaroutes.com"
        }, 
        {
            "{#DOMAINSSL}": "www.asiaroutes.com"
        }
    ]
}
DEBUG 2021-06-14 17:08:48,084 - ####################################################################################################
DEBUG 2021-06-14 17:08:48,090 - DOMAIN DISCOVER
INFO 2021-06-14 17:08:48,090 - {
    "data": [
        {
            "{#DOMAINSSL}": "eu2018.net"
        }, 
        {
            "{#DOMAINSSL}": "bakh5.xshny.com"
        }, 
        {
            "{#DOMAINSSL}": "www.asiaroutes.com"
        }, 
        {
            "{#DOMAINSSL}": "www.asiaroutes.com"
        }
    ]
}
DEBUG 2021-06-14 18:08:45,126 - ####################################################################################################
DEBUG 2021-06-14 18:08:45,131 - DOMAIN DISCOVER
INFO 2021-06-14 18:08:45,132 - {
    "data": [
        {
            "{#DOMAINSSL}": "eu2018.net"
        }, 
        {
            "{#DOMAINSSL}": "bakh5.xshny.com"
        }, 
        {
            "{#DOMAINSSL}": "www.asiaroutes.com"
        }, 
        {
            "{#DOMAINSSL}": "www.asiaroutes.com"
        }
    ]
}
DEBUG 2021-06-14 19:08:44,481 - ####################################################################################################
DEBUG 2021-06-14 19:08:44,489 - DOMAIN DISCOVER
INFO 2021-06-14 19:08:44,489 - {
    "data": [
        {
            "{#DOMAINSSL}": "eu2018.net"
        }, 
        {
            "{#DOMAINSSL}": "bakh5.xshny.com"
        }, 
        {
            "{#DOMAINSSL}": "www.asiaroutes.com"
        }, 
        {
            "{#DOMAINSSL}": "www.asiaroutes.com"
        }
    ]
}
DEBUG 2021-06-14 20:08:48,150 - ####################################################################################################
DEBUG 2021-06-14 20:08:48,157 - DOMAIN DISCOVER
INFO 2021-06-14 20:08:48,157 - {
    "data": [
        {
            "{#DOMAINSSL}": "eu2018.net"
        }, 
        {
            "{#DOMAINSSL}": "bakh5.xshny.com"
        }, 
        {
            "{#DOMAINSSL}": "www.asiaroutes.com"
        }, 
        {
            "{#DOMAINSSL}": "www.asiaroutes.com"
        }
    ]
}
DEBUG 2021-06-14 21:08:45,492 - ####################################################################################################
DEBUG 2021-06-14 21:08:45,498 - DOMAIN DISCOVER
INFO 2021-06-14 21:08:45,498 - {
    "data": [
        {
            "{#DOMAINSSL}": "eu2018.net"
        }, 
        {
            "{#DOMAINSSL}": "bakh5.xshny.com"
        }, 
        {
            "{#DOMAINSSL}": "www.asiaroutes.com"
        }, 
        {
            "{#DOMAINSSL}": "www.asiaroutes.com"
        }
    ]
}
DEBUG 2021-06-14 22:08:47,640 - ####################################################################################################
DEBUG 2021-06-14 22:08:47,646 - DOMAIN DISCOVER
INFO 2021-06-14 22:08:47,646 - {
    "data": [
        {
            "{#DOMAINSSL}": "eu2018.net"
        }, 
        {
            "{#DOMAINSSL}": "bakh5.xshny.com"
        }, 
        {
            "{#DOMAINSSL}": "www.asiaroutes.com"
        }, 
        {
            "{#DOMAINSSL}": "www.asiaroutes.com"
        }
    ]
}
DEBUG 2021-06-14 23:08:48,422 - ####################################################################################################
DEBUG 2021-06-14 23:08:48,428 - DOMAIN DISCOVER
INFO 2021-06-14 23:08:48,428 - {
    "data": [
        {
            "{#DOMAINSSL}": "eu2018.net"
        }, 
        {
            "{#DOMAINSSL}": "bakh5.xshny.com"
        }, 
        {
            "{#DOMAINSSL}": "www.asiaroutes.com"
        }, 
        {
            "{#DOMAINSSL}": "www.asiaroutes.com"
        }
    ]
}
