DEBUG 2021-06-26 00:08:49,951 - ####################################################################################################
DEBUG 2021-06-26 00:08:49,957 - DOMAIN DISCOVER
INFO 2021-06-26 00:08:49,957 - {
    "data": [
        {
            "{#DOMAINSSL}": "hujidi.com"
        }, 
        {
            "{#DOMAINSSL}": "bao5566.com"
        }, 
        {
            "{#DOMAINSSL}": "www.bao5566.com"
        }, 
        {
            "{#DOMAINSSL}": "wpc89.com"
        }, 
        {
            "{#DOMAINSSL}": "www.wpc89.com"
        }
    ]
}
DEBUG 2021-06-26 01:08:46,992 - ####################################################################################################
DEBUG 2021-06-26 01:08:46,998 - DOMAIN DISCOVER
INFO 2021-06-26 01:08:46,998 - {
    "data": [
        {
            "{#DOMAINSSL}": "hujidi.com"
        }, 
        {
            "{#DOMAINSSL}": "bao5566.com"
        }, 
        {
            "{#DOMAINSSL}": "www.bao5566.com"
        }, 
        {
            "{#DOMAINSSL}": "wpc89.com"
        }, 
        {
            "{#DOMAINSSL}": "www.wpc89.com"
        }
    ]
}
DEBUG 2021-06-26 02:08:48,597 - ####################################################################################################
DEBUG 2021-06-26 02:08:48,604 - DOMAIN DISCOVER
INFO 2021-06-26 02:08:48,604 - {
    "data": [
        {
            "{#DOMAINSSL}": "hujidi.com"
        }, 
        {
            "{#DOMAINSSL}": "bao5566.com"
        }, 
        {
            "{#DOMAINSSL}": "www.bao5566.com"
        }, 
        {
            "{#DOMAINSSL}": "wpc89.com"
        }, 
        {
            "{#DOMAINSSL}": "www.wpc89.com"
        }
    ]
}
DEBUG 2021-06-26 03:08:51,512 - ####################################################################################################
DEBUG 2021-06-26 03:08:51,519 - DOMAIN DISCOVER
INFO 2021-06-26 03:08:51,519 - {
    "data": [
        {
            "{#DOMAINSSL}": "hujidi.com"
        }, 
        {
            "{#DOMAINSSL}": "bao5566.com"
        }, 
        {
            "{#DOMAINSSL}": "www.bao5566.com"
        }, 
        {
            "{#DOMAINSSL}": "wpc89.com"
        }, 
        {
            "{#DOMAINSSL}": "www.wpc89.com"
        }
    ]
}
DEBUG 2021-06-26 04:08:47,719 - ####################################################################################################
DEBUG 2021-06-26 04:08:47,725 - DOMAIN DISCOVER
INFO 2021-06-26 04:08:47,725 - {
    "data": [
        {
            "{#DOMAINSSL}": "hujidi.com"
        }, 
        {
            "{#DOMAINSSL}": "bao5566.com"
        }, 
        {
            "{#DOMAINSSL}": "www.bao5566.com"
        }, 
        {
            "{#DOMAINSSL}": "wpc89.com"
        }, 
        {
            "{#DOMAINSSL}": "www.wpc89.com"
        }
    ]
}
DEBUG 2021-06-26 05:08:49,066 - ####################################################################################################
DEBUG 2021-06-26 05:08:49,072 - DOMAIN DISCOVER
INFO 2021-06-26 05:08:49,072 - {
    "data": [
        {
            "{#DOMAINSSL}": "jsh136.com"
        }, 
        {
            "{#DOMAINSSL}": "jsh137.com"
        }, 
        {
            "{#DOMAINSSL}": "xbet087.com"
        }, 
        {
            "{#DOMAINSSL}": "hujidi.com"
        }, 
        {
            "{#DOMAINSSL}": "jin172.com"
        }, 
        {
            "{#DOMAINSSL}": "bao5566.com"
        }, 
        {
            "{#DOMAINSSL}": "www.bao5566.com"
        }, 
        {
            "{#DOMAINSSL}": "12golf.com"
        }, 
        {
            "{#DOMAINSSL}": "www.12golf.com"
        }, 
        {
            "{#DOMAINSSL}": "wpc89.com"
        }, 
        {
            "{#DOMAINSSL}": "www.wpc89.com"
        }
    ]
}
DEBUG 2021-06-26 06:08:48,960 - ####################################################################################################
DEBUG 2021-06-26 06:08:48,968 - DOMAIN DISCOVER
INFO 2021-06-26 06:08:48,968 - {
    "data": [
        {
            "{#DOMAINSSL}": "12877777.com"
        }, 
        {
            "{#DOMAINSSL}": "18187000.com"
        }, 
        {
            "{#DOMAINSSL}": "jsh121.com"
        }, 
        {
            "{#DOMAINSSL}": "eu2222.com"
        }, 
        {
            "{#DOMAINSSL}": "hujidi.com"
        }, 
        {
            "{#DOMAINSSL}": "statt.maxpartner.cn"
        }, 
        {
            "{#DOMAINSSL}": "bao5566.com"
        }, 
        {
            "{#DOMAINSSL}": "www.bao5566.com"
        }, 
        {
            "{#DOMAINSSL}": "12golf.com"
        }, 
        {
            "{#DOMAINSSL}": "www.12golf.com"
        }, 
        {
            "{#DOMAINSSL}": "wpc89.com"
        }, 
        {
            "{#DOMAINSSL}": "www.wpc89.com"
        }
    ]
}
DEBUG 2021-06-26 07:08:47,129 - ####################################################################################################
DEBUG 2021-06-26 07:08:47,135 - DOMAIN DISCOVER
INFO 2021-06-26 07:08:47,136 - {
    "data": [
        {
            "{#DOMAINSSL}": "hujidi.com"
        }, 
        {
            "{#DOMAINSSL}": "bao5566.com"
        }, 
        {
            "{#DOMAINSSL}": "www.bao5566.com"
        }, 
        {
            "{#DOMAINSSL}": "12golf.com"
        }, 
        {
            "{#DOMAINSSL}": "www.12golf.com"
        }, 
        {
            "{#DOMAINSSL}": "wpc89.com"
        }, 
        {
            "{#DOMAINSSL}": "www.wpc89.com"
        }
    ]
}
DEBUG 2021-06-26 08:08:48,301 - ####################################################################################################
DEBUG 2021-06-26 08:08:48,306 - DOMAIN DISCOVER
INFO 2021-06-26 08:08:48,307 - {
    "data": [
        {
            "{#DOMAINSSL}": "hujidi.com"
        }, 
        {
            "{#DOMAINSSL}": "bao5566.com"
        }, 
        {
            "{#DOMAINSSL}": "www.bao5566.com"
        }, 
        {
            "{#DOMAINSSL}": "12golf.com"
        }, 
        {
            "{#DOMAINSSL}": "www.12golf.com"
        }, 
        {
            "{#DOMAINSSL}": "wpc89.com"
        }, 
        {
            "{#DOMAINSSL}": "www.wpc89.com"
        }
    ]
}
DEBUG 2021-06-26 09:08:50,597 - ####################################################################################################
DEBUG 2021-06-26 09:08:50,603 - DOMAIN DISCOVER
INFO 2021-06-26 09:08:50,603 - {
    "data": [
        {
            "{#DOMAINSSL}": "hujidi.com"
        }, 
        {
            "{#DOMAINSSL}": "bao5566.com"
        }, 
        {
            "{#DOMAINSSL}": "www.bao5566.com"
        }, 
        {
            "{#DOMAINSSL}": "12golf.com"
        }, 
        {
            "{#DOMAINSSL}": "www.12golf.com"
        }, 
        {
            "{#DOMAINSSL}": "wpc89.com"
        }, 
        {
            "{#DOMAINSSL}": "www.wpc89.com"
        }
    ]
}
DEBUG 2021-06-26 10:08:48,070 - ####################################################################################################
DEBUG 2021-06-26 10:08:48,075 - DOMAIN DISCOVER
INFO 2021-06-26 10:08:48,076 - {
    "data": [
        {
            "{#DOMAINSSL}": "hujidi.com"
        }, 
        {
            "{#DOMAINSSL}": "bao5566.com"
        }, 
        {
            "{#DOMAINSSL}": "www.bao5566.com"
        }, 
        {
            "{#DOMAINSSL}": "12golf.com"
        }, 
        {
            "{#DOMAINSSL}": "www.12golf.com"
        }, 
        {
            "{#DOMAINSSL}": "wpc89.com"
        }, 
        {
            "{#DOMAINSSL}": "www.wpc89.com"
        }
    ]
}
DEBUG 2021-06-26 11:08:46,722 - ####################################################################################################
DEBUG 2021-06-26 11:08:46,729 - DOMAIN DISCOVER
INFO 2021-06-26 11:08:46,729 - {
    "data": [
        {
            "{#DOMAINSSL}": "hujidi.com"
        }, 
        {
            "{#DOMAINSSL}": "bao5566.com"
        }, 
        {
            "{#DOMAINSSL}": "www.bao5566.com"
        }, 
        {
            "{#DOMAINSSL}": "12golf.com"
        }, 
        {
            "{#DOMAINSSL}": "www.12golf.com"
        }, 
        {
            "{#DOMAINSSL}": "wpc89.com"
        }, 
        {
            "{#DOMAINSSL}": "www.wpc89.com"
        }
    ]
}
DEBUG 2021-06-26 12:08:50,584 - ####################################################################################################
DEBUG 2021-06-26 12:08:50,589 - DOMAIN DISCOVER
INFO 2021-06-26 12:08:50,589 - {
    "data": [
        {
            "{#DOMAINSSL}": "hujidi.com"
        }, 
        {
            "{#DOMAINSSL}": "bao5566.com"
        }, 
        {
            "{#DOMAINSSL}": "www.bao5566.com"
        }, 
        {
            "{#DOMAINSSL}": "12golf.com"
        }, 
        {
            "{#DOMAINSSL}": "www.12golf.com"
        }, 
        {
            "{#DOMAINSSL}": "wpc89.com"
        }, 
        {
            "{#DOMAINSSL}": "www.wpc89.com"
        }
    ]
}
DEBUG 2021-06-26 13:08:48,733 - ####################################################################################################
DEBUG 2021-06-26 13:08:48,739 - DOMAIN DISCOVER
INFO 2021-06-26 13:08:48,739 - {
    "data": [
        {
            "{#DOMAINSSL}": "hujidi.com"
        }, 
        {
            "{#DOMAINSSL}": "bao5566.com"
        }, 
        {
            "{#DOMAINSSL}": "www.bao5566.com"
        }, 
        {
            "{#DOMAINSSL}": "12golf.com"
        }, 
        {
            "{#DOMAINSSL}": "www.12golf.com"
        }, 
        {
            "{#DOMAINSSL}": "wpc89.com"
        }, 
        {
            "{#DOMAINSSL}": "www.wpc89.com"
        }
    ]
}
DEBUG 2021-06-26 14:08:48,855 - ####################################################################################################
DEBUG 2021-06-26 14:08:48,860 - DOMAIN DISCOVER
INFO 2021-06-26 14:08:48,861 - {
    "data": [
        {
            "{#DOMAINSSL}": "hujidi.com"
        }, 
        {
            "{#DOMAINSSL}": "bao5566.com"
        }, 
        {
            "{#DOMAINSSL}": "www.bao5566.com"
        }, 
        {
            "{#DOMAINSSL}": "12golf.com"
        }, 
        {
            "{#DOMAINSSL}": "www.12golf.com"
        }, 
        {
            "{#DOMAINSSL}": "wpc89.com"
        }, 
        {
            "{#DOMAINSSL}": "www.wpc89.com"
        }
    ]
}
DEBUG 2021-06-26 15:08:50,194 - ####################################################################################################
DEBUG 2021-06-26 15:08:50,200 - DOMAIN DISCOVER
INFO 2021-06-26 15:08:50,200 - {
    "data": [
        {
            "{#DOMAINSSL}": "hujidi.com"
        }, 
        {
            "{#DOMAINSSL}": "bao5566.com"
        }, 
        {
            "{#DOMAINSSL}": "www.bao5566.com"
        }, 
        {
            "{#DOMAINSSL}": "12golf.com"
        }, 
        {
            "{#DOMAINSSL}": "www.12golf.com"
        }, 
        {
            "{#DOMAINSSL}": "wpc89.com"
        }, 
        {
            "{#DOMAINSSL}": "www.wpc89.com"
        }
    ]
}
DEBUG 2021-06-26 16:08:47,235 - ####################################################################################################
DEBUG 2021-06-26 16:08:47,242 - DOMAIN DISCOVER
INFO 2021-06-26 16:08:47,242 - {
    "data": [
        {
            "{#DOMAINSSL}": "hujidi.com"
        }, 
        {
            "{#DOMAINSSL}": "bao5566.com"
        }, 
        {
            "{#DOMAINSSL}": "www.bao5566.com"
        }, 
        {
            "{#DOMAINSSL}": "12golf.com"
        }, 
        {
            "{#DOMAINSSL}": "www.12golf.com"
        }, 
        {
            "{#DOMAINSSL}": "wpc89.com"
        }, 
        {
            "{#DOMAINSSL}": "www.wpc89.com"
        }
    ]
}
DEBUG 2021-06-26 17:08:49,152 - ####################################################################################################
DEBUG 2021-06-26 17:08:49,157 - DOMAIN DISCOVER
INFO 2021-06-26 17:08:49,157 - {
    "data": [
        {
            "{#DOMAINSSL}": "hujidi.com"
        }, 
        {
            "{#DOMAINSSL}": "bao5566.com"
        }, 
        {
            "{#DOMAINSSL}": "www.bao5566.com"
        }, 
        {
            "{#DOMAINSSL}": "12golf.com"
        }, 
        {
            "{#DOMAINSSL}": "www.12golf.com"
        }, 
        {
            "{#DOMAINSSL}": "wpc89.com"
        }, 
        {
            "{#DOMAINSSL}": "www.wpc89.com"
        }
    ]
}
DEBUG 2021-06-26 18:08:50,418 - ####################################################################################################
DEBUG 2021-06-26 18:08:50,425 - DOMAIN DISCOVER
INFO 2021-06-26 18:08:50,426 - {
    "data": [
        {
            "{#DOMAINSSL}": "hujidi.com"
        }, 
        {
            "{#DOMAINSSL}": "bao5566.com"
        }, 
        {
            "{#DOMAINSSL}": "www.bao5566.com"
        }, 
        {
            "{#DOMAINSSL}": "12golf.com"
        }, 
        {
            "{#DOMAINSSL}": "www.12golf.com"
        }, 
        {
            "{#DOMAINSSL}": "wpc89.com"
        }, 
        {
            "{#DOMAINSSL}": "www.wpc89.com"
        }
    ]
}
DEBUG 2021-06-26 19:08:48,690 - ####################################################################################################
DEBUG 2021-06-26 19:08:48,696 - DOMAIN DISCOVER
INFO 2021-06-26 19:08:48,696 - {
    "data": [
        {
            "{#DOMAINSSL}": "hujidi.com"
        }, 
        {
            "{#DOMAINSSL}": "bao5566.com"
        }, 
        {
            "{#DOMAINSSL}": "www.bao5566.com"
        }, 
        {
            "{#DOMAINSSL}": "12golf.com"
        }, 
        {
            "{#DOMAINSSL}": "www.12golf.com"
        }, 
        {
            "{#DOMAINSSL}": "wpc89.com"
        }, 
        {
            "{#DOMAINSSL}": "www.wpc89.com"
        }
    ]
}
DEBUG 2021-06-26 20:08:48,651 - ####################################################################################################
DEBUG 2021-06-26 20:08:48,657 - DOMAIN DISCOVER
INFO 2021-06-26 20:08:48,658 - {
    "data": [
        {
            "{#DOMAINSSL}": "hujidi.com"
        }, 
        {
            "{#DOMAINSSL}": "bao5566.com"
        }, 
        {
            "{#DOMAINSSL}": "www.bao5566.com"
        }, 
        {
            "{#DOMAINSSL}": "12golf.com"
        }, 
        {
            "{#DOMAINSSL}": "www.12golf.com"
        }, 
        {
            "{#DOMAINSSL}": "wpc89.com"
        }, 
        {
            "{#DOMAINSSL}": "www.wpc89.com"
        }
    ]
}
DEBUG 2021-06-26 21:08:47,332 - ####################################################################################################
DEBUG 2021-06-26 21:08:47,338 - DOMAIN DISCOVER
INFO 2021-06-26 21:08:47,338 - {
    "data": [
        {
            "{#DOMAINSSL}": "hujidi.com"
        }, 
        {
            "{#DOMAINSSL}": "bao5566.com"
        }, 
        {
            "{#DOMAINSSL}": "www.bao5566.com"
        }, 
        {
            "{#DOMAINSSL}": "12golf.com"
        }, 
        {
            "{#DOMAINSSL}": "www.12golf.com"
        }, 
        {
            "{#DOMAINSSL}": "wpc89.com"
        }, 
        {
            "{#DOMAINSSL}": "www.wpc89.com"
        }
    ]
}
DEBUG 2021-06-26 22:08:51,919 - ####################################################################################################
DEBUG 2021-06-26 22:08:51,925 - DOMAIN DISCOVER
INFO 2021-06-26 22:08:51,925 - {
    "data": [
        {
            "{#DOMAINSSL}": "hujidi.com"
        }, 
        {
            "{#DOMAINSSL}": "bao5566.com"
        }, 
        {
            "{#DOMAINSSL}": "www.bao5566.com"
        }, 
        {
            "{#DOMAINSSL}": "12golf.com"
        }, 
        {
            "{#DOMAINSSL}": "www.12golf.com"
        }, 
        {
            "{#DOMAINSSL}": "wpc89.com"
        }, 
        {
            "{#DOMAINSSL}": "www.wpc89.com"
        }
    ]
}
DEBUG 2021-06-26 23:08:49,541 - ####################################################################################################
DEBUG 2021-06-26 23:08:49,546 - DOMAIN DISCOVER
INFO 2021-06-26 23:08:49,546 - {
    "data": [
        {
            "{#DOMAINSSL}": "hujidi.com"
        }, 
        {
            "{#DOMAINSSL}": "bao5566.com"
        }, 
        {
            "{#DOMAINSSL}": "www.bao5566.com"
        }, 
        {
            "{#DOMAINSSL}": "12golf.com"
        }, 
        {
            "{#DOMAINSSL}": "www.12golf.com"
        }, 
        {
            "{#DOMAINSSL}": "wpc89.com"
        }, 
        {
            "{#DOMAINSSL}": "www.wpc89.com"
        }
    ]
}
