DEBUG 2021-10-09 00:09:05,948 - ####################################################################################################
DEBUG 2021-10-09 00:09:05,955 - DOMAIN DISCOVER
INFO 2021-10-09 00:09:05,955 - {
    "data": [
        {
            "{#DOMAINSSL}": "www.aaa9408.com"
        }, 
        {
            "{#DOMAINSSL}": "aaa9888.com"
        }, 
        {
            "{#DOMAINSSL}": "aaa9408.com"
        }, 
        {
            "{#DOMAINSSL}": "statt.maxpartner.cn"
        }, 
        {
            "{#DOMAINSSL}": "r8588.net"
        }, 
        {
            "{#DOMAINSSL}": "www.r8588.net"
        }, 
        {
            "{#DOMAINSSL}": "www.r8168.net"
        }, 
        {
            "{#DOMAINSSL}": "r8168.net"
        }, 
        {
            "{#DOMAINSSL}": "aaa9409.com"
        }, 
        {
            "{#DOMAINSSL}": "aaa9410.com"
        }, 
        {
            "{#DOMAINSSL}": "aaa9411.com"
        }, 
        {
            "{#DOMAINSSL}": "www.aaa9409.com"
        }, 
        {
            "{#DOMAINSSL}": "www.aaa9410.com"
        }, 
        {
            "{#DOMAINSSL}": "www.aaa9411.com"
        }, 
        {
            "{#DOMAINSSL}": "aaa9889.com"
        }, 
        {
            "{#DOMAINSSL}": "www.aaa9889.com"
        }, 
        {
            "{#DOMAINSSL}": "ws.legendli.cn"
        }, 
        {
            "{#DOMAINSSL}": "www.gochat900.com"
        }
    ]
}
DEBUG 2021-10-09 01:09:04,325 - ####################################################################################################
DEBUG 2021-10-09 01:09:04,331 - DOMAIN DISCOVER
INFO 2021-10-09 01:09:04,331 - {
    "data": [
        {
            "{#DOMAINSSL}": "www.aaa9408.com"
        }, 
        {
            "{#DOMAINSSL}": "aaa9888.com"
        }, 
        {
            "{#DOMAINSSL}": "aaa9408.com"
        }, 
        {
            "{#DOMAINSSL}": "statt.maxpartner.cn"
        }, 
        {
            "{#DOMAINSSL}": "r8588.net"
        }, 
        {
            "{#DOMAINSSL}": "www.r8588.net"
        }, 
        {
            "{#DOMAINSSL}": "www.r8168.net"
        }, 
        {
            "{#DOMAINSSL}": "r8168.net"
        }, 
        {
            "{#DOMAINSSL}": "aaa9409.com"
        }, 
        {
            "{#DOMAINSSL}": "aaa9410.com"
        }, 
        {
            "{#DOMAINSSL}": "aaa9411.com"
        }, 
        {
            "{#DOMAINSSL}": "www.aaa9409.com"
        }, 
        {
            "{#DOMAINSSL}": "www.aaa9410.com"
        }, 
        {
            "{#DOMAINSSL}": "www.aaa9411.com"
        }, 
        {
            "{#DOMAINSSL}": "aaa9889.com"
        }, 
        {
            "{#DOMAINSSL}": "www.aaa9889.com"
        }, 
        {
            "{#DOMAINSSL}": "ws.legendli.cn"
        }, 
        {
            "{#DOMAINSSL}": "www.gochat900.com"
        }
    ]
}
DEBUG 2021-10-09 02:09:06,553 - ####################################################################################################
DEBUG 2021-10-09 02:09:06,559 - DOMAIN DISCOVER
INFO 2021-10-09 02:09:06,559 - {
    "data": [
        {
            "{#DOMAINSSL}": "www.aaa9408.com"
        }, 
        {
            "{#DOMAINSSL}": "aaa9888.com"
        }, 
        {
            "{#DOMAINSSL}": "aaa9408.com"
        }, 
        {
            "{#DOMAINSSL}": "statt.maxpartner.cn"
        }, 
        {
            "{#DOMAINSSL}": "r8588.net"
        }, 
        {
            "{#DOMAINSSL}": "www.r8588.net"
        }, 
        {
            "{#DOMAINSSL}": "www.r8168.net"
        }, 
        {
            "{#DOMAINSSL}": "r8168.net"
        }, 
        {
            "{#DOMAINSSL}": "aaa9409.com"
        }, 
        {
            "{#DOMAINSSL}": "aaa9410.com"
        }, 
        {
            "{#DOMAINSSL}": "aaa9411.com"
        }, 
        {
            "{#DOMAINSSL}": "www.aaa9409.com"
        }, 
        {
            "{#DOMAINSSL}": "www.aaa9410.com"
        }, 
        {
            "{#DOMAINSSL}": "www.aaa9411.com"
        }, 
        {
            "{#DOMAINSSL}": "aaa9889.com"
        }, 
        {
            "{#DOMAINSSL}": "www.aaa9889.com"
        }, 
        {
            "{#DOMAINSSL}": "ws.legendli.cn"
        }, 
        {
            "{#DOMAINSSL}": "www.gochat900.com"
        }
    ]
}
DEBUG 2021-10-09 03:09:04,615 - ####################################################################################################
DEBUG 2021-10-09 03:09:04,621 - DOMAIN DISCOVER
INFO 2021-10-09 03:09:04,621 - {
    "data": [
        {
            "{#DOMAINSSL}": "www.aaa9408.com"
        }, 
        {
            "{#DOMAINSSL}": "aaa9888.com"
        }, 
        {
            "{#DOMAINSSL}": "aaa9408.com"
        }, 
        {
            "{#DOMAINSSL}": "statt.maxpartner.cn"
        }, 
        {
            "{#DOMAINSSL}": "r8588.net"
        }, 
        {
            "{#DOMAINSSL}": "www.r8588.net"
        }, 
        {
            "{#DOMAINSSL}": "www.r8168.net"
        }, 
        {
            "{#DOMAINSSL}": "r8168.net"
        }, 
        {
            "{#DOMAINSSL}": "aaa9409.com"
        }, 
        {
            "{#DOMAINSSL}": "aaa9410.com"
        }, 
        {
            "{#DOMAINSSL}": "aaa9411.com"
        }, 
        {
            "{#DOMAINSSL}": "www.aaa9409.com"
        }, 
        {
            "{#DOMAINSSL}": "www.aaa9410.com"
        }, 
        {
            "{#DOMAINSSL}": "www.aaa9411.com"
        }, 
        {
            "{#DOMAINSSL}": "aaa9889.com"
        }, 
        {
            "{#DOMAINSSL}": "www.aaa9889.com"
        }, 
        {
            "{#DOMAINSSL}": "ws.legendli.cn"
        }, 
        {
            "{#DOMAINSSL}": "www.gochat900.com"
        }
    ]
}
DEBUG 2021-10-09 04:09:06,457 - ####################################################################################################
DEBUG 2021-10-09 04:09:06,464 - DOMAIN DISCOVER
INFO 2021-10-09 04:09:06,464 - {
    "data": [
        {
            "{#DOMAINSSL}": "www.aaa9408.com"
        }, 
        {
            "{#DOMAINSSL}": "aaa9888.com"
        }, 
        {
            "{#DOMAINSSL}": "aaa9408.com"
        }, 
        {
            "{#DOMAINSSL}": "statt.maxpartner.cn"
        }, 
        {
            "{#DOMAINSSL}": "r8588.net"
        }, 
        {
            "{#DOMAINSSL}": "www.r8588.net"
        }, 
        {
            "{#DOMAINSSL}": "www.r8168.net"
        }, 
        {
            "{#DOMAINSSL}": "r8168.net"
        }, 
        {
            "{#DOMAINSSL}": "aaa9409.com"
        }, 
        {
            "{#DOMAINSSL}": "aaa9410.com"
        }, 
        {
            "{#DOMAINSSL}": "aaa9411.com"
        }, 
        {
            "{#DOMAINSSL}": "www.aaa9409.com"
        }, 
        {
            "{#DOMAINSSL}": "www.aaa9410.com"
        }, 
        {
            "{#DOMAINSSL}": "www.aaa9411.com"
        }, 
        {
            "{#DOMAINSSL}": "aaa9889.com"
        }, 
        {
            "{#DOMAINSSL}": "www.aaa9889.com"
        }, 
        {
            "{#DOMAINSSL}": "ws.legendli.cn"
        }, 
        {
            "{#DOMAINSSL}": "www.gochat900.com"
        }
    ]
}
DEBUG 2021-10-09 05:09:03,471 - ####################################################################################################
DEBUG 2021-10-09 05:09:03,477 - DOMAIN DISCOVER
INFO 2021-10-09 05:09:03,477 - {
    "data": [
        {
            "{#DOMAINSSL}": "www.aaa9408.com"
        }, 
        {
            "{#DOMAINSSL}": "aaa9888.com"
        }, 
        {
            "{#DOMAINSSL}": "aaa9408.com"
        }, 
        {
            "{#DOMAINSSL}": "statt.maxpartner.cn"
        }, 
        {
            "{#DOMAINSSL}": "r8588.net"
        }, 
        {
            "{#DOMAINSSL}": "www.r8588.net"
        }, 
        {
            "{#DOMAINSSL}": "www.r8168.net"
        }, 
        {
            "{#DOMAINSSL}": "r8168.net"
        }, 
        {
            "{#DOMAINSSL}": "aaa9409.com"
        }, 
        {
            "{#DOMAINSSL}": "aaa9410.com"
        }, 
        {
            "{#DOMAINSSL}": "aaa9411.com"
        }, 
        {
            "{#DOMAINSSL}": "www.aaa9409.com"
        }, 
        {
            "{#DOMAINSSL}": "www.aaa9410.com"
        }, 
        {
            "{#DOMAINSSL}": "www.aaa9411.com"
        }, 
        {
            "{#DOMAINSSL}": "aaa9889.com"
        }, 
        {
            "{#DOMAINSSL}": "www.aaa9889.com"
        }, 
        {
            "{#DOMAINSSL}": "ws.legendli.cn"
        }, 
        {
            "{#DOMAINSSL}": "www.gochat900.com"
        }
    ]
}
DEBUG 2021-10-09 06:09:06,478 - ####################################################################################################
DEBUG 2021-10-09 06:09:06,483 - DOMAIN DISCOVER
INFO 2021-10-09 06:09:06,483 - {
    "data": [
        {
            "{#DOMAINSSL}": "www.aaa9408.com"
        }, 
        {
            "{#DOMAINSSL}": "aaa9888.com"
        }, 
        {
            "{#DOMAINSSL}": "aaa9408.com"
        }, 
        {
            "{#DOMAINSSL}": "statt.maxpartner.cn"
        }, 
        {
            "{#DOMAINSSL}": "r8588.net"
        }, 
        {
            "{#DOMAINSSL}": "www.r8588.net"
        }, 
        {
            "{#DOMAINSSL}": "www.r8168.net"
        }, 
        {
            "{#DOMAINSSL}": "r8168.net"
        }, 
        {
            "{#DOMAINSSL}": "aaa9409.com"
        }, 
        {
            "{#DOMAINSSL}": "aaa9410.com"
        }, 
        {
            "{#DOMAINSSL}": "aaa9411.com"
        }, 
        {
            "{#DOMAINSSL}": "www.aaa9409.com"
        }, 
        {
            "{#DOMAINSSL}": "www.aaa9410.com"
        }, 
        {
            "{#DOMAINSSL}": "www.aaa9411.com"
        }, 
        {
            "{#DOMAINSSL}": "aaa9889.com"
        }, 
        {
            "{#DOMAINSSL}": "www.aaa9889.com"
        }, 
        {
            "{#DOMAINSSL}": "ws.legendli.cn"
        }, 
        {
            "{#DOMAINSSL}": "www.gochat900.com"
        }
    ]
}
DEBUG 2021-10-09 07:09:05,138 - ####################################################################################################
DEBUG 2021-10-09 07:09:05,145 - DOMAIN DISCOVER
INFO 2021-10-09 07:09:05,145 - {
    "data": [
        {
            "{#DOMAINSSL}": "www.aaa9408.com"
        }, 
        {
            "{#DOMAINSSL}": "aaa9888.com"
        }, 
        {
            "{#DOMAINSSL}": "aaa9408.com"
        }, 
        {
            "{#DOMAINSSL}": "statt.maxpartner.cn"
        }, 
        {
            "{#DOMAINSSL}": "r8588.net"
        }, 
        {
            "{#DOMAINSSL}": "www.r8588.net"
        }, 
        {
            "{#DOMAINSSL}": "www.r8168.net"
        }, 
        {
            "{#DOMAINSSL}": "r8168.net"
        }, 
        {
            "{#DOMAINSSL}": "aaa9409.com"
        }, 
        {
            "{#DOMAINSSL}": "aaa9410.com"
        }, 
        {
            "{#DOMAINSSL}": "aaa9411.com"
        }, 
        {
            "{#DOMAINSSL}": "www.aaa9409.com"
        }, 
        {
            "{#DOMAINSSL}": "www.aaa9410.com"
        }, 
        {
            "{#DOMAINSSL}": "www.aaa9411.com"
        }, 
        {
            "{#DOMAINSSL}": "aaa9889.com"
        }, 
        {
            "{#DOMAINSSL}": "www.aaa9889.com"
        }, 
        {
            "{#DOMAINSSL}": "ws.legendli.cn"
        }, 
        {
            "{#DOMAINSSL}": "www.gochat900.com"
        }
    ]
}
DEBUG 2021-10-09 08:09:03,044 - ####################################################################################################
DEBUG 2021-10-09 08:09:03,051 - DOMAIN DISCOVER
INFO 2021-10-09 08:09:03,051 - {
    "data": [
        {
            "{#DOMAINSSL}": "www.aaa9408.com"
        }, 
        {
            "{#DOMAINSSL}": "aaa9888.com"
        }, 
        {
            "{#DOMAINSSL}": "aaa9408.com"
        }, 
        {
            "{#DOMAINSSL}": "statt.maxpartner.cn"
        }, 
        {
            "{#DOMAINSSL}": "r8588.net"
        }, 
        {
            "{#DOMAINSSL}": "www.r8588.net"
        }, 
        {
            "{#DOMAINSSL}": "www.r8168.net"
        }, 
        {
            "{#DOMAINSSL}": "r8168.net"
        }, 
        {
            "{#DOMAINSSL}": "aaa9409.com"
        }, 
        {
            "{#DOMAINSSL}": "aaa9410.com"
        }, 
        {
            "{#DOMAINSSL}": "aaa9411.com"
        }, 
        {
            "{#DOMAINSSL}": "www.aaa9409.com"
        }, 
        {
            "{#DOMAINSSL}": "www.aaa9410.com"
        }, 
        {
            "{#DOMAINSSL}": "www.aaa9411.com"
        }, 
        {
            "{#DOMAINSSL}": "aaa9889.com"
        }, 
        {
            "{#DOMAINSSL}": "www.aaa9889.com"
        }, 
        {
            "{#DOMAINSSL}": "ws.legendli.cn"
        }, 
        {
            "{#DOMAINSSL}": "www.gochat900.com"
        }
    ]
}
DEBUG 2021-10-09 09:09:04,882 - ####################################################################################################
DEBUG 2021-10-09 09:09:04,888 - DOMAIN DISCOVER
INFO 2021-10-09 09:09:04,888 - {
    "data": [
        {
            "{#DOMAINSSL}": "www.aaa9408.com"
        }, 
        {
            "{#DOMAINSSL}": "aaa9888.com"
        }, 
        {
            "{#DOMAINSSL}": "aaa9408.com"
        }, 
        {
            "{#DOMAINSSL}": "statt.maxpartner.cn"
        }, 
        {
            "{#DOMAINSSL}": "r8588.net"
        }, 
        {
            "{#DOMAINSSL}": "www.r8588.net"
        }, 
        {
            "{#DOMAINSSL}": "www.r8168.net"
        }, 
        {
            "{#DOMAINSSL}": "r8168.net"
        }, 
        {
            "{#DOMAINSSL}": "aaa9409.com"
        }, 
        {
            "{#DOMAINSSL}": "aaa9410.com"
        }, 
        {
            "{#DOMAINSSL}": "aaa9411.com"
        }, 
        {
            "{#DOMAINSSL}": "www.aaa9409.com"
        }, 
        {
            "{#DOMAINSSL}": "www.aaa9410.com"
        }, 
        {
            "{#DOMAINSSL}": "www.aaa9411.com"
        }, 
        {
            "{#DOMAINSSL}": "aaa9889.com"
        }, 
        {
            "{#DOMAINSSL}": "www.aaa9889.com"
        }, 
        {
            "{#DOMAINSSL}": "ws.legendli.cn"
        }, 
        {
            "{#DOMAINSSL}": "www.gochat900.com"
        }
    ]
}
DEBUG 2021-10-09 10:09:05,113 - ####################################################################################################
DEBUG 2021-10-09 10:09:05,119 - DOMAIN DISCOVER
INFO 2021-10-09 10:09:05,119 - {
    "data": [
        {
            "{#DOMAINSSL}": "www.aaa9408.com"
        }, 
        {
            "{#DOMAINSSL}": "aaa9888.com"
        }, 
        {
            "{#DOMAINSSL}": "aaa9408.com"
        }, 
        {
            "{#DOMAINSSL}": "statt.maxpartner.cn"
        }, 
        {
            "{#DOMAINSSL}": "r8588.net"
        }, 
        {
            "{#DOMAINSSL}": "www.r8588.net"
        }, 
        {
            "{#DOMAINSSL}": "www.r8168.net"
        }, 
        {
            "{#DOMAINSSL}": "r8168.net"
        }, 
        {
            "{#DOMAINSSL}": "aaa9409.com"
        }, 
        {
            "{#DOMAINSSL}": "aaa9410.com"
        }, 
        {
            "{#DOMAINSSL}": "aaa9411.com"
        }, 
        {
            "{#DOMAINSSL}": "www.aaa9409.com"
        }, 
        {
            "{#DOMAINSSL}": "www.aaa9410.com"
        }, 
        {
            "{#DOMAINSSL}": "www.aaa9411.com"
        }, 
        {
            "{#DOMAINSSL}": "aaa9889.com"
        }, 
        {
            "{#DOMAINSSL}": "www.aaa9889.com"
        }, 
        {
            "{#DOMAINSSL}": "ws.legendli.cn"
        }, 
        {
            "{#DOMAINSSL}": "www.gochat900.com"
        }
    ]
}
DEBUG 2021-10-09 11:09:06,006 - ####################################################################################################
DEBUG 2021-10-09 11:09:06,012 - DOMAIN DISCOVER
INFO 2021-10-09 11:09:06,012 - {
    "data": [
        {
            "{#DOMAINSSL}": "www.aaa9408.com"
        }, 
        {
            "{#DOMAINSSL}": "aaa9888.com"
        }, 
        {
            "{#DOMAINSSL}": "aaa9408.com"
        }, 
        {
            "{#DOMAINSSL}": "statt.maxpartner.cn"
        }, 
        {
            "{#DOMAINSSL}": "r8588.net"
        }, 
        {
            "{#DOMAINSSL}": "www.r8588.net"
        }, 
        {
            "{#DOMAINSSL}": "www.r8168.net"
        }, 
        {
            "{#DOMAINSSL}": "r8168.net"
        }, 
        {
            "{#DOMAINSSL}": "aaa9409.com"
        }, 
        {
            "{#DOMAINSSL}": "aaa9410.com"
        }, 
        {
            "{#DOMAINSSL}": "aaa9411.com"
        }, 
        {
            "{#DOMAINSSL}": "www.aaa9409.com"
        }, 
        {
            "{#DOMAINSSL}": "www.aaa9410.com"
        }, 
        {
            "{#DOMAINSSL}": "www.aaa9411.com"
        }, 
        {
            "{#DOMAINSSL}": "aaa9889.com"
        }, 
        {
            "{#DOMAINSSL}": "www.aaa9889.com"
        }, 
        {
            "{#DOMAINSSL}": "ws.legendli.cn"
        }, 
        {
            "{#DOMAINSSL}": "www.gochat900.com"
        }
    ]
}
DEBUG 2021-10-09 12:09:04,996 - ####################################################################################################
DEBUG 2021-10-09 12:09:05,002 - DOMAIN DISCOVER
INFO 2021-10-09 12:09:05,002 - {
    "data": [
        {
            "{#DOMAINSSL}": "www.aaa9408.com"
        }, 
        {
            "{#DOMAINSSL}": "aaa9888.com"
        }, 
        {
            "{#DOMAINSSL}": "aaa9408.com"
        }, 
        {
            "{#DOMAINSSL}": "statt.maxpartner.cn"
        }, 
        {
            "{#DOMAINSSL}": "r8588.net"
        }, 
        {
            "{#DOMAINSSL}": "www.r8588.net"
        }, 
        {
            "{#DOMAINSSL}": "www.r8168.net"
        }, 
        {
            "{#DOMAINSSL}": "r8168.net"
        }, 
        {
            "{#DOMAINSSL}": "aaa9409.com"
        }, 
        {
            "{#DOMAINSSL}": "aaa9410.com"
        }, 
        {
            "{#DOMAINSSL}": "aaa9411.com"
        }, 
        {
            "{#DOMAINSSL}": "www.aaa9409.com"
        }, 
        {
            "{#DOMAINSSL}": "www.aaa9410.com"
        }, 
        {
            "{#DOMAINSSL}": "www.aaa9411.com"
        }, 
        {
            "{#DOMAINSSL}": "aaa9889.com"
        }, 
        {
            "{#DOMAINSSL}": "www.aaa9889.com"
        }, 
        {
            "{#DOMAINSSL}": "ws.legendli.cn"
        }, 
        {
            "{#DOMAINSSL}": "www.gochat900.com"
        }
    ]
}
DEBUG 2021-10-09 13:09:06,437 - ####################################################################################################
DEBUG 2021-10-09 13:09:06,443 - DOMAIN DISCOVER
INFO 2021-10-09 13:09:06,443 - {
    "data": [
        {
            "{#DOMAINSSL}": "www.aaa9408.com"
        }, 
        {
            "{#DOMAINSSL}": "aaa9888.com"
        }, 
        {
            "{#DOMAINSSL}": "aaa9408.com"
        }, 
        {
            "{#DOMAINSSL}": "statt.maxpartner.cn"
        }, 
        {
            "{#DOMAINSSL}": "r8588.net"
        }, 
        {
            "{#DOMAINSSL}": "www.r8588.net"
        }, 
        {
            "{#DOMAINSSL}": "www.r8168.net"
        }, 
        {
            "{#DOMAINSSL}": "r8168.net"
        }, 
        {
            "{#DOMAINSSL}": "aaa9409.com"
        }, 
        {
            "{#DOMAINSSL}": "aaa9410.com"
        }, 
        {
            "{#DOMAINSSL}": "aaa9411.com"
        }, 
        {
            "{#DOMAINSSL}": "www.aaa9409.com"
        }, 
        {
            "{#DOMAINSSL}": "www.aaa9410.com"
        }, 
        {
            "{#DOMAINSSL}": "www.aaa9411.com"
        }, 
        {
            "{#DOMAINSSL}": "aaa9889.com"
        }, 
        {
            "{#DOMAINSSL}": "www.aaa9889.com"
        }, 
        {
            "{#DOMAINSSL}": "ws.legendli.cn"
        }, 
        {
            "{#DOMAINSSL}": "www.gochat900.com"
        }
    ]
}
DEBUG 2021-10-09 14:09:05,638 - ####################################################################################################
DEBUG 2021-10-09 14:09:05,644 - DOMAIN DISCOVER
INFO 2021-10-09 14:09:05,644 - {
    "data": [
        {
            "{#DOMAINSSL}": "www.aaa9408.com"
        }, 
        {
            "{#DOMAINSSL}": "aaa9888.com"
        }, 
        {
            "{#DOMAINSSL}": "aaa9408.com"
        }, 
        {
            "{#DOMAINSSL}": "statt.maxpartner.cn"
        }, 
        {
            "{#DOMAINSSL}": "r8588.net"
        }, 
        {
            "{#DOMAINSSL}": "www.r8588.net"
        }, 
        {
            "{#DOMAINSSL}": "www.r8168.net"
        }, 
        {
            "{#DOMAINSSL}": "r8168.net"
        }, 
        {
            "{#DOMAINSSL}": "aaa9409.com"
        }, 
        {
            "{#DOMAINSSL}": "aaa9410.com"
        }, 
        {
            "{#DOMAINSSL}": "aaa9411.com"
        }, 
        {
            "{#DOMAINSSL}": "www.aaa9409.com"
        }, 
        {
            "{#DOMAINSSL}": "www.aaa9410.com"
        }, 
        {
            "{#DOMAINSSL}": "www.aaa9411.com"
        }, 
        {
            "{#DOMAINSSL}": "aaa9889.com"
        }, 
        {
            "{#DOMAINSSL}": "www.aaa9889.com"
        }, 
        {
            "{#DOMAINSSL}": "ws.legendli.cn"
        }, 
        {
            "{#DOMAINSSL}": "www.gochat900.com"
        }
    ]
}
DEBUG 2021-10-09 15:09:05,824 - ####################################################################################################
DEBUG 2021-10-09 15:09:05,830 - DOMAIN DISCOVER
INFO 2021-10-09 15:09:05,830 - {
    "data": [
        {
            "{#DOMAINSSL}": "www.aaa9408.com"
        }, 
        {
            "{#DOMAINSSL}": "aaa9888.com"
        }, 
        {
            "{#DOMAINSSL}": "aaa9408.com"
        }, 
        {
            "{#DOMAINSSL}": "statt.maxpartner.cn"
        }, 
        {
            "{#DOMAINSSL}": "r8588.net"
        }, 
        {
            "{#DOMAINSSL}": "www.r8588.net"
        }, 
        {
            "{#DOMAINSSL}": "www.r8168.net"
        }, 
        {
            "{#DOMAINSSL}": "r8168.net"
        }, 
        {
            "{#DOMAINSSL}": "aaa9409.com"
        }, 
        {
            "{#DOMAINSSL}": "aaa9410.com"
        }, 
        {
            "{#DOMAINSSL}": "aaa9411.com"
        }, 
        {
            "{#DOMAINSSL}": "www.aaa9409.com"
        }, 
        {
            "{#DOMAINSSL}": "www.aaa9410.com"
        }, 
        {
            "{#DOMAINSSL}": "www.aaa9411.com"
        }, 
        {
            "{#DOMAINSSL}": "aaa9889.com"
        }, 
        {
            "{#DOMAINSSL}": "www.aaa9889.com"
        }, 
        {
            "{#DOMAINSSL}": "ws.legendli.cn"
        }, 
        {
            "{#DOMAINSSL}": "www.gochat900.com"
        }
    ]
}
DEBUG 2021-10-09 16:09:05,965 - ####################################################################################################
DEBUG 2021-10-09 16:09:05,971 - DOMAIN DISCOVER
INFO 2021-10-09 16:09:05,971 - {
    "data": [
        {
            "{#DOMAINSSL}": "www.aaa9408.com"
        }, 
        {
            "{#DOMAINSSL}": "aaa9888.com"
        }, 
        {
            "{#DOMAINSSL}": "aaa9408.com"
        }, 
        {
            "{#DOMAINSSL}": "statt.maxpartner.cn"
        }, 
        {
            "{#DOMAINSSL}": "r8588.net"
        }, 
        {
            "{#DOMAINSSL}": "www.r8588.net"
        }, 
        {
            "{#DOMAINSSL}": "www.r8168.net"
        }, 
        {
            "{#DOMAINSSL}": "r8168.net"
        }, 
        {
            "{#DOMAINSSL}": "aaa9409.com"
        }, 
        {
            "{#DOMAINSSL}": "aaa9410.com"
        }, 
        {
            "{#DOMAINSSL}": "aaa9411.com"
        }, 
        {
            "{#DOMAINSSL}": "www.aaa9409.com"
        }, 
        {
            "{#DOMAINSSL}": "www.aaa9410.com"
        }, 
        {
            "{#DOMAINSSL}": "www.aaa9411.com"
        }, 
        {
            "{#DOMAINSSL}": "aaa9889.com"
        }, 
        {
            "{#DOMAINSSL}": "www.aaa9889.com"
        }, 
        {
            "{#DOMAINSSL}": "ws.legendli.cn"
        }, 
        {
            "{#DOMAINSSL}": "www.gochat900.com"
        }
    ]
}
DEBUG 2021-10-09 17:09:06,595 - ####################################################################################################
DEBUG 2021-10-09 17:09:06,600 - DOMAIN DISCOVER
INFO 2021-10-09 17:09:06,600 - {
    "data": [
        {
            "{#DOMAINSSL}": "www.aaa9408.com"
        }, 
        {
            "{#DOMAINSSL}": "aaa9888.com"
        }, 
        {
            "{#DOMAINSSL}": "aaa9408.com"
        }, 
        {
            "{#DOMAINSSL}": "statt.maxpartner.cn"
        }, 
        {
            "{#DOMAINSSL}": "r8588.net"
        }, 
        {
            "{#DOMAINSSL}": "www.r8588.net"
        }, 
        {
            "{#DOMAINSSL}": "www.r8168.net"
        }, 
        {
            "{#DOMAINSSL}": "r8168.net"
        }, 
        {
            "{#DOMAINSSL}": "aaa9409.com"
        }, 
        {
            "{#DOMAINSSL}": "aaa9410.com"
        }, 
        {
            "{#DOMAINSSL}": "aaa9411.com"
        }, 
        {
            "{#DOMAINSSL}": "www.aaa9409.com"
        }, 
        {
            "{#DOMAINSSL}": "www.aaa9410.com"
        }, 
        {
            "{#DOMAINSSL}": "www.aaa9411.com"
        }, 
        {
            "{#DOMAINSSL}": "aaa9889.com"
        }, 
        {
            "{#DOMAINSSL}": "www.aaa9889.com"
        }, 
        {
            "{#DOMAINSSL}": "ws.legendli.cn"
        }, 
        {
            "{#DOMAINSSL}": "www.gochat900.com"
        }
    ]
}
DEBUG 2021-10-09 18:09:06,521 - ####################################################################################################
DEBUG 2021-10-09 18:09:06,528 - DOMAIN DISCOVER
INFO 2021-10-09 18:09:06,528 - {
    "data": [
        {
            "{#DOMAINSSL}": "www.aaa9408.com"
        }, 
        {
            "{#DOMAINSSL}": "aaa9888.com"
        }, 
        {
            "{#DOMAINSSL}": "aaa9408.com"
        }, 
        {
            "{#DOMAINSSL}": "statt.maxpartner.cn"
        }, 
        {
            "{#DOMAINSSL}": "r8588.net"
        }, 
        {
            "{#DOMAINSSL}": "www.r8588.net"
        }, 
        {
            "{#DOMAINSSL}": "www.r8168.net"
        }, 
        {
            "{#DOMAINSSL}": "r8168.net"
        }, 
        {
            "{#DOMAINSSL}": "aaa9409.com"
        }, 
        {
            "{#DOMAINSSL}": "aaa9410.com"
        }, 
        {
            "{#DOMAINSSL}": "aaa9411.com"
        }, 
        {
            "{#DOMAINSSL}": "www.aaa9409.com"
        }, 
        {
            "{#DOMAINSSL}": "www.aaa9410.com"
        }, 
        {
            "{#DOMAINSSL}": "www.aaa9411.com"
        }, 
        {
            "{#DOMAINSSL}": "aaa9889.com"
        }, 
        {
            "{#DOMAINSSL}": "www.aaa9889.com"
        }, 
        {
            "{#DOMAINSSL}": "ws.legendli.cn"
        }, 
        {
            "{#DOMAINSSL}": "www.gochat900.com"
        }
    ]
}
DEBUG 2021-10-09 19:09:05,374 - ####################################################################################################
DEBUG 2021-10-09 19:09:05,380 - DOMAIN DISCOVER
INFO 2021-10-09 19:09:05,380 - {
    "data": [
        {
            "{#DOMAINSSL}": "www.aaa9408.com"
        }, 
        {
            "{#DOMAINSSL}": "aaa9888.com"
        }, 
        {
            "{#DOMAINSSL}": "aaa9408.com"
        }, 
        {
            "{#DOMAINSSL}": "statt.maxpartner.cn"
        }, 
        {
            "{#DOMAINSSL}": "r8588.net"
        }, 
        {
            "{#DOMAINSSL}": "www.r8588.net"
        }, 
        {
            "{#DOMAINSSL}": "www.r8168.net"
        }, 
        {
            "{#DOMAINSSL}": "r8168.net"
        }, 
        {
            "{#DOMAINSSL}": "aaa9409.com"
        }, 
        {
            "{#DOMAINSSL}": "aaa9410.com"
        }, 
        {
            "{#DOMAINSSL}": "aaa9411.com"
        }, 
        {
            "{#DOMAINSSL}": "www.aaa9409.com"
        }, 
        {
            "{#DOMAINSSL}": "www.aaa9410.com"
        }, 
        {
            "{#DOMAINSSL}": "www.aaa9411.com"
        }, 
        {
            "{#DOMAINSSL}": "aaa9889.com"
        }, 
        {
            "{#DOMAINSSL}": "www.aaa9889.com"
        }, 
        {
            "{#DOMAINSSL}": "ws.legendli.cn"
        }, 
        {
            "{#DOMAINSSL}": "www.gochat900.com"
        }
    ]
}
DEBUG 2021-10-09 20:09:07,155 - ####################################################################################################
DEBUG 2021-10-09 20:09:07,161 - DOMAIN DISCOVER
INFO 2021-10-09 20:09:07,161 - {
    "data": [
        {
            "{#DOMAINSSL}": "www.aaa9408.com"
        }, 
        {
            "{#DOMAINSSL}": "aaa9888.com"
        }, 
        {
            "{#DOMAINSSL}": "aaa9408.com"
        }, 
        {
            "{#DOMAINSSL}": "statt.maxpartner.cn"
        }, 
        {
            "{#DOMAINSSL}": "r8588.net"
        }, 
        {
            "{#DOMAINSSL}": "www.r8588.net"
        }, 
        {
            "{#DOMAINSSL}": "www.r8168.net"
        }, 
        {
            "{#DOMAINSSL}": "r8168.net"
        }, 
        {
            "{#DOMAINSSL}": "aaa9409.com"
        }, 
        {
            "{#DOMAINSSL}": "aaa9410.com"
        }, 
        {
            "{#DOMAINSSL}": "aaa9411.com"
        }, 
        {
            "{#DOMAINSSL}": "www.aaa9409.com"
        }, 
        {
            "{#DOMAINSSL}": "www.aaa9410.com"
        }, 
        {
            "{#DOMAINSSL}": "www.aaa9411.com"
        }, 
        {
            "{#DOMAINSSL}": "aaa9889.com"
        }, 
        {
            "{#DOMAINSSL}": "www.aaa9889.com"
        }, 
        {
            "{#DOMAINSSL}": "ws.legendli.cn"
        }, 
        {
            "{#DOMAINSSL}": "www.gochat900.com"
        }
    ]
}
DEBUG 2021-10-09 21:09:05,345 - ####################################################################################################
DEBUG 2021-10-09 21:09:05,352 - DOMAIN DISCOVER
INFO 2021-10-09 21:09:05,353 - {
    "data": [
        {
            "{#DOMAINSSL}": "www.aaa9408.com"
        }, 
        {
            "{#DOMAINSSL}": "aaa9888.com"
        }, 
        {
            "{#DOMAINSSL}": "aaa9408.com"
        }, 
        {
            "{#DOMAINSSL}": "statt.maxpartner.cn"
        }, 
        {
            "{#DOMAINSSL}": "r8588.net"
        }, 
        {
            "{#DOMAINSSL}": "www.r8588.net"
        }, 
        {
            "{#DOMAINSSL}": "www.r8168.net"
        }, 
        {
            "{#DOMAINSSL}": "r8168.net"
        }, 
        {
            "{#DOMAINSSL}": "aaa9409.com"
        }, 
        {
            "{#DOMAINSSL}": "aaa9410.com"
        }, 
        {
            "{#DOMAINSSL}": "aaa9411.com"
        }, 
        {
            "{#DOMAINSSL}": "www.aaa9409.com"
        }, 
        {
            "{#DOMAINSSL}": "www.aaa9410.com"
        }, 
        {
            "{#DOMAINSSL}": "www.aaa9411.com"
        }, 
        {
            "{#DOMAINSSL}": "aaa9889.com"
        }, 
        {
            "{#DOMAINSSL}": "www.aaa9889.com"
        }, 
        {
            "{#DOMAINSSL}": "ws.legendli.cn"
        }, 
        {
            "{#DOMAINSSL}": "www.gochat900.com"
        }
    ]
}
DEBUG 2021-10-09 22:09:05,366 - ####################################################################################################
DEBUG 2021-10-09 22:09:05,373 - DOMAIN DISCOVER
INFO 2021-10-09 22:09:05,373 - {
    "data": [
        {
            "{#DOMAINSSL}": "www.aaa9408.com"
        }, 
        {
            "{#DOMAINSSL}": "aaa9888.com"
        }, 
        {
            "{#DOMAINSSL}": "aaa9408.com"
        }, 
        {
            "{#DOMAINSSL}": "statt.maxpartner.cn"
        }, 
        {
            "{#DOMAINSSL}": "r8588.net"
        }, 
        {
            "{#DOMAINSSL}": "www.r8588.net"
        }, 
        {
            "{#DOMAINSSL}": "www.r8168.net"
        }, 
        {
            "{#DOMAINSSL}": "r8168.net"
        }, 
        {
            "{#DOMAINSSL}": "aaa9409.com"
        }, 
        {
            "{#DOMAINSSL}": "aaa9410.com"
        }, 
        {
            "{#DOMAINSSL}": "aaa9411.com"
        }, 
        {
            "{#DOMAINSSL}": "www.aaa9409.com"
        }, 
        {
            "{#DOMAINSSL}": "www.aaa9410.com"
        }, 
        {
            "{#DOMAINSSL}": "www.aaa9411.com"
        }, 
        {
            "{#DOMAINSSL}": "aaa9889.com"
        }, 
        {
            "{#DOMAINSSL}": "www.aaa9889.com"
        }, 
        {
            "{#DOMAINSSL}": "ws.legendli.cn"
        }, 
        {
            "{#DOMAINSSL}": "www.gochat900.com"
        }
    ]
}
DEBUG 2021-10-09 23:09:05,599 - ####################################################################################################
DEBUG 2021-10-09 23:09:05,605 - DOMAIN DISCOVER
INFO 2021-10-09 23:09:05,605 - {
    "data": [
        {
            "{#DOMAINSSL}": "www.aaa9408.com"
        }, 
        {
            "{#DOMAINSSL}": "aaa9888.com"
        }, 
        {
            "{#DOMAINSSL}": "aaa9408.com"
        }, 
        {
            "{#DOMAINSSL}": "statt.maxpartner.cn"
        }, 
        {
            "{#DOMAINSSL}": "r8588.net"
        }, 
        {
            "{#DOMAINSSL}": "www.r8588.net"
        }, 
        {
            "{#DOMAINSSL}": "www.r8168.net"
        }, 
        {
            "{#DOMAINSSL}": "r8168.net"
        }, 
        {
            "{#DOMAINSSL}": "aaa9409.com"
        }, 
        {
            "{#DOMAINSSL}": "aaa9410.com"
        }, 
        {
            "{#DOMAINSSL}": "aaa9411.com"
        }, 
        {
            "{#DOMAINSSL}": "www.aaa9409.com"
        }, 
        {
            "{#DOMAINSSL}": "www.aaa9410.com"
        }, 
        {
            "{#DOMAINSSL}": "www.aaa9411.com"
        }, 
        {
            "{#DOMAINSSL}": "aaa9889.com"
        }, 
        {
            "{#DOMAINSSL}": "www.aaa9889.com"
        }, 
        {
            "{#DOMAINSSL}": "ws.legendli.cn"
        }, 
        {
            "{#DOMAINSSL}": "www.gochat900.com"
        }
    ]
}
