DEBUG 2021-06-19 00:08:46,430 - ####################################################################################################
DEBUG 2021-06-19 00:08:46,437 - DOMAIN DISCOVER
INFO 2021-06-19 00:08:46,437 - {
    "data": [
        {
            "{#DOMAINSSL}": "hujidi.com"
        }, 
        {
            "{#DOMAINSSL}": "www.asiaroutes.com"
        }, 
        {
            "{#DOMAINSSL}": "www.asiaroutes.com"
        }
    ]
}
DEBUG 2021-06-19 01:08:47,504 - ####################################################################################################
DEBUG 2021-06-19 01:08:47,510 - DOMAIN DISCOVER
INFO 2021-06-19 01:08:47,511 - {
    "data": [
        {
            "{#DOMAINSSL}": "hujidi.com"
        }, 
        {
            "{#DOMAINSSL}": "www.asiaroutes.com"
        }, 
        {
            "{#DOMAINSSL}": "www.asiaroutes.com"
        }
    ]
}
DEBUG 2021-06-19 02:08:45,009 - ####################################################################################################
DEBUG 2021-06-19 02:08:45,015 - DOMAIN DISCOVER
INFO 2021-06-19 02:08:45,015 - {
    "data": [
        {
            "{#DOMAINSSL}": "hujidi.com"
        }, 
        {
            "{#DOMAINSSL}": "www.asiaroutes.com"
        }, 
        {
            "{#DOMAINSSL}": "www.asiaroutes.com"
        }
    ]
}
DEBUG 2021-06-19 03:08:47,916 - ####################################################################################################
DEBUG 2021-06-19 03:08:47,922 - DOMAIN DISCOVER
INFO 2021-06-19 03:08:47,922 - {
    "data": [
        {
            "{#DOMAINSSL}": "hujidi.com"
        }, 
        {
            "{#DOMAINSSL}": "www.asiaroutes.com"
        }, 
        {
            "{#DOMAINSSL}": "www.asiaroutes.com"
        }
    ]
}
DEBUG 2021-06-19 04:08:49,373 - ####################################################################################################
DEBUG 2021-06-19 04:08:49,379 - DOMAIN DISCOVER
INFO 2021-06-19 04:08:49,379 - {
    "data": [
        {
            "{#DOMAINSSL}": "hujidi.com"
        }, 
        {
            "{#DOMAINSSL}": "www.asiaroutes.com"
        }, 
        {
            "{#DOMAINSSL}": "www.asiaroutes.com"
        }
    ]
}
DEBUG 2021-06-19 05:08:50,229 - ####################################################################################################
DEBUG 2021-06-19 05:08:50,235 - DOMAIN DISCOVER
INFO 2021-06-19 05:08:50,235 - {
    "data": [
        {
            "{#DOMAINSSL}": "xdlvip9.com"
        }, 
        {
            "{#DOMAINSSL}": "b2316.com"
        }, 
        {
            "{#DOMAINSSL}": "Byl.best"
        }, 
        {
            "{#DOMAINSSL}": "eu9898.com"
        }, 
        {
            "{#DOMAINSSL}": "hujidi.com"
        }, 
        {
            "{#DOMAINSSL}": "www.asiaroutes.com"
        }, 
        {
            "{#DOMAINSSL}": "byl.best"
        }, 
        {
            "{#DOMAINSSL}": "www.asiaroutes.com"
        }
    ]
}
DEBUG 2021-06-19 06:08:46,396 - ####################################################################################################
DEBUG 2021-06-19 06:08:46,402 - DOMAIN DISCOVER
INFO 2021-06-19 06:08:46,402 - {
    "data": [
        {
            "{#DOMAINSSL}": "jsh132.com"
        }, 
        {
            "{#DOMAINSSL}": "aa109.com"
        }, 
        {
            "{#DOMAINSSL}": "eu8006.com"
        }, 
        {
            "{#DOMAINSSL}": "hujidi.com"
        }, 
        {
            "{#DOMAINSSL}": "www.asiaroutes.com"
        }, 
        {
            "{#DOMAINSSL}": "eu558.com"
        }, 
        {
            "{#DOMAINSSL}": "www.asiaroutes.com"
        }, 
        {
            "{#DOMAINSSL}": "www.jsh711.com"
        }
    ]
}
DEBUG 2021-06-19 07:08:46,287 - ####################################################################################################
DEBUG 2021-06-19 07:08:46,293 - DOMAIN DISCOVER
INFO 2021-06-19 07:08:46,293 - {
    "data": [
        {
            "{#DOMAINSSL}": "hujidi.com"
        }, 
        {
            "{#DOMAINSSL}": "www.asiaroutes.com"
        }, 
        {
            "{#DOMAINSSL}": "www.asiaroutes.com"
        }
    ]
}
DEBUG 2021-06-19 08:08:48,867 - ####################################################################################################
DEBUG 2021-06-19 08:08:48,873 - DOMAIN DISCOVER
INFO 2021-06-19 08:08:48,873 - {
    "data": [
        {
            "{#DOMAINSSL}": "hujidi.com"
        }, 
        {
            "{#DOMAINSSL}": "www.asiaroutes.com"
        }, 
        {
            "{#DOMAINSSL}": "www.asiaroutes.com"
        }
    ]
}
DEBUG 2021-06-19 09:08:48,778 - ####################################################################################################
DEBUG 2021-06-19 09:08:48,784 - DOMAIN DISCOVER
INFO 2021-06-19 09:08:48,784 - {
    "data": [
        {
            "{#DOMAINSSL}": "hujidi.com"
        }, 
        {
            "{#DOMAINSSL}": "www.asiaroutes.com"
        }, 
        {
            "{#DOMAINSSL}": "www.asiaroutes.com"
        }
    ]
}
DEBUG 2021-06-19 10:08:43,554 - ####################################################################################################
DEBUG 2021-06-19 10:08:43,560 - DOMAIN DISCOVER
INFO 2021-06-19 10:08:43,561 - {
    "data": [
        {
            "{#DOMAINSSL}": "hujidi.com"
        }, 
        {
            "{#DOMAINSSL}": "www.asiaroutes.com"
        }, 
        {
            "{#DOMAINSSL}": "www.asiaroutes.com"
        }
    ]
}
DEBUG 2021-06-19 11:08:45,917 - ####################################################################################################
DEBUG 2021-06-19 11:08:45,923 - DOMAIN DISCOVER
INFO 2021-06-19 11:08:45,923 - {
    "data": [
        {
            "{#DOMAINSSL}": "hujidi.com"
        }, 
        {
            "{#DOMAINSSL}": "www.asiaroutes.com"
        }, 
        {
            "{#DOMAINSSL}": "www.asiaroutes.com"
        }
    ]
}
DEBUG 2021-06-19 12:08:49,612 - ####################################################################################################
DEBUG 2021-06-19 12:08:49,617 - DOMAIN DISCOVER
INFO 2021-06-19 12:08:49,617 - {
    "data": [
        {
            "{#DOMAINSSL}": "hujidi.com"
        }, 
        {
            "{#DOMAINSSL}": "www.asiaroutes.com"
        }, 
        {
            "{#DOMAINSSL}": "www.asiaroutes.com"
        }
    ]
}
DEBUG 2021-06-19 13:08:49,573 - ####################################################################################################
DEBUG 2021-06-19 13:08:49,579 - DOMAIN DISCOVER
INFO 2021-06-19 13:08:49,579 - {
    "data": [
        {
            "{#DOMAINSSL}": "hujidi.com"
        }, 
        {
            "{#DOMAINSSL}": "www.asiaroutes.com"
        }, 
        {
            "{#DOMAINSSL}": "www.asiaroutes.com"
        }
    ]
}
DEBUG 2021-06-19 14:08:47,624 - ####################################################################################################
DEBUG 2021-06-19 14:08:47,630 - DOMAIN DISCOVER
INFO 2021-06-19 14:08:47,630 - {
    "data": [
        {
            "{#DOMAINSSL}": "hujidi.com"
        }, 
        {
            "{#DOMAINSSL}": "www.asiaroutes.com"
        }, 
        {
            "{#DOMAINSSL}": "www.asiaroutes.com"
        }
    ]
}
DEBUG 2021-06-19 15:08:45,328 - ####################################################################################################
DEBUG 2021-06-19 15:08:45,334 - DOMAIN DISCOVER
INFO 2021-06-19 15:08:45,334 - {
    "data": [
        {
            "{#DOMAINSSL}": "hujidi.com"
        }, 
        {
            "{#DOMAINSSL}": "www.asiaroutes.com"
        }, 
        {
            "{#DOMAINSSL}": "www.asiaroutes.com"
        }
    ]
}
DEBUG 2021-06-19 16:08:50,273 - ####################################################################################################
DEBUG 2021-06-19 16:08:50,279 - DOMAIN DISCOVER
INFO 2021-06-19 16:08:50,279 - {
    "data": [
        {
            "{#DOMAINSSL}": "hujidi.com"
        }, 
        {
            "{#DOMAINSSL}": "www.asiaroutes.com"
        }, 
        {
            "{#DOMAINSSL}": "www.asiaroutes.com"
        }
    ]
}
DEBUG 2021-06-19 17:08:49,614 - ####################################################################################################
DEBUG 2021-06-19 17:08:49,620 - DOMAIN DISCOVER
INFO 2021-06-19 17:08:49,620 - {
    "data": [
        {
            "{#DOMAINSSL}": "hujidi.com"
        }, 
        {
            "{#DOMAINSSL}": "www.asiaroutes.com"
        }, 
        {
            "{#DOMAINSSL}": "www.asiaroutes.com"
        }
    ]
}
DEBUG 2021-06-19 18:08:46,354 - ####################################################################################################
DEBUG 2021-06-19 18:08:46,360 - DOMAIN DISCOVER
INFO 2021-06-19 18:08:46,360 - {
    "data": [
        {
            "{#DOMAINSSL}": "hujidi.com"
        }, 
        {
            "{#DOMAINSSL}": "www.asiaroutes.com"
        }, 
        {
            "{#DOMAINSSL}": "www.asiaroutes.com"
        }
    ]
}
DEBUG 2021-06-19 19:08:49,131 - ####################################################################################################
DEBUG 2021-06-19 19:08:49,137 - DOMAIN DISCOVER
INFO 2021-06-19 19:08:49,138 - {
    "data": [
        {
            "{#DOMAINSSL}": "hujidi.com"
        }, 
        {
            "{#DOMAINSSL}": "www.asiaroutes.com"
        }, 
        {
            "{#DOMAINSSL}": "www.asiaroutes.com"
        }
    ]
}
DEBUG 2021-06-19 20:08:48,468 - ####################################################################################################
DEBUG 2021-06-19 20:08:48,474 - DOMAIN DISCOVER
INFO 2021-06-19 20:08:48,474 - {
    "data": [
        {
            "{#DOMAINSSL}": "hujidi.com"
        }, 
        {
            "{#DOMAINSSL}": "www.asiaroutes.com"
        }, 
        {
            "{#DOMAINSSL}": "www.asiaroutes.com"
        }
    ]
}
DEBUG 2021-06-19 21:08:49,608 - ####################################################################################################
DEBUG 2021-06-19 21:08:49,614 - DOMAIN DISCOVER
INFO 2021-06-19 21:08:49,614 - {
    "data": [
        {
            "{#DOMAINSSL}": "hujidi.com"
        }, 
        {
            "{#DOMAINSSL}": "www.asiaroutes.com"
        }, 
        {
            "{#DOMAINSSL}": "www.asiaroutes.com"
        }
    ]
}
DEBUG 2021-06-19 22:08:50,441 - ####################################################################################################
DEBUG 2021-06-19 22:08:50,448 - DOMAIN DISCOVER
INFO 2021-06-19 22:08:50,448 - {
    "data": [
        {
            "{#DOMAINSSL}": "hujidi.com"
        }, 
        {
            "{#DOMAINSSL}": "www.asiaroutes.com"
        }, 
        {
            "{#DOMAINSSL}": "www.asiaroutes.com"
        }
    ]
}
DEBUG 2021-06-19 23:08:48,253 - ####################################################################################################
DEBUG 2021-06-19 23:08:48,260 - DOMAIN DISCOVER
INFO 2021-06-19 23:08:48,260 - {
    "data": [
        {
            "{#DOMAINSSL}": "hujidi.com"
        }, 
        {
            "{#DOMAINSSL}": "www.asiaroutes.com"
        }, 
        {
            "{#DOMAINSSL}": "www.asiaroutes.com"
        }
    ]
}
