DEBUG 2021-10-08 00:09:02,159 - ####################################################################################################
DEBUG 2021-10-08 00:09:02,164 - DOMAIN DISCOVER
INFO 2021-10-08 00:09:02,164 - {
    "data": [
        {
            "{#DOMAINSSL}": "www.aaa9408.com"
        }, 
        {
            "{#DOMAINSSL}": "aaa9888.com"
        }, 
        {
            "{#DOMAINSSL}": "aaa9408.com"
        }, 
        {
            "{#DOMAINSSL}": "statt.maxpartner.cn"
        }, 
        {
            "{#DOMAINSSL}": "r8588.net"
        }, 
        {
            "{#DOMAINSSL}": "www.r8588.net"
        }, 
        {
            "{#DOMAINSSL}": "www.r8168.net"
        }, 
        {
            "{#DOMAINSSL}": "r8168.net"
        }, 
        {
            "{#DOMAINSSL}": "aaa9409.com"
        }, 
        {
            "{#DOMAINSSL}": "aaa9410.com"
        }, 
        {
            "{#DOMAINSSL}": "aaa9411.com"
        }, 
        {
            "{#DOMAINSSL}": "www.aaa9409.com"
        }, 
        {
            "{#DOMAINSSL}": "www.aaa9410.com"
        }, 
        {
            "{#DOMAINSSL}": "www.aaa9411.com"
        }, 
        {
            "{#DOMAINSSL}": "aaa9889.com"
        }, 
        {
            "{#DOMAINSSL}": "www.aaa9889.com"
        }, 
        {
            "{#DOMAINSSL}": "ws.legendli.cn"
        }, 
        {
            "{#DOMAINSSL}": "www.gochat900.com"
        }
    ]
}
DEBUG 2021-10-08 01:09:06,686 - ####################################################################################################
DEBUG 2021-10-08 01:09:06,692 - DOMAIN DISCOVER
INFO 2021-10-08 01:09:06,693 - {
    "data": [
        {
            "{#DOMAINSSL}": "www.aaa9408.com"
        }, 
        {
            "{#DOMAINSSL}": "aaa9888.com"
        }, 
        {
            "{#DOMAINSSL}": "aaa9408.com"
        }, 
        {
            "{#DOMAINSSL}": "statt.maxpartner.cn"
        }, 
        {
            "{#DOMAINSSL}": "r8588.net"
        }, 
        {
            "{#DOMAINSSL}": "www.r8588.net"
        }, 
        {
            "{#DOMAINSSL}": "www.r8168.net"
        }, 
        {
            "{#DOMAINSSL}": "r8168.net"
        }, 
        {
            "{#DOMAINSSL}": "aaa9409.com"
        }, 
        {
            "{#DOMAINSSL}": "aaa9410.com"
        }, 
        {
            "{#DOMAINSSL}": "aaa9411.com"
        }, 
        {
            "{#DOMAINSSL}": "www.aaa9409.com"
        }, 
        {
            "{#DOMAINSSL}": "www.aaa9410.com"
        }, 
        {
            "{#DOMAINSSL}": "www.aaa9411.com"
        }, 
        {
            "{#DOMAINSSL}": "aaa9889.com"
        }, 
        {
            "{#DOMAINSSL}": "www.aaa9889.com"
        }, 
        {
            "{#DOMAINSSL}": "ws.legendli.cn"
        }, 
        {
            "{#DOMAINSSL}": "www.gochat900.com"
        }
    ]
}
DEBUG 2021-10-08 02:09:02,586 - ####################################################################################################
DEBUG 2021-10-08 02:09:02,592 - DOMAIN DISCOVER
INFO 2021-10-08 02:09:02,592 - {
    "data": [
        {
            "{#DOMAINSSL}": "www.aaa9408.com"
        }, 
        {
            "{#DOMAINSSL}": "aaa9888.com"
        }, 
        {
            "{#DOMAINSSL}": "aaa9408.com"
        }, 
        {
            "{#DOMAINSSL}": "statt.maxpartner.cn"
        }, 
        {
            "{#DOMAINSSL}": "r8588.net"
        }, 
        {
            "{#DOMAINSSL}": "www.r8588.net"
        }, 
        {
            "{#DOMAINSSL}": "www.r8168.net"
        }, 
        {
            "{#DOMAINSSL}": "r8168.net"
        }, 
        {
            "{#DOMAINSSL}": "aaa9409.com"
        }, 
        {
            "{#DOMAINSSL}": "aaa9410.com"
        }, 
        {
            "{#DOMAINSSL}": "aaa9411.com"
        }, 
        {
            "{#DOMAINSSL}": "www.aaa9409.com"
        }, 
        {
            "{#DOMAINSSL}": "www.aaa9410.com"
        }, 
        {
            "{#DOMAINSSL}": "www.aaa9411.com"
        }, 
        {
            "{#DOMAINSSL}": "aaa9889.com"
        }, 
        {
            "{#DOMAINSSL}": "www.aaa9889.com"
        }, 
        {
            "{#DOMAINSSL}": "ws.legendli.cn"
        }, 
        {
            "{#DOMAINSSL}": "www.gochat900.com"
        }
    ]
}
DEBUG 2021-10-08 03:09:07,142 - ####################################################################################################
DEBUG 2021-10-08 03:09:07,148 - DOMAIN DISCOVER
INFO 2021-10-08 03:09:07,148 - {
    "data": [
        {
            "{#DOMAINSSL}": "www.aaa9408.com"
        }, 
        {
            "{#DOMAINSSL}": "aaa9888.com"
        }, 
        {
            "{#DOMAINSSL}": "aaa9408.com"
        }, 
        {
            "{#DOMAINSSL}": "statt.maxpartner.cn"
        }, 
        {
            "{#DOMAINSSL}": "r8588.net"
        }, 
        {
            "{#DOMAINSSL}": "www.r8588.net"
        }, 
        {
            "{#DOMAINSSL}": "www.r8168.net"
        }, 
        {
            "{#DOMAINSSL}": "r8168.net"
        }, 
        {
            "{#DOMAINSSL}": "aaa9409.com"
        }, 
        {
            "{#DOMAINSSL}": "aaa9410.com"
        }, 
        {
            "{#DOMAINSSL}": "aaa9411.com"
        }, 
        {
            "{#DOMAINSSL}": "www.aaa9409.com"
        }, 
        {
            "{#DOMAINSSL}": "www.aaa9410.com"
        }, 
        {
            "{#DOMAINSSL}": "www.aaa9411.com"
        }, 
        {
            "{#DOMAINSSL}": "aaa9889.com"
        }, 
        {
            "{#DOMAINSSL}": "www.aaa9889.com"
        }, 
        {
            "{#DOMAINSSL}": "ws.legendli.cn"
        }, 
        {
            "{#DOMAINSSL}": "www.gochat900.com"
        }
    ]
}
DEBUG 2021-10-08 04:09:05,891 - ####################################################################################################
DEBUG 2021-10-08 04:09:05,897 - DOMAIN DISCOVER
INFO 2021-10-08 04:09:05,898 - {
    "data": [
        {
            "{#DOMAINSSL}": "www.aaa9408.com"
        }, 
        {
            "{#DOMAINSSL}": "aaa9888.com"
        }, 
        {
            "{#DOMAINSSL}": "aaa9408.com"
        }, 
        {
            "{#DOMAINSSL}": "statt.maxpartner.cn"
        }, 
        {
            "{#DOMAINSSL}": "r8588.net"
        }, 
        {
            "{#DOMAINSSL}": "www.r8588.net"
        }, 
        {
            "{#DOMAINSSL}": "www.r8168.net"
        }, 
        {
            "{#DOMAINSSL}": "r8168.net"
        }, 
        {
            "{#DOMAINSSL}": "aaa9409.com"
        }, 
        {
            "{#DOMAINSSL}": "aaa9410.com"
        }, 
        {
            "{#DOMAINSSL}": "aaa9411.com"
        }, 
        {
            "{#DOMAINSSL}": "www.aaa9409.com"
        }, 
        {
            "{#DOMAINSSL}": "www.aaa9410.com"
        }, 
        {
            "{#DOMAINSSL}": "www.aaa9411.com"
        }, 
        {
            "{#DOMAINSSL}": "aaa9889.com"
        }, 
        {
            "{#DOMAINSSL}": "www.aaa9889.com"
        }, 
        {
            "{#DOMAINSSL}": "ws.legendli.cn"
        }, 
        {
            "{#DOMAINSSL}": "www.gochat900.com"
        }
    ]
}
DEBUG 2021-10-08 05:09:03,558 - ####################################################################################################
DEBUG 2021-10-08 05:09:03,565 - DOMAIN DISCOVER
INFO 2021-10-08 05:09:03,565 - {
    "data": [
        {
            "{#DOMAINSSL}": "www.aaa9408.com"
        }, 
        {
            "{#DOMAINSSL}": "aaa9888.com"
        }, 
        {
            "{#DOMAINSSL}": "aaa9408.com"
        }, 
        {
            "{#DOMAINSSL}": "statt.maxpartner.cn"
        }, 
        {
            "{#DOMAINSSL}": "r8588.net"
        }, 
        {
            "{#DOMAINSSL}": "www.r8588.net"
        }, 
        {
            "{#DOMAINSSL}": "www.r8168.net"
        }, 
        {
            "{#DOMAINSSL}": "r8168.net"
        }, 
        {
            "{#DOMAINSSL}": "aaa9409.com"
        }, 
        {
            "{#DOMAINSSL}": "aaa9410.com"
        }, 
        {
            "{#DOMAINSSL}": "aaa9411.com"
        }, 
        {
            "{#DOMAINSSL}": "www.aaa9409.com"
        }, 
        {
            "{#DOMAINSSL}": "www.aaa9410.com"
        }, 
        {
            "{#DOMAINSSL}": "www.aaa9411.com"
        }, 
        {
            "{#DOMAINSSL}": "aaa9889.com"
        }, 
        {
            "{#DOMAINSSL}": "www.aaa9889.com"
        }, 
        {
            "{#DOMAINSSL}": "ws.legendli.cn"
        }, 
        {
            "{#DOMAINSSL}": "www.gochat900.com"
        }
    ]
}
DEBUG 2021-10-08 06:09:06,162 - ####################################################################################################
DEBUG 2021-10-08 06:09:06,168 - DOMAIN DISCOVER
INFO 2021-10-08 06:09:06,168 - {
    "data": [
        {
            "{#DOMAINSSL}": "www.aaa9408.com"
        }, 
        {
            "{#DOMAINSSL}": "aaa9888.com"
        }, 
        {
            "{#DOMAINSSL}": "aaa9408.com"
        }, 
        {
            "{#DOMAINSSL}": "statt.maxpartner.cn"
        }, 
        {
            "{#DOMAINSSL}": "r8588.net"
        }, 
        {
            "{#DOMAINSSL}": "www.r8588.net"
        }, 
        {
            "{#DOMAINSSL}": "www.r8168.net"
        }, 
        {
            "{#DOMAINSSL}": "r8168.net"
        }, 
        {
            "{#DOMAINSSL}": "aaa9409.com"
        }, 
        {
            "{#DOMAINSSL}": "aaa9410.com"
        }, 
        {
            "{#DOMAINSSL}": "aaa9411.com"
        }, 
        {
            "{#DOMAINSSL}": "www.aaa9409.com"
        }, 
        {
            "{#DOMAINSSL}": "www.aaa9410.com"
        }, 
        {
            "{#DOMAINSSL}": "www.aaa9411.com"
        }, 
        {
            "{#DOMAINSSL}": "aaa9889.com"
        }, 
        {
            "{#DOMAINSSL}": "www.aaa9889.com"
        }, 
        {
            "{#DOMAINSSL}": "ws.legendli.cn"
        }, 
        {
            "{#DOMAINSSL}": "www.gochat900.com"
        }
    ]
}
DEBUG 2021-10-08 07:09:05,817 - ####################################################################################################
DEBUG 2021-10-08 07:09:05,823 - DOMAIN DISCOVER
INFO 2021-10-08 07:09:05,823 - {
    "data": [
        {
            "{#DOMAINSSL}": "www.aaa9408.com"
        }, 
        {
            "{#DOMAINSSL}": "aaa9888.com"
        }, 
        {
            "{#DOMAINSSL}": "aaa9408.com"
        }, 
        {
            "{#DOMAINSSL}": "statt.maxpartner.cn"
        }, 
        {
            "{#DOMAINSSL}": "r8588.net"
        }, 
        {
            "{#DOMAINSSL}": "www.r8588.net"
        }, 
        {
            "{#DOMAINSSL}": "www.r8168.net"
        }, 
        {
            "{#DOMAINSSL}": "r8168.net"
        }, 
        {
            "{#DOMAINSSL}": "aaa9409.com"
        }, 
        {
            "{#DOMAINSSL}": "aaa9410.com"
        }, 
        {
            "{#DOMAINSSL}": "aaa9411.com"
        }, 
        {
            "{#DOMAINSSL}": "www.aaa9409.com"
        }, 
        {
            "{#DOMAINSSL}": "www.aaa9410.com"
        }, 
        {
            "{#DOMAINSSL}": "www.aaa9411.com"
        }, 
        {
            "{#DOMAINSSL}": "aaa9889.com"
        }, 
        {
            "{#DOMAINSSL}": "www.aaa9889.com"
        }, 
        {
            "{#DOMAINSSL}": "ws.legendli.cn"
        }, 
        {
            "{#DOMAINSSL}": "www.gochat900.com"
        }
    ]
}
DEBUG 2021-10-08 08:09:04,662 - ####################################################################################################
DEBUG 2021-10-08 08:09:04,669 - DOMAIN DISCOVER
INFO 2021-10-08 08:09:04,669 - {
    "data": [
        {
            "{#DOMAINSSL}": "www.aaa9408.com"
        }, 
        {
            "{#DOMAINSSL}": "aaa9888.com"
        }, 
        {
            "{#DOMAINSSL}": "aaa9408.com"
        }, 
        {
            "{#DOMAINSSL}": "statt.maxpartner.cn"
        }, 
        {
            "{#DOMAINSSL}": "r8588.net"
        }, 
        {
            "{#DOMAINSSL}": "www.r8588.net"
        }, 
        {
            "{#DOMAINSSL}": "www.r8168.net"
        }, 
        {
            "{#DOMAINSSL}": "r8168.net"
        }, 
        {
            "{#DOMAINSSL}": "aaa9409.com"
        }, 
        {
            "{#DOMAINSSL}": "aaa9410.com"
        }, 
        {
            "{#DOMAINSSL}": "aaa9411.com"
        }, 
        {
            "{#DOMAINSSL}": "www.aaa9409.com"
        }, 
        {
            "{#DOMAINSSL}": "www.aaa9410.com"
        }, 
        {
            "{#DOMAINSSL}": "www.aaa9411.com"
        }, 
        {
            "{#DOMAINSSL}": "aaa9889.com"
        }, 
        {
            "{#DOMAINSSL}": "www.aaa9889.com"
        }, 
        {
            "{#DOMAINSSL}": "ws.legendli.cn"
        }, 
        {
            "{#DOMAINSSL}": "www.gochat900.com"
        }
    ]
}
DEBUG 2021-10-08 09:09:07,866 - ####################################################################################################
DEBUG 2021-10-08 09:09:07,871 - DOMAIN DISCOVER
INFO 2021-10-08 09:09:07,872 - {
    "data": [
        {
            "{#DOMAINSSL}": "www.aaa9408.com"
        }, 
        {
            "{#DOMAINSSL}": "aaa9888.com"
        }, 
        {
            "{#DOMAINSSL}": "aaa9408.com"
        }, 
        {
            "{#DOMAINSSL}": "statt.maxpartner.cn"
        }, 
        {
            "{#DOMAINSSL}": "r8588.net"
        }, 
        {
            "{#DOMAINSSL}": "www.r8588.net"
        }, 
        {
            "{#DOMAINSSL}": "www.r8168.net"
        }, 
        {
            "{#DOMAINSSL}": "r8168.net"
        }, 
        {
            "{#DOMAINSSL}": "aaa9409.com"
        }, 
        {
            "{#DOMAINSSL}": "aaa9410.com"
        }, 
        {
            "{#DOMAINSSL}": "aaa9411.com"
        }, 
        {
            "{#DOMAINSSL}": "www.aaa9409.com"
        }, 
        {
            "{#DOMAINSSL}": "www.aaa9410.com"
        }, 
        {
            "{#DOMAINSSL}": "www.aaa9411.com"
        }, 
        {
            "{#DOMAINSSL}": "aaa9889.com"
        }, 
        {
            "{#DOMAINSSL}": "www.aaa9889.com"
        }, 
        {
            "{#DOMAINSSL}": "ws.legendli.cn"
        }, 
        {
            "{#DOMAINSSL}": "www.gochat900.com"
        }
    ]
}
DEBUG 2021-10-08 10:09:07,071 - ####################################################################################################
DEBUG 2021-10-08 10:09:07,077 - DOMAIN DISCOVER
INFO 2021-10-08 10:09:07,077 - {
    "data": [
        {
            "{#DOMAINSSL}": "www.aaa9408.com"
        }, 
        {
            "{#DOMAINSSL}": "aaa9888.com"
        }, 
        {
            "{#DOMAINSSL}": "aaa9408.com"
        }, 
        {
            "{#DOMAINSSL}": "statt.maxpartner.cn"
        }, 
        {
            "{#DOMAINSSL}": "r8588.net"
        }, 
        {
            "{#DOMAINSSL}": "www.r8588.net"
        }, 
        {
            "{#DOMAINSSL}": "www.r8168.net"
        }, 
        {
            "{#DOMAINSSL}": "r8168.net"
        }, 
        {
            "{#DOMAINSSL}": "aaa9409.com"
        }, 
        {
            "{#DOMAINSSL}": "aaa9410.com"
        }, 
        {
            "{#DOMAINSSL}": "aaa9411.com"
        }, 
        {
            "{#DOMAINSSL}": "www.aaa9409.com"
        }, 
        {
            "{#DOMAINSSL}": "www.aaa9410.com"
        }, 
        {
            "{#DOMAINSSL}": "www.aaa9411.com"
        }, 
        {
            "{#DOMAINSSL}": "aaa9889.com"
        }, 
        {
            "{#DOMAINSSL}": "www.aaa9889.com"
        }, 
        {
            "{#DOMAINSSL}": "ws.legendli.cn"
        }, 
        {
            "{#DOMAINSSL}": "www.gochat900.com"
        }
    ]
}
DEBUG 2021-10-08 11:09:07,297 - ####################################################################################################
DEBUG 2021-10-08 11:09:07,303 - DOMAIN DISCOVER
INFO 2021-10-08 11:09:07,303 - {
    "data": [
        {
            "{#DOMAINSSL}": "www.aaa9408.com"
        }, 
        {
            "{#DOMAINSSL}": "aaa9888.com"
        }, 
        {
            "{#DOMAINSSL}": "aaa9408.com"
        }, 
        {
            "{#DOMAINSSL}": "statt.maxpartner.cn"
        }, 
        {
            "{#DOMAINSSL}": "r8588.net"
        }, 
        {
            "{#DOMAINSSL}": "www.r8588.net"
        }, 
        {
            "{#DOMAINSSL}": "www.r8168.net"
        }, 
        {
            "{#DOMAINSSL}": "r8168.net"
        }, 
        {
            "{#DOMAINSSL}": "aaa9409.com"
        }, 
        {
            "{#DOMAINSSL}": "aaa9410.com"
        }, 
        {
            "{#DOMAINSSL}": "aaa9411.com"
        }, 
        {
            "{#DOMAINSSL}": "www.aaa9409.com"
        }, 
        {
            "{#DOMAINSSL}": "www.aaa9410.com"
        }, 
        {
            "{#DOMAINSSL}": "www.aaa9411.com"
        }, 
        {
            "{#DOMAINSSL}": "aaa9889.com"
        }, 
        {
            "{#DOMAINSSL}": "www.aaa9889.com"
        }, 
        {
            "{#DOMAINSSL}": "ws.legendli.cn"
        }, 
        {
            "{#DOMAINSSL}": "www.gochat900.com"
        }
    ]
}
DEBUG 2021-10-08 12:09:07,372 - ####################################################################################################
DEBUG 2021-10-08 12:09:07,378 - DOMAIN DISCOVER
INFO 2021-10-08 12:09:07,378 - {
    "data": [
        {
            "{#DOMAINSSL}": "www.aaa9408.com"
        }, 
        {
            "{#DOMAINSSL}": "aaa9888.com"
        }, 
        {
            "{#DOMAINSSL}": "aaa9408.com"
        }, 
        {
            "{#DOMAINSSL}": "statt.maxpartner.cn"
        }, 
        {
            "{#DOMAINSSL}": "r8588.net"
        }, 
        {
            "{#DOMAINSSL}": "www.r8588.net"
        }, 
        {
            "{#DOMAINSSL}": "www.r8168.net"
        }, 
        {
            "{#DOMAINSSL}": "r8168.net"
        }, 
        {
            "{#DOMAINSSL}": "aaa9409.com"
        }, 
        {
            "{#DOMAINSSL}": "aaa9410.com"
        }, 
        {
            "{#DOMAINSSL}": "aaa9411.com"
        }, 
        {
            "{#DOMAINSSL}": "www.aaa9409.com"
        }, 
        {
            "{#DOMAINSSL}": "www.aaa9410.com"
        }, 
        {
            "{#DOMAINSSL}": "www.aaa9411.com"
        }, 
        {
            "{#DOMAINSSL}": "aaa9889.com"
        }, 
        {
            "{#DOMAINSSL}": "www.aaa9889.com"
        }, 
        {
            "{#DOMAINSSL}": "ws.legendli.cn"
        }, 
        {
            "{#DOMAINSSL}": "www.gochat900.com"
        }
    ]
}
DEBUG 2021-10-08 13:09:05,251 - ####################################################################################################
DEBUG 2021-10-08 13:09:05,257 - DOMAIN DISCOVER
INFO 2021-10-08 13:09:05,257 - {
    "data": [
        {
            "{#DOMAINSSL}": "www.aaa9408.com"
        }, 
        {
            "{#DOMAINSSL}": "aaa9888.com"
        }, 
        {
            "{#DOMAINSSL}": "aaa9408.com"
        }, 
        {
            "{#DOMAINSSL}": "statt.maxpartner.cn"
        }, 
        {
            "{#DOMAINSSL}": "r8588.net"
        }, 
        {
            "{#DOMAINSSL}": "www.r8588.net"
        }, 
        {
            "{#DOMAINSSL}": "www.r8168.net"
        }, 
        {
            "{#DOMAINSSL}": "r8168.net"
        }, 
        {
            "{#DOMAINSSL}": "aaa9409.com"
        }, 
        {
            "{#DOMAINSSL}": "aaa9410.com"
        }, 
        {
            "{#DOMAINSSL}": "aaa9411.com"
        }, 
        {
            "{#DOMAINSSL}": "www.aaa9409.com"
        }, 
        {
            "{#DOMAINSSL}": "www.aaa9410.com"
        }, 
        {
            "{#DOMAINSSL}": "www.aaa9411.com"
        }, 
        {
            "{#DOMAINSSL}": "aaa9889.com"
        }, 
        {
            "{#DOMAINSSL}": "www.aaa9889.com"
        }, 
        {
            "{#DOMAINSSL}": "ws.legendli.cn"
        }, 
        {
            "{#DOMAINSSL}": "www.gochat900.com"
        }
    ]
}
DEBUG 2021-10-08 14:09:05,354 - ####################################################################################################
DEBUG 2021-10-08 14:09:05,360 - DOMAIN DISCOVER
INFO 2021-10-08 14:09:05,360 - {
    "data": [
        {
            "{#DOMAINSSL}": "www.aaa9408.com"
        }, 
        {
            "{#DOMAINSSL}": "aaa9888.com"
        }, 
        {
            "{#DOMAINSSL}": "aaa9408.com"
        }, 
        {
            "{#DOMAINSSL}": "statt.maxpartner.cn"
        }, 
        {
            "{#DOMAINSSL}": "r8588.net"
        }, 
        {
            "{#DOMAINSSL}": "www.r8588.net"
        }, 
        {
            "{#DOMAINSSL}": "www.r8168.net"
        }, 
        {
            "{#DOMAINSSL}": "r8168.net"
        }, 
        {
            "{#DOMAINSSL}": "aaa9409.com"
        }, 
        {
            "{#DOMAINSSL}": "aaa9410.com"
        }, 
        {
            "{#DOMAINSSL}": "aaa9411.com"
        }, 
        {
            "{#DOMAINSSL}": "www.aaa9409.com"
        }, 
        {
            "{#DOMAINSSL}": "www.aaa9410.com"
        }, 
        {
            "{#DOMAINSSL}": "www.aaa9411.com"
        }, 
        {
            "{#DOMAINSSL}": "aaa9889.com"
        }, 
        {
            "{#DOMAINSSL}": "www.aaa9889.com"
        }, 
        {
            "{#DOMAINSSL}": "ws.legendli.cn"
        }, 
        {
            "{#DOMAINSSL}": "www.gochat900.com"
        }
    ]
}
DEBUG 2021-10-08 15:09:03,861 - ####################################################################################################
DEBUG 2021-10-08 15:09:03,867 - DOMAIN DISCOVER
INFO 2021-10-08 15:09:03,867 - {
    "data": [
        {
            "{#DOMAINSSL}": "www.aaa9408.com"
        }, 
        {
            "{#DOMAINSSL}": "aaa9888.com"
        }, 
        {
            "{#DOMAINSSL}": "aaa9408.com"
        }, 
        {
            "{#DOMAINSSL}": "statt.maxpartner.cn"
        }, 
        {
            "{#DOMAINSSL}": "r8588.net"
        }, 
        {
            "{#DOMAINSSL}": "www.r8588.net"
        }, 
        {
            "{#DOMAINSSL}": "www.r8168.net"
        }, 
        {
            "{#DOMAINSSL}": "r8168.net"
        }, 
        {
            "{#DOMAINSSL}": "aaa9409.com"
        }, 
        {
            "{#DOMAINSSL}": "aaa9410.com"
        }, 
        {
            "{#DOMAINSSL}": "aaa9411.com"
        }, 
        {
            "{#DOMAINSSL}": "www.aaa9409.com"
        }, 
        {
            "{#DOMAINSSL}": "www.aaa9410.com"
        }, 
        {
            "{#DOMAINSSL}": "www.aaa9411.com"
        }, 
        {
            "{#DOMAINSSL}": "aaa9889.com"
        }, 
        {
            "{#DOMAINSSL}": "www.aaa9889.com"
        }, 
        {
            "{#DOMAINSSL}": "ws.legendli.cn"
        }, 
        {
            "{#DOMAINSSL}": "www.gochat900.com"
        }
    ]
}
DEBUG 2021-10-08 16:09:07,477 - ####################################################################################################
DEBUG 2021-10-08 16:09:07,483 - DOMAIN DISCOVER
INFO 2021-10-08 16:09:07,483 - {
    "data": [
        {
            "{#DOMAINSSL}": "www.aaa9408.com"
        }, 
        {
            "{#DOMAINSSL}": "aaa9888.com"
        }, 
        {
            "{#DOMAINSSL}": "aaa9408.com"
        }, 
        {
            "{#DOMAINSSL}": "statt.maxpartner.cn"
        }, 
        {
            "{#DOMAINSSL}": "r8588.net"
        }, 
        {
            "{#DOMAINSSL}": "www.r8588.net"
        }, 
        {
            "{#DOMAINSSL}": "www.r8168.net"
        }, 
        {
            "{#DOMAINSSL}": "r8168.net"
        }, 
        {
            "{#DOMAINSSL}": "aaa9409.com"
        }, 
        {
            "{#DOMAINSSL}": "aaa9410.com"
        }, 
        {
            "{#DOMAINSSL}": "aaa9411.com"
        }, 
        {
            "{#DOMAINSSL}": "www.aaa9409.com"
        }, 
        {
            "{#DOMAINSSL}": "www.aaa9410.com"
        }, 
        {
            "{#DOMAINSSL}": "www.aaa9411.com"
        }, 
        {
            "{#DOMAINSSL}": "aaa9889.com"
        }, 
        {
            "{#DOMAINSSL}": "www.aaa9889.com"
        }, 
        {
            "{#DOMAINSSL}": "ws.legendli.cn"
        }, 
        {
            "{#DOMAINSSL}": "www.gochat900.com"
        }
    ]
}
DEBUG 2021-10-08 17:09:05,333 - ####################################################################################################
DEBUG 2021-10-08 17:09:05,339 - DOMAIN DISCOVER
INFO 2021-10-08 17:09:05,339 - {
    "data": [
        {
            "{#DOMAINSSL}": "www.aaa9408.com"
        }, 
        {
            "{#DOMAINSSL}": "aaa9888.com"
        }, 
        {
            "{#DOMAINSSL}": "aaa9408.com"
        }, 
        {
            "{#DOMAINSSL}": "statt.maxpartner.cn"
        }, 
        {
            "{#DOMAINSSL}": "r8588.net"
        }, 
        {
            "{#DOMAINSSL}": "www.r8588.net"
        }, 
        {
            "{#DOMAINSSL}": "www.r8168.net"
        }, 
        {
            "{#DOMAINSSL}": "r8168.net"
        }, 
        {
            "{#DOMAINSSL}": "aaa9409.com"
        }, 
        {
            "{#DOMAINSSL}": "aaa9410.com"
        }, 
        {
            "{#DOMAINSSL}": "aaa9411.com"
        }, 
        {
            "{#DOMAINSSL}": "www.aaa9409.com"
        }, 
        {
            "{#DOMAINSSL}": "www.aaa9410.com"
        }, 
        {
            "{#DOMAINSSL}": "www.aaa9411.com"
        }, 
        {
            "{#DOMAINSSL}": "aaa9889.com"
        }, 
        {
            "{#DOMAINSSL}": "www.aaa9889.com"
        }, 
        {
            "{#DOMAINSSL}": "ws.legendli.cn"
        }, 
        {
            "{#DOMAINSSL}": "www.gochat900.com"
        }
    ]
}
DEBUG 2021-10-08 18:09:06,134 - ####################################################################################################
DEBUG 2021-10-08 18:09:06,140 - DOMAIN DISCOVER
INFO 2021-10-08 18:09:06,140 - {
    "data": [
        {
            "{#DOMAINSSL}": "www.aaa9408.com"
        }, 
        {
            "{#DOMAINSSL}": "aaa9888.com"
        }, 
        {
            "{#DOMAINSSL}": "aaa9408.com"
        }, 
        {
            "{#DOMAINSSL}": "statt.maxpartner.cn"
        }, 
        {
            "{#DOMAINSSL}": "r8588.net"
        }, 
        {
            "{#DOMAINSSL}": "www.r8588.net"
        }, 
        {
            "{#DOMAINSSL}": "www.r8168.net"
        }, 
        {
            "{#DOMAINSSL}": "r8168.net"
        }, 
        {
            "{#DOMAINSSL}": "aaa9409.com"
        }, 
        {
            "{#DOMAINSSL}": "aaa9410.com"
        }, 
        {
            "{#DOMAINSSL}": "aaa9411.com"
        }, 
        {
            "{#DOMAINSSL}": "www.aaa9409.com"
        }, 
        {
            "{#DOMAINSSL}": "www.aaa9410.com"
        }, 
        {
            "{#DOMAINSSL}": "www.aaa9411.com"
        }, 
        {
            "{#DOMAINSSL}": "aaa9889.com"
        }, 
        {
            "{#DOMAINSSL}": "www.aaa9889.com"
        }, 
        {
            "{#DOMAINSSL}": "ws.legendli.cn"
        }, 
        {
            "{#DOMAINSSL}": "www.gochat900.com"
        }
    ]
}
DEBUG 2021-10-08 19:09:05,794 - ####################################################################################################
DEBUG 2021-10-08 19:09:05,800 - DOMAIN DISCOVER
INFO 2021-10-08 19:09:05,800 - {
    "data": [
        {
            "{#DOMAINSSL}": "www.aaa9408.com"
        }, 
        {
            "{#DOMAINSSL}": "aaa9888.com"
        }, 
        {
            "{#DOMAINSSL}": "aaa9408.com"
        }, 
        {
            "{#DOMAINSSL}": "statt.maxpartner.cn"
        }, 
        {
            "{#DOMAINSSL}": "r8588.net"
        }, 
        {
            "{#DOMAINSSL}": "www.r8588.net"
        }, 
        {
            "{#DOMAINSSL}": "www.r8168.net"
        }, 
        {
            "{#DOMAINSSL}": "r8168.net"
        }, 
        {
            "{#DOMAINSSL}": "aaa9409.com"
        }, 
        {
            "{#DOMAINSSL}": "aaa9410.com"
        }, 
        {
            "{#DOMAINSSL}": "aaa9411.com"
        }, 
        {
            "{#DOMAINSSL}": "www.aaa9409.com"
        }, 
        {
            "{#DOMAINSSL}": "www.aaa9410.com"
        }, 
        {
            "{#DOMAINSSL}": "www.aaa9411.com"
        }, 
        {
            "{#DOMAINSSL}": "aaa9889.com"
        }, 
        {
            "{#DOMAINSSL}": "www.aaa9889.com"
        }, 
        {
            "{#DOMAINSSL}": "ws.legendli.cn"
        }, 
        {
            "{#DOMAINSSL}": "www.gochat900.com"
        }
    ]
}
DEBUG 2021-10-08 20:09:06,302 - ####################################################################################################
DEBUG 2021-10-08 20:09:06,309 - DOMAIN DISCOVER
INFO 2021-10-08 20:09:06,309 - {
    "data": [
        {
            "{#DOMAINSSL}": "www.aaa9408.com"
        }, 
        {
            "{#DOMAINSSL}": "aaa9888.com"
        }, 
        {
            "{#DOMAINSSL}": "aaa9408.com"
        }, 
        {
            "{#DOMAINSSL}": "statt.maxpartner.cn"
        }, 
        {
            "{#DOMAINSSL}": "r8588.net"
        }, 
        {
            "{#DOMAINSSL}": "www.r8588.net"
        }, 
        {
            "{#DOMAINSSL}": "www.r8168.net"
        }, 
        {
            "{#DOMAINSSL}": "r8168.net"
        }, 
        {
            "{#DOMAINSSL}": "aaa9409.com"
        }, 
        {
            "{#DOMAINSSL}": "aaa9410.com"
        }, 
        {
            "{#DOMAINSSL}": "aaa9411.com"
        }, 
        {
            "{#DOMAINSSL}": "www.aaa9409.com"
        }, 
        {
            "{#DOMAINSSL}": "www.aaa9410.com"
        }, 
        {
            "{#DOMAINSSL}": "www.aaa9411.com"
        }, 
        {
            "{#DOMAINSSL}": "aaa9889.com"
        }, 
        {
            "{#DOMAINSSL}": "www.aaa9889.com"
        }, 
        {
            "{#DOMAINSSL}": "ws.legendli.cn"
        }, 
        {
            "{#DOMAINSSL}": "www.gochat900.com"
        }
    ]
}
DEBUG 2021-10-08 21:09:05,976 - ####################################################################################################
DEBUG 2021-10-08 21:09:05,984 - DOMAIN DISCOVER
INFO 2021-10-08 21:09:05,984 - {
    "data": [
        {
            "{#DOMAINSSL}": "www.aaa9408.com"
        }, 
        {
            "{#DOMAINSSL}": "aaa9888.com"
        }, 
        {
            "{#DOMAINSSL}": "aaa9408.com"
        }, 
        {
            "{#DOMAINSSL}": "statt.maxpartner.cn"
        }, 
        {
            "{#DOMAINSSL}": "r8588.net"
        }, 
        {
            "{#DOMAINSSL}": "www.r8588.net"
        }, 
        {
            "{#DOMAINSSL}": "www.r8168.net"
        }, 
        {
            "{#DOMAINSSL}": "r8168.net"
        }, 
        {
            "{#DOMAINSSL}": "aaa9409.com"
        }, 
        {
            "{#DOMAINSSL}": "aaa9410.com"
        }, 
        {
            "{#DOMAINSSL}": "aaa9411.com"
        }, 
        {
            "{#DOMAINSSL}": "www.aaa9409.com"
        }, 
        {
            "{#DOMAINSSL}": "www.aaa9410.com"
        }, 
        {
            "{#DOMAINSSL}": "www.aaa9411.com"
        }, 
        {
            "{#DOMAINSSL}": "aaa9889.com"
        }, 
        {
            "{#DOMAINSSL}": "www.aaa9889.com"
        }, 
        {
            "{#DOMAINSSL}": "ws.legendli.cn"
        }, 
        {
            "{#DOMAINSSL}": "www.gochat900.com"
        }
    ]
}
DEBUG 2021-10-08 22:09:04,162 - ####################################################################################################
DEBUG 2021-10-08 22:09:04,168 - DOMAIN DISCOVER
INFO 2021-10-08 22:09:04,168 - {
    "data": [
        {
            "{#DOMAINSSL}": "www.aaa9408.com"
        }, 
        {
            "{#DOMAINSSL}": "aaa9888.com"
        }, 
        {
            "{#DOMAINSSL}": "aaa9408.com"
        }, 
        {
            "{#DOMAINSSL}": "statt.maxpartner.cn"
        }, 
        {
            "{#DOMAINSSL}": "r8588.net"
        }, 
        {
            "{#DOMAINSSL}": "www.r8588.net"
        }, 
        {
            "{#DOMAINSSL}": "www.r8168.net"
        }, 
        {
            "{#DOMAINSSL}": "r8168.net"
        }, 
        {
            "{#DOMAINSSL}": "aaa9409.com"
        }, 
        {
            "{#DOMAINSSL}": "aaa9410.com"
        }, 
        {
            "{#DOMAINSSL}": "aaa9411.com"
        }, 
        {
            "{#DOMAINSSL}": "www.aaa9409.com"
        }, 
        {
            "{#DOMAINSSL}": "www.aaa9410.com"
        }, 
        {
            "{#DOMAINSSL}": "www.aaa9411.com"
        }, 
        {
            "{#DOMAINSSL}": "aaa9889.com"
        }, 
        {
            "{#DOMAINSSL}": "www.aaa9889.com"
        }, 
        {
            "{#DOMAINSSL}": "ws.legendli.cn"
        }, 
        {
            "{#DOMAINSSL}": "www.gochat900.com"
        }
    ]
}
DEBUG 2021-10-08 23:09:07,227 - ####################################################################################################
DEBUG 2021-10-08 23:09:07,234 - DOMAIN DISCOVER
INFO 2021-10-08 23:09:07,234 - {
    "data": [
        {
            "{#DOMAINSSL}": "www.aaa9408.com"
        }, 
        {
            "{#DOMAINSSL}": "aaa9888.com"
        }, 
        {
            "{#DOMAINSSL}": "aaa9408.com"
        }, 
        {
            "{#DOMAINSSL}": "statt.maxpartner.cn"
        }, 
        {
            "{#DOMAINSSL}": "r8588.net"
        }, 
        {
            "{#DOMAINSSL}": "www.r8588.net"
        }, 
        {
            "{#DOMAINSSL}": "www.r8168.net"
        }, 
        {
            "{#DOMAINSSL}": "r8168.net"
        }, 
        {
            "{#DOMAINSSL}": "aaa9409.com"
        }, 
        {
            "{#DOMAINSSL}": "aaa9410.com"
        }, 
        {
            "{#DOMAINSSL}": "aaa9411.com"
        }, 
        {
            "{#DOMAINSSL}": "www.aaa9409.com"
        }, 
        {
            "{#DOMAINSSL}": "www.aaa9410.com"
        }, 
        {
            "{#DOMAINSSL}": "www.aaa9411.com"
        }, 
        {
            "{#DOMAINSSL}": "aaa9889.com"
        }, 
        {
            "{#DOMAINSSL}": "www.aaa9889.com"
        }, 
        {
            "{#DOMAINSSL}": "ws.legendli.cn"
        }, 
        {
            "{#DOMAINSSL}": "www.gochat900.com"
        }
    ]
}
