DEBUG 2021-06-24 00:08:49,949 - ####################################################################################################
DEBUG 2021-06-24 00:08:49,955 - DOMAIN DISCOVER
INFO 2021-06-24 00:08:49,955 - {
    "data": [
        {
            "{#DOMAINSSL}": "hujidi.com"
        }, 
        {
            "{#DOMAINSSL}": "www.asiaroutes.com"
        }, 
        {
            "{#DOMAINSSL}": "www.ytsefeng.com"
        }, 
        {
            "{#DOMAINSSL}": "www.asiaroutes.com"
        }
    ]
}
DEBUG 2021-06-24 01:08:50,022 - ####################################################################################################
DEBUG 2021-06-24 01:08:50,028 - DOMAIN DISCOVER
INFO 2021-06-24 01:08:50,028 - {
    "data": [
        {
            "{#DOMAINSSL}": "hujidi.com"
        }, 
        {
            "{#DOMAINSSL}": "www.asiaroutes.com"
        }, 
        {
            "{#DOMAINSSL}": "www.ytsefeng.com"
        }, 
        {
            "{#DOMAINSSL}": "www.asiaroutes.com"
        }
    ]
}
DEBUG 2021-06-24 02:08:49,210 - ####################################################################################################
DEBUG 2021-06-24 02:08:49,216 - DOMAIN DISCOVER
INFO 2021-06-24 02:08:49,216 - {
    "data": [
        {
            "{#DOMAINSSL}": "hujidi.com"
        }, 
        {
            "{#DOMAINSSL}": "www.asiaroutes.com"
        }, 
        {
            "{#DOMAINSSL}": "www.ytsefeng.com"
        }, 
        {
            "{#DOMAINSSL}": "www.asiaroutes.com"
        }
    ]
}
DEBUG 2021-06-24 03:08:49,177 - ####################################################################################################
DEBUG 2021-06-24 03:08:49,185 - DOMAIN DISCOVER
INFO 2021-06-24 03:08:49,185 - {
    "data": [
        {
            "{#DOMAINSSL}": "hujidi.com"
        }, 
        {
            "{#DOMAINSSL}": "www.asiaroutes.com"
        }, 
        {
            "{#DOMAINSSL}": "www.ytsefeng.com"
        }, 
        {
            "{#DOMAINSSL}": "www.asiaroutes.com"
        }
    ]
}
DEBUG 2021-06-24 04:08:49,460 - ####################################################################################################
DEBUG 2021-06-24 04:08:49,467 - DOMAIN DISCOVER
INFO 2021-06-24 04:08:49,467 - {
    "data": [
        {
            "{#DOMAINSSL}": "hujidi.com"
        }, 
        {
            "{#DOMAINSSL}": "www.asiaroutes.com"
        }, 
        {
            "{#DOMAINSSL}": "www.ytsefeng.com"
        }, 
        {
            "{#DOMAINSSL}": "www.asiaroutes.com"
        }
    ]
}
DEBUG 2021-06-24 05:08:47,780 - ####################################################################################################
DEBUG 2021-06-24 05:08:47,786 - DOMAIN DISCOVER
INFO 2021-06-24 05:08:47,786 - {
    "data": [
        {
            "{#DOMAINSSL}": "jsh9.me"
        }, 
        {
            "{#DOMAINSSL}": "518eu.net"
        }, 
        {
            "{#DOMAINSSL}": "xbet83.com"
        }, 
        {
            "{#DOMAINSSL}": "hujidi.com"
        }, 
        {
            "{#DOMAINSSL}": "eu8.me"
        }, 
        {
            "{#DOMAINSSL}": "bo.aaa9411.com"
        }, 
        {
            "{#DOMAINSSL}": "www.asiaroutes.com"
        }, 
        {
            "{#DOMAINSSL}": "bao5566.com"
        }, 
        {
            "{#DOMAINSSL}": "www.bao5566.com"
        }, 
        {
            "{#DOMAINSSL}": "www.asiaroutes.com"
        }, 
        {
            "{#DOMAINSSL}": "bylv68.com"
        }
    ]
}
DEBUG 2021-06-24 06:08:48,729 - ####################################################################################################
DEBUG 2021-06-24 06:08:48,735 - DOMAIN DISCOVER
INFO 2021-06-24 06:08:48,735 - {
    "data": [
        {
            "{#DOMAINSSL}": "jin94.com"
        }, 
        {
            "{#DOMAINSSL}": "hujidi.com"
        }, 
        {
            "{#DOMAINSSL}": "jiabo9.com"
        }, 
        {
            "{#DOMAINSSL}": "www.asiaroutes.com"
        }, 
        {
            "{#DOMAINSSL}": "eubuyu788.com"
        }, 
        {
            "{#DOMAINSSL}": "bao5566.com"
        }, 
        {
            "{#DOMAINSSL}": "www.bao5566.com"
        }, 
        {
            "{#DOMAINSSL}": "www.asiaroutes.com"
        }
    ]
}
DEBUG 2021-06-24 07:08:46,454 - ####################################################################################################
DEBUG 2021-06-24 07:08:46,461 - DOMAIN DISCOVER
INFO 2021-06-24 07:08:46,461 - {
    "data": [
        {
            "{#DOMAINSSL}": "hujidi.com"
        }, 
        {
            "{#DOMAINSSL}": "www.asiaroutes.com"
        }, 
        {
            "{#DOMAINSSL}": "bao5566.com"
        }, 
        {
            "{#DOMAINSSL}": "www.bao5566.com"
        }, 
        {
            "{#DOMAINSSL}": "www.asiaroutes.com"
        }
    ]
}
DEBUG 2021-06-24 08:08:51,277 - ####################################################################################################
DEBUG 2021-06-24 08:08:51,284 - DOMAIN DISCOVER
INFO 2021-06-24 08:08:51,284 - {
    "data": [
        {
            "{#DOMAINSSL}": "hujidi.com"
        }, 
        {
            "{#DOMAINSSL}": "www.asiaroutes.com"
        }, 
        {
            "{#DOMAINSSL}": "bao5566.com"
        }, 
        {
            "{#DOMAINSSL}": "www.bao5566.com"
        }, 
        {
            "{#DOMAINSSL}": "www.asiaroutes.com"
        }
    ]
}
DEBUG 2021-06-24 09:08:50,245 - ####################################################################################################
DEBUG 2021-06-24 09:08:50,251 - DOMAIN DISCOVER
INFO 2021-06-24 09:08:50,251 - {
    "data": [
        {
            "{#DOMAINSSL}": "hujidi.com"
        }, 
        {
            "{#DOMAINSSL}": "www.asiaroutes.com"
        }, 
        {
            "{#DOMAINSSL}": "bao5566.com"
        }, 
        {
            "{#DOMAINSSL}": "www.bao5566.com"
        }, 
        {
            "{#DOMAINSSL}": "www.asiaroutes.com"
        }
    ]
}
DEBUG 2021-06-24 10:08:48,550 - ####################################################################################################
DEBUG 2021-06-24 10:08:48,555 - DOMAIN DISCOVER
INFO 2021-06-24 10:08:48,555 - {
    "data": [
        {
            "{#DOMAINSSL}": "hujidi.com"
        }, 
        {
            "{#DOMAINSSL}": "www.asiaroutes.com"
        }, 
        {
            "{#DOMAINSSL}": "bao5566.com"
        }, 
        {
            "{#DOMAINSSL}": "www.bao5566.com"
        }, 
        {
            "{#DOMAINSSL}": "www.asiaroutes.com"
        }
    ]
}
DEBUG 2021-06-24 11:08:49,238 - ####################################################################################################
DEBUG 2021-06-24 11:08:49,244 - DOMAIN DISCOVER
INFO 2021-06-24 11:08:49,244 - {
    "data": [
        {
            "{#DOMAINSSL}": "hujidi.com"
        }, 
        {
            "{#DOMAINSSL}": "www.asiaroutes.com"
        }, 
        {
            "{#DOMAINSSL}": "bao5566.com"
        }, 
        {
            "{#DOMAINSSL}": "www.bao5566.com"
        }, 
        {
            "{#DOMAINSSL}": "www.asiaroutes.com"
        }
    ]
}
DEBUG 2021-06-24 12:08:42,557 - ####################################################################################################
DEBUG 2021-06-24 12:08:42,563 - DOMAIN DISCOVER
INFO 2021-06-24 12:08:42,564 - {
    "data": [
        {
            "{#DOMAINSSL}": "hujidi.com"
        }, 
        {
            "{#DOMAINSSL}": "www.asiaroutes.com"
        }, 
        {
            "{#DOMAINSSL}": "bao5566.com"
        }, 
        {
            "{#DOMAINSSL}": "www.bao5566.com"
        }, 
        {
            "{#DOMAINSSL}": "www.asiaroutes.com"
        }
    ]
}
DEBUG 2021-06-24 13:08:48,908 - ####################################################################################################
DEBUG 2021-06-24 13:08:48,914 - DOMAIN DISCOVER
INFO 2021-06-24 13:08:48,914 - {
    "data": [
        {
            "{#DOMAINSSL}": "hujidi.com"
        }, 
        {
            "{#DOMAINSSL}": "www.asiaroutes.com"
        }, 
        {
            "{#DOMAINSSL}": "bao5566.com"
        }, 
        {
            "{#DOMAINSSL}": "www.bao5566.com"
        }, 
        {
            "{#DOMAINSSL}": "www.asiaroutes.com"
        }
    ]
}
DEBUG 2021-06-24 14:08:49,519 - ####################################################################################################
DEBUG 2021-06-24 14:08:49,525 - DOMAIN DISCOVER
INFO 2021-06-24 14:08:49,525 - {
    "data": [
        {
            "{#DOMAINSSL}": "hujidi.com"
        }, 
        {
            "{#DOMAINSSL}": "www.asiaroutes.com"
        }, 
        {
            "{#DOMAINSSL}": "bao5566.com"
        }, 
        {
            "{#DOMAINSSL}": "www.bao5566.com"
        }, 
        {
            "{#DOMAINSSL}": "www.asiaroutes.com"
        }
    ]
}
DEBUG 2021-06-24 15:08:55,713 - ####################################################################################################
DEBUG 2021-06-24 15:08:55,719 - DOMAIN DISCOVER
INFO 2021-06-24 15:08:55,719 - {
    "data": [
        {
            "{#DOMAINSSL}": "hujidi.com"
        }, 
        {
            "{#DOMAINSSL}": "www.asiaroutes.com"
        }, 
        {
            "{#DOMAINSSL}": "bao5566.com"
        }, 
        {
            "{#DOMAINSSL}": "www.bao5566.com"
        }, 
        {
            "{#DOMAINSSL}": "www.asiaroutes.com"
        }
    ]
}
DEBUG 2021-06-24 16:08:49,326 - ####################################################################################################
DEBUG 2021-06-24 16:08:49,333 - DOMAIN DISCOVER
INFO 2021-06-24 16:08:49,333 - {
    "data": [
        {
            "{#DOMAINSSL}": "hujidi.com"
        }, 
        {
            "{#DOMAINSSL}": "www.asiaroutes.com"
        }, 
        {
            "{#DOMAINSSL}": "bao5566.com"
        }, 
        {
            "{#DOMAINSSL}": "www.bao5566.com"
        }, 
        {
            "{#DOMAINSSL}": "www.asiaroutes.com"
        }
    ]
}
DEBUG 2021-06-24 17:08:48,483 - ####################################################################################################
DEBUG 2021-06-24 17:08:48,489 - DOMAIN DISCOVER
INFO 2021-06-24 17:08:48,489 - {
    "data": [
        {
            "{#DOMAINSSL}": "hujidi.com"
        }, 
        {
            "{#DOMAINSSL}": "www.asiaroutes.com"
        }, 
        {
            "{#DOMAINSSL}": "bao5566.com"
        }, 
        {
            "{#DOMAINSSL}": "www.bao5566.com"
        }, 
        {
            "{#DOMAINSSL}": "www.asiaroutes.com"
        }
    ]
}
DEBUG 2021-06-24 18:08:48,781 - ####################################################################################################
DEBUG 2021-06-24 18:08:48,788 - DOMAIN DISCOVER
INFO 2021-06-24 18:08:48,788 - {
    "data": [
        {
            "{#DOMAINSSL}": "hujidi.com"
        }, 
        {
            "{#DOMAINSSL}": "www.asiaroutes.com"
        }, 
        {
            "{#DOMAINSSL}": "bao5566.com"
        }, 
        {
            "{#DOMAINSSL}": "www.bao5566.com"
        }, 
        {
            "{#DOMAINSSL}": "www.asiaroutes.com"
        }
    ]
}
DEBUG 2021-06-24 19:08:47,756 - ####################################################################################################
DEBUG 2021-06-24 19:08:47,762 - DOMAIN DISCOVER
INFO 2021-06-24 19:08:47,762 - {
    "data": [
        {
            "{#DOMAINSSL}": "hujidi.com"
        }, 
        {
            "{#DOMAINSSL}": "www.asiaroutes.com"
        }, 
        {
            "{#DOMAINSSL}": "bao5566.com"
        }, 
        {
            "{#DOMAINSSL}": "www.bao5566.com"
        }, 
        {
            "{#DOMAINSSL}": "www.asiaroutes.com"
        }
    ]
}
DEBUG 2021-06-24 20:08:49,028 - ####################################################################################################
DEBUG 2021-06-24 20:08:49,034 - DOMAIN DISCOVER
INFO 2021-06-24 20:08:49,034 - {
    "data": [
        {
            "{#DOMAINSSL}": "hujidi.com"
        }, 
        {
            "{#DOMAINSSL}": "www.asiaroutes.com"
        }, 
        {
            "{#DOMAINSSL}": "bao5566.com"
        }, 
        {
            "{#DOMAINSSL}": "www.bao5566.com"
        }, 
        {
            "{#DOMAINSSL}": "www.asiaroutes.com"
        }
    ]
}
DEBUG 2021-06-24 21:08:49,009 - ####################################################################################################
DEBUG 2021-06-24 21:08:49,015 - DOMAIN DISCOVER
INFO 2021-06-24 21:08:49,015 - {
    "data": [
        {
            "{#DOMAINSSL}": "hujidi.com"
        }, 
        {
            "{#DOMAINSSL}": "www.asiaroutes.com"
        }, 
        {
            "{#DOMAINSSL}": "bao5566.com"
        }, 
        {
            "{#DOMAINSSL}": "www.bao5566.com"
        }, 
        {
            "{#DOMAINSSL}": "www.asiaroutes.com"
        }
    ]
}
DEBUG 2021-06-24 22:08:51,023 - ####################################################################################################
DEBUG 2021-06-24 22:08:51,029 - DOMAIN DISCOVER
INFO 2021-06-24 22:08:51,029 - {
    "data": [
        {
            "{#DOMAINSSL}": "hujidi.com"
        }, 
        {
            "{#DOMAINSSL}": "www.asiaroutes.com"
        }, 
        {
            "{#DOMAINSSL}": "bao5566.com"
        }, 
        {
            "{#DOMAINSSL}": "www.bao5566.com"
        }, 
        {
            "{#DOMAINSSL}": "www.asiaroutes.com"
        }
    ]
}
DEBUG 2021-06-24 23:08:46,558 - ####################################################################################################
DEBUG 2021-06-24 23:08:46,564 - DOMAIN DISCOVER
INFO 2021-06-24 23:08:46,564 - {
    "data": [
        {
            "{#DOMAINSSL}": "hujidi.com"
        }, 
        {
            "{#DOMAINSSL}": "www.asiaroutes.com"
        }, 
        {
            "{#DOMAINSSL}": "bao5566.com"
        }, 
        {
            "{#DOMAINSSL}": "www.bao5566.com"
        }, 
        {
            "{#DOMAINSSL}": "www.asiaroutes.com"
        }
    ]
}
