DEBUG 2021-10-02 00:09:08,000 - ####################################################################################################
DEBUG 2021-10-02 00:09:08,006 - DOMAIN DISCOVER
INFO 2021-10-02 00:09:08,006 - {
    "data": []
}
DEBUG 2021-10-02 01:09:07,953 - ####################################################################################################
DEBUG 2021-10-02 01:09:07,959 - DOMAIN DISCOVER
INFO 2021-10-02 01:09:07,959 - {
    "data": []
}
DEBUG 2021-10-02 02:09:11,043 - ####################################################################################################
DEBUG 2021-10-02 02:09:11,048 - DOMAIN DISCOVER
INFO 2021-10-02 02:09:11,048 - {
    "data": []
}
DEBUG 2021-10-02 03:09:11,219 - ####################################################################################################
DEBUG 2021-10-02 03:09:11,225 - DOMAIN DISCOVER
INFO 2021-10-02 03:09:11,225 - {
    "data": []
}
DEBUG 2021-10-02 04:09:07,333 - ####################################################################################################
DEBUG 2021-10-02 04:09:07,339 - DOMAIN DISCOVER
INFO 2021-10-02 04:09:07,339 - {
    "data": []
}
DEBUG 2021-10-02 05:09:09,500 - ####################################################################################################
DEBUG 2021-10-02 05:09:09,506 - DOMAIN DISCOVER
INFO 2021-10-02 05:09:09,506 - {
    "data": []
}
DEBUG 2021-10-02 06:09:09,306 - ####################################################################################################
DEBUG 2021-10-02 06:09:09,312 - DOMAIN DISCOVER
INFO 2021-10-02 06:09:09,313 - {
    "data": []
}
DEBUG 2021-10-02 07:09:08,770 - ####################################################################################################
DEBUG 2021-10-02 07:09:08,775 - DOMAIN DISCOVER
INFO 2021-10-02 07:09:08,775 - {
    "data": []
}
DEBUG 2021-10-02 08:09:08,454 - ####################################################################################################
DEBUG 2021-10-02 08:09:08,459 - DOMAIN DISCOVER
INFO 2021-10-02 08:09:08,459 - {
    "data": []
}
DEBUG 2021-10-02 09:09:10,375 - ####################################################################################################
DEBUG 2021-10-02 09:09:10,381 - DOMAIN DISCOVER
INFO 2021-10-02 09:09:10,381 - {
    "data": []
}
DEBUG 2021-10-02 10:09:09,138 - ####################################################################################################
DEBUG 2021-10-02 10:09:09,144 - DOMAIN DISCOVER
INFO 2021-10-02 10:09:09,144 - {
    "data": []
}
DEBUG 2021-10-02 11:09:08,397 - ####################################################################################################
DEBUG 2021-10-02 11:09:08,404 - DOMAIN DISCOVER
INFO 2021-10-02 11:09:08,404 - {
    "data": []
}
DEBUG 2021-10-02 12:09:09,236 - ####################################################################################################
DEBUG 2021-10-02 12:09:09,241 - DOMAIN DISCOVER
INFO 2021-10-02 12:09:09,241 - {
    "data": []
}
DEBUG 2021-10-02 13:09:09,760 - ####################################################################################################
DEBUG 2021-10-02 13:09:09,765 - DOMAIN DISCOVER
INFO 2021-10-02 13:09:09,765 - {
    "data": []
}
DEBUG 2021-10-02 14:09:10,861 - ####################################################################################################
DEBUG 2021-10-02 14:09:10,867 - DOMAIN DISCOVER
INFO 2021-10-02 14:09:10,867 - {
    "data": []
}
DEBUG 2021-10-02 15:09:09,922 - ####################################################################################################
DEBUG 2021-10-02 15:09:09,930 - DOMAIN DISCOVER
INFO 2021-10-02 15:09:09,930 - {
    "data": []
}
DEBUG 2021-10-02 16:09:08,991 - ####################################################################################################
DEBUG 2021-10-02 16:09:08,998 - DOMAIN DISCOVER
INFO 2021-10-02 16:09:08,998 - {
    "data": []
}
DEBUG 2021-10-02 17:09:11,378 - ####################################################################################################
DEBUG 2021-10-02 17:09:11,384 - DOMAIN DISCOVER
INFO 2021-10-02 17:09:11,384 - {
    "data": []
}
DEBUG 2021-10-02 18:09:09,426 - ####################################################################################################
DEBUG 2021-10-02 18:09:09,432 - DOMAIN DISCOVER
INFO 2021-10-02 18:09:09,432 - {
    "data": []
}
DEBUG 2021-10-02 19:09:08,524 - ####################################################################################################
DEBUG 2021-10-02 19:09:08,530 - DOMAIN DISCOVER
INFO 2021-10-02 19:09:08,531 - {
    "data": []
}
DEBUG 2021-10-02 20:09:09,542 - ####################################################################################################
DEBUG 2021-10-02 20:09:09,549 - DOMAIN DISCOVER
INFO 2021-10-02 20:09:09,550 - {
    "data": []
}
DEBUG 2021-10-02 21:09:09,944 - ####################################################################################################
DEBUG 2021-10-02 21:09:09,951 - DOMAIN DISCOVER
INFO 2021-10-02 21:09:09,951 - {
    "data": []
}
DEBUG 2021-10-02 22:09:10,506 - ####################################################################################################
DEBUG 2021-10-02 22:09:10,513 - DOMAIN DISCOVER
INFO 2021-10-02 22:09:10,513 - {
    "data": []
}
DEBUG 2021-10-02 23:09:10,706 - ####################################################################################################
DEBUG 2021-10-02 23:09:10,711 - DOMAIN DISCOVER
INFO 2021-10-02 23:09:10,711 - {
    "data": []
}
