DEBUG 2021-10-04 00:09:10,707 - ####################################################################################################
DEBUG 2021-10-04 00:09:10,713 - DOMAIN DISCOVER
INFO 2021-10-04 00:09:10,713 - {
    "data": [
        {
            "{#DOMAINSSL}": "v2r-sz1.qlinlin.top"
        }, 
        {
            "{#DOMAINSSL}": "v2r-sz2.qlinlin.top"
        }
    ]
}
DEBUG 2021-10-04 01:09:09,429 - ####################################################################################################
DEBUG 2021-10-04 01:09:09,435 - DOMAIN DISCOVER
INFO 2021-10-04 01:09:09,435 - {
    "data": [
        {
            "{#DOMAINSSL}": "v2r-sz1.qlinlin.top"
        }, 
        {
            "{#DOMAINSSL}": "v2r-sz2.qlinlin.top"
        }
    ]
}
DEBUG 2021-10-04 02:09:08,731 - ####################################################################################################
DEBUG 2021-10-04 02:09:08,738 - DOMAIN DISCOVER
INFO 2021-10-04 02:09:08,738 - {
    "data": [
        {
            "{#DOMAINSSL}": "v2r-sz1.qlinlin.top"
        }, 
        {
            "{#DOMAINSSL}": "v2r-sz2.qlinlin.top"
        }
    ]
}
DEBUG 2021-10-04 03:09:07,911 - ####################################################################################################
DEBUG 2021-10-04 03:09:07,917 - DOMAIN DISCOVER
INFO 2021-10-04 03:09:07,918 - {
    "data": [
        {
            "{#DOMAINSSL}": "v2r-sz1.qlinlin.top"
        }, 
        {
            "{#DOMAINSSL}": "v2r-sz2.qlinlin.top"
        }
    ]
}
DEBUG 2021-10-04 04:09:09,695 - ####################################################################################################
DEBUG 2021-10-04 04:09:09,702 - DOMAIN DISCOVER
INFO 2021-10-04 04:09:09,702 - {
    "data": [
        {
            "{#DOMAINSSL}": "v2r-sz1.qlinlin.top"
        }, 
        {
            "{#DOMAINSSL}": "v2r-sz2.qlinlin.top"
        }
    ]
}
DEBUG 2021-10-04 05:09:09,216 - ####################################################################################################
DEBUG 2021-10-04 05:09:09,223 - DOMAIN DISCOVER
INFO 2021-10-04 05:09:09,223 - {
    "data": [
        {
            "{#DOMAINSSL}": "v2r-sz1.qlinlin.top"
        }, 
        {
            "{#DOMAINSSL}": "v2r-sz2.qlinlin.top"
        }, 
        {
            "{#DOMAINSSL}": "www.gochat900.com"
        }
    ]
}
DEBUG 2021-10-04 06:09:10,189 - ####################################################################################################
DEBUG 2021-10-04 06:09:10,195 - DOMAIN DISCOVER
INFO 2021-10-04 06:09:10,195 - {
    "data": [
        {
            "{#DOMAINSSL}": "v2r-sz1.qlinlin.top"
        }, 
        {
            "{#DOMAINSSL}": "v2r-sz2.qlinlin.top"
        }, 
        {
            "{#DOMAINSSL}": "www.gochat900.com"
        }
    ]
}
DEBUG 2021-10-04 07:09:09,897 - ####################################################################################################
DEBUG 2021-10-04 07:09:09,904 - DOMAIN DISCOVER
INFO 2021-10-04 07:09:09,905 - {
    "data": [
        {
            "{#DOMAINSSL}": "v2r-sz1.qlinlin.top"
        }, 
        {
            "{#DOMAINSSL}": "v2r-sz2.qlinlin.top"
        }, 
        {
            "{#DOMAINSSL}": "www.gochat900.com"
        }
    ]
}
DEBUG 2021-10-04 08:09:09,780 - ####################################################################################################
DEBUG 2021-10-04 08:09:09,786 - DOMAIN DISCOVER
INFO 2021-10-04 08:09:09,786 - {
    "data": [
        {
            "{#DOMAINSSL}": "v2r-sz1.qlinlin.top"
        }, 
        {
            "{#DOMAINSSL}": "v2r-sz2.qlinlin.top"
        }, 
        {
            "{#DOMAINSSL}": "www.gochat900.com"
        }
    ]
}
DEBUG 2021-10-04 09:09:10,964 - ####################################################################################################
DEBUG 2021-10-04 09:09:10,970 - DOMAIN DISCOVER
INFO 2021-10-04 09:09:10,970 - {
    "data": [
        {
            "{#DOMAINSSL}": "v2r-sz1.qlinlin.top"
        }, 
        {
            "{#DOMAINSSL}": "v2r-sz2.qlinlin.top"
        }, 
        {
            "{#DOMAINSSL}": "www.gochat900.com"
        }
    ]
}
DEBUG 2021-10-04 10:09:11,970 - ####################################################################################################
DEBUG 2021-10-04 10:09:11,976 - DOMAIN DISCOVER
INFO 2021-10-04 10:09:11,976 - {
    "data": [
        {
            "{#DOMAINSSL}": "v2r-sz1.qlinlin.top"
        }, 
        {
            "{#DOMAINSSL}": "v2r-sz2.qlinlin.top"
        }, 
        {
            "{#DOMAINSSL}": "www.gochat900.com"
        }
    ]
}
DEBUG 2021-10-04 11:09:11,149 - ####################################################################################################
DEBUG 2021-10-04 11:09:11,155 - DOMAIN DISCOVER
INFO 2021-10-04 11:09:11,155 - {
    "data": [
        {
            "{#DOMAINSSL}": "www.gochat900.com"
        }
    ]
}
DEBUG 2021-10-04 12:09:09,446 - ####################################################################################################
DEBUG 2021-10-04 12:09:09,452 - DOMAIN DISCOVER
INFO 2021-10-04 12:09:09,452 - {
    "data": [
        {
            "{#DOMAINSSL}": "www.gochat900.com"
        }
    ]
}
DEBUG 2021-10-04 13:09:11,911 - ####################################################################################################
DEBUG 2021-10-04 13:09:11,917 - DOMAIN DISCOVER
INFO 2021-10-04 13:09:11,917 - {
    "data": [
        {
            "{#DOMAINSSL}": "www.gochat900.com"
        }
    ]
}
DEBUG 2021-10-04 14:09:11,187 - ####################################################################################################
DEBUG 2021-10-04 14:09:11,193 - DOMAIN DISCOVER
INFO 2021-10-04 14:09:11,193 - {
    "data": [
        {
            "{#DOMAINSSL}": "www.gochat900.com"
        }
    ]
}
DEBUG 2021-10-04 15:09:08,551 - ####################################################################################################
DEBUG 2021-10-04 15:09:08,557 - DOMAIN DISCOVER
INFO 2021-10-04 15:09:08,557 - {
    "data": [
        {
            "{#DOMAINSSL}": "www.gochat900.com"
        }
    ]
}
DEBUG 2021-10-04 16:09:10,749 - ####################################################################################################
DEBUG 2021-10-04 16:09:10,755 - DOMAIN DISCOVER
INFO 2021-10-04 16:09:10,755 - {
    "data": [
        {
            "{#DOMAINSSL}": "www.gochat900.com"
        }
    ]
}
DEBUG 2021-10-04 17:09:12,574 - ####################################################################################################
DEBUG 2021-10-04 17:09:12,579 - DOMAIN DISCOVER
INFO 2021-10-04 17:09:12,579 - {
    "data": [
        {
            "{#DOMAINSSL}": "www.gochat900.com"
        }
    ]
}
DEBUG 2021-10-04 18:09:11,192 - ####################################################################################################
DEBUG 2021-10-04 18:09:11,197 - DOMAIN DISCOVER
INFO 2021-10-04 18:09:11,198 - {
    "data": [
        {
            "{#DOMAINSSL}": "www.gochat900.com"
        }
    ]
}
DEBUG 2021-10-04 19:09:10,203 - ####################################################################################################
DEBUG 2021-10-04 19:09:10,208 - DOMAIN DISCOVER
INFO 2021-10-04 19:09:10,208 - {
    "data": [
        {
            "{#DOMAINSSL}": "www.gochat900.com"
        }
    ]
}
DEBUG 2021-10-04 20:09:09,603 - ####################################################################################################
DEBUG 2021-10-04 20:09:09,611 - DOMAIN DISCOVER
INFO 2021-10-04 20:09:09,611 - {
    "data": [
        {
            "{#DOMAINSSL}": "www.gochat900.com"
        }
    ]
}
DEBUG 2021-10-04 21:09:11,191 - ####################################################################################################
DEBUG 2021-10-04 21:09:11,198 - DOMAIN DISCOVER
INFO 2021-10-04 21:09:11,198 - {
    "data": [
        {
            "{#DOMAINSSL}": "www.gochat900.com"
        }
    ]
}
DEBUG 2021-10-04 22:09:10,921 - ####################################################################################################
DEBUG 2021-10-04 22:09:10,930 - DOMAIN DISCOVER
INFO 2021-10-04 22:09:10,930 - {
    "data": [
        {
            "{#DOMAINSSL}": "www.gochat900.com"
        }
    ]
}
DEBUG 2021-10-04 23:09:13,246 - ####################################################################################################
DEBUG 2021-10-04 23:09:13,251 - DOMAIN DISCOVER
INFO 2021-10-04 23:09:13,251 - {
    "data": [
        {
            "{#DOMAINSSL}": "www.gochat900.com"
        }
    ]
}
