DEBUG 2021-07-04 00:08:50,798 - ####################################################################################################
DEBUG 2021-07-04 00:08:50,804 - DOMAIN DISCOVER
INFO 2021-07-04 00:08:50,805 - {
    "data": [
        {
            "{#DOMAINSSL}": "tochat333.com"
        }, 
        {
            "{#DOMAINSSL}": "www.wukongchat.com"
        }, 
        {
            "{#DOMAINSSL}": "www.wukongchat.com"
        }, 
        {
            "{#DOMAINSSL}": "wpc89.com"
        }, 
        {
            "{#DOMAINSSL}": "www.wpc89.com"
        }, 
        {
            "{#DOMAINSSL}": "jbl.live"
        }, 
        {
            "{#DOMAINSSL}": "www.jbl.live"
        }
    ]
}
DEBUG 2021-07-04 01:08:49,407 - ####################################################################################################
DEBUG 2021-07-04 01:08:49,413 - DOMAIN DISCOVER
INFO 2021-07-04 01:08:49,413 - {
    "data": [
        {
            "{#DOMAINSSL}": "tochat333.com"
        }, 
        {
            "{#DOMAINSSL}": "www.wukongchat.com"
        }, 
        {
            "{#DOMAINSSL}": "www.wukongchat.com"
        }, 
        {
            "{#DOMAINSSL}": "wpc89.com"
        }, 
        {
            "{#DOMAINSSL}": "www.wpc89.com"
        }, 
        {
            "{#DOMAINSSL}": "jbl.live"
        }, 
        {
            "{#DOMAINSSL}": "www.jbl.live"
        }
    ]
}
DEBUG 2021-07-04 02:08:49,021 - ####################################################################################################
DEBUG 2021-07-04 02:08:49,026 - DOMAIN DISCOVER
INFO 2021-07-04 02:08:49,027 - {
    "data": [
        {
            "{#DOMAINSSL}": "tochat333.com"
        }, 
        {
            "{#DOMAINSSL}": "www.wukongchat.com"
        }, 
        {
            "{#DOMAINSSL}": "www.wukongchat.com"
        }, 
        {
            "{#DOMAINSSL}": "wpc89.com"
        }, 
        {
            "{#DOMAINSSL}": "www.wpc89.com"
        }, 
        {
            "{#DOMAINSSL}": "jbl.live"
        }, 
        {
            "{#DOMAINSSL}": "www.jbl.live"
        }
    ]
}
DEBUG 2021-07-04 03:08:52,202 - ####################################################################################################
DEBUG 2021-07-04 03:08:52,209 - DOMAIN DISCOVER
INFO 2021-07-04 03:08:52,209 - {
    "data": [
        {
            "{#DOMAINSSL}": "tochat333.com"
        }, 
        {
            "{#DOMAINSSL}": "www.wukongchat.com"
        }, 
        {
            "{#DOMAINSSL}": "www.wukongchat.com"
        }, 
        {
            "{#DOMAINSSL}": "wpc89.com"
        }, 
        {
            "{#DOMAINSSL}": "www.wpc89.com"
        }, 
        {
            "{#DOMAINSSL}": "jbl.live"
        }, 
        {
            "{#DOMAINSSL}": "www.jbl.live"
        }
    ]
}
DEBUG 2021-07-04 04:08:55,405 - ####################################################################################################
DEBUG 2021-07-04 04:08:55,412 - DOMAIN DISCOVER
INFO 2021-07-04 04:08:55,412 - {
    "data": [
        {
            "{#DOMAINSSL}": "tochat333.com"
        }, 
        {
            "{#DOMAINSSL}": "www.wukongchat.com"
        }, 
        {
            "{#DOMAINSSL}": "www.wukongchat.com"
        }, 
        {
            "{#DOMAINSSL}": "wpc89.com"
        }, 
        {
            "{#DOMAINSSL}": "www.wpc89.com"
        }, 
        {
            "{#DOMAINSSL}": "jbl.live"
        }, 
        {
            "{#DOMAINSSL}": "www.jbl.live"
        }
    ]
}
DEBUG 2021-07-04 05:08:49,585 - ####################################################################################################
DEBUG 2021-07-04 05:08:49,591 - DOMAIN DISCOVER
INFO 2021-07-04 05:08:49,591 - {
    "data": [
        {
            "{#DOMAINSSL}": "king8887.com"
        }, 
        {
            "{#DOMAINSSL}": "jsh7.co"
        }, 
        {
            "{#DOMAINSSL}": "eu8004.com"
        }, 
        {
            "{#DOMAINSSL}": "jbl8095.com"
        }, 
        {
            "{#DOMAINSSL}": "jiabo139.com"
        }, 
        {
            "{#DOMAINSSL}": "jin172.com"
        }, 
        {
            "{#DOMAINSSL}": "kefu.tochat800.com"
        }, 
        {
            "{#DOMAINSSL}": "jsh521.com"
        }, 
        {
            "{#DOMAINSSL}": "www.jsh521.com"
        }, 
        {
            "{#DOMAINSSL}": "tochat333.com"
        }, 
        {
            "{#DOMAINSSL}": "www.wukongchat.com"
        }, 
        {
            "{#DOMAINSSL}": "www.wukongchat.com"
        }, 
        {
            "{#DOMAINSSL}": "wpc89.com"
        }, 
        {
            "{#DOMAINSSL}": "www.wpc89.com"
        }, 
        {
            "{#DOMAINSSL}": "euv68.com"
        }, 
        {
            "{#DOMAINSSL}": "jbl.live"
        }, 
        {
            "{#DOMAINSSL}": "www.jbl.live"
        }, 
        {
            "{#DOMAINSSL}": "www.tochat800.com"
        }
    ]
}
DEBUG 2021-07-04 06:08:52,922 - ####################################################################################################
DEBUG 2021-07-04 06:08:52,927 - DOMAIN DISCOVER
INFO 2021-07-04 06:08:52,928 - {
    "data": [
        {
            "{#DOMAINSSL}": "kefu.tochat800.com"
        }, 
        {
            "{#DOMAINSSL}": "jsh521.com"
        }, 
        {
            "{#DOMAINSSL}": "www.jsh521.com"
        }, 
        {
            "{#DOMAINSSL}": "tochat333.com"
        }, 
        {
            "{#DOMAINSSL}": "www.wukongchat.com"
        }, 
        {
            "{#DOMAINSSL}": "www.wukongchat.com"
        }, 
        {
            "{#DOMAINSSL}": "wpc89.com"
        }, 
        {
            "{#DOMAINSSL}": "www.wpc89.com"
        }, 
        {
            "{#DOMAINSSL}": "euv68.com"
        }, 
        {
            "{#DOMAINSSL}": "jbl.live"
        }, 
        {
            "{#DOMAINSSL}": "www.jbl.live"
        }, 
        {
            "{#DOMAINSSL}": "www.tochat800.com"
        }
    ]
}
DEBUG 2021-07-04 07:08:52,045 - ####################################################################################################
DEBUG 2021-07-04 07:08:52,051 - DOMAIN DISCOVER
INFO 2021-07-04 07:08:52,051 - {
    "data": [
        {
            "{#DOMAINSSL}": "kefu.tochat800.com"
        }, 
        {
            "{#DOMAINSSL}": "tochat333.com"
        }, 
        {
            "{#DOMAINSSL}": "www.wukongchat.com"
        }, 
        {
            "{#DOMAINSSL}": "www.wukongchat.com"
        }, 
        {
            "{#DOMAINSSL}": "wpc89.com"
        }, 
        {
            "{#DOMAINSSL}": "www.wpc89.com"
        }, 
        {
            "{#DOMAINSSL}": "jbl.live"
        }, 
        {
            "{#DOMAINSSL}": "www.jbl.live"
        }, 
        {
            "{#DOMAINSSL}": "www.tochat800.com"
        }
    ]
}
DEBUG 2021-07-04 08:08:50,788 - ####################################################################################################
DEBUG 2021-07-04 08:08:50,795 - DOMAIN DISCOVER
INFO 2021-07-04 08:08:50,795 - {
    "data": [
        {
            "{#DOMAINSSL}": "kefu.tochat800.com"
        }, 
        {
            "{#DOMAINSSL}": "tochat333.com"
        }, 
        {
            "{#DOMAINSSL}": "www.wukongchat.com"
        }, 
        {
            "{#DOMAINSSL}": "www.wukongchat.com"
        }, 
        {
            "{#DOMAINSSL}": "wpc89.com"
        }, 
        {
            "{#DOMAINSSL}": "www.wpc89.com"
        }, 
        {
            "{#DOMAINSSL}": "jbl.live"
        }, 
        {
            "{#DOMAINSSL}": "www.jbl.live"
        }, 
        {
            "{#DOMAINSSL}": "www.tochat800.com"
        }
    ]
}
DEBUG 2021-07-04 09:08:49,475 - ####################################################################################################
DEBUG 2021-07-04 09:08:49,483 - DOMAIN DISCOVER
INFO 2021-07-04 09:08:49,483 - {
    "data": [
        {
            "{#DOMAINSSL}": "kefu.tochat800.com"
        }, 
        {
            "{#DOMAINSSL}": "tochat333.com"
        }, 
        {
            "{#DOMAINSSL}": "www.wukongchat.com"
        }, 
        {
            "{#DOMAINSSL}": "www.wukongchat.com"
        }, 
        {
            "{#DOMAINSSL}": "wpc89.com"
        }, 
        {
            "{#DOMAINSSL}": "www.wpc89.com"
        }, 
        {
            "{#DOMAINSSL}": "jbl.live"
        }, 
        {
            "{#DOMAINSSL}": "www.jbl.live"
        }, 
        {
            "{#DOMAINSSL}": "www.tochat800.com"
        }
    ]
}
DEBUG 2021-07-04 10:08:51,872 - ####################################################################################################
DEBUG 2021-07-04 10:08:51,879 - DOMAIN DISCOVER
INFO 2021-07-04 10:08:51,879 - {
    "data": [
        {
            "{#DOMAINSSL}": "kefu.tochat800.com"
        }, 
        {
            "{#DOMAINSSL}": "tochat333.com"
        }, 
        {
            "{#DOMAINSSL}": "www.wukongchat.com"
        }, 
        {
            "{#DOMAINSSL}": "www.wukongchat.com"
        }, 
        {
            "{#DOMAINSSL}": "wpc89.com"
        }, 
        {
            "{#DOMAINSSL}": "www.wpc89.com"
        }, 
        {
            "{#DOMAINSSL}": "jbl.live"
        }, 
        {
            "{#DOMAINSSL}": "www.jbl.live"
        }, 
        {
            "{#DOMAINSSL}": "www.tochat800.com"
        }
    ]
}
DEBUG 2021-07-04 11:08:52,516 - ####################################################################################################
DEBUG 2021-07-04 11:08:52,522 - DOMAIN DISCOVER
INFO 2021-07-04 11:08:52,522 - {
    "data": [
        {
            "{#DOMAINSSL}": "kefu.tochat800.com"
        }, 
        {
            "{#DOMAINSSL}": "tochat333.com"
        }, 
        {
            "{#DOMAINSSL}": "www.wukongchat.com"
        }, 
        {
            "{#DOMAINSSL}": "www.wukongchat.com"
        }, 
        {
            "{#DOMAINSSL}": "wpc89.com"
        }, 
        {
            "{#DOMAINSSL}": "www.wpc89.com"
        }, 
        {
            "{#DOMAINSSL}": "jbl.live"
        }, 
        {
            "{#DOMAINSSL}": "www.jbl.live"
        }, 
        {
            "{#DOMAINSSL}": "www.tochat800.com"
        }
    ]
}
DEBUG 2021-07-04 12:08:51,170 - ####################################################################################################
DEBUG 2021-07-04 12:08:51,176 - DOMAIN DISCOVER
INFO 2021-07-04 12:08:51,176 - {
    "data": [
        {
            "{#DOMAINSSL}": "kefu.tochat800.com"
        }, 
        {
            "{#DOMAINSSL}": "tochat333.com"
        }, 
        {
            "{#DOMAINSSL}": "www.wukongchat.com"
        }, 
        {
            "{#DOMAINSSL}": "www.wukongchat.com"
        }, 
        {
            "{#DOMAINSSL}": "wpc89.com"
        }, 
        {
            "{#DOMAINSSL}": "www.wpc89.com"
        }, 
        {
            "{#DOMAINSSL}": "jbl.live"
        }, 
        {
            "{#DOMAINSSL}": "www.jbl.live"
        }, 
        {
            "{#DOMAINSSL}": "www.tochat800.com"
        }
    ]
}
DEBUG 2021-07-04 13:08:51,670 - ####################################################################################################
DEBUG 2021-07-04 13:08:51,676 - DOMAIN DISCOVER
INFO 2021-07-04 13:08:51,676 - {
    "data": [
        {
            "{#DOMAINSSL}": "tochat333.com"
        }, 
        {
            "{#DOMAINSSL}": "www.wukongchat.com"
        }, 
        {
            "{#DOMAINSSL}": "www.wukongchat.com"
        }, 
        {
            "{#DOMAINSSL}": "wpc89.com"
        }, 
        {
            "{#DOMAINSSL}": "www.wpc89.com"
        }, 
        {
            "{#DOMAINSSL}": "jbl.live"
        }, 
        {
            "{#DOMAINSSL}": "www.jbl.live"
        }
    ]
}
DEBUG 2021-07-04 14:08:52,251 - ####################################################################################################
DEBUG 2021-07-04 14:08:52,258 - DOMAIN DISCOVER
INFO 2021-07-04 14:08:52,258 - {
    "data": [
        {
            "{#DOMAINSSL}": "tochat333.com"
        }, 
        {
            "{#DOMAINSSL}": "www.wukongchat.com"
        }, 
        {
            "{#DOMAINSSL}": "www.wukongchat.com"
        }, 
        {
            "{#DOMAINSSL}": "wpc89.com"
        }, 
        {
            "{#DOMAINSSL}": "www.wpc89.com"
        }, 
        {
            "{#DOMAINSSL}": "jbl.live"
        }, 
        {
            "{#DOMAINSSL}": "www.jbl.live"
        }
    ]
}
DEBUG 2021-07-04 15:08:52,191 - ####################################################################################################
DEBUG 2021-07-04 15:08:52,197 - DOMAIN DISCOVER
INFO 2021-07-04 15:08:52,197 - {
    "data": [
        {
            "{#DOMAINSSL}": "tochat333.com"
        }, 
        {
            "{#DOMAINSSL}": "www.wukongchat.com"
        }, 
        {
            "{#DOMAINSSL}": "www.wukongchat.com"
        }, 
        {
            "{#DOMAINSSL}": "wpc89.com"
        }, 
        {
            "{#DOMAINSSL}": "www.wpc89.com"
        }, 
        {
            "{#DOMAINSSL}": "jbl.live"
        }, 
        {
            "{#DOMAINSSL}": "www.jbl.live"
        }
    ]
}
DEBUG 2021-07-04 16:08:52,944 - ####################################################################################################
DEBUG 2021-07-04 16:08:52,952 - DOMAIN DISCOVER
INFO 2021-07-04 16:08:52,952 - {
    "data": [
        {
            "{#DOMAINSSL}": "tochat333.com"
        }, 
        {
            "{#DOMAINSSL}": "www.wukongchat.com"
        }, 
        {
            "{#DOMAINSSL}": "www.wukongchat.com"
        }, 
        {
            "{#DOMAINSSL}": "wpc89.com"
        }, 
        {
            "{#DOMAINSSL}": "www.wpc89.com"
        }, 
        {
            "{#DOMAINSSL}": "jbl.live"
        }, 
        {
            "{#DOMAINSSL}": "www.jbl.live"
        }
    ]
}
DEBUG 2021-07-04 17:08:54,045 - ####################################################################################################
DEBUG 2021-07-04 17:08:54,052 - DOMAIN DISCOVER
INFO 2021-07-04 17:08:54,052 - {
    "data": [
        {
            "{#DOMAINSSL}": "tochat333.com"
        }, 
        {
            "{#DOMAINSSL}": "www.wukongchat.com"
        }, 
        {
            "{#DOMAINSSL}": "www.wukongchat.com"
        }, 
        {
            "{#DOMAINSSL}": "wpc89.com"
        }, 
        {
            "{#DOMAINSSL}": "www.wpc89.com"
        }, 
        {
            "{#DOMAINSSL}": "jbl.live"
        }, 
        {
            "{#DOMAINSSL}": "www.jbl.live"
        }
    ]
}
DEBUG 2021-07-04 18:08:53,723 - ####################################################################################################
DEBUG 2021-07-04 18:08:53,728 - DOMAIN DISCOVER
INFO 2021-07-04 18:08:53,729 - {
    "data": [
        {
            "{#DOMAINSSL}": "tochat333.com"
        }, 
        {
            "{#DOMAINSSL}": "www.wukongchat.com"
        }, 
        {
            "{#DOMAINSSL}": "www.wukongchat.com"
        }, 
        {
            "{#DOMAINSSL}": "wpc89.com"
        }, 
        {
            "{#DOMAINSSL}": "www.wpc89.com"
        }, 
        {
            "{#DOMAINSSL}": "jbl.live"
        }, 
        {
            "{#DOMAINSSL}": "www.jbl.live"
        }
    ]
}
DEBUG 2021-07-04 19:08:52,304 - ####################################################################################################
DEBUG 2021-07-04 19:08:52,312 - DOMAIN DISCOVER
INFO 2021-07-04 19:08:52,312 - {
    "data": [
        {
            "{#DOMAINSSL}": "tochat333.com"
        }, 
        {
            "{#DOMAINSSL}": "www.wukongchat.com"
        }, 
        {
            "{#DOMAINSSL}": "www.wukongchat.com"
        }, 
        {
            "{#DOMAINSSL}": "wpc89.com"
        }, 
        {
            "{#DOMAINSSL}": "www.wpc89.com"
        }, 
        {
            "{#DOMAINSSL}": "jbl.live"
        }, 
        {
            "{#DOMAINSSL}": "www.jbl.live"
        }
    ]
}
DEBUG 2021-07-04 20:08:53,305 - ####################################################################################################
DEBUG 2021-07-04 20:08:53,311 - DOMAIN DISCOVER
INFO 2021-07-04 20:08:53,312 - {
    "data": [
        {
            "{#DOMAINSSL}": "tochat333.com"
        }, 
        {
            "{#DOMAINSSL}": "www.wukongchat.com"
        }, 
        {
            "{#DOMAINSSL}": "www.wukongchat.com"
        }, 
        {
            "{#DOMAINSSL}": "wpc89.com"
        }, 
        {
            "{#DOMAINSSL}": "www.wpc89.com"
        }, 
        {
            "{#DOMAINSSL}": "jbl.live"
        }, 
        {
            "{#DOMAINSSL}": "www.jbl.live"
        }
    ]
}
DEBUG 2021-07-04 21:08:53,796 - ####################################################################################################
DEBUG 2021-07-04 21:08:53,801 - DOMAIN DISCOVER
INFO 2021-07-04 21:08:53,802 - {
    "data": [
        {
            "{#DOMAINSSL}": "tochat333.com"
        }, 
        {
            "{#DOMAINSSL}": "www.wukongchat.com"
        }, 
        {
            "{#DOMAINSSL}": "www.wukongchat.com"
        }, 
        {
            "{#DOMAINSSL}": "wpc89.com"
        }, 
        {
            "{#DOMAINSSL}": "www.wpc89.com"
        }, 
        {
            "{#DOMAINSSL}": "jbl.live"
        }, 
        {
            "{#DOMAINSSL}": "www.jbl.live"
        }
    ]
}
DEBUG 2021-07-04 22:08:54,294 - ####################################################################################################
DEBUG 2021-07-04 22:08:54,300 - DOMAIN DISCOVER
INFO 2021-07-04 22:08:54,300 - {
    "data": [
        {
            "{#DOMAINSSL}": "tochat333.com"
        }, 
        {
            "{#DOMAINSSL}": "www.wukongchat.com"
        }, 
        {
            "{#DOMAINSSL}": "www.wukongchat.com"
        }, 
        {
            "{#DOMAINSSL}": "wpc89.com"
        }, 
        {
            "{#DOMAINSSL}": "www.wpc89.com"
        }, 
        {
            "{#DOMAINSSL}": "jbl.live"
        }, 
        {
            "{#DOMAINSSL}": "www.jbl.live"
        }
    ]
}
DEBUG 2021-07-04 23:08:49,934 - ####################################################################################################
DEBUG 2021-07-04 23:08:49,941 - DOMAIN DISCOVER
INFO 2021-07-04 23:08:49,941 - {
    "data": [
        {
            "{#DOMAINSSL}": "tochat333.com"
        }, 
        {
            "{#DOMAINSSL}": "www.wukongchat.com"
        }, 
        {
            "{#DOMAINSSL}": "www.wukongchat.com"
        }, 
        {
            "{#DOMAINSSL}": "wpc89.com"
        }, 
        {
            "{#DOMAINSSL}": "www.wpc89.com"
        }, 
        {
            "{#DOMAINSSL}": "jbl.live"
        }, 
        {
            "{#DOMAINSSL}": "www.jbl.live"
        }
    ]
}
