DEBUG 2021-07-11 00:08:51,613 - ####################################################################################################
DEBUG 2021-07-11 00:08:51,618 - DOMAIN DISCOVER
INFO 2021-07-11 00:08:51,619 - {
    "data": [
        {
            "{#DOMAINSSL}": "12899888.com"
        }, 
        {
            "{#DOMAINSSL}": "tv36.com"
        }, 
        {
            "{#DOMAINSSL}": "ebcn.chaodjia.com"
        }
    ]
}
DEBUG 2021-07-11 01:08:50,453 - ####################################################################################################
DEBUG 2021-07-11 01:08:50,460 - DOMAIN DISCOVER
INFO 2021-07-11 01:08:50,460 - {
    "data": [
        {
            "{#DOMAINSSL}": "12899888.com"
        }, 
        {
            "{#DOMAINSSL}": "tv36.com"
        }, 
        {
            "{#DOMAINSSL}": "ebcn.chaodjia.com"
        }
    ]
}
DEBUG 2021-07-11 02:08:55,106 - ####################################################################################################
DEBUG 2021-07-11 02:08:55,113 - DOMAIN DISCOVER
INFO 2021-07-11 02:08:55,113 - {
    "data": [
        {
            "{#DOMAINSSL}": "12899888.com"
        }, 
        {
            "{#DOMAINSSL}": "tv36.com"
        }, 
        {
            "{#DOMAINSSL}": "ebcn.chaodjia.com"
        }
    ]
}
DEBUG 2021-07-11 03:08:56,686 - ####################################################################################################
DEBUG 2021-07-11 03:08:56,693 - DOMAIN DISCOVER
INFO 2021-07-11 03:08:56,693 - {
    "data": [
        {
            "{#DOMAINSSL}": "12899888.com"
        }, 
        {
            "{#DOMAINSSL}": "tv36.com"
        }, 
        {
            "{#DOMAINSSL}": "ebcn.chaodjia.com"
        }
    ]
}
DEBUG 2021-07-11 04:08:58,041 - ####################################################################################################
DEBUG 2021-07-11 04:08:58,048 - DOMAIN DISCOVER
INFO 2021-07-11 04:08:58,048 - {
    "data": [
        {
            "{#DOMAINSSL}": "12899888.com"
        }, 
        {
            "{#DOMAINSSL}": "tv36.com"
        }, 
        {
            "{#DOMAINSSL}": "ebcn.chaodjia.com"
        }
    ]
}
DEBUG 2021-07-11 05:08:52,641 - ####################################################################################################
DEBUG 2021-07-11 05:08:52,647 - DOMAIN DISCOVER
INFO 2021-07-11 05:08:52,648 - {
    "data": [
        {
            "{#DOMAINSSL}": "52020000.com"
        }, 
        {
            "{#DOMAINSSL}": "tv36.com"
        }, 
        {
            "{#DOMAINSSL}": "xbet999.com"
        }, 
        {
            "{#DOMAINSSL}": "xbet417.com"
        }, 
        {
            "{#DOMAINSSL}": "jin172.com"
        }, 
        {
            "{#DOMAINSSL}": "ebcn.chaodjia.com"
        }, 
        {
            "{#DOMAINSSL}": "gci.987byh.com"
        }, 
        {
            "{#DOMAINSSL}": "jsh521.com"
        }, 
        {
            "{#DOMAINSSL}": "www.jsh521.com"
        }, 
        {
            "{#DOMAINSSL}": "www.eu880.com"
        }, 
        {
            "{#DOMAINSSL}": "www.eu590.com"
        }, 
        {
            "{#DOMAINSSL}": "eu590.com"
        }
    ]
}
DEBUG 2021-07-11 06:08:51,569 - ####################################################################################################
DEBUG 2021-07-11 06:08:51,576 - DOMAIN DISCOVER
INFO 2021-07-11 06:08:51,576 - {
    "data": [
        {
            "{#DOMAINSSL}": "eu2222.com"
        }, 
        {
            "{#DOMAINSSL}": "tv36.com"
        }, 
        {
            "{#DOMAINSSL}": "api.hotmeo.cn"
        }, 
        {
            "{#DOMAINSSL}": "jblying888.com"
        }, 
        {
            "{#DOMAINSSL}": "ying88888.com"
        }, 
        {
            "{#DOMAINSSL}": "eu2018.net"
        }, 
        {
            "{#DOMAINSSL}": "gci.987byh.com"
        }
    ]
}
DEBUG 2021-07-11 07:08:50,296 - ####################################################################################################
DEBUG 2021-07-11 07:08:50,302 - DOMAIN DISCOVER
INFO 2021-07-11 07:08:50,302 - {
    "data": [
        {
            "{#DOMAINSSL}": "tv36.com"
        }, 
        {
            "{#DOMAINSSL}": "gci.987byh.com"
        }
    ]
}
DEBUG 2021-07-11 08:08:51,313 - ####################################################################################################
DEBUG 2021-07-11 08:08:51,319 - DOMAIN DISCOVER
INFO 2021-07-11 08:08:51,319 - {
    "data": [
        {
            "{#DOMAINSSL}": "tv36.com"
        }, 
        {
            "{#DOMAINSSL}": "gci.987byh.com"
        }
    ]
}
DEBUG 2021-07-11 09:08:52,159 - ####################################################################################################
DEBUG 2021-07-11 09:08:52,165 - DOMAIN DISCOVER
INFO 2021-07-11 09:08:52,165 - {
    "data": [
        {
            "{#DOMAINSSL}": "tv36.com"
        }, 
        {
            "{#DOMAINSSL}": "gci.987byh.com"
        }
    ]
}
DEBUG 2021-07-11 10:08:51,024 - ####################################################################################################
DEBUG 2021-07-11 10:08:51,030 - DOMAIN DISCOVER
INFO 2021-07-11 10:08:51,030 - {
    "data": [
        {
            "{#DOMAINSSL}": "tv36.com"
        }, 
        {
            "{#DOMAINSSL}": "gci.987byh.com"
        }
    ]
}
DEBUG 2021-07-11 11:08:54,000 - ####################################################################################################
DEBUG 2021-07-11 11:08:54,007 - DOMAIN DISCOVER
INFO 2021-07-11 11:08:54,007 - {
    "data": [
        {
            "{#DOMAINSSL}": "tv36.com"
        }, 
        {
            "{#DOMAINSSL}": "gci.987byh.com"
        }
    ]
}
DEBUG 2021-07-11 12:08:51,098 - ####################################################################################################
DEBUG 2021-07-11 12:08:51,104 - DOMAIN DISCOVER
INFO 2021-07-11 12:08:51,104 - {
    "data": [
        {
            "{#DOMAINSSL}": "tv36.com"
        }, 
        {
            "{#DOMAINSSL}": "gci.987byh.com"
        }
    ]
}
DEBUG 2021-07-11 13:08:52,708 - ####################################################################################################
DEBUG 2021-07-11 13:08:52,714 - DOMAIN DISCOVER
INFO 2021-07-11 13:08:52,714 - {
    "data": [
        {
            "{#DOMAINSSL}": "tv36.com"
        }, 
        {
            "{#DOMAINSSL}": "gci.987byh.com"
        }
    ]
}
DEBUG 2021-07-11 14:08:52,635 - ####################################################################################################
DEBUG 2021-07-11 14:08:52,642 - DOMAIN DISCOVER
INFO 2021-07-11 14:08:52,643 - {
    "data": [
        {
            "{#DOMAINSSL}": "tv36.com"
        }, 
        {
            "{#DOMAINSSL}": "gci.987byh.com"
        }
    ]
}
DEBUG 2021-07-11 15:08:54,399 - ####################################################################################################
DEBUG 2021-07-11 15:08:54,406 - DOMAIN DISCOVER
INFO 2021-07-11 15:08:54,406 - {
    "data": [
        {
            "{#DOMAINSSL}": "tv36.com"
        }, 
        {
            "{#DOMAINSSL}": "gci.987byh.com"
        }
    ]
}
DEBUG 2021-07-11 16:08:52,460 - ####################################################################################################
DEBUG 2021-07-11 16:08:52,466 - DOMAIN DISCOVER
INFO 2021-07-11 16:08:52,466 - {
    "data": [
        {
            "{#DOMAINSSL}": "tv36.com"
        }, 
        {
            "{#DOMAINSSL}": "gci.987byh.com"
        }
    ]
}
DEBUG 2021-07-11 17:08:51,733 - ####################################################################################################
DEBUG 2021-07-11 17:08:51,740 - DOMAIN DISCOVER
INFO 2021-07-11 17:08:51,740 - {
    "data": [
        {
            "{#DOMAINSSL}": "tv36.com"
        }, 
        {
            "{#DOMAINSSL}": "gci.987byh.com"
        }
    ]
}
DEBUG 2021-07-11 18:08:52,520 - ####################################################################################################
DEBUG 2021-07-11 18:08:52,528 - DOMAIN DISCOVER
INFO 2021-07-11 18:08:52,528 - {
    "data": [
        {
            "{#DOMAINSSL}": "tv36.com"
        }, 
        {
            "{#DOMAINSSL}": "gci.987byh.com"
        }
    ]
}
DEBUG 2021-07-11 19:08:49,281 - ####################################################################################################
DEBUG 2021-07-11 19:08:49,287 - DOMAIN DISCOVER
INFO 2021-07-11 19:08:49,287 - {
    "data": [
        {
            "{#DOMAINSSL}": "tv36.com"
        }, 
        {
            "{#DOMAINSSL}": "gci.987byh.com"
        }
    ]
}
DEBUG 2021-07-11 20:08:51,579 - ####################################################################################################
DEBUG 2021-07-11 20:08:51,587 - DOMAIN DISCOVER
INFO 2021-07-11 20:08:51,587 - {
    "data": [
        {
            "{#DOMAINSSL}": "tv36.com"
        }, 
        {
            "{#DOMAINSSL}": "gci.987byh.com"
        }
    ]
}
DEBUG 2021-07-11 21:08:52,493 - ####################################################################################################
DEBUG 2021-07-11 21:08:52,500 - DOMAIN DISCOVER
INFO 2021-07-11 21:08:52,501 - {
    "data": [
        {
            "{#DOMAINSSL}": "tv36.com"
        }, 
        {
            "{#DOMAINSSL}": "gci.987byh.com"
        }
    ]
}
DEBUG 2021-07-11 22:08:51,725 - ####################################################################################################
DEBUG 2021-07-11 22:08:51,732 - DOMAIN DISCOVER
INFO 2021-07-11 22:08:51,732 - {
    "data": [
        {
            "{#DOMAINSSL}": "tv36.com"
        }, 
        {
            "{#DOMAINSSL}": "gci.987byh.com"
        }
    ]
}
DEBUG 2021-07-11 23:08:50,643 - ####################################################################################################
DEBUG 2021-07-11 23:08:50,649 - DOMAIN DISCOVER
INFO 2021-07-11 23:08:50,649 - {
    "data": [
        {
            "{#DOMAINSSL}": "tv36.com"
        }, 
        {
            "{#DOMAINSSL}": "gci.987byh.com"
        }
    ]
}
