DEBUG 2021-06-30 00:08:51,275 - ####################################################################################################
DEBUG 2021-06-30 00:08:51,283 - DOMAIN DISCOVER
INFO 2021-06-30 00:08:51,283 - {
    "data": [
        {
            "{#DOMAINSSL}": "hujidi.com"
        }, 
        {
            "{#DOMAINSSL}": "bao5566.com"
        }, 
        {
            "{#DOMAINSSL}": "www.bao5566.com"
        }, 
        {
            "{#DOMAINSSL}": "12golf.com"
        }, 
        {
            "{#DOMAINSSL}": "www.12golf.com"
        }, 
        {
            "{#DOMAINSSL}": "www.wukongchat.com"
        }, 
        {
            "{#DOMAINSSL}": "www.wukongchat.com"
        }, 
        {
            "{#DOMAINSSL}": "wpc89.com"
        }, 
        {
            "{#DOMAINSSL}": "www.wpc89.com"
        }
    ]
}
DEBUG 2021-06-30 01:08:46,586 - ####################################################################################################
DEBUG 2021-06-30 01:08:46,592 - DOMAIN DISCOVER
INFO 2021-06-30 01:08:46,592 - {
    "data": [
        {
            "{#DOMAINSSL}": "hujidi.com"
        }, 
        {
            "{#DOMAINSSL}": "bao5566.com"
        }, 
        {
            "{#DOMAINSSL}": "www.bao5566.com"
        }, 
        {
            "{#DOMAINSSL}": "12golf.com"
        }, 
        {
            "{#DOMAINSSL}": "www.12golf.com"
        }, 
        {
            "{#DOMAINSSL}": "www.wukongchat.com"
        }, 
        {
            "{#DOMAINSSL}": "www.wukongchat.com"
        }, 
        {
            "{#DOMAINSSL}": "wpc89.com"
        }, 
        {
            "{#DOMAINSSL}": "www.wpc89.com"
        }
    ]
}
DEBUG 2021-06-30 02:08:50,568 - ####################################################################################################
DEBUG 2021-06-30 02:08:50,575 - DOMAIN DISCOVER
INFO 2021-06-30 02:08:50,575 - {
    "data": [
        {
            "{#DOMAINSSL}": "hujidi.com"
        }, 
        {
            "{#DOMAINSSL}": "bao5566.com"
        }, 
        {
            "{#DOMAINSSL}": "www.bao5566.com"
        }, 
        {
            "{#DOMAINSSL}": "12golf.com"
        }, 
        {
            "{#DOMAINSSL}": "www.12golf.com"
        }, 
        {
            "{#DOMAINSSL}": "www.wukongchat.com"
        }, 
        {
            "{#DOMAINSSL}": "www.wukongchat.com"
        }, 
        {
            "{#DOMAINSSL}": "wpc89.com"
        }, 
        {
            "{#DOMAINSSL}": "www.wpc89.com"
        }
    ]
}
DEBUG 2021-06-30 03:08:54,357 - ####################################################################################################
DEBUG 2021-06-30 03:08:54,363 - DOMAIN DISCOVER
INFO 2021-06-30 03:08:54,363 - {
    "data": [
        {
            "{#DOMAINSSL}": "hujidi.com"
        }, 
        {
            "{#DOMAINSSL}": "bao5566.com"
        }, 
        {
            "{#DOMAINSSL}": "www.bao5566.com"
        }, 
        {
            "{#DOMAINSSL}": "12golf.com"
        }, 
        {
            "{#DOMAINSSL}": "www.12golf.com"
        }, 
        {
            "{#DOMAINSSL}": "www.wukongchat.com"
        }, 
        {
            "{#DOMAINSSL}": "www.wukongchat.com"
        }, 
        {
            "{#DOMAINSSL}": "wpc89.com"
        }, 
        {
            "{#DOMAINSSL}": "www.wpc89.com"
        }
    ]
}
DEBUG 2021-06-30 04:08:48,238 - ####################################################################################################
DEBUG 2021-06-30 04:08:48,244 - DOMAIN DISCOVER
INFO 2021-06-30 04:08:48,244 - {
    "data": [
        {
            "{#DOMAINSSL}": "hujidi.com"
        }, 
        {
            "{#DOMAINSSL}": "bao5566.com"
        }, 
        {
            "{#DOMAINSSL}": "www.bao5566.com"
        }, 
        {
            "{#DOMAINSSL}": "12golf.com"
        }, 
        {
            "{#DOMAINSSL}": "www.12golf.com"
        }, 
        {
            "{#DOMAINSSL}": "www.wukongchat.com"
        }, 
        {
            "{#DOMAINSSL}": "www.wukongchat.com"
        }, 
        {
            "{#DOMAINSSL}": "wpc89.com"
        }, 
        {
            "{#DOMAINSSL}": "www.wpc89.com"
        }
    ]
}
DEBUG 2021-06-30 05:08:49,750 - ####################################################################################################
DEBUG 2021-06-30 05:08:49,757 - DOMAIN DISCOVER
INFO 2021-06-30 05:08:49,757 - {
    "data": [
        {
            "{#DOMAINSSL}": "jin133.com"
        }, 
        {
            "{#DOMAINSSL}": "aa685.com"
        }, 
        {
            "{#DOMAINSSL}": "eu399.com"
        }, 
        {
            "{#DOMAINSSL}": "eu508.com"
        }, 
        {
            "{#DOMAINSSL}": "eu8866.com"
        }, 
        {
            "{#DOMAINSSL}": "hujidi.com"
        }, 
        {
            "{#DOMAINSSL}": "pc.dianwoa.top"
        }, 
        {
            "{#DOMAINSSL}": "ying88888.com"
        }, 
        {
            "{#DOMAINSSL}": "eu2018.net"
        }, 
        {
            "{#DOMAINSSL}": "bao5566.com"
        }, 
        {
            "{#DOMAINSSL}": "www.bao5566.com"
        }, 
        {
            "{#DOMAINSSL}": "12golf.com"
        }, 
        {
            "{#DOMAINSSL}": "www.12golf.com"
        }, 
        {
            "{#DOMAINSSL}": "www.wukongchat.com"
        }, 
        {
            "{#DOMAINSSL}": "www.wukongchat.com"
        }, 
        {
            "{#DOMAINSSL}": "wpc89.com"
        }, 
        {
            "{#DOMAINSSL}": "www.wpc89.com"
        }
    ]
}
DEBUG 2021-06-30 06:08:52,583 - ####################################################################################################
DEBUG 2021-06-30 06:08:52,589 - DOMAIN DISCOVER
INFO 2021-06-30 06:08:52,589 - {
    "data": [
        {
            "{#DOMAINSSL}": "202000000.com"
        }, 
        {
            "{#DOMAINSSL}": "aws-hk.fpms8.me"
        }, 
        {
            "{#DOMAINSSL}": "kbl888.net"
        }, 
        {
            "{#DOMAINSSL}": "jsh121.com"
        }, 
        {
            "{#DOMAINSSL}": "eu881.com"
        }, 
        {
            "{#DOMAINSSL}": "eu7979.com"
        }, 
        {
            "{#DOMAINSSL}": "eu2019.com"
        }, 
        {
            "{#DOMAINSSL}": "api.hotmeo.cn"
        }, 
        {
            "{#DOMAINSSL}": "eu8866.com"
        }, 
        {
            "{#DOMAINSSL}": "10680.vip"
        }, 
        {
            "{#DOMAINSSL}": "hujidi.com"
        }, 
        {
            "{#DOMAINSSL}": "pc.dianwoa.top"
        }, 
        {
            "{#DOMAINSSL}": "ying88888.com"
        }, 
        {
            "{#DOMAINSSL}": "eu2018.net"
        }, 
        {
            "{#DOMAINSSL}": "jin172.com"
        }, 
        {
            "{#DOMAINSSL}": "re.dianwoa.top"
        }, 
        {
            "{#DOMAINSSL}": "jsh521.com"
        }, 
        {
            "{#DOMAINSSL}": "www.jsh521.com"
        }, 
        {
            "{#DOMAINSSL}": "www.59988000.com"
        }, 
        {
            "{#DOMAINSSL}": "eu122.com"
        }, 
        {
            "{#DOMAINSSL}": "www.eu122.com"
        }, 
        {
            "{#DOMAINSSL}": "eu7799.com"
        }, 
        {
            "{#DOMAINSSL}": "www.eu7799.com"
        }, 
        {
            "{#DOMAINSSL}": "eu880.com"
        }, 
        {
            "{#DOMAINSSL}": "bao5566.com"
        }, 
        {
            "{#DOMAINSSL}": "www.bao5566.com"
        }, 
        {
            "{#DOMAINSSL}": "12golf.com"
        }, 
        {
            "{#DOMAINSSL}": "www.12golf.com"
        }, 
        {
            "{#DOMAINSSL}": "tochat333.com"
        }, 
        {
            "{#DOMAINSSL}": "www.wukongchat.com"
        }, 
        {
            "{#DOMAINSSL}": "www.wukongchat.com"
        }, 
        {
            "{#DOMAINSSL}": "www.eu590.com"
        }, 
        {
            "{#DOMAINSSL}": "eu590.com"
        }, 
        {
            "{#DOMAINSSL}": "wpc89.com"
        }, 
        {
            "{#DOMAINSSL}": "www.wpc89.com"
        }, 
        {
            "{#DOMAINSSL}": "jbl.live"
        }, 
        {
            "{#DOMAINSSL}": "www.jbl.live"
        }
    ]
}
DEBUG 2021-06-30 07:08:48,078 - ####################################################################################################
DEBUG 2021-06-30 07:08:48,084 - DOMAIN DISCOVER
INFO 2021-06-30 07:08:48,084 - {
    "data": [
        {
            "{#DOMAINSSL}": "hujidi.com"
        }, 
        {
            "{#DOMAINSSL}": "pc.dianwoa.top"
        }, 
        {
            "{#DOMAINSSL}": "ying88888.com"
        }, 
        {
            "{#DOMAINSSL}": "eu2018.net"
        }, 
        {
            "{#DOMAINSSL}": "jin172.com"
        }, 
        {
            "{#DOMAINSSL}": "re.dianwoa.top"
        }, 
        {
            "{#DOMAINSSL}": "jsh521.com"
        }, 
        {
            "{#DOMAINSSL}": "www.jsh521.com"
        }, 
        {
            "{#DOMAINSSL}": "eu122.com"
        }, 
        {
            "{#DOMAINSSL}": "www.eu122.com"
        }, 
        {
            "{#DOMAINSSL}": "eu7799.com"
        }, 
        {
            "{#DOMAINSSL}": "www.eu7799.com"
        }, 
        {
            "{#DOMAINSSL}": "bao5566.com"
        }, 
        {
            "{#DOMAINSSL}": "www.bao5566.com"
        }, 
        {
            "{#DOMAINSSL}": "12golf.com"
        }, 
        {
            "{#DOMAINSSL}": "www.12golf.com"
        }, 
        {
            "{#DOMAINSSL}": "tochat333.com"
        }, 
        {
            "{#DOMAINSSL}": "www.wukongchat.com"
        }, 
        {
            "{#DOMAINSSL}": "www.wukongchat.com"
        }, 
        {
            "{#DOMAINSSL}": "www.eu590.com"
        }, 
        {
            "{#DOMAINSSL}": "eu590.com"
        }, 
        {
            "{#DOMAINSSL}": "wpc89.com"
        }, 
        {
            "{#DOMAINSSL}": "www.wpc89.com"
        }, 
        {
            "{#DOMAINSSL}": "jbl.live"
        }, 
        {
            "{#DOMAINSSL}": "www.jbl.live"
        }
    ]
}
DEBUG 2021-06-30 08:08:47,846 - ####################################################################################################
DEBUG 2021-06-30 08:08:47,853 - DOMAIN DISCOVER
INFO 2021-06-30 08:08:47,853 - {
    "data": [
        {
            "{#DOMAINSSL}": "hujidi.com"
        }, 
        {
            "{#DOMAINSSL}": "pc.dianwoa.top"
        }, 
        {
            "{#DOMAINSSL}": "ying88888.com"
        }, 
        {
            "{#DOMAINSSL}": "eu2018.net"
        }, 
        {
            "{#DOMAINSSL}": "jin172.com"
        }, 
        {
            "{#DOMAINSSL}": "re.dianwoa.top"
        }, 
        {
            "{#DOMAINSSL}": "jsh521.com"
        }, 
        {
            "{#DOMAINSSL}": "www.jsh521.com"
        }, 
        {
            "{#DOMAINSSL}": "eu122.com"
        }, 
        {
            "{#DOMAINSSL}": "www.eu122.com"
        }, 
        {
            "{#DOMAINSSL}": "eu7799.com"
        }, 
        {
            "{#DOMAINSSL}": "www.eu7799.com"
        }, 
        {
            "{#DOMAINSSL}": "bao5566.com"
        }, 
        {
            "{#DOMAINSSL}": "www.bao5566.com"
        }, 
        {
            "{#DOMAINSSL}": "12golf.com"
        }, 
        {
            "{#DOMAINSSL}": "www.12golf.com"
        }, 
        {
            "{#DOMAINSSL}": "tochat333.com"
        }, 
        {
            "{#DOMAINSSL}": "www.wukongchat.com"
        }, 
        {
            "{#DOMAINSSL}": "www.wukongchat.com"
        }, 
        {
            "{#DOMAINSSL}": "www.eu590.com"
        }, 
        {
            "{#DOMAINSSL}": "eu590.com"
        }, 
        {
            "{#DOMAINSSL}": "wpc89.com"
        }, 
        {
            "{#DOMAINSSL}": "www.wpc89.com"
        }, 
        {
            "{#DOMAINSSL}": "jbl.live"
        }, 
        {
            "{#DOMAINSSL}": "www.jbl.live"
        }
    ]
}
DEBUG 2021-06-30 09:08:49,561 - ####################################################################################################
DEBUG 2021-06-30 09:08:49,567 - DOMAIN DISCOVER
INFO 2021-06-30 09:08:49,567 - {
    "data": [
        {
            "{#DOMAINSSL}": "hujidi.com"
        }, 
        {
            "{#DOMAINSSL}": "pc.dianwoa.top"
        }, 
        {
            "{#DOMAINSSL}": "ying88888.com"
        }, 
        {
            "{#DOMAINSSL}": "eu2018.net"
        }, 
        {
            "{#DOMAINSSL}": "jin172.com"
        }, 
        {
            "{#DOMAINSSL}": "re.dianwoa.top"
        }, 
        {
            "{#DOMAINSSL}": "jsh521.com"
        }, 
        {
            "{#DOMAINSSL}": "www.jsh521.com"
        }, 
        {
            "{#DOMAINSSL}": "eu122.com"
        }, 
        {
            "{#DOMAINSSL}": "www.eu122.com"
        }, 
        {
            "{#DOMAINSSL}": "eu7799.com"
        }, 
        {
            "{#DOMAINSSL}": "www.eu7799.com"
        }, 
        {
            "{#DOMAINSSL}": "bao5566.com"
        }, 
        {
            "{#DOMAINSSL}": "www.bao5566.com"
        }, 
        {
            "{#DOMAINSSL}": "12golf.com"
        }, 
        {
            "{#DOMAINSSL}": "www.12golf.com"
        }, 
        {
            "{#DOMAINSSL}": "tochat333.com"
        }, 
        {
            "{#DOMAINSSL}": "www.wukongchat.com"
        }, 
        {
            "{#DOMAINSSL}": "www.wukongchat.com"
        }, 
        {
            "{#DOMAINSSL}": "www.eu590.com"
        }, 
        {
            "{#DOMAINSSL}": "eu590.com"
        }, 
        {
            "{#DOMAINSSL}": "wpc89.com"
        }, 
        {
            "{#DOMAINSSL}": "www.wpc89.com"
        }, 
        {
            "{#DOMAINSSL}": "jbl.live"
        }, 
        {
            "{#DOMAINSSL}": "www.jbl.live"
        }
    ]
}
DEBUG 2021-06-30 10:08:49,476 - ####################################################################################################
DEBUG 2021-06-30 10:08:49,482 - DOMAIN DISCOVER
INFO 2021-06-30 10:08:49,482 - {
    "data": [
        {
            "{#DOMAINSSL}": "hujidi.com"
        }, 
        {
            "{#DOMAINSSL}": "pc.dianwoa.top"
        }, 
        {
            "{#DOMAINSSL}": "ying88888.com"
        }, 
        {
            "{#DOMAINSSL}": "eu2018.net"
        }, 
        {
            "{#DOMAINSSL}": "jin172.com"
        }, 
        {
            "{#DOMAINSSL}": "re.dianwoa.top"
        }, 
        {
            "{#DOMAINSSL}": "jsh521.com"
        }, 
        {
            "{#DOMAINSSL}": "www.jsh521.com"
        }, 
        {
            "{#DOMAINSSL}": "eu122.com"
        }, 
        {
            "{#DOMAINSSL}": "www.eu122.com"
        }, 
        {
            "{#DOMAINSSL}": "eu7799.com"
        }, 
        {
            "{#DOMAINSSL}": "www.eu7799.com"
        }, 
        {
            "{#DOMAINSSL}": "bao5566.com"
        }, 
        {
            "{#DOMAINSSL}": "www.bao5566.com"
        }, 
        {
            "{#DOMAINSSL}": "12golf.com"
        }, 
        {
            "{#DOMAINSSL}": "www.12golf.com"
        }, 
        {
            "{#DOMAINSSL}": "tochat333.com"
        }, 
        {
            "{#DOMAINSSL}": "www.wukongchat.com"
        }, 
        {
            "{#DOMAINSSL}": "www.wukongchat.com"
        }, 
        {
            "{#DOMAINSSL}": "www.eu590.com"
        }, 
        {
            "{#DOMAINSSL}": "eu590.com"
        }, 
        {
            "{#DOMAINSSL}": "wpc89.com"
        }, 
        {
            "{#DOMAINSSL}": "www.wpc89.com"
        }, 
        {
            "{#DOMAINSSL}": "jbl.live"
        }, 
        {
            "{#DOMAINSSL}": "www.jbl.live"
        }
    ]
}
DEBUG 2021-06-30 11:08:48,809 - ####################################################################################################
DEBUG 2021-06-30 11:08:48,815 - DOMAIN DISCOVER
INFO 2021-06-30 11:08:48,815 - {
    "data": [
        {
            "{#DOMAINSSL}": "hujidi.com"
        }, 
        {
            "{#DOMAINSSL}": "pc.dianwoa.top"
        }, 
        {
            "{#DOMAINSSL}": "ying88888.com"
        }, 
        {
            "{#DOMAINSSL}": "eu2018.net"
        }, 
        {
            "{#DOMAINSSL}": "jin172.com"
        }, 
        {
            "{#DOMAINSSL}": "re.dianwoa.top"
        }, 
        {
            "{#DOMAINSSL}": "jsh521.com"
        }, 
        {
            "{#DOMAINSSL}": "www.jsh521.com"
        }, 
        {
            "{#DOMAINSSL}": "eu122.com"
        }, 
        {
            "{#DOMAINSSL}": "www.eu122.com"
        }, 
        {
            "{#DOMAINSSL}": "eu7799.com"
        }, 
        {
            "{#DOMAINSSL}": "www.eu7799.com"
        }, 
        {
            "{#DOMAINSSL}": "bao5566.com"
        }, 
        {
            "{#DOMAINSSL}": "www.bao5566.com"
        }, 
        {
            "{#DOMAINSSL}": "12golf.com"
        }, 
        {
            "{#DOMAINSSL}": "www.12golf.com"
        }, 
        {
            "{#DOMAINSSL}": "tochat333.com"
        }, 
        {
            "{#DOMAINSSL}": "www.wukongchat.com"
        }, 
        {
            "{#DOMAINSSL}": "www.wukongchat.com"
        }, 
        {
            "{#DOMAINSSL}": "www.eu590.com"
        }, 
        {
            "{#DOMAINSSL}": "eu590.com"
        }, 
        {
            "{#DOMAINSSL}": "wpc89.com"
        }, 
        {
            "{#DOMAINSSL}": "www.wpc89.com"
        }, 
        {
            "{#DOMAINSSL}": "jbl.live"
        }, 
        {
            "{#DOMAINSSL}": "www.jbl.live"
        }
    ]
}
DEBUG 2021-06-30 12:08:49,786 - ####################################################################################################
DEBUG 2021-06-30 12:08:49,792 - DOMAIN DISCOVER
INFO 2021-06-30 12:08:49,793 - {
    "data": [
        {
            "{#DOMAINSSL}": "hujidi.com"
        }, 
        {
            "{#DOMAINSSL}": "pc.dianwoa.top"
        }, 
        {
            "{#DOMAINSSL}": "ying88888.com"
        }, 
        {
            "{#DOMAINSSL}": "eu2018.net"
        }, 
        {
            "{#DOMAINSSL}": "jin172.com"
        }, 
        {
            "{#DOMAINSSL}": "re.dianwoa.top"
        }, 
        {
            "{#DOMAINSSL}": "jsh521.com"
        }, 
        {
            "{#DOMAINSSL}": "www.jsh521.com"
        }, 
        {
            "{#DOMAINSSL}": "eu122.com"
        }, 
        {
            "{#DOMAINSSL}": "www.eu122.com"
        }, 
        {
            "{#DOMAINSSL}": "eu7799.com"
        }, 
        {
            "{#DOMAINSSL}": "www.eu7799.com"
        }, 
        {
            "{#DOMAINSSL}": "bao5566.com"
        }, 
        {
            "{#DOMAINSSL}": "www.bao5566.com"
        }, 
        {
            "{#DOMAINSSL}": "12golf.com"
        }, 
        {
            "{#DOMAINSSL}": "www.12golf.com"
        }, 
        {
            "{#DOMAINSSL}": "tochat333.com"
        }, 
        {
            "{#DOMAINSSL}": "www.wukongchat.com"
        }, 
        {
            "{#DOMAINSSL}": "www.wukongchat.com"
        }, 
        {
            "{#DOMAINSSL}": "www.eu590.com"
        }, 
        {
            "{#DOMAINSSL}": "eu590.com"
        }, 
        {
            "{#DOMAINSSL}": "wpc89.com"
        }, 
        {
            "{#DOMAINSSL}": "www.wpc89.com"
        }, 
        {
            "{#DOMAINSSL}": "jbl.live"
        }, 
        {
            "{#DOMAINSSL}": "www.jbl.live"
        }
    ]
}
DEBUG 2021-06-30 13:08:47,765 - ####################################################################################################
DEBUG 2021-06-30 13:08:47,771 - DOMAIN DISCOVER
INFO 2021-06-30 13:08:47,771 - {
    "data": [
        {
            "{#DOMAINSSL}": "hujidi.com"
        }, 
        {
            "{#DOMAINSSL}": "pc.dianwoa.top"
        }, 
        {
            "{#DOMAINSSL}": "ying88888.com"
        }, 
        {
            "{#DOMAINSSL}": "eu2018.net"
        }, 
        {
            "{#DOMAINSSL}": "jin172.com"
        }, 
        {
            "{#DOMAINSSL}": "re.dianwoa.top"
        }, 
        {
            "{#DOMAINSSL}": "jsh521.com"
        }, 
        {
            "{#DOMAINSSL}": "www.jsh521.com"
        }, 
        {
            "{#DOMAINSSL}": "eu122.com"
        }, 
        {
            "{#DOMAINSSL}": "www.eu122.com"
        }, 
        {
            "{#DOMAINSSL}": "eu7799.com"
        }, 
        {
            "{#DOMAINSSL}": "www.eu7799.com"
        }, 
        {
            "{#DOMAINSSL}": "12golf.com"
        }, 
        {
            "{#DOMAINSSL}": "www.12golf.com"
        }, 
        {
            "{#DOMAINSSL}": "tochat333.com"
        }, 
        {
            "{#DOMAINSSL}": "www.wukongchat.com"
        }, 
        {
            "{#DOMAINSSL}": "www.wukongchat.com"
        }, 
        {
            "{#DOMAINSSL}": "www.eu590.com"
        }, 
        {
            "{#DOMAINSSL}": "eu590.com"
        }, 
        {
            "{#DOMAINSSL}": "wpc89.com"
        }, 
        {
            "{#DOMAINSSL}": "www.wpc89.com"
        }, 
        {
            "{#DOMAINSSL}": "jbl.live"
        }, 
        {
            "{#DOMAINSSL}": "www.jbl.live"
        }
    ]
}
DEBUG 2021-06-30 14:08:50,055 - ####################################################################################################
DEBUG 2021-06-30 14:08:50,061 - DOMAIN DISCOVER
INFO 2021-06-30 14:08:50,061 - {
    "data": [
        {
            "{#DOMAINSSL}": "hujidi.com"
        }, 
        {
            "{#DOMAINSSL}": "pc.dianwoa.top"
        }, 
        {
            "{#DOMAINSSL}": "ying88888.com"
        }, 
        {
            "{#DOMAINSSL}": "eu2018.net"
        }, 
        {
            "{#DOMAINSSL}": "jin172.com"
        }, 
        {
            "{#DOMAINSSL}": "re.dianwoa.top"
        }, 
        {
            "{#DOMAINSSL}": "jsh521.com"
        }, 
        {
            "{#DOMAINSSL}": "www.jsh521.com"
        }, 
        {
            "{#DOMAINSSL}": "eu122.com"
        }, 
        {
            "{#DOMAINSSL}": "www.eu122.com"
        }, 
        {
            "{#DOMAINSSL}": "eu7799.com"
        }, 
        {
            "{#DOMAINSSL}": "www.eu7799.com"
        }, 
        {
            "{#DOMAINSSL}": "12golf.com"
        }, 
        {
            "{#DOMAINSSL}": "www.12golf.com"
        }, 
        {
            "{#DOMAINSSL}": "tochat333.com"
        }, 
        {
            "{#DOMAINSSL}": "www.wukongchat.com"
        }, 
        {
            "{#DOMAINSSL}": "www.wukongchat.com"
        }, 
        {
            "{#DOMAINSSL}": "www.eu590.com"
        }, 
        {
            "{#DOMAINSSL}": "eu590.com"
        }, 
        {
            "{#DOMAINSSL}": "wpc89.com"
        }, 
        {
            "{#DOMAINSSL}": "www.wpc89.com"
        }, 
        {
            "{#DOMAINSSL}": "jbl.live"
        }, 
        {
            "{#DOMAINSSL}": "www.jbl.live"
        }
    ]
}
DEBUG 2021-06-30 15:08:51,409 - ####################################################################################################
DEBUG 2021-06-30 15:08:51,416 - DOMAIN DISCOVER
INFO 2021-06-30 15:08:51,416 - {
    "data": [
        {
            "{#DOMAINSSL}": "hujidi.com"
        }, 
        {
            "{#DOMAINSSL}": "pc.dianwoa.top"
        }, 
        {
            "{#DOMAINSSL}": "ying88888.com"
        }, 
        {
            "{#DOMAINSSL}": "eu2018.net"
        }, 
        {
            "{#DOMAINSSL}": "jin172.com"
        }, 
        {
            "{#DOMAINSSL}": "re.dianwoa.top"
        }, 
        {
            "{#DOMAINSSL}": "jsh521.com"
        }, 
        {
            "{#DOMAINSSL}": "www.jsh521.com"
        }, 
        {
            "{#DOMAINSSL}": "eu122.com"
        }, 
        {
            "{#DOMAINSSL}": "www.eu122.com"
        }, 
        {
            "{#DOMAINSSL}": "eu7799.com"
        }, 
        {
            "{#DOMAINSSL}": "www.eu7799.com"
        }, 
        {
            "{#DOMAINSSL}": "12golf.com"
        }, 
        {
            "{#DOMAINSSL}": "www.12golf.com"
        }, 
        {
            "{#DOMAINSSL}": "tochat333.com"
        }, 
        {
            "{#DOMAINSSL}": "www.wukongchat.com"
        }, 
        {
            "{#DOMAINSSL}": "www.wukongchat.com"
        }, 
        {
            "{#DOMAINSSL}": "www.eu590.com"
        }, 
        {
            "{#DOMAINSSL}": "eu590.com"
        }, 
        {
            "{#DOMAINSSL}": "wpc89.com"
        }, 
        {
            "{#DOMAINSSL}": "www.wpc89.com"
        }, 
        {
            "{#DOMAINSSL}": "jbl.live"
        }, 
        {
            "{#DOMAINSSL}": "www.jbl.live"
        }
    ]
}
DEBUG 2021-06-30 16:08:51,247 - ####################################################################################################
DEBUG 2021-06-30 16:08:51,253 - DOMAIN DISCOVER
INFO 2021-06-30 16:08:51,254 - {
    "data": [
        {
            "{#DOMAINSSL}": "hujidi.com"
        }, 
        {
            "{#DOMAINSSL}": "pc.dianwoa.top"
        }, 
        {
            "{#DOMAINSSL}": "ying88888.com"
        }, 
        {
            "{#DOMAINSSL}": "eu2018.net"
        }, 
        {
            "{#DOMAINSSL}": "jin172.com"
        }, 
        {
            "{#DOMAINSSL}": "re.dianwoa.top"
        }, 
        {
            "{#DOMAINSSL}": "jsh521.com"
        }, 
        {
            "{#DOMAINSSL}": "www.jsh521.com"
        }, 
        {
            "{#DOMAINSSL}": "eu122.com"
        }, 
        {
            "{#DOMAINSSL}": "www.eu122.com"
        }, 
        {
            "{#DOMAINSSL}": "eu7799.com"
        }, 
        {
            "{#DOMAINSSL}": "www.eu7799.com"
        }, 
        {
            "{#DOMAINSSL}": "12golf.com"
        }, 
        {
            "{#DOMAINSSL}": "www.12golf.com"
        }, 
        {
            "{#DOMAINSSL}": "tochat333.com"
        }, 
        {
            "{#DOMAINSSL}": "www.wukongchat.com"
        }, 
        {
            "{#DOMAINSSL}": "www.wukongchat.com"
        }, 
        {
            "{#DOMAINSSL}": "www.eu590.com"
        }, 
        {
            "{#DOMAINSSL}": "eu590.com"
        }, 
        {
            "{#DOMAINSSL}": "wpc89.com"
        }, 
        {
            "{#DOMAINSSL}": "www.wpc89.com"
        }, 
        {
            "{#DOMAINSSL}": "jbl.live"
        }, 
        {
            "{#DOMAINSSL}": "www.jbl.live"
        }
    ]
}
DEBUG 2021-06-30 17:08:50,106 - ####################################################################################################
DEBUG 2021-06-30 17:08:50,112 - DOMAIN DISCOVER
INFO 2021-06-30 17:08:50,113 - {
    "data": [
        {
            "{#DOMAINSSL}": "hujidi.com"
        }, 
        {
            "{#DOMAINSSL}": "pc.dianwoa.top"
        }, 
        {
            "{#DOMAINSSL}": "ying88888.com"
        }, 
        {
            "{#DOMAINSSL}": "eu2018.net"
        }, 
        {
            "{#DOMAINSSL}": "jin172.com"
        }, 
        {
            "{#DOMAINSSL}": "re.dianwoa.top"
        }, 
        {
            "{#DOMAINSSL}": "jsh521.com"
        }, 
        {
            "{#DOMAINSSL}": "www.jsh521.com"
        }, 
        {
            "{#DOMAINSSL}": "eu122.com"
        }, 
        {
            "{#DOMAINSSL}": "www.eu122.com"
        }, 
        {
            "{#DOMAINSSL}": "eu7799.com"
        }, 
        {
            "{#DOMAINSSL}": "www.eu7799.com"
        }, 
        {
            "{#DOMAINSSL}": "12golf.com"
        }, 
        {
            "{#DOMAINSSL}": "www.12golf.com"
        }, 
        {
            "{#DOMAINSSL}": "tochat333.com"
        }, 
        {
            "{#DOMAINSSL}": "www.wukongchat.com"
        }, 
        {
            "{#DOMAINSSL}": "www.wukongchat.com"
        }, 
        {
            "{#DOMAINSSL}": "www.eu590.com"
        }, 
        {
            "{#DOMAINSSL}": "eu590.com"
        }, 
        {
            "{#DOMAINSSL}": "wpc89.com"
        }, 
        {
            "{#DOMAINSSL}": "www.wpc89.com"
        }, 
        {
            "{#DOMAINSSL}": "jbl.live"
        }, 
        {
            "{#DOMAINSSL}": "www.jbl.live"
        }
    ]
}
DEBUG 2021-06-30 18:08:53,199 - ####################################################################################################
DEBUG 2021-06-30 18:08:53,204 - DOMAIN DISCOVER
INFO 2021-06-30 18:08:53,205 - {
    "data": [
        {
            "{#DOMAINSSL}": "hujidi.com"
        }, 
        {
            "{#DOMAINSSL}": "pc.dianwoa.top"
        }, 
        {
            "{#DOMAINSSL}": "ying88888.com"
        }, 
        {
            "{#DOMAINSSL}": "eu2018.net"
        }, 
        {
            "{#DOMAINSSL}": "jin172.com"
        }, 
        {
            "{#DOMAINSSL}": "re.dianwoa.top"
        }, 
        {
            "{#DOMAINSSL}": "jsh521.com"
        }, 
        {
            "{#DOMAINSSL}": "www.jsh521.com"
        }, 
        {
            "{#DOMAINSSL}": "eu122.com"
        }, 
        {
            "{#DOMAINSSL}": "www.eu122.com"
        }, 
        {
            "{#DOMAINSSL}": "eu7799.com"
        }, 
        {
            "{#DOMAINSSL}": "www.eu7799.com"
        }, 
        {
            "{#DOMAINSSL}": "12golf.com"
        }, 
        {
            "{#DOMAINSSL}": "www.12golf.com"
        }, 
        {
            "{#DOMAINSSL}": "tochat333.com"
        }, 
        {
            "{#DOMAINSSL}": "www.wukongchat.com"
        }, 
        {
            "{#DOMAINSSL}": "www.wukongchat.com"
        }, 
        {
            "{#DOMAINSSL}": "www.eu590.com"
        }, 
        {
            "{#DOMAINSSL}": "eu590.com"
        }, 
        {
            "{#DOMAINSSL}": "wpc89.com"
        }, 
        {
            "{#DOMAINSSL}": "www.wpc89.com"
        }, 
        {
            "{#DOMAINSSL}": "jbl.live"
        }, 
        {
            "{#DOMAINSSL}": "www.jbl.live"
        }
    ]
}
DEBUG 2021-06-30 19:08:50,353 - ####################################################################################################
DEBUG 2021-06-30 19:08:50,360 - DOMAIN DISCOVER
INFO 2021-06-30 19:08:50,360 - {
    "data": [
        {
            "{#DOMAINSSL}": "hujidi.com"
        }, 
        {
            "{#DOMAINSSL}": "pc.dianwoa.top"
        }, 
        {
            "{#DOMAINSSL}": "ying88888.com"
        }, 
        {
            "{#DOMAINSSL}": "eu2018.net"
        }, 
        {
            "{#DOMAINSSL}": "jin172.com"
        }, 
        {
            "{#DOMAINSSL}": "re.dianwoa.top"
        }, 
        {
            "{#DOMAINSSL}": "jsh521.com"
        }, 
        {
            "{#DOMAINSSL}": "www.jsh521.com"
        }, 
        {
            "{#DOMAINSSL}": "eu122.com"
        }, 
        {
            "{#DOMAINSSL}": "www.eu122.com"
        }, 
        {
            "{#DOMAINSSL}": "eu7799.com"
        }, 
        {
            "{#DOMAINSSL}": "www.eu7799.com"
        }, 
        {
            "{#DOMAINSSL}": "12golf.com"
        }, 
        {
            "{#DOMAINSSL}": "www.12golf.com"
        }, 
        {
            "{#DOMAINSSL}": "tochat333.com"
        }, 
        {
            "{#DOMAINSSL}": "www.wukongchat.com"
        }, 
        {
            "{#DOMAINSSL}": "www.wukongchat.com"
        }, 
        {
            "{#DOMAINSSL}": "www.eu590.com"
        }, 
        {
            "{#DOMAINSSL}": "eu590.com"
        }, 
        {
            "{#DOMAINSSL}": "wpc89.com"
        }, 
        {
            "{#DOMAINSSL}": "www.wpc89.com"
        }, 
        {
            "{#DOMAINSSL}": "jbl.live"
        }, 
        {
            "{#DOMAINSSL}": "www.jbl.live"
        }
    ]
}
DEBUG 2021-06-30 20:08:49,015 - ####################################################################################################
DEBUG 2021-06-30 20:08:49,022 - DOMAIN DISCOVER
INFO 2021-06-30 20:08:49,022 - {
    "data": [
        {
            "{#DOMAINSSL}": "hujidi.com"
        }, 
        {
            "{#DOMAINSSL}": "pc.dianwoa.top"
        }, 
        {
            "{#DOMAINSSL}": "ying88888.com"
        }, 
        {
            "{#DOMAINSSL}": "eu2018.net"
        }, 
        {
            "{#DOMAINSSL}": "jin172.com"
        }, 
        {
            "{#DOMAINSSL}": "re.dianwoa.top"
        }, 
        {
            "{#DOMAINSSL}": "jsh521.com"
        }, 
        {
            "{#DOMAINSSL}": "www.jsh521.com"
        }, 
        {
            "{#DOMAINSSL}": "eu122.com"
        }, 
        {
            "{#DOMAINSSL}": "www.eu122.com"
        }, 
        {
            "{#DOMAINSSL}": "eu7799.com"
        }, 
        {
            "{#DOMAINSSL}": "www.eu7799.com"
        }, 
        {
            "{#DOMAINSSL}": "12golf.com"
        }, 
        {
            "{#DOMAINSSL}": "www.12golf.com"
        }, 
        {
            "{#DOMAINSSL}": "tochat333.com"
        }, 
        {
            "{#DOMAINSSL}": "www.wukongchat.com"
        }, 
        {
            "{#DOMAINSSL}": "www.wukongchat.com"
        }, 
        {
            "{#DOMAINSSL}": "www.eu590.com"
        }, 
        {
            "{#DOMAINSSL}": "eu590.com"
        }, 
        {
            "{#DOMAINSSL}": "wpc89.com"
        }, 
        {
            "{#DOMAINSSL}": "www.wpc89.com"
        }, 
        {
            "{#DOMAINSSL}": "jbl.live"
        }, 
        {
            "{#DOMAINSSL}": "www.jbl.live"
        }
    ]
}
DEBUG 2021-06-30 21:08:49,841 - ####################################################################################################
DEBUG 2021-06-30 21:08:49,848 - DOMAIN DISCOVER
INFO 2021-06-30 21:08:49,849 - {
    "data": [
        {
            "{#DOMAINSSL}": "hujidi.com"
        }, 
        {
            "{#DOMAINSSL}": "pc.dianwoa.top"
        }, 
        {
            "{#DOMAINSSL}": "ying88888.com"
        }, 
        {
            "{#DOMAINSSL}": "eu2018.net"
        }, 
        {
            "{#DOMAINSSL}": "jin172.com"
        }, 
        {
            "{#DOMAINSSL}": "re.dianwoa.top"
        }, 
        {
            "{#DOMAINSSL}": "jsh521.com"
        }, 
        {
            "{#DOMAINSSL}": "www.jsh521.com"
        }, 
        {
            "{#DOMAINSSL}": "eu122.com"
        }, 
        {
            "{#DOMAINSSL}": "www.eu122.com"
        }, 
        {
            "{#DOMAINSSL}": "eu7799.com"
        }, 
        {
            "{#DOMAINSSL}": "www.eu7799.com"
        }, 
        {
            "{#DOMAINSSL}": "12golf.com"
        }, 
        {
            "{#DOMAINSSL}": "www.12golf.com"
        }, 
        {
            "{#DOMAINSSL}": "tochat333.com"
        }, 
        {
            "{#DOMAINSSL}": "www.wukongchat.com"
        }, 
        {
            "{#DOMAINSSL}": "www.wukongchat.com"
        }, 
        {
            "{#DOMAINSSL}": "www.eu590.com"
        }, 
        {
            "{#DOMAINSSL}": "eu590.com"
        }, 
        {
            "{#DOMAINSSL}": "wpc89.com"
        }, 
        {
            "{#DOMAINSSL}": "www.wpc89.com"
        }, 
        {
            "{#DOMAINSSL}": "jbl.live"
        }, 
        {
            "{#DOMAINSSL}": "www.jbl.live"
        }
    ]
}
DEBUG 2021-06-30 22:08:46,861 - ####################################################################################################
DEBUG 2021-06-30 22:08:46,867 - DOMAIN DISCOVER
INFO 2021-06-30 22:08:46,867 - {
    "data": [
        {
            "{#DOMAINSSL}": "hujidi.com"
        }, 
        {
            "{#DOMAINSSL}": "pc.dianwoa.top"
        }, 
        {
            "{#DOMAINSSL}": "ying88888.com"
        }, 
        {
            "{#DOMAINSSL}": "eu2018.net"
        }, 
        {
            "{#DOMAINSSL}": "jin172.com"
        }, 
        {
            "{#DOMAINSSL}": "re.dianwoa.top"
        }, 
        {
            "{#DOMAINSSL}": "jsh521.com"
        }, 
        {
            "{#DOMAINSSL}": "www.jsh521.com"
        }, 
        {
            "{#DOMAINSSL}": "eu122.com"
        }, 
        {
            "{#DOMAINSSL}": "www.eu122.com"
        }, 
        {
            "{#DOMAINSSL}": "eu7799.com"
        }, 
        {
            "{#DOMAINSSL}": "www.eu7799.com"
        }, 
        {
            "{#DOMAINSSL}": "12golf.com"
        }, 
        {
            "{#DOMAINSSL}": "www.12golf.com"
        }, 
        {
            "{#DOMAINSSL}": "tochat333.com"
        }, 
        {
            "{#DOMAINSSL}": "www.wukongchat.com"
        }, 
        {
            "{#DOMAINSSL}": "www.wukongchat.com"
        }, 
        {
            "{#DOMAINSSL}": "www.eu590.com"
        }, 
        {
            "{#DOMAINSSL}": "eu590.com"
        }, 
        {
            "{#DOMAINSSL}": "wpc89.com"
        }, 
        {
            "{#DOMAINSSL}": "www.wpc89.com"
        }, 
        {
            "{#DOMAINSSL}": "jbl.live"
        }, 
        {
            "{#DOMAINSSL}": "www.jbl.live"
        }
    ]
}
DEBUG 2021-06-30 23:08:52,616 - ####################################################################################################
DEBUG 2021-06-30 23:08:52,622 - DOMAIN DISCOVER
INFO 2021-06-30 23:08:52,622 - {
    "data": [
        {
            "{#DOMAINSSL}": "hujidi.com"
        }, 
        {
            "{#DOMAINSSL}": "pc.dianwoa.top"
        }, 
        {
            "{#DOMAINSSL}": "ying88888.com"
        }, 
        {
            "{#DOMAINSSL}": "eu2018.net"
        }, 
        {
            "{#DOMAINSSL}": "jin172.com"
        }, 
        {
            "{#DOMAINSSL}": "re.dianwoa.top"
        }, 
        {
            "{#DOMAINSSL}": "jsh521.com"
        }, 
        {
            "{#DOMAINSSL}": "www.jsh521.com"
        }, 
        {
            "{#DOMAINSSL}": "eu122.com"
        }, 
        {
            "{#DOMAINSSL}": "www.eu122.com"
        }, 
        {
            "{#DOMAINSSL}": "eu7799.com"
        }, 
        {
            "{#DOMAINSSL}": "www.eu7799.com"
        }, 
        {
            "{#DOMAINSSL}": "12golf.com"
        }, 
        {
            "{#DOMAINSSL}": "www.12golf.com"
        }, 
        {
            "{#DOMAINSSL}": "tochat333.com"
        }, 
        {
            "{#DOMAINSSL}": "www.wukongchat.com"
        }, 
        {
            "{#DOMAINSSL}": "www.wukongchat.com"
        }, 
        {
            "{#DOMAINSSL}": "www.eu590.com"
        }, 
        {
            "{#DOMAINSSL}": "eu590.com"
        }, 
        {
            "{#DOMAINSSL}": "wpc89.com"
        }, 
        {
            "{#DOMAINSSL}": "www.wpc89.com"
        }, 
        {
            "{#DOMAINSSL}": "jbl.live"
        }, 
        {
            "{#DOMAINSSL}": "www.jbl.live"
        }
    ]
}
