DEBUG 2021-06-15 00:08:47,164 - ####################################################################################################
DEBUG 2021-06-15 00:08:47,171 - DOMAIN DISCOVER
INFO 2021-06-15 00:08:47,171 - {
    "data": [
        {
            "{#DOMAINSSL}": "eu2018.net"
        }, 
        {
            "{#DOMAINSSL}": "bakh5.xshny.com"
        }, 
        {
            "{#DOMAINSSL}": "www.asiaroutes.com"
        }, 
        {
            "{#DOMAINSSL}": "www.asiaroutes.com"
        }
    ]
}
DEBUG 2021-06-15 01:08:49,523 - ####################################################################################################
DEBUG 2021-06-15 01:08:49,529 - DOMAIN DISCOVER
INFO 2021-06-15 01:08:49,529 - {
    "data": [
        {
            "{#DOMAINSSL}": "eu2018.net"
        }, 
        {
            "{#DOMAINSSL}": "bakh5.xshny.com"
        }, 
        {
            "{#DOMAINSSL}": "www.asiaroutes.com"
        }, 
        {
            "{#DOMAINSSL}": "www.asiaroutes.com"
        }
    ]
}
DEBUG 2021-06-15 02:08:47,774 - ####################################################################################################
DEBUG 2021-06-15 02:08:47,780 - DOMAIN DISCOVER
INFO 2021-06-15 02:08:47,781 - {
    "data": [
        {
            "{#DOMAINSSL}": "eu2018.net"
        }, 
        {
            "{#DOMAINSSL}": "bakh5.xshny.com"
        }, 
        {
            "{#DOMAINSSL}": "www.asiaroutes.com"
        }, 
        {
            "{#DOMAINSSL}": "www.asiaroutes.com"
        }
    ]
}
DEBUG 2021-06-15 03:08:46,910 - ####################################################################################################
DEBUG 2021-06-15 03:08:46,916 - DOMAIN DISCOVER
INFO 2021-06-15 03:08:46,916 - {
    "data": [
        {
            "{#DOMAINSSL}": "eu2018.net"
        }, 
        {
            "{#DOMAINSSL}": "bakh5.xshny.com"
        }, 
        {
            "{#DOMAINSSL}": "www.asiaroutes.com"
        }, 
        {
            "{#DOMAINSSL}": "www.asiaroutes.com"
        }
    ]
}
DEBUG 2021-06-15 04:08:46,270 - ####################################################################################################
DEBUG 2021-06-15 04:08:46,276 - DOMAIN DISCOVER
INFO 2021-06-15 04:08:46,276 - {
    "data": [
        {
            "{#DOMAINSSL}": "eu2018.net"
        }, 
        {
            "{#DOMAINSSL}": "bakh5.xshny.com"
        }, 
        {
            "{#DOMAINSSL}": "www.asiaroutes.com"
        }, 
        {
            "{#DOMAINSSL}": "www.asiaroutes.com"
        }
    ]
}
DEBUG 2021-06-15 05:08:47,839 - ####################################################################################################
DEBUG 2021-06-15 05:08:47,845 - DOMAIN DISCOVER
INFO 2021-06-15 05:08:47,845 - {
    "data": [
        {
            "{#DOMAINSSL}": "jin055.com"
        }, 
        {
            "{#DOMAINSSL}": "36516899.com"
        }, 
        {
            "{#DOMAINSSL}": "j66.me"
        }, 
        {
            "{#DOMAINSSL}": "j67.me"
        }, 
        {
            "{#DOMAINSSL}": "jinshihao.co"
        }, 
        {
            "{#DOMAINSSL}": "jin883.com"
        }, 
        {
            "{#DOMAINSSL}": "eu2018.net"
        }, 
        {
            "{#DOMAINSSL}": "bakh5.xshny.com"
        }, 
        {
            "{#DOMAINSSL}": "www.asiaroutes.com"
        }, 
        {
            "{#DOMAINSSL}": "www.asiaroutes.com"
        }
    ]
}
DEBUG 2021-06-15 06:08:48,728 - ####################################################################################################
DEBUG 2021-06-15 06:08:48,734 - DOMAIN DISCOVER
INFO 2021-06-15 06:08:48,735 - {
    "data": [
        {
            "{#DOMAINSSL}": "jsh222.net"
        }, 
        {
            "{#DOMAINSSL}": "byl5858.com"
        }, 
        {
            "{#DOMAINSSL}": "xbet087.com"
        }, 
        {
            "{#DOMAINSSL}": "eu2018.net"
        }, 
        {
            "{#DOMAINSSL}": "jiab168.com"
        }, 
        {
            "{#DOMAINSSL}": "bakh5.xshny.com"
        }, 
        {
            "{#DOMAINSSL}": "www.asiaroutes.com"
        }, 
        {
            "{#DOMAINSSL}": "www.eu511.com"
        }, 
        {
            "{#DOMAINSSL}": "www.asiaroutes.com"
        }
    ]
}
DEBUG 2021-06-15 07:08:46,652 - ####################################################################################################
DEBUG 2021-06-15 07:08:46,658 - DOMAIN DISCOVER
INFO 2021-06-15 07:08:46,658 - {
    "data": [
        {
            "{#DOMAINSSL}": "eu2018.net"
        }, 
        {
            "{#DOMAINSSL}": "bakh5.xshny.com"
        }, 
        {
            "{#DOMAINSSL}": "www.asiaroutes.com"
        }, 
        {
            "{#DOMAINSSL}": "www.asiaroutes.com"
        }
    ]
}
DEBUG 2021-06-15 08:08:46,823 - ####################################################################################################
DEBUG 2021-06-15 08:08:46,830 - DOMAIN DISCOVER
INFO 2021-06-15 08:08:46,830 - {
    "data": [
        {
            "{#DOMAINSSL}": "eu2018.net"
        }, 
        {
            "{#DOMAINSSL}": "bakh5.xshny.com"
        }, 
        {
            "{#DOMAINSSL}": "www.asiaroutes.com"
        }, 
        {
            "{#DOMAINSSL}": "www.asiaroutes.com"
        }
    ]
}
DEBUG 2021-06-15 09:08:48,299 - ####################################################################################################
DEBUG 2021-06-15 09:08:48,305 - DOMAIN DISCOVER
INFO 2021-06-15 09:08:48,305 - {
    "data": [
        {
            "{#DOMAINSSL}": "eu2018.net"
        }, 
        {
            "{#DOMAINSSL}": "bakh5.xshny.com"
        }, 
        {
            "{#DOMAINSSL}": "www.asiaroutes.com"
        }, 
        {
            "{#DOMAINSSL}": "www.asiaroutes.com"
        }
    ]
}
DEBUG 2021-06-15 10:08:48,322 - ####################################################################################################
DEBUG 2021-06-15 10:08:48,327 - DOMAIN DISCOVER
INFO 2021-06-15 10:08:48,328 - {
    "data": [
        {
            "{#DOMAINSSL}": "eu2018.net"
        }, 
        {
            "{#DOMAINSSL}": "bakh5.xshny.com"
        }, 
        {
            "{#DOMAINSSL}": "www.asiaroutes.com"
        }, 
        {
            "{#DOMAINSSL}": "www.asiaroutes.com"
        }
    ]
}
DEBUG 2021-06-15 11:08:45,580 - ####################################################################################################
DEBUG 2021-06-15 11:08:45,586 - DOMAIN DISCOVER
INFO 2021-06-15 11:08:45,587 - {
    "data": [
        {
            "{#DOMAINSSL}": "eu2018.net"
        }, 
        {
            "{#DOMAINSSL}": "bakh5.xshny.com"
        }, 
        {
            "{#DOMAINSSL}": "www.asiaroutes.com"
        }, 
        {
            "{#DOMAINSSL}": "www.asiaroutes.com"
        }
    ]
}
DEBUG 2021-06-15 12:08:48,079 - ####################################################################################################
DEBUG 2021-06-15 12:08:48,085 - DOMAIN DISCOVER
INFO 2021-06-15 12:08:48,086 - {
    "data": [
        {
            "{#DOMAINSSL}": "eu2018.net"
        }, 
        {
            "{#DOMAINSSL}": "bakh5.xshny.com"
        }, 
        {
            "{#DOMAINSSL}": "www.asiaroutes.com"
        }, 
        {
            "{#DOMAINSSL}": "www.asiaroutes.com"
        }
    ]
}
DEBUG 2021-06-15 13:08:48,200 - ####################################################################################################
DEBUG 2021-06-15 13:08:48,207 - DOMAIN DISCOVER
INFO 2021-06-15 13:08:48,207 - {
    "data": [
        {
            "{#DOMAINSSL}": "eu2018.net"
        }, 
        {
            "{#DOMAINSSL}": "bakh5.xshny.com"
        }, 
        {
            "{#DOMAINSSL}": "www.asiaroutes.com"
        }, 
        {
            "{#DOMAINSSL}": "www.asiaroutes.com"
        }
    ]
}
DEBUG 2021-06-15 14:08:47,543 - ####################################################################################################
DEBUG 2021-06-15 14:08:47,548 - DOMAIN DISCOVER
INFO 2021-06-15 14:08:47,548 - {
    "data": [
        {
            "{#DOMAINSSL}": "eu2018.net"
        }, 
        {
            "{#DOMAINSSL}": "bakh5.xshny.com"
        }, 
        {
            "{#DOMAINSSL}": "www.asiaroutes.com"
        }, 
        {
            "{#DOMAINSSL}": "www.asiaroutes.com"
        }
    ]
}
DEBUG 2021-06-15 15:08:45,787 - ####################################################################################################
DEBUG 2021-06-15 15:08:45,793 - DOMAIN DISCOVER
INFO 2021-06-15 15:08:45,794 - {
    "data": [
        {
            "{#DOMAINSSL}": "eu2018.net"
        }, 
        {
            "{#DOMAINSSL}": "bakh5.xshny.com"
        }, 
        {
            "{#DOMAINSSL}": "www.asiaroutes.com"
        }, 
        {
            "{#DOMAINSSL}": "www.asiaroutes.com"
        }
    ]
}
DEBUG 2021-06-15 16:08:45,867 - ####################################################################################################
DEBUG 2021-06-15 16:08:45,873 - DOMAIN DISCOVER
INFO 2021-06-15 16:08:45,873 - {
    "data": [
        {
            "{#DOMAINSSL}": "eu2018.net"
        }, 
        {
            "{#DOMAINSSL}": "bakh5.xshny.com"
        }, 
        {
            "{#DOMAINSSL}": "www.asiaroutes.com"
        }, 
        {
            "{#DOMAINSSL}": "www.asiaroutes.com"
        }
    ]
}
DEBUG 2021-06-15 17:08:49,848 - ####################################################################################################
DEBUG 2021-06-15 17:08:49,855 - DOMAIN DISCOVER
INFO 2021-06-15 17:08:49,855 - {
    "data": [
        {
            "{#DOMAINSSL}": "eu2018.net"
        }, 
        {
            "{#DOMAINSSL}": "bakh5.xshny.com"
        }, 
        {
            "{#DOMAINSSL}": "www.asiaroutes.com"
        }, 
        {
            "{#DOMAINSSL}": "www.asiaroutes.com"
        }
    ]
}
DEBUG 2021-06-15 18:08:49,210 - ####################################################################################################
DEBUG 2021-06-15 18:08:49,216 - DOMAIN DISCOVER
INFO 2021-06-15 18:08:49,217 - {
    "data": [
        {
            "{#DOMAINSSL}": "eu2018.net"
        }, 
        {
            "{#DOMAINSSL}": "bakh5.xshny.com"
        }, 
        {
            "{#DOMAINSSL}": "www.asiaroutes.com"
        }, 
        {
            "{#DOMAINSSL}": "www.asiaroutes.com"
        }
    ]
}
DEBUG 2021-06-15 19:08:47,425 - ####################################################################################################
DEBUG 2021-06-15 19:08:47,432 - DOMAIN DISCOVER
INFO 2021-06-15 19:08:47,433 - {
    "data": [
        {
            "{#DOMAINSSL}": "eu2018.net"
        }, 
        {
            "{#DOMAINSSL}": "bakh5.xshny.com"
        }, 
        {
            "{#DOMAINSSL}": "www.asiaroutes.com"
        }, 
        {
            "{#DOMAINSSL}": "www.asiaroutes.com"
        }
    ]
}
DEBUG 2021-06-15 20:08:46,287 - ####################################################################################################
DEBUG 2021-06-15 20:08:46,293 - DOMAIN DISCOVER
INFO 2021-06-15 20:08:46,293 - {
    "data": [
        {
            "{#DOMAINSSL}": "eu2018.net"
        }, 
        {
            "{#DOMAINSSL}": "bakh5.xshny.com"
        }, 
        {
            "{#DOMAINSSL}": "www.asiaroutes.com"
        }, 
        {
            "{#DOMAINSSL}": "www.asiaroutes.com"
        }
    ]
}
DEBUG 2021-06-15 21:08:47,657 - ####################################################################################################
DEBUG 2021-06-15 21:08:47,663 - DOMAIN DISCOVER
INFO 2021-06-15 21:08:47,664 - {
    "data": [
        {
            "{#DOMAINSSL}": "eu2018.net"
        }, 
        {
            "{#DOMAINSSL}": "bakh5.xshny.com"
        }, 
        {
            "{#DOMAINSSL}": "www.asiaroutes.com"
        }, 
        {
            "{#DOMAINSSL}": "www.asiaroutes.com"
        }
    ]
}
DEBUG 2021-06-15 22:08:47,492 - ####################################################################################################
DEBUG 2021-06-15 22:08:47,497 - DOMAIN DISCOVER
INFO 2021-06-15 22:08:47,498 - {
    "data": [
        {
            "{#DOMAINSSL}": "eu2018.net"
        }, 
        {
            "{#DOMAINSSL}": "bakh5.xshny.com"
        }, 
        {
            "{#DOMAINSSL}": "www.asiaroutes.com"
        }, 
        {
            "{#DOMAINSSL}": "www.asiaroutes.com"
        }
    ]
}
DEBUG 2021-06-15 23:08:46,571 - ####################################################################################################
DEBUG 2021-06-15 23:08:46,577 - DOMAIN DISCOVER
INFO 2021-06-15 23:08:46,577 - {
    "data": [
        {
            "{#DOMAINSSL}": "eu2018.net"
        }, 
        {
            "{#DOMAINSSL}": "bakh5.xshny.com"
        }, 
        {
            "{#DOMAINSSL}": "www.asiaroutes.com"
        }, 
        {
            "{#DOMAINSSL}": "www.asiaroutes.com"
        }
    ]
}
